[2024-12-10T17:01:40.943-0600] {local_task_job_runner.py:123} INFO - ::group::Pre task execution logs
[2024-12-10T17:01:40.953-0600] {taskinstance.py:2613} INFO - Dependencies all met for dep_context=non-requeueable deps ti=<TaskInstance: weather_etl.load scheduled__2024-12-09T00:00:00+00:00 [queued]>
[2024-12-10T17:01:40.958-0600] {taskinstance.py:2613} INFO - Dependencies all met for dep_context=requeueable deps ti=<TaskInstance: weather_etl.load scheduled__2024-12-09T00:00:00+00:00 [queued]>
[2024-12-10T17:01:40.958-0600] {taskinstance.py:2866} INFO - Starting attempt 1 of 2
[2024-12-10T17:01:40.972-0600] {taskinstance.py:2889} INFO - Executing <Task(PythonOperator): load> on 2024-12-09 00:00:00+00:00
[2024-12-10T17:01:40.975-0600] {standard_task_runner.py:72} INFO - Started process 854 to run task
[2024-12-10T17:01:40.978-0600] {standard_task_runner.py:104} INFO - Running: ['airflow', 'tasks', 'run', 'weather_etl', 'load', 'scheduled__2024-12-09T00:00:00+00:00', '--job-id', '8', '--raw', '--subdir', 'DAGS_FOLDER/weather_dag.py', '--cfg-path', '/tmp/tmp6gt2y7oc']
[2024-12-10T17:01:40.979-0600] {standard_task_runner.py:105} INFO - Job 8: Subtask load
[2024-12-10T17:01:41.017-0600] {task_command.py:467} INFO - Running <TaskInstance: weather_etl.load scheduled__2024-12-09T00:00:00+00:00 [running]> on host Shanmukhi.
[2024-12-10T17:01:41.079-0600] {taskinstance.py:3132} INFO - Exporting env vars: AIRFLOW_CTX_DAG_OWNER='airflow' AIRFLOW_CTX_DAG_ID='weather_etl' AIRFLOW_CTX_TASK_ID='load' AIRFLOW_CTX_EXECUTION_DATE='2024-12-09T00:00:00+00:00' AIRFLOW_CTX_TRY_NUMBER='1' AIRFLOW_CTX_DAG_RUN_ID='scheduled__2024-12-09T00:00:00+00:00'
[2024-12-10T17:01:41.081-0600] {logging_mixin.py:190} INFO - Task instance is in running state
[2024-12-10T17:01:41.081-0600] {logging_mixin.py:190} INFO -  Previous state of the Task instance: queued
[2024-12-10T17:01:41.081-0600] {logging_mixin.py:190} INFO - Current task name:load state:running start_date:2024-12-10 23:01:40.953837+00:00
[2024-12-10T17:01:41.081-0600] {logging_mixin.py:190} INFO - Dag name:weather_etl and current dag run status:running
[2024-12-10T17:01:41.082-0600] {taskinstance.py:731} INFO - ::endgroup::
[2024-12-10T17:01:41.192-0600] {logging_mixin.py:190} INFO - Successfully loaded 3 current weather records
[2024-12-10T17:01:41.193-0600] {logging_mixin.py:190} INFO - Successfully loaded 120 forecast records
[2024-12-10T17:01:41.193-0600] {python.py:240} INFO - Done. Returned value was: None
[2024-12-10T17:01:41.345-0600] {taskinstance.py:340} INFO - ::group::Post task execution logs
[2024-12-10T17:01:41.346-0600] {taskinstance.py:352} INFO - Marking task as SUCCESS. dag_id=weather_etl, task_id=load, run_id=scheduled__2024-12-09T00:00:00+00:00, execution_date=20241209T000000, start_date=20241210T230140, end_date=20241210T230141
[2024-12-10T17:01:41.357-0600] {logging_mixin.py:190} INFO - Task instance in success state
[2024-12-10T17:01:41.357-0600] {logging_mixin.py:190} INFO -  Previous state of the Task instance: running
[2024-12-10T17:01:41.357-0600] {logging_mixin.py:190} INFO - Dag name:weather_etl queued_at:2024-12-10 23:01:22.669840+00:00
[2024-12-10T17:01:41.357-0600] {logging_mixin.py:190} INFO - Task hostname:Shanmukhi. operator:PythonOperator
[2024-12-10T17:01:41.394-0600] {local_task_job_runner.py:266} INFO - Task exited with return code 0
[2024-12-10T17:01:41.404-0600] {taskinstance.py:3895} INFO - 0 downstream tasks scheduled from follow-on schedule check
[2024-12-10T17:01:41.404-0600] {local_task_job_runner.py:245} INFO - ::endgroup::
