[2024-12-10T18:17:01.108-0600] {local_task_job_runner.py:123} INFO - ::group::Pre task execution logs
[2024-12-10T18:17:01.113-0600] {taskinstance.py:2613} INFO - Dependencies all met for dep_context=non-requeueable deps ti=<TaskInstance: weather_etl.extract_transform manual__2024-12-11T00:16:58.344446+00:00 [queued]>
[2024-12-10T18:17:01.117-0600] {taskinstance.py:2613} INFO - Dependencies all met for dep_context=requeueable deps ti=<TaskInstance: weather_etl.extract_transform manual__2024-12-11T00:16:58.344446+00:00 [queued]>
[2024-12-10T18:17:01.117-0600] {taskinstance.py:2866} INFO - Starting attempt 1 of 2
[2024-12-10T18:17:01.129-0600] {taskinstance.py:2889} INFO - Executing <Task(PythonOperator): extract_transform> on 2024-12-11 00:16:58.344446+00:00
[2024-12-10T18:17:01.133-0600] {standard_task_runner.py:72} INFO - Started process 6290 to run task
[2024-12-10T18:17:01.135-0600] {standard_task_runner.py:104} INFO - Running: ['airflow', 'tasks', 'run', 'weather_etl', 'extract_transform', 'manual__2024-12-11T00:16:58.344446+00:00', '--job-id', '29', '--raw', '--subdir', 'DAGS_FOLDER/weather_dag.py', '--cfg-path', '/tmp/tmp5yw9dgk9']
[2024-12-10T18:17:01.136-0600] {standard_task_runner.py:105} INFO - Job 29: Subtask extract_transform
[2024-12-10T18:17:01.163-0600] {task_command.py:467} INFO - Running <TaskInstance: weather_etl.extract_transform manual__2024-12-11T00:16:58.344446+00:00 [running]> on host Shanmukhi.
[2024-12-10T18:17:01.209-0600] {taskinstance.py:3132} INFO - Exporting env vars: AIRFLOW_CTX_DAG_OWNER='airflow' AIRFLOW_CTX_DAG_ID='weather_etl' AIRFLOW_CTX_TASK_ID='extract_transform' AIRFLOW_CTX_EXECUTION_DATE='2024-12-11T00:16:58.344446+00:00' AIRFLOW_CTX_TRY_NUMBER='1' AIRFLOW_CTX_DAG_RUN_ID='manual__2024-12-11T00:16:58.344446+00:00'
[2024-12-10T18:17:01.210-0600] {logging_mixin.py:190} INFO - Task instance is in running state
[2024-12-10T18:17:01.210-0600] {logging_mixin.py:190} INFO -  Previous state of the Task instance: queued
[2024-12-10T18:17:01.211-0600] {logging_mixin.py:190} INFO - Current task name:extract_transform state:running start_date:2024-12-11 00:17:01.113812+00:00
[2024-12-10T18:17:01.211-0600] {logging_mixin.py:190} INFO - Dag name:weather_etl and current dag run status:running
[2024-12-10T18:17:01.211-0600] {taskinstance.py:731} INFO - ::endgroup::
[2024-12-10T18:17:01.211-0600] {weather_dag.py:58} INFO - Starting extract and transform process
[2024-12-10T18:17:02.011-0600] {weather_dag.py:65} INFO - Data extraction completed
[2024-12-10T18:17:02.083-0600] {weather_dag.py:69} INFO - Data transformation completed
[2024-12-10T18:17:02.088-0600] {python.py:240} INFO - Done. Returned value was: None
[2024-12-10T18:17:02.091-0600] {taskinstance.py:340} INFO - ::group::Post task execution logs
[2024-12-10T18:17:02.091-0600] {taskinstance.py:352} INFO - Marking task as SUCCESS. dag_id=weather_etl, task_id=extract_transform, run_id=manual__2024-12-11T00:16:58.344446+00:00, execution_date=20241211T001658, start_date=20241211T001701, end_date=20241211T001702
[2024-12-10T18:17:02.100-0600] {logging_mixin.py:190} INFO - Task instance in success state
[2024-12-10T18:17:02.100-0600] {logging_mixin.py:190} INFO -  Previous state of the Task instance: running
[2024-12-10T18:17:02.100-0600] {logging_mixin.py:190} INFO - Dag name:weather_etl queued_at:2024-12-11 00:16:58.356413+00:00
[2024-12-10T18:17:02.100-0600] {logging_mixin.py:190} INFO - Task hostname:Shanmukhi. operator:PythonOperator
[2024-12-10T18:17:02.116-0600] {local_task_job_runner.py:266} INFO - Task exited with return code 0
[2024-12-10T18:17:02.124-0600] {taskinstance.py:3895} INFO - 2 downstream tasks scheduled from follow-on schedule check
[2024-12-10T18:17:02.130-0600] {local_task_job_runner.py:245} INFO - ::endgroup::
