[2024-12-10T17:01:33.693-0600] {local_task_job_runner.py:123} INFO - ::group::Pre task execution logs
[2024-12-10T17:01:33.702-0600] {taskinstance.py:2613} INFO - Dependencies all met for dep_context=non-requeueable deps ti=<TaskInstance: weather_etl.transform scheduled__2024-12-09T00:00:00+00:00 [queued]>
[2024-12-10T17:01:33.706-0600] {taskinstance.py:2613} INFO - Dependencies all met for dep_context=requeueable deps ti=<TaskInstance: weather_etl.transform scheduled__2024-12-09T00:00:00+00:00 [queued]>
[2024-12-10T17:01:33.706-0600] {taskinstance.py:2866} INFO - Starting attempt 1 of 2
[2024-12-10T17:01:33.717-0600] {taskinstance.py:2889} INFO - Executing <Task(PythonOperator): transform> on 2024-12-09 00:00:00+00:00
[2024-12-10T17:01:33.721-0600] {standard_task_runner.py:72} INFO - Started process 829 to run task
[2024-12-10T17:01:33.723-0600] {standard_task_runner.py:104} INFO - Running: ['airflow', 'tasks', 'run', 'weather_etl', 'transform', 'scheduled__2024-12-09T00:00:00+00:00', '--job-id', '6', '--raw', '--subdir', 'DAGS_FOLDER/weather_dag.py', '--cfg-path', '/tmp/tmp1czpg91u']
[2024-12-10T17:01:33.724-0600] {standard_task_runner.py:105} INFO - Job 6: Subtask transform
[2024-12-10T17:01:33.770-0600] {task_command.py:467} INFO - Running <TaskInstance: weather_etl.transform scheduled__2024-12-09T00:00:00+00:00 [running]> on host Shanmukhi.
[2024-12-10T17:01:33.839-0600] {taskinstance.py:3132} INFO - Exporting env vars: AIRFLOW_CTX_DAG_OWNER='airflow' AIRFLOW_CTX_DAG_ID='weather_etl' AIRFLOW_CTX_TASK_ID='transform' AIRFLOW_CTX_EXECUTION_DATE='2024-12-09T00:00:00+00:00' AIRFLOW_CTX_TRY_NUMBER='1' AIRFLOW_CTX_DAG_RUN_ID='scheduled__2024-12-09T00:00:00+00:00'
[2024-12-10T17:01:33.841-0600] {logging_mixin.py:190} INFO - Task instance is in running state
[2024-12-10T17:01:33.841-0600] {logging_mixin.py:190} INFO -  Previous state of the Task instance: queued
[2024-12-10T17:01:33.841-0600] {logging_mixin.py:190} INFO - Current task name:transform state:running start_date:2024-12-10 23:01:33.702434+00:00
[2024-12-10T17:01:33.841-0600] {logging_mixin.py:190} INFO - Dag name:weather_etl and current dag run status:running
[2024-12-10T17:01:33.842-0600] {taskinstance.py:731} INFO - ::endgroup::
[2024-12-10T17:01:34.086-0600] {python.py:240} INFO - Done. Returned value was: None
[2024-12-10T17:01:34.090-0600] {taskinstance.py:340} INFO - ::group::Post task execution logs
[2024-12-10T17:01:34.091-0600] {taskinstance.py:352} INFO - Marking task as SUCCESS. dag_id=weather_etl, task_id=transform, run_id=scheduled__2024-12-09T00:00:00+00:00, execution_date=20241209T000000, start_date=20241210T230133, end_date=20241210T230134
[2024-12-10T17:01:34.101-0600] {logging_mixin.py:190} INFO - Task instance in success state
[2024-12-10T17:01:34.101-0600] {logging_mixin.py:190} INFO -  Previous state of the Task instance: running
[2024-12-10T17:01:34.101-0600] {logging_mixin.py:190} INFO - Dag name:weather_etl queued_at:2024-12-10 23:01:22.669840+00:00
[2024-12-10T17:01:34.102-0600] {logging_mixin.py:190} INFO - Task hostname:Shanmukhi. operator:PythonOperator
[2024-12-10T17:01:34.138-0600] {local_task_job_runner.py:266} INFO - Task exited with return code 0
[2024-12-10T17:01:34.149-0600] {taskinstance.py:3895} INFO - 1 downstream tasks scheduled from follow-on schedule check
[2024-12-10T17:01:34.154-0600] {local_task_job_runner.py:245} INFO - ::endgroup::
