[2024-12-10T18:07:33.714-0600] {local_task_job_runner.py:123} INFO - ::group::Pre task execution logs
[2024-12-10T18:07:33.718-0600] {taskinstance.py:2613} INFO - Dependencies all met for dep_context=non-requeueable deps ti=<TaskInstance: weather_etl.extract_transform manual__2024-12-11T00:02:27.910368+00:00 [queued]>
[2024-12-10T18:07:33.721-0600] {taskinstance.py:2613} INFO - Dependencies all met for dep_context=requeueable deps ti=<TaskInstance: weather_etl.extract_transform manual__2024-12-11T00:02:27.910368+00:00 [queued]>
[2024-12-10T18:07:33.722-0600] {taskinstance.py:2866} INFO - Starting attempt 2 of 2
[2024-12-10T18:07:33.733-0600] {taskinstance.py:2889} INFO - Executing <Task(PythonOperator): extract_transform> on 2024-12-11 00:02:27.910368+00:00
[2024-12-10T18:07:33.735-0600] {standard_task_runner.py:72} INFO - Started process 5693 to run task
[2024-12-10T18:07:33.737-0600] {standard_task_runner.py:104} INFO - Running: ['airflow', 'tasks', 'run', 'weather_etl', 'extract_transform', 'manual__2024-12-11T00:02:27.910368+00:00', '--job-id', '22', '--raw', '--subdir', 'DAGS_FOLDER/weather_dag.py', '--cfg-path', '/tmp/tmpofozo94t']
[2024-12-10T18:07:33.738-0600] {standard_task_runner.py:105} INFO - Job 22: Subtask extract_transform
[2024-12-10T18:07:33.763-0600] {task_command.py:467} INFO - Running <TaskInstance: weather_etl.extract_transform manual__2024-12-11T00:02:27.910368+00:00 [running]> on host Shanmukhi.
[2024-12-10T18:07:33.798-0600] {taskinstance.py:3132} INFO - Exporting env vars: AIRFLOW_CTX_DAG_OWNER='airflow' AIRFLOW_CTX_DAG_ID='weather_etl' AIRFLOW_CTX_TASK_ID='extract_transform' AIRFLOW_CTX_EXECUTION_DATE='2024-12-11T00:02:27.910368+00:00' AIRFLOW_CTX_TRY_NUMBER='2' AIRFLOW_CTX_DAG_RUN_ID='manual__2024-12-11T00:02:27.910368+00:00'
[2024-12-10T18:07:33.798-0600] {logging_mixin.py:190} INFO - Task instance is in running state
[2024-12-10T18:07:33.799-0600] {logging_mixin.py:190} INFO -  Previous state of the Task instance: queued
[2024-12-10T18:07:33.799-0600] {logging_mixin.py:190} INFO - Current task name:extract_transform state:running start_date:2024-12-11 00:07:33.719069+00:00
[2024-12-10T18:07:33.799-0600] {logging_mixin.py:190} INFO - Dag name:weather_etl and current dag run status:running
[2024-12-10T18:07:33.799-0600] {taskinstance.py:731} INFO - ::endgroup::
[2024-12-10T18:07:35.236-0600] {taskinstance.py:3311} ERROR - Task failed with exception
Traceback (most recent call last):
  File "/root/airflow_env/lib/python3.12/site-packages/airflow/models/taskinstance.py", line 767, in _execute_task
    result = _execute_callable(context=context, **execute_callable_kwargs)
             ^^^^^^^^^^^^^^^^^^^^^^^^^^^^^^^^^^^^^^^^^^^^^^^^^^^^^^^^^^^^^
  File "/root/airflow_env/lib/python3.12/site-packages/airflow/models/taskinstance.py", line 733, in _execute_callable
    return ExecutionCallableRunner(
           ^^^^^^^^^^^^^^^^^^^^^^^^
  File "/root/airflow_env/lib/python3.12/site-packages/airflow/utils/operator_helpers.py", line 252, in run
    return self.func(*args, **kwargs)
           ^^^^^^^^^^^^^^^^^^^^^^^^^^
  File "/root/airflow_env/lib/python3.12/site-packages/airflow/models/baseoperator.py", line 417, in wrapper
    return func(self, *args, **kwargs)
           ^^^^^^^^^^^^^^^^^^^^^^^^^^^
  File "/root/airflow_env/lib/python3.12/site-packages/airflow/operators/python.py", line 238, in execute
    return_value = self.execute_callable()
                   ^^^^^^^^^^^^^^^^^^^^^^^
  File "/root/airflow_env/lib/python3.12/site-packages/airflow/operators/python.py", line 256, in execute_callable
    return runner.run(*self.op_args, **self.op_kwargs)
           ^^^^^^^^^^^^^^^^^^^^^^^^^^^^^^^^^^^^^^^^^^^
  File "/root/airflow_env/lib/python3.12/site-packages/airflow/utils/operator_helpers.py", line 252, in run
    return self.func(*args, **kwargs)
           ^^^^^^^^^^^^^^^^^^^^^^^^^^
  File "/root/airflow/dags/weather_dag.py", line 51, in run_extract_transform
    context['task_instance'].xcom_push(key='current_df', value=current_df.to_json())
                                                               ^^^^^^^^^^^^^^^^^^^^
  File "/root/airflow_env/lib/python3.12/site-packages/pandas/util/_decorators.py", line 333, in wrapper
    return func(*args, **kwargs)
           ^^^^^^^^^^^^^^^^^^^^^
  File "/root/airflow_env/lib/python3.12/site-packages/pandas/core/generic.py", line 2702, in to_json
    return json.to_json(
           ^^^^^^^^^^^^^
  File "/root/airflow_env/lib/python3.12/site-packages/pandas/io/json/_json.py", line 200, in to_json
    s = writer(
        ^^^^^^^
  File "/root/airflow_env/lib/python3.12/site-packages/pandas/io/json/_json.py", line 256, in __init__
    self._format_axes()
  File "/root/airflow_env/lib/python3.12/site-packages/pandas/io/json/_json.py", line 312, in _format_axes
    raise ValueError(
ValueError: DataFrame index must be unique for orient='columns'.
[2024-12-10T18:07:35.241-0600] {logging_mixin.py:190} INFO - Task instance in failure state
[2024-12-10T18:07:35.241-0600] {logging_mixin.py:190} INFO - Task start:2024-12-11 00:07:33.719069+00:00 end:2024-12-11 00:07:35.240812+00:00 duration:1.521743
[2024-12-10T18:07:35.241-0600] {logging_mixin.py:190} INFO - Task:<Task(PythonOperator): extract_transform> dag:<DAG: weather_etl> dagrun:<DagRun weather_etl @ 2024-12-11 00:02:27.910368+00:00: manual__2024-12-11T00:02:27.910368+00:00, state:running, queued_at: 2024-12-11 00:02:27.919989+00:00. externally triggered: True>
[2024-12-10T18:07:35.241-0600] {logging_mixin.py:190} INFO - Failure caused by DataFrame index must be unique for orient='columns'.
[2024-12-10T18:07:35.241-0600] {taskinstance.py:1225} INFO - Marking task as FAILED. dag_id=weather_etl, task_id=extract_transform, run_id=manual__2024-12-11T00:02:27.910368+00:00, execution_date=20241211T000227, start_date=20241211T000733, end_date=20241211T000735
[2024-12-10T18:07:35.252-0600] {taskinstance.py:340} INFO - ::group::Post task execution logs
[2024-12-10T18:07:35.253-0600] {standard_task_runner.py:124} ERROR - Failed to execute job 22 for task extract_transform (DataFrame index must be unique for orient='columns'.; 5693)
Traceback (most recent call last):
  File "/root/airflow_env/lib/python3.12/site-packages/airflow/task/task_runner/standard_task_runner.py", line 117, in _start_by_fork
    ret = args.func(args, dag=self.dag)
          ^^^^^^^^^^^^^^^^^^^^^^^^^^^^^
  File "/root/airflow_env/lib/python3.12/site-packages/airflow/cli/cli_config.py", line 49, in command
    return func(*args, **kwargs)
           ^^^^^^^^^^^^^^^^^^^^^
  File "/root/airflow_env/lib/python3.12/site-packages/airflow/utils/cli.py", line 116, in wrapper
    return f(*args, **kwargs)
           ^^^^^^^^^^^^^^^^^^
  File "/root/airflow_env/lib/python3.12/site-packages/airflow/cli/commands/task_command.py", line 483, in task_run
    task_return_code = _run_task_by_selected_method(args, _dag, ti)
                       ^^^^^^^^^^^^^^^^^^^^^^^^^^^^^^^^^^^^^^^^^^^^
  File "/root/airflow_env/lib/python3.12/site-packages/airflow/cli/commands/task_command.py", line 256, in _run_task_by_selected_method
    return _run_raw_task(args, ti)
           ^^^^^^^^^^^^^^^^^^^^^^^
  File "/root/airflow_env/lib/python3.12/site-packages/airflow/cli/commands/task_command.py", line 341, in _run_raw_task
    return ti._run_raw_task(
           ^^^^^^^^^^^^^^^^^
  File "/root/airflow_env/lib/python3.12/site-packages/airflow/utils/session.py", line 97, in wrapper
    return func(*args, session=session, **kwargs)
           ^^^^^^^^^^^^^^^^^^^^^^^^^^^^^^^^^^^^^^
  File "/root/airflow_env/lib/python3.12/site-packages/airflow/models/taskinstance.py", line 3005, in _run_raw_task
    return _run_raw_task(
           ^^^^^^^^^^^^^^
  File "/root/airflow_env/lib/python3.12/site-packages/airflow/models/taskinstance.py", line 273, in _run_raw_task
    TaskInstance._execute_task_with_callbacks(
  File "/root/airflow_env/lib/python3.12/site-packages/airflow/models/taskinstance.py", line 3159, in _execute_task_with_callbacks
    result = self._execute_task(context, task_orig)
             ^^^^^^^^^^^^^^^^^^^^^^^^^^^^^^^^^^^^^^
  File "/root/airflow_env/lib/python3.12/site-packages/airflow/models/taskinstance.py", line 3183, in _execute_task
    return _execute_task(self, context, task_orig)
           ^^^^^^^^^^^^^^^^^^^^^^^^^^^^^^^^^^^^^^^
  File "/root/airflow_env/lib/python3.12/site-packages/airflow/models/taskinstance.py", line 767, in _execute_task
    result = _execute_callable(context=context, **execute_callable_kwargs)
             ^^^^^^^^^^^^^^^^^^^^^^^^^^^^^^^^^^^^^^^^^^^^^^^^^^^^^^^^^^^^^
  File "/root/airflow_env/lib/python3.12/site-packages/airflow/models/taskinstance.py", line 733, in _execute_callable
    return ExecutionCallableRunner(
           ^^^^^^^^^^^^^^^^^^^^^^^^
  File "/root/airflow_env/lib/python3.12/site-packages/airflow/utils/operator_helpers.py", line 252, in run
    return self.func(*args, **kwargs)
           ^^^^^^^^^^^^^^^^^^^^^^^^^^
  File "/root/airflow_env/lib/python3.12/site-packages/airflow/models/baseoperator.py", line 417, in wrapper
    return func(self, *args, **kwargs)
           ^^^^^^^^^^^^^^^^^^^^^^^^^^^
  File "/root/airflow_env/lib/python3.12/site-packages/airflow/operators/python.py", line 238, in execute
    return_value = self.execute_callable()
                   ^^^^^^^^^^^^^^^^^^^^^^^
  File "/root/airflow_env/lib/python3.12/site-packages/airflow/operators/python.py", line 256, in execute_callable
    return runner.run(*self.op_args, **self.op_kwargs)
           ^^^^^^^^^^^^^^^^^^^^^^^^^^^^^^^^^^^^^^^^^^^
  File "/root/airflow_env/lib/python3.12/site-packages/airflow/utils/operator_helpers.py", line 252, in run
    return self.func(*args, **kwargs)
           ^^^^^^^^^^^^^^^^^^^^^^^^^^
  File "/root/airflow/dags/weather_dag.py", line 51, in run_extract_transform
    context['task_instance'].xcom_push(key='current_df', value=current_df.to_json())
                                                               ^^^^^^^^^^^^^^^^^^^^
  File "/root/airflow_env/lib/python3.12/site-packages/pandas/util/_decorators.py", line 333, in wrapper
    return func(*args, **kwargs)
           ^^^^^^^^^^^^^^^^^^^^^
  File "/root/airflow_env/lib/python3.12/site-packages/pandas/core/generic.py", line 2702, in to_json
    return json.to_json(
           ^^^^^^^^^^^^^
  File "/root/airflow_env/lib/python3.12/site-packages/pandas/io/json/_json.py", line 200, in to_json
    s = writer(
        ^^^^^^^
  File "/root/airflow_env/lib/python3.12/site-packages/pandas/io/json/_json.py", line 256, in __init__
    self._format_axes()
  File "/root/airflow_env/lib/python3.12/site-packages/pandas/io/json/_json.py", line 312, in _format_axes
    raise ValueError(
ValueError: DataFrame index must be unique for orient='columns'.
[2024-12-10T18:07:35.284-0600] {local_task_job_runner.py:266} INFO - Task exited with return code 1
[2024-12-10T18:07:35.294-0600] {taskinstance.py:3895} INFO - 0 downstream tasks scheduled from follow-on schedule check
[2024-12-10T18:07:35.301-0600] {local_task_job_runner.py:245} INFO - ::endgroup::
