[2024-11-28T13:08:22.782-0600] {processor.py:186} INFO - Started process (PID=3249) to work on /root/airflow_env/lib/python3.12/site-packages/airflow/example_dags/plugins/decreasing_priority_weight_strategy.py
[2024-11-28T13:08:22.782-0600] {processor.py:914} INFO - Processing file /root/airflow_env/lib/python3.12/site-packages/airflow/example_dags/plugins/decreasing_priority_weight_strategy.py for tasks to queue
[2024-11-28T13:08:22.784-0600] {logging_mixin.py:190} INFO - [2024-11-28T13:08:22.783-0600] {dagbag.py:588} INFO - Filling up the DagBag from /root/airflow_env/lib/python3.12/site-packages/airflow/example_dags/plugins/decreasing_priority_weight_strategy.py
[2024-11-28T13:08:22.785-0600] {processor.py:927} WARNING - No viable dags retrieved from /root/airflow_env/lib/python3.12/site-packages/airflow/example_dags/plugins/decreasing_priority_weight_strategy.py
[2024-11-28T13:08:22.793-0600] {processor.py:208} INFO - Processing /root/airflow_env/lib/python3.12/site-packages/airflow/example_dags/plugins/decreasing_priority_weight_strategy.py took 0.014 seconds
[2024-11-28T13:09:19.285-0600] {processor.py:186} INFO - Started process (PID=3310) to work on /root/airflow_env/lib/python3.12/site-packages/airflow/example_dags/plugins/decreasing_priority_weight_strategy.py
[2024-11-28T13:09:19.287-0600] {processor.py:914} INFO - Processing file /root/airflow_env/lib/python3.12/site-packages/airflow/example_dags/plugins/decreasing_priority_weight_strategy.py for tasks to queue
[2024-11-28T13:09:19.288-0600] {logging_mixin.py:190} INFO - [2024-11-28T13:09:19.288-0600] {dagbag.py:588} INFO - Filling up the DagBag from /root/airflow_env/lib/python3.12/site-packages/airflow/example_dags/plugins/decreasing_priority_weight_strategy.py
[2024-11-28T13:09:19.290-0600] {processor.py:927} WARNING - No viable dags retrieved from /root/airflow_env/lib/python3.12/site-packages/airflow/example_dags/plugins/decreasing_priority_weight_strategy.py
[2024-11-28T13:09:19.297-0600] {processor.py:208} INFO - Processing /root/airflow_env/lib/python3.12/site-packages/airflow/example_dags/plugins/decreasing_priority_weight_strategy.py took 0.016 seconds
[2024-11-28T13:45:41.370-0600] {processor.py:186} INFO - Started process (PID=3710) to work on /root/airflow_env/lib/python3.12/site-packages/airflow/example_dags/plugins/decreasing_priority_weight_strategy.py
[2024-11-28T13:45:41.372-0600] {processor.py:914} INFO - Processing file /root/airflow_env/lib/python3.12/site-packages/airflow/example_dags/plugins/decreasing_priority_weight_strategy.py for tasks to queue
[2024-11-28T13:45:41.373-0600] {logging_mixin.py:190} INFO - [2024-11-28T13:45:41.373-0600] {dagbag.py:588} INFO - Filling up the DagBag from /root/airflow_env/lib/python3.12/site-packages/airflow/example_dags/plugins/decreasing_priority_weight_strategy.py
[2024-11-28T13:45:41.374-0600] {processor.py:927} WARNING - No viable dags retrieved from /root/airflow_env/lib/python3.12/site-packages/airflow/example_dags/plugins/decreasing_priority_weight_strategy.py
[2024-11-28T13:45:41.381-0600] {processor.py:208} INFO - Processing /root/airflow_env/lib/python3.12/site-packages/airflow/example_dags/plugins/decreasing_priority_weight_strategy.py took 0.014 seconds
[2024-11-28T13:46:36.717-0600] {processor.py:186} INFO - Started process (PID=3773) to work on /root/airflow_env/lib/python3.12/site-packages/airflow/example_dags/plugins/decreasing_priority_weight_strategy.py
[2024-11-28T13:46:36.720-0600] {processor.py:914} INFO - Processing file /root/airflow_env/lib/python3.12/site-packages/airflow/example_dags/plugins/decreasing_priority_weight_strategy.py for tasks to queue
[2024-11-28T13:46:36.721-0600] {logging_mixin.py:190} INFO - [2024-11-28T13:46:36.721-0600] {dagbag.py:588} INFO - Filling up the DagBag from /root/airflow_env/lib/python3.12/site-packages/airflow/example_dags/plugins/decreasing_priority_weight_strategy.py
[2024-11-28T13:46:36.722-0600] {processor.py:927} WARNING - No viable dags retrieved from /root/airflow_env/lib/python3.12/site-packages/airflow/example_dags/plugins/decreasing_priority_weight_strategy.py
[2024-11-28T13:46:36.729-0600] {processor.py:208} INFO - Processing /root/airflow_env/lib/python3.12/site-packages/airflow/example_dags/plugins/decreasing_priority_weight_strategy.py took 0.016 seconds
