[2024-11-28T13:08:23.599-0600] {processor.py:186} INFO - Started process (PID=3251) to work on /root/airflow_env/lib/python3.12/site-packages/airflow/example_dags/plugins/listener_plugin.py
[2024-11-28T13:08:23.600-0600] {processor.py:914} INFO - Processing file /root/airflow_env/lib/python3.12/site-packages/airflow/example_dags/plugins/listener_plugin.py for tasks to queue
[2024-11-28T13:08:23.601-0600] {logging_mixin.py:190} INFO - [2024-11-28T13:08:23.601-0600] {dagbag.py:588} INFO - Filling up the DagBag from /root/airflow_env/lib/python3.12/site-packages/airflow/example_dags/plugins/listener_plugin.py
[2024-11-28T13:08:23.602-0600] {processor.py:927} WARNING - No viable dags retrieved from /root/airflow_env/lib/python3.12/site-packages/airflow/example_dags/plugins/listener_plugin.py
[2024-11-28T13:08:23.611-0600] {processor.py:208} INFO - Processing /root/airflow_env/lib/python3.12/site-packages/airflow/example_dags/plugins/listener_plugin.py took 0.016 seconds
[2024-11-28T13:09:21.554-0600] {processor.py:186} INFO - Started process (PID=3312) to work on /root/airflow_env/lib/python3.12/site-packages/airflow/example_dags/plugins/listener_plugin.py
[2024-11-28T13:09:21.557-0600] {processor.py:914} INFO - Processing file /root/airflow_env/lib/python3.12/site-packages/airflow/example_dags/plugins/listener_plugin.py for tasks to queue
[2024-11-28T13:09:21.558-0600] {logging_mixin.py:190} INFO - [2024-11-28T13:09:21.558-0600] {dagbag.py:588} INFO - Filling up the DagBag from /root/airflow_env/lib/python3.12/site-packages/airflow/example_dags/plugins/listener_plugin.py
[2024-11-28T13:09:21.560-0600] {processor.py:927} WARNING - No viable dags retrieved from /root/airflow_env/lib/python3.12/site-packages/airflow/example_dags/plugins/listener_plugin.py
[2024-11-28T13:09:21.567-0600] {processor.py:208} INFO - Processing /root/airflow_env/lib/python3.12/site-packages/airflow/example_dags/plugins/listener_plugin.py took 0.016 seconds
[2024-11-28T13:45:43.646-0600] {processor.py:186} INFO - Started process (PID=3713) to work on /root/airflow_env/lib/python3.12/site-packages/airflow/example_dags/plugins/listener_plugin.py
[2024-11-28T13:45:43.649-0600] {processor.py:914} INFO - Processing file /root/airflow_env/lib/python3.12/site-packages/airflow/example_dags/plugins/listener_plugin.py for tasks to queue
[2024-11-28T13:45:43.650-0600] {logging_mixin.py:190} INFO - [2024-11-28T13:45:43.650-0600] {dagbag.py:588} INFO - Filling up the DagBag from /root/airflow_env/lib/python3.12/site-packages/airflow/example_dags/plugins/listener_plugin.py
[2024-11-28T13:45:43.652-0600] {processor.py:927} WARNING - No viable dags retrieved from /root/airflow_env/lib/python3.12/site-packages/airflow/example_dags/plugins/listener_plugin.py
[2024-11-28T13:45:43.660-0600] {processor.py:208} INFO - Processing /root/airflow_env/lib/python3.12/site-packages/airflow/example_dags/plugins/listener_plugin.py took 0.017 seconds
[2024-11-28T13:47:02.448-0600] {processor.py:186} INFO - Started process (PID=3807) to work on /root/airflow_env/lib/python3.12/site-packages/airflow/example_dags/plugins/listener_plugin.py
[2024-11-28T13:47:02.450-0600] {processor.py:914} INFO - Processing file /root/airflow_env/lib/python3.12/site-packages/airflow/example_dags/plugins/listener_plugin.py for tasks to queue
[2024-11-28T13:47:02.453-0600] {logging_mixin.py:190} INFO - [2024-11-28T13:47:02.453-0600] {dagbag.py:588} INFO - Filling up the DagBag from /root/airflow_env/lib/python3.12/site-packages/airflow/example_dags/plugins/listener_plugin.py
[2024-11-28T13:47:02.457-0600] {processor.py:927} WARNING - No viable dags retrieved from /root/airflow_env/lib/python3.12/site-packages/airflow/example_dags/plugins/listener_plugin.py
[2024-11-28T13:47:02.467-0600] {processor.py:208} INFO - Processing /root/airflow_env/lib/python3.12/site-packages/airflow/example_dags/plugins/listener_plugin.py took 0.024 seconds
