[2024-11-28T13:08:24.050-0600] {processor.py:186} INFO - Started process (PID=3252) to work on /root/airflow_env/lib/python3.12/site-packages/airflow/example_dags/plugins/workday.py
[2024-11-28T13:08:24.050-0600] {processor.py:914} INFO - Processing file /root/airflow_env/lib/python3.12/site-packages/airflow/example_dags/plugins/workday.py for tasks to queue
[2024-11-28T13:08:24.052-0600] {logging_mixin.py:190} INFO - [2024-11-28T13:08:24.051-0600] {dagbag.py:588} INFO - Filling up the DagBag from /root/airflow_env/lib/python3.12/site-packages/airflow/example_dags/plugins/workday.py
[2024-11-28T13:08:24.054-0600] {processor.py:927} WARNING - No viable dags retrieved from /root/airflow_env/lib/python3.12/site-packages/airflow/example_dags/plugins/workday.py
[2024-11-28T13:08:24.062-0600] {processor.py:208} INFO - Processing /root/airflow_env/lib/python3.12/site-packages/airflow/example_dags/plugins/workday.py took 0.017 seconds
[2024-11-28T13:09:22.141-0600] {processor.py:186} INFO - Started process (PID=3313) to work on /root/airflow_env/lib/python3.12/site-packages/airflow/example_dags/plugins/workday.py
[2024-11-28T13:09:22.143-0600] {processor.py:914} INFO - Processing file /root/airflow_env/lib/python3.12/site-packages/airflow/example_dags/plugins/workday.py for tasks to queue
[2024-11-28T13:09:22.145-0600] {logging_mixin.py:190} INFO - [2024-11-28T13:09:22.144-0600] {dagbag.py:588} INFO - Filling up the DagBag from /root/airflow_env/lib/python3.12/site-packages/airflow/example_dags/plugins/workday.py
[2024-11-28T13:09:22.147-0600] {processor.py:927} WARNING - No viable dags retrieved from /root/airflow_env/lib/python3.12/site-packages/airflow/example_dags/plugins/workday.py
[2024-11-28T13:09:22.155-0600] {processor.py:208} INFO - Processing /root/airflow_env/lib/python3.12/site-packages/airflow/example_dags/plugins/workday.py took 0.017 seconds
[2024-11-28T13:45:44.778-0600] {processor.py:186} INFO - Started process (PID=3716) to work on /root/airflow_env/lib/python3.12/site-packages/airflow/example_dags/plugins/workday.py
[2024-11-28T13:45:44.780-0600] {processor.py:914} INFO - Processing file /root/airflow_env/lib/python3.12/site-packages/airflow/example_dags/plugins/workday.py for tasks to queue
[2024-11-28T13:45:44.781-0600] {logging_mixin.py:190} INFO - [2024-11-28T13:45:44.781-0600] {dagbag.py:588} INFO - Filling up the DagBag from /root/airflow_env/lib/python3.12/site-packages/airflow/example_dags/plugins/workday.py
[2024-11-28T13:45:44.783-0600] {processor.py:927} WARNING - No viable dags retrieved from /root/airflow_env/lib/python3.12/site-packages/airflow/example_dags/plugins/workday.py
[2024-11-28T13:45:44.790-0600] {processor.py:208} INFO - Processing /root/airflow_env/lib/python3.12/site-packages/airflow/example_dags/plugins/workday.py took 0.016 seconds
[2024-11-28T13:47:03.597-0600] {processor.py:186} INFO - Started process (PID=3808) to work on /root/airflow_env/lib/python3.12/site-packages/airflow/example_dags/plugins/workday.py
[2024-11-28T13:47:03.599-0600] {processor.py:914} INFO - Processing file /root/airflow_env/lib/python3.12/site-packages/airflow/example_dags/plugins/workday.py for tasks to queue
[2024-11-28T13:47:03.600-0600] {logging_mixin.py:190} INFO - [2024-11-28T13:47:03.600-0600] {dagbag.py:588} INFO - Filling up the DagBag from /root/airflow_env/lib/python3.12/site-packages/airflow/example_dags/plugins/workday.py
[2024-11-28T13:47:03.602-0600] {processor.py:927} WARNING - No viable dags retrieved from /root/airflow_env/lib/python3.12/site-packages/airflow/example_dags/plugins/workday.py
[2024-11-28T13:47:03.609-0600] {processor.py:208} INFO - Processing /root/airflow_env/lib/python3.12/site-packages/airflow/example_dags/plugins/workday.py took 0.015 seconds
