[2024-12-10T18:18:31.182-0600] {local_task_job_runner.py:123} INFO - ::group::Pre task execution logs
[2024-12-10T18:18:31.188-0600] {taskinstance.py:2613} INFO - Dependencies all met for dep_context=non-requeueable deps ti=<TaskInstance: weather_etl.load manual__2024-12-11T00:13:15.730869+00:00 [queued]>
[2024-12-10T18:18:31.192-0600] {taskinstance.py:2613} INFO - Dependencies all met for dep_context=requeueable deps ti=<TaskInstance: weather_etl.load manual__2024-12-11T00:13:15.730869+00:00 [queued]>
[2024-12-10T18:18:31.192-0600] {taskinstance.py:2866} INFO - Starting attempt 1 of 2
[2024-12-10T18:18:31.204-0600] {taskinstance.py:2889} INFO - Executing <Task(PythonOperator): load> on 2024-12-11 00:13:15.730869+00:00
[2024-12-10T18:18:31.207-0600] {standard_task_runner.py:72} INFO - Started process 6611 to run task
[2024-12-10T18:18:31.209-0600] {standard_task_runner.py:104} INFO - Running: ['airflow', 'tasks', 'run', 'weather_etl', 'load', 'manual__2024-12-11T00:13:15.730869+00:00', '--job-id', '34', '--raw', '--subdir', 'DAGS_FOLDER/weather_dag.py', '--cfg-path', '/tmp/tmp49a760ao']
[2024-12-10T18:18:31.209-0600] {standard_task_runner.py:105} INFO - Job 34: Subtask load
[2024-12-10T18:18:31.237-0600] {task_command.py:467} INFO - Running <TaskInstance: weather_etl.load manual__2024-12-11T00:13:15.730869+00:00 [running]> on host Shanmukhi.
[2024-12-10T18:18:31.281-0600] {taskinstance.py:3132} INFO - Exporting env vars: AIRFLOW_CTX_DAG_OWNER='airflow' AIRFLOW_CTX_DAG_ID='weather_etl' AIRFLOW_CTX_TASK_ID='load' AIRFLOW_CTX_EXECUTION_DATE='2024-12-11T00:13:15.730869+00:00' AIRFLOW_CTX_TRY_NUMBER='1' AIRFLOW_CTX_DAG_RUN_ID='manual__2024-12-11T00:13:15.730869+00:00'
[2024-12-10T18:18:31.282-0600] {logging_mixin.py:190} INFO - Task instance is in running state
[2024-12-10T18:18:31.282-0600] {logging_mixin.py:190} INFO -  Previous state of the Task instance: queued
[2024-12-10T18:18:31.282-0600] {logging_mixin.py:190} INFO - Current task name:load state:running start_date:2024-12-11 00:18:31.188424+00:00
[2024-12-10T18:18:31.282-0600] {logging_mixin.py:190} INFO - Dag name:weather_etl and current dag run status:running
[2024-12-10T18:18:31.283-0600] {taskinstance.py:731} INFO - ::endgroup::
[2024-12-10T18:18:31.283-0600] {weather_dag.py:112} INFO - Starting load process
[2024-12-10T18:18:31.353-0600] {logging_mixin.py:190} INFO - Successfully loaded 3 current weather records
[2024-12-10T18:18:31.353-0600] {logging_mixin.py:190} INFO - Successfully loaded 120 forecast records
[2024-12-10T18:18:31.353-0600] {weather_dag.py:125} INFO - Data loaded to database successfully
[2024-12-10T18:18:31.353-0600] {python.py:240} INFO - Done. Returned value was: None
[2024-12-10T18:18:31.356-0600] {taskinstance.py:340} INFO - ::group::Post task execution logs
[2024-12-10T18:18:31.357-0600] {taskinstance.py:352} INFO - Marking task as SUCCESS. dag_id=weather_etl, task_id=load, run_id=manual__2024-12-11T00:13:15.730869+00:00, execution_date=20241211T001315, start_date=20241211T001831, end_date=20241211T001831
[2024-12-10T18:18:31.366-0600] {logging_mixin.py:190} INFO - Task instance in success state
[2024-12-10T18:18:31.366-0600] {logging_mixin.py:190} INFO -  Previous state of the Task instance: running
[2024-12-10T18:18:31.367-0600] {logging_mixin.py:190} INFO - Dag name:weather_etl queued_at:2024-12-11 00:13:15.741085+00:00
[2024-12-10T18:18:31.367-0600] {logging_mixin.py:190} INFO - Task hostname:Shanmukhi. operator:PythonOperator
[2024-12-10T18:18:31.383-0600] {local_task_job_runner.py:266} INFO - Task exited with return code 0
[2024-12-10T18:18:31.389-0600] {taskinstance.py:3895} INFO - 0 downstream tasks scheduled from follow-on schedule check
[2024-12-10T18:18:31.390-0600] {local_task_job_runner.py:245} INFO - ::endgroup::
