[2024-12-10T18:18:27.103-0600] {local_task_job_runner.py:123} INFO - ::group::Pre task execution logs
[2024-12-10T18:18:27.112-0600] {taskinstance.py:2613} INFO - Dependencies all met for dep_context=non-requeueable deps ti=<TaskInstance: weather_etl.visualize manual__2024-12-11T00:13:15.730869+00:00 [queued]>
[2024-12-10T18:18:27.118-0600] {taskinstance.py:2613} INFO - Dependencies all met for dep_context=requeueable deps ti=<TaskInstance: weather_etl.visualize manual__2024-12-11T00:13:15.730869+00:00 [queued]>
[2024-12-10T18:18:27.118-0600] {taskinstance.py:2866} INFO - Starting attempt 1 of 2
[2024-12-10T18:18:27.135-0600] {taskinstance.py:2889} INFO - Executing <Task(PythonOperator): visualize> on 2024-12-11 00:13:15.730869+00:00
[2024-12-10T18:18:27.140-0600] {standard_task_runner.py:72} INFO - Started process 6600 to run task
[2024-12-10T18:18:27.143-0600] {standard_task_runner.py:104} INFO - Running: ['airflow', 'tasks', 'run', 'weather_etl', 'visualize', 'manual__2024-12-11T00:13:15.730869+00:00', '--job-id', '33', '--raw', '--subdir', 'DAGS_FOLDER/weather_dag.py', '--cfg-path', '/tmp/tmp9s518qqe']
[2024-12-10T18:18:27.143-0600] {standard_task_runner.py:105} INFO - Job 33: Subtask visualize
[2024-12-10T18:18:27.173-0600] {task_command.py:467} INFO - Running <TaskInstance: weather_etl.visualize manual__2024-12-11T00:13:15.730869+00:00 [running]> on host Shanmukhi.
[2024-12-10T18:18:27.225-0600] {taskinstance.py:3132} INFO - Exporting env vars: AIRFLOW_CTX_DAG_OWNER='airflow' AIRFLOW_CTX_DAG_ID='weather_etl' AIRFLOW_CTX_TASK_ID='visualize' AIRFLOW_CTX_EXECUTION_DATE='2024-12-11T00:13:15.730869+00:00' AIRFLOW_CTX_TRY_NUMBER='1' AIRFLOW_CTX_DAG_RUN_ID='manual__2024-12-11T00:13:15.730869+00:00'
[2024-12-10T18:18:27.226-0600] {logging_mixin.py:190} INFO - Task instance is in running state
[2024-12-10T18:18:27.226-0600] {logging_mixin.py:190} INFO -  Previous state of the Task instance: queued
[2024-12-10T18:18:27.226-0600] {logging_mixin.py:190} INFO - Current task name:visualize state:running start_date:2024-12-11 00:18:27.113217+00:00
[2024-12-10T18:18:27.226-0600] {logging_mixin.py:190} INFO - Dag name:weather_etl and current dag run status:running
[2024-12-10T18:18:27.226-0600] {taskinstance.py:731} INFO - ::endgroup::
[2024-12-10T18:18:27.227-0600] {weather_dag.py:85} INFO - Starting visualization process
[2024-12-10T18:18:27.370-0600] {category.py:223} INFO - Using categorical units to plot a list of strings that are all parsable as floats or dates. If these strings should be plotted as numbers, cast to the appropriate data type before plotting.
[2024-12-10T18:18:27.372-0600] {category.py:223} INFO - Using categorical units to plot a list of strings that are all parsable as floats or dates. If these strings should be plotted as numbers, cast to the appropriate data type before plotting.
[2024-12-10T18:18:27.374-0600] {category.py:223} INFO - Using categorical units to plot a list of strings that are all parsable as floats or dates. If these strings should be plotted as numbers, cast to the appropriate data type before plotting.
[2024-12-10T18:18:27.376-0600] {category.py:223} INFO - Using categorical units to plot a list of strings that are all parsable as floats or dates. If these strings should be plotted as numbers, cast to the appropriate data type before plotting.
[2024-12-10T18:18:27.378-0600] {category.py:223} INFO - Using categorical units to plot a list of strings that are all parsable as floats or dates. If these strings should be plotted as numbers, cast to the appropriate data type before plotting.
[2024-12-10T18:18:27.379-0600] {category.py:223} INFO - Using categorical units to plot a list of strings that are all parsable as floats or dates. If these strings should be plotted as numbers, cast to the appropriate data type before plotting.
[2024-12-10T18:18:27.917-0600] {category.py:223} INFO - Using categorical units to plot a list of strings that are all parsable as floats or dates. If these strings should be plotted as numbers, cast to the appropriate data type before plotting.
[2024-12-10T18:18:27.919-0600] {category.py:223} INFO - Using categorical units to plot a list of strings that are all parsable as floats or dates. If these strings should be plotted as numbers, cast to the appropriate data type before plotting.
[2024-12-10T18:18:27.921-0600] {category.py:223} INFO - Using categorical units to plot a list of strings that are all parsable as floats or dates. If these strings should be plotted as numbers, cast to the appropriate data type before plotting.
[2024-12-10T18:18:27.924-0600] {category.py:223} INFO - Using categorical units to plot a list of strings that are all parsable as floats or dates. If these strings should be plotted as numbers, cast to the appropriate data type before plotting.
[2024-12-10T18:18:27.925-0600] {category.py:223} INFO - Using categorical units to plot a list of strings that are all parsable as floats or dates. If these strings should be plotted as numbers, cast to the appropriate data type before plotting.
[2024-12-10T18:18:27.927-0600] {category.py:223} INFO - Using categorical units to plot a list of strings that are all parsable as floats or dates. If these strings should be plotted as numbers, cast to the appropriate data type before plotting.
[2024-12-10T18:18:28.299-0600] {logging_mixin.py:190} INFO - Visualizations created successfully
[2024-12-10T18:18:28.299-0600] {python.py:240} INFO - Done. Returned value was: None
[2024-12-10T18:18:28.302-0600] {taskinstance.py:340} INFO - ::group::Post task execution logs
[2024-12-10T18:18:28.302-0600] {taskinstance.py:352} INFO - Marking task as SUCCESS. dag_id=weather_etl, task_id=visualize, run_id=manual__2024-12-11T00:13:15.730869+00:00, execution_date=20241211T001315, start_date=20241211T001827, end_date=20241211T001828
[2024-12-10T18:18:28.311-0600] {logging_mixin.py:190} INFO - Task instance in success state
[2024-12-10T18:18:28.311-0600] {logging_mixin.py:190} INFO -  Previous state of the Task instance: running
[2024-12-10T18:18:28.311-0600] {logging_mixin.py:190} INFO - Dag name:weather_etl queued_at:2024-12-11 00:13:15.741085+00:00
[2024-12-10T18:18:28.311-0600] {logging_mixin.py:190} INFO - Task hostname:Shanmukhi. operator:PythonOperator
[2024-12-10T18:18:28.322-0600] {local_task_job_runner.py:266} INFO - Task exited with return code 0
[2024-12-10T18:18:28.328-0600] {taskinstance.py:3895} INFO - 0 downstream tasks scheduled from follow-on schedule check
[2024-12-10T18:18:28.329-0600] {local_task_job_runner.py:245} INFO - ::endgroup::
