[2024-12-10T17:00:12.190-0600] {processor.py:186} INFO - Started process (PID=704) to work on /root/airflow_env/lib/python3.12/site-packages/airflow/example_dags/example_python_operator.py
[2024-12-10T17:00:12.190-0600] {processor.py:914} INFO - Processing file /root/airflow_env/lib/python3.12/site-packages/airflow/example_dags/example_python_operator.py for tasks to queue
[2024-12-10T17:00:12.192-0600] {logging_mixin.py:190} INFO - [2024-12-10T17:00:12.192-0600] {dagbag.py:588} INFO - Filling up the DagBag from /root/airflow_env/lib/python3.12/site-packages/airflow/example_dags/example_python_operator.py
[2024-12-10T17:00:12.225-0600] {logging_mixin.py:190} INFO - [2024-12-10T17:00:12.225-0600] {example_python_operator.py:93} WARNING - The virtalenv_python example task requires virtualenv, please install it.
[2024-12-10T17:00:12.227-0600] {processor.py:925} INFO - DAG(s) 'example_python_operator' retrieved from /root/airflow_env/lib/python3.12/site-packages/airflow/example_dags/example_python_operator.py
[2024-12-10T17:00:12.242-0600] {logging_mixin.py:190} INFO - [2024-12-10T17:00:12.242-0600] {dag.py:3239} INFO - Sync 1 DAGs
[2024-12-10T17:00:12.250-0600] {logging_mixin.py:190} INFO - [2024-12-10T17:00:12.250-0600] {dag.py:4180} INFO - Setting next_dagrun for example_python_operator to None, run_after=None
[2024-12-10T17:00:12.269-0600] {processor.py:208} INFO - Processing /root/airflow_env/lib/python3.12/site-packages/airflow/example_dags/example_python_operator.py took 0.083 seconds
[2024-12-10T17:01:07.786-0600] {processor.py:186} INFO - Started process (PID=774) to work on /root/airflow_env/lib/python3.12/site-packages/airflow/example_dags/example_python_operator.py
[2024-12-10T17:01:07.788-0600] {processor.py:914} INFO - Processing file /root/airflow_env/lib/python3.12/site-packages/airflow/example_dags/example_python_operator.py for tasks to queue
[2024-12-10T17:01:07.790-0600] {logging_mixin.py:190} INFO - [2024-12-10T17:01:07.790-0600] {dagbag.py:588} INFO - Filling up the DagBag from /root/airflow_env/lib/python3.12/site-packages/airflow/example_dags/example_python_operator.py
[2024-12-10T17:01:07.820-0600] {logging_mixin.py:190} INFO - [2024-12-10T17:01:07.820-0600] {example_python_operator.py:93} WARNING - The virtalenv_python example task requires virtualenv, please install it.
[2024-12-10T17:01:07.823-0600] {processor.py:925} INFO - DAG(s) 'example_python_operator' retrieved from /root/airflow_env/lib/python3.12/site-packages/airflow/example_dags/example_python_operator.py
[2024-12-10T17:01:07.841-0600] {logging_mixin.py:190} INFO - [2024-12-10T17:01:07.841-0600] {dag.py:3239} INFO - Sync 1 DAGs
[2024-12-10T17:01:07.855-0600] {logging_mixin.py:190} INFO - [2024-12-10T17:01:07.855-0600] {dag.py:4180} INFO - Setting next_dagrun for example_python_operator to None, run_after=None
[2024-12-10T17:01:07.876-0600] {processor.py:208} INFO - Processing /root/airflow_env/lib/python3.12/site-packages/airflow/example_dags/example_python_operator.py took 0.096 seconds
[2024-12-10T17:02:22.604-0600] {processor.py:186} INFO - Started process (PID=910) to work on /root/airflow_env/lib/python3.12/site-packages/airflow/example_dags/example_python_operator.py
[2024-12-10T17:02:22.605-0600] {processor.py:914} INFO - Processing file /root/airflow_env/lib/python3.12/site-packages/airflow/example_dags/example_python_operator.py for tasks to queue
[2024-12-10T17:02:22.607-0600] {logging_mixin.py:190} INFO - [2024-12-10T17:02:22.606-0600] {dagbag.py:588} INFO - Filling up the DagBag from /root/airflow_env/lib/python3.12/site-packages/airflow/example_dags/example_python_operator.py
[2024-12-10T17:02:22.631-0600] {logging_mixin.py:190} INFO - [2024-12-10T17:02:22.630-0600] {example_python_operator.py:93} WARNING - The virtalenv_python example task requires virtualenv, please install it.
[2024-12-10T17:02:22.633-0600] {processor.py:925} INFO - DAG(s) 'example_python_operator' retrieved from /root/airflow_env/lib/python3.12/site-packages/airflow/example_dags/example_python_operator.py
[2024-12-10T17:02:22.645-0600] {logging_mixin.py:190} INFO - [2024-12-10T17:02:22.645-0600] {dag.py:3239} INFO - Sync 1 DAGs
[2024-12-10T17:02:22.655-0600] {logging_mixin.py:190} INFO - [2024-12-10T17:02:22.655-0600] {dag.py:4180} INFO - Setting next_dagrun for example_python_operator to None, run_after=None
[2024-12-10T17:02:22.674-0600] {processor.py:208} INFO - Processing /root/airflow_env/lib/python3.12/site-packages/airflow/example_dags/example_python_operator.py took 0.074 seconds
[2024-12-10T17:03:19.676-0600] {processor.py:186} INFO - Started process (PID=981) to work on /root/airflow_env/lib/python3.12/site-packages/airflow/example_dags/example_python_operator.py
[2024-12-10T17:03:19.677-0600] {processor.py:914} INFO - Processing file /root/airflow_env/lib/python3.12/site-packages/airflow/example_dags/example_python_operator.py for tasks to queue
[2024-12-10T17:03:19.679-0600] {logging_mixin.py:190} INFO - [2024-12-10T17:03:19.679-0600] {dagbag.py:588} INFO - Filling up the DagBag from /root/airflow_env/lib/python3.12/site-packages/airflow/example_dags/example_python_operator.py
[2024-12-10T17:03:19.713-0600] {logging_mixin.py:190} INFO - [2024-12-10T17:03:19.713-0600] {example_python_operator.py:93} WARNING - The virtalenv_python example task requires virtualenv, please install it.
[2024-12-10T17:03:19.715-0600] {processor.py:925} INFO - DAG(s) 'example_python_operator' retrieved from /root/airflow_env/lib/python3.12/site-packages/airflow/example_dags/example_python_operator.py
[2024-12-10T17:03:19.729-0600] {logging_mixin.py:190} INFO - [2024-12-10T17:03:19.728-0600] {dag.py:3239} INFO - Sync 1 DAGs
[2024-12-10T17:03:19.739-0600] {logging_mixin.py:190} INFO - [2024-12-10T17:03:19.738-0600] {dag.py:4180} INFO - Setting next_dagrun for example_python_operator to None, run_after=None
[2024-12-10T17:03:19.758-0600] {processor.py:208} INFO - Processing /root/airflow_env/lib/python3.12/site-packages/airflow/example_dags/example_python_operator.py took 0.086 seconds
[2024-12-10T17:04:11.614-0600] {processor.py:186} INFO - Started process (PID=1043) to work on /root/airflow_env/lib/python3.12/site-packages/airflow/example_dags/example_python_operator.py
[2024-12-10T17:04:11.615-0600] {processor.py:914} INFO - Processing file /root/airflow_env/lib/python3.12/site-packages/airflow/example_dags/example_python_operator.py for tasks to queue
[2024-12-10T17:04:11.617-0600] {logging_mixin.py:190} INFO - [2024-12-10T17:04:11.617-0600] {dagbag.py:588} INFO - Filling up the DagBag from /root/airflow_env/lib/python3.12/site-packages/airflow/example_dags/example_python_operator.py
[2024-12-10T17:04:11.649-0600] {logging_mixin.py:190} INFO - [2024-12-10T17:04:11.649-0600] {example_python_operator.py:93} WARNING - The virtalenv_python example task requires virtualenv, please install it.
[2024-12-10T17:04:11.651-0600] {processor.py:925} INFO - DAG(s) 'example_python_operator' retrieved from /root/airflow_env/lib/python3.12/site-packages/airflow/example_dags/example_python_operator.py
[2024-12-10T17:04:11.663-0600] {logging_mixin.py:190} INFO - [2024-12-10T17:04:11.663-0600] {dag.py:3239} INFO - Sync 1 DAGs
[2024-12-10T17:04:11.673-0600] {logging_mixin.py:190} INFO - [2024-12-10T17:04:11.673-0600] {dag.py:4180} INFO - Setting next_dagrun for example_python_operator to None, run_after=None
[2024-12-10T17:04:11.690-0600] {processor.py:208} INFO - Processing /root/airflow_env/lib/python3.12/site-packages/airflow/example_dags/example_python_operator.py took 0.080 seconds
[2024-12-10T17:05:07.151-0600] {processor.py:186} INFO - Started process (PID=1105) to work on /root/airflow_env/lib/python3.12/site-packages/airflow/example_dags/example_python_operator.py
[2024-12-10T17:05:07.163-0600] {processor.py:914} INFO - Processing file /root/airflow_env/lib/python3.12/site-packages/airflow/example_dags/example_python_operator.py for tasks to queue
[2024-12-10T17:05:07.165-0600] {logging_mixin.py:190} INFO - [2024-12-10T17:05:07.165-0600] {dagbag.py:588} INFO - Filling up the DagBag from /root/airflow_env/lib/python3.12/site-packages/airflow/example_dags/example_python_operator.py
[2024-12-10T17:05:07.191-0600] {logging_mixin.py:190} INFO - [2024-12-10T17:05:07.190-0600] {example_python_operator.py:93} WARNING - The virtalenv_python example task requires virtualenv, please install it.
[2024-12-10T17:05:07.193-0600] {processor.py:925} INFO - DAG(s) 'example_python_operator' retrieved from /root/airflow_env/lib/python3.12/site-packages/airflow/example_dags/example_python_operator.py
[2024-12-10T17:05:07.208-0600] {logging_mixin.py:190} INFO - [2024-12-10T17:05:07.207-0600] {dag.py:3239} INFO - Sync 1 DAGs
[2024-12-10T17:05:07.221-0600] {logging_mixin.py:190} INFO - [2024-12-10T17:05:07.221-0600] {dag.py:4180} INFO - Setting next_dagrun for example_python_operator to None, run_after=None
[2024-12-10T17:05:07.246-0600] {processor.py:208} INFO - Processing /root/airflow_env/lib/python3.12/site-packages/airflow/example_dags/example_python_operator.py took 0.099 seconds
[2024-12-10T17:05:59.792-0600] {processor.py:186} INFO - Started process (PID=1169) to work on /root/airflow_env/lib/python3.12/site-packages/airflow/example_dags/example_python_operator.py
[2024-12-10T17:05:59.794-0600] {processor.py:914} INFO - Processing file /root/airflow_env/lib/python3.12/site-packages/airflow/example_dags/example_python_operator.py for tasks to queue
[2024-12-10T17:05:59.796-0600] {logging_mixin.py:190} INFO - [2024-12-10T17:05:59.795-0600] {dagbag.py:588} INFO - Filling up the DagBag from /root/airflow_env/lib/python3.12/site-packages/airflow/example_dags/example_python_operator.py
[2024-12-10T17:05:59.828-0600] {logging_mixin.py:190} INFO - [2024-12-10T17:05:59.828-0600] {example_python_operator.py:93} WARNING - The virtalenv_python example task requires virtualenv, please install it.
[2024-12-10T17:05:59.830-0600] {processor.py:925} INFO - DAG(s) 'example_python_operator' retrieved from /root/airflow_env/lib/python3.12/site-packages/airflow/example_dags/example_python_operator.py
[2024-12-10T17:05:59.843-0600] {logging_mixin.py:190} INFO - [2024-12-10T17:05:59.843-0600] {dag.py:3239} INFO - Sync 1 DAGs
[2024-12-10T17:05:59.852-0600] {logging_mixin.py:190} INFO - [2024-12-10T17:05:59.852-0600] {dag.py:4180} INFO - Setting next_dagrun for example_python_operator to None, run_after=None
[2024-12-10T17:05:59.869-0600] {processor.py:208} INFO - Processing /root/airflow_env/lib/python3.12/site-packages/airflow/example_dags/example_python_operator.py took 0.083 seconds
[2024-12-10T17:06:52.657-0600] {processor.py:186} INFO - Started process (PID=1227) to work on /root/airflow_env/lib/python3.12/site-packages/airflow/example_dags/example_python_operator.py
[2024-12-10T17:06:52.659-0600] {processor.py:914} INFO - Processing file /root/airflow_env/lib/python3.12/site-packages/airflow/example_dags/example_python_operator.py for tasks to queue
[2024-12-10T17:06:52.660-0600] {logging_mixin.py:190} INFO - [2024-12-10T17:06:52.660-0600] {dagbag.py:588} INFO - Filling up the DagBag from /root/airflow_env/lib/python3.12/site-packages/airflow/example_dags/example_python_operator.py
[2024-12-10T17:06:52.689-0600] {logging_mixin.py:190} INFO - [2024-12-10T17:06:52.689-0600] {example_python_operator.py:93} WARNING - The virtalenv_python example task requires virtualenv, please install it.
[2024-12-10T17:06:52.691-0600] {processor.py:925} INFO - DAG(s) 'example_python_operator' retrieved from /root/airflow_env/lib/python3.12/site-packages/airflow/example_dags/example_python_operator.py
[2024-12-10T17:06:52.704-0600] {logging_mixin.py:190} INFO - [2024-12-10T17:06:52.704-0600] {dag.py:3239} INFO - Sync 1 DAGs
[2024-12-10T17:06:52.712-0600] {logging_mixin.py:190} INFO - [2024-12-10T17:06:52.712-0600] {dag.py:4180} INFO - Setting next_dagrun for example_python_operator to None, run_after=None
[2024-12-10T17:06:52.729-0600] {processor.py:208} INFO - Processing /root/airflow_env/lib/python3.12/site-packages/airflow/example_dags/example_python_operator.py took 0.076 seconds
[2024-12-10T17:07:47.934-0600] {processor.py:186} INFO - Started process (PID=1288) to work on /root/airflow_env/lib/python3.12/site-packages/airflow/example_dags/example_python_operator.py
[2024-12-10T17:07:47.937-0600] {processor.py:914} INFO - Processing file /root/airflow_env/lib/python3.12/site-packages/airflow/example_dags/example_python_operator.py for tasks to queue
[2024-12-10T17:07:47.939-0600] {logging_mixin.py:190} INFO - [2024-12-10T17:07:47.938-0600] {dagbag.py:588} INFO - Filling up the DagBag from /root/airflow_env/lib/python3.12/site-packages/airflow/example_dags/example_python_operator.py
[2024-12-10T17:07:47.966-0600] {logging_mixin.py:190} INFO - [2024-12-10T17:07:47.966-0600] {example_python_operator.py:93} WARNING - The virtalenv_python example task requires virtualenv, please install it.
[2024-12-10T17:07:47.968-0600] {processor.py:925} INFO - DAG(s) 'example_python_operator' retrieved from /root/airflow_env/lib/python3.12/site-packages/airflow/example_dags/example_python_operator.py
[2024-12-10T17:07:47.981-0600] {logging_mixin.py:190} INFO - [2024-12-10T17:07:47.980-0600] {dag.py:3239} INFO - Sync 1 DAGs
[2024-12-10T17:07:47.989-0600] {logging_mixin.py:190} INFO - [2024-12-10T17:07:47.989-0600] {dag.py:4180} INFO - Setting next_dagrun for example_python_operator to None, run_after=None
[2024-12-10T17:07:48.007-0600] {processor.py:208} INFO - Processing /root/airflow_env/lib/python3.12/site-packages/airflow/example_dags/example_python_operator.py took 0.078 seconds
[2024-12-10T17:08:37.061-0600] {processor.py:186} INFO - Started process (PID=1389) to work on /root/airflow_env/lib/python3.12/site-packages/airflow/example_dags/example_python_operator.py
[2024-12-10T17:08:37.063-0600] {processor.py:914} INFO - Processing file /root/airflow_env/lib/python3.12/site-packages/airflow/example_dags/example_python_operator.py for tasks to queue
[2024-12-10T17:08:37.065-0600] {logging_mixin.py:190} INFO - [2024-12-10T17:08:37.065-0600] {dagbag.py:588} INFO - Filling up the DagBag from /root/airflow_env/lib/python3.12/site-packages/airflow/example_dags/example_python_operator.py
[2024-12-10T17:08:37.096-0600] {logging_mixin.py:190} INFO - [2024-12-10T17:08:37.096-0600] {example_python_operator.py:93} WARNING - The virtalenv_python example task requires virtualenv, please install it.
[2024-12-10T17:08:37.099-0600] {processor.py:925} INFO - DAG(s) 'example_python_operator' retrieved from /root/airflow_env/lib/python3.12/site-packages/airflow/example_dags/example_python_operator.py
[2024-12-10T17:08:37.112-0600] {logging_mixin.py:190} INFO - [2024-12-10T17:08:37.111-0600] {dag.py:3239} INFO - Sync 1 DAGs
[2024-12-10T17:08:37.124-0600] {logging_mixin.py:190} INFO - [2024-12-10T17:08:37.123-0600] {dag.py:4180} INFO - Setting next_dagrun for example_python_operator to None, run_after=None
[2024-12-10T17:08:37.143-0600] {processor.py:208} INFO - Processing /root/airflow_env/lib/python3.12/site-packages/airflow/example_dags/example_python_operator.py took 0.086 seconds
[2024-12-10T17:09:27.962-0600] {processor.py:186} INFO - Started process (PID=1451) to work on /root/airflow_env/lib/python3.12/site-packages/airflow/example_dags/example_python_operator.py
[2024-12-10T17:09:27.963-0600] {processor.py:914} INFO - Processing file /root/airflow_env/lib/python3.12/site-packages/airflow/example_dags/example_python_operator.py for tasks to queue
[2024-12-10T17:09:27.965-0600] {logging_mixin.py:190} INFO - [2024-12-10T17:09:27.964-0600] {dagbag.py:588} INFO - Filling up the DagBag from /root/airflow_env/lib/python3.12/site-packages/airflow/example_dags/example_python_operator.py
[2024-12-10T17:09:27.990-0600] {logging_mixin.py:190} INFO - [2024-12-10T17:09:27.990-0600] {example_python_operator.py:93} WARNING - The virtalenv_python example task requires virtualenv, please install it.
[2024-12-10T17:09:27.992-0600] {processor.py:925} INFO - DAG(s) 'example_python_operator' retrieved from /root/airflow_env/lib/python3.12/site-packages/airflow/example_dags/example_python_operator.py
[2024-12-10T17:09:28.004-0600] {logging_mixin.py:190} INFO - [2024-12-10T17:09:28.004-0600] {dag.py:3239} INFO - Sync 1 DAGs
[2024-12-10T17:09:28.014-0600] {logging_mixin.py:190} INFO - [2024-12-10T17:09:28.013-0600] {dag.py:4180} INFO - Setting next_dagrun for example_python_operator to None, run_after=None
[2024-12-10T17:09:28.033-0600] {processor.py:208} INFO - Processing /root/airflow_env/lib/python3.12/site-packages/airflow/example_dags/example_python_operator.py took 0.075 seconds
[2024-12-10T17:10:20.007-0600] {processor.py:186} INFO - Started process (PID=1519) to work on /root/airflow_env/lib/python3.12/site-packages/airflow/example_dags/example_python_operator.py
[2024-12-10T17:10:20.008-0600] {processor.py:914} INFO - Processing file /root/airflow_env/lib/python3.12/site-packages/airflow/example_dags/example_python_operator.py for tasks to queue
[2024-12-10T17:10:20.010-0600] {logging_mixin.py:190} INFO - [2024-12-10T17:10:20.010-0600] {dagbag.py:588} INFO - Filling up the DagBag from /root/airflow_env/lib/python3.12/site-packages/airflow/example_dags/example_python_operator.py
[2024-12-10T17:10:20.042-0600] {logging_mixin.py:190} INFO - [2024-12-10T17:10:20.042-0600] {example_python_operator.py:93} WARNING - The virtalenv_python example task requires virtualenv, please install it.
[2024-12-10T17:10:20.044-0600] {processor.py:925} INFO - DAG(s) 'example_python_operator' retrieved from /root/airflow_env/lib/python3.12/site-packages/airflow/example_dags/example_python_operator.py
[2024-12-10T17:10:20.057-0600] {logging_mixin.py:190} INFO - [2024-12-10T17:10:20.057-0600] {dag.py:3239} INFO - Sync 1 DAGs
[2024-12-10T17:10:20.066-0600] {logging_mixin.py:190} INFO - [2024-12-10T17:10:20.066-0600] {dag.py:4180} INFO - Setting next_dagrun for example_python_operator to None, run_after=None
[2024-12-10T17:10:20.085-0600] {processor.py:208} INFO - Processing /root/airflow_env/lib/python3.12/site-packages/airflow/example_dags/example_python_operator.py took 0.082 seconds
[2024-12-10T17:11:08.958-0600] {processor.py:186} INFO - Started process (PID=1579) to work on /root/airflow_env/lib/python3.12/site-packages/airflow/example_dags/example_python_operator.py
[2024-12-10T17:11:08.960-0600] {processor.py:914} INFO - Processing file /root/airflow_env/lib/python3.12/site-packages/airflow/example_dags/example_python_operator.py for tasks to queue
[2024-12-10T17:11:08.961-0600] {logging_mixin.py:190} INFO - [2024-12-10T17:11:08.961-0600] {dagbag.py:588} INFO - Filling up the DagBag from /root/airflow_env/lib/python3.12/site-packages/airflow/example_dags/example_python_operator.py
[2024-12-10T17:11:08.986-0600] {logging_mixin.py:190} INFO - [2024-12-10T17:11:08.986-0600] {example_python_operator.py:93} WARNING - The virtalenv_python example task requires virtualenv, please install it.
[2024-12-10T17:11:08.988-0600] {processor.py:925} INFO - DAG(s) 'example_python_operator' retrieved from /root/airflow_env/lib/python3.12/site-packages/airflow/example_dags/example_python_operator.py
[2024-12-10T17:11:09.000-0600] {logging_mixin.py:190} INFO - [2024-12-10T17:11:09.000-0600] {dag.py:3239} INFO - Sync 1 DAGs
[2024-12-10T17:11:09.009-0600] {logging_mixin.py:190} INFO - [2024-12-10T17:11:09.008-0600] {dag.py:4180} INFO - Setting next_dagrun for example_python_operator to None, run_after=None
[2024-12-10T17:11:09.027-0600] {processor.py:208} INFO - Processing /root/airflow_env/lib/python3.12/site-packages/airflow/example_dags/example_python_operator.py took 0.073 seconds
[2024-12-10T17:12:01.099-0600] {processor.py:186} INFO - Started process (PID=1640) to work on /root/airflow_env/lib/python3.12/site-packages/airflow/example_dags/example_python_operator.py
[2024-12-10T17:12:01.101-0600] {processor.py:914} INFO - Processing file /root/airflow_env/lib/python3.12/site-packages/airflow/example_dags/example_python_operator.py for tasks to queue
[2024-12-10T17:12:01.102-0600] {logging_mixin.py:190} INFO - [2024-12-10T17:12:01.102-0600] {dagbag.py:588} INFO - Filling up the DagBag from /root/airflow_env/lib/python3.12/site-packages/airflow/example_dags/example_python_operator.py
[2024-12-10T17:12:01.135-0600] {logging_mixin.py:190} INFO - [2024-12-10T17:12:01.135-0600] {example_python_operator.py:93} WARNING - The virtalenv_python example task requires virtualenv, please install it.
[2024-12-10T17:12:01.137-0600] {processor.py:925} INFO - DAG(s) 'example_python_operator' retrieved from /root/airflow_env/lib/python3.12/site-packages/airflow/example_dags/example_python_operator.py
[2024-12-10T17:12:01.150-0600] {logging_mixin.py:190} INFO - [2024-12-10T17:12:01.149-0600] {dag.py:3239} INFO - Sync 1 DAGs
[2024-12-10T17:12:01.158-0600] {logging_mixin.py:190} INFO - [2024-12-10T17:12:01.158-0600] {dag.py:4180} INFO - Setting next_dagrun for example_python_operator to None, run_after=None
[2024-12-10T17:12:01.176-0600] {processor.py:208} INFO - Processing /root/airflow_env/lib/python3.12/site-packages/airflow/example_dags/example_python_operator.py took 0.081 seconds
[2024-12-10T17:12:52.580-0600] {processor.py:186} INFO - Started process (PID=1696) to work on /root/airflow_env/lib/python3.12/site-packages/airflow/example_dags/example_python_operator.py
[2024-12-10T17:12:52.582-0600] {processor.py:914} INFO - Processing file /root/airflow_env/lib/python3.12/site-packages/airflow/example_dags/example_python_operator.py for tasks to queue
[2024-12-10T17:12:52.584-0600] {logging_mixin.py:190} INFO - [2024-12-10T17:12:52.584-0600] {dagbag.py:588} INFO - Filling up the DagBag from /root/airflow_env/lib/python3.12/site-packages/airflow/example_dags/example_python_operator.py
[2024-12-10T17:12:52.612-0600] {logging_mixin.py:190} INFO - [2024-12-10T17:12:52.612-0600] {example_python_operator.py:93} WARNING - The virtalenv_python example task requires virtualenv, please install it.
[2024-12-10T17:12:52.614-0600] {processor.py:925} INFO - DAG(s) 'example_python_operator' retrieved from /root/airflow_env/lib/python3.12/site-packages/airflow/example_dags/example_python_operator.py
[2024-12-10T17:12:52.626-0600] {logging_mixin.py:190} INFO - [2024-12-10T17:12:52.626-0600] {dag.py:3239} INFO - Sync 1 DAGs
[2024-12-10T17:12:52.634-0600] {logging_mixin.py:190} INFO - [2024-12-10T17:12:52.634-0600] {dag.py:4180} INFO - Setting next_dagrun for example_python_operator to None, run_after=None
[2024-12-10T17:12:52.652-0600] {processor.py:208} INFO - Processing /root/airflow_env/lib/python3.12/site-packages/airflow/example_dags/example_python_operator.py took 0.076 seconds
[2024-12-10T17:13:43.979-0600] {processor.py:186} INFO - Started process (PID=1753) to work on /root/airflow_env/lib/python3.12/site-packages/airflow/example_dags/example_python_operator.py
[2024-12-10T17:13:43.982-0600] {processor.py:914} INFO - Processing file /root/airflow_env/lib/python3.12/site-packages/airflow/example_dags/example_python_operator.py for tasks to queue
[2024-12-10T17:13:43.984-0600] {logging_mixin.py:190} INFO - [2024-12-10T17:13:43.983-0600] {dagbag.py:588} INFO - Filling up the DagBag from /root/airflow_env/lib/python3.12/site-packages/airflow/example_dags/example_python_operator.py
[2024-12-10T17:13:44.006-0600] {logging_mixin.py:190} INFO - [2024-12-10T17:13:44.006-0600] {example_python_operator.py:93} WARNING - The virtalenv_python example task requires virtualenv, please install it.
[2024-12-10T17:13:44.008-0600] {processor.py:925} INFO - DAG(s) 'example_python_operator' retrieved from /root/airflow_env/lib/python3.12/site-packages/airflow/example_dags/example_python_operator.py
[2024-12-10T17:13:44.020-0600] {logging_mixin.py:190} INFO - [2024-12-10T17:13:44.020-0600] {dag.py:3239} INFO - Sync 1 DAGs
[2024-12-10T17:13:44.028-0600] {logging_mixin.py:190} INFO - [2024-12-10T17:13:44.028-0600] {dag.py:4180} INFO - Setting next_dagrun for example_python_operator to None, run_after=None
[2024-12-10T17:13:44.045-0600] {processor.py:208} INFO - Processing /root/airflow_env/lib/python3.12/site-packages/airflow/example_dags/example_python_operator.py took 0.069 seconds
[2024-12-10T17:14:32.236-0600] {processor.py:186} INFO - Started process (PID=1810) to work on /root/airflow_env/lib/python3.12/site-packages/airflow/example_dags/example_python_operator.py
[2024-12-10T17:14:32.238-0600] {processor.py:914} INFO - Processing file /root/airflow_env/lib/python3.12/site-packages/airflow/example_dags/example_python_operator.py for tasks to queue
[2024-12-10T17:14:32.239-0600] {logging_mixin.py:190} INFO - [2024-12-10T17:14:32.239-0600] {dagbag.py:588} INFO - Filling up the DagBag from /root/airflow_env/lib/python3.12/site-packages/airflow/example_dags/example_python_operator.py
[2024-12-10T17:14:32.271-0600] {logging_mixin.py:190} INFO - [2024-12-10T17:14:32.271-0600] {example_python_operator.py:93} WARNING - The virtalenv_python example task requires virtualenv, please install it.
[2024-12-10T17:14:32.275-0600] {processor.py:925} INFO - DAG(s) 'example_python_operator' retrieved from /root/airflow_env/lib/python3.12/site-packages/airflow/example_dags/example_python_operator.py
[2024-12-10T17:14:32.293-0600] {logging_mixin.py:190} INFO - [2024-12-10T17:14:32.292-0600] {dag.py:3239} INFO - Sync 1 DAGs
[2024-12-10T17:14:32.308-0600] {logging_mixin.py:190} INFO - [2024-12-10T17:14:32.307-0600] {dag.py:4180} INFO - Setting next_dagrun for example_python_operator to None, run_after=None
[2024-12-10T17:14:32.348-0600] {processor.py:208} INFO - Processing /root/airflow_env/lib/python3.12/site-packages/airflow/example_dags/example_python_operator.py took 0.116 seconds
[2024-12-10T17:15:28.339-0600] {processor.py:186} INFO - Started process (PID=1877) to work on /root/airflow_env/lib/python3.12/site-packages/airflow/example_dags/example_python_operator.py
[2024-12-10T17:15:28.341-0600] {processor.py:914} INFO - Processing file /root/airflow_env/lib/python3.12/site-packages/airflow/example_dags/example_python_operator.py for tasks to queue
[2024-12-10T17:15:28.343-0600] {logging_mixin.py:190} INFO - [2024-12-10T17:15:28.342-0600] {dagbag.py:588} INFO - Filling up the DagBag from /root/airflow_env/lib/python3.12/site-packages/airflow/example_dags/example_python_operator.py
[2024-12-10T17:15:28.366-0600] {logging_mixin.py:190} INFO - [2024-12-10T17:15:28.366-0600] {example_python_operator.py:93} WARNING - The virtalenv_python example task requires virtualenv, please install it.
[2024-12-10T17:15:28.368-0600] {processor.py:925} INFO - DAG(s) 'example_python_operator' retrieved from /root/airflow_env/lib/python3.12/site-packages/airflow/example_dags/example_python_operator.py
[2024-12-10T17:15:28.380-0600] {logging_mixin.py:190} INFO - [2024-12-10T17:15:28.379-0600] {dag.py:3239} INFO - Sync 1 DAGs
[2024-12-10T17:15:28.390-0600] {logging_mixin.py:190} INFO - [2024-12-10T17:15:28.389-0600] {dag.py:4180} INFO - Setting next_dagrun for example_python_operator to None, run_after=None
[2024-12-10T17:15:28.409-0600] {processor.py:208} INFO - Processing /root/airflow_env/lib/python3.12/site-packages/airflow/example_dags/example_python_operator.py took 0.074 seconds
[2024-12-10T17:16:18.681-0600] {processor.py:186} INFO - Started process (PID=1942) to work on /root/airflow_env/lib/python3.12/site-packages/airflow/example_dags/example_python_operator.py
[2024-12-10T17:16:18.683-0600] {processor.py:914} INFO - Processing file /root/airflow_env/lib/python3.12/site-packages/airflow/example_dags/example_python_operator.py for tasks to queue
[2024-12-10T17:16:18.685-0600] {logging_mixin.py:190} INFO - [2024-12-10T17:16:18.684-0600] {dagbag.py:588} INFO - Filling up the DagBag from /root/airflow_env/lib/python3.12/site-packages/airflow/example_dags/example_python_operator.py
[2024-12-10T17:16:18.714-0600] {logging_mixin.py:190} INFO - [2024-12-10T17:16:18.714-0600] {example_python_operator.py:93} WARNING - The virtalenv_python example task requires virtualenv, please install it.
[2024-12-10T17:16:18.716-0600] {processor.py:925} INFO - DAG(s) 'example_python_operator' retrieved from /root/airflow_env/lib/python3.12/site-packages/airflow/example_dags/example_python_operator.py
[2024-12-10T17:16:18.730-0600] {logging_mixin.py:190} INFO - [2024-12-10T17:16:18.729-0600] {dag.py:3239} INFO - Sync 1 DAGs
[2024-12-10T17:16:18.739-0600] {logging_mixin.py:190} INFO - [2024-12-10T17:16:18.739-0600] {dag.py:4180} INFO - Setting next_dagrun for example_python_operator to None, run_after=None
[2024-12-10T17:16:18.760-0600] {processor.py:208} INFO - Processing /root/airflow_env/lib/python3.12/site-packages/airflow/example_dags/example_python_operator.py took 0.084 seconds
[2024-12-10T17:17:11.603-0600] {processor.py:186} INFO - Started process (PID=2001) to work on /root/airflow_env/lib/python3.12/site-packages/airflow/example_dags/example_python_operator.py
[2024-12-10T17:17:11.604-0600] {processor.py:914} INFO - Processing file /root/airflow_env/lib/python3.12/site-packages/airflow/example_dags/example_python_operator.py for tasks to queue
[2024-12-10T17:17:11.606-0600] {logging_mixin.py:190} INFO - [2024-12-10T17:17:11.606-0600] {dagbag.py:588} INFO - Filling up the DagBag from /root/airflow_env/lib/python3.12/site-packages/airflow/example_dags/example_python_operator.py
[2024-12-10T17:17:11.629-0600] {logging_mixin.py:190} INFO - [2024-12-10T17:17:11.629-0600] {example_python_operator.py:93} WARNING - The virtalenv_python example task requires virtualenv, please install it.
[2024-12-10T17:17:11.631-0600] {processor.py:925} INFO - DAG(s) 'example_python_operator' retrieved from /root/airflow_env/lib/python3.12/site-packages/airflow/example_dags/example_python_operator.py
[2024-12-10T17:17:11.643-0600] {logging_mixin.py:190} INFO - [2024-12-10T17:17:11.643-0600] {dag.py:3239} INFO - Sync 1 DAGs
[2024-12-10T17:17:11.652-0600] {logging_mixin.py:190} INFO - [2024-12-10T17:17:11.652-0600] {dag.py:4180} INFO - Setting next_dagrun for example_python_operator to None, run_after=None
[2024-12-10T17:17:11.670-0600] {processor.py:208} INFO - Processing /root/airflow_env/lib/python3.12/site-packages/airflow/example_dags/example_python_operator.py took 0.071 seconds
[2024-12-10T17:18:03.190-0600] {processor.py:186} INFO - Started process (PID=2059) to work on /root/airflow_env/lib/python3.12/site-packages/airflow/example_dags/example_python_operator.py
[2024-12-10T17:18:03.193-0600] {processor.py:914} INFO - Processing file /root/airflow_env/lib/python3.12/site-packages/airflow/example_dags/example_python_operator.py for tasks to queue
[2024-12-10T17:18:03.194-0600] {logging_mixin.py:190} INFO - [2024-12-10T17:18:03.194-0600] {dagbag.py:588} INFO - Filling up the DagBag from /root/airflow_env/lib/python3.12/site-packages/airflow/example_dags/example_python_operator.py
[2024-12-10T17:18:03.214-0600] {logging_mixin.py:190} INFO - [2024-12-10T17:18:03.214-0600] {example_python_operator.py:93} WARNING - The virtalenv_python example task requires virtualenv, please install it.
[2024-12-10T17:18:03.216-0600] {processor.py:925} INFO - DAG(s) 'example_python_operator' retrieved from /root/airflow_env/lib/python3.12/site-packages/airflow/example_dags/example_python_operator.py
[2024-12-10T17:18:03.228-0600] {logging_mixin.py:190} INFO - [2024-12-10T17:18:03.228-0600] {dag.py:3239} INFO - Sync 1 DAGs
[2024-12-10T17:18:03.236-0600] {logging_mixin.py:190} INFO - [2024-12-10T17:18:03.236-0600] {dag.py:4180} INFO - Setting next_dagrun for example_python_operator to None, run_after=None
[2024-12-10T17:18:03.254-0600] {processor.py:208} INFO - Processing /root/airflow_env/lib/python3.12/site-packages/airflow/example_dags/example_python_operator.py took 0.067 seconds
[2024-12-10T17:18:54.575-0600] {processor.py:186} INFO - Started process (PID=2115) to work on /root/airflow_env/lib/python3.12/site-packages/airflow/example_dags/example_python_operator.py
[2024-12-10T17:18:54.578-0600] {processor.py:914} INFO - Processing file /root/airflow_env/lib/python3.12/site-packages/airflow/example_dags/example_python_operator.py for tasks to queue
[2024-12-10T17:18:54.579-0600] {logging_mixin.py:190} INFO - [2024-12-10T17:18:54.579-0600] {dagbag.py:588} INFO - Filling up the DagBag from /root/airflow_env/lib/python3.12/site-packages/airflow/example_dags/example_python_operator.py
[2024-12-10T17:18:54.604-0600] {logging_mixin.py:190} INFO - [2024-12-10T17:18:54.604-0600] {example_python_operator.py:93} WARNING - The virtalenv_python example task requires virtualenv, please install it.
[2024-12-10T17:18:54.606-0600] {processor.py:925} INFO - DAG(s) 'example_python_operator' retrieved from /root/airflow_env/lib/python3.12/site-packages/airflow/example_dags/example_python_operator.py
[2024-12-10T17:18:54.618-0600] {logging_mixin.py:190} INFO - [2024-12-10T17:18:54.618-0600] {dag.py:3239} INFO - Sync 1 DAGs
[2024-12-10T17:18:54.626-0600] {logging_mixin.py:190} INFO - [2024-12-10T17:18:54.626-0600] {dag.py:4180} INFO - Setting next_dagrun for example_python_operator to None, run_after=None
[2024-12-10T17:18:54.643-0600] {processor.py:208} INFO - Processing /root/airflow_env/lib/python3.12/site-packages/airflow/example_dags/example_python_operator.py took 0.072 seconds
[2024-12-10T17:19:48.448-0600] {processor.py:186} INFO - Started process (PID=2172) to work on /root/airflow_env/lib/python3.12/site-packages/airflow/example_dags/example_python_operator.py
[2024-12-10T17:19:48.450-0600] {processor.py:914} INFO - Processing file /root/airflow_env/lib/python3.12/site-packages/airflow/example_dags/example_python_operator.py for tasks to queue
[2024-12-10T17:19:48.452-0600] {logging_mixin.py:190} INFO - [2024-12-10T17:19:48.452-0600] {dagbag.py:588} INFO - Filling up the DagBag from /root/airflow_env/lib/python3.12/site-packages/airflow/example_dags/example_python_operator.py
[2024-12-10T17:19:48.474-0600] {logging_mixin.py:190} INFO - [2024-12-10T17:19:48.474-0600] {example_python_operator.py:93} WARNING - The virtalenv_python example task requires virtualenv, please install it.
[2024-12-10T17:19:48.476-0600] {processor.py:925} INFO - DAG(s) 'example_python_operator' retrieved from /root/airflow_env/lib/python3.12/site-packages/airflow/example_dags/example_python_operator.py
[2024-12-10T17:19:48.488-0600] {logging_mixin.py:190} INFO - [2024-12-10T17:19:48.488-0600] {dag.py:3239} INFO - Sync 1 DAGs
[2024-12-10T17:19:48.496-0600] {logging_mixin.py:190} INFO - [2024-12-10T17:19:48.496-0600] {dag.py:4180} INFO - Setting next_dagrun for example_python_operator to None, run_after=None
[2024-12-10T17:19:48.515-0600] {processor.py:208} INFO - Processing /root/airflow_env/lib/python3.12/site-packages/airflow/example_dags/example_python_operator.py took 0.071 seconds
[2024-12-10T17:20:39.663-0600] {processor.py:186} INFO - Started process (PID=2229) to work on /root/airflow_env/lib/python3.12/site-packages/airflow/example_dags/example_python_operator.py
[2024-12-10T17:20:39.665-0600] {processor.py:914} INFO - Processing file /root/airflow_env/lib/python3.12/site-packages/airflow/example_dags/example_python_operator.py for tasks to queue
[2024-12-10T17:20:39.667-0600] {logging_mixin.py:190} INFO - [2024-12-10T17:20:39.666-0600] {dagbag.py:588} INFO - Filling up the DagBag from /root/airflow_env/lib/python3.12/site-packages/airflow/example_dags/example_python_operator.py
[2024-12-10T17:20:39.692-0600] {logging_mixin.py:190} INFO - [2024-12-10T17:20:39.692-0600] {example_python_operator.py:93} WARNING - The virtalenv_python example task requires virtualenv, please install it.
[2024-12-10T17:20:39.694-0600] {processor.py:925} INFO - DAG(s) 'example_python_operator' retrieved from /root/airflow_env/lib/python3.12/site-packages/airflow/example_dags/example_python_operator.py
[2024-12-10T17:20:39.706-0600] {logging_mixin.py:190} INFO - [2024-12-10T17:20:39.705-0600] {dag.py:3239} INFO - Sync 1 DAGs
[2024-12-10T17:20:39.714-0600] {logging_mixin.py:190} INFO - [2024-12-10T17:20:39.714-0600] {dag.py:4180} INFO - Setting next_dagrun for example_python_operator to None, run_after=None
[2024-12-10T17:20:39.731-0600] {processor.py:208} INFO - Processing /root/airflow_env/lib/python3.12/site-packages/airflow/example_dags/example_python_operator.py took 0.073 seconds
[2024-12-10T17:21:33.288-0600] {processor.py:186} INFO - Started process (PID=2287) to work on /root/airflow_env/lib/python3.12/site-packages/airflow/example_dags/example_python_operator.py
[2024-12-10T17:21:33.289-0600] {processor.py:914} INFO - Processing file /root/airflow_env/lib/python3.12/site-packages/airflow/example_dags/example_python_operator.py for tasks to queue
[2024-12-10T17:21:33.291-0600] {logging_mixin.py:190} INFO - [2024-12-10T17:21:33.291-0600] {dagbag.py:588} INFO - Filling up the DagBag from /root/airflow_env/lib/python3.12/site-packages/airflow/example_dags/example_python_operator.py
[2024-12-10T17:21:33.314-0600] {logging_mixin.py:190} INFO - [2024-12-10T17:21:33.314-0600] {example_python_operator.py:93} WARNING - The virtalenv_python example task requires virtualenv, please install it.
[2024-12-10T17:21:33.316-0600] {processor.py:925} INFO - DAG(s) 'example_python_operator' retrieved from /root/airflow_env/lib/python3.12/site-packages/airflow/example_dags/example_python_operator.py
[2024-12-10T17:21:33.328-0600] {logging_mixin.py:190} INFO - [2024-12-10T17:21:33.328-0600] {dag.py:3239} INFO - Sync 1 DAGs
[2024-12-10T17:21:33.336-0600] {logging_mixin.py:190} INFO - [2024-12-10T17:21:33.336-0600] {dag.py:4180} INFO - Setting next_dagrun for example_python_operator to None, run_after=None
[2024-12-10T17:21:33.353-0600] {processor.py:208} INFO - Processing /root/airflow_env/lib/python3.12/site-packages/airflow/example_dags/example_python_operator.py took 0.069 seconds
[2024-12-10T17:22:26.467-0600] {processor.py:186} INFO - Started process (PID=2346) to work on /root/airflow_env/lib/python3.12/site-packages/airflow/example_dags/example_python_operator.py
[2024-12-10T17:22:26.470-0600] {processor.py:914} INFO - Processing file /root/airflow_env/lib/python3.12/site-packages/airflow/example_dags/example_python_operator.py for tasks to queue
[2024-12-10T17:22:26.472-0600] {logging_mixin.py:190} INFO - [2024-12-10T17:22:26.471-0600] {dagbag.py:588} INFO - Filling up the DagBag from /root/airflow_env/lib/python3.12/site-packages/airflow/example_dags/example_python_operator.py
[2024-12-10T17:22:26.494-0600] {logging_mixin.py:190} INFO - [2024-12-10T17:22:26.494-0600] {example_python_operator.py:93} WARNING - The virtalenv_python example task requires virtualenv, please install it.
[2024-12-10T17:22:26.496-0600] {processor.py:925} INFO - DAG(s) 'example_python_operator' retrieved from /root/airflow_env/lib/python3.12/site-packages/airflow/example_dags/example_python_operator.py
[2024-12-10T17:22:26.511-0600] {logging_mixin.py:190} INFO - [2024-12-10T17:22:26.510-0600] {dag.py:3239} INFO - Sync 1 DAGs
[2024-12-10T17:22:26.520-0600] {logging_mixin.py:190} INFO - [2024-12-10T17:22:26.520-0600] {dag.py:4180} INFO - Setting next_dagrun for example_python_operator to None, run_after=None
[2024-12-10T17:22:26.537-0600] {processor.py:208} INFO - Processing /root/airflow_env/lib/python3.12/site-packages/airflow/example_dags/example_python_operator.py took 0.074 seconds
[2024-12-10T17:23:21.837-0600] {processor.py:186} INFO - Started process (PID=2404) to work on /root/airflow_env/lib/python3.12/site-packages/airflow/example_dags/example_python_operator.py
[2024-12-10T17:23:21.839-0600] {processor.py:914} INFO - Processing file /root/airflow_env/lib/python3.12/site-packages/airflow/example_dags/example_python_operator.py for tasks to queue
[2024-12-10T17:23:21.841-0600] {logging_mixin.py:190} INFO - [2024-12-10T17:23:21.840-0600] {dagbag.py:588} INFO - Filling up the DagBag from /root/airflow_env/lib/python3.12/site-packages/airflow/example_dags/example_python_operator.py
[2024-12-10T17:23:21.868-0600] {logging_mixin.py:190} INFO - [2024-12-10T17:23:21.868-0600] {example_python_operator.py:93} WARNING - The virtalenv_python example task requires virtualenv, please install it.
[2024-12-10T17:23:21.870-0600] {processor.py:925} INFO - DAG(s) 'example_python_operator' retrieved from /root/airflow_env/lib/python3.12/site-packages/airflow/example_dags/example_python_operator.py
[2024-12-10T17:23:21.885-0600] {logging_mixin.py:190} INFO - [2024-12-10T17:23:21.884-0600] {dag.py:3239} INFO - Sync 1 DAGs
[2024-12-10T17:23:21.893-0600] {logging_mixin.py:190} INFO - [2024-12-10T17:23:21.893-0600] {dag.py:4180} INFO - Setting next_dagrun for example_python_operator to None, run_after=None
[2024-12-10T17:23:21.912-0600] {processor.py:208} INFO - Processing /root/airflow_env/lib/python3.12/site-packages/airflow/example_dags/example_python_operator.py took 0.079 seconds
[2024-12-10T17:24:14.683-0600] {processor.py:186} INFO - Started process (PID=2463) to work on /root/airflow_env/lib/python3.12/site-packages/airflow/example_dags/example_python_operator.py
[2024-12-10T17:24:14.686-0600] {processor.py:914} INFO - Processing file /root/airflow_env/lib/python3.12/site-packages/airflow/example_dags/example_python_operator.py for tasks to queue
[2024-12-10T17:24:14.687-0600] {logging_mixin.py:190} INFO - [2024-12-10T17:24:14.687-0600] {dagbag.py:588} INFO - Filling up the DagBag from /root/airflow_env/lib/python3.12/site-packages/airflow/example_dags/example_python_operator.py
[2024-12-10T17:24:14.721-0600] {logging_mixin.py:190} INFO - [2024-12-10T17:24:14.721-0600] {example_python_operator.py:93} WARNING - The virtalenv_python example task requires virtualenv, please install it.
[2024-12-10T17:24:14.723-0600] {processor.py:925} INFO - DAG(s) 'example_python_operator' retrieved from /root/airflow_env/lib/python3.12/site-packages/airflow/example_dags/example_python_operator.py
[2024-12-10T17:24:14.735-0600] {logging_mixin.py:190} INFO - [2024-12-10T17:24:14.735-0600] {dag.py:3239} INFO - Sync 1 DAGs
[2024-12-10T17:24:14.743-0600] {logging_mixin.py:190} INFO - [2024-12-10T17:24:14.743-0600] {dag.py:4180} INFO - Setting next_dagrun for example_python_operator to None, run_after=None
[2024-12-10T17:24:14.762-0600] {processor.py:208} INFO - Processing /root/airflow_env/lib/python3.12/site-packages/airflow/example_dags/example_python_operator.py took 0.083 seconds
[2024-12-10T17:25:06.679-0600] {processor.py:186} INFO - Started process (PID=2528) to work on /root/airflow_env/lib/python3.12/site-packages/airflow/example_dags/example_python_operator.py
[2024-12-10T17:25:06.681-0600] {processor.py:914} INFO - Processing file /root/airflow_env/lib/python3.12/site-packages/airflow/example_dags/example_python_operator.py for tasks to queue
[2024-12-10T17:25:06.683-0600] {logging_mixin.py:190} INFO - [2024-12-10T17:25:06.682-0600] {dagbag.py:588} INFO - Filling up the DagBag from /root/airflow_env/lib/python3.12/site-packages/airflow/example_dags/example_python_operator.py
[2024-12-10T17:25:06.705-0600] {logging_mixin.py:190} INFO - [2024-12-10T17:25:06.705-0600] {example_python_operator.py:93} WARNING - The virtalenv_python example task requires virtualenv, please install it.
[2024-12-10T17:25:06.707-0600] {processor.py:925} INFO - DAG(s) 'example_python_operator' retrieved from /root/airflow_env/lib/python3.12/site-packages/airflow/example_dags/example_python_operator.py
[2024-12-10T17:25:06.719-0600] {logging_mixin.py:190} INFO - [2024-12-10T17:25:06.718-0600] {dag.py:3239} INFO - Sync 1 DAGs
[2024-12-10T17:25:06.727-0600] {logging_mixin.py:190} INFO - [2024-12-10T17:25:06.727-0600] {dag.py:4180} INFO - Setting next_dagrun for example_python_operator to None, run_after=None
[2024-12-10T17:25:06.743-0600] {processor.py:208} INFO - Processing /root/airflow_env/lib/python3.12/site-packages/airflow/example_dags/example_python_operator.py took 0.069 seconds
[2024-12-10T17:25:59.502-0600] {processor.py:186} INFO - Started process (PID=2585) to work on /root/airflow_env/lib/python3.12/site-packages/airflow/example_dags/example_python_operator.py
[2024-12-10T17:25:59.505-0600] {processor.py:914} INFO - Processing file /root/airflow_env/lib/python3.12/site-packages/airflow/example_dags/example_python_operator.py for tasks to queue
[2024-12-10T17:25:59.508-0600] {logging_mixin.py:190} INFO - [2024-12-10T17:25:59.507-0600] {dagbag.py:588} INFO - Filling up the DagBag from /root/airflow_env/lib/python3.12/site-packages/airflow/example_dags/example_python_operator.py
[2024-12-10T17:25:59.546-0600] {logging_mixin.py:190} INFO - [2024-12-10T17:25:59.545-0600] {example_python_operator.py:93} WARNING - The virtalenv_python example task requires virtualenv, please install it.
[2024-12-10T17:25:59.548-0600] {processor.py:925} INFO - DAG(s) 'example_python_operator' retrieved from /root/airflow_env/lib/python3.12/site-packages/airflow/example_dags/example_python_operator.py
[2024-12-10T17:25:59.574-0600] {logging_mixin.py:190} INFO - [2024-12-10T17:25:59.574-0600] {dag.py:3239} INFO - Sync 1 DAGs
[2024-12-10T17:25:59.584-0600] {logging_mixin.py:190} INFO - [2024-12-10T17:25:59.584-0600] {dag.py:4180} INFO - Setting next_dagrun for example_python_operator to None, run_after=None
[2024-12-10T17:25:59.614-0600] {processor.py:208} INFO - Processing /root/airflow_env/lib/python3.12/site-packages/airflow/example_dags/example_python_operator.py took 0.116 seconds
[2024-12-10T17:26:53.764-0600] {processor.py:186} INFO - Started process (PID=2642) to work on /root/airflow_env/lib/python3.12/site-packages/airflow/example_dags/example_python_operator.py
[2024-12-10T17:26:53.767-0600] {processor.py:914} INFO - Processing file /root/airflow_env/lib/python3.12/site-packages/airflow/example_dags/example_python_operator.py for tasks to queue
[2024-12-10T17:26:53.769-0600] {logging_mixin.py:190} INFO - [2024-12-10T17:26:53.768-0600] {dagbag.py:588} INFO - Filling up the DagBag from /root/airflow_env/lib/python3.12/site-packages/airflow/example_dags/example_python_operator.py
[2024-12-10T17:26:53.795-0600] {logging_mixin.py:190} INFO - [2024-12-10T17:26:53.795-0600] {example_python_operator.py:93} WARNING - The virtalenv_python example task requires virtualenv, please install it.
[2024-12-10T17:26:53.797-0600] {processor.py:925} INFO - DAG(s) 'example_python_operator' retrieved from /root/airflow_env/lib/python3.12/site-packages/airflow/example_dags/example_python_operator.py
[2024-12-10T17:26:53.811-0600] {logging_mixin.py:190} INFO - [2024-12-10T17:26:53.811-0600] {dag.py:3239} INFO - Sync 1 DAGs
[2024-12-10T17:26:53.821-0600] {logging_mixin.py:190} INFO - [2024-12-10T17:26:53.821-0600] {dag.py:4180} INFO - Setting next_dagrun for example_python_operator to None, run_after=None
[2024-12-10T17:26:53.839-0600] {processor.py:208} INFO - Processing /root/airflow_env/lib/python3.12/site-packages/airflow/example_dags/example_python_operator.py took 0.079 seconds
[2024-12-10T17:27:46.821-0600] {processor.py:186} INFO - Started process (PID=2701) to work on /root/airflow_env/lib/python3.12/site-packages/airflow/example_dags/example_python_operator.py
[2024-12-10T17:27:46.824-0600] {processor.py:914} INFO - Processing file /root/airflow_env/lib/python3.12/site-packages/airflow/example_dags/example_python_operator.py for tasks to queue
[2024-12-10T17:27:46.825-0600] {logging_mixin.py:190} INFO - [2024-12-10T17:27:46.825-0600] {dagbag.py:588} INFO - Filling up the DagBag from /root/airflow_env/lib/python3.12/site-packages/airflow/example_dags/example_python_operator.py
[2024-12-10T17:27:46.845-0600] {logging_mixin.py:190} INFO - [2024-12-10T17:27:46.845-0600] {example_python_operator.py:93} WARNING - The virtalenv_python example task requires virtualenv, please install it.
[2024-12-10T17:27:46.847-0600] {processor.py:925} INFO - DAG(s) 'example_python_operator' retrieved from /root/airflow_env/lib/python3.12/site-packages/airflow/example_dags/example_python_operator.py
[2024-12-10T17:27:46.859-0600] {logging_mixin.py:190} INFO - [2024-12-10T17:27:46.858-0600] {dag.py:3239} INFO - Sync 1 DAGs
[2024-12-10T17:27:46.867-0600] {logging_mixin.py:190} INFO - [2024-12-10T17:27:46.867-0600] {dag.py:4180} INFO - Setting next_dagrun for example_python_operator to None, run_after=None
[2024-12-10T17:27:46.884-0600] {processor.py:208} INFO - Processing /root/airflow_env/lib/python3.12/site-packages/airflow/example_dags/example_python_operator.py took 0.067 seconds
[2024-12-10T17:28:38.912-0600] {processor.py:186} INFO - Started process (PID=2757) to work on /root/airflow_env/lib/python3.12/site-packages/airflow/example_dags/example_python_operator.py
[2024-12-10T17:28:38.915-0600] {processor.py:914} INFO - Processing file /root/airflow_env/lib/python3.12/site-packages/airflow/example_dags/example_python_operator.py for tasks to queue
[2024-12-10T17:28:38.916-0600] {logging_mixin.py:190} INFO - [2024-12-10T17:28:38.916-0600] {dagbag.py:588} INFO - Filling up the DagBag from /root/airflow_env/lib/python3.12/site-packages/airflow/example_dags/example_python_operator.py
[2024-12-10T17:28:38.940-0600] {logging_mixin.py:190} INFO - [2024-12-10T17:28:38.940-0600] {example_python_operator.py:93} WARNING - The virtalenv_python example task requires virtualenv, please install it.
[2024-12-10T17:28:38.942-0600] {processor.py:925} INFO - DAG(s) 'example_python_operator' retrieved from /root/airflow_env/lib/python3.12/site-packages/airflow/example_dags/example_python_operator.py
[2024-12-10T17:28:38.955-0600] {logging_mixin.py:190} INFO - [2024-12-10T17:28:38.955-0600] {dag.py:3239} INFO - Sync 1 DAGs
[2024-12-10T17:28:38.965-0600] {logging_mixin.py:190} INFO - [2024-12-10T17:28:38.965-0600] {dag.py:4180} INFO - Setting next_dagrun for example_python_operator to None, run_after=None
[2024-12-10T17:28:38.984-0600] {processor.py:208} INFO - Processing /root/airflow_env/lib/python3.12/site-packages/airflow/example_dags/example_python_operator.py took 0.076 seconds
[2024-12-10T17:29:32.174-0600] {processor.py:186} INFO - Started process (PID=2816) to work on /root/airflow_env/lib/python3.12/site-packages/airflow/example_dags/example_python_operator.py
[2024-12-10T17:29:32.175-0600] {processor.py:914} INFO - Processing file /root/airflow_env/lib/python3.12/site-packages/airflow/example_dags/example_python_operator.py for tasks to queue
[2024-12-10T17:29:32.177-0600] {logging_mixin.py:190} INFO - [2024-12-10T17:29:32.177-0600] {dagbag.py:588} INFO - Filling up the DagBag from /root/airflow_env/lib/python3.12/site-packages/airflow/example_dags/example_python_operator.py
[2024-12-10T17:29:32.197-0600] {logging_mixin.py:190} INFO - [2024-12-10T17:29:32.197-0600] {example_python_operator.py:93} WARNING - The virtalenv_python example task requires virtualenv, please install it.
[2024-12-10T17:29:32.198-0600] {processor.py:925} INFO - DAG(s) 'example_python_operator' retrieved from /root/airflow_env/lib/python3.12/site-packages/airflow/example_dags/example_python_operator.py
[2024-12-10T17:29:32.209-0600] {logging_mixin.py:190} INFO - [2024-12-10T17:29:32.209-0600] {dag.py:3239} INFO - Sync 1 DAGs
[2024-12-10T17:29:32.217-0600] {logging_mixin.py:190} INFO - [2024-12-10T17:29:32.217-0600] {dag.py:4180} INFO - Setting next_dagrun for example_python_operator to None, run_after=None
[2024-12-10T17:29:32.234-0600] {processor.py:208} INFO - Processing /root/airflow_env/lib/python3.12/site-packages/airflow/example_dags/example_python_operator.py took 0.064 seconds
[2024-12-10T17:30:21.843-0600] {processor.py:186} INFO - Started process (PID=2878) to work on /root/airflow_env/lib/python3.12/site-packages/airflow/example_dags/example_python_operator.py
[2024-12-10T17:30:21.846-0600] {processor.py:914} INFO - Processing file /root/airflow_env/lib/python3.12/site-packages/airflow/example_dags/example_python_operator.py for tasks to queue
[2024-12-10T17:30:21.847-0600] {logging_mixin.py:190} INFO - [2024-12-10T17:30:21.847-0600] {dagbag.py:588} INFO - Filling up the DagBag from /root/airflow_env/lib/python3.12/site-packages/airflow/example_dags/example_python_operator.py
[2024-12-10T17:30:21.869-0600] {logging_mixin.py:190} INFO - [2024-12-10T17:30:21.869-0600] {example_python_operator.py:93} WARNING - The virtalenv_python example task requires virtualenv, please install it.
[2024-12-10T17:30:21.871-0600] {processor.py:925} INFO - DAG(s) 'example_python_operator' retrieved from /root/airflow_env/lib/python3.12/site-packages/airflow/example_dags/example_python_operator.py
[2024-12-10T17:30:21.882-0600] {logging_mixin.py:190} INFO - [2024-12-10T17:30:21.882-0600] {dag.py:3239} INFO - Sync 1 DAGs
[2024-12-10T17:30:21.890-0600] {logging_mixin.py:190} INFO - [2024-12-10T17:30:21.890-0600] {dag.py:4180} INFO - Setting next_dagrun for example_python_operator to None, run_after=None
[2024-12-10T17:30:21.906-0600] {processor.py:208} INFO - Processing /root/airflow_env/lib/python3.12/site-packages/airflow/example_dags/example_python_operator.py took 0.067 seconds
[2024-12-10T17:31:13.674-0600] {processor.py:186} INFO - Started process (PID=2933) to work on /root/airflow_env/lib/python3.12/site-packages/airflow/example_dags/example_python_operator.py
[2024-12-10T17:31:13.676-0600] {processor.py:914} INFO - Processing file /root/airflow_env/lib/python3.12/site-packages/airflow/example_dags/example_python_operator.py for tasks to queue
[2024-12-10T17:31:13.678-0600] {logging_mixin.py:190} INFO - [2024-12-10T17:31:13.677-0600] {dagbag.py:588} INFO - Filling up the DagBag from /root/airflow_env/lib/python3.12/site-packages/airflow/example_dags/example_python_operator.py
[2024-12-10T17:31:13.707-0600] {logging_mixin.py:190} INFO - [2024-12-10T17:31:13.707-0600] {example_python_operator.py:93} WARNING - The virtalenv_python example task requires virtualenv, please install it.
[2024-12-10T17:31:13.709-0600] {processor.py:925} INFO - DAG(s) 'example_python_operator' retrieved from /root/airflow_env/lib/python3.12/site-packages/airflow/example_dags/example_python_operator.py
[2024-12-10T17:31:13.723-0600] {logging_mixin.py:190} INFO - [2024-12-10T17:31:13.723-0600] {dag.py:3239} INFO - Sync 1 DAGs
[2024-12-10T17:31:13.734-0600] {logging_mixin.py:190} INFO - [2024-12-10T17:31:13.734-0600] {dag.py:4180} INFO - Setting next_dagrun for example_python_operator to None, run_after=None
[2024-12-10T17:31:13.754-0600] {processor.py:208} INFO - Processing /root/airflow_env/lib/python3.12/site-packages/airflow/example_dags/example_python_operator.py took 0.084 seconds
[2024-12-10T17:32:05.231-0600] {processor.py:186} INFO - Started process (PID=2990) to work on /root/airflow_env/lib/python3.12/site-packages/airflow/example_dags/example_python_operator.py
[2024-12-10T17:32:05.234-0600] {processor.py:914} INFO - Processing file /root/airflow_env/lib/python3.12/site-packages/airflow/example_dags/example_python_operator.py for tasks to queue
[2024-12-10T17:32:05.235-0600] {logging_mixin.py:190} INFO - [2024-12-10T17:32:05.235-0600] {dagbag.py:588} INFO - Filling up the DagBag from /root/airflow_env/lib/python3.12/site-packages/airflow/example_dags/example_python_operator.py
[2024-12-10T17:32:05.257-0600] {logging_mixin.py:190} INFO - [2024-12-10T17:32:05.257-0600] {example_python_operator.py:93} WARNING - The virtalenv_python example task requires virtualenv, please install it.
[2024-12-10T17:32:05.259-0600] {processor.py:925} INFO - DAG(s) 'example_python_operator' retrieved from /root/airflow_env/lib/python3.12/site-packages/airflow/example_dags/example_python_operator.py
[2024-12-10T17:32:05.271-0600] {logging_mixin.py:190} INFO - [2024-12-10T17:32:05.271-0600] {dag.py:3239} INFO - Sync 1 DAGs
[2024-12-10T17:32:05.280-0600] {logging_mixin.py:190} INFO - [2024-12-10T17:32:05.280-0600] {dag.py:4180} INFO - Setting next_dagrun for example_python_operator to None, run_after=None
[2024-12-10T17:32:05.297-0600] {processor.py:208} INFO - Processing /root/airflow_env/lib/python3.12/site-packages/airflow/example_dags/example_python_operator.py took 0.069 seconds
[2024-12-10T17:33:01.333-0600] {processor.py:186} INFO - Started process (PID=3051) to work on /root/airflow_env/lib/python3.12/site-packages/airflow/example_dags/example_python_operator.py
[2024-12-10T17:33:01.336-0600] {processor.py:914} INFO - Processing file /root/airflow_env/lib/python3.12/site-packages/airflow/example_dags/example_python_operator.py for tasks to queue
[2024-12-10T17:33:01.337-0600] {logging_mixin.py:190} INFO - [2024-12-10T17:33:01.337-0600] {dagbag.py:588} INFO - Filling up the DagBag from /root/airflow_env/lib/python3.12/site-packages/airflow/example_dags/example_python_operator.py
[2024-12-10T17:33:01.360-0600] {logging_mixin.py:190} INFO - [2024-12-10T17:33:01.360-0600] {example_python_operator.py:93} WARNING - The virtalenv_python example task requires virtualenv, please install it.
[2024-12-10T17:33:01.362-0600] {processor.py:925} INFO - DAG(s) 'example_python_operator' retrieved from /root/airflow_env/lib/python3.12/site-packages/airflow/example_dags/example_python_operator.py
[2024-12-10T17:33:01.375-0600] {logging_mixin.py:190} INFO - [2024-12-10T17:33:01.374-0600] {dag.py:3239} INFO - Sync 1 DAGs
[2024-12-10T17:33:01.383-0600] {logging_mixin.py:190} INFO - [2024-12-10T17:33:01.383-0600] {dag.py:4180} INFO - Setting next_dagrun for example_python_operator to None, run_after=None
[2024-12-10T17:33:01.400-0600] {processor.py:208} INFO - Processing /root/airflow_env/lib/python3.12/site-packages/airflow/example_dags/example_python_operator.py took 0.071 seconds
[2024-12-10T17:33:53.267-0600] {processor.py:186} INFO - Started process (PID=3214) to work on /root/airflow_env/lib/python3.12/site-packages/airflow/example_dags/example_python_operator.py
[2024-12-10T17:33:53.269-0600] {processor.py:914} INFO - Processing file /root/airflow_env/lib/python3.12/site-packages/airflow/example_dags/example_python_operator.py for tasks to queue
[2024-12-10T17:33:53.271-0600] {logging_mixin.py:190} INFO - [2024-12-10T17:33:53.271-0600] {dagbag.py:588} INFO - Filling up the DagBag from /root/airflow_env/lib/python3.12/site-packages/airflow/example_dags/example_python_operator.py
[2024-12-10T17:33:53.298-0600] {logging_mixin.py:190} INFO - [2024-12-10T17:33:53.298-0600] {example_python_operator.py:93} WARNING - The virtalenv_python example task requires virtualenv, please install it.
[2024-12-10T17:33:53.300-0600] {processor.py:925} INFO - DAG(s) 'example_python_operator' retrieved from /root/airflow_env/lib/python3.12/site-packages/airflow/example_dags/example_python_operator.py
[2024-12-10T17:33:53.314-0600] {logging_mixin.py:190} INFO - [2024-12-10T17:33:53.313-0600] {dag.py:3239} INFO - Sync 1 DAGs
[2024-12-10T17:33:53.323-0600] {logging_mixin.py:190} INFO - [2024-12-10T17:33:53.323-0600] {dag.py:4180} INFO - Setting next_dagrun for example_python_operator to None, run_after=None
[2024-12-10T17:33:53.344-0600] {processor.py:208} INFO - Processing /root/airflow_env/lib/python3.12/site-packages/airflow/example_dags/example_python_operator.py took 0.081 seconds
[2024-12-10T17:34:45.782-0600] {processor.py:186} INFO - Started process (PID=3272) to work on /root/airflow_env/lib/python3.12/site-packages/airflow/example_dags/example_python_operator.py
[2024-12-10T17:34:45.784-0600] {processor.py:914} INFO - Processing file /root/airflow_env/lib/python3.12/site-packages/airflow/example_dags/example_python_operator.py for tasks to queue
[2024-12-10T17:34:45.786-0600] {logging_mixin.py:190} INFO - [2024-12-10T17:34:45.786-0600] {dagbag.py:588} INFO - Filling up the DagBag from /root/airflow_env/lib/python3.12/site-packages/airflow/example_dags/example_python_operator.py
[2024-12-10T17:34:45.809-0600] {logging_mixin.py:190} INFO - [2024-12-10T17:34:45.808-0600] {example_python_operator.py:93} WARNING - The virtalenv_python example task requires virtualenv, please install it.
[2024-12-10T17:34:45.810-0600] {processor.py:925} INFO - DAG(s) 'example_python_operator' retrieved from /root/airflow_env/lib/python3.12/site-packages/airflow/example_dags/example_python_operator.py
[2024-12-10T17:34:45.824-0600] {logging_mixin.py:190} INFO - [2024-12-10T17:34:45.824-0600] {dag.py:3239} INFO - Sync 1 DAGs
[2024-12-10T17:34:45.832-0600] {logging_mixin.py:190} INFO - [2024-12-10T17:34:45.832-0600] {dag.py:4180} INFO - Setting next_dagrun for example_python_operator to None, run_after=None
[2024-12-10T17:34:45.849-0600] {processor.py:208} INFO - Processing /root/airflow_env/lib/python3.12/site-packages/airflow/example_dags/example_python_operator.py took 0.071 seconds
[2024-12-10T17:35:37.064-0600] {processor.py:186} INFO - Started process (PID=3332) to work on /root/airflow_env/lib/python3.12/site-packages/airflow/example_dags/example_python_operator.py
[2024-12-10T17:35:37.067-0600] {processor.py:914} INFO - Processing file /root/airflow_env/lib/python3.12/site-packages/airflow/example_dags/example_python_operator.py for tasks to queue
[2024-12-10T17:35:37.068-0600] {logging_mixin.py:190} INFO - [2024-12-10T17:35:37.068-0600] {dagbag.py:588} INFO - Filling up the DagBag from /root/airflow_env/lib/python3.12/site-packages/airflow/example_dags/example_python_operator.py
[2024-12-10T17:35:37.090-0600] {logging_mixin.py:190} INFO - [2024-12-10T17:35:37.090-0600] {example_python_operator.py:93} WARNING - The virtalenv_python example task requires virtualenv, please install it.
[2024-12-10T17:35:37.092-0600] {processor.py:925} INFO - DAG(s) 'example_python_operator' retrieved from /root/airflow_env/lib/python3.12/site-packages/airflow/example_dags/example_python_operator.py
[2024-12-10T17:35:37.103-0600] {logging_mixin.py:190} INFO - [2024-12-10T17:35:37.103-0600] {dag.py:3239} INFO - Sync 1 DAGs
[2024-12-10T17:35:37.111-0600] {logging_mixin.py:190} INFO - [2024-12-10T17:35:37.111-0600] {dag.py:4180} INFO - Setting next_dagrun for example_python_operator to None, run_after=None
[2024-12-10T17:35:37.129-0600] {processor.py:208} INFO - Processing /root/airflow_env/lib/python3.12/site-packages/airflow/example_dags/example_python_operator.py took 0.068 seconds
[2024-12-10T17:36:27.483-0600] {processor.py:186} INFO - Started process (PID=3387) to work on /root/airflow_env/lib/python3.12/site-packages/airflow/example_dags/example_python_operator.py
[2024-12-10T17:36:27.485-0600] {processor.py:914} INFO - Processing file /root/airflow_env/lib/python3.12/site-packages/airflow/example_dags/example_python_operator.py for tasks to queue
[2024-12-10T17:36:27.487-0600] {logging_mixin.py:190} INFO - [2024-12-10T17:36:27.487-0600] {dagbag.py:588} INFO - Filling up the DagBag from /root/airflow_env/lib/python3.12/site-packages/airflow/example_dags/example_python_operator.py
[2024-12-10T17:36:27.508-0600] {logging_mixin.py:190} INFO - [2024-12-10T17:36:27.508-0600] {example_python_operator.py:93} WARNING - The virtalenv_python example task requires virtualenv, please install it.
[2024-12-10T17:36:27.510-0600] {processor.py:925} INFO - DAG(s) 'example_python_operator' retrieved from /root/airflow_env/lib/python3.12/site-packages/airflow/example_dags/example_python_operator.py
[2024-12-10T17:36:27.523-0600] {logging_mixin.py:190} INFO - [2024-12-10T17:36:27.523-0600] {dag.py:3239} INFO - Sync 1 DAGs
[2024-12-10T17:36:27.533-0600] {logging_mixin.py:190} INFO - [2024-12-10T17:36:27.533-0600] {dag.py:4180} INFO - Setting next_dagrun for example_python_operator to None, run_after=None
[2024-12-10T17:36:27.551-0600] {processor.py:208} INFO - Processing /root/airflow_env/lib/python3.12/site-packages/airflow/example_dags/example_python_operator.py took 0.072 seconds
[2024-12-10T17:37:18.097-0600] {processor.py:186} INFO - Started process (PID=3444) to work on /root/airflow_env/lib/python3.12/site-packages/airflow/example_dags/example_python_operator.py
[2024-12-10T17:37:18.099-0600] {processor.py:914} INFO - Processing file /root/airflow_env/lib/python3.12/site-packages/airflow/example_dags/example_python_operator.py for tasks to queue
[2024-12-10T17:37:18.100-0600] {logging_mixin.py:190} INFO - [2024-12-10T17:37:18.100-0600] {dagbag.py:588} INFO - Filling up the DagBag from /root/airflow_env/lib/python3.12/site-packages/airflow/example_dags/example_python_operator.py
[2024-12-10T17:37:18.122-0600] {logging_mixin.py:190} INFO - [2024-12-10T17:37:18.121-0600] {example_python_operator.py:93} WARNING - The virtalenv_python example task requires virtualenv, please install it.
[2024-12-10T17:37:18.123-0600] {processor.py:925} INFO - DAG(s) 'example_python_operator' retrieved from /root/airflow_env/lib/python3.12/site-packages/airflow/example_dags/example_python_operator.py
[2024-12-10T17:37:18.135-0600] {logging_mixin.py:190} INFO - [2024-12-10T17:37:18.135-0600] {dag.py:3239} INFO - Sync 1 DAGs
[2024-12-10T17:37:18.143-0600] {logging_mixin.py:190} INFO - [2024-12-10T17:37:18.143-0600] {dag.py:4180} INFO - Setting next_dagrun for example_python_operator to None, run_after=None
[2024-12-10T17:37:18.159-0600] {processor.py:208} INFO - Processing /root/airflow_env/lib/python3.12/site-packages/airflow/example_dags/example_python_operator.py took 0.066 seconds
[2024-12-10T17:38:08.835-0600] {processor.py:186} INFO - Started process (PID=3500) to work on /root/airflow_env/lib/python3.12/site-packages/airflow/example_dags/example_python_operator.py
[2024-12-10T17:38:08.837-0600] {processor.py:914} INFO - Processing file /root/airflow_env/lib/python3.12/site-packages/airflow/example_dags/example_python_operator.py for tasks to queue
[2024-12-10T17:38:08.839-0600] {logging_mixin.py:190} INFO - [2024-12-10T17:38:08.838-0600] {dagbag.py:588} INFO - Filling up the DagBag from /root/airflow_env/lib/python3.12/site-packages/airflow/example_dags/example_python_operator.py
[2024-12-10T17:38:08.864-0600] {logging_mixin.py:190} INFO - [2024-12-10T17:38:08.864-0600] {example_python_operator.py:93} WARNING - The virtalenv_python example task requires virtualenv, please install it.
[2024-12-10T17:38:08.866-0600] {processor.py:925} INFO - DAG(s) 'example_python_operator' retrieved from /root/airflow_env/lib/python3.12/site-packages/airflow/example_dags/example_python_operator.py
[2024-12-10T17:38:08.877-0600] {logging_mixin.py:190} INFO - [2024-12-10T17:38:08.877-0600] {dag.py:3239} INFO - Sync 1 DAGs
[2024-12-10T17:38:08.886-0600] {logging_mixin.py:190} INFO - [2024-12-10T17:38:08.886-0600] {dag.py:4180} INFO - Setting next_dagrun for example_python_operator to None, run_after=None
[2024-12-10T17:38:08.902-0600] {processor.py:208} INFO - Processing /root/airflow_env/lib/python3.12/site-packages/airflow/example_dags/example_python_operator.py took 0.071 seconds
[2024-12-10T17:39:00.403-0600] {processor.py:186} INFO - Started process (PID=3557) to work on /root/airflow_env/lib/python3.12/site-packages/airflow/example_dags/example_python_operator.py
[2024-12-10T17:39:00.406-0600] {processor.py:914} INFO - Processing file /root/airflow_env/lib/python3.12/site-packages/airflow/example_dags/example_python_operator.py for tasks to queue
[2024-12-10T17:39:00.407-0600] {logging_mixin.py:190} INFO - [2024-12-10T17:39:00.407-0600] {dagbag.py:588} INFO - Filling up the DagBag from /root/airflow_env/lib/python3.12/site-packages/airflow/example_dags/example_python_operator.py
[2024-12-10T17:39:00.429-0600] {logging_mixin.py:190} INFO - [2024-12-10T17:39:00.429-0600] {example_python_operator.py:93} WARNING - The virtalenv_python example task requires virtualenv, please install it.
[2024-12-10T17:39:00.431-0600] {processor.py:925} INFO - DAG(s) 'example_python_operator' retrieved from /root/airflow_env/lib/python3.12/site-packages/airflow/example_dags/example_python_operator.py
[2024-12-10T17:39:00.443-0600] {logging_mixin.py:190} INFO - [2024-12-10T17:39:00.443-0600] {dag.py:3239} INFO - Sync 1 DAGs
[2024-12-10T17:39:00.452-0600] {logging_mixin.py:190} INFO - [2024-12-10T17:39:00.451-0600] {dag.py:4180} INFO - Setting next_dagrun for example_python_operator to None, run_after=None
[2024-12-10T17:39:00.469-0600] {processor.py:208} INFO - Processing /root/airflow_env/lib/python3.12/site-packages/airflow/example_dags/example_python_operator.py took 0.070 seconds
[2024-12-10T17:39:52.987-0600] {processor.py:186} INFO - Started process (PID=3616) to work on /root/airflow_env/lib/python3.12/site-packages/airflow/example_dags/example_python_operator.py
[2024-12-10T17:39:52.990-0600] {processor.py:914} INFO - Processing file /root/airflow_env/lib/python3.12/site-packages/airflow/example_dags/example_python_operator.py for tasks to queue
[2024-12-10T17:39:52.992-0600] {logging_mixin.py:190} INFO - [2024-12-10T17:39:52.991-0600] {dagbag.py:588} INFO - Filling up the DagBag from /root/airflow_env/lib/python3.12/site-packages/airflow/example_dags/example_python_operator.py
[2024-12-10T17:39:53.018-0600] {logging_mixin.py:190} INFO - [2024-12-10T17:39:53.018-0600] {example_python_operator.py:93} WARNING - The virtalenv_python example task requires virtualenv, please install it.
[2024-12-10T17:39:53.020-0600] {processor.py:925} INFO - DAG(s) 'example_python_operator' retrieved from /root/airflow_env/lib/python3.12/site-packages/airflow/example_dags/example_python_operator.py
[2024-12-10T17:39:53.032-0600] {logging_mixin.py:190} INFO - [2024-12-10T17:39:53.031-0600] {dag.py:3239} INFO - Sync 1 DAGs
[2024-12-10T17:39:53.040-0600] {logging_mixin.py:190} INFO - [2024-12-10T17:39:53.040-0600] {dag.py:4180} INFO - Setting next_dagrun for example_python_operator to None, run_after=None
[2024-12-10T17:39:53.057-0600] {processor.py:208} INFO - Processing /root/airflow_env/lib/python3.12/site-packages/airflow/example_dags/example_python_operator.py took 0.074 seconds
[2024-12-10T17:40:47.335-0600] {processor.py:186} INFO - Started process (PID=3678) to work on /root/airflow_env/lib/python3.12/site-packages/airflow/example_dags/example_python_operator.py
[2024-12-10T17:40:47.338-0600] {processor.py:914} INFO - Processing file /root/airflow_env/lib/python3.12/site-packages/airflow/example_dags/example_python_operator.py for tasks to queue
[2024-12-10T17:40:47.339-0600] {logging_mixin.py:190} INFO - [2024-12-10T17:40:47.339-0600] {dagbag.py:588} INFO - Filling up the DagBag from /root/airflow_env/lib/python3.12/site-packages/airflow/example_dags/example_python_operator.py
[2024-12-10T17:40:47.366-0600] {logging_mixin.py:190} INFO - [2024-12-10T17:40:47.366-0600] {example_python_operator.py:93} WARNING - The virtalenv_python example task requires virtualenv, please install it.
[2024-12-10T17:40:47.368-0600] {processor.py:925} INFO - DAG(s) 'example_python_operator' retrieved from /root/airflow_env/lib/python3.12/site-packages/airflow/example_dags/example_python_operator.py
[2024-12-10T17:40:47.380-0600] {logging_mixin.py:190} INFO - [2024-12-10T17:40:47.380-0600] {dag.py:3239} INFO - Sync 1 DAGs
[2024-12-10T17:40:47.389-0600] {logging_mixin.py:190} INFO - [2024-12-10T17:40:47.388-0600] {dag.py:4180} INFO - Setting next_dagrun for example_python_operator to None, run_after=None
[2024-12-10T17:40:47.406-0600] {processor.py:208} INFO - Processing /root/airflow_env/lib/python3.12/site-packages/airflow/example_dags/example_python_operator.py took 0.074 seconds
[2024-12-10T17:41:42.830-0600] {processor.py:186} INFO - Started process (PID=3739) to work on /root/airflow_env/lib/python3.12/site-packages/airflow/example_dags/example_python_operator.py
[2024-12-10T17:41:42.831-0600] {processor.py:914} INFO - Processing file /root/airflow_env/lib/python3.12/site-packages/airflow/example_dags/example_python_operator.py for tasks to queue
[2024-12-10T17:41:42.833-0600] {logging_mixin.py:190} INFO - [2024-12-10T17:41:42.833-0600] {dagbag.py:588} INFO - Filling up the DagBag from /root/airflow_env/lib/python3.12/site-packages/airflow/example_dags/example_python_operator.py
[2024-12-10T17:41:42.859-0600] {logging_mixin.py:190} INFO - [2024-12-10T17:41:42.859-0600] {example_python_operator.py:93} WARNING - The virtalenv_python example task requires virtualenv, please install it.
[2024-12-10T17:41:42.861-0600] {processor.py:925} INFO - DAG(s) 'example_python_operator' retrieved from /root/airflow_env/lib/python3.12/site-packages/airflow/example_dags/example_python_operator.py
[2024-12-10T17:41:42.873-0600] {logging_mixin.py:190} INFO - [2024-12-10T17:41:42.873-0600] {dag.py:3239} INFO - Sync 1 DAGs
[2024-12-10T17:41:42.881-0600] {logging_mixin.py:190} INFO - [2024-12-10T17:41:42.880-0600] {dag.py:4180} INFO - Setting next_dagrun for example_python_operator to None, run_after=None
[2024-12-10T17:41:42.899-0600] {processor.py:208} INFO - Processing /root/airflow_env/lib/python3.12/site-packages/airflow/example_dags/example_python_operator.py took 0.073 seconds
[2024-12-10T17:42:34.304-0600] {processor.py:186} INFO - Started process (PID=3805) to work on /root/airflow_env/lib/python3.12/site-packages/airflow/example_dags/example_python_operator.py
[2024-12-10T17:42:34.305-0600] {processor.py:914} INFO - Processing file /root/airflow_env/lib/python3.12/site-packages/airflow/example_dags/example_python_operator.py for tasks to queue
[2024-12-10T17:42:34.309-0600] {logging_mixin.py:190} INFO - [2024-12-10T17:42:34.308-0600] {dagbag.py:588} INFO - Filling up the DagBag from /root/airflow_env/lib/python3.12/site-packages/airflow/example_dags/example_python_operator.py
[2024-12-10T17:42:34.345-0600] {logging_mixin.py:190} INFO - [2024-12-10T17:42:34.344-0600] {example_python_operator.py:93} WARNING - The virtalenv_python example task requires virtualenv, please install it.
[2024-12-10T17:42:34.349-0600] {processor.py:925} INFO - DAG(s) 'example_python_operator' retrieved from /root/airflow_env/lib/python3.12/site-packages/airflow/example_dags/example_python_operator.py
[2024-12-10T17:42:34.368-0600] {logging_mixin.py:190} INFO - [2024-12-10T17:42:34.368-0600] {dag.py:3239} INFO - Sync 1 DAGs
[2024-12-10T17:42:34.381-0600] {logging_mixin.py:190} INFO - [2024-12-10T17:42:34.381-0600] {dag.py:4180} INFO - Setting next_dagrun for example_python_operator to None, run_after=None
[2024-12-10T17:42:34.402-0600] {processor.py:208} INFO - Processing /root/airflow_env/lib/python3.12/site-packages/airflow/example_dags/example_python_operator.py took 0.104 seconds
[2024-12-10T17:43:27.963-0600] {processor.py:186} INFO - Started process (PID=3872) to work on /root/airflow_env/lib/python3.12/site-packages/airflow/example_dags/example_python_operator.py
[2024-12-10T17:43:27.965-0600] {processor.py:914} INFO - Processing file /root/airflow_env/lib/python3.12/site-packages/airflow/example_dags/example_python_operator.py for tasks to queue
[2024-12-10T17:43:27.967-0600] {logging_mixin.py:190} INFO - [2024-12-10T17:43:27.966-0600] {dagbag.py:588} INFO - Filling up the DagBag from /root/airflow_env/lib/python3.12/site-packages/airflow/example_dags/example_python_operator.py
[2024-12-10T17:43:27.993-0600] {logging_mixin.py:190} INFO - [2024-12-10T17:43:27.993-0600] {example_python_operator.py:93} WARNING - The virtalenv_python example task requires virtualenv, please install it.
[2024-12-10T17:43:27.995-0600] {processor.py:925} INFO - DAG(s) 'example_python_operator' retrieved from /root/airflow_env/lib/python3.12/site-packages/airflow/example_dags/example_python_operator.py
[2024-12-10T17:43:28.007-0600] {logging_mixin.py:190} INFO - [2024-12-10T17:43:28.007-0600] {dag.py:3239} INFO - Sync 1 DAGs
[2024-12-10T17:43:28.016-0600] {logging_mixin.py:190} INFO - [2024-12-10T17:43:28.016-0600] {dag.py:4180} INFO - Setting next_dagrun for example_python_operator to None, run_after=None
[2024-12-10T17:43:28.033-0600] {processor.py:208} INFO - Processing /root/airflow_env/lib/python3.12/site-packages/airflow/example_dags/example_python_operator.py took 0.074 seconds
[2024-12-10T17:44:18.473-0600] {processor.py:186} INFO - Started process (PID=3929) to work on /root/airflow_env/lib/python3.12/site-packages/airflow/example_dags/example_python_operator.py
[2024-12-10T17:44:18.476-0600] {processor.py:914} INFO - Processing file /root/airflow_env/lib/python3.12/site-packages/airflow/example_dags/example_python_operator.py for tasks to queue
[2024-12-10T17:44:18.477-0600] {logging_mixin.py:190} INFO - [2024-12-10T17:44:18.477-0600] {dagbag.py:588} INFO - Filling up the DagBag from /root/airflow_env/lib/python3.12/site-packages/airflow/example_dags/example_python_operator.py
[2024-12-10T17:44:18.506-0600] {logging_mixin.py:190} INFO - [2024-12-10T17:44:18.506-0600] {example_python_operator.py:93} WARNING - The virtalenv_python example task requires virtualenv, please install it.
[2024-12-10T17:44:18.510-0600] {processor.py:925} INFO - DAG(s) 'example_python_operator' retrieved from /root/airflow_env/lib/python3.12/site-packages/airflow/example_dags/example_python_operator.py
[2024-12-10T17:44:18.521-0600] {logging_mixin.py:190} INFO - [2024-12-10T17:44:18.521-0600] {dag.py:3239} INFO - Sync 1 DAGs
[2024-12-10T17:44:18.531-0600] {logging_mixin.py:190} INFO - [2024-12-10T17:44:18.530-0600] {dag.py:4180} INFO - Setting next_dagrun for example_python_operator to None, run_after=None
[2024-12-10T17:44:18.547-0600] {processor.py:208} INFO - Processing /root/airflow_env/lib/python3.12/site-packages/airflow/example_dags/example_python_operator.py took 0.078 seconds
[2024-12-10T17:45:12.062-0600] {processor.py:186} INFO - Started process (PID=3989) to work on /root/airflow_env/lib/python3.12/site-packages/airflow/example_dags/example_python_operator.py
[2024-12-10T17:45:12.064-0600] {processor.py:914} INFO - Processing file /root/airflow_env/lib/python3.12/site-packages/airflow/example_dags/example_python_operator.py for tasks to queue
[2024-12-10T17:45:12.066-0600] {logging_mixin.py:190} INFO - [2024-12-10T17:45:12.065-0600] {dagbag.py:588} INFO - Filling up the DagBag from /root/airflow_env/lib/python3.12/site-packages/airflow/example_dags/example_python_operator.py
[2024-12-10T17:45:12.088-0600] {logging_mixin.py:190} INFO - [2024-12-10T17:45:12.088-0600] {example_python_operator.py:93} WARNING - The virtalenv_python example task requires virtualenv, please install it.
[2024-12-10T17:45:12.090-0600] {processor.py:925} INFO - DAG(s) 'example_python_operator' retrieved from /root/airflow_env/lib/python3.12/site-packages/airflow/example_dags/example_python_operator.py
[2024-12-10T17:45:12.103-0600] {logging_mixin.py:190} INFO - [2024-12-10T17:45:12.103-0600] {dag.py:3239} INFO - Sync 1 DAGs
[2024-12-10T17:45:12.113-0600] {logging_mixin.py:190} INFO - [2024-12-10T17:45:12.113-0600] {dag.py:4180} INFO - Setting next_dagrun for example_python_operator to None, run_after=None
[2024-12-10T17:45:12.132-0600] {processor.py:208} INFO - Processing /root/airflow_env/lib/python3.12/site-packages/airflow/example_dags/example_python_operator.py took 0.075 seconds
[2024-12-10T17:46:05.852-0600] {processor.py:186} INFO - Started process (PID=4046) to work on /root/airflow_env/lib/python3.12/site-packages/airflow/example_dags/example_python_operator.py
[2024-12-10T17:46:05.854-0600] {processor.py:914} INFO - Processing file /root/airflow_env/lib/python3.12/site-packages/airflow/example_dags/example_python_operator.py for tasks to queue
[2024-12-10T17:46:05.856-0600] {logging_mixin.py:190} INFO - [2024-12-10T17:46:05.855-0600] {dagbag.py:588} INFO - Filling up the DagBag from /root/airflow_env/lib/python3.12/site-packages/airflow/example_dags/example_python_operator.py
[2024-12-10T17:46:05.885-0600] {logging_mixin.py:190} INFO - [2024-12-10T17:46:05.885-0600] {example_python_operator.py:93} WARNING - The virtalenv_python example task requires virtualenv, please install it.
[2024-12-10T17:46:05.887-0600] {processor.py:925} INFO - DAG(s) 'example_python_operator' retrieved from /root/airflow_env/lib/python3.12/site-packages/airflow/example_dags/example_python_operator.py
[2024-12-10T17:46:05.899-0600] {logging_mixin.py:190} INFO - [2024-12-10T17:46:05.898-0600] {dag.py:3239} INFO - Sync 1 DAGs
[2024-12-10T17:46:05.907-0600] {logging_mixin.py:190} INFO - [2024-12-10T17:46:05.907-0600] {dag.py:4180} INFO - Setting next_dagrun for example_python_operator to None, run_after=None
[2024-12-10T17:46:05.924-0600] {processor.py:208} INFO - Processing /root/airflow_env/lib/python3.12/site-packages/airflow/example_dags/example_python_operator.py took 0.076 seconds
[2024-12-10T17:47:07.317-0600] {processor.py:186} INFO - Started process (PID=4109) to work on /root/airflow_env/lib/python3.12/site-packages/airflow/example_dags/example_python_operator.py
[2024-12-10T17:47:07.319-0600] {processor.py:914} INFO - Processing file /root/airflow_env/lib/python3.12/site-packages/airflow/example_dags/example_python_operator.py for tasks to queue
[2024-12-10T17:47:07.320-0600] {logging_mixin.py:190} INFO - [2024-12-10T17:47:07.320-0600] {dagbag.py:588} INFO - Filling up the DagBag from /root/airflow_env/lib/python3.12/site-packages/airflow/example_dags/example_python_operator.py
[2024-12-10T17:47:07.344-0600] {logging_mixin.py:190} INFO - [2024-12-10T17:47:07.344-0600] {example_python_operator.py:93} WARNING - The virtalenv_python example task requires virtualenv, please install it.
[2024-12-10T17:47:07.346-0600] {processor.py:925} INFO - DAG(s) 'example_python_operator' retrieved from /root/airflow_env/lib/python3.12/site-packages/airflow/example_dags/example_python_operator.py
[2024-12-10T17:47:07.357-0600] {logging_mixin.py:190} INFO - [2024-12-10T17:47:07.357-0600] {dag.py:3239} INFO - Sync 1 DAGs
[2024-12-10T17:47:07.366-0600] {logging_mixin.py:190} INFO - [2024-12-10T17:47:07.366-0600] {dag.py:4180} INFO - Setting next_dagrun for example_python_operator to None, run_after=None
[2024-12-10T17:47:07.382-0600] {processor.py:208} INFO - Processing /root/airflow_env/lib/python3.12/site-packages/airflow/example_dags/example_python_operator.py took 0.069 seconds
[2024-12-10T17:48:04.916-0600] {processor.py:186} INFO - Started process (PID=4170) to work on /root/airflow_env/lib/python3.12/site-packages/airflow/example_dags/example_python_operator.py
[2024-12-10T17:48:04.918-0600] {processor.py:914} INFO - Processing file /root/airflow_env/lib/python3.12/site-packages/airflow/example_dags/example_python_operator.py for tasks to queue
[2024-12-10T17:48:04.920-0600] {logging_mixin.py:190} INFO - [2024-12-10T17:48:04.919-0600] {dagbag.py:588} INFO - Filling up the DagBag from /root/airflow_env/lib/python3.12/site-packages/airflow/example_dags/example_python_operator.py
[2024-12-10T17:48:04.943-0600] {logging_mixin.py:190} INFO - [2024-12-10T17:48:04.942-0600] {example_python_operator.py:93} WARNING - The virtalenv_python example task requires virtualenv, please install it.
[2024-12-10T17:48:04.944-0600] {processor.py:925} INFO - DAG(s) 'example_python_operator' retrieved from /root/airflow_env/lib/python3.12/site-packages/airflow/example_dags/example_python_operator.py
[2024-12-10T17:48:05.044-0600] {logging_mixin.py:190} INFO - [2024-12-10T17:48:05.044-0600] {dag.py:3239} INFO - Sync 1 DAGs
[2024-12-10T17:48:05.050-0600] {logging_mixin.py:190} INFO - [2024-12-10T17:48:05.050-0600] {dag.py:4180} INFO - Setting next_dagrun for example_python_operator to None, run_after=None
[2024-12-10T17:48:05.066-0600] {processor.py:208} INFO - Processing /root/airflow_env/lib/python3.12/site-packages/airflow/example_dags/example_python_operator.py took 0.154 seconds
[2024-12-10T17:48:59.703-0600] {processor.py:186} INFO - Started process (PID=4229) to work on /root/airflow_env/lib/python3.12/site-packages/airflow/example_dags/example_python_operator.py
[2024-12-10T17:48:59.704-0600] {processor.py:914} INFO - Processing file /root/airflow_env/lib/python3.12/site-packages/airflow/example_dags/example_python_operator.py for tasks to queue
[2024-12-10T17:48:59.706-0600] {logging_mixin.py:190} INFO - [2024-12-10T17:48:59.705-0600] {dagbag.py:588} INFO - Filling up the DagBag from /root/airflow_env/lib/python3.12/site-packages/airflow/example_dags/example_python_operator.py
[2024-12-10T17:48:59.731-0600] {logging_mixin.py:190} INFO - [2024-12-10T17:48:59.730-0600] {example_python_operator.py:93} WARNING - The virtalenv_python example task requires virtualenv, please install it.
[2024-12-10T17:48:59.733-0600] {processor.py:925} INFO - DAG(s) 'example_python_operator' retrieved from /root/airflow_env/lib/python3.12/site-packages/airflow/example_dags/example_python_operator.py
[2024-12-10T17:48:59.746-0600] {logging_mixin.py:190} INFO - [2024-12-10T17:48:59.746-0600] {dag.py:3239} INFO - Sync 1 DAGs
[2024-12-10T17:48:59.847-0600] {logging_mixin.py:190} INFO - [2024-12-10T17:48:59.847-0600] {dag.py:4180} INFO - Setting next_dagrun for example_python_operator to None, run_after=None
[2024-12-10T17:48:59.862-0600] {processor.py:208} INFO - Processing /root/airflow_env/lib/python3.12/site-packages/airflow/example_dags/example_python_operator.py took 0.165 seconds
[2024-12-10T17:49:55.078-0600] {processor.py:186} INFO - Started process (PID=4288) to work on /root/airflow_env/lib/python3.12/site-packages/airflow/example_dags/example_python_operator.py
[2024-12-10T17:49:55.081-0600] {processor.py:914} INFO - Processing file /root/airflow_env/lib/python3.12/site-packages/airflow/example_dags/example_python_operator.py for tasks to queue
[2024-12-10T17:49:55.083-0600] {logging_mixin.py:190} INFO - [2024-12-10T17:49:55.082-0600] {dagbag.py:588} INFO - Filling up the DagBag from /root/airflow_env/lib/python3.12/site-packages/airflow/example_dags/example_python_operator.py
[2024-12-10T17:49:55.108-0600] {logging_mixin.py:190} INFO - [2024-12-10T17:49:55.108-0600] {example_python_operator.py:93} WARNING - The virtalenv_python example task requires virtualenv, please install it.
[2024-12-10T17:49:55.110-0600] {processor.py:925} INFO - DAG(s) 'example_python_operator' retrieved from /root/airflow_env/lib/python3.12/site-packages/airflow/example_dags/example_python_operator.py
[2024-12-10T17:49:55.123-0600] {logging_mixin.py:190} INFO - [2024-12-10T17:49:55.122-0600] {dag.py:3239} INFO - Sync 1 DAGs
[2024-12-10T17:49:55.133-0600] {logging_mixin.py:190} INFO - [2024-12-10T17:49:55.132-0600] {dag.py:4180} INFO - Setting next_dagrun for example_python_operator to None, run_after=None
[2024-12-10T17:49:55.150-0600] {processor.py:208} INFO - Processing /root/airflow_env/lib/python3.12/site-packages/airflow/example_dags/example_python_operator.py took 0.076 seconds
[2024-12-10T17:55:28.025-0600] {processor.py:186} INFO - Started process (PID=4624) to work on /root/airflow_env/lib/python3.12/site-packages/airflow/example_dags/example_python_operator.py
[2024-12-10T17:55:28.028-0600] {processor.py:914} INFO - Processing file /root/airflow_env/lib/python3.12/site-packages/airflow/example_dags/example_python_operator.py for tasks to queue
[2024-12-10T17:55:28.030-0600] {logging_mixin.py:190} INFO - [2024-12-10T17:55:28.030-0600] {dagbag.py:588} INFO - Filling up the DagBag from /root/airflow_env/lib/python3.12/site-packages/airflow/example_dags/example_python_operator.py
[2024-12-10T17:55:28.058-0600] {logging_mixin.py:190} INFO - [2024-12-10T17:55:28.058-0600] {example_python_operator.py:93} WARNING - The virtalenv_python example task requires virtualenv, please install it.
[2024-12-10T17:55:28.060-0600] {processor.py:925} INFO - DAG(s) 'example_python_operator' retrieved from /root/airflow_env/lib/python3.12/site-packages/airflow/example_dags/example_python_operator.py
[2024-12-10T17:55:28.074-0600] {logging_mixin.py:190} INFO - [2024-12-10T17:55:28.073-0600] {dag.py:3239} INFO - Sync 1 DAGs
[2024-12-10T17:55:28.082-0600] {logging_mixin.py:190} INFO - [2024-12-10T17:55:28.082-0600] {dag.py:4180} INFO - Setting next_dagrun for example_python_operator to None, run_after=None
[2024-12-10T17:55:28.099-0600] {processor.py:208} INFO - Processing /root/airflow_env/lib/python3.12/site-packages/airflow/example_dags/example_python_operator.py took 0.078 seconds
[2024-12-10T17:56:26.170-0600] {processor.py:186} INFO - Started process (PID=4696) to work on /root/airflow_env/lib/python3.12/site-packages/airflow/example_dags/example_python_operator.py
[2024-12-10T17:56:26.171-0600] {processor.py:914} INFO - Processing file /root/airflow_env/lib/python3.12/site-packages/airflow/example_dags/example_python_operator.py for tasks to queue
[2024-12-10T17:56:26.173-0600] {logging_mixin.py:190} INFO - [2024-12-10T17:56:26.172-0600] {dagbag.py:588} INFO - Filling up the DagBag from /root/airflow_env/lib/python3.12/site-packages/airflow/example_dags/example_python_operator.py
[2024-12-10T17:56:26.219-0600] {logging_mixin.py:190} INFO - [2024-12-10T17:56:26.218-0600] {example_python_operator.py:93} WARNING - The virtalenv_python example task requires virtualenv, please install it.
[2024-12-10T17:56:26.221-0600] {processor.py:925} INFO - DAG(s) 'example_python_operator' retrieved from /root/airflow_env/lib/python3.12/site-packages/airflow/example_dags/example_python_operator.py
[2024-12-10T17:56:26.234-0600] {logging_mixin.py:190} INFO - [2024-12-10T17:56:26.234-0600] {dag.py:3239} INFO - Sync 1 DAGs
[2024-12-10T17:56:26.244-0600] {logging_mixin.py:190} INFO - [2024-12-10T17:56:26.243-0600] {dag.py:4180} INFO - Setting next_dagrun for example_python_operator to None, run_after=None
[2024-12-10T17:56:26.263-0600] {processor.py:208} INFO - Processing /root/airflow_env/lib/python3.12/site-packages/airflow/example_dags/example_python_operator.py took 0.098 seconds
[2024-12-10T17:57:22.686-0600] {processor.py:186} INFO - Started process (PID=4774) to work on /root/airflow_env/lib/python3.12/site-packages/airflow/example_dags/example_python_operator.py
[2024-12-10T17:57:22.687-0600] {processor.py:914} INFO - Processing file /root/airflow_env/lib/python3.12/site-packages/airflow/example_dags/example_python_operator.py for tasks to queue
[2024-12-10T17:57:22.688-0600] {logging_mixin.py:190} INFO - [2024-12-10T17:57:22.688-0600] {dagbag.py:588} INFO - Filling up the DagBag from /root/airflow_env/lib/python3.12/site-packages/airflow/example_dags/example_python_operator.py
[2024-12-10T17:57:22.715-0600] {logging_mixin.py:190} INFO - [2024-12-10T17:57:22.715-0600] {example_python_operator.py:93} WARNING - The virtalenv_python example task requires virtualenv, please install it.
[2024-12-10T17:57:22.717-0600] {processor.py:925} INFO - DAG(s) 'example_python_operator' retrieved from /root/airflow_env/lib/python3.12/site-packages/airflow/example_dags/example_python_operator.py
[2024-12-10T17:57:22.729-0600] {logging_mixin.py:190} INFO - [2024-12-10T17:57:22.729-0600] {dag.py:3239} INFO - Sync 1 DAGs
[2024-12-10T17:57:22.738-0600] {logging_mixin.py:190} INFO - [2024-12-10T17:57:22.738-0600] {dag.py:4180} INFO - Setting next_dagrun for example_python_operator to None, run_after=None
[2024-12-10T17:57:22.756-0600] {processor.py:208} INFO - Processing /root/airflow_env/lib/python3.12/site-packages/airflow/example_dags/example_python_operator.py took 0.074 seconds
[2024-12-10T17:58:18.194-0600] {processor.py:186} INFO - Started process (PID=4848) to work on /root/airflow_env/lib/python3.12/site-packages/airflow/example_dags/example_python_operator.py
[2024-12-10T17:58:18.196-0600] {processor.py:914} INFO - Processing file /root/airflow_env/lib/python3.12/site-packages/airflow/example_dags/example_python_operator.py for tasks to queue
[2024-12-10T17:58:18.198-0600] {logging_mixin.py:190} INFO - [2024-12-10T17:58:18.197-0600] {dagbag.py:588} INFO - Filling up the DagBag from /root/airflow_env/lib/python3.12/site-packages/airflow/example_dags/example_python_operator.py
[2024-12-10T17:58:18.236-0600] {logging_mixin.py:190} INFO - [2024-12-10T17:58:18.236-0600] {example_python_operator.py:93} WARNING - The virtalenv_python example task requires virtualenv, please install it.
[2024-12-10T17:58:18.239-0600] {processor.py:925} INFO - DAG(s) 'example_python_operator' retrieved from /root/airflow_env/lib/python3.12/site-packages/airflow/example_dags/example_python_operator.py
[2024-12-10T17:58:18.256-0600] {logging_mixin.py:190} INFO - [2024-12-10T17:58:18.256-0600] {dag.py:3239} INFO - Sync 1 DAGs
[2024-12-10T17:58:18.269-0600] {logging_mixin.py:190} INFO - [2024-12-10T17:58:18.268-0600] {dag.py:4180} INFO - Setting next_dagrun for example_python_operator to None, run_after=None
[2024-12-10T17:58:18.288-0600] {processor.py:208} INFO - Processing /root/airflow_env/lib/python3.12/site-packages/airflow/example_dags/example_python_operator.py took 0.103 seconds
[2024-12-10T17:59:29.301-0600] {processor.py:186} INFO - Started process (PID=4950) to work on /root/airflow_env/lib/python3.12/site-packages/airflow/example_dags/example_python_operator.py
[2024-12-10T17:59:29.305-0600] {processor.py:914} INFO - Processing file /root/airflow_env/lib/python3.12/site-packages/airflow/example_dags/example_python_operator.py for tasks to queue
[2024-12-10T17:59:29.307-0600] {logging_mixin.py:190} INFO - [2024-12-10T17:59:29.307-0600] {dagbag.py:588} INFO - Filling up the DagBag from /root/airflow_env/lib/python3.12/site-packages/airflow/example_dags/example_python_operator.py
[2024-12-10T17:59:29.346-0600] {logging_mixin.py:190} INFO - [2024-12-10T17:59:29.346-0600] {example_python_operator.py:93} WARNING - The virtalenv_python example task requires virtualenv, please install it.
[2024-12-10T17:59:29.349-0600] {processor.py:925} INFO - DAG(s) 'example_python_operator' retrieved from /root/airflow_env/lib/python3.12/site-packages/airflow/example_dags/example_python_operator.py
[2024-12-10T17:59:29.368-0600] {logging_mixin.py:190} INFO - [2024-12-10T17:59:29.367-0600] {dag.py:3239} INFO - Sync 1 DAGs
[2024-12-10T17:59:29.382-0600] {logging_mixin.py:190} INFO - [2024-12-10T17:59:29.382-0600] {dag.py:4180} INFO - Setting next_dagrun for example_python_operator to None, run_after=None
[2024-12-10T17:59:29.415-0600] {processor.py:208} INFO - Processing /root/airflow_env/lib/python3.12/site-packages/airflow/example_dags/example_python_operator.py took 0.120 seconds
