[2024-12-10T17:00:11.049-0600] {processor.py:186} INFO - Started process (PID=700) to work on /root/airflow_env/lib/python3.12/site-packages/airflow/example_dags/example_kubernetes_executor.py
[2024-12-10T17:00:11.053-0600] {processor.py:914} INFO - Processing file /root/airflow_env/lib/python3.12/site-packages/airflow/example_dags/example_kubernetes_executor.py for tasks to queue
[2024-12-10T17:00:11.054-0600] {logging_mixin.py:190} INFO - [2024-12-10T17:00:11.054-0600] {dagbag.py:588} INFO - Filling up the DagBag from /root/airflow_env/lib/python3.12/site-packages/airflow/example_dags/example_kubernetes_executor.py
[2024-12-10T17:00:11.057-0600] {logging_mixin.py:190} INFO - [2024-12-10T17:00:11.056-0600] {example_kubernetes_executor.py:39} WARNING - The example_kubernetes_executor example DAG requires the kubernetes provider. Please install it with: pip install apache-airflow[cncf.kubernetes]
[2024-12-10T17:00:11.057-0600] {processor.py:927} WARNING - No viable dags retrieved from /root/airflow_env/lib/python3.12/site-packages/airflow/example_dags/example_kubernetes_executor.py
[2024-12-10T17:00:11.067-0600] {processor.py:208} INFO - Processing /root/airflow_env/lib/python3.12/site-packages/airflow/example_dags/example_kubernetes_executor.py took 0.022 seconds
[2024-12-10T17:01:07.202-0600] {processor.py:186} INFO - Started process (PID=771) to work on /root/airflow_env/lib/python3.12/site-packages/airflow/example_dags/example_kubernetes_executor.py
[2024-12-10T17:01:07.204-0600] {processor.py:914} INFO - Processing file /root/airflow_env/lib/python3.12/site-packages/airflow/example_dags/example_kubernetes_executor.py for tasks to queue
[2024-12-10T17:01:07.208-0600] {logging_mixin.py:190} INFO - [2024-12-10T17:01:07.207-0600] {dagbag.py:588} INFO - Filling up the DagBag from /root/airflow_env/lib/python3.12/site-packages/airflow/example_dags/example_kubernetes_executor.py
[2024-12-10T17:01:07.213-0600] {logging_mixin.py:190} INFO - [2024-12-10T17:01:07.213-0600] {example_kubernetes_executor.py:39} WARNING - The example_kubernetes_executor example DAG requires the kubernetes provider. Please install it with: pip install apache-airflow[cncf.kubernetes]
[2024-12-10T17:01:07.214-0600] {processor.py:927} WARNING - No viable dags retrieved from /root/airflow_env/lib/python3.12/site-packages/airflow/example_dags/example_kubernetes_executor.py
[2024-12-10T17:01:07.236-0600] {processor.py:208} INFO - Processing /root/airflow_env/lib/python3.12/site-packages/airflow/example_dags/example_kubernetes_executor.py took 0.042 seconds
[2024-12-10T17:02:21.466-0600] {processor.py:186} INFO - Started process (PID=909) to work on /root/airflow_env/lib/python3.12/site-packages/airflow/example_dags/example_kubernetes_executor.py
[2024-12-10T17:02:21.468-0600] {processor.py:914} INFO - Processing file /root/airflow_env/lib/python3.12/site-packages/airflow/example_dags/example_kubernetes_executor.py for tasks to queue
[2024-12-10T17:02:21.471-0600] {logging_mixin.py:190} INFO - [2024-12-10T17:02:21.470-0600] {dagbag.py:588} INFO - Filling up the DagBag from /root/airflow_env/lib/python3.12/site-packages/airflow/example_dags/example_kubernetes_executor.py
[2024-12-10T17:02:21.475-0600] {logging_mixin.py:190} INFO - [2024-12-10T17:02:21.475-0600] {example_kubernetes_executor.py:39} WARNING - The example_kubernetes_executor example DAG requires the kubernetes provider. Please install it with: pip install apache-airflow[cncf.kubernetes]
[2024-12-10T17:02:21.476-0600] {processor.py:927} WARNING - No viable dags retrieved from /root/airflow_env/lib/python3.12/site-packages/airflow/example_dags/example_kubernetes_executor.py
[2024-12-10T17:02:21.488-0600] {processor.py:208} INFO - Processing /root/airflow_env/lib/python3.12/site-packages/airflow/example_dags/example_kubernetes_executor.py took 0.030 seconds
[2024-12-10T17:03:19.250-0600] {processor.py:186} INFO - Started process (PID=980) to work on /root/airflow_env/lib/python3.12/site-packages/airflow/example_dags/example_kubernetes_executor.py
[2024-12-10T17:03:19.251-0600] {processor.py:914} INFO - Processing file /root/airflow_env/lib/python3.12/site-packages/airflow/example_dags/example_kubernetes_executor.py for tasks to queue
[2024-12-10T17:03:19.253-0600] {logging_mixin.py:190} INFO - [2024-12-10T17:03:19.252-0600] {dagbag.py:588} INFO - Filling up the DagBag from /root/airflow_env/lib/python3.12/site-packages/airflow/example_dags/example_kubernetes_executor.py
[2024-12-10T17:03:19.255-0600] {logging_mixin.py:190} INFO - [2024-12-10T17:03:19.255-0600] {example_kubernetes_executor.py:39} WARNING - The example_kubernetes_executor example DAG requires the kubernetes provider. Please install it with: pip install apache-airflow[cncf.kubernetes]
[2024-12-10T17:03:19.255-0600] {processor.py:927} WARNING - No viable dags retrieved from /root/airflow_env/lib/python3.12/site-packages/airflow/example_dags/example_kubernetes_executor.py
[2024-12-10T17:03:19.263-0600] {processor.py:208} INFO - Processing /root/airflow_env/lib/python3.12/site-packages/airflow/example_dags/example_kubernetes_executor.py took 0.018 seconds
[2024-12-10T17:04:10.476-0600] {processor.py:186} INFO - Started process (PID=1042) to work on /root/airflow_env/lib/python3.12/site-packages/airflow/example_dags/example_kubernetes_executor.py
[2024-12-10T17:04:10.478-0600] {processor.py:914} INFO - Processing file /root/airflow_env/lib/python3.12/site-packages/airflow/example_dags/example_kubernetes_executor.py for tasks to queue
[2024-12-10T17:04:10.479-0600] {logging_mixin.py:190} INFO - [2024-12-10T17:04:10.479-0600] {dagbag.py:588} INFO - Filling up the DagBag from /root/airflow_env/lib/python3.12/site-packages/airflow/example_dags/example_kubernetes_executor.py
[2024-12-10T17:04:10.481-0600] {logging_mixin.py:190} INFO - [2024-12-10T17:04:10.481-0600] {example_kubernetes_executor.py:39} WARNING - The example_kubernetes_executor example DAG requires the kubernetes provider. Please install it with: pip install apache-airflow[cncf.kubernetes]
[2024-12-10T17:04:10.481-0600] {processor.py:927} WARNING - No viable dags retrieved from /root/airflow_env/lib/python3.12/site-packages/airflow/example_dags/example_kubernetes_executor.py
[2024-12-10T17:04:10.490-0600] {processor.py:208} INFO - Processing /root/airflow_env/lib/python3.12/site-packages/airflow/example_dags/example_kubernetes_executor.py took 0.017 seconds
[2024-12-10T17:05:05.994-0600] {processor.py:186} INFO - Started process (PID=1104) to work on /root/airflow_env/lib/python3.12/site-packages/airflow/example_dags/example_kubernetes_executor.py
[2024-12-10T17:05:05.995-0600] {processor.py:914} INFO - Processing file /root/airflow_env/lib/python3.12/site-packages/airflow/example_dags/example_kubernetes_executor.py for tasks to queue
[2024-12-10T17:05:05.996-0600] {logging_mixin.py:190} INFO - [2024-12-10T17:05:05.996-0600] {dagbag.py:588} INFO - Filling up the DagBag from /root/airflow_env/lib/python3.12/site-packages/airflow/example_dags/example_kubernetes_executor.py
[2024-12-10T17:05:05.999-0600] {logging_mixin.py:190} INFO - [2024-12-10T17:05:05.998-0600] {example_kubernetes_executor.py:39} WARNING - The example_kubernetes_executor example DAG requires the kubernetes provider. Please install it with: pip install apache-airflow[cncf.kubernetes]
[2024-12-10T17:05:05.999-0600] {processor.py:927} WARNING - No viable dags retrieved from /root/airflow_env/lib/python3.12/site-packages/airflow/example_dags/example_kubernetes_executor.py
[2024-12-10T17:05:06.007-0600] {processor.py:208} INFO - Processing /root/airflow_env/lib/python3.12/site-packages/airflow/example_dags/example_kubernetes_executor.py took 0.018 seconds
[2024-12-10T17:05:58.655-0600] {processor.py:186} INFO - Started process (PID=1168) to work on /root/airflow_env/lib/python3.12/site-packages/airflow/example_dags/example_kubernetes_executor.py
[2024-12-10T17:05:58.657-0600] {processor.py:914} INFO - Processing file /root/airflow_env/lib/python3.12/site-packages/airflow/example_dags/example_kubernetes_executor.py for tasks to queue
[2024-12-10T17:05:58.658-0600] {logging_mixin.py:190} INFO - [2024-12-10T17:05:58.658-0600] {dagbag.py:588} INFO - Filling up the DagBag from /root/airflow_env/lib/python3.12/site-packages/airflow/example_dags/example_kubernetes_executor.py
[2024-12-10T17:05:58.660-0600] {logging_mixin.py:190} INFO - [2024-12-10T17:05:58.660-0600] {example_kubernetes_executor.py:39} WARNING - The example_kubernetes_executor example DAG requires the kubernetes provider. Please install it with: pip install apache-airflow[cncf.kubernetes]
[2024-12-10T17:05:58.660-0600] {processor.py:927} WARNING - No viable dags retrieved from /root/airflow_env/lib/python3.12/site-packages/airflow/example_dags/example_kubernetes_executor.py
[2024-12-10T17:05:58.668-0600] {processor.py:208} INFO - Processing /root/airflow_env/lib/python3.12/site-packages/airflow/example_dags/example_kubernetes_executor.py took 0.017 seconds
[2024-12-10T17:06:51.526-0600] {processor.py:186} INFO - Started process (PID=1226) to work on /root/airflow_env/lib/python3.12/site-packages/airflow/example_dags/example_kubernetes_executor.py
[2024-12-10T17:06:51.528-0600] {processor.py:914} INFO - Processing file /root/airflow_env/lib/python3.12/site-packages/airflow/example_dags/example_kubernetes_executor.py for tasks to queue
[2024-12-10T17:06:51.532-0600] {logging_mixin.py:190} INFO - [2024-12-10T17:06:51.531-0600] {dagbag.py:588} INFO - Filling up the DagBag from /root/airflow_env/lib/python3.12/site-packages/airflow/example_dags/example_kubernetes_executor.py
[2024-12-10T17:06:51.536-0600] {logging_mixin.py:190} INFO - [2024-12-10T17:06:51.536-0600] {example_kubernetes_executor.py:39} WARNING - The example_kubernetes_executor example DAG requires the kubernetes provider. Please install it with: pip install apache-airflow[cncf.kubernetes]
[2024-12-10T17:06:51.537-0600] {processor.py:927} WARNING - No viable dags retrieved from /root/airflow_env/lib/python3.12/site-packages/airflow/example_dags/example_kubernetes_executor.py
[2024-12-10T17:06:51.550-0600] {processor.py:208} INFO - Processing /root/airflow_env/lib/python3.12/site-packages/airflow/example_dags/example_kubernetes_executor.py took 0.044 seconds
[2024-12-10T17:07:46.805-0600] {processor.py:186} INFO - Started process (PID=1287) to work on /root/airflow_env/lib/python3.12/site-packages/airflow/example_dags/example_kubernetes_executor.py
[2024-12-10T17:07:46.807-0600] {processor.py:914} INFO - Processing file /root/airflow_env/lib/python3.12/site-packages/airflow/example_dags/example_kubernetes_executor.py for tasks to queue
[2024-12-10T17:07:46.809-0600] {logging_mixin.py:190} INFO - [2024-12-10T17:07:46.809-0600] {dagbag.py:588} INFO - Filling up the DagBag from /root/airflow_env/lib/python3.12/site-packages/airflow/example_dags/example_kubernetes_executor.py
[2024-12-10T17:07:46.813-0600] {logging_mixin.py:190} INFO - [2024-12-10T17:07:46.812-0600] {example_kubernetes_executor.py:39} WARNING - The example_kubernetes_executor example DAG requires the kubernetes provider. Please install it with: pip install apache-airflow[cncf.kubernetes]
[2024-12-10T17:07:46.814-0600] {processor.py:927} WARNING - No viable dags retrieved from /root/airflow_env/lib/python3.12/site-packages/airflow/example_dags/example_kubernetes_executor.py
[2024-12-10T17:07:46.824-0600] {processor.py:208} INFO - Processing /root/airflow_env/lib/python3.12/site-packages/airflow/example_dags/example_kubernetes_executor.py took 0.025 seconds
[2024-12-10T17:08:36.341-0600] {processor.py:186} INFO - Started process (PID=1388) to work on /root/airflow_env/lib/python3.12/site-packages/airflow/example_dags/example_kubernetes_executor.py
[2024-12-10T17:08:36.342-0600] {processor.py:914} INFO - Processing file /root/airflow_env/lib/python3.12/site-packages/airflow/example_dags/example_kubernetes_executor.py for tasks to queue
[2024-12-10T17:08:36.344-0600] {logging_mixin.py:190} INFO - [2024-12-10T17:08:36.344-0600] {dagbag.py:588} INFO - Filling up the DagBag from /root/airflow_env/lib/python3.12/site-packages/airflow/example_dags/example_kubernetes_executor.py
[2024-12-10T17:08:36.346-0600] {logging_mixin.py:190} INFO - [2024-12-10T17:08:36.346-0600] {example_kubernetes_executor.py:39} WARNING - The example_kubernetes_executor example DAG requires the kubernetes provider. Please install it with: pip install apache-airflow[cncf.kubernetes]
[2024-12-10T17:08:36.346-0600] {processor.py:927} WARNING - No viable dags retrieved from /root/airflow_env/lib/python3.12/site-packages/airflow/example_dags/example_kubernetes_executor.py
[2024-12-10T17:08:36.354-0600] {processor.py:208} INFO - Processing /root/airflow_env/lib/python3.12/site-packages/airflow/example_dags/example_kubernetes_executor.py took 0.017 seconds
[2024-12-10T17:09:26.831-0600] {processor.py:186} INFO - Started process (PID=1450) to work on /root/airflow_env/lib/python3.12/site-packages/airflow/example_dags/example_kubernetes_executor.py
[2024-12-10T17:09:26.834-0600] {processor.py:914} INFO - Processing file /root/airflow_env/lib/python3.12/site-packages/airflow/example_dags/example_kubernetes_executor.py for tasks to queue
[2024-12-10T17:09:26.837-0600] {logging_mixin.py:190} INFO - [2024-12-10T17:09:26.836-0600] {dagbag.py:588} INFO - Filling up the DagBag from /root/airflow_env/lib/python3.12/site-packages/airflow/example_dags/example_kubernetes_executor.py
[2024-12-10T17:09:26.840-0600] {logging_mixin.py:190} INFO - [2024-12-10T17:09:26.840-0600] {example_kubernetes_executor.py:39} WARNING - The example_kubernetes_executor example DAG requires the kubernetes provider. Please install it with: pip install apache-airflow[cncf.kubernetes]
[2024-12-10T17:09:26.840-0600] {processor.py:927} WARNING - No viable dags retrieved from /root/airflow_env/lib/python3.12/site-packages/airflow/example_dags/example_kubernetes_executor.py
[2024-12-10T17:09:26.851-0600] {processor.py:208} INFO - Processing /root/airflow_env/lib/python3.12/site-packages/airflow/example_dags/example_kubernetes_executor.py took 0.025 seconds
[2024-12-10T17:10:19.814-0600] {processor.py:186} INFO - Started process (PID=1518) to work on /root/airflow_env/lib/python3.12/site-packages/airflow/example_dags/example_kubernetes_executor.py
[2024-12-10T17:10:19.815-0600] {processor.py:914} INFO - Processing file /root/airflow_env/lib/python3.12/site-packages/airflow/example_dags/example_kubernetes_executor.py for tasks to queue
[2024-12-10T17:10:19.817-0600] {logging_mixin.py:190} INFO - [2024-12-10T17:10:19.816-0600] {dagbag.py:588} INFO - Filling up the DagBag from /root/airflow_env/lib/python3.12/site-packages/airflow/example_dags/example_kubernetes_executor.py
[2024-12-10T17:10:19.819-0600] {logging_mixin.py:190} INFO - [2024-12-10T17:10:19.819-0600] {example_kubernetes_executor.py:39} WARNING - The example_kubernetes_executor example DAG requires the kubernetes provider. Please install it with: pip install apache-airflow[cncf.kubernetes]
[2024-12-10T17:10:19.819-0600] {processor.py:927} WARNING - No viable dags retrieved from /root/airflow_env/lib/python3.12/site-packages/airflow/example_dags/example_kubernetes_executor.py
[2024-12-10T17:10:19.826-0600] {processor.py:208} INFO - Processing /root/airflow_env/lib/python3.12/site-packages/airflow/example_dags/example_kubernetes_executor.py took 0.017 seconds
[2024-12-10T17:11:07.819-0600] {processor.py:186} INFO - Started process (PID=1578) to work on /root/airflow_env/lib/python3.12/site-packages/airflow/example_dags/example_kubernetes_executor.py
[2024-12-10T17:11:07.821-0600] {processor.py:914} INFO - Processing file /root/airflow_env/lib/python3.12/site-packages/airflow/example_dags/example_kubernetes_executor.py for tasks to queue
[2024-12-10T17:11:07.822-0600] {logging_mixin.py:190} INFO - [2024-12-10T17:11:07.822-0600] {dagbag.py:588} INFO - Filling up the DagBag from /root/airflow_env/lib/python3.12/site-packages/airflow/example_dags/example_kubernetes_executor.py
[2024-12-10T17:11:07.824-0600] {logging_mixin.py:190} INFO - [2024-12-10T17:11:07.824-0600] {example_kubernetes_executor.py:39} WARNING - The example_kubernetes_executor example DAG requires the kubernetes provider. Please install it with: pip install apache-airflow[cncf.kubernetes]
[2024-12-10T17:11:07.824-0600] {processor.py:927} WARNING - No viable dags retrieved from /root/airflow_env/lib/python3.12/site-packages/airflow/example_dags/example_kubernetes_executor.py
[2024-12-10T17:11:07.832-0600] {processor.py:208} INFO - Processing /root/airflow_env/lib/python3.12/site-packages/airflow/example_dags/example_kubernetes_executor.py took 0.016 seconds
[2024-12-10T17:11:59.967-0600] {processor.py:186} INFO - Started process (PID=1639) to work on /root/airflow_env/lib/python3.12/site-packages/airflow/example_dags/example_kubernetes_executor.py
[2024-12-10T17:11:59.970-0600] {processor.py:914} INFO - Processing file /root/airflow_env/lib/python3.12/site-packages/airflow/example_dags/example_kubernetes_executor.py for tasks to queue
[2024-12-10T17:11:59.971-0600] {logging_mixin.py:190} INFO - [2024-12-10T17:11:59.971-0600] {dagbag.py:588} INFO - Filling up the DagBag from /root/airflow_env/lib/python3.12/site-packages/airflow/example_dags/example_kubernetes_executor.py
[2024-12-10T17:11:59.973-0600] {logging_mixin.py:190} INFO - [2024-12-10T17:11:59.973-0600] {example_kubernetes_executor.py:39} WARNING - The example_kubernetes_executor example DAG requires the kubernetes provider. Please install it with: pip install apache-airflow[cncf.kubernetes]
[2024-12-10T17:11:59.974-0600] {processor.py:927} WARNING - No viable dags retrieved from /root/airflow_env/lib/python3.12/site-packages/airflow/example_dags/example_kubernetes_executor.py
[2024-12-10T17:11:59.982-0600] {processor.py:208} INFO - Processing /root/airflow_env/lib/python3.12/site-packages/airflow/example_dags/example_kubernetes_executor.py took 0.019 seconds
[2024-12-10T17:12:51.495-0600] {processor.py:186} INFO - Started process (PID=1695) to work on /root/airflow_env/lib/python3.12/site-packages/airflow/example_dags/example_kubernetes_executor.py
[2024-12-10T17:12:51.498-0600] {processor.py:914} INFO - Processing file /root/airflow_env/lib/python3.12/site-packages/airflow/example_dags/example_kubernetes_executor.py for tasks to queue
[2024-12-10T17:12:51.499-0600] {logging_mixin.py:190} INFO - [2024-12-10T17:12:51.499-0600] {dagbag.py:588} INFO - Filling up the DagBag from /root/airflow_env/lib/python3.12/site-packages/airflow/example_dags/example_kubernetes_executor.py
[2024-12-10T17:12:51.501-0600] {logging_mixin.py:190} INFO - [2024-12-10T17:12:51.501-0600] {example_kubernetes_executor.py:39} WARNING - The example_kubernetes_executor example DAG requires the kubernetes provider. Please install it with: pip install apache-airflow[cncf.kubernetes]
[2024-12-10T17:12:51.501-0600] {processor.py:927} WARNING - No viable dags retrieved from /root/airflow_env/lib/python3.12/site-packages/airflow/example_dags/example_kubernetes_executor.py
[2024-12-10T17:12:51.509-0600] {processor.py:208} INFO - Processing /root/airflow_env/lib/python3.12/site-packages/airflow/example_dags/example_kubernetes_executor.py took 0.018 seconds
[2024-12-10T17:13:42.844-0600] {processor.py:186} INFO - Started process (PID=1752) to work on /root/airflow_env/lib/python3.12/site-packages/airflow/example_dags/example_kubernetes_executor.py
[2024-12-10T17:13:42.847-0600] {processor.py:914} INFO - Processing file /root/airflow_env/lib/python3.12/site-packages/airflow/example_dags/example_kubernetes_executor.py for tasks to queue
[2024-12-10T17:13:42.848-0600] {logging_mixin.py:190} INFO - [2024-12-10T17:13:42.848-0600] {dagbag.py:588} INFO - Filling up the DagBag from /root/airflow_env/lib/python3.12/site-packages/airflow/example_dags/example_kubernetes_executor.py
[2024-12-10T17:13:42.850-0600] {logging_mixin.py:190} INFO - [2024-12-10T17:13:42.850-0600] {example_kubernetes_executor.py:39} WARNING - The example_kubernetes_executor example DAG requires the kubernetes provider. Please install it with: pip install apache-airflow[cncf.kubernetes]
[2024-12-10T17:13:42.851-0600] {processor.py:927} WARNING - No viable dags retrieved from /root/airflow_env/lib/python3.12/site-packages/airflow/example_dags/example_kubernetes_executor.py
[2024-12-10T17:13:42.858-0600] {processor.py:208} INFO - Processing /root/airflow_env/lib/python3.12/site-packages/airflow/example_dags/example_kubernetes_executor.py took 0.019 seconds
[2024-12-10T17:14:31.848-0600] {processor.py:186} INFO - Started process (PID=1809) to work on /root/airflow_env/lib/python3.12/site-packages/airflow/example_dags/example_kubernetes_executor.py
[2024-12-10T17:14:31.849-0600] {processor.py:914} INFO - Processing file /root/airflow_env/lib/python3.12/site-packages/airflow/example_dags/example_kubernetes_executor.py for tasks to queue
[2024-12-10T17:14:31.851-0600] {logging_mixin.py:190} INFO - [2024-12-10T17:14:31.850-0600] {dagbag.py:588} INFO - Filling up the DagBag from /root/airflow_env/lib/python3.12/site-packages/airflow/example_dags/example_kubernetes_executor.py
[2024-12-10T17:14:31.853-0600] {logging_mixin.py:190} INFO - [2024-12-10T17:14:31.853-0600] {example_kubernetes_executor.py:39} WARNING - The example_kubernetes_executor example DAG requires the kubernetes provider. Please install it with: pip install apache-airflow[cncf.kubernetes]
[2024-12-10T17:14:31.853-0600] {processor.py:927} WARNING - No viable dags retrieved from /root/airflow_env/lib/python3.12/site-packages/airflow/example_dags/example_kubernetes_executor.py
[2024-12-10T17:14:31.861-0600] {processor.py:208} INFO - Processing /root/airflow_env/lib/python3.12/site-packages/airflow/example_dags/example_kubernetes_executor.py took 0.017 seconds
[2024-12-10T17:15:27.210-0600] {processor.py:186} INFO - Started process (PID=1876) to work on /root/airflow_env/lib/python3.12/site-packages/airflow/example_dags/example_kubernetes_executor.py
[2024-12-10T17:15:27.212-0600] {processor.py:914} INFO - Processing file /root/airflow_env/lib/python3.12/site-packages/airflow/example_dags/example_kubernetes_executor.py for tasks to queue
[2024-12-10T17:15:27.214-0600] {logging_mixin.py:190} INFO - [2024-12-10T17:15:27.214-0600] {dagbag.py:588} INFO - Filling up the DagBag from /root/airflow_env/lib/python3.12/site-packages/airflow/example_dags/example_kubernetes_executor.py
[2024-12-10T17:15:27.216-0600] {logging_mixin.py:190} INFO - [2024-12-10T17:15:27.216-0600] {example_kubernetes_executor.py:39} WARNING - The example_kubernetes_executor example DAG requires the kubernetes provider. Please install it with: pip install apache-airflow[cncf.kubernetes]
[2024-12-10T17:15:27.217-0600] {processor.py:927} WARNING - No viable dags retrieved from /root/airflow_env/lib/python3.12/site-packages/airflow/example_dags/example_kubernetes_executor.py
[2024-12-10T17:15:27.225-0600] {processor.py:208} INFO - Processing /root/airflow_env/lib/python3.12/site-packages/airflow/example_dags/example_kubernetes_executor.py took 0.019 seconds
[2024-12-10T17:16:17.544-0600] {processor.py:186} INFO - Started process (PID=1941) to work on /root/airflow_env/lib/python3.12/site-packages/airflow/example_dags/example_kubernetes_executor.py
[2024-12-10T17:16:17.547-0600] {processor.py:914} INFO - Processing file /root/airflow_env/lib/python3.12/site-packages/airflow/example_dags/example_kubernetes_executor.py for tasks to queue
[2024-12-10T17:16:17.548-0600] {logging_mixin.py:190} INFO - [2024-12-10T17:16:17.548-0600] {dagbag.py:588} INFO - Filling up the DagBag from /root/airflow_env/lib/python3.12/site-packages/airflow/example_dags/example_kubernetes_executor.py
[2024-12-10T17:16:17.551-0600] {logging_mixin.py:190} INFO - [2024-12-10T17:16:17.550-0600] {example_kubernetes_executor.py:39} WARNING - The example_kubernetes_executor example DAG requires the kubernetes provider. Please install it with: pip install apache-airflow[cncf.kubernetes]
[2024-12-10T17:16:17.551-0600] {processor.py:927} WARNING - No viable dags retrieved from /root/airflow_env/lib/python3.12/site-packages/airflow/example_dags/example_kubernetes_executor.py
[2024-12-10T17:16:17.559-0600] {processor.py:208} INFO - Processing /root/airflow_env/lib/python3.12/site-packages/airflow/example_dags/example_kubernetes_executor.py took 0.019 seconds
[2024-12-10T17:17:10.472-0600] {processor.py:186} INFO - Started process (PID=2000) to work on /root/airflow_env/lib/python3.12/site-packages/airflow/example_dags/example_kubernetes_executor.py
[2024-12-10T17:17:10.474-0600] {processor.py:914} INFO - Processing file /root/airflow_env/lib/python3.12/site-packages/airflow/example_dags/example_kubernetes_executor.py for tasks to queue
[2024-12-10T17:17:10.475-0600] {logging_mixin.py:190} INFO - [2024-12-10T17:17:10.475-0600] {dagbag.py:588} INFO - Filling up the DagBag from /root/airflow_env/lib/python3.12/site-packages/airflow/example_dags/example_kubernetes_executor.py
[2024-12-10T17:17:10.478-0600] {logging_mixin.py:190} INFO - [2024-12-10T17:17:10.478-0600] {example_kubernetes_executor.py:39} WARNING - The example_kubernetes_executor example DAG requires the kubernetes provider. Please install it with: pip install apache-airflow[cncf.kubernetes]
[2024-12-10T17:17:10.479-0600] {processor.py:927} WARNING - No viable dags retrieved from /root/airflow_env/lib/python3.12/site-packages/airflow/example_dags/example_kubernetes_executor.py
[2024-12-10T17:17:10.487-0600] {processor.py:208} INFO - Processing /root/airflow_env/lib/python3.12/site-packages/airflow/example_dags/example_kubernetes_executor.py took 0.019 seconds
[2024-12-10T17:18:02.315-0600] {processor.py:186} INFO - Started process (PID=2058) to work on /root/airflow_env/lib/python3.12/site-packages/airflow/example_dags/example_kubernetes_executor.py
[2024-12-10T17:18:02.318-0600] {processor.py:914} INFO - Processing file /root/airflow_env/lib/python3.12/site-packages/airflow/example_dags/example_kubernetes_executor.py for tasks to queue
[2024-12-10T17:18:02.319-0600] {logging_mixin.py:190} INFO - [2024-12-10T17:18:02.319-0600] {dagbag.py:588} INFO - Filling up the DagBag from /root/airflow_env/lib/python3.12/site-packages/airflow/example_dags/example_kubernetes_executor.py
[2024-12-10T17:18:02.321-0600] {logging_mixin.py:190} INFO - [2024-12-10T17:18:02.321-0600] {example_kubernetes_executor.py:39} WARNING - The example_kubernetes_executor example DAG requires the kubernetes provider. Please install it with: pip install apache-airflow[cncf.kubernetes]
[2024-12-10T17:18:02.321-0600] {processor.py:927} WARNING - No viable dags retrieved from /root/airflow_env/lib/python3.12/site-packages/airflow/example_dags/example_kubernetes_executor.py
[2024-12-10T17:18:02.329-0600] {processor.py:208} INFO - Processing /root/airflow_env/lib/python3.12/site-packages/airflow/example_dags/example_kubernetes_executor.py took 0.018 seconds
[2024-12-10T17:18:54.145-0600] {processor.py:186} INFO - Started process (PID=2114) to work on /root/airflow_env/lib/python3.12/site-packages/airflow/example_dags/example_kubernetes_executor.py
[2024-12-10T17:18:54.147-0600] {processor.py:914} INFO - Processing file /root/airflow_env/lib/python3.12/site-packages/airflow/example_dags/example_kubernetes_executor.py for tasks to queue
[2024-12-10T17:18:54.149-0600] {logging_mixin.py:190} INFO - [2024-12-10T17:18:54.148-0600] {dagbag.py:588} INFO - Filling up the DagBag from /root/airflow_env/lib/python3.12/site-packages/airflow/example_dags/example_kubernetes_executor.py
[2024-12-10T17:18:54.151-0600] {logging_mixin.py:190} INFO - [2024-12-10T17:18:54.150-0600] {example_kubernetes_executor.py:39} WARNING - The example_kubernetes_executor example DAG requires the kubernetes provider. Please install it with: pip install apache-airflow[cncf.kubernetes]
[2024-12-10T17:18:54.151-0600] {processor.py:927} WARNING - No viable dags retrieved from /root/airflow_env/lib/python3.12/site-packages/airflow/example_dags/example_kubernetes_executor.py
[2024-12-10T17:18:54.158-0600] {processor.py:208} INFO - Processing /root/airflow_env/lib/python3.12/site-packages/airflow/example_dags/example_kubernetes_executor.py took 0.017 seconds
[2024-12-10T17:19:47.304-0600] {processor.py:186} INFO - Started process (PID=2171) to work on /root/airflow_env/lib/python3.12/site-packages/airflow/example_dags/example_kubernetes_executor.py
[2024-12-10T17:19:47.305-0600] {processor.py:914} INFO - Processing file /root/airflow_env/lib/python3.12/site-packages/airflow/example_dags/example_kubernetes_executor.py for tasks to queue
[2024-12-10T17:19:47.307-0600] {logging_mixin.py:190} INFO - [2024-12-10T17:19:47.307-0600] {dagbag.py:588} INFO - Filling up the DagBag from /root/airflow_env/lib/python3.12/site-packages/airflow/example_dags/example_kubernetes_executor.py
[2024-12-10T17:19:47.309-0600] {logging_mixin.py:190} INFO - [2024-12-10T17:19:47.309-0600] {example_kubernetes_executor.py:39} WARNING - The example_kubernetes_executor example DAG requires the kubernetes provider. Please install it with: pip install apache-airflow[cncf.kubernetes]
[2024-12-10T17:19:47.309-0600] {processor.py:927} WARNING - No viable dags retrieved from /root/airflow_env/lib/python3.12/site-packages/airflow/example_dags/example_kubernetes_executor.py
[2024-12-10T17:19:47.316-0600] {processor.py:208} INFO - Processing /root/airflow_env/lib/python3.12/site-packages/airflow/example_dags/example_kubernetes_executor.py took 0.016 seconds
[2024-12-10T17:20:38.524-0600] {processor.py:186} INFO - Started process (PID=2228) to work on /root/airflow_env/lib/python3.12/site-packages/airflow/example_dags/example_kubernetes_executor.py
[2024-12-10T17:20:38.526-0600] {processor.py:914} INFO - Processing file /root/airflow_env/lib/python3.12/site-packages/airflow/example_dags/example_kubernetes_executor.py for tasks to queue
[2024-12-10T17:20:38.528-0600] {logging_mixin.py:190} INFO - [2024-12-10T17:20:38.527-0600] {dagbag.py:588} INFO - Filling up the DagBag from /root/airflow_env/lib/python3.12/site-packages/airflow/example_dags/example_kubernetes_executor.py
[2024-12-10T17:20:38.530-0600] {logging_mixin.py:190} INFO - [2024-12-10T17:20:38.530-0600] {example_kubernetes_executor.py:39} WARNING - The example_kubernetes_executor example DAG requires the kubernetes provider. Please install it with: pip install apache-airflow[cncf.kubernetes]
[2024-12-10T17:20:38.530-0600] {processor.py:927} WARNING - No viable dags retrieved from /root/airflow_env/lib/python3.12/site-packages/airflow/example_dags/example_kubernetes_executor.py
[2024-12-10T17:20:38.537-0600] {processor.py:208} INFO - Processing /root/airflow_env/lib/python3.12/site-packages/airflow/example_dags/example_kubernetes_executor.py took 0.018 seconds
[2024-12-10T17:21:32.146-0600] {processor.py:186} INFO - Started process (PID=2286) to work on /root/airflow_env/lib/python3.12/site-packages/airflow/example_dags/example_kubernetes_executor.py
[2024-12-10T17:21:32.149-0600] {processor.py:914} INFO - Processing file /root/airflow_env/lib/python3.12/site-packages/airflow/example_dags/example_kubernetes_executor.py for tasks to queue
[2024-12-10T17:21:32.150-0600] {logging_mixin.py:190} INFO - [2024-12-10T17:21:32.150-0600] {dagbag.py:588} INFO - Filling up the DagBag from /root/airflow_env/lib/python3.12/site-packages/airflow/example_dags/example_kubernetes_executor.py
[2024-12-10T17:21:32.152-0600] {logging_mixin.py:190} INFO - [2024-12-10T17:21:32.152-0600] {example_kubernetes_executor.py:39} WARNING - The example_kubernetes_executor example DAG requires the kubernetes provider. Please install it with: pip install apache-airflow[cncf.kubernetes]
[2024-12-10T17:21:32.152-0600] {processor.py:927} WARNING - No viable dags retrieved from /root/airflow_env/lib/python3.12/site-packages/airflow/example_dags/example_kubernetes_executor.py
[2024-12-10T17:21:32.159-0600] {processor.py:208} INFO - Processing /root/airflow_env/lib/python3.12/site-packages/airflow/example_dags/example_kubernetes_executor.py took 0.018 seconds
[2024-12-10T17:22:25.319-0600] {processor.py:186} INFO - Started process (PID=2345) to work on /root/airflow_env/lib/python3.12/site-packages/airflow/example_dags/example_kubernetes_executor.py
[2024-12-10T17:22:25.322-0600] {processor.py:914} INFO - Processing file /root/airflow_env/lib/python3.12/site-packages/airflow/example_dags/example_kubernetes_executor.py for tasks to queue
[2024-12-10T17:22:25.323-0600] {logging_mixin.py:190} INFO - [2024-12-10T17:22:25.323-0600] {dagbag.py:588} INFO - Filling up the DagBag from /root/airflow_env/lib/python3.12/site-packages/airflow/example_dags/example_kubernetes_executor.py
[2024-12-10T17:22:25.325-0600] {logging_mixin.py:190} INFO - [2024-12-10T17:22:25.325-0600] {example_kubernetes_executor.py:39} WARNING - The example_kubernetes_executor example DAG requires the kubernetes provider. Please install it with: pip install apache-airflow[cncf.kubernetes]
[2024-12-10T17:22:25.326-0600] {processor.py:927} WARNING - No viable dags retrieved from /root/airflow_env/lib/python3.12/site-packages/airflow/example_dags/example_kubernetes_executor.py
[2024-12-10T17:22:25.336-0600] {processor.py:208} INFO - Processing /root/airflow_env/lib/python3.12/site-packages/airflow/example_dags/example_kubernetes_executor.py took 0.020 seconds
[2024-12-10T17:23:21.245-0600] {processor.py:186} INFO - Started process (PID=2403) to work on /root/airflow_env/lib/python3.12/site-packages/airflow/example_dags/example_kubernetes_executor.py
[2024-12-10T17:23:21.248-0600] {processor.py:914} INFO - Processing file /root/airflow_env/lib/python3.12/site-packages/airflow/example_dags/example_kubernetes_executor.py for tasks to queue
[2024-12-10T17:23:21.249-0600] {logging_mixin.py:190} INFO - [2024-12-10T17:23:21.249-0600] {dagbag.py:588} INFO - Filling up the DagBag from /root/airflow_env/lib/python3.12/site-packages/airflow/example_dags/example_kubernetes_executor.py
[2024-12-10T17:23:21.251-0600] {logging_mixin.py:190} INFO - [2024-12-10T17:23:21.251-0600] {example_kubernetes_executor.py:39} WARNING - The example_kubernetes_executor example DAG requires the kubernetes provider. Please install it with: pip install apache-airflow[cncf.kubernetes]
[2024-12-10T17:23:21.251-0600] {processor.py:927} WARNING - No viable dags retrieved from /root/airflow_env/lib/python3.12/site-packages/airflow/example_dags/example_kubernetes_executor.py
[2024-12-10T17:23:21.258-0600] {processor.py:208} INFO - Processing /root/airflow_env/lib/python3.12/site-packages/airflow/example_dags/example_kubernetes_executor.py took 0.018 seconds
[2024-12-10T17:24:13.539-0600] {processor.py:186} INFO - Started process (PID=2461) to work on /root/airflow_env/lib/python3.12/site-packages/airflow/example_dags/example_kubernetes_executor.py
[2024-12-10T17:24:13.540-0600] {processor.py:914} INFO - Processing file /root/airflow_env/lib/python3.12/site-packages/airflow/example_dags/example_kubernetes_executor.py for tasks to queue
[2024-12-10T17:24:13.542-0600] {logging_mixin.py:190} INFO - [2024-12-10T17:24:13.542-0600] {dagbag.py:588} INFO - Filling up the DagBag from /root/airflow_env/lib/python3.12/site-packages/airflow/example_dags/example_kubernetes_executor.py
[2024-12-10T17:24:13.544-0600] {logging_mixin.py:190} INFO - [2024-12-10T17:24:13.544-0600] {example_kubernetes_executor.py:39} WARNING - The example_kubernetes_executor example DAG requires the kubernetes provider. Please install it with: pip install apache-airflow[cncf.kubernetes]
[2024-12-10T17:24:13.544-0600] {processor.py:927} WARNING - No viable dags retrieved from /root/airflow_env/lib/python3.12/site-packages/airflow/example_dags/example_kubernetes_executor.py
[2024-12-10T17:24:13.552-0600] {processor.py:208} INFO - Processing /root/airflow_env/lib/python3.12/site-packages/airflow/example_dags/example_kubernetes_executor.py took 0.017 seconds
[2024-12-10T17:25:05.804-0600] {processor.py:186} INFO - Started process (PID=2527) to work on /root/airflow_env/lib/python3.12/site-packages/airflow/example_dags/example_kubernetes_executor.py
[2024-12-10T17:25:05.806-0600] {processor.py:914} INFO - Processing file /root/airflow_env/lib/python3.12/site-packages/airflow/example_dags/example_kubernetes_executor.py for tasks to queue
[2024-12-10T17:25:05.807-0600] {logging_mixin.py:190} INFO - [2024-12-10T17:25:05.807-0600] {dagbag.py:588} INFO - Filling up the DagBag from /root/airflow_env/lib/python3.12/site-packages/airflow/example_dags/example_kubernetes_executor.py
[2024-12-10T17:25:05.809-0600] {logging_mixin.py:190} INFO - [2024-12-10T17:25:05.809-0600] {example_kubernetes_executor.py:39} WARNING - The example_kubernetes_executor example DAG requires the kubernetes provider. Please install it with: pip install apache-airflow[cncf.kubernetes]
[2024-12-10T17:25:05.810-0600] {processor.py:927} WARNING - No viable dags retrieved from /root/airflow_env/lib/python3.12/site-packages/airflow/example_dags/example_kubernetes_executor.py
[2024-12-10T17:25:05.817-0600] {processor.py:208} INFO - Processing /root/airflow_env/lib/python3.12/site-packages/airflow/example_dags/example_kubernetes_executor.py took 0.017 seconds
[2024-12-10T17:25:58.379-0600] {processor.py:186} INFO - Started process (PID=2584) to work on /root/airflow_env/lib/python3.12/site-packages/airflow/example_dags/example_kubernetes_executor.py
[2024-12-10T17:25:58.382-0600] {processor.py:914} INFO - Processing file /root/airflow_env/lib/python3.12/site-packages/airflow/example_dags/example_kubernetes_executor.py for tasks to queue
[2024-12-10T17:25:58.383-0600] {logging_mixin.py:190} INFO - [2024-12-10T17:25:58.383-0600] {dagbag.py:588} INFO - Filling up the DagBag from /root/airflow_env/lib/python3.12/site-packages/airflow/example_dags/example_kubernetes_executor.py
[2024-12-10T17:25:58.385-0600] {logging_mixin.py:190} INFO - [2024-12-10T17:25:58.385-0600] {example_kubernetes_executor.py:39} WARNING - The example_kubernetes_executor example DAG requires the kubernetes provider. Please install it with: pip install apache-airflow[cncf.kubernetes]
[2024-12-10T17:25:58.386-0600] {processor.py:927} WARNING - No viable dags retrieved from /root/airflow_env/lib/python3.12/site-packages/airflow/example_dags/example_kubernetes_executor.py
[2024-12-10T17:25:58.393-0600] {processor.py:208} INFO - Processing /root/airflow_env/lib/python3.12/site-packages/airflow/example_dags/example_kubernetes_executor.py took 0.017 seconds
[2024-12-10T17:26:52.613-0600] {processor.py:186} INFO - Started process (PID=2641) to work on /root/airflow_env/lib/python3.12/site-packages/airflow/example_dags/example_kubernetes_executor.py
[2024-12-10T17:26:52.615-0600] {processor.py:914} INFO - Processing file /root/airflow_env/lib/python3.12/site-packages/airflow/example_dags/example_kubernetes_executor.py for tasks to queue
[2024-12-10T17:26:52.616-0600] {logging_mixin.py:190} INFO - [2024-12-10T17:26:52.616-0600] {dagbag.py:588} INFO - Filling up the DagBag from /root/airflow_env/lib/python3.12/site-packages/airflow/example_dags/example_kubernetes_executor.py
[2024-12-10T17:26:52.618-0600] {logging_mixin.py:190} INFO - [2024-12-10T17:26:52.618-0600] {example_kubernetes_executor.py:39} WARNING - The example_kubernetes_executor example DAG requires the kubernetes provider. Please install it with: pip install apache-airflow[cncf.kubernetes]
[2024-12-10T17:26:52.618-0600] {processor.py:927} WARNING - No viable dags retrieved from /root/airflow_env/lib/python3.12/site-packages/airflow/example_dags/example_kubernetes_executor.py
[2024-12-10T17:26:52.625-0600] {processor.py:208} INFO - Processing /root/airflow_env/lib/python3.12/site-packages/airflow/example_dags/example_kubernetes_executor.py took 0.016 seconds
[2024-12-10T17:27:45.681-0600] {processor.py:186} INFO - Started process (PID=2700) to work on /root/airflow_env/lib/python3.12/site-packages/airflow/example_dags/example_kubernetes_executor.py
[2024-12-10T17:27:45.684-0600] {processor.py:914} INFO - Processing file /root/airflow_env/lib/python3.12/site-packages/airflow/example_dags/example_kubernetes_executor.py for tasks to queue
[2024-12-10T17:27:45.686-0600] {logging_mixin.py:190} INFO - [2024-12-10T17:27:45.685-0600] {dagbag.py:588} INFO - Filling up the DagBag from /root/airflow_env/lib/python3.12/site-packages/airflow/example_dags/example_kubernetes_executor.py
[2024-12-10T17:27:45.689-0600] {logging_mixin.py:190} INFO - [2024-12-10T17:27:45.689-0600] {example_kubernetes_executor.py:39} WARNING - The example_kubernetes_executor example DAG requires the kubernetes provider. Please install it with: pip install apache-airflow[cncf.kubernetes]
[2024-12-10T17:27:45.689-0600] {processor.py:927} WARNING - No viable dags retrieved from /root/airflow_env/lib/python3.12/site-packages/airflow/example_dags/example_kubernetes_executor.py
[2024-12-10T17:27:45.697-0600] {processor.py:208} INFO - Processing /root/airflow_env/lib/python3.12/site-packages/airflow/example_dags/example_kubernetes_executor.py took 0.020 seconds
[2024-12-10T17:28:37.775-0600] {processor.py:186} INFO - Started process (PID=2756) to work on /root/airflow_env/lib/python3.12/site-packages/airflow/example_dags/example_kubernetes_executor.py
[2024-12-10T17:28:37.777-0600] {processor.py:914} INFO - Processing file /root/airflow_env/lib/python3.12/site-packages/airflow/example_dags/example_kubernetes_executor.py for tasks to queue
[2024-12-10T17:28:37.779-0600] {logging_mixin.py:190} INFO - [2024-12-10T17:28:37.779-0600] {dagbag.py:588} INFO - Filling up the DagBag from /root/airflow_env/lib/python3.12/site-packages/airflow/example_dags/example_kubernetes_executor.py
[2024-12-10T17:28:37.781-0600] {logging_mixin.py:190} INFO - [2024-12-10T17:28:37.781-0600] {example_kubernetes_executor.py:39} WARNING - The example_kubernetes_executor example DAG requires the kubernetes provider. Please install it with: pip install apache-airflow[cncf.kubernetes]
[2024-12-10T17:28:37.781-0600] {processor.py:927} WARNING - No viable dags retrieved from /root/airflow_env/lib/python3.12/site-packages/airflow/example_dags/example_kubernetes_executor.py
[2024-12-10T17:28:37.788-0600] {processor.py:208} INFO - Processing /root/airflow_env/lib/python3.12/site-packages/airflow/example_dags/example_kubernetes_executor.py took 0.017 seconds
[2024-12-10T17:29:31.595-0600] {processor.py:186} INFO - Started process (PID=2814) to work on /root/airflow_env/lib/python3.12/site-packages/airflow/example_dags/example_kubernetes_executor.py
[2024-12-10T17:29:31.598-0600] {processor.py:914} INFO - Processing file /root/airflow_env/lib/python3.12/site-packages/airflow/example_dags/example_kubernetes_executor.py for tasks to queue
[2024-12-10T17:29:31.599-0600] {logging_mixin.py:190} INFO - [2024-12-10T17:29:31.599-0600] {dagbag.py:588} INFO - Filling up the DagBag from /root/airflow_env/lib/python3.12/site-packages/airflow/example_dags/example_kubernetes_executor.py
[2024-12-10T17:29:31.601-0600] {logging_mixin.py:190} INFO - [2024-12-10T17:29:31.601-0600] {example_kubernetes_executor.py:39} WARNING - The example_kubernetes_executor example DAG requires the kubernetes provider. Please install it with: pip install apache-airflow[cncf.kubernetes]
[2024-12-10T17:29:31.601-0600] {processor.py:927} WARNING - No viable dags retrieved from /root/airflow_env/lib/python3.12/site-packages/airflow/example_dags/example_kubernetes_executor.py
[2024-12-10T17:29:31.609-0600] {processor.py:208} INFO - Processing /root/airflow_env/lib/python3.12/site-packages/airflow/example_dags/example_kubernetes_executor.py took 0.018 seconds
[2024-12-10T17:30:20.702-0600] {processor.py:186} INFO - Started process (PID=2877) to work on /root/airflow_env/lib/python3.12/site-packages/airflow/example_dags/example_kubernetes_executor.py
[2024-12-10T17:30:20.705-0600] {processor.py:914} INFO - Processing file /root/airflow_env/lib/python3.12/site-packages/airflow/example_dags/example_kubernetes_executor.py for tasks to queue
[2024-12-10T17:30:20.706-0600] {logging_mixin.py:190} INFO - [2024-12-10T17:30:20.706-0600] {dagbag.py:588} INFO - Filling up the DagBag from /root/airflow_env/lib/python3.12/site-packages/airflow/example_dags/example_kubernetes_executor.py
[2024-12-10T17:30:20.708-0600] {logging_mixin.py:190} INFO - [2024-12-10T17:30:20.708-0600] {example_kubernetes_executor.py:39} WARNING - The example_kubernetes_executor example DAG requires the kubernetes provider. Please install it with: pip install apache-airflow[cncf.kubernetes]
[2024-12-10T17:30:20.709-0600] {processor.py:927} WARNING - No viable dags retrieved from /root/airflow_env/lib/python3.12/site-packages/airflow/example_dags/example_kubernetes_executor.py
[2024-12-10T17:30:20.716-0600] {processor.py:208} INFO - Processing /root/airflow_env/lib/python3.12/site-packages/airflow/example_dags/example_kubernetes_executor.py took 0.018 seconds
[2024-12-10T17:31:12.537-0600] {processor.py:186} INFO - Started process (PID=2932) to work on /root/airflow_env/lib/python3.12/site-packages/airflow/example_dags/example_kubernetes_executor.py
[2024-12-10T17:31:12.539-0600] {processor.py:914} INFO - Processing file /root/airflow_env/lib/python3.12/site-packages/airflow/example_dags/example_kubernetes_executor.py for tasks to queue
[2024-12-10T17:31:12.541-0600] {logging_mixin.py:190} INFO - [2024-12-10T17:31:12.540-0600] {dagbag.py:588} INFO - Filling up the DagBag from /root/airflow_env/lib/python3.12/site-packages/airflow/example_dags/example_kubernetes_executor.py
[2024-12-10T17:31:12.543-0600] {logging_mixin.py:190} INFO - [2024-12-10T17:31:12.543-0600] {example_kubernetes_executor.py:39} WARNING - The example_kubernetes_executor example DAG requires the kubernetes provider. Please install it with: pip install apache-airflow[cncf.kubernetes]
[2024-12-10T17:31:12.543-0600] {processor.py:927} WARNING - No viable dags retrieved from /root/airflow_env/lib/python3.12/site-packages/airflow/example_dags/example_kubernetes_executor.py
[2024-12-10T17:31:12.550-0600] {processor.py:208} INFO - Processing /root/airflow_env/lib/python3.12/site-packages/airflow/example_dags/example_kubernetes_executor.py took 0.017 seconds
[2024-12-10T17:32:04.089-0600] {processor.py:186} INFO - Started process (PID=2989) to work on /root/airflow_env/lib/python3.12/site-packages/airflow/example_dags/example_kubernetes_executor.py
[2024-12-10T17:32:04.091-0600] {processor.py:914} INFO - Processing file /root/airflow_env/lib/python3.12/site-packages/airflow/example_dags/example_kubernetes_executor.py for tasks to queue
[2024-12-10T17:32:04.093-0600] {logging_mixin.py:190} INFO - [2024-12-10T17:32:04.092-0600] {dagbag.py:588} INFO - Filling up the DagBag from /root/airflow_env/lib/python3.12/site-packages/airflow/example_dags/example_kubernetes_executor.py
[2024-12-10T17:32:04.095-0600] {logging_mixin.py:190} INFO - [2024-12-10T17:32:04.095-0600] {example_kubernetes_executor.py:39} WARNING - The example_kubernetes_executor example DAG requires the kubernetes provider. Please install it with: pip install apache-airflow[cncf.kubernetes]
[2024-12-10T17:32:04.095-0600] {processor.py:927} WARNING - No viable dags retrieved from /root/airflow_env/lib/python3.12/site-packages/airflow/example_dags/example_kubernetes_executor.py
[2024-12-10T17:32:04.103-0600] {processor.py:208} INFO - Processing /root/airflow_env/lib/python3.12/site-packages/airflow/example_dags/example_kubernetes_executor.py took 0.018 seconds
[2024-12-10T17:33:00.199-0600] {processor.py:186} INFO - Started process (PID=3050) to work on /root/airflow_env/lib/python3.12/site-packages/airflow/example_dags/example_kubernetes_executor.py
[2024-12-10T17:33:00.202-0600] {processor.py:914} INFO - Processing file /root/airflow_env/lib/python3.12/site-packages/airflow/example_dags/example_kubernetes_executor.py for tasks to queue
[2024-12-10T17:33:00.203-0600] {logging_mixin.py:190} INFO - [2024-12-10T17:33:00.203-0600] {dagbag.py:588} INFO - Filling up the DagBag from /root/airflow_env/lib/python3.12/site-packages/airflow/example_dags/example_kubernetes_executor.py
[2024-12-10T17:33:00.205-0600] {logging_mixin.py:190} INFO - [2024-12-10T17:33:00.205-0600] {example_kubernetes_executor.py:39} WARNING - The example_kubernetes_executor example DAG requires the kubernetes provider. Please install it with: pip install apache-airflow[cncf.kubernetes]
[2024-12-10T17:33:00.205-0600] {processor.py:927} WARNING - No viable dags retrieved from /root/airflow_env/lib/python3.12/site-packages/airflow/example_dags/example_kubernetes_executor.py
[2024-12-10T17:33:00.213-0600] {processor.py:208} INFO - Processing /root/airflow_env/lib/python3.12/site-packages/airflow/example_dags/example_kubernetes_executor.py took 0.018 seconds
[2024-12-10T17:33:52.646-0600] {processor.py:186} INFO - Started process (PID=3213) to work on /root/airflow_env/lib/python3.12/site-packages/airflow/example_dags/example_kubernetes_executor.py
[2024-12-10T17:33:52.648-0600] {processor.py:914} INFO - Processing file /root/airflow_env/lib/python3.12/site-packages/airflow/example_dags/example_kubernetes_executor.py for tasks to queue
[2024-12-10T17:33:52.650-0600] {logging_mixin.py:190} INFO - [2024-12-10T17:33:52.649-0600] {dagbag.py:588} INFO - Filling up the DagBag from /root/airflow_env/lib/python3.12/site-packages/airflow/example_dags/example_kubernetes_executor.py
[2024-12-10T17:33:52.652-0600] {logging_mixin.py:190} INFO - [2024-12-10T17:33:52.652-0600] {example_kubernetes_executor.py:39} WARNING - The example_kubernetes_executor example DAG requires the kubernetes provider. Please install it with: pip install apache-airflow[cncf.kubernetes]
[2024-12-10T17:33:52.652-0600] {processor.py:927} WARNING - No viable dags retrieved from /root/airflow_env/lib/python3.12/site-packages/airflow/example_dags/example_kubernetes_executor.py
[2024-12-10T17:33:52.659-0600] {processor.py:208} INFO - Processing /root/airflow_env/lib/python3.12/site-packages/airflow/example_dags/example_kubernetes_executor.py took 0.017 seconds
[2024-12-10T17:34:45.089-0600] {processor.py:186} INFO - Started process (PID=3271) to work on /root/airflow_env/lib/python3.12/site-packages/airflow/example_dags/example_kubernetes_executor.py
[2024-12-10T17:34:45.092-0600] {processor.py:914} INFO - Processing file /root/airflow_env/lib/python3.12/site-packages/airflow/example_dags/example_kubernetes_executor.py for tasks to queue
[2024-12-10T17:34:45.093-0600] {logging_mixin.py:190} INFO - [2024-12-10T17:34:45.093-0600] {dagbag.py:588} INFO - Filling up the DagBag from /root/airflow_env/lib/python3.12/site-packages/airflow/example_dags/example_kubernetes_executor.py
[2024-12-10T17:34:45.095-0600] {logging_mixin.py:190} INFO - [2024-12-10T17:34:45.095-0600] {example_kubernetes_executor.py:39} WARNING - The example_kubernetes_executor example DAG requires the kubernetes provider. Please install it with: pip install apache-airflow[cncf.kubernetes]
[2024-12-10T17:34:45.095-0600] {processor.py:927} WARNING - No viable dags retrieved from /root/airflow_env/lib/python3.12/site-packages/airflow/example_dags/example_kubernetes_executor.py
[2024-12-10T17:34:45.103-0600] {processor.py:208} INFO - Processing /root/airflow_env/lib/python3.12/site-packages/airflow/example_dags/example_kubernetes_executor.py took 0.017 seconds
[2024-12-10T17:35:35.925-0600] {processor.py:186} INFO - Started process (PID=3331) to work on /root/airflow_env/lib/python3.12/site-packages/airflow/example_dags/example_kubernetes_executor.py
[2024-12-10T17:35:35.927-0600] {processor.py:914} INFO - Processing file /root/airflow_env/lib/python3.12/site-packages/airflow/example_dags/example_kubernetes_executor.py for tasks to queue
[2024-12-10T17:35:35.929-0600] {logging_mixin.py:190} INFO - [2024-12-10T17:35:35.929-0600] {dagbag.py:588} INFO - Filling up the DagBag from /root/airflow_env/lib/python3.12/site-packages/airflow/example_dags/example_kubernetes_executor.py
[2024-12-10T17:35:35.931-0600] {logging_mixin.py:190} INFO - [2024-12-10T17:35:35.931-0600] {example_kubernetes_executor.py:39} WARNING - The example_kubernetes_executor example DAG requires the kubernetes provider. Please install it with: pip install apache-airflow[cncf.kubernetes]
[2024-12-10T17:35:35.931-0600] {processor.py:927} WARNING - No viable dags retrieved from /root/airflow_env/lib/python3.12/site-packages/airflow/example_dags/example_kubernetes_executor.py
[2024-12-10T17:35:35.938-0600] {processor.py:208} INFO - Processing /root/airflow_env/lib/python3.12/site-packages/airflow/example_dags/example_kubernetes_executor.py took 0.017 seconds
[2024-12-10T17:36:26.348-0600] {processor.py:186} INFO - Started process (PID=3386) to work on /root/airflow_env/lib/python3.12/site-packages/airflow/example_dags/example_kubernetes_executor.py
[2024-12-10T17:36:26.351-0600] {processor.py:914} INFO - Processing file /root/airflow_env/lib/python3.12/site-packages/airflow/example_dags/example_kubernetes_executor.py for tasks to queue
[2024-12-10T17:36:26.352-0600] {logging_mixin.py:190} INFO - [2024-12-10T17:36:26.352-0600] {dagbag.py:588} INFO - Filling up the DagBag from /root/airflow_env/lib/python3.12/site-packages/airflow/example_dags/example_kubernetes_executor.py
[2024-12-10T17:36:26.354-0600] {logging_mixin.py:190} INFO - [2024-12-10T17:36:26.354-0600] {example_kubernetes_executor.py:39} WARNING - The example_kubernetes_executor example DAG requires the kubernetes provider. Please install it with: pip install apache-airflow[cncf.kubernetes]
[2024-12-10T17:36:26.354-0600] {processor.py:927} WARNING - No viable dags retrieved from /root/airflow_env/lib/python3.12/site-packages/airflow/example_dags/example_kubernetes_executor.py
[2024-12-10T17:36:26.361-0600] {processor.py:208} INFO - Processing /root/airflow_env/lib/python3.12/site-packages/airflow/example_dags/example_kubernetes_executor.py took 0.017 seconds
[2024-12-10T17:37:16.963-0600] {processor.py:186} INFO - Started process (PID=3443) to work on /root/airflow_env/lib/python3.12/site-packages/airflow/example_dags/example_kubernetes_executor.py
[2024-12-10T17:37:16.965-0600] {processor.py:914} INFO - Processing file /root/airflow_env/lib/python3.12/site-packages/airflow/example_dags/example_kubernetes_executor.py for tasks to queue
[2024-12-10T17:37:16.967-0600] {logging_mixin.py:190} INFO - [2024-12-10T17:37:16.966-0600] {dagbag.py:588} INFO - Filling up the DagBag from /root/airflow_env/lib/python3.12/site-packages/airflow/example_dags/example_kubernetes_executor.py
[2024-12-10T17:37:16.969-0600] {logging_mixin.py:190} INFO - [2024-12-10T17:37:16.969-0600] {example_kubernetes_executor.py:39} WARNING - The example_kubernetes_executor example DAG requires the kubernetes provider. Please install it with: pip install apache-airflow[cncf.kubernetes]
[2024-12-10T17:37:16.969-0600] {processor.py:927} WARNING - No viable dags retrieved from /root/airflow_env/lib/python3.12/site-packages/airflow/example_dags/example_kubernetes_executor.py
[2024-12-10T17:37:16.976-0600] {processor.py:208} INFO - Processing /root/airflow_env/lib/python3.12/site-packages/airflow/example_dags/example_kubernetes_executor.py took 0.017 seconds
[2024-12-10T17:38:07.696-0600] {processor.py:186} INFO - Started process (PID=3499) to work on /root/airflow_env/lib/python3.12/site-packages/airflow/example_dags/example_kubernetes_executor.py
[2024-12-10T17:38:07.699-0600] {processor.py:914} INFO - Processing file /root/airflow_env/lib/python3.12/site-packages/airflow/example_dags/example_kubernetes_executor.py for tasks to queue
[2024-12-10T17:38:07.700-0600] {logging_mixin.py:190} INFO - [2024-12-10T17:38:07.700-0600] {dagbag.py:588} INFO - Filling up the DagBag from /root/airflow_env/lib/python3.12/site-packages/airflow/example_dags/example_kubernetes_executor.py
[2024-12-10T17:38:07.702-0600] {logging_mixin.py:190} INFO - [2024-12-10T17:38:07.702-0600] {example_kubernetes_executor.py:39} WARNING - The example_kubernetes_executor example DAG requires the kubernetes provider. Please install it with: pip install apache-airflow[cncf.kubernetes]
[2024-12-10T17:38:07.702-0600] {processor.py:927} WARNING - No viable dags retrieved from /root/airflow_env/lib/python3.12/site-packages/airflow/example_dags/example_kubernetes_executor.py
[2024-12-10T17:38:07.709-0600] {processor.py:208} INFO - Processing /root/airflow_env/lib/python3.12/site-packages/airflow/example_dags/example_kubernetes_executor.py took 0.017 seconds
[2024-12-10T17:38:59.268-0600] {processor.py:186} INFO - Started process (PID=3556) to work on /root/airflow_env/lib/python3.12/site-packages/airflow/example_dags/example_kubernetes_executor.py
[2024-12-10T17:38:59.270-0600] {processor.py:914} INFO - Processing file /root/airflow_env/lib/python3.12/site-packages/airflow/example_dags/example_kubernetes_executor.py for tasks to queue
[2024-12-10T17:38:59.271-0600] {logging_mixin.py:190} INFO - [2024-12-10T17:38:59.271-0600] {dagbag.py:588} INFO - Filling up the DagBag from /root/airflow_env/lib/python3.12/site-packages/airflow/example_dags/example_kubernetes_executor.py
[2024-12-10T17:38:59.273-0600] {logging_mixin.py:190} INFO - [2024-12-10T17:38:59.273-0600] {example_kubernetes_executor.py:39} WARNING - The example_kubernetes_executor example DAG requires the kubernetes provider. Please install it with: pip install apache-airflow[cncf.kubernetes]
[2024-12-10T17:38:59.274-0600] {processor.py:927} WARNING - No viable dags retrieved from /root/airflow_env/lib/python3.12/site-packages/airflow/example_dags/example_kubernetes_executor.py
[2024-12-10T17:38:59.281-0600] {processor.py:208} INFO - Processing /root/airflow_env/lib/python3.12/site-packages/airflow/example_dags/example_kubernetes_executor.py took 0.018 seconds
[2024-12-10T17:39:51.847-0600] {processor.py:186} INFO - Started process (PID=3613) to work on /root/airflow_env/lib/python3.12/site-packages/airflow/example_dags/example_kubernetes_executor.py
[2024-12-10T17:39:51.849-0600] {processor.py:914} INFO - Processing file /root/airflow_env/lib/python3.12/site-packages/airflow/example_dags/example_kubernetes_executor.py for tasks to queue
[2024-12-10T17:39:51.850-0600] {logging_mixin.py:190} INFO - [2024-12-10T17:39:51.850-0600] {dagbag.py:588} INFO - Filling up the DagBag from /root/airflow_env/lib/python3.12/site-packages/airflow/example_dags/example_kubernetes_executor.py
[2024-12-10T17:39:51.853-0600] {logging_mixin.py:190} INFO - [2024-12-10T17:39:51.852-0600] {example_kubernetes_executor.py:39} WARNING - The example_kubernetes_executor example DAG requires the kubernetes provider. Please install it with: pip install apache-airflow[cncf.kubernetes]
[2024-12-10T17:39:51.853-0600] {processor.py:927} WARNING - No viable dags retrieved from /root/airflow_env/lib/python3.12/site-packages/airflow/example_dags/example_kubernetes_executor.py
[2024-12-10T17:39:51.860-0600] {processor.py:208} INFO - Processing /root/airflow_env/lib/python3.12/site-packages/airflow/example_dags/example_kubernetes_executor.py took 0.017 seconds
[2024-12-10T17:40:46.183-0600] {processor.py:186} INFO - Started process (PID=3677) to work on /root/airflow_env/lib/python3.12/site-packages/airflow/example_dags/example_kubernetes_executor.py
[2024-12-10T17:40:46.185-0600] {processor.py:914} INFO - Processing file /root/airflow_env/lib/python3.12/site-packages/airflow/example_dags/example_kubernetes_executor.py for tasks to queue
[2024-12-10T17:40:46.187-0600] {logging_mixin.py:190} INFO - [2024-12-10T17:40:46.186-0600] {dagbag.py:588} INFO - Filling up the DagBag from /root/airflow_env/lib/python3.12/site-packages/airflow/example_dags/example_kubernetes_executor.py
[2024-12-10T17:40:46.189-0600] {logging_mixin.py:190} INFO - [2024-12-10T17:40:46.189-0600] {example_kubernetes_executor.py:39} WARNING - The example_kubernetes_executor example DAG requires the kubernetes provider. Please install it with: pip install apache-airflow[cncf.kubernetes]
[2024-12-10T17:40:46.189-0600] {processor.py:927} WARNING - No viable dags retrieved from /root/airflow_env/lib/python3.12/site-packages/airflow/example_dags/example_kubernetes_executor.py
[2024-12-10T17:40:46.196-0600] {processor.py:208} INFO - Processing /root/airflow_env/lib/python3.12/site-packages/airflow/example_dags/example_kubernetes_executor.py took 0.017 seconds
[2024-12-10T17:41:41.691-0600] {processor.py:186} INFO - Started process (PID=3738) to work on /root/airflow_env/lib/python3.12/site-packages/airflow/example_dags/example_kubernetes_executor.py
[2024-12-10T17:41:41.693-0600] {processor.py:914} INFO - Processing file /root/airflow_env/lib/python3.12/site-packages/airflow/example_dags/example_kubernetes_executor.py for tasks to queue
[2024-12-10T17:41:41.694-0600] {logging_mixin.py:190} INFO - [2024-12-10T17:41:41.694-0600] {dagbag.py:588} INFO - Filling up the DagBag from /root/airflow_env/lib/python3.12/site-packages/airflow/example_dags/example_kubernetes_executor.py
[2024-12-10T17:41:41.697-0600] {logging_mixin.py:190} INFO - [2024-12-10T17:41:41.696-0600] {example_kubernetes_executor.py:39} WARNING - The example_kubernetes_executor example DAG requires the kubernetes provider. Please install it with: pip install apache-airflow[cncf.kubernetes]
[2024-12-10T17:41:41.697-0600] {processor.py:927} WARNING - No viable dags retrieved from /root/airflow_env/lib/python3.12/site-packages/airflow/example_dags/example_kubernetes_executor.py
[2024-12-10T17:41:41.705-0600] {processor.py:208} INFO - Processing /root/airflow_env/lib/python3.12/site-packages/airflow/example_dags/example_kubernetes_executor.py took 0.018 seconds
[2024-12-10T17:42:33.531-0600] {processor.py:186} INFO - Started process (PID=3803) to work on /root/airflow_env/lib/python3.12/site-packages/airflow/example_dags/example_kubernetes_executor.py
[2024-12-10T17:42:33.533-0600] {processor.py:914} INFO - Processing file /root/airflow_env/lib/python3.12/site-packages/airflow/example_dags/example_kubernetes_executor.py for tasks to queue
[2024-12-10T17:42:33.534-0600] {logging_mixin.py:190} INFO - [2024-12-10T17:42:33.534-0600] {dagbag.py:588} INFO - Filling up the DagBag from /root/airflow_env/lib/python3.12/site-packages/airflow/example_dags/example_kubernetes_executor.py
[2024-12-10T17:42:33.536-0600] {logging_mixin.py:190} INFO - [2024-12-10T17:42:33.536-0600] {example_kubernetes_executor.py:39} WARNING - The example_kubernetes_executor example DAG requires the kubernetes provider. Please install it with: pip install apache-airflow[cncf.kubernetes]
[2024-12-10T17:42:33.537-0600] {processor.py:927} WARNING - No viable dags retrieved from /root/airflow_env/lib/python3.12/site-packages/airflow/example_dags/example_kubernetes_executor.py
[2024-12-10T17:42:33.544-0600] {processor.py:208} INFO - Processing /root/airflow_env/lib/python3.12/site-packages/airflow/example_dags/example_kubernetes_executor.py took 0.017 seconds
[2024-12-10T17:43:26.819-0600] {processor.py:186} INFO - Started process (PID=3871) to work on /root/airflow_env/lib/python3.12/site-packages/airflow/example_dags/example_kubernetes_executor.py
[2024-12-10T17:43:26.821-0600] {processor.py:914} INFO - Processing file /root/airflow_env/lib/python3.12/site-packages/airflow/example_dags/example_kubernetes_executor.py for tasks to queue
[2024-12-10T17:43:26.822-0600] {logging_mixin.py:190} INFO - [2024-12-10T17:43:26.822-0600] {dagbag.py:588} INFO - Filling up the DagBag from /root/airflow_env/lib/python3.12/site-packages/airflow/example_dags/example_kubernetes_executor.py
[2024-12-10T17:43:26.824-0600] {logging_mixin.py:190} INFO - [2024-12-10T17:43:26.824-0600] {example_kubernetes_executor.py:39} WARNING - The example_kubernetes_executor example DAG requires the kubernetes provider. Please install it with: pip install apache-airflow[cncf.kubernetes]
[2024-12-10T17:43:26.825-0600] {processor.py:927} WARNING - No viable dags retrieved from /root/airflow_env/lib/python3.12/site-packages/airflow/example_dags/example_kubernetes_executor.py
[2024-12-10T17:43:26.832-0600] {processor.py:208} INFO - Processing /root/airflow_env/lib/python3.12/site-packages/airflow/example_dags/example_kubernetes_executor.py took 0.016 seconds
[2024-12-10T17:44:17.329-0600] {processor.py:186} INFO - Started process (PID=3928) to work on /root/airflow_env/lib/python3.12/site-packages/airflow/example_dags/example_kubernetes_executor.py
[2024-12-10T17:44:17.331-0600] {processor.py:914} INFO - Processing file /root/airflow_env/lib/python3.12/site-packages/airflow/example_dags/example_kubernetes_executor.py for tasks to queue
[2024-12-10T17:44:17.333-0600] {logging_mixin.py:190} INFO - [2024-12-10T17:44:17.332-0600] {dagbag.py:588} INFO - Filling up the DagBag from /root/airflow_env/lib/python3.12/site-packages/airflow/example_dags/example_kubernetes_executor.py
[2024-12-10T17:44:17.335-0600] {logging_mixin.py:190} INFO - [2024-12-10T17:44:17.334-0600] {example_kubernetes_executor.py:39} WARNING - The example_kubernetes_executor example DAG requires the kubernetes provider. Please install it with: pip install apache-airflow[cncf.kubernetes]
[2024-12-10T17:44:17.335-0600] {processor.py:927} WARNING - No viable dags retrieved from /root/airflow_env/lib/python3.12/site-packages/airflow/example_dags/example_kubernetes_executor.py
[2024-12-10T17:44:17.342-0600] {processor.py:208} INFO - Processing /root/airflow_env/lib/python3.12/site-packages/airflow/example_dags/example_kubernetes_executor.py took 0.017 seconds
[2024-12-10T17:45:10.920-0600] {processor.py:186} INFO - Started process (PID=3988) to work on /root/airflow_env/lib/python3.12/site-packages/airflow/example_dags/example_kubernetes_executor.py
[2024-12-10T17:45:10.922-0600] {processor.py:914} INFO - Processing file /root/airflow_env/lib/python3.12/site-packages/airflow/example_dags/example_kubernetes_executor.py for tasks to queue
[2024-12-10T17:45:10.924-0600] {logging_mixin.py:190} INFO - [2024-12-10T17:45:10.923-0600] {dagbag.py:588} INFO - Filling up the DagBag from /root/airflow_env/lib/python3.12/site-packages/airflow/example_dags/example_kubernetes_executor.py
[2024-12-10T17:45:10.926-0600] {logging_mixin.py:190} INFO - [2024-12-10T17:45:10.926-0600] {example_kubernetes_executor.py:39} WARNING - The example_kubernetes_executor example DAG requires the kubernetes provider. Please install it with: pip install apache-airflow[cncf.kubernetes]
[2024-12-10T17:45:10.926-0600] {processor.py:927} WARNING - No viable dags retrieved from /root/airflow_env/lib/python3.12/site-packages/airflow/example_dags/example_kubernetes_executor.py
[2024-12-10T17:45:10.934-0600] {processor.py:208} INFO - Processing /root/airflow_env/lib/python3.12/site-packages/airflow/example_dags/example_kubernetes_executor.py took 0.018 seconds
[2024-12-10T17:46:05.499-0600] {processor.py:186} INFO - Started process (PID=4045) to work on /root/airflow_env/lib/python3.12/site-packages/airflow/example_dags/example_kubernetes_executor.py
[2024-12-10T17:46:05.502-0600] {processor.py:914} INFO - Processing file /root/airflow_env/lib/python3.12/site-packages/airflow/example_dags/example_kubernetes_executor.py for tasks to queue
[2024-12-10T17:46:05.504-0600] {logging_mixin.py:190} INFO - [2024-12-10T17:46:05.503-0600] {dagbag.py:588} INFO - Filling up the DagBag from /root/airflow_env/lib/python3.12/site-packages/airflow/example_dags/example_kubernetes_executor.py
[2024-12-10T17:46:05.506-0600] {logging_mixin.py:190} INFO - [2024-12-10T17:46:05.506-0600] {example_kubernetes_executor.py:39} WARNING - The example_kubernetes_executor example DAG requires the kubernetes provider. Please install it with: pip install apache-airflow[cncf.kubernetes]
[2024-12-10T17:46:05.506-0600] {processor.py:927} WARNING - No viable dags retrieved from /root/airflow_env/lib/python3.12/site-packages/airflow/example_dags/example_kubernetes_executor.py
[2024-12-10T17:46:05.516-0600] {processor.py:208} INFO - Processing /root/airflow_env/lib/python3.12/site-packages/airflow/example_dags/example_kubernetes_executor.py took 0.021 seconds
[2024-12-10T17:47:06.177-0600] {processor.py:186} INFO - Started process (PID=4108) to work on /root/airflow_env/lib/python3.12/site-packages/airflow/example_dags/example_kubernetes_executor.py
[2024-12-10T17:47:06.179-0600] {processor.py:914} INFO - Processing file /root/airflow_env/lib/python3.12/site-packages/airflow/example_dags/example_kubernetes_executor.py for tasks to queue
[2024-12-10T17:47:06.181-0600] {logging_mixin.py:190} INFO - [2024-12-10T17:47:06.180-0600] {dagbag.py:588} INFO - Filling up the DagBag from /root/airflow_env/lib/python3.12/site-packages/airflow/example_dags/example_kubernetes_executor.py
[2024-12-10T17:47:06.183-0600] {logging_mixin.py:190} INFO - [2024-12-10T17:47:06.183-0600] {example_kubernetes_executor.py:39} WARNING - The example_kubernetes_executor example DAG requires the kubernetes provider. Please install it with: pip install apache-airflow[cncf.kubernetes]
[2024-12-10T17:47:06.183-0600] {processor.py:927} WARNING - No viable dags retrieved from /root/airflow_env/lib/python3.12/site-packages/airflow/example_dags/example_kubernetes_executor.py
[2024-12-10T17:47:06.190-0600] {processor.py:208} INFO - Processing /root/airflow_env/lib/python3.12/site-packages/airflow/example_dags/example_kubernetes_executor.py took 0.017 seconds
[2024-12-10T17:48:04.440-0600] {processor.py:186} INFO - Started process (PID=4169) to work on /root/airflow_env/lib/python3.12/site-packages/airflow/example_dags/example_kubernetes_executor.py
[2024-12-10T17:48:04.442-0600] {processor.py:914} INFO - Processing file /root/airflow_env/lib/python3.12/site-packages/airflow/example_dags/example_kubernetes_executor.py for tasks to queue
[2024-12-10T17:48:04.444-0600] {logging_mixin.py:190} INFO - [2024-12-10T17:48:04.443-0600] {dagbag.py:588} INFO - Filling up the DagBag from /root/airflow_env/lib/python3.12/site-packages/airflow/example_dags/example_kubernetes_executor.py
[2024-12-10T17:48:04.446-0600] {logging_mixin.py:190} INFO - [2024-12-10T17:48:04.446-0600] {example_kubernetes_executor.py:39} WARNING - The example_kubernetes_executor example DAG requires the kubernetes provider. Please install it with: pip install apache-airflow[cncf.kubernetes]
[2024-12-10T17:48:04.446-0600] {processor.py:927} WARNING - No viable dags retrieved from /root/airflow_env/lib/python3.12/site-packages/airflow/example_dags/example_kubernetes_executor.py
[2024-12-10T17:48:04.453-0600] {processor.py:208} INFO - Processing /root/airflow_env/lib/python3.12/site-packages/airflow/example_dags/example_kubernetes_executor.py took 0.017 seconds
[2024-12-10T17:48:58.562-0600] {processor.py:186} INFO - Started process (PID=4228) to work on /root/airflow_env/lib/python3.12/site-packages/airflow/example_dags/example_kubernetes_executor.py
[2024-12-10T17:48:58.565-0600] {processor.py:914} INFO - Processing file /root/airflow_env/lib/python3.12/site-packages/airflow/example_dags/example_kubernetes_executor.py for tasks to queue
[2024-12-10T17:48:58.566-0600] {logging_mixin.py:190} INFO - [2024-12-10T17:48:58.566-0600] {dagbag.py:588} INFO - Filling up the DagBag from /root/airflow_env/lib/python3.12/site-packages/airflow/example_dags/example_kubernetes_executor.py
[2024-12-10T17:48:58.569-0600] {logging_mixin.py:190} INFO - [2024-12-10T17:48:58.569-0600] {example_kubernetes_executor.py:39} WARNING - The example_kubernetes_executor example DAG requires the kubernetes provider. Please install it with: pip install apache-airflow[cncf.kubernetes]
[2024-12-10T17:48:58.570-0600] {processor.py:927} WARNING - No viable dags retrieved from /root/airflow_env/lib/python3.12/site-packages/airflow/example_dags/example_kubernetes_executor.py
[2024-12-10T17:48:58.577-0600] {processor.py:208} INFO - Processing /root/airflow_env/lib/python3.12/site-packages/airflow/example_dags/example_kubernetes_executor.py took 0.019 seconds
[2024-12-10T17:49:53.935-0600] {processor.py:186} INFO - Started process (PID=4286) to work on /root/airflow_env/lib/python3.12/site-packages/airflow/example_dags/example_kubernetes_executor.py
[2024-12-10T17:49:53.938-0600] {processor.py:914} INFO - Processing file /root/airflow_env/lib/python3.12/site-packages/airflow/example_dags/example_kubernetes_executor.py for tasks to queue
[2024-12-10T17:49:53.939-0600] {logging_mixin.py:190} INFO - [2024-12-10T17:49:53.939-0600] {dagbag.py:588} INFO - Filling up the DagBag from /root/airflow_env/lib/python3.12/site-packages/airflow/example_dags/example_kubernetes_executor.py
[2024-12-10T17:49:53.941-0600] {logging_mixin.py:190} INFO - [2024-12-10T17:49:53.941-0600] {example_kubernetes_executor.py:39} WARNING - The example_kubernetes_executor example DAG requires the kubernetes provider. Please install it with: pip install apache-airflow[cncf.kubernetes]
[2024-12-10T17:49:53.941-0600] {processor.py:927} WARNING - No viable dags retrieved from /root/airflow_env/lib/python3.12/site-packages/airflow/example_dags/example_kubernetes_executor.py
[2024-12-10T17:49:53.949-0600] {processor.py:208} INFO - Processing /root/airflow_env/lib/python3.12/site-packages/airflow/example_dags/example_kubernetes_executor.py took 0.017 seconds
[2024-12-10T17:55:26.876-0600] {processor.py:186} INFO - Started process (PID=4623) to work on /root/airflow_env/lib/python3.12/site-packages/airflow/example_dags/example_kubernetes_executor.py
[2024-12-10T17:55:26.877-0600] {processor.py:914} INFO - Processing file /root/airflow_env/lib/python3.12/site-packages/airflow/example_dags/example_kubernetes_executor.py for tasks to queue
[2024-12-10T17:55:26.879-0600] {logging_mixin.py:190} INFO - [2024-12-10T17:55:26.879-0600] {dagbag.py:588} INFO - Filling up the DagBag from /root/airflow_env/lib/python3.12/site-packages/airflow/example_dags/example_kubernetes_executor.py
[2024-12-10T17:55:26.881-0600] {logging_mixin.py:190} INFO - [2024-12-10T17:55:26.881-0600] {example_kubernetes_executor.py:39} WARNING - The example_kubernetes_executor example DAG requires the kubernetes provider. Please install it with: pip install apache-airflow[cncf.kubernetes]
[2024-12-10T17:55:26.881-0600] {processor.py:927} WARNING - No viable dags retrieved from /root/airflow_env/lib/python3.12/site-packages/airflow/example_dags/example_kubernetes_executor.py
[2024-12-10T17:55:26.892-0600] {processor.py:208} INFO - Processing /root/airflow_env/lib/python3.12/site-packages/airflow/example_dags/example_kubernetes_executor.py took 0.022 seconds
[2024-12-10T17:56:25.023-0600] {processor.py:186} INFO - Started process (PID=4695) to work on /root/airflow_env/lib/python3.12/site-packages/airflow/example_dags/example_kubernetes_executor.py
[2024-12-10T17:56:25.025-0600] {processor.py:914} INFO - Processing file /root/airflow_env/lib/python3.12/site-packages/airflow/example_dags/example_kubernetes_executor.py for tasks to queue
[2024-12-10T17:56:25.027-0600] {logging_mixin.py:190} INFO - [2024-12-10T17:56:25.027-0600] {dagbag.py:588} INFO - Filling up the DagBag from /root/airflow_env/lib/python3.12/site-packages/airflow/example_dags/example_kubernetes_executor.py
[2024-12-10T17:56:25.029-0600] {logging_mixin.py:190} INFO - [2024-12-10T17:56:25.029-0600] {example_kubernetes_executor.py:39} WARNING - The example_kubernetes_executor example DAG requires the kubernetes provider. Please install it with: pip install apache-airflow[cncf.kubernetes]
[2024-12-10T17:56:25.030-0600] {processor.py:927} WARNING - No viable dags retrieved from /root/airflow_env/lib/python3.12/site-packages/airflow/example_dags/example_kubernetes_executor.py
[2024-12-10T17:56:25.037-0600] {processor.py:208} INFO - Processing /root/airflow_env/lib/python3.12/site-packages/airflow/example_dags/example_kubernetes_executor.py took 0.019 seconds
[2024-12-10T17:57:21.538-0600] {processor.py:186} INFO - Started process (PID=4773) to work on /root/airflow_env/lib/python3.12/site-packages/airflow/example_dags/example_kubernetes_executor.py
[2024-12-10T17:57:21.541-0600] {processor.py:914} INFO - Processing file /root/airflow_env/lib/python3.12/site-packages/airflow/example_dags/example_kubernetes_executor.py for tasks to queue
[2024-12-10T17:57:21.542-0600] {logging_mixin.py:190} INFO - [2024-12-10T17:57:21.542-0600] {dagbag.py:588} INFO - Filling up the DagBag from /root/airflow_env/lib/python3.12/site-packages/airflow/example_dags/example_kubernetes_executor.py
[2024-12-10T17:57:21.544-0600] {logging_mixin.py:190} INFO - [2024-12-10T17:57:21.544-0600] {example_kubernetes_executor.py:39} WARNING - The example_kubernetes_executor example DAG requires the kubernetes provider. Please install it with: pip install apache-airflow[cncf.kubernetes]
[2024-12-10T17:57:21.545-0600] {processor.py:927} WARNING - No viable dags retrieved from /root/airflow_env/lib/python3.12/site-packages/airflow/example_dags/example_kubernetes_executor.py
[2024-12-10T17:57:21.552-0600] {processor.py:208} INFO - Processing /root/airflow_env/lib/python3.12/site-packages/airflow/example_dags/example_kubernetes_executor.py took 0.017 seconds
[2024-12-10T17:58:17.030-0600] {processor.py:186} INFO - Started process (PID=4847) to work on /root/airflow_env/lib/python3.12/site-packages/airflow/example_dags/example_kubernetes_executor.py
[2024-12-10T17:58:17.032-0600] {processor.py:914} INFO - Processing file /root/airflow_env/lib/python3.12/site-packages/airflow/example_dags/example_kubernetes_executor.py for tasks to queue
[2024-12-10T17:58:17.033-0600] {logging_mixin.py:190} INFO - [2024-12-10T17:58:17.033-0600] {dagbag.py:588} INFO - Filling up the DagBag from /root/airflow_env/lib/python3.12/site-packages/airflow/example_dags/example_kubernetes_executor.py
[2024-12-10T17:58:17.035-0600] {logging_mixin.py:190} INFO - [2024-12-10T17:58:17.035-0600] {example_kubernetes_executor.py:39} WARNING - The example_kubernetes_executor example DAG requires the kubernetes provider. Please install it with: pip install apache-airflow[cncf.kubernetes]
[2024-12-10T17:58:17.036-0600] {processor.py:927} WARNING - No viable dags retrieved from /root/airflow_env/lib/python3.12/site-packages/airflow/example_dags/example_kubernetes_executor.py
[2024-12-10T17:58:17.044-0600] {processor.py:208} INFO - Processing /root/airflow_env/lib/python3.12/site-packages/airflow/example_dags/example_kubernetes_executor.py took 0.017 seconds
[2024-12-10T17:59:28.125-0600] {processor.py:186} INFO - Started process (PID=4949) to work on /root/airflow_env/lib/python3.12/site-packages/airflow/example_dags/example_kubernetes_executor.py
[2024-12-10T17:59:28.127-0600] {processor.py:914} INFO - Processing file /root/airflow_env/lib/python3.12/site-packages/airflow/example_dags/example_kubernetes_executor.py for tasks to queue
[2024-12-10T17:59:28.129-0600] {logging_mixin.py:190} INFO - [2024-12-10T17:59:28.128-0600] {dagbag.py:588} INFO - Filling up the DagBag from /root/airflow_env/lib/python3.12/site-packages/airflow/example_dags/example_kubernetes_executor.py
[2024-12-10T17:59:28.131-0600] {logging_mixin.py:190} INFO - [2024-12-10T17:59:28.130-0600] {example_kubernetes_executor.py:39} WARNING - The example_kubernetes_executor example DAG requires the kubernetes provider. Please install it with: pip install apache-airflow[cncf.kubernetes]
[2024-12-10T17:59:28.131-0600] {processor.py:927} WARNING - No viable dags retrieved from /root/airflow_env/lib/python3.12/site-packages/airflow/example_dags/example_kubernetes_executor.py
[2024-12-10T17:59:28.139-0600] {processor.py:208} INFO - Processing /root/airflow_env/lib/python3.12/site-packages/airflow/example_dags/example_kubernetes_executor.py took 0.018 seconds
