[2024-12-10T17:00:30.730-0600] {processor.py:186} INFO - Started process (PID=726) to work on /root/airflow_env/lib/python3.12/site-packages/airflow/example_dags/example_complex.py
[2024-12-10T17:00:30.731-0600] {processor.py:914} INFO - Processing file /root/airflow_env/lib/python3.12/site-packages/airflow/example_dags/example_complex.py for tasks to queue
[2024-12-10T17:00:30.733-0600] {logging_mixin.py:190} INFO - [2024-12-10T17:00:30.733-0600] {dagbag.py:588} INFO - Filling up the DagBag from /root/airflow_env/lib/python3.12/site-packages/airflow/example_dags/example_complex.py
[2024-12-10T17:00:30.745-0600] {processor.py:925} INFO - DAG(s) 'example_complex' retrieved from /root/airflow_env/lib/python3.12/site-packages/airflow/example_dags/example_complex.py
[2024-12-10T17:00:30.770-0600] {logging_mixin.py:190} INFO - [2024-12-10T17:00:30.770-0600] {dag.py:3239} INFO - Sync 1 DAGs
[2024-12-10T17:00:30.780-0600] {logging_mixin.py:190} INFO - [2024-12-10T17:00:30.780-0600] {dag.py:4180} INFO - Setting next_dagrun for example_complex to None, run_after=None
[2024-12-10T17:00:30.799-0600] {processor.py:208} INFO - Processing /root/airflow_env/lib/python3.12/site-packages/airflow/example_dags/example_complex.py took 0.075 seconds
[2024-12-10T17:01:46.233-0600] {processor.py:186} INFO - Started process (PID=870) to work on /root/airflow_env/lib/python3.12/site-packages/airflow/example_dags/example_complex.py
[2024-12-10T17:01:46.234-0600] {processor.py:914} INFO - Processing file /root/airflow_env/lib/python3.12/site-packages/airflow/example_dags/example_complex.py for tasks to queue
[2024-12-10T17:01:46.236-0600] {logging_mixin.py:190} INFO - [2024-12-10T17:01:46.236-0600] {dagbag.py:588} INFO - Filling up the DagBag from /root/airflow_env/lib/python3.12/site-packages/airflow/example_dags/example_complex.py
[2024-12-10T17:01:46.246-0600] {processor.py:925} INFO - DAG(s) 'example_complex' retrieved from /root/airflow_env/lib/python3.12/site-packages/airflow/example_dags/example_complex.py
[2024-12-10T17:01:46.271-0600] {logging_mixin.py:190} INFO - [2024-12-10T17:01:46.271-0600] {dag.py:3239} INFO - Sync 1 DAGs
[2024-12-10T17:01:46.290-0600] {logging_mixin.py:190} INFO - [2024-12-10T17:01:46.289-0600] {dag.py:4180} INFO - Setting next_dagrun for example_complex to None, run_after=None
[2024-12-10T17:01:46.319-0600] {processor.py:208} INFO - Processing /root/airflow_env/lib/python3.12/site-packages/airflow/example_dags/example_complex.py took 0.090 seconds
[2024-12-10T17:03:02.651-0600] {processor.py:186} INFO - Started process (PID=964) to work on /root/airflow_env/lib/python3.12/site-packages/airflow/example_dags/example_complex.py
[2024-12-10T17:03:02.652-0600] {processor.py:914} INFO - Processing file /root/airflow_env/lib/python3.12/site-packages/airflow/example_dags/example_complex.py for tasks to queue
[2024-12-10T17:03:02.653-0600] {logging_mixin.py:190} INFO - [2024-12-10T17:03:02.653-0600] {dagbag.py:588} INFO - Filling up the DagBag from /root/airflow_env/lib/python3.12/site-packages/airflow/example_dags/example_complex.py
[2024-12-10T17:03:02.665-0600] {processor.py:925} INFO - DAG(s) 'example_complex' retrieved from /root/airflow_env/lib/python3.12/site-packages/airflow/example_dags/example_complex.py
[2024-12-10T17:03:02.691-0600] {logging_mixin.py:190} INFO - [2024-12-10T17:03:02.691-0600] {dag.py:3239} INFO - Sync 1 DAGs
[2024-12-10T17:03:02.704-0600] {logging_mixin.py:190} INFO - [2024-12-10T17:03:02.704-0600] {dag.py:4180} INFO - Setting next_dagrun for example_complex to None, run_after=None
[2024-12-10T17:03:02.720-0600] {processor.py:208} INFO - Processing /root/airflow_env/lib/python3.12/site-packages/airflow/example_dags/example_complex.py took 0.075 seconds
[2024-12-10T17:04:21.753-0600] {processor.py:186} INFO - Started process (PID=1054) to work on /root/airflow_env/lib/python3.12/site-packages/airflow/example_dags/example_complex.py
[2024-12-10T17:04:21.754-0600] {processor.py:914} INFO - Processing file /root/airflow_env/lib/python3.12/site-packages/airflow/example_dags/example_complex.py for tasks to queue
[2024-12-10T17:04:21.756-0600] {logging_mixin.py:190} INFO - [2024-12-10T17:04:21.756-0600] {dagbag.py:588} INFO - Filling up the DagBag from /root/airflow_env/lib/python3.12/site-packages/airflow/example_dags/example_complex.py
[2024-12-10T17:04:21.765-0600] {processor.py:925} INFO - DAG(s) 'example_complex' retrieved from /root/airflow_env/lib/python3.12/site-packages/airflow/example_dags/example_complex.py
[2024-12-10T17:04:21.783-0600] {logging_mixin.py:190} INFO - [2024-12-10T17:04:21.783-0600] {dag.py:3239} INFO - Sync 1 DAGs
[2024-12-10T17:04:21.793-0600] {logging_mixin.py:190} INFO - [2024-12-10T17:04:21.792-0600] {dag.py:4180} INFO - Setting next_dagrun for example_complex to None, run_after=None
[2024-12-10T17:04:21.810-0600] {processor.py:208} INFO - Processing /root/airflow_env/lib/python3.12/site-packages/airflow/example_dags/example_complex.py took 0.061 seconds
[2024-12-10T17:05:16.297-0600] {processor.py:186} INFO - Started process (PID=1117) to work on /root/airflow_env/lib/python3.12/site-packages/airflow/example_dags/example_complex.py
[2024-12-10T17:05:16.298-0600] {processor.py:914} INFO - Processing file /root/airflow_env/lib/python3.12/site-packages/airflow/example_dags/example_complex.py for tasks to queue
[2024-12-10T17:05:16.300-0600] {logging_mixin.py:190} INFO - [2024-12-10T17:05:16.299-0600] {dagbag.py:588} INFO - Filling up the DagBag from /root/airflow_env/lib/python3.12/site-packages/airflow/example_dags/example_complex.py
[2024-12-10T17:05:16.308-0600] {processor.py:925} INFO - DAG(s) 'example_complex' retrieved from /root/airflow_env/lib/python3.12/site-packages/airflow/example_dags/example_complex.py
[2024-12-10T17:05:16.325-0600] {logging_mixin.py:190} INFO - [2024-12-10T17:05:16.325-0600] {dag.py:3239} INFO - Sync 1 DAGs
[2024-12-10T17:05:16.333-0600] {logging_mixin.py:190} INFO - [2024-12-10T17:05:16.333-0600] {dag.py:4180} INFO - Setting next_dagrun for example_complex to None, run_after=None
[2024-12-10T17:05:16.353-0600] {processor.py:208} INFO - Processing /root/airflow_env/lib/python3.12/site-packages/airflow/example_dags/example_complex.py took 0.060 seconds
[2024-12-10T17:06:10.177-0600] {processor.py:186} INFO - Started process (PID=1179) to work on /root/airflow_env/lib/python3.12/site-packages/airflow/example_dags/example_complex.py
[2024-12-10T17:06:10.179-0600] {processor.py:914} INFO - Processing file /root/airflow_env/lib/python3.12/site-packages/airflow/example_dags/example_complex.py for tasks to queue
[2024-12-10T17:06:10.180-0600] {logging_mixin.py:190} INFO - [2024-12-10T17:06:10.180-0600] {dagbag.py:588} INFO - Filling up the DagBag from /root/airflow_env/lib/python3.12/site-packages/airflow/example_dags/example_complex.py
[2024-12-10T17:06:10.189-0600] {processor.py:925} INFO - DAG(s) 'example_complex' retrieved from /root/airflow_env/lib/python3.12/site-packages/airflow/example_dags/example_complex.py
[2024-12-10T17:06:10.205-0600] {logging_mixin.py:190} INFO - [2024-12-10T17:06:10.205-0600] {dag.py:3239} INFO - Sync 1 DAGs
[2024-12-10T17:06:10.213-0600] {logging_mixin.py:190} INFO - [2024-12-10T17:06:10.213-0600] {dag.py:4180} INFO - Setting next_dagrun for example_complex to None, run_after=None
[2024-12-10T17:06:10.230-0600] {processor.py:208} INFO - Processing /root/airflow_env/lib/python3.12/site-packages/airflow/example_dags/example_complex.py took 0.057 seconds
[2024-12-10T17:07:06.657-0600] {processor.py:186} INFO - Started process (PID=1244) to work on /root/airflow_env/lib/python3.12/site-packages/airflow/example_dags/example_complex.py
[2024-12-10T17:07:06.659-0600] {processor.py:914} INFO - Processing file /root/airflow_env/lib/python3.12/site-packages/airflow/example_dags/example_complex.py for tasks to queue
[2024-12-10T17:07:06.661-0600] {logging_mixin.py:190} INFO - [2024-12-10T17:07:06.660-0600] {dagbag.py:588} INFO - Filling up the DagBag from /root/airflow_env/lib/python3.12/site-packages/airflow/example_dags/example_complex.py
[2024-12-10T17:07:06.669-0600] {processor.py:925} INFO - DAG(s) 'example_complex' retrieved from /root/airflow_env/lib/python3.12/site-packages/airflow/example_dags/example_complex.py
[2024-12-10T17:07:06.687-0600] {logging_mixin.py:190} INFO - [2024-12-10T17:07:06.687-0600] {dag.py:3239} INFO - Sync 1 DAGs
[2024-12-10T17:07:06.695-0600] {logging_mixin.py:190} INFO - [2024-12-10T17:07:06.695-0600] {dag.py:4180} INFO - Setting next_dagrun for example_complex to None, run_after=None
[2024-12-10T17:07:06.713-0600] {processor.py:208} INFO - Processing /root/airflow_env/lib/python3.12/site-packages/airflow/example_dags/example_complex.py took 0.062 seconds
[2024-12-10T17:08:22.780-0600] {processor.py:186} INFO - Started process (PID=1372) to work on /root/airflow_env/lib/python3.12/site-packages/airflow/example_dags/example_complex.py
[2024-12-10T17:08:22.781-0600] {processor.py:914} INFO - Processing file /root/airflow_env/lib/python3.12/site-packages/airflow/example_dags/example_complex.py for tasks to queue
[2024-12-10T17:08:22.783-0600] {logging_mixin.py:190} INFO - [2024-12-10T17:08:22.782-0600] {dagbag.py:588} INFO - Filling up the DagBag from /root/airflow_env/lib/python3.12/site-packages/airflow/example_dags/example_complex.py
[2024-12-10T17:08:22.792-0600] {processor.py:925} INFO - DAG(s) 'example_complex' retrieved from /root/airflow_env/lib/python3.12/site-packages/airflow/example_dags/example_complex.py
[2024-12-10T17:08:22.810-0600] {logging_mixin.py:190} INFO - [2024-12-10T17:08:22.810-0600] {dag.py:3239} INFO - Sync 1 DAGs
[2024-12-10T17:08:22.819-0600] {logging_mixin.py:190} INFO - [2024-12-10T17:08:22.819-0600] {dag.py:4180} INFO - Setting next_dagrun for example_complex to None, run_after=None
[2024-12-10T17:08:22.836-0600] {processor.py:208} INFO - Processing /root/airflow_env/lib/python3.12/site-packages/airflow/example_dags/example_complex.py took 0.061 seconds
[2024-12-10T17:09:40.001-0600] {processor.py:186} INFO - Started process (PID=1464) to work on /root/airflow_env/lib/python3.12/site-packages/airflow/example_dags/example_complex.py
[2024-12-10T17:09:40.004-0600] {processor.py:914} INFO - Processing file /root/airflow_env/lib/python3.12/site-packages/airflow/example_dags/example_complex.py for tasks to queue
[2024-12-10T17:09:40.006-0600] {logging_mixin.py:190} INFO - [2024-12-10T17:09:40.005-0600] {dagbag.py:588} INFO - Filling up the DagBag from /root/airflow_env/lib/python3.12/site-packages/airflow/example_dags/example_complex.py
[2024-12-10T17:09:40.015-0600] {processor.py:925} INFO - DAG(s) 'example_complex' retrieved from /root/airflow_env/lib/python3.12/site-packages/airflow/example_dags/example_complex.py
[2024-12-10T17:09:40.037-0600] {logging_mixin.py:190} INFO - [2024-12-10T17:09:40.037-0600] {dag.py:3239} INFO - Sync 1 DAGs
[2024-12-10T17:09:40.046-0600] {logging_mixin.py:190} INFO - [2024-12-10T17:09:40.045-0600] {dag.py:4180} INFO - Setting next_dagrun for example_complex to None, run_after=None
[2024-12-10T17:09:40.065-0600] {processor.py:208} INFO - Processing /root/airflow_env/lib/python3.12/site-packages/airflow/example_dags/example_complex.py took 0.067 seconds
[2024-12-10T17:10:55.724-0600] {processor.py:186} INFO - Started process (PID=1561) to work on /root/airflow_env/lib/python3.12/site-packages/airflow/example_dags/example_complex.py
[2024-12-10T17:10:55.728-0600] {processor.py:914} INFO - Processing file /root/airflow_env/lib/python3.12/site-packages/airflow/example_dags/example_complex.py for tasks to queue
[2024-12-10T17:10:55.731-0600] {logging_mixin.py:190} INFO - [2024-12-10T17:10:55.730-0600] {dagbag.py:588} INFO - Filling up the DagBag from /root/airflow_env/lib/python3.12/site-packages/airflow/example_dags/example_complex.py
[2024-12-10T17:10:55.745-0600] {processor.py:925} INFO - DAG(s) 'example_complex' retrieved from /root/airflow_env/lib/python3.12/site-packages/airflow/example_dags/example_complex.py
[2024-12-10T17:10:55.767-0600] {logging_mixin.py:190} INFO - [2024-12-10T17:10:55.767-0600] {dag.py:3239} INFO - Sync 1 DAGs
[2024-12-10T17:10:55.781-0600] {logging_mixin.py:190} INFO - [2024-12-10T17:10:55.780-0600] {dag.py:4180} INFO - Setting next_dagrun for example_complex to None, run_after=None
[2024-12-10T17:10:55.801-0600] {processor.py:208} INFO - Processing /root/airflow_env/lib/python3.12/site-packages/airflow/example_dags/example_complex.py took 0.083 seconds
[2024-12-10T17:12:11.378-0600] {processor.py:186} INFO - Started process (PID=1651) to work on /root/airflow_env/lib/python3.12/site-packages/airflow/example_dags/example_complex.py
[2024-12-10T17:12:11.381-0600] {processor.py:914} INFO - Processing file /root/airflow_env/lib/python3.12/site-packages/airflow/example_dags/example_complex.py for tasks to queue
[2024-12-10T17:12:11.382-0600] {logging_mixin.py:190} INFO - [2024-12-10T17:12:11.382-0600] {dagbag.py:588} INFO - Filling up the DagBag from /root/airflow_env/lib/python3.12/site-packages/airflow/example_dags/example_complex.py
[2024-12-10T17:12:11.390-0600] {processor.py:925} INFO - DAG(s) 'example_complex' retrieved from /root/airflow_env/lib/python3.12/site-packages/airflow/example_dags/example_complex.py
[2024-12-10T17:12:11.407-0600] {logging_mixin.py:190} INFO - [2024-12-10T17:12:11.407-0600] {dag.py:3239} INFO - Sync 1 DAGs
[2024-12-10T17:12:11.415-0600] {logging_mixin.py:190} INFO - [2024-12-10T17:12:11.415-0600] {dag.py:4180} INFO - Setting next_dagrun for example_complex to None, run_after=None
[2024-12-10T17:12:11.432-0600] {processor.py:208} INFO - Processing /root/airflow_env/lib/python3.12/site-packages/airflow/example_dags/example_complex.py took 0.058 seconds
[2024-12-10T17:13:28.899-0600] {processor.py:186} INFO - Started process (PID=1736) to work on /root/airflow_env/lib/python3.12/site-packages/airflow/example_dags/example_complex.py
[2024-12-10T17:13:28.901-0600] {processor.py:914} INFO - Processing file /root/airflow_env/lib/python3.12/site-packages/airflow/example_dags/example_complex.py for tasks to queue
[2024-12-10T17:13:28.902-0600] {logging_mixin.py:190} INFO - [2024-12-10T17:13:28.902-0600] {dagbag.py:588} INFO - Filling up the DagBag from /root/airflow_env/lib/python3.12/site-packages/airflow/example_dags/example_complex.py
[2024-12-10T17:13:28.910-0600] {processor.py:925} INFO - DAG(s) 'example_complex' retrieved from /root/airflow_env/lib/python3.12/site-packages/airflow/example_dags/example_complex.py
[2024-12-10T17:13:28.927-0600] {logging_mixin.py:190} INFO - [2024-12-10T17:13:28.927-0600] {dag.py:3239} INFO - Sync 1 DAGs
[2024-12-10T17:13:28.935-0600] {logging_mixin.py:190} INFO - [2024-12-10T17:13:28.935-0600] {dag.py:4180} INFO - Setting next_dagrun for example_complex to None, run_after=None
[2024-12-10T17:13:28.954-0600] {processor.py:208} INFO - Processing /root/airflow_env/lib/python3.12/site-packages/airflow/example_dags/example_complex.py took 0.059 seconds
[2024-12-10T17:14:44.917-0600] {processor.py:186} INFO - Started process (PID=1828) to work on /root/airflow_env/lib/python3.12/site-packages/airflow/example_dags/example_complex.py
[2024-12-10T17:14:44.919-0600] {processor.py:914} INFO - Processing file /root/airflow_env/lib/python3.12/site-packages/airflow/example_dags/example_complex.py for tasks to queue
[2024-12-10T17:14:44.920-0600] {logging_mixin.py:190} INFO - [2024-12-10T17:14:44.920-0600] {dagbag.py:588} INFO - Filling up the DagBag from /root/airflow_env/lib/python3.12/site-packages/airflow/example_dags/example_complex.py
[2024-12-10T17:14:44.929-0600] {processor.py:925} INFO - DAG(s) 'example_complex' retrieved from /root/airflow_env/lib/python3.12/site-packages/airflow/example_dags/example_complex.py
[2024-12-10T17:14:44.947-0600] {logging_mixin.py:190} INFO - [2024-12-10T17:14:44.947-0600] {dag.py:3239} INFO - Sync 1 DAGs
[2024-12-10T17:14:44.955-0600] {logging_mixin.py:190} INFO - [2024-12-10T17:14:44.955-0600] {dag.py:4180} INFO - Setting next_dagrun for example_complex to None, run_after=None
[2024-12-10T17:14:44.972-0600] {processor.py:208} INFO - Processing /root/airflow_env/lib/python3.12/site-packages/airflow/example_dags/example_complex.py took 0.059 seconds
[2024-12-10T17:15:39.238-0600] {processor.py:186} INFO - Started process (PID=1891) to work on /root/airflow_env/lib/python3.12/site-packages/airflow/example_dags/example_complex.py
[2024-12-10T17:15:39.239-0600] {processor.py:914} INFO - Processing file /root/airflow_env/lib/python3.12/site-packages/airflow/example_dags/example_complex.py for tasks to queue
[2024-12-10T17:15:39.241-0600] {logging_mixin.py:190} INFO - [2024-12-10T17:15:39.241-0600] {dagbag.py:588} INFO - Filling up the DagBag from /root/airflow_env/lib/python3.12/site-packages/airflow/example_dags/example_complex.py
[2024-12-10T17:15:39.249-0600] {processor.py:925} INFO - DAG(s) 'example_complex' retrieved from /root/airflow_env/lib/python3.12/site-packages/airflow/example_dags/example_complex.py
[2024-12-10T17:15:39.266-0600] {logging_mixin.py:190} INFO - [2024-12-10T17:15:39.265-0600] {dag.py:3239} INFO - Sync 1 DAGs
[2024-12-10T17:15:39.274-0600] {logging_mixin.py:190} INFO - [2024-12-10T17:15:39.274-0600] {dag.py:4180} INFO - Setting next_dagrun for example_complex to None, run_after=None
[2024-12-10T17:15:39.293-0600] {processor.py:208} INFO - Processing /root/airflow_env/lib/python3.12/site-packages/airflow/example_dags/example_complex.py took 0.059 seconds
[2024-12-10T17:16:56.364-0600] {processor.py:186} INFO - Started process (PID=1983) to work on /root/airflow_env/lib/python3.12/site-packages/airflow/example_dags/example_complex.py
[2024-12-10T17:16:56.367-0600] {processor.py:914} INFO - Processing file /root/airflow_env/lib/python3.12/site-packages/airflow/example_dags/example_complex.py for tasks to queue
[2024-12-10T17:16:56.368-0600] {logging_mixin.py:190} INFO - [2024-12-10T17:16:56.368-0600] {dagbag.py:588} INFO - Filling up the DagBag from /root/airflow_env/lib/python3.12/site-packages/airflow/example_dags/example_complex.py
[2024-12-10T17:16:56.376-0600] {processor.py:925} INFO - DAG(s) 'example_complex' retrieved from /root/airflow_env/lib/python3.12/site-packages/airflow/example_dags/example_complex.py
[2024-12-10T17:16:56.393-0600] {logging_mixin.py:190} INFO - [2024-12-10T17:16:56.393-0600] {dag.py:3239} INFO - Sync 1 DAGs
[2024-12-10T17:16:56.402-0600] {logging_mixin.py:190} INFO - [2024-12-10T17:16:56.402-0600] {dag.py:4180} INFO - Setting next_dagrun for example_complex to None, run_after=None
[2024-12-10T17:16:56.418-0600] {processor.py:208} INFO - Processing /root/airflow_env/lib/python3.12/site-packages/airflow/example_dags/example_complex.py took 0.058 seconds
[2024-12-10T17:18:13.475-0600] {processor.py:186} INFO - Started process (PID=2069) to work on /root/airflow_env/lib/python3.12/site-packages/airflow/example_dags/example_complex.py
[2024-12-10T17:18:13.476-0600] {processor.py:914} INFO - Processing file /root/airflow_env/lib/python3.12/site-packages/airflow/example_dags/example_complex.py for tasks to queue
[2024-12-10T17:18:13.478-0600] {logging_mixin.py:190} INFO - [2024-12-10T17:18:13.478-0600] {dagbag.py:588} INFO - Filling up the DagBag from /root/airflow_env/lib/python3.12/site-packages/airflow/example_dags/example_complex.py
[2024-12-10T17:18:13.486-0600] {processor.py:925} INFO - DAG(s) 'example_complex' retrieved from /root/airflow_env/lib/python3.12/site-packages/airflow/example_dags/example_complex.py
[2024-12-10T17:18:13.502-0600] {logging_mixin.py:190} INFO - [2024-12-10T17:18:13.502-0600] {dag.py:3239} INFO - Sync 1 DAGs
[2024-12-10T17:18:13.511-0600] {logging_mixin.py:190} INFO - [2024-12-10T17:18:13.510-0600] {dag.py:4180} INFO - Setting next_dagrun for example_complex to None, run_after=None
[2024-12-10T17:18:13.528-0600] {processor.py:208} INFO - Processing /root/airflow_env/lib/python3.12/site-packages/airflow/example_dags/example_complex.py took 0.057 seconds
[2024-12-10T17:19:33.546-0600] {processor.py:186} INFO - Started process (PID=2155) to work on /root/airflow_env/lib/python3.12/site-packages/airflow/example_dags/example_complex.py
[2024-12-10T17:19:33.549-0600] {processor.py:914} INFO - Processing file /root/airflow_env/lib/python3.12/site-packages/airflow/example_dags/example_complex.py for tasks to queue
[2024-12-10T17:19:33.550-0600] {logging_mixin.py:190} INFO - [2024-12-10T17:19:33.550-0600] {dagbag.py:588} INFO - Filling up the DagBag from /root/airflow_env/lib/python3.12/site-packages/airflow/example_dags/example_complex.py
[2024-12-10T17:19:33.558-0600] {processor.py:925} INFO - DAG(s) 'example_complex' retrieved from /root/airflow_env/lib/python3.12/site-packages/airflow/example_dags/example_complex.py
[2024-12-10T17:19:33.574-0600] {logging_mixin.py:190} INFO - [2024-12-10T17:19:33.574-0600] {dag.py:3239} INFO - Sync 1 DAGs
[2024-12-10T17:19:33.582-0600] {logging_mixin.py:190} INFO - [2024-12-10T17:19:33.582-0600] {dag.py:4180} INFO - Setting next_dagrun for example_complex to None, run_after=None
[2024-12-10T17:19:33.600-0600] {processor.py:208} INFO - Processing /root/airflow_env/lib/python3.12/site-packages/airflow/example_dags/example_complex.py took 0.058 seconds
[2024-12-10T17:20:49.959-0600] {processor.py:186} INFO - Started process (PID=2240) to work on /root/airflow_env/lib/python3.12/site-packages/airflow/example_dags/example_complex.py
[2024-12-10T17:20:49.962-0600] {processor.py:914} INFO - Processing file /root/airflow_env/lib/python3.12/site-packages/airflow/example_dags/example_complex.py for tasks to queue
[2024-12-10T17:20:49.963-0600] {logging_mixin.py:190} INFO - [2024-12-10T17:20:49.963-0600] {dagbag.py:588} INFO - Filling up the DagBag from /root/airflow_env/lib/python3.12/site-packages/airflow/example_dags/example_complex.py
[2024-12-10T17:20:49.971-0600] {processor.py:925} INFO - DAG(s) 'example_complex' retrieved from /root/airflow_env/lib/python3.12/site-packages/airflow/example_dags/example_complex.py
[2024-12-10T17:20:49.988-0600] {logging_mixin.py:190} INFO - [2024-12-10T17:20:49.988-0600] {dag.py:3239} INFO - Sync 1 DAGs
[2024-12-10T17:20:49.996-0600] {logging_mixin.py:190} INFO - [2024-12-10T17:20:49.996-0600] {dag.py:4180} INFO - Setting next_dagrun for example_complex to None, run_after=None
[2024-12-10T17:20:50.014-0600] {processor.py:208} INFO - Processing /root/airflow_env/lib/python3.12/site-packages/airflow/example_dags/example_complex.py took 0.058 seconds
[2024-12-10T17:21:44.156-0600] {processor.py:186} INFO - Started process (PID=2300) to work on /root/airflow_env/lib/python3.12/site-packages/airflow/example_dags/example_complex.py
[2024-12-10T17:21:44.159-0600] {processor.py:914} INFO - Processing file /root/airflow_env/lib/python3.12/site-packages/airflow/example_dags/example_complex.py for tasks to queue
[2024-12-10T17:21:44.161-0600] {logging_mixin.py:190} INFO - [2024-12-10T17:21:44.161-0600] {dagbag.py:588} INFO - Filling up the DagBag from /root/airflow_env/lib/python3.12/site-packages/airflow/example_dags/example_complex.py
[2024-12-10T17:21:44.169-0600] {processor.py:925} INFO - DAG(s) 'example_complex' retrieved from /root/airflow_env/lib/python3.12/site-packages/airflow/example_dags/example_complex.py
[2024-12-10T17:21:44.186-0600] {logging_mixin.py:190} INFO - [2024-12-10T17:21:44.186-0600] {dag.py:3239} INFO - Sync 1 DAGs
[2024-12-10T17:21:44.194-0600] {logging_mixin.py:190} INFO - [2024-12-10T17:21:44.194-0600] {dag.py:4180} INFO - Setting next_dagrun for example_complex to None, run_after=None
[2024-12-10T17:21:44.211-0600] {processor.py:208} INFO - Processing /root/airflow_env/lib/python3.12/site-packages/airflow/example_dags/example_complex.py took 0.058 seconds
[2024-12-10T17:23:06.399-0600] {processor.py:186} INFO - Started process (PID=2387) to work on /root/airflow_env/lib/python3.12/site-packages/airflow/example_dags/example_complex.py
[2024-12-10T17:23:06.402-0600] {processor.py:914} INFO - Processing file /root/airflow_env/lib/python3.12/site-packages/airflow/example_dags/example_complex.py for tasks to queue
[2024-12-10T17:23:06.403-0600] {logging_mixin.py:190} INFO - [2024-12-10T17:23:06.403-0600] {dagbag.py:588} INFO - Filling up the DagBag from /root/airflow_env/lib/python3.12/site-packages/airflow/example_dags/example_complex.py
[2024-12-10T17:23:06.411-0600] {processor.py:925} INFO - DAG(s) 'example_complex' retrieved from /root/airflow_env/lib/python3.12/site-packages/airflow/example_dags/example_complex.py
[2024-12-10T17:23:06.428-0600] {logging_mixin.py:190} INFO - [2024-12-10T17:23:06.428-0600] {dag.py:3239} INFO - Sync 1 DAGs
[2024-12-10T17:23:06.436-0600] {logging_mixin.py:190} INFO - [2024-12-10T17:23:06.436-0600] {dag.py:4180} INFO - Setting next_dagrun for example_complex to None, run_after=None
[2024-12-10T17:23:06.453-0600] {processor.py:208} INFO - Processing /root/airflow_env/lib/python3.12/site-packages/airflow/example_dags/example_complex.py took 0.058 seconds
[2024-12-10T17:24:00.679-0600] {processor.py:186} INFO - Started process (PID=2447) to work on /root/airflow_env/lib/python3.12/site-packages/airflow/example_dags/example_complex.py
[2024-12-10T17:24:00.682-0600] {processor.py:914} INFO - Processing file /root/airflow_env/lib/python3.12/site-packages/airflow/example_dags/example_complex.py for tasks to queue
[2024-12-10T17:24:00.683-0600] {logging_mixin.py:190} INFO - [2024-12-10T17:24:00.683-0600] {dagbag.py:588} INFO - Filling up the DagBag from /root/airflow_env/lib/python3.12/site-packages/airflow/example_dags/example_complex.py
[2024-12-10T17:24:00.691-0600] {processor.py:925} INFO - DAG(s) 'example_complex' retrieved from /root/airflow_env/lib/python3.12/site-packages/airflow/example_dags/example_complex.py
[2024-12-10T17:24:00.710-0600] {logging_mixin.py:190} INFO - [2024-12-10T17:24:00.709-0600] {dag.py:3239} INFO - Sync 1 DAGs
[2024-12-10T17:24:00.719-0600] {logging_mixin.py:190} INFO - [2024-12-10T17:24:00.719-0600] {dag.py:4180} INFO - Setting next_dagrun for example_complex to None, run_after=None
[2024-12-10T17:24:00.736-0600] {processor.py:208} INFO - Processing /root/airflow_env/lib/python3.12/site-packages/airflow/example_dags/example_complex.py took 0.061 seconds
[2024-12-10T17:25:17.957-0600] {processor.py:186} INFO - Started process (PID=2540) to work on /root/airflow_env/lib/python3.12/site-packages/airflow/example_dags/example_complex.py
[2024-12-10T17:25:17.959-0600] {processor.py:914} INFO - Processing file /root/airflow_env/lib/python3.12/site-packages/airflow/example_dags/example_complex.py for tasks to queue
[2024-12-10T17:25:17.961-0600] {logging_mixin.py:190} INFO - [2024-12-10T17:25:17.960-0600] {dagbag.py:588} INFO - Filling up the DagBag from /root/airflow_env/lib/python3.12/site-packages/airflow/example_dags/example_complex.py
[2024-12-10T17:25:17.969-0600] {processor.py:925} INFO - DAG(s) 'example_complex' retrieved from /root/airflow_env/lib/python3.12/site-packages/airflow/example_dags/example_complex.py
[2024-12-10T17:25:17.985-0600] {logging_mixin.py:190} INFO - [2024-12-10T17:25:17.985-0600] {dag.py:3239} INFO - Sync 1 DAGs
[2024-12-10T17:25:17.993-0600] {logging_mixin.py:190} INFO - [2024-12-10T17:25:17.993-0600] {dag.py:4180} INFO - Setting next_dagrun for example_complex to None, run_after=None
[2024-12-10T17:25:18.010-0600] {processor.py:208} INFO - Processing /root/airflow_env/lib/python3.12/site-packages/airflow/example_dags/example_complex.py took 0.057 seconds
[2024-12-10T17:26:38.930-0600] {processor.py:186} INFO - Started process (PID=2627) to work on /root/airflow_env/lib/python3.12/site-packages/airflow/example_dags/example_complex.py
[2024-12-10T17:26:38.932-0600] {processor.py:914} INFO - Processing file /root/airflow_env/lib/python3.12/site-packages/airflow/example_dags/example_complex.py for tasks to queue
[2024-12-10T17:26:38.934-0600] {logging_mixin.py:190} INFO - [2024-12-10T17:26:38.934-0600] {dagbag.py:588} INFO - Filling up the DagBag from /root/airflow_env/lib/python3.12/site-packages/airflow/example_dags/example_complex.py
[2024-12-10T17:26:38.943-0600] {processor.py:925} INFO - DAG(s) 'example_complex' retrieved from /root/airflow_env/lib/python3.12/site-packages/airflow/example_dags/example_complex.py
[2024-12-10T17:26:38.967-0600] {logging_mixin.py:190} INFO - [2024-12-10T17:26:38.965-0600] {dag.py:3239} INFO - Sync 1 DAGs
[2024-12-10T17:26:38.978-0600] {logging_mixin.py:190} INFO - [2024-12-10T17:26:38.978-0600] {dag.py:4180} INFO - Setting next_dagrun for example_complex to None, run_after=None
[2024-12-10T17:26:39.001-0600] {processor.py:208} INFO - Processing /root/airflow_env/lib/python3.12/site-packages/airflow/example_dags/example_complex.py took 0.075 seconds
[2024-12-10T17:27:57.774-0600] {processor.py:186} INFO - Started process (PID=2714) to work on /root/airflow_env/lib/python3.12/site-packages/airflow/example_dags/example_complex.py
[2024-12-10T17:27:57.778-0600] {processor.py:914} INFO - Processing file /root/airflow_env/lib/python3.12/site-packages/airflow/example_dags/example_complex.py for tasks to queue
[2024-12-10T17:27:57.782-0600] {logging_mixin.py:190} INFO - [2024-12-10T17:27:57.781-0600] {dagbag.py:588} INFO - Filling up the DagBag from /root/airflow_env/lib/python3.12/site-packages/airflow/example_dags/example_complex.py
[2024-12-10T17:27:57.799-0600] {processor.py:925} INFO - DAG(s) 'example_complex' retrieved from /root/airflow_env/lib/python3.12/site-packages/airflow/example_dags/example_complex.py
[2024-12-10T17:27:57.823-0600] {logging_mixin.py:190} INFO - [2024-12-10T17:27:57.823-0600] {dag.py:3239} INFO - Sync 1 DAGs
[2024-12-10T17:27:57.833-0600] {logging_mixin.py:190} INFO - [2024-12-10T17:27:57.833-0600] {dag.py:4180} INFO - Setting next_dagrun for example_complex to None, run_after=None
[2024-12-10T17:27:57.852-0600] {processor.py:208} INFO - Processing /root/airflow_env/lib/python3.12/site-packages/airflow/example_dags/example_complex.py took 0.088 seconds
[2024-12-10T17:29:16.457-0600] {processor.py:186} INFO - Started process (PID=2798) to work on /root/airflow_env/lib/python3.12/site-packages/airflow/example_dags/example_complex.py
[2024-12-10T17:29:16.459-0600] {processor.py:914} INFO - Processing file /root/airflow_env/lib/python3.12/site-packages/airflow/example_dags/example_complex.py for tasks to queue
[2024-12-10T17:29:16.460-0600] {logging_mixin.py:190} INFO - [2024-12-10T17:29:16.460-0600] {dagbag.py:588} INFO - Filling up the DagBag from /root/airflow_env/lib/python3.12/site-packages/airflow/example_dags/example_complex.py
[2024-12-10T17:29:16.469-0600] {processor.py:925} INFO - DAG(s) 'example_complex' retrieved from /root/airflow_env/lib/python3.12/site-packages/airflow/example_dags/example_complex.py
[2024-12-10T17:29:16.486-0600] {logging_mixin.py:190} INFO - [2024-12-10T17:29:16.486-0600] {dag.py:3239} INFO - Sync 1 DAGs
[2024-12-10T17:29:16.494-0600] {logging_mixin.py:190} INFO - [2024-12-10T17:29:16.494-0600] {dag.py:4180} INFO - Setting next_dagrun for example_complex to None, run_after=None
[2024-12-10T17:29:16.513-0600] {processor.py:208} INFO - Processing /root/airflow_env/lib/python3.12/site-packages/airflow/example_dags/example_complex.py took 0.060 seconds
[2024-12-10T17:30:31.977-0600] {processor.py:186} INFO - Started process (PID=2888) to work on /root/airflow_env/lib/python3.12/site-packages/airflow/example_dags/example_complex.py
[2024-12-10T17:30:31.979-0600] {processor.py:914} INFO - Processing file /root/airflow_env/lib/python3.12/site-packages/airflow/example_dags/example_complex.py for tasks to queue
[2024-12-10T17:30:31.981-0600] {logging_mixin.py:190} INFO - [2024-12-10T17:30:31.981-0600] {dagbag.py:588} INFO - Filling up the DagBag from /root/airflow_env/lib/python3.12/site-packages/airflow/example_dags/example_complex.py
[2024-12-10T17:30:31.989-0600] {processor.py:925} INFO - DAG(s) 'example_complex' retrieved from /root/airflow_env/lib/python3.12/site-packages/airflow/example_dags/example_complex.py
[2024-12-10T17:30:32.005-0600] {logging_mixin.py:190} INFO - [2024-12-10T17:30:32.005-0600] {dag.py:3239} INFO - Sync 1 DAGs
[2024-12-10T17:30:32.013-0600] {logging_mixin.py:190} INFO - [2024-12-10T17:30:32.013-0600] {dag.py:4180} INFO - Setting next_dagrun for example_complex to None, run_after=None
[2024-12-10T17:30:32.030-0600] {processor.py:208} INFO - Processing /root/airflow_env/lib/python3.12/site-packages/airflow/example_dags/example_complex.py took 0.057 seconds
[2024-12-10T17:31:47.813-0600] {processor.py:186} INFO - Started process (PID=2972) to work on /root/airflow_env/lib/python3.12/site-packages/airflow/example_dags/example_complex.py
[2024-12-10T17:31:47.814-0600] {processor.py:914} INFO - Processing file /root/airflow_env/lib/python3.12/site-packages/airflow/example_dags/example_complex.py for tasks to queue
[2024-12-10T17:31:47.815-0600] {logging_mixin.py:190} INFO - [2024-12-10T17:31:47.815-0600] {dagbag.py:588} INFO - Filling up the DagBag from /root/airflow_env/lib/python3.12/site-packages/airflow/example_dags/example_complex.py
[2024-12-10T17:31:47.823-0600] {processor.py:925} INFO - DAG(s) 'example_complex' retrieved from /root/airflow_env/lib/python3.12/site-packages/airflow/example_dags/example_complex.py
[2024-12-10T17:31:47.840-0600] {logging_mixin.py:190} INFO - [2024-12-10T17:31:47.839-0600] {dag.py:3239} INFO - Sync 1 DAGs
[2024-12-10T17:31:47.848-0600] {logging_mixin.py:190} INFO - [2024-12-10T17:31:47.848-0600] {dag.py:4180} INFO - Setting next_dagrun for example_complex to None, run_after=None
[2024-12-10T17:31:47.865-0600] {processor.py:208} INFO - Processing /root/airflow_env/lib/python3.12/site-packages/airflow/example_dags/example_complex.py took 0.056 seconds
[2024-12-10T17:32:42.471-0600] {processor.py:186} INFO - Started process (PID=3031) to work on /root/airflow_env/lib/python3.12/site-packages/airflow/example_dags/example_complex.py
[2024-12-10T17:32:42.474-0600] {processor.py:914} INFO - Processing file /root/airflow_env/lib/python3.12/site-packages/airflow/example_dags/example_complex.py for tasks to queue
[2024-12-10T17:32:42.475-0600] {logging_mixin.py:190} INFO - [2024-12-10T17:32:42.475-0600] {dagbag.py:588} INFO - Filling up the DagBag from /root/airflow_env/lib/python3.12/site-packages/airflow/example_dags/example_complex.py
[2024-12-10T17:32:42.484-0600] {processor.py:925} INFO - DAG(s) 'example_complex' retrieved from /root/airflow_env/lib/python3.12/site-packages/airflow/example_dags/example_complex.py
[2024-12-10T17:32:42.500-0600] {logging_mixin.py:190} INFO - [2024-12-10T17:32:42.500-0600] {dag.py:3239} INFO - Sync 1 DAGs
[2024-12-10T17:32:42.508-0600] {logging_mixin.py:190} INFO - [2024-12-10T17:32:42.508-0600] {dag.py:4180} INFO - Setting next_dagrun for example_complex to None, run_after=None
[2024-12-10T17:32:42.525-0600] {processor.py:208} INFO - Processing /root/airflow_env/lib/python3.12/site-packages/airflow/example_dags/example_complex.py took 0.057 seconds
[2024-12-10T17:33:37.212-0600] {processor.py:186} INFO - Started process (PID=3090) to work on /root/airflow_env/lib/python3.12/site-packages/airflow/example_dags/example_complex.py
[2024-12-10T17:33:37.215-0600] {processor.py:914} INFO - Processing file /root/airflow_env/lib/python3.12/site-packages/airflow/example_dags/example_complex.py for tasks to queue
[2024-12-10T17:33:37.216-0600] {logging_mixin.py:190} INFO - [2024-12-10T17:33:37.216-0600] {dagbag.py:588} INFO - Filling up the DagBag from /root/airflow_env/lib/python3.12/site-packages/airflow/example_dags/example_complex.py
[2024-12-10T17:33:37.224-0600] {processor.py:925} INFO - DAG(s) 'example_complex' retrieved from /root/airflow_env/lib/python3.12/site-packages/airflow/example_dags/example_complex.py
[2024-12-10T17:33:37.241-0600] {logging_mixin.py:190} INFO - [2024-12-10T17:33:37.241-0600] {dag.py:3239} INFO - Sync 1 DAGs
[2024-12-10T17:33:37.249-0600] {logging_mixin.py:190} INFO - [2024-12-10T17:33:37.249-0600] {dag.py:4180} INFO - Setting next_dagrun for example_complex to None, run_after=None
[2024-12-10T17:33:37.266-0600] {processor.py:208} INFO - Processing /root/airflow_env/lib/python3.12/site-packages/airflow/example_dags/example_complex.py took 0.058 seconds
[2024-12-10T17:34:32.671-0600] {processor.py:186} INFO - Started process (PID=3257) to work on /root/airflow_env/lib/python3.12/site-packages/airflow/example_dags/example_complex.py
[2024-12-10T17:34:32.673-0600] {processor.py:914} INFO - Processing file /root/airflow_env/lib/python3.12/site-packages/airflow/example_dags/example_complex.py for tasks to queue
[2024-12-10T17:34:32.675-0600] {logging_mixin.py:190} INFO - [2024-12-10T17:34:32.674-0600] {dagbag.py:588} INFO - Filling up the DagBag from /root/airflow_env/lib/python3.12/site-packages/airflow/example_dags/example_complex.py
[2024-12-10T17:34:32.683-0600] {processor.py:925} INFO - DAG(s) 'example_complex' retrieved from /root/airflow_env/lib/python3.12/site-packages/airflow/example_dags/example_complex.py
[2024-12-10T17:34:32.701-0600] {logging_mixin.py:190} INFO - [2024-12-10T17:34:32.700-0600] {dag.py:3239} INFO - Sync 1 DAGs
[2024-12-10T17:34:32.709-0600] {logging_mixin.py:190} INFO - [2024-12-10T17:34:32.709-0600] {dag.py:4180} INFO - Setting next_dagrun for example_complex to None, run_after=None
[2024-12-10T17:34:32.726-0600] {processor.py:208} INFO - Processing /root/airflow_env/lib/python3.12/site-packages/airflow/example_dags/example_complex.py took 0.060 seconds
[2024-12-10T17:35:49.515-0600] {processor.py:186} INFO - Started process (PID=3346) to work on /root/airflow_env/lib/python3.12/site-packages/airflow/example_dags/example_complex.py
[2024-12-10T17:35:49.518-0600] {processor.py:914} INFO - Processing file /root/airflow_env/lib/python3.12/site-packages/airflow/example_dags/example_complex.py for tasks to queue
[2024-12-10T17:35:49.519-0600] {logging_mixin.py:190} INFO - [2024-12-10T17:35:49.519-0600] {dagbag.py:588} INFO - Filling up the DagBag from /root/airflow_env/lib/python3.12/site-packages/airflow/example_dags/example_complex.py
[2024-12-10T17:35:49.527-0600] {processor.py:925} INFO - DAG(s) 'example_complex' retrieved from /root/airflow_env/lib/python3.12/site-packages/airflow/example_dags/example_complex.py
[2024-12-10T17:35:49.543-0600] {logging_mixin.py:190} INFO - [2024-12-10T17:35:49.543-0600] {dag.py:3239} INFO - Sync 1 DAGs
[2024-12-10T17:35:49.551-0600] {logging_mixin.py:190} INFO - [2024-12-10T17:35:49.551-0600] {dag.py:4180} INFO - Setting next_dagrun for example_complex to None, run_after=None
[2024-12-10T17:35:49.568-0600] {processor.py:208} INFO - Processing /root/airflow_env/lib/python3.12/site-packages/airflow/example_dags/example_complex.py took 0.057 seconds
[2024-12-10T17:37:04.849-0600] {processor.py:186} INFO - Started process (PID=3429) to work on /root/airflow_env/lib/python3.12/site-packages/airflow/example_dags/example_complex.py
[2024-12-10T17:37:04.852-0600] {processor.py:914} INFO - Processing file /root/airflow_env/lib/python3.12/site-packages/airflow/example_dags/example_complex.py for tasks to queue
[2024-12-10T17:37:04.853-0600] {logging_mixin.py:190} INFO - [2024-12-10T17:37:04.853-0600] {dagbag.py:588} INFO - Filling up the DagBag from /root/airflow_env/lib/python3.12/site-packages/airflow/example_dags/example_complex.py
[2024-12-10T17:37:04.861-0600] {processor.py:925} INFO - DAG(s) 'example_complex' retrieved from /root/airflow_env/lib/python3.12/site-packages/airflow/example_dags/example_complex.py
[2024-12-10T17:37:04.878-0600] {logging_mixin.py:190} INFO - [2024-12-10T17:37:04.878-0600] {dag.py:3239} INFO - Sync 1 DAGs
[2024-12-10T17:37:04.886-0600] {logging_mixin.py:190} INFO - [2024-12-10T17:37:04.886-0600] {dag.py:4180} INFO - Setting next_dagrun for example_complex to None, run_after=None
[2024-12-10T17:37:04.903-0600] {processor.py:208} INFO - Processing /root/airflow_env/lib/python3.12/site-packages/airflow/example_dags/example_complex.py took 0.057 seconds
[2024-12-10T17:38:21.095-0600] {processor.py:186} INFO - Started process (PID=3514) to work on /root/airflow_env/lib/python3.12/site-packages/airflow/example_dags/example_complex.py
[2024-12-10T17:38:21.098-0600] {processor.py:914} INFO - Processing file /root/airflow_env/lib/python3.12/site-packages/airflow/example_dags/example_complex.py for tasks to queue
[2024-12-10T17:38:21.099-0600] {logging_mixin.py:190} INFO - [2024-12-10T17:38:21.099-0600] {dagbag.py:588} INFO - Filling up the DagBag from /root/airflow_env/lib/python3.12/site-packages/airflow/example_dags/example_complex.py
[2024-12-10T17:38:21.107-0600] {processor.py:925} INFO - DAG(s) 'example_complex' retrieved from /root/airflow_env/lib/python3.12/site-packages/airflow/example_dags/example_complex.py
[2024-12-10T17:38:21.124-0600] {logging_mixin.py:190} INFO - [2024-12-10T17:38:21.123-0600] {dag.py:3239} INFO - Sync 1 DAGs
[2024-12-10T17:38:21.131-0600] {logging_mixin.py:190} INFO - [2024-12-10T17:38:21.131-0600] {dag.py:4180} INFO - Setting next_dagrun for example_complex to None, run_after=None
[2024-12-10T17:38:21.148-0600] {processor.py:208} INFO - Processing /root/airflow_env/lib/python3.12/site-packages/airflow/example_dags/example_complex.py took 0.056 seconds
[2024-12-10T17:39:40.408-0600] {processor.py:186} INFO - Started process (PID=3600) to work on /root/airflow_env/lib/python3.12/site-packages/airflow/example_dags/example_complex.py
[2024-12-10T17:39:40.410-0600] {processor.py:914} INFO - Processing file /root/airflow_env/lib/python3.12/site-packages/airflow/example_dags/example_complex.py for tasks to queue
[2024-12-10T17:39:40.412-0600] {logging_mixin.py:190} INFO - [2024-12-10T17:39:40.412-0600] {dagbag.py:588} INFO - Filling up the DagBag from /root/airflow_env/lib/python3.12/site-packages/airflow/example_dags/example_complex.py
[2024-12-10T17:39:40.421-0600] {processor.py:925} INFO - DAG(s) 'example_complex' retrieved from /root/airflow_env/lib/python3.12/site-packages/airflow/example_dags/example_complex.py
[2024-12-10T17:39:40.437-0600] {logging_mixin.py:190} INFO - [2024-12-10T17:39:40.437-0600] {dag.py:3239} INFO - Sync 1 DAGs
[2024-12-10T17:39:40.445-0600] {logging_mixin.py:190} INFO - [2024-12-10T17:39:40.445-0600] {dag.py:4180} INFO - Setting next_dagrun for example_complex to None, run_after=None
[2024-12-10T17:39:40.462-0600] {processor.py:208} INFO - Processing /root/airflow_env/lib/python3.12/site-packages/airflow/example_dags/example_complex.py took 0.058 seconds
[2024-12-10T17:40:59.906-0600] {processor.py:186} INFO - Started process (PID=3692) to work on /root/airflow_env/lib/python3.12/site-packages/airflow/example_dags/example_complex.py
[2024-12-10T17:40:59.909-0600] {processor.py:914} INFO - Processing file /root/airflow_env/lib/python3.12/site-packages/airflow/example_dags/example_complex.py for tasks to queue
[2024-12-10T17:40:59.910-0600] {logging_mixin.py:190} INFO - [2024-12-10T17:40:59.910-0600] {dagbag.py:588} INFO - Filling up the DagBag from /root/airflow_env/lib/python3.12/site-packages/airflow/example_dags/example_complex.py
[2024-12-10T17:40:59.918-0600] {processor.py:925} INFO - DAG(s) 'example_complex' retrieved from /root/airflow_env/lib/python3.12/site-packages/airflow/example_dags/example_complex.py
[2024-12-10T17:40:59.935-0600] {logging_mixin.py:190} INFO - [2024-12-10T17:40:59.935-0600] {dag.py:3239} INFO - Sync 1 DAGs
[2024-12-10T17:40:59.943-0600] {logging_mixin.py:190} INFO - [2024-12-10T17:40:59.943-0600] {dag.py:4180} INFO - Setting next_dagrun for example_complex to None, run_after=None
[2024-12-10T17:40:59.962-0600] {processor.py:208} INFO - Processing /root/airflow_env/lib/python3.12/site-packages/airflow/example_dags/example_complex.py took 0.060 seconds
[2024-12-10T17:41:54.185-0600] {processor.py:186} INFO - Started process (PID=3752) to work on /root/airflow_env/lib/python3.12/site-packages/airflow/example_dags/example_complex.py
[2024-12-10T17:41:54.187-0600] {processor.py:914} INFO - Processing file /root/airflow_env/lib/python3.12/site-packages/airflow/example_dags/example_complex.py for tasks to queue
[2024-12-10T17:41:54.189-0600] {logging_mixin.py:190} INFO - [2024-12-10T17:41:54.189-0600] {dagbag.py:588} INFO - Filling up the DagBag from /root/airflow_env/lib/python3.12/site-packages/airflow/example_dags/example_complex.py
[2024-12-10T17:41:54.197-0600] {processor.py:925} INFO - DAG(s) 'example_complex' retrieved from /root/airflow_env/lib/python3.12/site-packages/airflow/example_dags/example_complex.py
[2024-12-10T17:41:54.213-0600] {logging_mixin.py:190} INFO - [2024-12-10T17:41:54.213-0600] {dag.py:3239} INFO - Sync 1 DAGs
[2024-12-10T17:41:54.222-0600] {logging_mixin.py:190} INFO - [2024-12-10T17:41:54.222-0600] {dag.py:4180} INFO - Setting next_dagrun for example_complex to None, run_after=None
[2024-12-10T17:41:54.240-0600] {processor.py:208} INFO - Processing /root/airflow_env/lib/python3.12/site-packages/airflow/example_dags/example_complex.py took 0.059 seconds
[2024-12-10T17:43:14.077-0600] {processor.py:186} INFO - Started process (PID=3856) to work on /root/airflow_env/lib/python3.12/site-packages/airflow/example_dags/example_complex.py
[2024-12-10T17:43:14.079-0600] {processor.py:914} INFO - Processing file /root/airflow_env/lib/python3.12/site-packages/airflow/example_dags/example_complex.py for tasks to queue
[2024-12-10T17:43:14.080-0600] {logging_mixin.py:190} INFO - [2024-12-10T17:43:14.080-0600] {dagbag.py:588} INFO - Filling up the DagBag from /root/airflow_env/lib/python3.12/site-packages/airflow/example_dags/example_complex.py
[2024-12-10T17:43:14.089-0600] {processor.py:925} INFO - DAG(s) 'example_complex' retrieved from /root/airflow_env/lib/python3.12/site-packages/airflow/example_dags/example_complex.py
[2024-12-10T17:43:14.106-0600] {logging_mixin.py:190} INFO - [2024-12-10T17:43:14.106-0600] {dag.py:3239} INFO - Sync 1 DAGs
[2024-12-10T17:43:14.115-0600] {logging_mixin.py:190} INFO - [2024-12-10T17:43:14.115-0600] {dag.py:4180} INFO - Setting next_dagrun for example_complex to None, run_after=None
[2024-12-10T17:43:14.133-0600] {processor.py:208} INFO - Processing /root/airflow_env/lib/python3.12/site-packages/airflow/example_dags/example_complex.py took 0.059 seconds
[2024-12-10T17:44:29.905-0600] {processor.py:186} INFO - Started process (PID=3940) to work on /root/airflow_env/lib/python3.12/site-packages/airflow/example_dags/example_complex.py
[2024-12-10T17:44:29.908-0600] {processor.py:914} INFO - Processing file /root/airflow_env/lib/python3.12/site-packages/airflow/example_dags/example_complex.py for tasks to queue
[2024-12-10T17:44:29.909-0600] {logging_mixin.py:190} INFO - [2024-12-10T17:44:29.909-0600] {dagbag.py:588} INFO - Filling up the DagBag from /root/airflow_env/lib/python3.12/site-packages/airflow/example_dags/example_complex.py
[2024-12-10T17:44:29.917-0600] {processor.py:925} INFO - DAG(s) 'example_complex' retrieved from /root/airflow_env/lib/python3.12/site-packages/airflow/example_dags/example_complex.py
[2024-12-10T17:44:29.934-0600] {logging_mixin.py:190} INFO - [2024-12-10T17:44:29.934-0600] {dag.py:3239} INFO - Sync 1 DAGs
[2024-12-10T17:44:29.942-0600] {logging_mixin.py:190} INFO - [2024-12-10T17:44:29.942-0600] {dag.py:4180} INFO - Setting next_dagrun for example_complex to None, run_after=None
[2024-12-10T17:44:29.960-0600] {processor.py:208} INFO - Processing /root/airflow_env/lib/python3.12/site-packages/airflow/example_dags/example_complex.py took 0.059 seconds
[2024-12-10T17:45:50.811-0600] {processor.py:186} INFO - Started process (PID=4030) to work on /root/airflow_env/lib/python3.12/site-packages/airflow/example_dags/example_complex.py
[2024-12-10T17:45:50.814-0600] {processor.py:914} INFO - Processing file /root/airflow_env/lib/python3.12/site-packages/airflow/example_dags/example_complex.py for tasks to queue
[2024-12-10T17:45:50.815-0600] {logging_mixin.py:190} INFO - [2024-12-10T17:45:50.815-0600] {dagbag.py:588} INFO - Filling up the DagBag from /root/airflow_env/lib/python3.12/site-packages/airflow/example_dags/example_complex.py
[2024-12-10T17:45:50.823-0600] {processor.py:925} INFO - DAG(s) 'example_complex' retrieved from /root/airflow_env/lib/python3.12/site-packages/airflow/example_dags/example_complex.py
[2024-12-10T17:45:50.839-0600] {logging_mixin.py:190} INFO - [2024-12-10T17:45:50.839-0600] {dag.py:3239} INFO - Sync 1 DAGs
[2024-12-10T17:45:50.847-0600] {logging_mixin.py:190} INFO - [2024-12-10T17:45:50.847-0600] {dag.py:4180} INFO - Setting next_dagrun for example_complex to None, run_after=None
[2024-12-10T17:45:50.864-0600] {processor.py:208} INFO - Processing /root/airflow_env/lib/python3.12/site-packages/airflow/example_dags/example_complex.py took 0.057 seconds
[2024-12-10T17:46:48.772-0600] {processor.py:186} INFO - Started process (PID=4090) to work on /root/airflow_env/lib/python3.12/site-packages/airflow/example_dags/example_complex.py
[2024-12-10T17:46:48.775-0600] {processor.py:914} INFO - Processing file /root/airflow_env/lib/python3.12/site-packages/airflow/example_dags/example_complex.py for tasks to queue
[2024-12-10T17:46:48.777-0600] {logging_mixin.py:190} INFO - [2024-12-10T17:46:48.776-0600] {dagbag.py:588} INFO - Filling up the DagBag from /root/airflow_env/lib/python3.12/site-packages/airflow/example_dags/example_complex.py
[2024-12-10T17:46:48.785-0600] {processor.py:925} INFO - DAG(s) 'example_complex' retrieved from /root/airflow_env/lib/python3.12/site-packages/airflow/example_dags/example_complex.py
[2024-12-10T17:46:48.801-0600] {logging_mixin.py:190} INFO - [2024-12-10T17:46:48.801-0600] {dag.py:3239} INFO - Sync 1 DAGs
[2024-12-10T17:46:48.897-0600] {logging_mixin.py:190} INFO - [2024-12-10T17:46:48.897-0600] {dag.py:4180} INFO - Setting next_dagrun for example_complex to None, run_after=None
[2024-12-10T17:46:48.913-0600] {processor.py:208} INFO - Processing /root/airflow_env/lib/python3.12/site-packages/airflow/example_dags/example_complex.py took 0.144 seconds
[2024-12-10T17:47:48.053-0600] {processor.py:186} INFO - Started process (PID=4152) to work on /root/airflow_env/lib/python3.12/site-packages/airflow/example_dags/example_complex.py
[2024-12-10T17:47:48.054-0600] {processor.py:914} INFO - Processing file /root/airflow_env/lib/python3.12/site-packages/airflow/example_dags/example_complex.py for tasks to queue
[2024-12-10T17:47:48.056-0600] {logging_mixin.py:190} INFO - [2024-12-10T17:47:48.056-0600] {dagbag.py:588} INFO - Filling up the DagBag from /root/airflow_env/lib/python3.12/site-packages/airflow/example_dags/example_complex.py
[2024-12-10T17:47:48.065-0600] {processor.py:925} INFO - DAG(s) 'example_complex' retrieved from /root/airflow_env/lib/python3.12/site-packages/airflow/example_dags/example_complex.py
[2024-12-10T17:47:48.082-0600] {logging_mixin.py:190} INFO - [2024-12-10T17:47:48.081-0600] {dag.py:3239} INFO - Sync 1 DAGs
[2024-12-10T17:47:48.090-0600] {logging_mixin.py:190} INFO - [2024-12-10T17:47:48.090-0600] {dag.py:4180} INFO - Setting next_dagrun for example_complex to None, run_after=None
[2024-12-10T17:47:48.193-0600] {processor.py:208} INFO - Processing /root/airflow_env/lib/python3.12/site-packages/airflow/example_dags/example_complex.py took 0.145 seconds
[2024-12-10T17:48:44.451-0600] {processor.py:186} INFO - Started process (PID=4212) to work on /root/airflow_env/lib/python3.12/site-packages/airflow/example_dags/example_complex.py
[2024-12-10T17:48:44.452-0600] {processor.py:914} INFO - Processing file /root/airflow_env/lib/python3.12/site-packages/airflow/example_dags/example_complex.py for tasks to queue
[2024-12-10T17:48:44.454-0600] {logging_mixin.py:190} INFO - [2024-12-10T17:48:44.454-0600] {dagbag.py:588} INFO - Filling up the DagBag from /root/airflow_env/lib/python3.12/site-packages/airflow/example_dags/example_complex.py
[2024-12-10T17:48:44.464-0600] {processor.py:925} INFO - DAG(s) 'example_complex' retrieved from /root/airflow_env/lib/python3.12/site-packages/airflow/example_dags/example_complex.py
[2024-12-10T17:48:44.484-0600] {logging_mixin.py:190} INFO - [2024-12-10T17:48:44.484-0600] {dag.py:3239} INFO - Sync 1 DAGs
[2024-12-10T17:48:44.495-0600] {logging_mixin.py:190} INFO - [2024-12-10T17:48:44.495-0600] {dag.py:4180} INFO - Setting next_dagrun for example_complex to None, run_after=None
[2024-12-10T17:48:44.514-0600] {processor.py:208} INFO - Processing /root/airflow_env/lib/python3.12/site-packages/airflow/example_dags/example_complex.py took 0.067 seconds
[2024-12-10T17:49:40.778-0600] {processor.py:186} INFO - Started process (PID=4270) to work on /root/airflow_env/lib/python3.12/site-packages/airflow/example_dags/example_complex.py
[2024-12-10T17:49:40.781-0600] {processor.py:914} INFO - Processing file /root/airflow_env/lib/python3.12/site-packages/airflow/example_dags/example_complex.py for tasks to queue
[2024-12-10T17:49:40.782-0600] {logging_mixin.py:190} INFO - [2024-12-10T17:49:40.782-0600] {dagbag.py:588} INFO - Filling up the DagBag from /root/airflow_env/lib/python3.12/site-packages/airflow/example_dags/example_complex.py
[2024-12-10T17:49:40.790-0600] {processor.py:925} INFO - DAG(s) 'example_complex' retrieved from /root/airflow_env/lib/python3.12/site-packages/airflow/example_dags/example_complex.py
[2024-12-10T17:49:40.807-0600] {logging_mixin.py:190} INFO - [2024-12-10T17:49:40.807-0600] {dag.py:3239} INFO - Sync 1 DAGs
[2024-12-10T17:49:40.816-0600] {logging_mixin.py:190} INFO - [2024-12-10T17:49:40.816-0600] {dag.py:4180} INFO - Setting next_dagrun for example_complex to None, run_after=None
[2024-12-10T17:49:40.834-0600] {processor.py:208} INFO - Processing /root/airflow_env/lib/python3.12/site-packages/airflow/example_dags/example_complex.py took 0.061 seconds
[2024-12-10T17:55:45.781-0600] {processor.py:186} INFO - Started process (PID=4647) to work on /root/airflow_env/lib/python3.12/site-packages/airflow/example_dags/example_complex.py
[2024-12-10T17:55:45.784-0600] {processor.py:914} INFO - Processing file /root/airflow_env/lib/python3.12/site-packages/airflow/example_dags/example_complex.py for tasks to queue
[2024-12-10T17:55:45.786-0600] {logging_mixin.py:190} INFO - [2024-12-10T17:55:45.785-0600] {dagbag.py:588} INFO - Filling up the DagBag from /root/airflow_env/lib/python3.12/site-packages/airflow/example_dags/example_complex.py
[2024-12-10T17:55:45.794-0600] {processor.py:925} INFO - DAG(s) 'example_complex' retrieved from /root/airflow_env/lib/python3.12/site-packages/airflow/example_dags/example_complex.py
[2024-12-10T17:55:45.812-0600] {logging_mixin.py:190} INFO - [2024-12-10T17:55:45.811-0600] {dag.py:3239} INFO - Sync 1 DAGs
[2024-12-10T17:55:45.819-0600] {logging_mixin.py:190} INFO - [2024-12-10T17:55:45.819-0600] {dag.py:4180} INFO - Setting next_dagrun for example_complex to None, run_after=None
[2024-12-10T17:55:45.838-0600] {processor.py:208} INFO - Processing /root/airflow_env/lib/python3.12/site-packages/airflow/example_dags/example_complex.py took 0.060 seconds
[2024-12-10T17:56:44.283-0600] {processor.py:186} INFO - Started process (PID=4720) to work on /root/airflow_env/lib/python3.12/site-packages/airflow/example_dags/example_complex.py
[2024-12-10T17:56:44.286-0600] {processor.py:914} INFO - Processing file /root/airflow_env/lib/python3.12/site-packages/airflow/example_dags/example_complex.py for tasks to queue
[2024-12-10T17:56:44.287-0600] {logging_mixin.py:190} INFO - [2024-12-10T17:56:44.287-0600] {dagbag.py:588} INFO - Filling up the DagBag from /root/airflow_env/lib/python3.12/site-packages/airflow/example_dags/example_complex.py
[2024-12-10T17:56:44.296-0600] {processor.py:925} INFO - DAG(s) 'example_complex' retrieved from /root/airflow_env/lib/python3.12/site-packages/airflow/example_dags/example_complex.py
[2024-12-10T17:56:44.313-0600] {logging_mixin.py:190} INFO - [2024-12-10T17:56:44.312-0600] {dag.py:3239} INFO - Sync 1 DAGs
[2024-12-10T17:56:44.320-0600] {logging_mixin.py:190} INFO - [2024-12-10T17:56:44.320-0600] {dag.py:4180} INFO - Setting next_dagrun for example_complex to None, run_after=None
[2024-12-10T17:56:44.337-0600] {processor.py:208} INFO - Processing /root/airflow_env/lib/python3.12/site-packages/airflow/example_dags/example_complex.py took 0.058 seconds
[2024-12-10T17:57:39.720-0600] {processor.py:186} INFO - Started process (PID=4797) to work on /root/airflow_env/lib/python3.12/site-packages/airflow/example_dags/example_complex.py
[2024-12-10T17:57:39.723-0600] {processor.py:914} INFO - Processing file /root/airflow_env/lib/python3.12/site-packages/airflow/example_dags/example_complex.py for tasks to queue
[2024-12-10T17:57:39.725-0600] {logging_mixin.py:190} INFO - [2024-12-10T17:57:39.724-0600] {dagbag.py:588} INFO - Filling up the DagBag from /root/airflow_env/lib/python3.12/site-packages/airflow/example_dags/example_complex.py
[2024-12-10T17:57:39.739-0600] {processor.py:925} INFO - DAG(s) 'example_complex' retrieved from /root/airflow_env/lib/python3.12/site-packages/airflow/example_dags/example_complex.py
[2024-12-10T17:57:39.762-0600] {logging_mixin.py:190} INFO - [2024-12-10T17:57:39.761-0600] {dag.py:3239} INFO - Sync 1 DAGs
[2024-12-10T17:57:39.772-0600] {logging_mixin.py:190} INFO - [2024-12-10T17:57:39.772-0600] {dag.py:4180} INFO - Setting next_dagrun for example_complex to None, run_after=None
[2024-12-10T17:57:39.799-0600] {processor.py:208} INFO - Processing /root/airflow_env/lib/python3.12/site-packages/airflow/example_dags/example_complex.py took 0.083 seconds
[2024-12-10T17:58:37.013-0600] {processor.py:186} INFO - Started process (PID=4875) to work on /root/airflow_env/lib/python3.12/site-packages/airflow/example_dags/example_complex.py
[2024-12-10T17:58:37.014-0600] {processor.py:914} INFO - Processing file /root/airflow_env/lib/python3.12/site-packages/airflow/example_dags/example_complex.py for tasks to queue
[2024-12-10T17:58:37.016-0600] {logging_mixin.py:190} INFO - [2024-12-10T17:58:37.016-0600] {dagbag.py:588} INFO - Filling up the DagBag from /root/airflow_env/lib/python3.12/site-packages/airflow/example_dags/example_complex.py
[2024-12-10T17:58:37.025-0600] {processor.py:925} INFO - DAG(s) 'example_complex' retrieved from /root/airflow_env/lib/python3.12/site-packages/airflow/example_dags/example_complex.py
[2024-12-10T17:58:37.043-0600] {logging_mixin.py:190} INFO - [2024-12-10T17:58:37.043-0600] {dag.py:3239} INFO - Sync 1 DAGs
[2024-12-10T17:58:37.052-0600] {logging_mixin.py:190} INFO - [2024-12-10T17:58:37.052-0600] {dag.py:4180} INFO - Setting next_dagrun for example_complex to None, run_after=None
[2024-12-10T17:58:37.075-0600] {processor.py:208} INFO - Processing /root/airflow_env/lib/python3.12/site-packages/airflow/example_dags/example_complex.py took 0.067 seconds
[2024-12-10T17:59:47.066-0600] {processor.py:186} INFO - Started process (PID=4969) to work on /root/airflow_env/lib/python3.12/site-packages/airflow/example_dags/example_complex.py
[2024-12-10T17:59:47.070-0600] {processor.py:914} INFO - Processing file /root/airflow_env/lib/python3.12/site-packages/airflow/example_dags/example_complex.py for tasks to queue
[2024-12-10T17:59:47.072-0600] {logging_mixin.py:190} INFO - [2024-12-10T17:59:47.071-0600] {dagbag.py:588} INFO - Filling up the DagBag from /root/airflow_env/lib/python3.12/site-packages/airflow/example_dags/example_complex.py
[2024-12-10T17:59:47.080-0600] {processor.py:925} INFO - DAG(s) 'example_complex' retrieved from /root/airflow_env/lib/python3.12/site-packages/airflow/example_dags/example_complex.py
[2024-12-10T17:59:47.097-0600] {logging_mixin.py:190} INFO - [2024-12-10T17:59:47.097-0600] {dag.py:3239} INFO - Sync 1 DAGs
[2024-12-10T17:59:47.105-0600] {logging_mixin.py:190} INFO - [2024-12-10T17:59:47.105-0600] {dag.py:4180} INFO - Setting next_dagrun for example_complex to None, run_after=None
[2024-12-10T17:59:47.122-0600] {processor.py:208} INFO - Processing /root/airflow_env/lib/python3.12/site-packages/airflow/example_dags/example_complex.py took 0.060 seconds
