[2024-12-10T16:59:50.351-0600] {processor.py:186} INFO - Started process (PID=678) to work on /root/airflow_env/lib/python3.12/site-packages/airflow/example_dags/example_trigger_controller_dag.py
[2024-12-10T16:59:50.352-0600] {processor.py:914} INFO - Processing file /root/airflow_env/lib/python3.12/site-packages/airflow/example_dags/example_trigger_controller_dag.py for tasks to queue
[2024-12-10T16:59:50.353-0600] {logging_mixin.py:190} INFO - [2024-12-10T16:59:50.353-0600] {dagbag.py:588} INFO - Filling up the DagBag from /root/airflow_env/lib/python3.12/site-packages/airflow/example_dags/example_trigger_controller_dag.py
[2024-12-10T16:59:50.360-0600] {processor.py:925} INFO - DAG(s) 'example_trigger_controller_dag' retrieved from /root/airflow_env/lib/python3.12/site-packages/airflow/example_dags/example_trigger_controller_dag.py
[2024-12-10T16:59:50.375-0600] {logging_mixin.py:190} INFO - [2024-12-10T16:59:50.375-0600] {dag.py:3239} INFO - Sync 1 DAGs
[2024-12-10T16:59:50.390-0600] {logging_mixin.py:190} INFO - [2024-12-10T16:59:50.390-0600] {dag.py:4180} INFO - Setting next_dagrun for example_trigger_controller_dag to 2021-01-01 00:00:00+00:00, run_after=2021-01-01 00:00:00+00:00
[2024-12-10T16:59:50.408-0600] {processor.py:208} INFO - Processing /root/airflow_env/lib/python3.12/site-packages/airflow/example_dags/example_trigger_controller_dag.py took 0.061 seconds
[2024-12-10T17:00:48.354-0600] {processor.py:186} INFO - Started process (PID=748) to work on /root/airflow_env/lib/python3.12/site-packages/airflow/example_dags/example_trigger_controller_dag.py
[2024-12-10T17:00:48.355-0600] {processor.py:914} INFO - Processing file /root/airflow_env/lib/python3.12/site-packages/airflow/example_dags/example_trigger_controller_dag.py for tasks to queue
[2024-12-10T17:00:48.357-0600] {logging_mixin.py:190} INFO - [2024-12-10T17:00:48.357-0600] {dagbag.py:588} INFO - Filling up the DagBag from /root/airflow_env/lib/python3.12/site-packages/airflow/example_dags/example_trigger_controller_dag.py
[2024-12-10T17:00:48.364-0600] {processor.py:925} INFO - DAG(s) 'example_trigger_controller_dag' retrieved from /root/airflow_env/lib/python3.12/site-packages/airflow/example_dags/example_trigger_controller_dag.py
[2024-12-10T17:00:48.377-0600] {logging_mixin.py:190} INFO - [2024-12-10T17:00:48.377-0600] {dag.py:3239} INFO - Sync 1 DAGs
[2024-12-10T17:00:48.393-0600] {logging_mixin.py:190} INFO - [2024-12-10T17:00:48.393-0600] {dag.py:4180} INFO - Setting next_dagrun for example_trigger_controller_dag to 2021-01-01 00:00:00+00:00, run_after=2021-01-01 00:00:00+00:00
[2024-12-10T17:00:48.413-0600] {processor.py:208} INFO - Processing /root/airflow_env/lib/python3.12/site-packages/airflow/example_dags/example_trigger_controller_dag.py took 0.064 seconds
[2024-12-10T17:02:00.608-0600] {processor.py:186} INFO - Started process (PID=886) to work on /root/airflow_env/lib/python3.12/site-packages/airflow/example_dags/example_trigger_controller_dag.py
[2024-12-10T17:02:00.609-0600] {processor.py:914} INFO - Processing file /root/airflow_env/lib/python3.12/site-packages/airflow/example_dags/example_trigger_controller_dag.py for tasks to queue
[2024-12-10T17:02:00.611-0600] {logging_mixin.py:190} INFO - [2024-12-10T17:02:00.610-0600] {dagbag.py:588} INFO - Filling up the DagBag from /root/airflow_env/lib/python3.12/site-packages/airflow/example_dags/example_trigger_controller_dag.py
[2024-12-10T17:02:00.617-0600] {processor.py:925} INFO - DAG(s) 'example_trigger_controller_dag' retrieved from /root/airflow_env/lib/python3.12/site-packages/airflow/example_dags/example_trigger_controller_dag.py
[2024-12-10T17:02:00.629-0600] {logging_mixin.py:190} INFO - [2024-12-10T17:02:00.629-0600] {dag.py:3239} INFO - Sync 1 DAGs
[2024-12-10T17:02:00.645-0600] {logging_mixin.py:190} INFO - [2024-12-10T17:02:00.645-0600] {dag.py:4180} INFO - Setting next_dagrun for example_trigger_controller_dag to 2021-01-01 00:00:00+00:00, run_after=2021-01-01 00:00:00+00:00
[2024-12-10T17:02:00.676-0600] {processor.py:208} INFO - Processing /root/airflow_env/lib/python3.12/site-packages/airflow/example_dags/example_trigger_controller_dag.py took 0.073 seconds
[2024-12-10T17:02:48.358-0600] {processor.py:186} INFO - Started process (PID=948) to work on /root/airflow_env/lib/python3.12/site-packages/airflow/example_dags/example_trigger_controller_dag.py
[2024-12-10T17:02:48.359-0600] {processor.py:914} INFO - Processing file /root/airflow_env/lib/python3.12/site-packages/airflow/example_dags/example_trigger_controller_dag.py for tasks to queue
[2024-12-10T17:02:48.361-0600] {logging_mixin.py:190} INFO - [2024-12-10T17:02:48.361-0600] {dagbag.py:588} INFO - Filling up the DagBag from /root/airflow_env/lib/python3.12/site-packages/airflow/example_dags/example_trigger_controller_dag.py
[2024-12-10T17:02:48.367-0600] {processor.py:925} INFO - DAG(s) 'example_trigger_controller_dag' retrieved from /root/airflow_env/lib/python3.12/site-packages/airflow/example_dags/example_trigger_controller_dag.py
[2024-12-10T17:02:48.378-0600] {logging_mixin.py:190} INFO - [2024-12-10T17:02:48.378-0600] {dag.py:3239} INFO - Sync 1 DAGs
[2024-12-10T17:02:48.392-0600] {logging_mixin.py:190} INFO - [2024-12-10T17:02:48.392-0600] {dag.py:4180} INFO - Setting next_dagrun for example_trigger_controller_dag to 2021-01-01 00:00:00+00:00, run_after=2021-01-01 00:00:00+00:00
[2024-12-10T17:02:48.408-0600] {processor.py:208} INFO - Processing /root/airflow_env/lib/python3.12/site-packages/airflow/example_dags/example_trigger_controller_dag.py took 0.055 seconds
[2024-12-10T17:03:42.213-0600] {processor.py:186} INFO - Started process (PID=1011) to work on /root/airflow_env/lib/python3.12/site-packages/airflow/example_dags/example_trigger_controller_dag.py
[2024-12-10T17:03:42.214-0600] {processor.py:914} INFO - Processing file /root/airflow_env/lib/python3.12/site-packages/airflow/example_dags/example_trigger_controller_dag.py for tasks to queue
[2024-12-10T17:03:42.216-0600] {logging_mixin.py:190} INFO - [2024-12-10T17:03:42.215-0600] {dagbag.py:588} INFO - Filling up the DagBag from /root/airflow_env/lib/python3.12/site-packages/airflow/example_dags/example_trigger_controller_dag.py
[2024-12-10T17:03:42.222-0600] {processor.py:925} INFO - DAG(s) 'example_trigger_controller_dag' retrieved from /root/airflow_env/lib/python3.12/site-packages/airflow/example_dags/example_trigger_controller_dag.py
[2024-12-10T17:03:42.233-0600] {logging_mixin.py:190} INFO - [2024-12-10T17:03:42.233-0600] {dag.py:3239} INFO - Sync 1 DAGs
[2024-12-10T17:03:42.248-0600] {logging_mixin.py:190} INFO - [2024-12-10T17:03:42.248-0600] {dag.py:4180} INFO - Setting next_dagrun for example_trigger_controller_dag to 2021-01-01 00:00:00+00:00, run_after=2021-01-01 00:00:00+00:00
[2024-12-10T17:03:42.265-0600] {processor.py:208} INFO - Processing /root/airflow_env/lib/python3.12/site-packages/airflow/example_dags/example_trigger_controller_dag.py took 0.056 seconds
[2024-12-10T17:04:36.290-0600] {processor.py:186} INFO - Started process (PID=1069) to work on /root/airflow_env/lib/python3.12/site-packages/airflow/example_dags/example_trigger_controller_dag.py
[2024-12-10T17:04:36.291-0600] {processor.py:914} INFO - Processing file /root/airflow_env/lib/python3.12/site-packages/airflow/example_dags/example_trigger_controller_dag.py for tasks to queue
[2024-12-10T17:04:36.293-0600] {logging_mixin.py:190} INFO - [2024-12-10T17:04:36.293-0600] {dagbag.py:588} INFO - Filling up the DagBag from /root/airflow_env/lib/python3.12/site-packages/airflow/example_dags/example_trigger_controller_dag.py
[2024-12-10T17:04:36.305-0600] {processor.py:925} INFO - DAG(s) 'example_trigger_controller_dag' retrieved from /root/airflow_env/lib/python3.12/site-packages/airflow/example_dags/example_trigger_controller_dag.py
[2024-12-10T17:04:36.319-0600] {logging_mixin.py:190} INFO - [2024-12-10T17:04:36.318-0600] {dag.py:3239} INFO - Sync 1 DAGs
[2024-12-10T17:04:36.334-0600] {logging_mixin.py:190} INFO - [2024-12-10T17:04:36.334-0600] {dag.py:4180} INFO - Setting next_dagrun for example_trigger_controller_dag to 2021-01-01 00:00:00+00:00, run_after=2021-01-01 00:00:00+00:00
[2024-12-10T17:04:36.352-0600] {processor.py:208} INFO - Processing /root/airflow_env/lib/python3.12/site-packages/airflow/example_dags/example_trigger_controller_dag.py took 0.069 seconds
[2024-12-10T17:05:31.586-0600] {processor.py:186} INFO - Started process (PID=1133) to work on /root/airflow_env/lib/python3.12/site-packages/airflow/example_dags/example_trigger_controller_dag.py
[2024-12-10T17:05:31.587-0600] {processor.py:914} INFO - Processing file /root/airflow_env/lib/python3.12/site-packages/airflow/example_dags/example_trigger_controller_dag.py for tasks to queue
[2024-12-10T17:05:31.591-0600] {logging_mixin.py:190} INFO - [2024-12-10T17:05:31.590-0600] {dagbag.py:588} INFO - Filling up the DagBag from /root/airflow_env/lib/python3.12/site-packages/airflow/example_dags/example_trigger_controller_dag.py
[2024-12-10T17:05:31.600-0600] {processor.py:925} INFO - DAG(s) 'example_trigger_controller_dag' retrieved from /root/airflow_env/lib/python3.12/site-packages/airflow/example_dags/example_trigger_controller_dag.py
[2024-12-10T17:05:31.618-0600] {logging_mixin.py:190} INFO - [2024-12-10T17:05:31.618-0600] {dag.py:3239} INFO - Sync 1 DAGs
[2024-12-10T17:05:31.642-0600] {logging_mixin.py:190} INFO - [2024-12-10T17:05:31.642-0600] {dag.py:4180} INFO - Setting next_dagrun for example_trigger_controller_dag to 2021-01-01 00:00:00+00:00, run_after=2021-01-01 00:00:00+00:00
[2024-12-10T17:05:31.666-0600] {processor.py:208} INFO - Processing /root/airflow_env/lib/python3.12/site-packages/airflow/example_dags/example_trigger_controller_dag.py took 0.085 seconds
[2024-12-10T17:06:23.234-0600] {processor.py:186} INFO - Started process (PID=1192) to work on /root/airflow_env/lib/python3.12/site-packages/airflow/example_dags/example_trigger_controller_dag.py
[2024-12-10T17:06:23.236-0600] {processor.py:914} INFO - Processing file /root/airflow_env/lib/python3.12/site-packages/airflow/example_dags/example_trigger_controller_dag.py for tasks to queue
[2024-12-10T17:06:23.240-0600] {logging_mixin.py:190} INFO - [2024-12-10T17:06:23.239-0600] {dagbag.py:588} INFO - Filling up the DagBag from /root/airflow_env/lib/python3.12/site-packages/airflow/example_dags/example_trigger_controller_dag.py
[2024-12-10T17:06:23.252-0600] {processor.py:925} INFO - DAG(s) 'example_trigger_controller_dag' retrieved from /root/airflow_env/lib/python3.12/site-packages/airflow/example_dags/example_trigger_controller_dag.py
[2024-12-10T17:06:23.271-0600] {logging_mixin.py:190} INFO - [2024-12-10T17:06:23.271-0600] {dag.py:3239} INFO - Sync 1 DAGs
[2024-12-10T17:06:23.289-0600] {logging_mixin.py:190} INFO - [2024-12-10T17:06:23.288-0600] {dag.py:4180} INFO - Setting next_dagrun for example_trigger_controller_dag to 2021-01-01 00:00:00+00:00, run_after=2021-01-01 00:00:00+00:00
[2024-12-10T17:06:23.325-0600] {processor.py:208} INFO - Processing /root/airflow_env/lib/python3.12/site-packages/airflow/example_dags/example_trigger_controller_dag.py took 0.096 seconds
[2024-12-10T17:07:19.368-0600] {processor.py:186} INFO - Started process (PID=1256) to work on /root/airflow_env/lib/python3.12/site-packages/airflow/example_dags/example_trigger_controller_dag.py
[2024-12-10T17:07:19.370-0600] {processor.py:914} INFO - Processing file /root/airflow_env/lib/python3.12/site-packages/airflow/example_dags/example_trigger_controller_dag.py for tasks to queue
[2024-12-10T17:07:19.372-0600] {logging_mixin.py:190} INFO - [2024-12-10T17:07:19.372-0600] {dagbag.py:588} INFO - Filling up the DagBag from /root/airflow_env/lib/python3.12/site-packages/airflow/example_dags/example_trigger_controller_dag.py
[2024-12-10T17:07:19.380-0600] {processor.py:925} INFO - DAG(s) 'example_trigger_controller_dag' retrieved from /root/airflow_env/lib/python3.12/site-packages/airflow/example_dags/example_trigger_controller_dag.py
[2024-12-10T17:07:19.394-0600] {logging_mixin.py:190} INFO - [2024-12-10T17:07:19.394-0600] {dag.py:3239} INFO - Sync 1 DAGs
[2024-12-10T17:07:19.417-0600] {logging_mixin.py:190} INFO - [2024-12-10T17:07:19.416-0600] {dag.py:4180} INFO - Setting next_dagrun for example_trigger_controller_dag to 2021-01-01 00:00:00+00:00, run_after=2021-01-01 00:00:00+00:00
[2024-12-10T17:07:19.435-0600] {processor.py:208} INFO - Processing /root/airflow_env/lib/python3.12/site-packages/airflow/example_dags/example_trigger_controller_dag.py took 0.072 seconds
[2024-12-10T17:08:09.625-0600] {processor.py:186} INFO - Started process (PID=1321) to work on /root/airflow_env/lib/python3.12/site-packages/airflow/example_dags/example_trigger_controller_dag.py
[2024-12-10T17:08:09.628-0600] {processor.py:914} INFO - Processing file /root/airflow_env/lib/python3.12/site-packages/airflow/example_dags/example_trigger_controller_dag.py for tasks to queue
[2024-12-10T17:08:09.630-0600] {logging_mixin.py:190} INFO - [2024-12-10T17:08:09.630-0600] {dagbag.py:588} INFO - Filling up the DagBag from /root/airflow_env/lib/python3.12/site-packages/airflow/example_dags/example_trigger_controller_dag.py
[2024-12-10T17:08:09.635-0600] {processor.py:925} INFO - DAG(s) 'example_trigger_controller_dag' retrieved from /root/airflow_env/lib/python3.12/site-packages/airflow/example_dags/example_trigger_controller_dag.py
[2024-12-10T17:08:09.646-0600] {logging_mixin.py:190} INFO - [2024-12-10T17:08:09.646-0600] {dag.py:3239} INFO - Sync 1 DAGs
[2024-12-10T17:08:09.659-0600] {logging_mixin.py:190} INFO - [2024-12-10T17:08:09.659-0600] {dag.py:4180} INFO - Setting next_dagrun for example_trigger_controller_dag to 2021-01-01 00:00:00+00:00, run_after=2021-01-01 00:00:00+00:00
[2024-12-10T17:08:09.676-0600] {processor.py:208} INFO - Processing /root/airflow_env/lib/python3.12/site-packages/airflow/example_dags/example_trigger_controller_dag.py took 0.054 seconds
[2024-12-10T17:08:59.875-0600] {processor.py:186} INFO - Started process (PID=1417) to work on /root/airflow_env/lib/python3.12/site-packages/airflow/example_dags/example_trigger_controller_dag.py
[2024-12-10T17:08:59.877-0600] {processor.py:914} INFO - Processing file /root/airflow_env/lib/python3.12/site-packages/airflow/example_dags/example_trigger_controller_dag.py for tasks to queue
[2024-12-10T17:08:59.878-0600] {logging_mixin.py:190} INFO - [2024-12-10T17:08:59.878-0600] {dagbag.py:588} INFO - Filling up the DagBag from /root/airflow_env/lib/python3.12/site-packages/airflow/example_dags/example_trigger_controller_dag.py
[2024-12-10T17:08:59.884-0600] {processor.py:925} INFO - DAG(s) 'example_trigger_controller_dag' retrieved from /root/airflow_env/lib/python3.12/site-packages/airflow/example_dags/example_trigger_controller_dag.py
[2024-12-10T17:08:59.894-0600] {logging_mixin.py:190} INFO - [2024-12-10T17:08:59.894-0600] {dag.py:3239} INFO - Sync 1 DAGs
[2024-12-10T17:08:59.908-0600] {logging_mixin.py:190} INFO - [2024-12-10T17:08:59.908-0600] {dag.py:4180} INFO - Setting next_dagrun for example_trigger_controller_dag to 2021-01-01 00:00:00+00:00, run_after=2021-01-01 00:00:00+00:00
[2024-12-10T17:08:59.926-0600] {processor.py:208} INFO - Processing /root/airflow_env/lib/python3.12/site-packages/airflow/example_dags/example_trigger_controller_dag.py took 0.054 seconds
[2024-12-10T17:09:50.284-0600] {processor.py:186} INFO - Started process (PID=1480) to work on /root/airflow_env/lib/python3.12/site-packages/airflow/example_dags/example_trigger_controller_dag.py
[2024-12-10T17:09:50.286-0600] {processor.py:914} INFO - Processing file /root/airflow_env/lib/python3.12/site-packages/airflow/example_dags/example_trigger_controller_dag.py for tasks to queue
[2024-12-10T17:09:50.287-0600] {logging_mixin.py:190} INFO - [2024-12-10T17:09:50.287-0600] {dagbag.py:588} INFO - Filling up the DagBag from /root/airflow_env/lib/python3.12/site-packages/airflow/example_dags/example_trigger_controller_dag.py
[2024-12-10T17:09:50.292-0600] {processor.py:925} INFO - DAG(s) 'example_trigger_controller_dag' retrieved from /root/airflow_env/lib/python3.12/site-packages/airflow/example_dags/example_trigger_controller_dag.py
[2024-12-10T17:09:50.303-0600] {logging_mixin.py:190} INFO - [2024-12-10T17:09:50.303-0600] {dag.py:3239} INFO - Sync 1 DAGs
[2024-12-10T17:09:50.316-0600] {logging_mixin.py:190} INFO - [2024-12-10T17:09:50.315-0600] {dag.py:4180} INFO - Setting next_dagrun for example_trigger_controller_dag to 2021-01-01 00:00:00+00:00, run_after=2021-01-01 00:00:00+00:00
[2024-12-10T17:09:50.333-0600] {processor.py:208} INFO - Processing /root/airflow_env/lib/python3.12/site-packages/airflow/example_dags/example_trigger_controller_dag.py took 0.053 seconds
[2024-12-10T17:10:44.001-0600] {processor.py:186} INFO - Started process (PID=1546) to work on /root/airflow_env/lib/python3.12/site-packages/airflow/example_dags/example_trigger_controller_dag.py
[2024-12-10T17:10:44.004-0600] {processor.py:914} INFO - Processing file /root/airflow_env/lib/python3.12/site-packages/airflow/example_dags/example_trigger_controller_dag.py for tasks to queue
[2024-12-10T17:10:44.006-0600] {logging_mixin.py:190} INFO - [2024-12-10T17:10:44.005-0600] {dagbag.py:588} INFO - Filling up the DagBag from /root/airflow_env/lib/python3.12/site-packages/airflow/example_dags/example_trigger_controller_dag.py
[2024-12-10T17:10:44.011-0600] {processor.py:925} INFO - DAG(s) 'example_trigger_controller_dag' retrieved from /root/airflow_env/lib/python3.12/site-packages/airflow/example_dags/example_trigger_controller_dag.py
[2024-12-10T17:10:44.022-0600] {logging_mixin.py:190} INFO - [2024-12-10T17:10:44.022-0600] {dag.py:3239} INFO - Sync 1 DAGs
[2024-12-10T17:10:44.036-0600] {logging_mixin.py:190} INFO - [2024-12-10T17:10:44.035-0600] {dag.py:4180} INFO - Setting next_dagrun for example_trigger_controller_dag to 2021-01-01 00:00:00+00:00, run_after=2021-01-01 00:00:00+00:00
[2024-12-10T17:10:44.052-0600] {processor.py:208} INFO - Processing /root/airflow_env/lib/python3.12/site-packages/airflow/example_dags/example_trigger_controller_dag.py took 0.055 seconds
[2024-12-10T17:11:32.047-0600] {processor.py:186} INFO - Started process (PID=1606) to work on /root/airflow_env/lib/python3.12/site-packages/airflow/example_dags/example_trigger_controller_dag.py
[2024-12-10T17:11:32.050-0600] {processor.py:914} INFO - Processing file /root/airflow_env/lib/python3.12/site-packages/airflow/example_dags/example_trigger_controller_dag.py for tasks to queue
[2024-12-10T17:11:32.051-0600] {logging_mixin.py:190} INFO - [2024-12-10T17:11:32.051-0600] {dagbag.py:588} INFO - Filling up the DagBag from /root/airflow_env/lib/python3.12/site-packages/airflow/example_dags/example_trigger_controller_dag.py
[2024-12-10T17:11:32.056-0600] {processor.py:925} INFO - DAG(s) 'example_trigger_controller_dag' retrieved from /root/airflow_env/lib/python3.12/site-packages/airflow/example_dags/example_trigger_controller_dag.py
[2024-12-10T17:11:32.067-0600] {logging_mixin.py:190} INFO - [2024-12-10T17:11:32.067-0600] {dag.py:3239} INFO - Sync 1 DAGs
[2024-12-10T17:11:32.080-0600] {logging_mixin.py:190} INFO - [2024-12-10T17:11:32.080-0600] {dag.py:4180} INFO - Setting next_dagrun for example_trigger_controller_dag to 2021-01-01 00:00:00+00:00, run_after=2021-01-01 00:00:00+00:00
[2024-12-10T17:11:32.098-0600] {processor.py:208} INFO - Processing /root/airflow_env/lib/python3.12/site-packages/airflow/example_dags/example_trigger_controller_dag.py took 0.055 seconds
[2024-12-10T17:12:23.384-0600] {processor.py:186} INFO - Started process (PID=1665) to work on /root/airflow_env/lib/python3.12/site-packages/airflow/example_dags/example_trigger_controller_dag.py
[2024-12-10T17:12:23.385-0600] {processor.py:914} INFO - Processing file /root/airflow_env/lib/python3.12/site-packages/airflow/example_dags/example_trigger_controller_dag.py for tasks to queue
[2024-12-10T17:12:23.387-0600] {logging_mixin.py:190} INFO - [2024-12-10T17:12:23.386-0600] {dagbag.py:588} INFO - Filling up the DagBag from /root/airflow_env/lib/python3.12/site-packages/airflow/example_dags/example_trigger_controller_dag.py
[2024-12-10T17:12:23.392-0600] {processor.py:925} INFO - DAG(s) 'example_trigger_controller_dag' retrieved from /root/airflow_env/lib/python3.12/site-packages/airflow/example_dags/example_trigger_controller_dag.py
[2024-12-10T17:12:23.403-0600] {logging_mixin.py:190} INFO - [2024-12-10T17:12:23.402-0600] {dag.py:3239} INFO - Sync 1 DAGs
[2024-12-10T17:12:23.415-0600] {logging_mixin.py:190} INFO - [2024-12-10T17:12:23.415-0600] {dag.py:4180} INFO - Setting next_dagrun for example_trigger_controller_dag to 2021-01-01 00:00:00+00:00, run_after=2021-01-01 00:00:00+00:00
[2024-12-10T17:12:23.434-0600] {processor.py:208} INFO - Processing /root/airflow_env/lib/python3.12/site-packages/airflow/example_dags/example_trigger_controller_dag.py took 0.054 seconds
[2024-12-10T17:13:14.942-0600] {processor.py:186} INFO - Started process (PID=1721) to work on /root/airflow_env/lib/python3.12/site-packages/airflow/example_dags/example_trigger_controller_dag.py
[2024-12-10T17:13:14.945-0600] {processor.py:914} INFO - Processing file /root/airflow_env/lib/python3.12/site-packages/airflow/example_dags/example_trigger_controller_dag.py for tasks to queue
[2024-12-10T17:13:14.946-0600] {logging_mixin.py:190} INFO - [2024-12-10T17:13:14.946-0600] {dagbag.py:588} INFO - Filling up the DagBag from /root/airflow_env/lib/python3.12/site-packages/airflow/example_dags/example_trigger_controller_dag.py
[2024-12-10T17:13:14.951-0600] {processor.py:925} INFO - DAG(s) 'example_trigger_controller_dag' retrieved from /root/airflow_env/lib/python3.12/site-packages/airflow/example_dags/example_trigger_controller_dag.py
[2024-12-10T17:13:14.962-0600] {logging_mixin.py:190} INFO - [2024-12-10T17:13:14.961-0600] {dag.py:3239} INFO - Sync 1 DAGs
[2024-12-10T17:13:14.974-0600] {logging_mixin.py:190} INFO - [2024-12-10T17:13:14.974-0600] {dag.py:4180} INFO - Setting next_dagrun for example_trigger_controller_dag to 2021-01-01 00:00:00+00:00, run_after=2021-01-01 00:00:00+00:00
[2024-12-10T17:13:14.990-0600] {processor.py:208} INFO - Processing /root/airflow_env/lib/python3.12/site-packages/airflow/example_dags/example_trigger_controller_dag.py took 0.052 seconds
[2024-12-10T17:14:05.812-0600] {processor.py:186} INFO - Started process (PID=1777) to work on /root/airflow_env/lib/python3.12/site-packages/airflow/example_dags/example_trigger_controller_dag.py
[2024-12-10T17:14:05.813-0600] {processor.py:914} INFO - Processing file /root/airflow_env/lib/python3.12/site-packages/airflow/example_dags/example_trigger_controller_dag.py for tasks to queue
[2024-12-10T17:14:05.816-0600] {logging_mixin.py:190} INFO - [2024-12-10T17:14:05.815-0600] {dagbag.py:588} INFO - Filling up the DagBag from /root/airflow_env/lib/python3.12/site-packages/airflow/example_dags/example_trigger_controller_dag.py
[2024-12-10T17:14:05.827-0600] {processor.py:925} INFO - DAG(s) 'example_trigger_controller_dag' retrieved from /root/airflow_env/lib/python3.12/site-packages/airflow/example_dags/example_trigger_controller_dag.py
[2024-12-10T17:14:05.852-0600] {logging_mixin.py:190} INFO - [2024-12-10T17:14:05.851-0600] {dag.py:3239} INFO - Sync 1 DAGs
[2024-12-10T17:14:05.875-0600] {logging_mixin.py:190} INFO - [2024-12-10T17:14:05.875-0600] {dag.py:4180} INFO - Setting next_dagrun for example_trigger_controller_dag to 2021-01-01 00:00:00+00:00, run_after=2021-01-01 00:00:00+00:00
[2024-12-10T17:14:05.907-0600] {processor.py:208} INFO - Processing /root/airflow_env/lib/python3.12/site-packages/airflow/example_dags/example_trigger_controller_dag.py took 0.100 seconds
[2024-12-10T17:14:58.719-0600] {processor.py:186} INFO - Started process (PID=1843) to work on /root/airflow_env/lib/python3.12/site-packages/airflow/example_dags/example_trigger_controller_dag.py
[2024-12-10T17:14:58.721-0600] {processor.py:914} INFO - Processing file /root/airflow_env/lib/python3.12/site-packages/airflow/example_dags/example_trigger_controller_dag.py for tasks to queue
[2024-12-10T17:14:58.722-0600] {logging_mixin.py:190} INFO - [2024-12-10T17:14:58.722-0600] {dagbag.py:588} INFO - Filling up the DagBag from /root/airflow_env/lib/python3.12/site-packages/airflow/example_dags/example_trigger_controller_dag.py
[2024-12-10T17:14:58.728-0600] {processor.py:925} INFO - DAG(s) 'example_trigger_controller_dag' retrieved from /root/airflow_env/lib/python3.12/site-packages/airflow/example_dags/example_trigger_controller_dag.py
[2024-12-10T17:14:58.739-0600] {logging_mixin.py:190} INFO - [2024-12-10T17:14:58.739-0600] {dag.py:3239} INFO - Sync 1 DAGs
[2024-12-10T17:14:58.753-0600] {logging_mixin.py:190} INFO - [2024-12-10T17:14:58.753-0600] {dag.py:4180} INFO - Setting next_dagrun for example_trigger_controller_dag to 2021-01-01 00:00:00+00:00, run_after=2021-01-01 00:00:00+00:00
[2024-12-10T17:14:58.771-0600] {processor.py:208} INFO - Processing /root/airflow_env/lib/python3.12/site-packages/airflow/example_dags/example_trigger_controller_dag.py took 0.056 seconds
[2024-12-10T17:15:49.524-0600] {processor.py:186} INFO - Started process (PID=1903) to work on /root/airflow_env/lib/python3.12/site-packages/airflow/example_dags/example_trigger_controller_dag.py
[2024-12-10T17:15:49.525-0600] {processor.py:914} INFO - Processing file /root/airflow_env/lib/python3.12/site-packages/airflow/example_dags/example_trigger_controller_dag.py for tasks to queue
[2024-12-10T17:15:49.527-0600] {logging_mixin.py:190} INFO - [2024-12-10T17:15:49.527-0600] {dagbag.py:588} INFO - Filling up the DagBag from /root/airflow_env/lib/python3.12/site-packages/airflow/example_dags/example_trigger_controller_dag.py
[2024-12-10T17:15:49.532-0600] {processor.py:925} INFO - DAG(s) 'example_trigger_controller_dag' retrieved from /root/airflow_env/lib/python3.12/site-packages/airflow/example_dags/example_trigger_controller_dag.py
[2024-12-10T17:15:49.542-0600] {logging_mixin.py:190} INFO - [2024-12-10T17:15:49.542-0600] {dag.py:3239} INFO - Sync 1 DAGs
[2024-12-10T17:15:49.554-0600] {logging_mixin.py:190} INFO - [2024-12-10T17:15:49.554-0600] {dag.py:4180} INFO - Setting next_dagrun for example_trigger_controller_dag to 2021-01-01 00:00:00+00:00, run_after=2021-01-01 00:00:00+00:00
[2024-12-10T17:15:49.570-0600] {processor.py:208} INFO - Processing /root/airflow_env/lib/python3.12/site-packages/airflow/example_dags/example_trigger_controller_dag.py took 0.051 seconds
[2024-12-10T17:16:40.064-0600] {processor.py:186} INFO - Started process (PID=1966) to work on /root/airflow_env/lib/python3.12/site-packages/airflow/example_dags/example_trigger_controller_dag.py
[2024-12-10T17:16:40.066-0600] {processor.py:914} INFO - Processing file /root/airflow_env/lib/python3.12/site-packages/airflow/example_dags/example_trigger_controller_dag.py for tasks to queue
[2024-12-10T17:16:40.067-0600] {logging_mixin.py:190} INFO - [2024-12-10T17:16:40.067-0600] {dagbag.py:588} INFO - Filling up the DagBag from /root/airflow_env/lib/python3.12/site-packages/airflow/example_dags/example_trigger_controller_dag.py
[2024-12-10T17:16:40.073-0600] {processor.py:925} INFO - DAG(s) 'example_trigger_controller_dag' retrieved from /root/airflow_env/lib/python3.12/site-packages/airflow/example_dags/example_trigger_controller_dag.py
[2024-12-10T17:16:40.084-0600] {logging_mixin.py:190} INFO - [2024-12-10T17:16:40.083-0600] {dag.py:3239} INFO - Sync 1 DAGs
[2024-12-10T17:16:40.096-0600] {logging_mixin.py:190} INFO - [2024-12-10T17:16:40.096-0600] {dag.py:4180} INFO - Setting next_dagrun for example_trigger_controller_dag to 2021-01-01 00:00:00+00:00, run_after=2021-01-01 00:00:00+00:00
[2024-12-10T17:16:40.114-0600] {processor.py:208} INFO - Processing /root/airflow_env/lib/python3.12/site-packages/airflow/example_dags/example_trigger_controller_dag.py took 0.054 seconds
[2024-12-10T17:17:34.607-0600] {processor.py:186} INFO - Started process (PID=2028) to work on /root/airflow_env/lib/python3.12/site-packages/airflow/example_dags/example_trigger_controller_dag.py
[2024-12-10T17:17:34.609-0600] {processor.py:914} INFO - Processing file /root/airflow_env/lib/python3.12/site-packages/airflow/example_dags/example_trigger_controller_dag.py for tasks to queue
[2024-12-10T17:17:34.611-0600] {logging_mixin.py:190} INFO - [2024-12-10T17:17:34.611-0600] {dagbag.py:588} INFO - Filling up the DagBag from /root/airflow_env/lib/python3.12/site-packages/airflow/example_dags/example_trigger_controller_dag.py
[2024-12-10T17:17:34.616-0600] {processor.py:925} INFO - DAG(s) 'example_trigger_controller_dag' retrieved from /root/airflow_env/lib/python3.12/site-packages/airflow/example_dags/example_trigger_controller_dag.py
[2024-12-10T17:17:34.626-0600] {logging_mixin.py:190} INFO - [2024-12-10T17:17:34.626-0600] {dag.py:3239} INFO - Sync 1 DAGs
[2024-12-10T17:17:34.639-0600] {logging_mixin.py:190} INFO - [2024-12-10T17:17:34.639-0600] {dag.py:4180} INFO - Setting next_dagrun for example_trigger_controller_dag to 2021-01-01 00:00:00+00:00, run_after=2021-01-01 00:00:00+00:00
[2024-12-10T17:17:34.655-0600] {processor.py:208} INFO - Processing /root/airflow_env/lib/python3.12/site-packages/airflow/example_dags/example_trigger_controller_dag.py took 0.052 seconds
[2024-12-10T17:18:25.454-0600] {processor.py:186} INFO - Started process (PID=2082) to work on /root/airflow_env/lib/python3.12/site-packages/airflow/example_dags/example_trigger_controller_dag.py
[2024-12-10T17:18:25.457-0600] {processor.py:914} INFO - Processing file /root/airflow_env/lib/python3.12/site-packages/airflow/example_dags/example_trigger_controller_dag.py for tasks to queue
[2024-12-10T17:18:25.458-0600] {logging_mixin.py:190} INFO - [2024-12-10T17:18:25.458-0600] {dagbag.py:588} INFO - Filling up the DagBag from /root/airflow_env/lib/python3.12/site-packages/airflow/example_dags/example_trigger_controller_dag.py
[2024-12-10T17:18:25.463-0600] {processor.py:925} INFO - DAG(s) 'example_trigger_controller_dag' retrieved from /root/airflow_env/lib/python3.12/site-packages/airflow/example_dags/example_trigger_controller_dag.py
[2024-12-10T17:18:25.474-0600] {logging_mixin.py:190} INFO - [2024-12-10T17:18:25.474-0600] {dag.py:3239} INFO - Sync 1 DAGs
[2024-12-10T17:18:25.486-0600] {logging_mixin.py:190} INFO - [2024-12-10T17:18:25.486-0600] {dag.py:4180} INFO - Setting next_dagrun for example_trigger_controller_dag to 2021-01-01 00:00:00+00:00, run_after=2021-01-01 00:00:00+00:00
[2024-12-10T17:18:25.504-0600] {processor.py:208} INFO - Processing /root/airflow_env/lib/python3.12/site-packages/airflow/example_dags/example_trigger_controller_dag.py took 0.053 seconds
[2024-12-10T17:19:19.707-0600] {processor.py:186} INFO - Started process (PID=2141) to work on /root/airflow_env/lib/python3.12/site-packages/airflow/example_dags/example_trigger_controller_dag.py
[2024-12-10T17:19:19.710-0600] {processor.py:914} INFO - Processing file /root/airflow_env/lib/python3.12/site-packages/airflow/example_dags/example_trigger_controller_dag.py for tasks to queue
[2024-12-10T17:19:19.712-0600] {logging_mixin.py:190} INFO - [2024-12-10T17:19:19.711-0600] {dagbag.py:588} INFO - Filling up the DagBag from /root/airflow_env/lib/python3.12/site-packages/airflow/example_dags/example_trigger_controller_dag.py
[2024-12-10T17:19:19.717-0600] {processor.py:925} INFO - DAG(s) 'example_trigger_controller_dag' retrieved from /root/airflow_env/lib/python3.12/site-packages/airflow/example_dags/example_trigger_controller_dag.py
[2024-12-10T17:19:19.727-0600] {logging_mixin.py:190} INFO - [2024-12-10T17:19:19.727-0600] {dag.py:3239} INFO - Sync 1 DAGs
[2024-12-10T17:19:19.739-0600] {logging_mixin.py:190} INFO - [2024-12-10T17:19:19.739-0600] {dag.py:4180} INFO - Setting next_dagrun for example_trigger_controller_dag to 2021-01-01 00:00:00+00:00, run_after=2021-01-01 00:00:00+00:00
[2024-12-10T17:19:19.757-0600] {processor.py:208} INFO - Processing /root/airflow_env/lib/python3.12/site-packages/airflow/example_dags/example_trigger_controller_dag.py took 0.053 seconds
[2024-12-10T17:20:11.398-0600] {processor.py:186} INFO - Started process (PID=2198) to work on /root/airflow_env/lib/python3.12/site-packages/airflow/example_dags/example_trigger_controller_dag.py
[2024-12-10T17:20:11.401-0600] {processor.py:914} INFO - Processing file /root/airflow_env/lib/python3.12/site-packages/airflow/example_dags/example_trigger_controller_dag.py for tasks to queue
[2024-12-10T17:20:11.402-0600] {logging_mixin.py:190} INFO - [2024-12-10T17:20:11.402-0600] {dagbag.py:588} INFO - Filling up the DagBag from /root/airflow_env/lib/python3.12/site-packages/airflow/example_dags/example_trigger_controller_dag.py
[2024-12-10T17:20:11.407-0600] {processor.py:925} INFO - DAG(s) 'example_trigger_controller_dag' retrieved from /root/airflow_env/lib/python3.12/site-packages/airflow/example_dags/example_trigger_controller_dag.py
[2024-12-10T17:20:11.418-0600] {logging_mixin.py:190} INFO - [2024-12-10T17:20:11.418-0600] {dag.py:3239} INFO - Sync 1 DAGs
[2024-12-10T17:20:11.430-0600] {logging_mixin.py:190} INFO - [2024-12-10T17:20:11.430-0600] {dag.py:4180} INFO - Setting next_dagrun for example_trigger_controller_dag to 2021-01-01 00:00:00+00:00, run_after=2021-01-01 00:00:00+00:00
[2024-12-10T17:20:11.447-0600] {processor.py:208} INFO - Processing /root/airflow_env/lib/python3.12/site-packages/airflow/example_dags/example_trigger_controller_dag.py took 0.052 seconds
[2024-12-10T17:21:03.066-0600] {processor.py:186} INFO - Started process (PID=2254) to work on /root/airflow_env/lib/python3.12/site-packages/airflow/example_dags/example_trigger_controller_dag.py
[2024-12-10T17:21:03.068-0600] {processor.py:914} INFO - Processing file /root/airflow_env/lib/python3.12/site-packages/airflow/example_dags/example_trigger_controller_dag.py for tasks to queue
[2024-12-10T17:21:03.070-0600] {logging_mixin.py:190} INFO - [2024-12-10T17:21:03.070-0600] {dagbag.py:588} INFO - Filling up the DagBag from /root/airflow_env/lib/python3.12/site-packages/airflow/example_dags/example_trigger_controller_dag.py
[2024-12-10T17:21:03.075-0600] {processor.py:925} INFO - DAG(s) 'example_trigger_controller_dag' retrieved from /root/airflow_env/lib/python3.12/site-packages/airflow/example_dags/example_trigger_controller_dag.py
[2024-12-10T17:21:03.086-0600] {logging_mixin.py:190} INFO - [2024-12-10T17:21:03.085-0600] {dag.py:3239} INFO - Sync 1 DAGs
[2024-12-10T17:21:03.098-0600] {logging_mixin.py:190} INFO - [2024-12-10T17:21:03.098-0600] {dag.py:4180} INFO - Setting next_dagrun for example_trigger_controller_dag to 2021-01-01 00:00:00+00:00, run_after=2021-01-01 00:00:00+00:00
[2024-12-10T17:21:03.115-0600] {processor.py:208} INFO - Processing /root/airflow_env/lib/python3.12/site-packages/airflow/example_dags/example_trigger_controller_dag.py took 0.053 seconds
[2024-12-10T17:21:56.734-0600] {processor.py:186} INFO - Started process (PID=2314) to work on /root/airflow_env/lib/python3.12/site-packages/airflow/example_dags/example_trigger_controller_dag.py
[2024-12-10T17:21:56.737-0600] {processor.py:914} INFO - Processing file /root/airflow_env/lib/python3.12/site-packages/airflow/example_dags/example_trigger_controller_dag.py for tasks to queue
[2024-12-10T17:21:56.738-0600] {logging_mixin.py:190} INFO - [2024-12-10T17:21:56.738-0600] {dagbag.py:588} INFO - Filling up the DagBag from /root/airflow_env/lib/python3.12/site-packages/airflow/example_dags/example_trigger_controller_dag.py
[2024-12-10T17:21:56.743-0600] {processor.py:925} INFO - DAG(s) 'example_trigger_controller_dag' retrieved from /root/airflow_env/lib/python3.12/site-packages/airflow/example_dags/example_trigger_controller_dag.py
[2024-12-10T17:21:56.753-0600] {logging_mixin.py:190} INFO - [2024-12-10T17:21:56.753-0600] {dag.py:3239} INFO - Sync 1 DAGs
[2024-12-10T17:21:56.766-0600] {logging_mixin.py:190} INFO - [2024-12-10T17:21:56.766-0600] {dag.py:4180} INFO - Setting next_dagrun for example_trigger_controller_dag to 2021-01-01 00:00:00+00:00, run_after=2021-01-01 00:00:00+00:00
[2024-12-10T17:21:56.783-0600] {processor.py:208} INFO - Processing /root/airflow_env/lib/python3.12/site-packages/airflow/example_dags/example_trigger_controller_dag.py took 0.052 seconds
[2024-12-10T17:22:51.045-0600] {processor.py:186} INFO - Started process (PID=2371) to work on /root/airflow_env/lib/python3.12/site-packages/airflow/example_dags/example_trigger_controller_dag.py
[2024-12-10T17:22:51.048-0600] {processor.py:914} INFO - Processing file /root/airflow_env/lib/python3.12/site-packages/airflow/example_dags/example_trigger_controller_dag.py for tasks to queue
[2024-12-10T17:22:51.049-0600] {logging_mixin.py:190} INFO - [2024-12-10T17:22:51.049-0600] {dagbag.py:588} INFO - Filling up the DagBag from /root/airflow_env/lib/python3.12/site-packages/airflow/example_dags/example_trigger_controller_dag.py
[2024-12-10T17:22:51.054-0600] {processor.py:925} INFO - DAG(s) 'example_trigger_controller_dag' retrieved from /root/airflow_env/lib/python3.12/site-packages/airflow/example_dags/example_trigger_controller_dag.py
[2024-12-10T17:22:51.065-0600] {logging_mixin.py:190} INFO - [2024-12-10T17:22:51.064-0600] {dag.py:3239} INFO - Sync 1 DAGs
[2024-12-10T17:22:51.076-0600] {logging_mixin.py:190} INFO - [2024-12-10T17:22:51.076-0600] {dag.py:4180} INFO - Setting next_dagrun for example_trigger_controller_dag to 2021-01-01 00:00:00+00:00, run_after=2021-01-01 00:00:00+00:00
[2024-12-10T17:22:51.093-0600] {processor.py:208} INFO - Processing /root/airflow_env/lib/python3.12/site-packages/airflow/example_dags/example_trigger_controller_dag.py took 0.052 seconds
[2024-12-10T17:23:46.568-0600] {processor.py:186} INFO - Started process (PID=2431) to work on /root/airflow_env/lib/python3.12/site-packages/airflow/example_dags/example_trigger_controller_dag.py
[2024-12-10T17:23:46.570-0600] {processor.py:914} INFO - Processing file /root/airflow_env/lib/python3.12/site-packages/airflow/example_dags/example_trigger_controller_dag.py for tasks to queue
[2024-12-10T17:23:46.572-0600] {logging_mixin.py:190} INFO - [2024-12-10T17:23:46.572-0600] {dagbag.py:588} INFO - Filling up the DagBag from /root/airflow_env/lib/python3.12/site-packages/airflow/example_dags/example_trigger_controller_dag.py
[2024-12-10T17:23:46.577-0600] {processor.py:925} INFO - DAG(s) 'example_trigger_controller_dag' retrieved from /root/airflow_env/lib/python3.12/site-packages/airflow/example_dags/example_trigger_controller_dag.py
[2024-12-10T17:23:46.588-0600] {logging_mixin.py:190} INFO - [2024-12-10T17:23:46.588-0600] {dag.py:3239} INFO - Sync 1 DAGs
[2024-12-10T17:23:46.601-0600] {logging_mixin.py:190} INFO - [2024-12-10T17:23:46.601-0600] {dag.py:4180} INFO - Setting next_dagrun for example_trigger_controller_dag to 2021-01-01 00:00:00+00:00, run_after=2021-01-01 00:00:00+00:00
[2024-12-10T17:23:46.618-0600] {processor.py:208} INFO - Processing /root/airflow_env/lib/python3.12/site-packages/airflow/example_dags/example_trigger_controller_dag.py took 0.055 seconds
[2024-12-10T17:24:37.519-0600] {processor.py:186} INFO - Started process (PID=2490) to work on /root/airflow_env/lib/python3.12/site-packages/airflow/example_dags/example_trigger_controller_dag.py
[2024-12-10T17:24:37.521-0600] {processor.py:914} INFO - Processing file /root/airflow_env/lib/python3.12/site-packages/airflow/example_dags/example_trigger_controller_dag.py for tasks to queue
[2024-12-10T17:24:37.522-0600] {logging_mixin.py:190} INFO - [2024-12-10T17:24:37.522-0600] {dagbag.py:588} INFO - Filling up the DagBag from /root/airflow_env/lib/python3.12/site-packages/airflow/example_dags/example_trigger_controller_dag.py
[2024-12-10T17:24:37.527-0600] {processor.py:925} INFO - DAG(s) 'example_trigger_controller_dag' retrieved from /root/airflow_env/lib/python3.12/site-packages/airflow/example_dags/example_trigger_controller_dag.py
[2024-12-10T17:24:37.538-0600] {logging_mixin.py:190} INFO - [2024-12-10T17:24:37.538-0600] {dag.py:3239} INFO - Sync 1 DAGs
[2024-12-10T17:24:37.550-0600] {logging_mixin.py:190} INFO - [2024-12-10T17:24:37.550-0600] {dag.py:4180} INFO - Setting next_dagrun for example_trigger_controller_dag to 2021-01-01 00:00:00+00:00, run_after=2021-01-01 00:00:00+00:00
[2024-12-10T17:24:37.568-0600] {processor.py:208} INFO - Processing /root/airflow_env/lib/python3.12/site-packages/airflow/example_dags/example_trigger_controller_dag.py took 0.053 seconds
[2024-12-10T17:25:30.367-0600] {processor.py:186} INFO - Started process (PID=2552) to work on /root/airflow_env/lib/python3.12/site-packages/airflow/example_dags/example_trigger_controller_dag.py
[2024-12-10T17:25:30.370-0600] {processor.py:914} INFO - Processing file /root/airflow_env/lib/python3.12/site-packages/airflow/example_dags/example_trigger_controller_dag.py for tasks to queue
[2024-12-10T17:25:30.371-0600] {logging_mixin.py:190} INFO - [2024-12-10T17:25:30.371-0600] {dagbag.py:588} INFO - Filling up the DagBag from /root/airflow_env/lib/python3.12/site-packages/airflow/example_dags/example_trigger_controller_dag.py
[2024-12-10T17:25:30.376-0600] {processor.py:925} INFO - DAG(s) 'example_trigger_controller_dag' retrieved from /root/airflow_env/lib/python3.12/site-packages/airflow/example_dags/example_trigger_controller_dag.py
[2024-12-10T17:25:30.386-0600] {logging_mixin.py:190} INFO - [2024-12-10T17:25:30.386-0600] {dag.py:3239} INFO - Sync 1 DAGs
[2024-12-10T17:25:30.399-0600] {logging_mixin.py:190} INFO - [2024-12-10T17:25:30.399-0600] {dag.py:4180} INFO - Setting next_dagrun for example_trigger_controller_dag to 2021-01-01 00:00:00+00:00, run_after=2021-01-01 00:00:00+00:00
[2024-12-10T17:25:30.416-0600] {processor.py:208} INFO - Processing /root/airflow_env/lib/python3.12/site-packages/airflow/example_dags/example_trigger_controller_dag.py took 0.053 seconds
[2024-12-10T17:26:24.108-0600] {processor.py:186} INFO - Started process (PID=2610) to work on /root/airflow_env/lib/python3.12/site-packages/airflow/example_dags/example_trigger_controller_dag.py
[2024-12-10T17:26:24.110-0600] {processor.py:914} INFO - Processing file /root/airflow_env/lib/python3.12/site-packages/airflow/example_dags/example_trigger_controller_dag.py for tasks to queue
[2024-12-10T17:26:24.112-0600] {logging_mixin.py:190} INFO - [2024-12-10T17:26:24.112-0600] {dagbag.py:588} INFO - Filling up the DagBag from /root/airflow_env/lib/python3.12/site-packages/airflow/example_dags/example_trigger_controller_dag.py
[2024-12-10T17:26:24.117-0600] {processor.py:925} INFO - DAG(s) 'example_trigger_controller_dag' retrieved from /root/airflow_env/lib/python3.12/site-packages/airflow/example_dags/example_trigger_controller_dag.py
[2024-12-10T17:26:24.127-0600] {logging_mixin.py:190} INFO - [2024-12-10T17:26:24.127-0600] {dag.py:3239} INFO - Sync 1 DAGs
[2024-12-10T17:26:24.140-0600] {logging_mixin.py:190} INFO - [2024-12-10T17:26:24.139-0600] {dag.py:4180} INFO - Setting next_dagrun for example_trigger_controller_dag to 2021-01-01 00:00:00+00:00, run_after=2021-01-01 00:00:00+00:00
[2024-12-10T17:26:24.156-0600] {processor.py:208} INFO - Processing /root/airflow_env/lib/python3.12/site-packages/airflow/example_dags/example_trigger_controller_dag.py took 0.052 seconds
[2024-12-10T17:27:18.333-0600] {processor.py:186} INFO - Started process (PID=2670) to work on /root/airflow_env/lib/python3.12/site-packages/airflow/example_dags/example_trigger_controller_dag.py
[2024-12-10T17:27:18.335-0600] {processor.py:914} INFO - Processing file /root/airflow_env/lib/python3.12/site-packages/airflow/example_dags/example_trigger_controller_dag.py for tasks to queue
[2024-12-10T17:27:18.337-0600] {logging_mixin.py:190} INFO - [2024-12-10T17:27:18.337-0600] {dagbag.py:588} INFO - Filling up the DagBag from /root/airflow_env/lib/python3.12/site-packages/airflow/example_dags/example_trigger_controller_dag.py
[2024-12-10T17:27:18.342-0600] {processor.py:925} INFO - DAG(s) 'example_trigger_controller_dag' retrieved from /root/airflow_env/lib/python3.12/site-packages/airflow/example_dags/example_trigger_controller_dag.py
[2024-12-10T17:27:18.352-0600] {logging_mixin.py:190} INFO - [2024-12-10T17:27:18.352-0600] {dag.py:3239} INFO - Sync 1 DAGs
[2024-12-10T17:27:18.365-0600] {logging_mixin.py:190} INFO - [2024-12-10T17:27:18.365-0600] {dag.py:4180} INFO - Setting next_dagrun for example_trigger_controller_dag to 2021-01-01 00:00:00+00:00, run_after=2021-01-01 00:00:00+00:00
[2024-12-10T17:27:18.383-0600] {processor.py:208} INFO - Processing /root/airflow_env/lib/python3.12/site-packages/airflow/example_dags/example_trigger_controller_dag.py took 0.054 seconds
[2024-12-10T17:28:09.060-0600] {processor.py:186} INFO - Started process (PID=2726) to work on /root/airflow_env/lib/python3.12/site-packages/airflow/example_dags/example_trigger_controller_dag.py
[2024-12-10T17:28:09.063-0600] {processor.py:914} INFO - Processing file /root/airflow_env/lib/python3.12/site-packages/airflow/example_dags/example_trigger_controller_dag.py for tasks to queue
[2024-12-10T17:28:09.064-0600] {logging_mixin.py:190} INFO - [2024-12-10T17:28:09.064-0600] {dagbag.py:588} INFO - Filling up the DagBag from /root/airflow_env/lib/python3.12/site-packages/airflow/example_dags/example_trigger_controller_dag.py
[2024-12-10T17:28:09.069-0600] {processor.py:925} INFO - DAG(s) 'example_trigger_controller_dag' retrieved from /root/airflow_env/lib/python3.12/site-packages/airflow/example_dags/example_trigger_controller_dag.py
[2024-12-10T17:28:09.079-0600] {logging_mixin.py:190} INFO - [2024-12-10T17:28:09.079-0600] {dag.py:3239} INFO - Sync 1 DAGs
[2024-12-10T17:28:09.091-0600] {logging_mixin.py:190} INFO - [2024-12-10T17:28:09.091-0600] {dag.py:4180} INFO - Setting next_dagrun for example_trigger_controller_dag to 2021-01-01 00:00:00+00:00, run_after=2021-01-01 00:00:00+00:00
[2024-12-10T17:28:09.108-0600] {processor.py:208} INFO - Processing /root/airflow_env/lib/python3.12/site-packages/airflow/example_dags/example_trigger_controller_dag.py took 0.052 seconds
[2024-12-10T17:29:02.453-0600] {processor.py:186} INFO - Started process (PID=2783) to work on /root/airflow_env/lib/python3.12/site-packages/airflow/example_dags/example_trigger_controller_dag.py
[2024-12-10T17:29:02.455-0600] {processor.py:914} INFO - Processing file /root/airflow_env/lib/python3.12/site-packages/airflow/example_dags/example_trigger_controller_dag.py for tasks to queue
[2024-12-10T17:29:02.456-0600] {logging_mixin.py:190} INFO - [2024-12-10T17:29:02.456-0600] {dagbag.py:588} INFO - Filling up the DagBag from /root/airflow_env/lib/python3.12/site-packages/airflow/example_dags/example_trigger_controller_dag.py
[2024-12-10T17:29:02.462-0600] {processor.py:925} INFO - DAG(s) 'example_trigger_controller_dag' retrieved from /root/airflow_env/lib/python3.12/site-packages/airflow/example_dags/example_trigger_controller_dag.py
[2024-12-10T17:29:02.474-0600] {logging_mixin.py:190} INFO - [2024-12-10T17:29:02.474-0600] {dag.py:3239} INFO - Sync 1 DAGs
[2024-12-10T17:29:02.488-0600] {logging_mixin.py:190} INFO - [2024-12-10T17:29:02.488-0600] {dag.py:4180} INFO - Setting next_dagrun for example_trigger_controller_dag to 2021-01-01 00:00:00+00:00, run_after=2021-01-01 00:00:00+00:00
[2024-12-10T17:29:02.506-0600] {processor.py:208} INFO - Processing /root/airflow_env/lib/python3.12/site-packages/airflow/example_dags/example_trigger_controller_dag.py took 0.056 seconds
[2024-12-10T17:29:54.983-0600] {processor.py:186} INFO - Started process (PID=2843) to work on /root/airflow_env/lib/python3.12/site-packages/airflow/example_dags/example_trigger_controller_dag.py
[2024-12-10T17:29:54.986-0600] {processor.py:914} INFO - Processing file /root/airflow_env/lib/python3.12/site-packages/airflow/example_dags/example_trigger_controller_dag.py for tasks to queue
[2024-12-10T17:29:54.987-0600] {logging_mixin.py:190} INFO - [2024-12-10T17:29:54.987-0600] {dagbag.py:588} INFO - Filling up the DagBag from /root/airflow_env/lib/python3.12/site-packages/airflow/example_dags/example_trigger_controller_dag.py
[2024-12-10T17:29:54.992-0600] {processor.py:925} INFO - DAG(s) 'example_trigger_controller_dag' retrieved from /root/airflow_env/lib/python3.12/site-packages/airflow/example_dags/example_trigger_controller_dag.py
[2024-12-10T17:29:55.002-0600] {logging_mixin.py:190} INFO - [2024-12-10T17:29:55.002-0600] {dag.py:3239} INFO - Sync 1 DAGs
[2024-12-10T17:29:55.014-0600] {logging_mixin.py:190} INFO - [2024-12-10T17:29:55.014-0600] {dag.py:4180} INFO - Setting next_dagrun for example_trigger_controller_dag to 2021-01-01 00:00:00+00:00, run_after=2021-01-01 00:00:00+00:00
[2024-12-10T17:29:55.036-0600] {processor.py:208} INFO - Processing /root/airflow_env/lib/python3.12/site-packages/airflow/example_dags/example_trigger_controller_dag.py took 0.056 seconds
[2024-12-10T17:30:45.298-0600] {processor.py:186} INFO - Started process (PID=2903) to work on /root/airflow_env/lib/python3.12/site-packages/airflow/example_dags/example_trigger_controller_dag.py
[2024-12-10T17:30:45.300-0600] {processor.py:914} INFO - Processing file /root/airflow_env/lib/python3.12/site-packages/airflow/example_dags/example_trigger_controller_dag.py for tasks to queue
[2024-12-10T17:30:45.302-0600] {logging_mixin.py:190} INFO - [2024-12-10T17:30:45.302-0600] {dagbag.py:588} INFO - Filling up the DagBag from /root/airflow_env/lib/python3.12/site-packages/airflow/example_dags/example_trigger_controller_dag.py
[2024-12-10T17:30:45.307-0600] {processor.py:925} INFO - DAG(s) 'example_trigger_controller_dag' retrieved from /root/airflow_env/lib/python3.12/site-packages/airflow/example_dags/example_trigger_controller_dag.py
[2024-12-10T17:30:45.317-0600] {logging_mixin.py:190} INFO - [2024-12-10T17:30:45.317-0600] {dag.py:3239} INFO - Sync 1 DAGs
[2024-12-10T17:30:45.329-0600] {logging_mixin.py:190} INFO - [2024-12-10T17:30:45.329-0600] {dag.py:4180} INFO - Setting next_dagrun for example_trigger_controller_dag to 2021-01-01 00:00:00+00:00, run_after=2021-01-01 00:00:00+00:00
[2024-12-10T17:30:45.345-0600] {processor.py:208} INFO - Processing /root/airflow_env/lib/python3.12/site-packages/airflow/example_dags/example_trigger_controller_dag.py took 0.051 seconds
[2024-12-10T17:31:35.546-0600] {processor.py:186} INFO - Started process (PID=2960) to work on /root/airflow_env/lib/python3.12/site-packages/airflow/example_dags/example_trigger_controller_dag.py
[2024-12-10T17:31:35.548-0600] {processor.py:914} INFO - Processing file /root/airflow_env/lib/python3.12/site-packages/airflow/example_dags/example_trigger_controller_dag.py for tasks to queue
[2024-12-10T17:31:35.549-0600] {logging_mixin.py:190} INFO - [2024-12-10T17:31:35.549-0600] {dagbag.py:588} INFO - Filling up the DagBag from /root/airflow_env/lib/python3.12/site-packages/airflow/example_dags/example_trigger_controller_dag.py
[2024-12-10T17:31:35.554-0600] {processor.py:925} INFO - DAG(s) 'example_trigger_controller_dag' retrieved from /root/airflow_env/lib/python3.12/site-packages/airflow/example_dags/example_trigger_controller_dag.py
[2024-12-10T17:31:35.564-0600] {logging_mixin.py:190} INFO - [2024-12-10T17:31:35.564-0600] {dag.py:3239} INFO - Sync 1 DAGs
[2024-12-10T17:31:35.576-0600] {logging_mixin.py:190} INFO - [2024-12-10T17:31:35.576-0600] {dag.py:4180} INFO - Setting next_dagrun for example_trigger_controller_dag to 2021-01-01 00:00:00+00:00, run_after=2021-01-01 00:00:00+00:00
[2024-12-10T17:31:35.594-0600] {processor.py:208} INFO - Processing /root/airflow_env/lib/python3.12/site-packages/airflow/example_dags/example_trigger_controller_dag.py took 0.052 seconds
[2024-12-10T17:32:30.456-0600] {processor.py:186} INFO - Started process (PID=3017) to work on /root/airflow_env/lib/python3.12/site-packages/airflow/example_dags/example_trigger_controller_dag.py
[2024-12-10T17:32:30.458-0600] {processor.py:914} INFO - Processing file /root/airflow_env/lib/python3.12/site-packages/airflow/example_dags/example_trigger_controller_dag.py for tasks to queue
[2024-12-10T17:32:30.460-0600] {logging_mixin.py:190} INFO - [2024-12-10T17:32:30.460-0600] {dagbag.py:588} INFO - Filling up the DagBag from /root/airflow_env/lib/python3.12/site-packages/airflow/example_dags/example_trigger_controller_dag.py
[2024-12-10T17:32:30.466-0600] {processor.py:925} INFO - DAG(s) 'example_trigger_controller_dag' retrieved from /root/airflow_env/lib/python3.12/site-packages/airflow/example_dags/example_trigger_controller_dag.py
[2024-12-10T17:32:30.476-0600] {logging_mixin.py:190} INFO - [2024-12-10T17:32:30.476-0600] {dag.py:3239} INFO - Sync 1 DAGs
[2024-12-10T17:32:30.489-0600] {logging_mixin.py:190} INFO - [2024-12-10T17:32:30.489-0600] {dag.py:4180} INFO - Setting next_dagrun for example_trigger_controller_dag to 2021-01-01 00:00:00+00:00, run_after=2021-01-01 00:00:00+00:00
[2024-12-10T17:32:30.507-0600] {processor.py:208} INFO - Processing /root/airflow_env/lib/python3.12/site-packages/airflow/example_dags/example_trigger_controller_dag.py took 0.054 seconds
[2024-12-10T17:33:23.499-0600] {processor.py:186} INFO - Started process (PID=3076) to work on /root/airflow_env/lib/python3.12/site-packages/airflow/example_dags/example_trigger_controller_dag.py
[2024-12-10T17:33:23.501-0600] {processor.py:914} INFO - Processing file /root/airflow_env/lib/python3.12/site-packages/airflow/example_dags/example_trigger_controller_dag.py for tasks to queue
[2024-12-10T17:33:23.502-0600] {logging_mixin.py:190} INFO - [2024-12-10T17:33:23.502-0600] {dagbag.py:588} INFO - Filling up the DagBag from /root/airflow_env/lib/python3.12/site-packages/airflow/example_dags/example_trigger_controller_dag.py
[2024-12-10T17:33:23.507-0600] {processor.py:925} INFO - DAG(s) 'example_trigger_controller_dag' retrieved from /root/airflow_env/lib/python3.12/site-packages/airflow/example_dags/example_trigger_controller_dag.py
[2024-12-10T17:33:23.518-0600] {logging_mixin.py:190} INFO - [2024-12-10T17:33:23.518-0600] {dag.py:3239} INFO - Sync 1 DAGs
[2024-12-10T17:33:23.531-0600] {logging_mixin.py:190} INFO - [2024-12-10T17:33:23.531-0600] {dag.py:4180} INFO - Setting next_dagrun for example_trigger_controller_dag to 2021-01-01 00:00:00+00:00, run_after=2021-01-01 00:00:00+00:00
[2024-12-10T17:33:23.549-0600] {processor.py:208} INFO - Processing /root/airflow_env/lib/python3.12/site-packages/airflow/example_dags/example_trigger_controller_dag.py took 0.053 seconds
[2024-12-10T17:34:17.238-0600] {processor.py:186} INFO - Started process (PID=3241) to work on /root/airflow_env/lib/python3.12/site-packages/airflow/example_dags/example_trigger_controller_dag.py
[2024-12-10T17:34:17.241-0600] {processor.py:914} INFO - Processing file /root/airflow_env/lib/python3.12/site-packages/airflow/example_dags/example_trigger_controller_dag.py for tasks to queue
[2024-12-10T17:34:17.242-0600] {logging_mixin.py:190} INFO - [2024-12-10T17:34:17.242-0600] {dagbag.py:588} INFO - Filling up the DagBag from /root/airflow_env/lib/python3.12/site-packages/airflow/example_dags/example_trigger_controller_dag.py
[2024-12-10T17:34:17.247-0600] {processor.py:925} INFO - DAG(s) 'example_trigger_controller_dag' retrieved from /root/airflow_env/lib/python3.12/site-packages/airflow/example_dags/example_trigger_controller_dag.py
[2024-12-10T17:34:17.257-0600] {logging_mixin.py:190} INFO - [2024-12-10T17:34:17.257-0600] {dag.py:3239} INFO - Sync 1 DAGs
[2024-12-10T17:34:17.269-0600] {logging_mixin.py:190} INFO - [2024-12-10T17:34:17.269-0600] {dag.py:4180} INFO - Setting next_dagrun for example_trigger_controller_dag to 2021-01-01 00:00:00+00:00, run_after=2021-01-01 00:00:00+00:00
[2024-12-10T17:34:17.286-0600] {processor.py:208} INFO - Processing /root/airflow_env/lib/python3.12/site-packages/airflow/example_dags/example_trigger_controller_dag.py took 0.052 seconds
[2024-12-10T17:35:08.649-0600] {processor.py:186} INFO - Started process (PID=3300) to work on /root/airflow_env/lib/python3.12/site-packages/airflow/example_dags/example_trigger_controller_dag.py
[2024-12-10T17:35:08.651-0600] {processor.py:914} INFO - Processing file /root/airflow_env/lib/python3.12/site-packages/airflow/example_dags/example_trigger_controller_dag.py for tasks to queue
[2024-12-10T17:35:08.653-0600] {logging_mixin.py:190} INFO - [2024-12-10T17:35:08.652-0600] {dagbag.py:588} INFO - Filling up the DagBag from /root/airflow_env/lib/python3.12/site-packages/airflow/example_dags/example_trigger_controller_dag.py
[2024-12-10T17:35:08.657-0600] {processor.py:925} INFO - DAG(s) 'example_trigger_controller_dag' retrieved from /root/airflow_env/lib/python3.12/site-packages/airflow/example_dags/example_trigger_controller_dag.py
[2024-12-10T17:35:08.668-0600] {logging_mixin.py:190} INFO - [2024-12-10T17:35:08.667-0600] {dag.py:3239} INFO - Sync 1 DAGs
[2024-12-10T17:35:08.679-0600] {logging_mixin.py:190} INFO - [2024-12-10T17:35:08.679-0600] {dag.py:4180} INFO - Setting next_dagrun for example_trigger_controller_dag to 2021-01-01 00:00:00+00:00, run_after=2021-01-01 00:00:00+00:00
[2024-12-10T17:35:08.697-0600] {processor.py:208} INFO - Processing /root/airflow_env/lib/python3.12/site-packages/airflow/example_dags/example_trigger_controller_dag.py took 0.052 seconds
[2024-12-10T17:36:00.099-0600] {processor.py:186} INFO - Started process (PID=3358) to work on /root/airflow_env/lib/python3.12/site-packages/airflow/example_dags/example_trigger_controller_dag.py
[2024-12-10T17:36:00.102-0600] {processor.py:914} INFO - Processing file /root/airflow_env/lib/python3.12/site-packages/airflow/example_dags/example_trigger_controller_dag.py for tasks to queue
[2024-12-10T17:36:00.104-0600] {logging_mixin.py:190} INFO - [2024-12-10T17:36:00.103-0600] {dagbag.py:588} INFO - Filling up the DagBag from /root/airflow_env/lib/python3.12/site-packages/airflow/example_dags/example_trigger_controller_dag.py
[2024-12-10T17:36:00.109-0600] {processor.py:925} INFO - DAG(s) 'example_trigger_controller_dag' retrieved from /root/airflow_env/lib/python3.12/site-packages/airflow/example_dags/example_trigger_controller_dag.py
[2024-12-10T17:36:00.120-0600] {logging_mixin.py:190} INFO - [2024-12-10T17:36:00.120-0600] {dag.py:3239} INFO - Sync 1 DAGs
[2024-12-10T17:36:00.132-0600] {logging_mixin.py:190} INFO - [2024-12-10T17:36:00.132-0600] {dag.py:4180} INFO - Setting next_dagrun for example_trigger_controller_dag to 2021-01-01 00:00:00+00:00, run_after=2021-01-01 00:00:00+00:00
[2024-12-10T17:36:00.149-0600] {processor.py:208} INFO - Processing /root/airflow_env/lib/python3.12/site-packages/airflow/example_dags/example_trigger_controller_dag.py took 0.054 seconds
[2024-12-10T17:36:49.653-0600] {processor.py:186} INFO - Started process (PID=3413) to work on /root/airflow_env/lib/python3.12/site-packages/airflow/example_dags/example_trigger_controller_dag.py
[2024-12-10T17:36:49.655-0600] {processor.py:914} INFO - Processing file /root/airflow_env/lib/python3.12/site-packages/airflow/example_dags/example_trigger_controller_dag.py for tasks to queue
[2024-12-10T17:36:49.656-0600] {logging_mixin.py:190} INFO - [2024-12-10T17:36:49.656-0600] {dagbag.py:588} INFO - Filling up the DagBag from /root/airflow_env/lib/python3.12/site-packages/airflow/example_dags/example_trigger_controller_dag.py
[2024-12-10T17:36:49.661-0600] {processor.py:925} INFO - DAG(s) 'example_trigger_controller_dag' retrieved from /root/airflow_env/lib/python3.12/site-packages/airflow/example_dags/example_trigger_controller_dag.py
[2024-12-10T17:36:49.672-0600] {logging_mixin.py:190} INFO - [2024-12-10T17:36:49.671-0600] {dag.py:3239} INFO - Sync 1 DAGs
[2024-12-10T17:36:49.684-0600] {logging_mixin.py:190} INFO - [2024-12-10T17:36:49.684-0600] {dag.py:4180} INFO - Setting next_dagrun for example_trigger_controller_dag to 2021-01-01 00:00:00+00:00, run_after=2021-01-01 00:00:00+00:00
[2024-12-10T17:36:49.700-0600] {processor.py:208} INFO - Processing /root/airflow_env/lib/python3.12/site-packages/airflow/example_dags/example_trigger_controller_dag.py took 0.052 seconds
[2024-12-10T17:37:40.828-0600] {processor.py:186} INFO - Started process (PID=3469) to work on /root/airflow_env/lib/python3.12/site-packages/airflow/example_dags/example_trigger_controller_dag.py
[2024-12-10T17:37:40.830-0600] {processor.py:914} INFO - Processing file /root/airflow_env/lib/python3.12/site-packages/airflow/example_dags/example_trigger_controller_dag.py for tasks to queue
[2024-12-10T17:37:40.831-0600] {logging_mixin.py:190} INFO - [2024-12-10T17:37:40.831-0600] {dagbag.py:588} INFO - Filling up the DagBag from /root/airflow_env/lib/python3.12/site-packages/airflow/example_dags/example_trigger_controller_dag.py
[2024-12-10T17:37:40.836-0600] {processor.py:925} INFO - DAG(s) 'example_trigger_controller_dag' retrieved from /root/airflow_env/lib/python3.12/site-packages/airflow/example_dags/example_trigger_controller_dag.py
[2024-12-10T17:37:40.846-0600] {logging_mixin.py:190} INFO - [2024-12-10T17:37:40.846-0600] {dag.py:3239} INFO - Sync 1 DAGs
[2024-12-10T17:37:40.857-0600] {logging_mixin.py:190} INFO - [2024-12-10T17:37:40.857-0600] {dag.py:4180} INFO - Setting next_dagrun for example_trigger_controller_dag to 2021-01-01 00:00:00+00:00, run_after=2021-01-01 00:00:00+00:00
[2024-12-10T17:37:40.875-0600] {processor.py:208} INFO - Processing /root/airflow_env/lib/python3.12/site-packages/airflow/example_dags/example_trigger_controller_dag.py took 0.050 seconds
[2024-12-10T17:38:31.690-0600] {processor.py:186} INFO - Started process (PID=3525) to work on /root/airflow_env/lib/python3.12/site-packages/airflow/example_dags/example_trigger_controller_dag.py
[2024-12-10T17:38:31.692-0600] {processor.py:914} INFO - Processing file /root/airflow_env/lib/python3.12/site-packages/airflow/example_dags/example_trigger_controller_dag.py for tasks to queue
[2024-12-10T17:38:31.694-0600] {logging_mixin.py:190} INFO - [2024-12-10T17:38:31.693-0600] {dagbag.py:588} INFO - Filling up the DagBag from /root/airflow_env/lib/python3.12/site-packages/airflow/example_dags/example_trigger_controller_dag.py
[2024-12-10T17:38:31.699-0600] {processor.py:925} INFO - DAG(s) 'example_trigger_controller_dag' retrieved from /root/airflow_env/lib/python3.12/site-packages/airflow/example_dags/example_trigger_controller_dag.py
[2024-12-10T17:38:31.709-0600] {logging_mixin.py:190} INFO - [2024-12-10T17:38:31.709-0600] {dag.py:3239} INFO - Sync 1 DAGs
[2024-12-10T17:38:31.721-0600] {logging_mixin.py:190} INFO - [2024-12-10T17:38:31.720-0600] {dag.py:4180} INFO - Setting next_dagrun for example_trigger_controller_dag to 2021-01-01 00:00:00+00:00, run_after=2021-01-01 00:00:00+00:00
[2024-12-10T17:38:31.738-0600] {processor.py:208} INFO - Processing /root/airflow_env/lib/python3.12/site-packages/airflow/example_dags/example_trigger_controller_dag.py took 0.052 seconds
[2024-12-10T17:39:23.834-0600] {processor.py:186} INFO - Started process (PID=3582) to work on /root/airflow_env/lib/python3.12/site-packages/airflow/example_dags/example_trigger_controller_dag.py
[2024-12-10T17:39:23.835-0600] {processor.py:914} INFO - Processing file /root/airflow_env/lib/python3.12/site-packages/airflow/example_dags/example_trigger_controller_dag.py for tasks to queue
[2024-12-10T17:39:23.836-0600] {logging_mixin.py:190} INFO - [2024-12-10T17:39:23.836-0600] {dagbag.py:588} INFO - Filling up the DagBag from /root/airflow_env/lib/python3.12/site-packages/airflow/example_dags/example_trigger_controller_dag.py
[2024-12-10T17:39:23.842-0600] {processor.py:925} INFO - DAG(s) 'example_trigger_controller_dag' retrieved from /root/airflow_env/lib/python3.12/site-packages/airflow/example_dags/example_trigger_controller_dag.py
[2024-12-10T17:39:23.853-0600] {logging_mixin.py:190} INFO - [2024-12-10T17:39:23.853-0600] {dag.py:3239} INFO - Sync 1 DAGs
[2024-12-10T17:39:23.867-0600] {logging_mixin.py:190} INFO - [2024-12-10T17:39:23.867-0600] {dag.py:4180} INFO - Setting next_dagrun for example_trigger_controller_dag to 2021-01-01 00:00:00+00:00, run_after=2021-01-01 00:00:00+00:00
[2024-12-10T17:39:23.885-0600] {processor.py:208} INFO - Processing /root/airflow_env/lib/python3.12/site-packages/airflow/example_dags/example_trigger_controller_dag.py took 0.057 seconds
[2024-12-10T17:40:17.590-0600] {processor.py:186} INFO - Started process (PID=3647) to work on /root/airflow_env/lib/python3.12/site-packages/airflow/example_dags/example_trigger_controller_dag.py
[2024-12-10T17:40:17.593-0600] {processor.py:914} INFO - Processing file /root/airflow_env/lib/python3.12/site-packages/airflow/example_dags/example_trigger_controller_dag.py for tasks to queue
[2024-12-10T17:40:17.594-0600] {logging_mixin.py:190} INFO - [2024-12-10T17:40:17.594-0600] {dagbag.py:588} INFO - Filling up the DagBag from /root/airflow_env/lib/python3.12/site-packages/airflow/example_dags/example_trigger_controller_dag.py
[2024-12-10T17:40:17.599-0600] {processor.py:925} INFO - DAG(s) 'example_trigger_controller_dag' retrieved from /root/airflow_env/lib/python3.12/site-packages/airflow/example_dags/example_trigger_controller_dag.py
[2024-12-10T17:40:17.612-0600] {logging_mixin.py:190} INFO - [2024-12-10T17:40:17.611-0600] {dag.py:3239} INFO - Sync 1 DAGs
[2024-12-10T17:40:17.624-0600] {logging_mixin.py:190} INFO - [2024-12-10T17:40:17.624-0600] {dag.py:4180} INFO - Setting next_dagrun for example_trigger_controller_dag to 2021-01-01 00:00:00+00:00, run_after=2021-01-01 00:00:00+00:00
[2024-12-10T17:40:17.641-0600] {processor.py:208} INFO - Processing /root/airflow_env/lib/python3.12/site-packages/airflow/example_dags/example_trigger_controller_dag.py took 0.055 seconds
[2024-12-10T17:41:13.061-0600] {processor.py:186} INFO - Started process (PID=3706) to work on /root/airflow_env/lib/python3.12/site-packages/airflow/example_dags/example_trigger_controller_dag.py
[2024-12-10T17:41:13.063-0600] {processor.py:914} INFO - Processing file /root/airflow_env/lib/python3.12/site-packages/airflow/example_dags/example_trigger_controller_dag.py for tasks to queue
[2024-12-10T17:41:13.065-0600] {logging_mixin.py:190} INFO - [2024-12-10T17:41:13.065-0600] {dagbag.py:588} INFO - Filling up the DagBag from /root/airflow_env/lib/python3.12/site-packages/airflow/example_dags/example_trigger_controller_dag.py
[2024-12-10T17:41:13.070-0600] {processor.py:925} INFO - DAG(s) 'example_trigger_controller_dag' retrieved from /root/airflow_env/lib/python3.12/site-packages/airflow/example_dags/example_trigger_controller_dag.py
[2024-12-10T17:41:13.080-0600] {logging_mixin.py:190} INFO - [2024-12-10T17:41:13.080-0600] {dag.py:3239} INFO - Sync 1 DAGs
[2024-12-10T17:41:13.093-0600] {logging_mixin.py:190} INFO - [2024-12-10T17:41:13.092-0600] {dag.py:4180} INFO - Setting next_dagrun for example_trigger_controller_dag to 2021-01-01 00:00:00+00:00, run_after=2021-01-01 00:00:00+00:00
[2024-12-10T17:41:13.109-0600] {processor.py:208} INFO - Processing /root/airflow_env/lib/python3.12/site-packages/airflow/example_dags/example_trigger_controller_dag.py took 0.052 seconds
[2024-12-10T17:42:05.618-0600] {processor.py:186} INFO - Started process (PID=3765) to work on /root/airflow_env/lib/python3.12/site-packages/airflow/example_dags/example_trigger_controller_dag.py
[2024-12-10T17:42:05.621-0600] {processor.py:914} INFO - Processing file /root/airflow_env/lib/python3.12/site-packages/airflow/example_dags/example_trigger_controller_dag.py for tasks to queue
[2024-12-10T17:42:05.622-0600] {logging_mixin.py:190} INFO - [2024-12-10T17:42:05.622-0600] {dagbag.py:588} INFO - Filling up the DagBag from /root/airflow_env/lib/python3.12/site-packages/airflow/example_dags/example_trigger_controller_dag.py
[2024-12-10T17:42:05.627-0600] {processor.py:925} INFO - DAG(s) 'example_trigger_controller_dag' retrieved from /root/airflow_env/lib/python3.12/site-packages/airflow/example_dags/example_trigger_controller_dag.py
[2024-12-10T17:42:05.638-0600] {logging_mixin.py:190} INFO - [2024-12-10T17:42:05.638-0600] {dag.py:3239} INFO - Sync 1 DAGs
[2024-12-10T17:42:05.650-0600] {logging_mixin.py:190} INFO - [2024-12-10T17:42:05.650-0600] {dag.py:4180} INFO - Setting next_dagrun for example_trigger_controller_dag to 2021-01-01 00:00:00+00:00, run_after=2021-01-01 00:00:00+00:00
[2024-12-10T17:42:05.666-0600] {processor.py:208} INFO - Processing /root/airflow_env/lib/python3.12/site-packages/airflow/example_dags/example_trigger_controller_dag.py took 0.051 seconds
[2024-12-10T17:42:58.476-0600] {processor.py:186} INFO - Started process (PID=3839) to work on /root/airflow_env/lib/python3.12/site-packages/airflow/example_dags/example_trigger_controller_dag.py
[2024-12-10T17:42:58.479-0600] {processor.py:914} INFO - Processing file /root/airflow_env/lib/python3.12/site-packages/airflow/example_dags/example_trigger_controller_dag.py for tasks to queue
[2024-12-10T17:42:58.480-0600] {logging_mixin.py:190} INFO - [2024-12-10T17:42:58.480-0600] {dagbag.py:588} INFO - Filling up the DagBag from /root/airflow_env/lib/python3.12/site-packages/airflow/example_dags/example_trigger_controller_dag.py
[2024-12-10T17:42:58.485-0600] {processor.py:925} INFO - DAG(s) 'example_trigger_controller_dag' retrieved from /root/airflow_env/lib/python3.12/site-packages/airflow/example_dags/example_trigger_controller_dag.py
[2024-12-10T17:42:58.496-0600] {logging_mixin.py:190} INFO - [2024-12-10T17:42:58.495-0600] {dag.py:3239} INFO - Sync 1 DAGs
[2024-12-10T17:42:58.508-0600] {logging_mixin.py:190} INFO - [2024-12-10T17:42:58.507-0600] {dag.py:4180} INFO - Setting next_dagrun for example_trigger_controller_dag to 2021-01-01 00:00:00+00:00, run_after=2021-01-01 00:00:00+00:00
[2024-12-10T17:42:58.631-0600] {processor.py:208} INFO - Processing /root/airflow_env/lib/python3.12/site-packages/airflow/example_dags/example_trigger_controller_dag.py took 0.158 seconds
[2024-12-10T17:43:50.535-0600] {processor.py:186} INFO - Started process (PID=3897) to work on /root/airflow_env/lib/python3.12/site-packages/airflow/example_dags/example_trigger_controller_dag.py
[2024-12-10T17:43:50.537-0600] {processor.py:914} INFO - Processing file /root/airflow_env/lib/python3.12/site-packages/airflow/example_dags/example_trigger_controller_dag.py for tasks to queue
[2024-12-10T17:43:50.538-0600] {logging_mixin.py:190} INFO - [2024-12-10T17:43:50.538-0600] {dagbag.py:588} INFO - Filling up the DagBag from /root/airflow_env/lib/python3.12/site-packages/airflow/example_dags/example_trigger_controller_dag.py
[2024-12-10T17:43:50.546-0600] {processor.py:925} INFO - DAG(s) 'example_trigger_controller_dag' retrieved from /root/airflow_env/lib/python3.12/site-packages/airflow/example_dags/example_trigger_controller_dag.py
[2024-12-10T17:43:50.565-0600] {logging_mixin.py:190} INFO - [2024-12-10T17:43:50.565-0600] {dag.py:3239} INFO - Sync 1 DAGs
[2024-12-10T17:43:50.585-0600] {logging_mixin.py:190} INFO - [2024-12-10T17:43:50.584-0600] {dag.py:4180} INFO - Setting next_dagrun for example_trigger_controller_dag to 2021-01-01 00:00:00+00:00, run_after=2021-01-01 00:00:00+00:00
[2024-12-10T17:43:50.611-0600] {processor.py:208} INFO - Processing /root/airflow_env/lib/python3.12/site-packages/airflow/example_dags/example_trigger_controller_dag.py took 0.081 seconds
[2024-12-10T17:44:41.403-0600] {processor.py:186} INFO - Started process (PID=3953) to work on /root/airflow_env/lib/python3.12/site-packages/airflow/example_dags/example_trigger_controller_dag.py
[2024-12-10T17:44:41.404-0600] {processor.py:914} INFO - Processing file /root/airflow_env/lib/python3.12/site-packages/airflow/example_dags/example_trigger_controller_dag.py for tasks to queue
[2024-12-10T17:44:41.406-0600] {logging_mixin.py:190} INFO - [2024-12-10T17:44:41.405-0600] {dagbag.py:588} INFO - Filling up the DagBag from /root/airflow_env/lib/python3.12/site-packages/airflow/example_dags/example_trigger_controller_dag.py
[2024-12-10T17:44:41.411-0600] {processor.py:925} INFO - DAG(s) 'example_trigger_controller_dag' retrieved from /root/airflow_env/lib/python3.12/site-packages/airflow/example_dags/example_trigger_controller_dag.py
[2024-12-10T17:44:41.422-0600] {logging_mixin.py:190} INFO - [2024-12-10T17:44:41.422-0600] {dag.py:3239} INFO - Sync 1 DAGs
[2024-12-10T17:44:41.435-0600] {logging_mixin.py:190} INFO - [2024-12-10T17:44:41.435-0600] {dag.py:4180} INFO - Setting next_dagrun for example_trigger_controller_dag to 2021-01-01 00:00:00+00:00, run_after=2021-01-01 00:00:00+00:00
[2024-12-10T17:44:41.452-0600] {processor.py:208} INFO - Processing /root/airflow_env/lib/python3.12/site-packages/airflow/example_dags/example_trigger_controller_dag.py took 0.053 seconds
[2024-12-10T17:45:36.181-0600] {processor.py:186} INFO - Started process (PID=4015) to work on /root/airflow_env/lib/python3.12/site-packages/airflow/example_dags/example_trigger_controller_dag.py
[2024-12-10T17:45:36.184-0600] {processor.py:914} INFO - Processing file /root/airflow_env/lib/python3.12/site-packages/airflow/example_dags/example_trigger_controller_dag.py for tasks to queue
[2024-12-10T17:45:36.185-0600] {logging_mixin.py:190} INFO - [2024-12-10T17:45:36.185-0600] {dagbag.py:588} INFO - Filling up the DagBag from /root/airflow_env/lib/python3.12/site-packages/airflow/example_dags/example_trigger_controller_dag.py
[2024-12-10T17:45:36.190-0600] {processor.py:925} INFO - DAG(s) 'example_trigger_controller_dag' retrieved from /root/airflow_env/lib/python3.12/site-packages/airflow/example_dags/example_trigger_controller_dag.py
[2024-12-10T17:45:36.200-0600] {logging_mixin.py:190} INFO - [2024-12-10T17:45:36.200-0600] {dag.py:3239} INFO - Sync 1 DAGs
[2024-12-10T17:45:36.299-0600] {logging_mixin.py:190} INFO - [2024-12-10T17:45:36.299-0600] {dag.py:4180} INFO - Setting next_dagrun for example_trigger_controller_dag to 2021-01-01 00:00:00+00:00, run_after=2021-01-01 00:00:00+00:00
[2024-12-10T17:45:36.315-0600] {processor.py:208} INFO - Processing /root/airflow_env/lib/python3.12/site-packages/airflow/example_dags/example_trigger_controller_dag.py took 0.138 seconds
[2024-12-10T17:46:33.139-0600] {processor.py:186} INFO - Started process (PID=4074) to work on /root/airflow_env/lib/python3.12/site-packages/airflow/example_dags/example_trigger_controller_dag.py
[2024-12-10T17:46:33.142-0600] {processor.py:914} INFO - Processing file /root/airflow_env/lib/python3.12/site-packages/airflow/example_dags/example_trigger_controller_dag.py for tasks to queue
[2024-12-10T17:46:33.144-0600] {logging_mixin.py:190} INFO - [2024-12-10T17:46:33.144-0600] {dagbag.py:588} INFO - Filling up the DagBag from /root/airflow_env/lib/python3.12/site-packages/airflow/example_dags/example_trigger_controller_dag.py
[2024-12-10T17:46:33.154-0600] {processor.py:925} INFO - DAG(s) 'example_trigger_controller_dag' retrieved from /root/airflow_env/lib/python3.12/site-packages/airflow/example_dags/example_trigger_controller_dag.py
[2024-12-10T17:46:33.168-0600] {logging_mixin.py:190} INFO - [2024-12-10T17:46:33.168-0600] {dag.py:3239} INFO - Sync 1 DAGs
[2024-12-10T17:46:33.188-0600] {logging_mixin.py:190} INFO - [2024-12-10T17:46:33.188-0600] {dag.py:4180} INFO - Setting next_dagrun for example_trigger_controller_dag to 2021-01-01 00:00:00+00:00, run_after=2021-01-01 00:00:00+00:00
[2024-12-10T17:46:33.217-0600] {processor.py:208} INFO - Processing /root/airflow_env/lib/python3.12/site-packages/airflow/example_dags/example_trigger_controller_dag.py took 0.084 seconds
[2024-12-10T17:47:33.402-0600] {processor.py:186} INFO - Started process (PID=4136) to work on /root/airflow_env/lib/python3.12/site-packages/airflow/example_dags/example_trigger_controller_dag.py
[2024-12-10T17:47:33.405-0600] {processor.py:914} INFO - Processing file /root/airflow_env/lib/python3.12/site-packages/airflow/example_dags/example_trigger_controller_dag.py for tasks to queue
[2024-12-10T17:47:33.406-0600] {logging_mixin.py:190} INFO - [2024-12-10T17:47:33.406-0600] {dagbag.py:588} INFO - Filling up the DagBag from /root/airflow_env/lib/python3.12/site-packages/airflow/example_dags/example_trigger_controller_dag.py
[2024-12-10T17:47:33.412-0600] {processor.py:925} INFO - DAG(s) 'example_trigger_controller_dag' retrieved from /root/airflow_env/lib/python3.12/site-packages/airflow/example_dags/example_trigger_controller_dag.py
[2024-12-10T17:47:33.422-0600] {logging_mixin.py:190} INFO - [2024-12-10T17:47:33.422-0600] {dag.py:3239} INFO - Sync 1 DAGs
[2024-12-10T17:47:33.434-0600] {logging_mixin.py:190} INFO - [2024-12-10T17:47:33.434-0600] {dag.py:4180} INFO - Setting next_dagrun for example_trigger_controller_dag to 2021-01-01 00:00:00+00:00, run_after=2021-01-01 00:00:00+00:00
[2024-12-10T17:47:33.452-0600] {processor.py:208} INFO - Processing /root/airflow_env/lib/python3.12/site-packages/airflow/example_dags/example_trigger_controller_dag.py took 0.053 seconds
[2024-12-10T17:48:29.220-0600] {processor.py:186} INFO - Started process (PID=4196) to work on /root/airflow_env/lib/python3.12/site-packages/airflow/example_dags/example_trigger_controller_dag.py
[2024-12-10T17:48:29.223-0600] {processor.py:914} INFO - Processing file /root/airflow_env/lib/python3.12/site-packages/airflow/example_dags/example_trigger_controller_dag.py for tasks to queue
[2024-12-10T17:48:29.224-0600] {logging_mixin.py:190} INFO - [2024-12-10T17:48:29.224-0600] {dagbag.py:588} INFO - Filling up the DagBag from /root/airflow_env/lib/python3.12/site-packages/airflow/example_dags/example_trigger_controller_dag.py
[2024-12-10T17:48:29.230-0600] {processor.py:925} INFO - DAG(s) 'example_trigger_controller_dag' retrieved from /root/airflow_env/lib/python3.12/site-packages/airflow/example_dags/example_trigger_controller_dag.py
[2024-12-10T17:48:29.240-0600] {logging_mixin.py:190} INFO - [2024-12-10T17:48:29.239-0600] {dag.py:3239} INFO - Sync 1 DAGs
[2024-12-10T17:48:29.252-0600] {logging_mixin.py:190} INFO - [2024-12-10T17:48:29.252-0600] {dag.py:4180} INFO - Setting next_dagrun for example_trigger_controller_dag to 2021-01-01 00:00:00+00:00, run_after=2021-01-01 00:00:00+00:00
[2024-12-10T17:48:29.268-0600] {processor.py:208} INFO - Processing /root/airflow_env/lib/python3.12/site-packages/airflow/example_dags/example_trigger_controller_dag.py took 0.052 seconds
[2024-12-10T17:49:25.234-0600] {processor.py:186} INFO - Started process (PID=4254) to work on /root/airflow_env/lib/python3.12/site-packages/airflow/example_dags/example_trigger_controller_dag.py
[2024-12-10T17:49:25.236-0600] {processor.py:914} INFO - Processing file /root/airflow_env/lib/python3.12/site-packages/airflow/example_dags/example_trigger_controller_dag.py for tasks to queue
[2024-12-10T17:49:25.238-0600] {logging_mixin.py:190} INFO - [2024-12-10T17:49:25.237-0600] {dagbag.py:588} INFO - Filling up the DagBag from /root/airflow_env/lib/python3.12/site-packages/airflow/example_dags/example_trigger_controller_dag.py
[2024-12-10T17:49:25.242-0600] {processor.py:925} INFO - DAG(s) 'example_trigger_controller_dag' retrieved from /root/airflow_env/lib/python3.12/site-packages/airflow/example_dags/example_trigger_controller_dag.py
[2024-12-10T17:49:25.342-0600] {logging_mixin.py:190} INFO - [2024-12-10T17:49:25.341-0600] {dag.py:3239} INFO - Sync 1 DAGs
[2024-12-10T17:49:25.352-0600] {logging_mixin.py:190} INFO - [2024-12-10T17:49:25.352-0600] {dag.py:4180} INFO - Setting next_dagrun for example_trigger_controller_dag to 2021-01-01 00:00:00+00:00, run_after=2021-01-01 00:00:00+00:00
[2024-12-10T17:49:25.367-0600] {processor.py:208} INFO - Processing /root/airflow_env/lib/python3.12/site-packages/airflow/example_dags/example_trigger_controller_dag.py took 0.138 seconds
[2024-12-10T17:50:19.480-0600] {processor.py:186} INFO - Started process (PID=4314) to work on /root/airflow_env/lib/python3.12/site-packages/airflow/example_dags/example_trigger_controller_dag.py
[2024-12-10T17:50:19.483-0600] {processor.py:914} INFO - Processing file /root/airflow_env/lib/python3.12/site-packages/airflow/example_dags/example_trigger_controller_dag.py for tasks to queue
[2024-12-10T17:50:19.484-0600] {logging_mixin.py:190} INFO - [2024-12-10T17:50:19.484-0600] {dagbag.py:588} INFO - Filling up the DagBag from /root/airflow_env/lib/python3.12/site-packages/airflow/example_dags/example_trigger_controller_dag.py
[2024-12-10T17:50:19.489-0600] {processor.py:925} INFO - DAG(s) 'example_trigger_controller_dag' retrieved from /root/airflow_env/lib/python3.12/site-packages/airflow/example_dags/example_trigger_controller_dag.py
[2024-12-10T17:50:19.499-0600] {logging_mixin.py:190} INFO - [2024-12-10T17:50:19.499-0600] {dag.py:3239} INFO - Sync 1 DAGs
[2024-12-10T17:50:19.512-0600] {logging_mixin.py:190} INFO - [2024-12-10T17:50:19.512-0600] {dag.py:4180} INFO - Setting next_dagrun for example_trigger_controller_dag to 2021-01-01 00:00:00+00:00, run_after=2021-01-01 00:00:00+00:00
[2024-12-10T17:50:19.529-0600] {processor.py:208} INFO - Processing /root/airflow_env/lib/python3.12/site-packages/airflow/example_dags/example_trigger_controller_dag.py took 0.053 seconds
[2024-12-10T17:52:09.366-0600] {processor.py:186} INFO - Started process (PID=4394) to work on /root/airflow_env/lib/python3.12/site-packages/airflow/example_dags/example_trigger_controller_dag.py
[2024-12-10T17:52:09.368-0600] {processor.py:914} INFO - Processing file /root/airflow_env/lib/python3.12/site-packages/airflow/example_dags/example_trigger_controller_dag.py for tasks to queue
[2024-12-10T17:52:09.370-0600] {logging_mixin.py:190} INFO - [2024-12-10T17:52:09.369-0600] {dagbag.py:588} INFO - Filling up the DagBag from /root/airflow_env/lib/python3.12/site-packages/airflow/example_dags/example_trigger_controller_dag.py
[2024-12-10T17:52:09.375-0600] {processor.py:925} INFO - DAG(s) 'example_trigger_controller_dag' retrieved from /root/airflow_env/lib/python3.12/site-packages/airflow/example_dags/example_trigger_controller_dag.py
[2024-12-10T17:52:09.387-0600] {logging_mixin.py:190} INFO - [2024-12-10T17:52:09.387-0600] {dag.py:3239} INFO - Sync 1 DAGs
[2024-12-10T17:52:09.399-0600] {logging_mixin.py:190} INFO - [2024-12-10T17:52:09.399-0600] {dag.py:4180} INFO - Setting next_dagrun for example_trigger_controller_dag to 2021-01-01 00:00:00+00:00, run_after=2021-01-01 00:00:00+00:00
[2024-12-10T17:52:09.417-0600] {processor.py:208} INFO - Processing /root/airflow_env/lib/python3.12/site-packages/airflow/example_dags/example_trigger_controller_dag.py took 0.056 seconds
[2024-12-10T17:53:05.562-0600] {processor.py:186} INFO - Started process (PID=4487) to work on /root/airflow_env/lib/python3.12/site-packages/airflow/example_dags/example_trigger_controller_dag.py
[2024-12-10T17:53:05.564-0600] {processor.py:914} INFO - Processing file /root/airflow_env/lib/python3.12/site-packages/airflow/example_dags/example_trigger_controller_dag.py for tasks to queue
[2024-12-10T17:53:05.565-0600] {logging_mixin.py:190} INFO - [2024-12-10T17:53:05.565-0600] {dagbag.py:588} INFO - Filling up the DagBag from /root/airflow_env/lib/python3.12/site-packages/airflow/example_dags/example_trigger_controller_dag.py
[2024-12-10T17:53:05.570-0600] {processor.py:925} INFO - DAG(s) 'example_trigger_controller_dag' retrieved from /root/airflow_env/lib/python3.12/site-packages/airflow/example_dags/example_trigger_controller_dag.py
[2024-12-10T17:53:05.583-0600] {logging_mixin.py:190} INFO - [2024-12-10T17:53:05.582-0600] {dag.py:3239} INFO - Sync 1 DAGs
[2024-12-10T17:53:05.597-0600] {logging_mixin.py:190} INFO - [2024-12-10T17:53:05.597-0600] {dag.py:4180} INFO - Setting next_dagrun for example_trigger_controller_dag to 2021-01-01 00:00:00+00:00, run_after=2021-01-01 00:00:00+00:00
[2024-12-10T17:53:05.617-0600] {processor.py:208} INFO - Processing /root/airflow_env/lib/python3.12/site-packages/airflow/example_dags/example_trigger_controller_dag.py took 0.059 seconds
[2024-12-10T17:55:07.545-0600] {processor.py:186} INFO - Started process (PID=4589) to work on /root/airflow_env/lib/python3.12/site-packages/airflow/example_dags/example_trigger_controller_dag.py
[2024-12-10T17:55:07.546-0600] {processor.py:914} INFO - Processing file /root/airflow_env/lib/python3.12/site-packages/airflow/example_dags/example_trigger_controller_dag.py for tasks to queue
[2024-12-10T17:55:07.547-0600] {logging_mixin.py:190} INFO - [2024-12-10T17:55:07.547-0600] {dagbag.py:588} INFO - Filling up the DagBag from /root/airflow_env/lib/python3.12/site-packages/airflow/example_dags/example_trigger_controller_dag.py
[2024-12-10T17:55:07.552-0600] {processor.py:925} INFO - DAG(s) 'example_trigger_controller_dag' retrieved from /root/airflow_env/lib/python3.12/site-packages/airflow/example_dags/example_trigger_controller_dag.py
[2024-12-10T17:55:07.566-0600] {logging_mixin.py:190} INFO - [2024-12-10T17:55:07.565-0600] {dag.py:3239} INFO - Sync 1 DAGs
[2024-12-10T17:55:07.580-0600] {logging_mixin.py:190} INFO - [2024-12-10T17:55:07.580-0600] {dag.py:4180} INFO - Setting next_dagrun for example_trigger_controller_dag to 2021-01-01 00:00:00+00:00, run_after=2021-01-01 00:00:00+00:00
[2024-12-10T17:55:07.597-0600] {processor.py:208} INFO - Processing /root/airflow_env/lib/python3.12/site-packages/airflow/example_dags/example_trigger_controller_dag.py took 0.056 seconds
[2024-12-10T17:56:04.105-0600] {processor.py:186} INFO - Started process (PID=4668) to work on /root/airflow_env/lib/python3.12/site-packages/airflow/example_dags/example_trigger_controller_dag.py
[2024-12-10T17:56:04.107-0600] {processor.py:914} INFO - Processing file /root/airflow_env/lib/python3.12/site-packages/airflow/example_dags/example_trigger_controller_dag.py for tasks to queue
[2024-12-10T17:56:04.109-0600] {logging_mixin.py:190} INFO - [2024-12-10T17:56:04.108-0600] {dagbag.py:588} INFO - Filling up the DagBag from /root/airflow_env/lib/python3.12/site-packages/airflow/example_dags/example_trigger_controller_dag.py
[2024-12-10T17:56:04.113-0600] {processor.py:925} INFO - DAG(s) 'example_trigger_controller_dag' retrieved from /root/airflow_env/lib/python3.12/site-packages/airflow/example_dags/example_trigger_controller_dag.py
[2024-12-10T17:56:04.124-0600] {logging_mixin.py:190} INFO - [2024-12-10T17:56:04.124-0600] {dag.py:3239} INFO - Sync 1 DAGs
[2024-12-10T17:56:04.136-0600] {logging_mixin.py:190} INFO - [2024-12-10T17:56:04.136-0600] {dag.py:4180} INFO - Setting next_dagrun for example_trigger_controller_dag to 2021-01-01 00:00:00+00:00, run_after=2021-01-01 00:00:00+00:00
[2024-12-10T17:56:04.154-0600] {processor.py:208} INFO - Processing /root/airflow_env/lib/python3.12/site-packages/airflow/example_dags/example_trigger_controller_dag.py took 0.053 seconds
[2024-12-10T17:56:59.763-0600] {processor.py:186} INFO - Started process (PID=4743) to work on /root/airflow_env/lib/python3.12/site-packages/airflow/example_dags/example_trigger_controller_dag.py
[2024-12-10T17:56:59.766-0600] {processor.py:914} INFO - Processing file /root/airflow_env/lib/python3.12/site-packages/airflow/example_dags/example_trigger_controller_dag.py for tasks to queue
[2024-12-10T17:56:59.767-0600] {logging_mixin.py:190} INFO - [2024-12-10T17:56:59.767-0600] {dagbag.py:588} INFO - Filling up the DagBag from /root/airflow_env/lib/python3.12/site-packages/airflow/example_dags/example_trigger_controller_dag.py
[2024-12-10T17:56:59.772-0600] {processor.py:925} INFO - DAG(s) 'example_trigger_controller_dag' retrieved from /root/airflow_env/lib/python3.12/site-packages/airflow/example_dags/example_trigger_controller_dag.py
[2024-12-10T17:56:59.782-0600] {logging_mixin.py:190} INFO - [2024-12-10T17:56:59.782-0600] {dag.py:3239} INFO - Sync 1 DAGs
[2024-12-10T17:56:59.795-0600] {logging_mixin.py:190} INFO - [2024-12-10T17:56:59.795-0600] {dag.py:4180} INFO - Setting next_dagrun for example_trigger_controller_dag to 2021-01-01 00:00:00+00:00, run_after=2021-01-01 00:00:00+00:00
[2024-12-10T17:56:59.813-0600] {processor.py:208} INFO - Processing /root/airflow_env/lib/python3.12/site-packages/airflow/example_dags/example_trigger_controller_dag.py took 0.054 seconds
[2024-12-10T17:57:53.871-0600] {processor.py:186} INFO - Started process (PID=4810) to work on /root/airflow_env/lib/python3.12/site-packages/airflow/example_dags/example_trigger_controller_dag.py
[2024-12-10T17:57:53.874-0600] {processor.py:914} INFO - Processing file /root/airflow_env/lib/python3.12/site-packages/airflow/example_dags/example_trigger_controller_dag.py for tasks to queue
[2024-12-10T17:57:53.875-0600] {logging_mixin.py:190} INFO - [2024-12-10T17:57:53.875-0600] {dagbag.py:588} INFO - Filling up the DagBag from /root/airflow_env/lib/python3.12/site-packages/airflow/example_dags/example_trigger_controller_dag.py
[2024-12-10T17:57:53.880-0600] {processor.py:925} INFO - DAG(s) 'example_trigger_controller_dag' retrieved from /root/airflow_env/lib/python3.12/site-packages/airflow/example_dags/example_trigger_controller_dag.py
[2024-12-10T17:57:53.890-0600] {logging_mixin.py:190} INFO - [2024-12-10T17:57:53.890-0600] {dag.py:3239} INFO - Sync 1 DAGs
[2024-12-10T17:57:53.903-0600] {logging_mixin.py:190} INFO - [2024-12-10T17:57:53.902-0600] {dag.py:4180} INFO - Setting next_dagrun for example_trigger_controller_dag to 2021-01-01 00:00:00+00:00, run_after=2021-01-01 00:00:00+00:00
[2024-12-10T17:57:53.919-0600] {processor.py:208} INFO - Processing /root/airflow_env/lib/python3.12/site-packages/airflow/example_dags/example_trigger_controller_dag.py took 0.052 seconds
[2024-12-10T17:59:07.646-0600] {processor.py:186} INFO - Started process (PID=4923) to work on /root/airflow_env/lib/python3.12/site-packages/airflow/example_dags/example_trigger_controller_dag.py
[2024-12-10T17:59:07.648-0600] {processor.py:914} INFO - Processing file /root/airflow_env/lib/python3.12/site-packages/airflow/example_dags/example_trigger_controller_dag.py for tasks to queue
[2024-12-10T17:59:07.650-0600] {logging_mixin.py:190} INFO - [2024-12-10T17:59:07.649-0600] {dagbag.py:588} INFO - Filling up the DagBag from /root/airflow_env/lib/python3.12/site-packages/airflow/example_dags/example_trigger_controller_dag.py
[2024-12-10T17:59:07.655-0600] {processor.py:925} INFO - DAG(s) 'example_trigger_controller_dag' retrieved from /root/airflow_env/lib/python3.12/site-packages/airflow/example_dags/example_trigger_controller_dag.py
[2024-12-10T17:59:07.667-0600] {logging_mixin.py:190} INFO - [2024-12-10T17:59:07.667-0600] {dag.py:3239} INFO - Sync 1 DAGs
[2024-12-10T17:59:07.681-0600] {logging_mixin.py:190} INFO - [2024-12-10T17:59:07.681-0600] {dag.py:4180} INFO - Setting next_dagrun for example_trigger_controller_dag to 2021-01-01 00:00:00+00:00, run_after=2021-01-01 00:00:00+00:00
[2024-12-10T17:59:07.700-0600] {processor.py:208} INFO - Processing /root/airflow_env/lib/python3.12/site-packages/airflow/example_dags/example_trigger_controller_dag.py took 0.057 seconds
