[2024-12-10T16:59:48.780-0600] {processor.py:186} INFO - Started process (PID=674) to work on /root/airflow_env/lib/python3.12/site-packages/airflow/example_dags/example_sensors.py
[2024-12-10T16:59:48.780-0600] {processor.py:914} INFO - Processing file /root/airflow_env/lib/python3.12/site-packages/airflow/example_dags/example_sensors.py for tasks to queue
[2024-12-10T16:59:48.782-0600] {logging_mixin.py:190} INFO - [2024-12-10T16:59:48.781-0600] {dagbag.py:588} INFO - Filling up the DagBag from /root/airflow_env/lib/python3.12/site-packages/airflow/example_dags/example_sensors.py
[2024-12-10T16:59:48.792-0600] {processor.py:925} INFO - DAG(s) 'example_sensors' retrieved from /root/airflow_env/lib/python3.12/site-packages/airflow/example_dags/example_sensors.py
[2024-12-10T16:59:48.812-0600] {logging_mixin.py:190} INFO - [2024-12-10T16:59:48.811-0600] {dag.py:3239} INFO - Sync 1 DAGs
[2024-12-10T16:59:48.820-0600] {logging_mixin.py:190} INFO - [2024-12-10T16:59:48.820-0600] {dag.py:4180} INFO - Setting next_dagrun for example_sensors to None, run_after=None
[2024-12-10T16:59:48.837-0600] {processor.py:208} INFO - Processing /root/airflow_env/lib/python3.12/site-packages/airflow/example_dags/example_sensors.py took 0.062 seconds
[2024-12-10T17:00:46.627-0600] {processor.py:186} INFO - Started process (PID=746) to work on /root/airflow_env/lib/python3.12/site-packages/airflow/example_dags/example_sensors.py
[2024-12-10T17:00:46.629-0600] {processor.py:914} INFO - Processing file /root/airflow_env/lib/python3.12/site-packages/airflow/example_dags/example_sensors.py for tasks to queue
[2024-12-10T17:00:46.630-0600] {logging_mixin.py:190} INFO - [2024-12-10T17:00:46.630-0600] {dagbag.py:588} INFO - Filling up the DagBag from /root/airflow_env/lib/python3.12/site-packages/airflow/example_dags/example_sensors.py
[2024-12-10T17:00:46.640-0600] {processor.py:925} INFO - DAG(s) 'example_sensors' retrieved from /root/airflow_env/lib/python3.12/site-packages/airflow/example_dags/example_sensors.py
[2024-12-10T17:00:46.661-0600] {logging_mixin.py:190} INFO - [2024-12-10T17:00:46.661-0600] {dag.py:3239} INFO - Sync 1 DAGs
[2024-12-10T17:00:46.678-0600] {logging_mixin.py:190} INFO - [2024-12-10T17:00:46.678-0600] {dag.py:4180} INFO - Setting next_dagrun for example_sensors to None, run_after=None
[2024-12-10T17:00:46.709-0600] {processor.py:208} INFO - Processing /root/airflow_env/lib/python3.12/site-packages/airflow/example_dags/example_sensors.py took 0.087 seconds
[2024-12-10T17:01:58.478-0600] {processor.py:186} INFO - Started process (PID=884) to work on /root/airflow_env/lib/python3.12/site-packages/airflow/example_dags/example_sensors.py
[2024-12-10T17:01:58.479-0600] {processor.py:914} INFO - Processing file /root/airflow_env/lib/python3.12/site-packages/airflow/example_dags/example_sensors.py for tasks to queue
[2024-12-10T17:01:58.481-0600] {logging_mixin.py:190} INFO - [2024-12-10T17:01:58.481-0600] {dagbag.py:588} INFO - Filling up the DagBag from /root/airflow_env/lib/python3.12/site-packages/airflow/example_dags/example_sensors.py
[2024-12-10T17:01:58.495-0600] {processor.py:925} INFO - DAG(s) 'example_sensors' retrieved from /root/airflow_env/lib/python3.12/site-packages/airflow/example_dags/example_sensors.py
[2024-12-10T17:01:58.514-0600] {logging_mixin.py:190} INFO - [2024-12-10T17:01:58.514-0600] {dag.py:3239} INFO - Sync 1 DAGs
[2024-12-10T17:01:58.526-0600] {logging_mixin.py:190} INFO - [2024-12-10T17:01:58.525-0600] {dag.py:4180} INFO - Setting next_dagrun for example_sensors to None, run_after=None
[2024-12-10T17:01:58.549-0600] {processor.py:208} INFO - Processing /root/airflow_env/lib/python3.12/site-packages/airflow/example_dags/example_sensors.py took 0.077 seconds
[2024-12-10T17:02:46.906-0600] {processor.py:186} INFO - Started process (PID=946) to work on /root/airflow_env/lib/python3.12/site-packages/airflow/example_dags/example_sensors.py
[2024-12-10T17:02:46.907-0600] {processor.py:914} INFO - Processing file /root/airflow_env/lib/python3.12/site-packages/airflow/example_dags/example_sensors.py for tasks to queue
[2024-12-10T17:02:46.909-0600] {logging_mixin.py:190} INFO - [2024-12-10T17:02:46.909-0600] {dagbag.py:588} INFO - Filling up the DagBag from /root/airflow_env/lib/python3.12/site-packages/airflow/example_dags/example_sensors.py
[2024-12-10T17:02:46.917-0600] {processor.py:925} INFO - DAG(s) 'example_sensors' retrieved from /root/airflow_env/lib/python3.12/site-packages/airflow/example_dags/example_sensors.py
[2024-12-10T17:02:46.932-0600] {logging_mixin.py:190} INFO - [2024-12-10T17:02:46.931-0600] {dag.py:3239} INFO - Sync 1 DAGs
[2024-12-10T17:02:46.941-0600] {logging_mixin.py:190} INFO - [2024-12-10T17:02:46.940-0600] {dag.py:4180} INFO - Setting next_dagrun for example_sensors to None, run_after=None
[2024-12-10T17:02:46.959-0600] {processor.py:208} INFO - Processing /root/airflow_env/lib/python3.12/site-packages/airflow/example_dags/example_sensors.py took 0.056 seconds
[2024-12-10T17:03:39.948-0600] {processor.py:186} INFO - Started process (PID=1009) to work on /root/airflow_env/lib/python3.12/site-packages/airflow/example_dags/example_sensors.py
[2024-12-10T17:03:39.949-0600] {processor.py:914} INFO - Processing file /root/airflow_env/lib/python3.12/site-packages/airflow/example_dags/example_sensors.py for tasks to queue
[2024-12-10T17:03:39.950-0600] {logging_mixin.py:190} INFO - [2024-12-10T17:03:39.950-0600] {dagbag.py:588} INFO - Filling up the DagBag from /root/airflow_env/lib/python3.12/site-packages/airflow/example_dags/example_sensors.py
[2024-12-10T17:03:39.959-0600] {processor.py:925} INFO - DAG(s) 'example_sensors' retrieved from /root/airflow_env/lib/python3.12/site-packages/airflow/example_dags/example_sensors.py
[2024-12-10T17:03:39.974-0600] {logging_mixin.py:190} INFO - [2024-12-10T17:03:39.973-0600] {dag.py:3239} INFO - Sync 1 DAGs
[2024-12-10T17:03:39.982-0600] {logging_mixin.py:190} INFO - [2024-12-10T17:03:39.982-0600] {dag.py:4180} INFO - Setting next_dagrun for example_sensors to None, run_after=None
[2024-12-10T17:03:39.999-0600] {processor.py:208} INFO - Processing /root/airflow_env/lib/python3.12/site-packages/airflow/example_dags/example_sensors.py took 0.056 seconds
[2024-12-10T17:04:34.008-0600] {processor.py:186} INFO - Started process (PID=1067) to work on /root/airflow_env/lib/python3.12/site-packages/airflow/example_dags/example_sensors.py
[2024-12-10T17:04:34.009-0600] {processor.py:914} INFO - Processing file /root/airflow_env/lib/python3.12/site-packages/airflow/example_dags/example_sensors.py for tasks to queue
[2024-12-10T17:04:34.011-0600] {logging_mixin.py:190} INFO - [2024-12-10T17:04:34.011-0600] {dagbag.py:588} INFO - Filling up the DagBag from /root/airflow_env/lib/python3.12/site-packages/airflow/example_dags/example_sensors.py
[2024-12-10T17:04:34.022-0600] {processor.py:925} INFO - DAG(s) 'example_sensors' retrieved from /root/airflow_env/lib/python3.12/site-packages/airflow/example_dags/example_sensors.py
[2024-12-10T17:04:34.039-0600] {logging_mixin.py:190} INFO - [2024-12-10T17:04:34.039-0600] {dag.py:3239} INFO - Sync 1 DAGs
[2024-12-10T17:04:34.049-0600] {logging_mixin.py:190} INFO - [2024-12-10T17:04:34.049-0600] {dag.py:4180} INFO - Setting next_dagrun for example_sensors to None, run_after=None
[2024-12-10T17:04:34.071-0600] {processor.py:208} INFO - Processing /root/airflow_env/lib/python3.12/site-packages/airflow/example_dags/example_sensors.py took 0.068 seconds
[2024-12-10T17:05:30.113-0600] {processor.py:186} INFO - Started process (PID=1131) to work on /root/airflow_env/lib/python3.12/site-packages/airflow/example_dags/example_sensors.py
[2024-12-10T17:05:30.121-0600] {processor.py:914} INFO - Processing file /root/airflow_env/lib/python3.12/site-packages/airflow/example_dags/example_sensors.py for tasks to queue
[2024-12-10T17:05:30.123-0600] {logging_mixin.py:190} INFO - [2024-12-10T17:05:30.122-0600] {dagbag.py:588} INFO - Filling up the DagBag from /root/airflow_env/lib/python3.12/site-packages/airflow/example_dags/example_sensors.py
[2024-12-10T17:05:30.131-0600] {processor.py:925} INFO - DAG(s) 'example_sensors' retrieved from /root/airflow_env/lib/python3.12/site-packages/airflow/example_dags/example_sensors.py
[2024-12-10T17:05:30.146-0600] {logging_mixin.py:190} INFO - [2024-12-10T17:05:30.145-0600] {dag.py:3239} INFO - Sync 1 DAGs
[2024-12-10T17:05:30.155-0600] {logging_mixin.py:190} INFO - [2024-12-10T17:05:30.154-0600] {dag.py:4180} INFO - Setting next_dagrun for example_sensors to None, run_after=None
[2024-12-10T17:05:30.172-0600] {processor.py:208} INFO - Processing /root/airflow_env/lib/python3.12/site-packages/airflow/example_dags/example_sensors.py took 0.063 seconds
[2024-12-10T17:06:22.041-0600] {processor.py:186} INFO - Started process (PID=1190) to work on /root/airflow_env/lib/python3.12/site-packages/airflow/example_dags/example_sensors.py
[2024-12-10T17:06:22.044-0600] {processor.py:914} INFO - Processing file /root/airflow_env/lib/python3.12/site-packages/airflow/example_dags/example_sensors.py for tasks to queue
[2024-12-10T17:06:22.054-0600] {logging_mixin.py:190} INFO - [2024-12-10T17:06:22.053-0600] {dagbag.py:588} INFO - Filling up the DagBag from /root/airflow_env/lib/python3.12/site-packages/airflow/example_dags/example_sensors.py
[2024-12-10T17:06:22.091-0600] {processor.py:925} INFO - DAG(s) 'example_sensors' retrieved from /root/airflow_env/lib/python3.12/site-packages/airflow/example_dags/example_sensors.py
[2024-12-10T17:06:22.146-0600] {logging_mixin.py:190} INFO - [2024-12-10T17:06:22.146-0600] {dag.py:3239} INFO - Sync 1 DAGs
[2024-12-10T17:06:22.177-0600] {logging_mixin.py:190} INFO - [2024-12-10T17:06:22.177-0600] {dag.py:4180} INFO - Setting next_dagrun for example_sensors to None, run_after=None
[2024-12-10T17:06:22.214-0600] {processor.py:208} INFO - Processing /root/airflow_env/lib/python3.12/site-packages/airflow/example_dags/example_sensors.py took 0.191 seconds
[2024-12-10T17:07:17.098-0600] {processor.py:186} INFO - Started process (PID=1254) to work on /root/airflow_env/lib/python3.12/site-packages/airflow/example_dags/example_sensors.py
[2024-12-10T17:07:17.100-0600] {processor.py:914} INFO - Processing file /root/airflow_env/lib/python3.12/site-packages/airflow/example_dags/example_sensors.py for tasks to queue
[2024-12-10T17:07:17.103-0600] {logging_mixin.py:190} INFO - [2024-12-10T17:07:17.102-0600] {dagbag.py:588} INFO - Filling up the DagBag from /root/airflow_env/lib/python3.12/site-packages/airflow/example_dags/example_sensors.py
[2024-12-10T17:07:17.120-0600] {processor.py:925} INFO - DAG(s) 'example_sensors' retrieved from /root/airflow_env/lib/python3.12/site-packages/airflow/example_dags/example_sensors.py
[2024-12-10T17:07:17.148-0600] {logging_mixin.py:190} INFO - [2024-12-10T17:07:17.148-0600] {dag.py:3239} INFO - Sync 1 DAGs
[2024-12-10T17:07:17.163-0600] {logging_mixin.py:190} INFO - [2024-12-10T17:07:17.163-0600] {dag.py:4180} INFO - Setting next_dagrun for example_sensors to None, run_after=None
[2024-12-10T17:07:17.184-0600] {processor.py:208} INFO - Processing /root/airflow_env/lib/python3.12/site-packages/airflow/example_dags/example_sensors.py took 0.093 seconds
[2024-12-10T17:08:07.355-0600] {processor.py:186} INFO - Started process (PID=1319) to work on /root/airflow_env/lib/python3.12/site-packages/airflow/example_dags/example_sensors.py
[2024-12-10T17:08:07.357-0600] {processor.py:914} INFO - Processing file /root/airflow_env/lib/python3.12/site-packages/airflow/example_dags/example_sensors.py for tasks to queue
[2024-12-10T17:08:07.358-0600] {logging_mixin.py:190} INFO - [2024-12-10T17:08:07.358-0600] {dagbag.py:588} INFO - Filling up the DagBag from /root/airflow_env/lib/python3.12/site-packages/airflow/example_dags/example_sensors.py
[2024-12-10T17:08:07.366-0600] {processor.py:925} INFO - DAG(s) 'example_sensors' retrieved from /root/airflow_env/lib/python3.12/site-packages/airflow/example_dags/example_sensors.py
[2024-12-10T17:08:07.381-0600] {logging_mixin.py:190} INFO - [2024-12-10T17:08:07.381-0600] {dag.py:3239} INFO - Sync 1 DAGs
[2024-12-10T17:08:07.390-0600] {logging_mixin.py:190} INFO - [2024-12-10T17:08:07.390-0600] {dag.py:4180} INFO - Setting next_dagrun for example_sensors to None, run_after=None
[2024-12-10T17:08:07.408-0600] {processor.py:208} INFO - Processing /root/airflow_env/lib/python3.12/site-packages/airflow/example_dags/example_sensors.py took 0.057 seconds
[2024-12-10T17:08:57.586-0600] {processor.py:186} INFO - Started process (PID=1415) to work on /root/airflow_env/lib/python3.12/site-packages/airflow/example_dags/example_sensors.py
[2024-12-10T17:08:57.587-0600] {processor.py:914} INFO - Processing file /root/airflow_env/lib/python3.12/site-packages/airflow/example_dags/example_sensors.py for tasks to queue
[2024-12-10T17:08:57.588-0600] {logging_mixin.py:190} INFO - [2024-12-10T17:08:57.588-0600] {dagbag.py:588} INFO - Filling up the DagBag from /root/airflow_env/lib/python3.12/site-packages/airflow/example_dags/example_sensors.py
[2024-12-10T17:08:57.596-0600] {processor.py:925} INFO - DAG(s) 'example_sensors' retrieved from /root/airflow_env/lib/python3.12/site-packages/airflow/example_dags/example_sensors.py
[2024-12-10T17:08:57.614-0600] {logging_mixin.py:190} INFO - [2024-12-10T17:08:57.614-0600] {dag.py:3239} INFO - Sync 1 DAGs
[2024-12-10T17:08:57.627-0600] {logging_mixin.py:190} INFO - [2024-12-10T17:08:57.627-0600] {dag.py:4180} INFO - Setting next_dagrun for example_sensors to None, run_after=None
[2024-12-10T17:08:57.648-0600] {processor.py:208} INFO - Processing /root/airflow_env/lib/python3.12/site-packages/airflow/example_dags/example_sensors.py took 0.067 seconds
[2024-12-10T17:09:48.207-0600] {processor.py:186} INFO - Started process (PID=1478) to work on /root/airflow_env/lib/python3.12/site-packages/airflow/example_dags/example_sensors.py
[2024-12-10T17:09:48.209-0600] {processor.py:914} INFO - Processing file /root/airflow_env/lib/python3.12/site-packages/airflow/example_dags/example_sensors.py for tasks to queue
[2024-12-10T17:09:48.211-0600] {logging_mixin.py:190} INFO - [2024-12-10T17:09:48.210-0600] {dagbag.py:588} INFO - Filling up the DagBag from /root/airflow_env/lib/python3.12/site-packages/airflow/example_dags/example_sensors.py
[2024-12-10T17:09:48.219-0600] {processor.py:925} INFO - DAG(s) 'example_sensors' retrieved from /root/airflow_env/lib/python3.12/site-packages/airflow/example_dags/example_sensors.py
[2024-12-10T17:09:48.233-0600] {logging_mixin.py:190} INFO - [2024-12-10T17:09:48.233-0600] {dag.py:3239} INFO - Sync 1 DAGs
[2024-12-10T17:09:48.240-0600] {logging_mixin.py:190} INFO - [2024-12-10T17:09:48.240-0600] {dag.py:4180} INFO - Setting next_dagrun for example_sensors to None, run_after=None
[2024-12-10T17:09:48.258-0600] {processor.py:208} INFO - Processing /root/airflow_env/lib/python3.12/site-packages/airflow/example_dags/example_sensors.py took 0.055 seconds
[2024-12-10T17:10:41.731-0600] {processor.py:186} INFO - Started process (PID=1544) to work on /root/airflow_env/lib/python3.12/site-packages/airflow/example_dags/example_sensors.py
[2024-12-10T17:10:41.734-0600] {processor.py:914} INFO - Processing file /root/airflow_env/lib/python3.12/site-packages/airflow/example_dags/example_sensors.py for tasks to queue
[2024-12-10T17:10:41.735-0600] {logging_mixin.py:190} INFO - [2024-12-10T17:10:41.735-0600] {dagbag.py:588} INFO - Filling up the DagBag from /root/airflow_env/lib/python3.12/site-packages/airflow/example_dags/example_sensors.py
[2024-12-10T17:10:41.743-0600] {processor.py:925} INFO - DAG(s) 'example_sensors' retrieved from /root/airflow_env/lib/python3.12/site-packages/airflow/example_dags/example_sensors.py
[2024-12-10T17:10:41.757-0600] {logging_mixin.py:190} INFO - [2024-12-10T17:10:41.757-0600] {dag.py:3239} INFO - Sync 1 DAGs
[2024-12-10T17:10:41.765-0600] {logging_mixin.py:190} INFO - [2024-12-10T17:10:41.765-0600] {dag.py:4180} INFO - Setting next_dagrun for example_sensors to None, run_after=None
[2024-12-10T17:10:41.783-0600] {processor.py:208} INFO - Processing /root/airflow_env/lib/python3.12/site-packages/airflow/example_dags/example_sensors.py took 0.056 seconds
[2024-12-10T17:11:30.313-0600] {processor.py:186} INFO - Started process (PID=1604) to work on /root/airflow_env/lib/python3.12/site-packages/airflow/example_dags/example_sensors.py
[2024-12-10T17:11:30.316-0600] {processor.py:914} INFO - Processing file /root/airflow_env/lib/python3.12/site-packages/airflow/example_dags/example_sensors.py for tasks to queue
[2024-12-10T17:11:30.317-0600] {logging_mixin.py:190} INFO - [2024-12-10T17:11:30.317-0600] {dagbag.py:588} INFO - Filling up the DagBag from /root/airflow_env/lib/python3.12/site-packages/airflow/example_dags/example_sensors.py
[2024-12-10T17:11:30.325-0600] {processor.py:925} INFO - DAG(s) 'example_sensors' retrieved from /root/airflow_env/lib/python3.12/site-packages/airflow/example_dags/example_sensors.py
[2024-12-10T17:11:30.340-0600] {logging_mixin.py:190} INFO - [2024-12-10T17:11:30.339-0600] {dag.py:3239} INFO - Sync 1 DAGs
[2024-12-10T17:11:30.348-0600] {logging_mixin.py:190} INFO - [2024-12-10T17:11:30.348-0600] {dag.py:4180} INFO - Setting next_dagrun for example_sensors to None, run_after=None
[2024-12-10T17:11:30.366-0600] {processor.py:208} INFO - Processing /root/airflow_env/lib/python3.12/site-packages/airflow/example_dags/example_sensors.py took 0.057 seconds
[2024-12-10T17:12:21.644-0600] {processor.py:186} INFO - Started process (PID=1663) to work on /root/airflow_env/lib/python3.12/site-packages/airflow/example_dags/example_sensors.py
[2024-12-10T17:12:21.646-0600] {processor.py:914} INFO - Processing file /root/airflow_env/lib/python3.12/site-packages/airflow/example_dags/example_sensors.py for tasks to queue
[2024-12-10T17:12:21.648-0600] {logging_mixin.py:190} INFO - [2024-12-10T17:12:21.647-0600] {dagbag.py:588} INFO - Filling up the DagBag from /root/airflow_env/lib/python3.12/site-packages/airflow/example_dags/example_sensors.py
[2024-12-10T17:12:21.659-0600] {processor.py:925} INFO - DAG(s) 'example_sensors' retrieved from /root/airflow_env/lib/python3.12/site-packages/airflow/example_dags/example_sensors.py
[2024-12-10T17:12:21.675-0600] {logging_mixin.py:190} INFO - [2024-12-10T17:12:21.675-0600] {dag.py:3239} INFO - Sync 1 DAGs
[2024-12-10T17:12:21.683-0600] {logging_mixin.py:190} INFO - [2024-12-10T17:12:21.683-0600] {dag.py:4180} INFO - Setting next_dagrun for example_sensors to None, run_after=None
[2024-12-10T17:12:21.701-0600] {processor.py:208} INFO - Processing /root/airflow_env/lib/python3.12/site-packages/airflow/example_dags/example_sensors.py took 0.060 seconds
[2024-12-10T17:13:13.219-0600] {processor.py:186} INFO - Started process (PID=1718) to work on /root/airflow_env/lib/python3.12/site-packages/airflow/example_dags/example_sensors.py
[2024-12-10T17:13:13.222-0600] {processor.py:914} INFO - Processing file /root/airflow_env/lib/python3.12/site-packages/airflow/example_dags/example_sensors.py for tasks to queue
[2024-12-10T17:13:13.223-0600] {logging_mixin.py:190} INFO - [2024-12-10T17:13:13.223-0600] {dagbag.py:588} INFO - Filling up the DagBag from /root/airflow_env/lib/python3.12/site-packages/airflow/example_dags/example_sensors.py
[2024-12-10T17:13:13.231-0600] {processor.py:925} INFO - DAG(s) 'example_sensors' retrieved from /root/airflow_env/lib/python3.12/site-packages/airflow/example_dags/example_sensors.py
[2024-12-10T17:13:13.245-0600] {logging_mixin.py:190} INFO - [2024-12-10T17:13:13.245-0600] {dag.py:3239} INFO - Sync 1 DAGs
[2024-12-10T17:13:13.253-0600] {logging_mixin.py:190} INFO - [2024-12-10T17:13:13.253-0600] {dag.py:4180} INFO - Setting next_dagrun for example_sensors to None, run_after=None
[2024-12-10T17:13:13.270-0600] {processor.py:208} INFO - Processing /root/airflow_env/lib/python3.12/site-packages/airflow/example_dags/example_sensors.py took 0.054 seconds
[2024-12-10T17:14:03.529-0600] {processor.py:186} INFO - Started process (PID=1775) to work on /root/airflow_env/lib/python3.12/site-packages/airflow/example_dags/example_sensors.py
[2024-12-10T17:14:03.531-0600] {processor.py:914} INFO - Processing file /root/airflow_env/lib/python3.12/site-packages/airflow/example_dags/example_sensors.py for tasks to queue
[2024-12-10T17:14:03.533-0600] {logging_mixin.py:190} INFO - [2024-12-10T17:14:03.532-0600] {dagbag.py:588} INFO - Filling up the DagBag from /root/airflow_env/lib/python3.12/site-packages/airflow/example_dags/example_sensors.py
[2024-12-10T17:14:03.543-0600] {processor.py:925} INFO - DAG(s) 'example_sensors' retrieved from /root/airflow_env/lib/python3.12/site-packages/airflow/example_dags/example_sensors.py
[2024-12-10T17:14:03.569-0600] {logging_mixin.py:190} INFO - [2024-12-10T17:14:03.568-0600] {dag.py:3239} INFO - Sync 1 DAGs
[2024-12-10T17:14:03.578-0600] {logging_mixin.py:190} INFO - [2024-12-10T17:14:03.578-0600] {dag.py:4180} INFO - Setting next_dagrun for example_sensors to None, run_after=None
[2024-12-10T17:14:03.601-0600] {processor.py:208} INFO - Processing /root/airflow_env/lib/python3.12/site-packages/airflow/example_dags/example_sensors.py took 0.076 seconds
[2024-12-10T17:14:56.986-0600] {processor.py:186} INFO - Started process (PID=1841) to work on /root/airflow_env/lib/python3.12/site-packages/airflow/example_dags/example_sensors.py
[2024-12-10T17:14:56.989-0600] {processor.py:914} INFO - Processing file /root/airflow_env/lib/python3.12/site-packages/airflow/example_dags/example_sensors.py for tasks to queue
[2024-12-10T17:14:56.990-0600] {logging_mixin.py:190} INFO - [2024-12-10T17:14:56.990-0600] {dagbag.py:588} INFO - Filling up the DagBag from /root/airflow_env/lib/python3.12/site-packages/airflow/example_dags/example_sensors.py
[2024-12-10T17:14:56.999-0600] {processor.py:925} INFO - DAG(s) 'example_sensors' retrieved from /root/airflow_env/lib/python3.12/site-packages/airflow/example_dags/example_sensors.py
[2024-12-10T17:14:57.013-0600] {logging_mixin.py:190} INFO - [2024-12-10T17:14:57.013-0600] {dag.py:3239} INFO - Sync 1 DAGs
[2024-12-10T17:14:57.022-0600] {logging_mixin.py:190} INFO - [2024-12-10T17:14:57.022-0600] {dag.py:4180} INFO - Setting next_dagrun for example_sensors to None, run_after=None
[2024-12-10T17:14:57.040-0600] {processor.py:208} INFO - Processing /root/airflow_env/lib/python3.12/site-packages/airflow/example_dags/example_sensors.py took 0.058 seconds
[2024-12-10T17:15:49.028-0600] {processor.py:186} INFO - Started process (PID=1901) to work on /root/airflow_env/lib/python3.12/site-packages/airflow/example_dags/example_sensors.py
[2024-12-10T17:15:49.031-0600] {processor.py:914} INFO - Processing file /root/airflow_env/lib/python3.12/site-packages/airflow/example_dags/example_sensors.py for tasks to queue
[2024-12-10T17:15:49.032-0600] {logging_mixin.py:190} INFO - [2024-12-10T17:15:49.032-0600] {dagbag.py:588} INFO - Filling up the DagBag from /root/airflow_env/lib/python3.12/site-packages/airflow/example_dags/example_sensors.py
[2024-12-10T17:15:49.040-0600] {processor.py:925} INFO - DAG(s) 'example_sensors' retrieved from /root/airflow_env/lib/python3.12/site-packages/airflow/example_dags/example_sensors.py
[2024-12-10T17:15:49.053-0600] {logging_mixin.py:190} INFO - [2024-12-10T17:15:49.053-0600] {dag.py:3239} INFO - Sync 1 DAGs
[2024-12-10T17:15:49.061-0600] {logging_mixin.py:190} INFO - [2024-12-10T17:15:49.061-0600] {dag.py:4180} INFO - Setting next_dagrun for example_sensors to None, run_after=None
[2024-12-10T17:15:49.078-0600] {processor.py:208} INFO - Processing /root/airflow_env/lib/python3.12/site-packages/airflow/example_dags/example_sensors.py took 0.054 seconds
[2024-12-10T17:16:39.202-0600] {processor.py:186} INFO - Started process (PID=1964) to work on /root/airflow_env/lib/python3.12/site-packages/airflow/example_dags/example_sensors.py
[2024-12-10T17:16:39.205-0600] {processor.py:914} INFO - Processing file /root/airflow_env/lib/python3.12/site-packages/airflow/example_dags/example_sensors.py for tasks to queue
[2024-12-10T17:16:39.206-0600] {logging_mixin.py:190} INFO - [2024-12-10T17:16:39.206-0600] {dagbag.py:588} INFO - Filling up the DagBag from /root/airflow_env/lib/python3.12/site-packages/airflow/example_dags/example_sensors.py
[2024-12-10T17:16:39.214-0600] {processor.py:925} INFO - DAG(s) 'example_sensors' retrieved from /root/airflow_env/lib/python3.12/site-packages/airflow/example_dags/example_sensors.py
[2024-12-10T17:16:39.229-0600] {logging_mixin.py:190} INFO - [2024-12-10T17:16:39.229-0600] {dag.py:3239} INFO - Sync 1 DAGs
[2024-12-10T17:16:39.237-0600] {logging_mixin.py:190} INFO - [2024-12-10T17:16:39.237-0600] {dag.py:4180} INFO - Setting next_dagrun for example_sensors to None, run_after=None
[2024-12-10T17:16:39.254-0600] {processor.py:208} INFO - Processing /root/airflow_env/lib/python3.12/site-packages/airflow/example_dags/example_sensors.py took 0.056 seconds
[2024-12-10T17:17:32.325-0600] {processor.py:186} INFO - Started process (PID=2025) to work on /root/airflow_env/lib/python3.12/site-packages/airflow/example_dags/example_sensors.py
[2024-12-10T17:17:32.328-0600] {processor.py:914} INFO - Processing file /root/airflow_env/lib/python3.12/site-packages/airflow/example_dags/example_sensors.py for tasks to queue
[2024-12-10T17:17:32.329-0600] {logging_mixin.py:190} INFO - [2024-12-10T17:17:32.329-0600] {dagbag.py:588} INFO - Filling up the DagBag from /root/airflow_env/lib/python3.12/site-packages/airflow/example_dags/example_sensors.py
[2024-12-10T17:17:32.337-0600] {processor.py:925} INFO - DAG(s) 'example_sensors' retrieved from /root/airflow_env/lib/python3.12/site-packages/airflow/example_dags/example_sensors.py
[2024-12-10T17:17:32.351-0600] {logging_mixin.py:190} INFO - [2024-12-10T17:17:32.350-0600] {dag.py:3239} INFO - Sync 1 DAGs
[2024-12-10T17:17:32.358-0600] {logging_mixin.py:190} INFO - [2024-12-10T17:17:32.358-0600] {dag.py:4180} INFO - Setting next_dagrun for example_sensors to None, run_after=None
[2024-12-10T17:17:32.376-0600] {processor.py:208} INFO - Processing /root/airflow_env/lib/python3.12/site-packages/airflow/example_dags/example_sensors.py took 0.055 seconds
[2024-12-10T17:18:23.725-0600] {processor.py:186} INFO - Started process (PID=2080) to work on /root/airflow_env/lib/python3.12/site-packages/airflow/example_dags/example_sensors.py
[2024-12-10T17:18:23.728-0600] {processor.py:914} INFO - Processing file /root/airflow_env/lib/python3.12/site-packages/airflow/example_dags/example_sensors.py for tasks to queue
[2024-12-10T17:18:23.729-0600] {logging_mixin.py:190} INFO - [2024-12-10T17:18:23.729-0600] {dagbag.py:588} INFO - Filling up the DagBag from /root/airflow_env/lib/python3.12/site-packages/airflow/example_dags/example_sensors.py
[2024-12-10T17:18:23.737-0600] {processor.py:925} INFO - DAG(s) 'example_sensors' retrieved from /root/airflow_env/lib/python3.12/site-packages/airflow/example_dags/example_sensors.py
[2024-12-10T17:18:23.751-0600] {logging_mixin.py:190} INFO - [2024-12-10T17:18:23.751-0600] {dag.py:3239} INFO - Sync 1 DAGs
[2024-12-10T17:18:23.759-0600] {logging_mixin.py:190} INFO - [2024-12-10T17:18:23.758-0600] {dag.py:4180} INFO - Setting next_dagrun for example_sensors to None, run_after=None
[2024-12-10T17:18:23.776-0600] {processor.py:208} INFO - Processing /root/airflow_env/lib/python3.12/site-packages/airflow/example_dags/example_sensors.py took 0.055 seconds
[2024-12-10T17:19:17.434-0600] {processor.py:186} INFO - Started process (PID=2139) to work on /root/airflow_env/lib/python3.12/site-packages/airflow/example_dags/example_sensors.py
[2024-12-10T17:19:17.437-0600] {processor.py:914} INFO - Processing file /root/airflow_env/lib/python3.12/site-packages/airflow/example_dags/example_sensors.py for tasks to queue
[2024-12-10T17:19:17.438-0600] {logging_mixin.py:190} INFO - [2024-12-10T17:19:17.438-0600] {dagbag.py:588} INFO - Filling up the DagBag from /root/airflow_env/lib/python3.12/site-packages/airflow/example_dags/example_sensors.py
[2024-12-10T17:19:17.446-0600] {processor.py:925} INFO - DAG(s) 'example_sensors' retrieved from /root/airflow_env/lib/python3.12/site-packages/airflow/example_dags/example_sensors.py
[2024-12-10T17:19:17.460-0600] {logging_mixin.py:190} INFO - [2024-12-10T17:19:17.460-0600] {dag.py:3239} INFO - Sync 1 DAGs
[2024-12-10T17:19:17.468-0600] {logging_mixin.py:190} INFO - [2024-12-10T17:19:17.468-0600] {dag.py:4180} INFO - Setting next_dagrun for example_sensors to None, run_after=None
[2024-12-10T17:19:17.487-0600] {processor.py:208} INFO - Processing /root/airflow_env/lib/python3.12/site-packages/airflow/example_dags/example_sensors.py took 0.056 seconds
[2024-12-10T17:20:09.821-0600] {processor.py:186} INFO - Started process (PID=2196) to work on /root/airflow_env/lib/python3.12/site-packages/airflow/example_dags/example_sensors.py
[2024-12-10T17:20:09.824-0600] {processor.py:914} INFO - Processing file /root/airflow_env/lib/python3.12/site-packages/airflow/example_dags/example_sensors.py for tasks to queue
[2024-12-10T17:20:09.826-0600] {logging_mixin.py:190} INFO - [2024-12-10T17:20:09.825-0600] {dagbag.py:588} INFO - Filling up the DagBag from /root/airflow_env/lib/python3.12/site-packages/airflow/example_dags/example_sensors.py
[2024-12-10T17:20:09.834-0600] {processor.py:925} INFO - DAG(s) 'example_sensors' retrieved from /root/airflow_env/lib/python3.12/site-packages/airflow/example_dags/example_sensors.py
[2024-12-10T17:20:09.847-0600] {logging_mixin.py:190} INFO - [2024-12-10T17:20:09.847-0600] {dag.py:3239} INFO - Sync 1 DAGs
[2024-12-10T17:20:09.856-0600] {logging_mixin.py:190} INFO - [2024-12-10T17:20:09.856-0600] {dag.py:4180} INFO - Setting next_dagrun for example_sensors to None, run_after=None
[2024-12-10T17:20:09.873-0600] {processor.py:208} INFO - Processing /root/airflow_env/lib/python3.12/site-packages/airflow/example_dags/example_sensors.py took 0.056 seconds
[2024-12-10T17:21:01.337-0600] {processor.py:186} INFO - Started process (PID=2252) to work on /root/airflow_env/lib/python3.12/site-packages/airflow/example_dags/example_sensors.py
[2024-12-10T17:21:01.338-0600] {processor.py:914} INFO - Processing file /root/airflow_env/lib/python3.12/site-packages/airflow/example_dags/example_sensors.py for tasks to queue
[2024-12-10T17:21:01.339-0600] {logging_mixin.py:190} INFO - [2024-12-10T17:21:01.339-0600] {dagbag.py:588} INFO - Filling up the DagBag from /root/airflow_env/lib/python3.12/site-packages/airflow/example_dags/example_sensors.py
[2024-12-10T17:21:01.348-0600] {processor.py:925} INFO - DAG(s) 'example_sensors' retrieved from /root/airflow_env/lib/python3.12/site-packages/airflow/example_dags/example_sensors.py
[2024-12-10T17:21:01.361-0600] {logging_mixin.py:190} INFO - [2024-12-10T17:21:01.361-0600] {dag.py:3239} INFO - Sync 1 DAGs
[2024-12-10T17:21:01.370-0600] {logging_mixin.py:190} INFO - [2024-12-10T17:21:01.369-0600] {dag.py:4180} INFO - Setting next_dagrun for example_sensors to None, run_after=None
[2024-12-10T17:21:01.387-0600] {processor.py:208} INFO - Processing /root/airflow_env/lib/python3.12/site-packages/airflow/example_dags/example_sensors.py took 0.053 seconds
[2024-12-10T17:21:54.446-0600] {processor.py:186} INFO - Started process (PID=2312) to work on /root/airflow_env/lib/python3.12/site-packages/airflow/example_dags/example_sensors.py
[2024-12-10T17:21:54.448-0600] {processor.py:914} INFO - Processing file /root/airflow_env/lib/python3.12/site-packages/airflow/example_dags/example_sensors.py for tasks to queue
[2024-12-10T17:21:54.449-0600] {logging_mixin.py:190} INFO - [2024-12-10T17:21:54.449-0600] {dagbag.py:588} INFO - Filling up the DagBag from /root/airflow_env/lib/python3.12/site-packages/airflow/example_dags/example_sensors.py
[2024-12-10T17:21:54.457-0600] {processor.py:925} INFO - DAG(s) 'example_sensors' retrieved from /root/airflow_env/lib/python3.12/site-packages/airflow/example_dags/example_sensors.py
[2024-12-10T17:21:54.471-0600] {logging_mixin.py:190} INFO - [2024-12-10T17:21:54.471-0600] {dag.py:3239} INFO - Sync 1 DAGs
[2024-12-10T17:21:54.479-0600] {logging_mixin.py:190} INFO - [2024-12-10T17:21:54.479-0600] {dag.py:4180} INFO - Setting next_dagrun for example_sensors to None, run_after=None
[2024-12-10T17:21:54.496-0600] {processor.py:208} INFO - Processing /root/airflow_env/lib/python3.12/site-packages/airflow/example_dags/example_sensors.py took 0.055 seconds
[2024-12-10T17:22:48.842-0600] {processor.py:186} INFO - Started process (PID=2369) to work on /root/airflow_env/lib/python3.12/site-packages/airflow/example_dags/example_sensors.py
[2024-12-10T17:22:48.845-0600] {processor.py:914} INFO - Processing file /root/airflow_env/lib/python3.12/site-packages/airflow/example_dags/example_sensors.py for tasks to queue
[2024-12-10T17:22:48.846-0600] {logging_mixin.py:190} INFO - [2024-12-10T17:22:48.846-0600] {dagbag.py:588} INFO - Filling up the DagBag from /root/airflow_env/lib/python3.12/site-packages/airflow/example_dags/example_sensors.py
[2024-12-10T17:22:48.854-0600] {processor.py:925} INFO - DAG(s) 'example_sensors' retrieved from /root/airflow_env/lib/python3.12/site-packages/airflow/example_dags/example_sensors.py
[2024-12-10T17:22:48.868-0600] {logging_mixin.py:190} INFO - [2024-12-10T17:22:48.868-0600] {dag.py:3239} INFO - Sync 1 DAGs
[2024-12-10T17:22:48.876-0600] {logging_mixin.py:190} INFO - [2024-12-10T17:22:48.876-0600] {dag.py:4180} INFO - Setting next_dagrun for example_sensors to None, run_after=None
[2024-12-10T17:22:48.893-0600] {processor.py:208} INFO - Processing /root/airflow_env/lib/python3.12/site-packages/airflow/example_dags/example_sensors.py took 0.055 seconds
[2024-12-10T17:23:45.538-0600] {processor.py:186} INFO - Started process (PID=2429) to work on /root/airflow_env/lib/python3.12/site-packages/airflow/example_dags/example_sensors.py
[2024-12-10T17:23:45.541-0600] {processor.py:914} INFO - Processing file /root/airflow_env/lib/python3.12/site-packages/airflow/example_dags/example_sensors.py for tasks to queue
[2024-12-10T17:23:45.542-0600] {logging_mixin.py:190} INFO - [2024-12-10T17:23:45.542-0600] {dagbag.py:588} INFO - Filling up the DagBag from /root/airflow_env/lib/python3.12/site-packages/airflow/example_dags/example_sensors.py
[2024-12-10T17:23:45.550-0600] {processor.py:925} INFO - DAG(s) 'example_sensors' retrieved from /root/airflow_env/lib/python3.12/site-packages/airflow/example_dags/example_sensors.py
[2024-12-10T17:23:45.564-0600] {logging_mixin.py:190} INFO - [2024-12-10T17:23:45.564-0600] {dag.py:3239} INFO - Sync 1 DAGs
[2024-12-10T17:23:45.572-0600] {logging_mixin.py:190} INFO - [2024-12-10T17:23:45.572-0600] {dag.py:4180} INFO - Setting next_dagrun for example_sensors to None, run_after=None
[2024-12-10T17:23:45.588-0600] {processor.py:208} INFO - Processing /root/airflow_env/lib/python3.12/site-packages/airflow/example_dags/example_sensors.py took 0.054 seconds
[2024-12-10T17:24:36.106-0600] {processor.py:186} INFO - Started process (PID=2488) to work on /root/airflow_env/lib/python3.12/site-packages/airflow/example_dags/example_sensors.py
[2024-12-10T17:24:36.109-0600] {processor.py:914} INFO - Processing file /root/airflow_env/lib/python3.12/site-packages/airflow/example_dags/example_sensors.py for tasks to queue
[2024-12-10T17:24:36.111-0600] {logging_mixin.py:190} INFO - [2024-12-10T17:24:36.110-0600] {dagbag.py:588} INFO - Filling up the DagBag from /root/airflow_env/lib/python3.12/site-packages/airflow/example_dags/example_sensors.py
[2024-12-10T17:24:36.119-0600] {processor.py:925} INFO - DAG(s) 'example_sensors' retrieved from /root/airflow_env/lib/python3.12/site-packages/airflow/example_dags/example_sensors.py
[2024-12-10T17:24:36.132-0600] {logging_mixin.py:190} INFO - [2024-12-10T17:24:36.132-0600] {dag.py:3239} INFO - Sync 1 DAGs
[2024-12-10T17:24:36.140-0600] {logging_mixin.py:190} INFO - [2024-12-10T17:24:36.140-0600] {dag.py:4180} INFO - Setting next_dagrun for example_sensors to None, run_after=None
[2024-12-10T17:24:36.158-0600] {processor.py:208} INFO - Processing /root/airflow_env/lib/python3.12/site-packages/airflow/example_dags/example_sensors.py took 0.055 seconds
[2024-12-10T17:25:28.091-0600] {processor.py:186} INFO - Started process (PID=2550) to work on /root/airflow_env/lib/python3.12/site-packages/airflow/example_dags/example_sensors.py
[2024-12-10T17:25:28.093-0600] {processor.py:914} INFO - Processing file /root/airflow_env/lib/python3.12/site-packages/airflow/example_dags/example_sensors.py for tasks to queue
[2024-12-10T17:25:28.095-0600] {logging_mixin.py:190} INFO - [2024-12-10T17:25:28.095-0600] {dagbag.py:588} INFO - Filling up the DagBag from /root/airflow_env/lib/python3.12/site-packages/airflow/example_dags/example_sensors.py
[2024-12-10T17:25:28.103-0600] {processor.py:925} INFO - DAG(s) 'example_sensors' retrieved from /root/airflow_env/lib/python3.12/site-packages/airflow/example_dags/example_sensors.py
[2024-12-10T17:25:28.117-0600] {logging_mixin.py:190} INFO - [2024-12-10T17:25:28.117-0600] {dag.py:3239} INFO - Sync 1 DAGs
[2024-12-10T17:25:28.124-0600] {logging_mixin.py:190} INFO - [2024-12-10T17:25:28.124-0600] {dag.py:4180} INFO - Setting next_dagrun for example_sensors to None, run_after=None
[2024-12-10T17:25:28.141-0600] {processor.py:208} INFO - Processing /root/airflow_env/lib/python3.12/site-packages/airflow/example_dags/example_sensors.py took 0.054 seconds
[2024-12-10T17:26:21.830-0600] {processor.py:186} INFO - Started process (PID=2608) to work on /root/airflow_env/lib/python3.12/site-packages/airflow/example_dags/example_sensors.py
[2024-12-10T17:26:21.832-0600] {processor.py:914} INFO - Processing file /root/airflow_env/lib/python3.12/site-packages/airflow/example_dags/example_sensors.py for tasks to queue
[2024-12-10T17:26:21.833-0600] {logging_mixin.py:190} INFO - [2024-12-10T17:26:21.833-0600] {dagbag.py:588} INFO - Filling up the DagBag from /root/airflow_env/lib/python3.12/site-packages/airflow/example_dags/example_sensors.py
[2024-12-10T17:26:21.841-0600] {processor.py:925} INFO - DAG(s) 'example_sensors' retrieved from /root/airflow_env/lib/python3.12/site-packages/airflow/example_dags/example_sensors.py
[2024-12-10T17:26:21.856-0600] {logging_mixin.py:190} INFO - [2024-12-10T17:26:21.856-0600] {dag.py:3239} INFO - Sync 1 DAGs
[2024-12-10T17:26:21.864-0600] {logging_mixin.py:190} INFO - [2024-12-10T17:26:21.864-0600] {dag.py:4180} INFO - Setting next_dagrun for example_sensors to None, run_after=None
[2024-12-10T17:26:21.882-0600] {processor.py:208} INFO - Processing /root/airflow_env/lib/python3.12/site-packages/airflow/example_dags/example_sensors.py took 0.056 seconds
[2024-12-10T17:27:16.536-0600] {processor.py:186} INFO - Started process (PID=2668) to work on /root/airflow_env/lib/python3.12/site-packages/airflow/example_dags/example_sensors.py
[2024-12-10T17:27:16.538-0600] {processor.py:914} INFO - Processing file /root/airflow_env/lib/python3.12/site-packages/airflow/example_dags/example_sensors.py for tasks to queue
[2024-12-10T17:27:16.539-0600] {logging_mixin.py:190} INFO - [2024-12-10T17:27:16.539-0600] {dagbag.py:588} INFO - Filling up the DagBag from /root/airflow_env/lib/python3.12/site-packages/airflow/example_dags/example_sensors.py
[2024-12-10T17:27:16.547-0600] {processor.py:925} INFO - DAG(s) 'example_sensors' retrieved from /root/airflow_env/lib/python3.12/site-packages/airflow/example_dags/example_sensors.py
[2024-12-10T17:27:16.561-0600] {logging_mixin.py:190} INFO - [2024-12-10T17:27:16.561-0600] {dag.py:3239} INFO - Sync 1 DAGs
[2024-12-10T17:27:16.569-0600] {logging_mixin.py:190} INFO - [2024-12-10T17:27:16.569-0600] {dag.py:4180} INFO - Setting next_dagrun for example_sensors to None, run_after=None
[2024-12-10T17:27:16.586-0600] {processor.py:208} INFO - Processing /root/airflow_env/lib/python3.12/site-packages/airflow/example_dags/example_sensors.py took 0.054 seconds
[2024-12-10T17:28:06.917-0600] {processor.py:186} INFO - Started process (PID=2724) to work on /root/airflow_env/lib/python3.12/site-packages/airflow/example_dags/example_sensors.py
[2024-12-10T17:28:06.919-0600] {processor.py:914} INFO - Processing file /root/airflow_env/lib/python3.12/site-packages/airflow/example_dags/example_sensors.py for tasks to queue
[2024-12-10T17:28:06.922-0600] {logging_mixin.py:190} INFO - [2024-12-10T17:28:06.921-0600] {dagbag.py:588} INFO - Filling up the DagBag from /root/airflow_env/lib/python3.12/site-packages/airflow/example_dags/example_sensors.py
[2024-12-10T17:28:06.930-0600] {processor.py:925} INFO - DAG(s) 'example_sensors' retrieved from /root/airflow_env/lib/python3.12/site-packages/airflow/example_dags/example_sensors.py
[2024-12-10T17:28:06.944-0600] {logging_mixin.py:190} INFO - [2024-12-10T17:28:06.944-0600] {dag.py:3239} INFO - Sync 1 DAGs
[2024-12-10T17:28:06.953-0600] {logging_mixin.py:190} INFO - [2024-12-10T17:28:06.953-0600] {dag.py:4180} INFO - Setting next_dagrun for example_sensors to None, run_after=None
[2024-12-10T17:28:06.972-0600] {processor.py:208} INFO - Processing /root/airflow_env/lib/python3.12/site-packages/airflow/example_dags/example_sensors.py took 0.059 seconds
[2024-12-10T17:29:00.878-0600] {processor.py:186} INFO - Started process (PID=2781) to work on /root/airflow_env/lib/python3.12/site-packages/airflow/example_dags/example_sensors.py
[2024-12-10T17:29:00.881-0600] {processor.py:914} INFO - Processing file /root/airflow_env/lib/python3.12/site-packages/airflow/example_dags/example_sensors.py for tasks to queue
[2024-12-10T17:29:00.882-0600] {logging_mixin.py:190} INFO - [2024-12-10T17:29:00.882-0600] {dagbag.py:588} INFO - Filling up the DagBag from /root/airflow_env/lib/python3.12/site-packages/airflow/example_dags/example_sensors.py
[2024-12-10T17:29:00.890-0600] {processor.py:925} INFO - DAG(s) 'example_sensors' retrieved from /root/airflow_env/lib/python3.12/site-packages/airflow/example_dags/example_sensors.py
[2024-12-10T17:29:00.904-0600] {logging_mixin.py:190} INFO - [2024-12-10T17:29:00.904-0600] {dag.py:3239} INFO - Sync 1 DAGs
[2024-12-10T17:29:00.914-0600] {logging_mixin.py:190} INFO - [2024-12-10T17:29:00.914-0600] {dag.py:4180} INFO - Setting next_dagrun for example_sensors to None, run_after=None
[2024-12-10T17:29:00.931-0600] {processor.py:208} INFO - Processing /root/airflow_env/lib/python3.12/site-packages/airflow/example_dags/example_sensors.py took 0.057 seconds
[2024-12-10T17:29:52.701-0600] {processor.py:186} INFO - Started process (PID=2840) to work on /root/airflow_env/lib/python3.12/site-packages/airflow/example_dags/example_sensors.py
[2024-12-10T17:29:52.704-0600] {processor.py:914} INFO - Processing file /root/airflow_env/lib/python3.12/site-packages/airflow/example_dags/example_sensors.py for tasks to queue
[2024-12-10T17:29:52.705-0600] {logging_mixin.py:190} INFO - [2024-12-10T17:29:52.705-0600] {dagbag.py:588} INFO - Filling up the DagBag from /root/airflow_env/lib/python3.12/site-packages/airflow/example_dags/example_sensors.py
[2024-12-10T17:29:52.714-0600] {processor.py:925} INFO - DAG(s) 'example_sensors' retrieved from /root/airflow_env/lib/python3.12/site-packages/airflow/example_dags/example_sensors.py
[2024-12-10T17:29:52.728-0600] {logging_mixin.py:190} INFO - [2024-12-10T17:29:52.728-0600] {dag.py:3239} INFO - Sync 1 DAGs
[2024-12-10T17:29:52.735-0600] {logging_mixin.py:190} INFO - [2024-12-10T17:29:52.735-0600] {dag.py:4180} INFO - Setting next_dagrun for example_sensors to None, run_after=None
[2024-12-10T17:29:52.752-0600] {processor.py:208} INFO - Processing /root/airflow_env/lib/python3.12/site-packages/airflow/example_dags/example_sensors.py took 0.055 seconds
[2024-12-10T17:30:43.246-0600] {processor.py:186} INFO - Started process (PID=2901) to work on /root/airflow_env/lib/python3.12/site-packages/airflow/example_dags/example_sensors.py
[2024-12-10T17:30:43.248-0600] {processor.py:914} INFO - Processing file /root/airflow_env/lib/python3.12/site-packages/airflow/example_dags/example_sensors.py for tasks to queue
[2024-12-10T17:30:43.250-0600] {logging_mixin.py:190} INFO - [2024-12-10T17:30:43.250-0600] {dagbag.py:588} INFO - Filling up the DagBag from /root/airflow_env/lib/python3.12/site-packages/airflow/example_dags/example_sensors.py
[2024-12-10T17:30:43.257-0600] {processor.py:925} INFO - DAG(s) 'example_sensors' retrieved from /root/airflow_env/lib/python3.12/site-packages/airflow/example_dags/example_sensors.py
[2024-12-10T17:30:43.271-0600] {logging_mixin.py:190} INFO - [2024-12-10T17:30:43.271-0600] {dag.py:3239} INFO - Sync 1 DAGs
[2024-12-10T17:30:43.279-0600] {logging_mixin.py:190} INFO - [2024-12-10T17:30:43.278-0600] {dag.py:4180} INFO - Setting next_dagrun for example_sensors to None, run_after=None
[2024-12-10T17:30:43.297-0600] {processor.py:208} INFO - Processing /root/airflow_env/lib/python3.12/site-packages/airflow/example_dags/example_sensors.py took 0.055 seconds
[2024-12-10T17:31:33.812-0600] {processor.py:186} INFO - Started process (PID=2957) to work on /root/airflow_env/lib/python3.12/site-packages/airflow/example_dags/example_sensors.py
[2024-12-10T17:31:33.814-0600] {processor.py:914} INFO - Processing file /root/airflow_env/lib/python3.12/site-packages/airflow/example_dags/example_sensors.py for tasks to queue
[2024-12-10T17:31:33.816-0600] {logging_mixin.py:190} INFO - [2024-12-10T17:31:33.815-0600] {dagbag.py:588} INFO - Filling up the DagBag from /root/airflow_env/lib/python3.12/site-packages/airflow/example_dags/example_sensors.py
[2024-12-10T17:31:33.823-0600] {processor.py:925} INFO - DAG(s) 'example_sensors' retrieved from /root/airflow_env/lib/python3.12/site-packages/airflow/example_dags/example_sensors.py
[2024-12-10T17:31:33.837-0600] {logging_mixin.py:190} INFO - [2024-12-10T17:31:33.837-0600] {dag.py:3239} INFO - Sync 1 DAGs
[2024-12-10T17:31:33.845-0600] {logging_mixin.py:190} INFO - [2024-12-10T17:31:33.845-0600] {dag.py:4180} INFO - Setting next_dagrun for example_sensors to None, run_after=None
[2024-12-10T17:31:33.862-0600] {processor.py:208} INFO - Processing /root/airflow_env/lib/python3.12/site-packages/airflow/example_dags/example_sensors.py took 0.054 seconds
[2024-12-10T17:32:28.186-0600] {processor.py:186} INFO - Started process (PID=3015) to work on /root/airflow_env/lib/python3.12/site-packages/airflow/example_dags/example_sensors.py
[2024-12-10T17:32:28.188-0600] {processor.py:914} INFO - Processing file /root/airflow_env/lib/python3.12/site-packages/airflow/example_dags/example_sensors.py for tasks to queue
[2024-12-10T17:32:28.189-0600] {logging_mixin.py:190} INFO - [2024-12-10T17:32:28.189-0600] {dagbag.py:588} INFO - Filling up the DagBag from /root/airflow_env/lib/python3.12/site-packages/airflow/example_dags/example_sensors.py
[2024-12-10T17:32:28.197-0600] {processor.py:925} INFO - DAG(s) 'example_sensors' retrieved from /root/airflow_env/lib/python3.12/site-packages/airflow/example_dags/example_sensors.py
[2024-12-10T17:32:28.212-0600] {logging_mixin.py:190} INFO - [2024-12-10T17:32:28.211-0600] {dag.py:3239} INFO - Sync 1 DAGs
[2024-12-10T17:32:28.220-0600] {logging_mixin.py:190} INFO - [2024-12-10T17:32:28.219-0600] {dag.py:4180} INFO - Setting next_dagrun for example_sensors to None, run_after=None
[2024-12-10T17:32:28.237-0600] {processor.py:208} INFO - Processing /root/airflow_env/lib/python3.12/site-packages/airflow/example_dags/example_sensors.py took 0.055 seconds
[2024-12-10T17:33:22.062-0600] {processor.py:186} INFO - Started process (PID=3074) to work on /root/airflow_env/lib/python3.12/site-packages/airflow/example_dags/example_sensors.py
[2024-12-10T17:33:22.063-0600] {processor.py:914} INFO - Processing file /root/airflow_env/lib/python3.12/site-packages/airflow/example_dags/example_sensors.py for tasks to queue
[2024-12-10T17:33:22.064-0600] {logging_mixin.py:190} INFO - [2024-12-10T17:33:22.064-0600] {dagbag.py:588} INFO - Filling up the DagBag from /root/airflow_env/lib/python3.12/site-packages/airflow/example_dags/example_sensors.py
[2024-12-10T17:33:22.072-0600] {processor.py:925} INFO - DAG(s) 'example_sensors' retrieved from /root/airflow_env/lib/python3.12/site-packages/airflow/example_dags/example_sensors.py
[2024-12-10T17:33:22.087-0600] {logging_mixin.py:190} INFO - [2024-12-10T17:33:22.087-0600] {dag.py:3239} INFO - Sync 1 DAGs
[2024-12-10T17:33:22.095-0600] {logging_mixin.py:190} INFO - [2024-12-10T17:33:22.095-0600] {dag.py:4180} INFO - Setting next_dagrun for example_sensors to None, run_after=None
[2024-12-10T17:33:22.114-0600] {processor.py:208} INFO - Processing /root/airflow_env/lib/python3.12/site-packages/airflow/example_dags/example_sensors.py took 0.056 seconds
[2024-12-10T17:34:14.958-0600] {processor.py:186} INFO - Started process (PID=3239) to work on /root/airflow_env/lib/python3.12/site-packages/airflow/example_dags/example_sensors.py
[2024-12-10T17:34:14.961-0600] {processor.py:914} INFO - Processing file /root/airflow_env/lib/python3.12/site-packages/airflow/example_dags/example_sensors.py for tasks to queue
[2024-12-10T17:34:14.962-0600] {logging_mixin.py:190} INFO - [2024-12-10T17:34:14.962-0600] {dagbag.py:588} INFO - Filling up the DagBag from /root/airflow_env/lib/python3.12/site-packages/airflow/example_dags/example_sensors.py
[2024-12-10T17:34:14.971-0600] {processor.py:925} INFO - DAG(s) 'example_sensors' retrieved from /root/airflow_env/lib/python3.12/site-packages/airflow/example_dags/example_sensors.py
[2024-12-10T17:34:14.985-0600] {logging_mixin.py:190} INFO - [2024-12-10T17:34:14.985-0600] {dag.py:3239} INFO - Sync 1 DAGs
[2024-12-10T17:34:14.993-0600] {logging_mixin.py:190} INFO - [2024-12-10T17:34:14.993-0600] {dag.py:4180} INFO - Setting next_dagrun for example_sensors to None, run_after=None
[2024-12-10T17:34:15.012-0600] {processor.py:208} INFO - Processing /root/airflow_env/lib/python3.12/site-packages/airflow/example_dags/example_sensors.py took 0.058 seconds
[2024-12-10T17:35:06.370-0600] {processor.py:186} INFO - Started process (PID=3298) to work on /root/airflow_env/lib/python3.12/site-packages/airflow/example_dags/example_sensors.py
[2024-12-10T17:35:06.372-0600] {processor.py:914} INFO - Processing file /root/airflow_env/lib/python3.12/site-packages/airflow/example_dags/example_sensors.py for tasks to queue
[2024-12-10T17:35:06.373-0600] {logging_mixin.py:190} INFO - [2024-12-10T17:35:06.373-0600] {dagbag.py:588} INFO - Filling up the DagBag from /root/airflow_env/lib/python3.12/site-packages/airflow/example_dags/example_sensors.py
[2024-12-10T17:35:06.381-0600] {processor.py:925} INFO - DAG(s) 'example_sensors' retrieved from /root/airflow_env/lib/python3.12/site-packages/airflow/example_dags/example_sensors.py
[2024-12-10T17:35:06.395-0600] {logging_mixin.py:190} INFO - [2024-12-10T17:35:06.394-0600] {dag.py:3239} INFO - Sync 1 DAGs
[2024-12-10T17:35:06.402-0600] {logging_mixin.py:190} INFO - [2024-12-10T17:35:06.402-0600] {dag.py:4180} INFO - Setting next_dagrun for example_sensors to None, run_after=None
[2024-12-10T17:35:06.418-0600] {processor.py:208} INFO - Processing /root/airflow_env/lib/python3.12/site-packages/airflow/example_dags/example_sensors.py took 0.052 seconds
[2024-12-10T17:35:57.820-0600] {processor.py:186} INFO - Started process (PID=3356) to work on /root/airflow_env/lib/python3.12/site-packages/airflow/example_dags/example_sensors.py
[2024-12-10T17:35:57.822-0600] {processor.py:914} INFO - Processing file /root/airflow_env/lib/python3.12/site-packages/airflow/example_dags/example_sensors.py for tasks to queue
[2024-12-10T17:35:57.824-0600] {logging_mixin.py:190} INFO - [2024-12-10T17:35:57.823-0600] {dagbag.py:588} INFO - Filling up the DagBag from /root/airflow_env/lib/python3.12/site-packages/airflow/example_dags/example_sensors.py
[2024-12-10T17:35:57.832-0600] {processor.py:925} INFO - DAG(s) 'example_sensors' retrieved from /root/airflow_env/lib/python3.12/site-packages/airflow/example_dags/example_sensors.py
[2024-12-10T17:35:57.847-0600] {logging_mixin.py:190} INFO - [2024-12-10T17:35:57.847-0600] {dag.py:3239} INFO - Sync 1 DAGs
[2024-12-10T17:35:57.855-0600] {logging_mixin.py:190} INFO - [2024-12-10T17:35:57.855-0600] {dag.py:4180} INFO - Setting next_dagrun for example_sensors to None, run_after=None
[2024-12-10T17:35:57.875-0600] {processor.py:208} INFO - Processing /root/airflow_env/lib/python3.12/site-packages/airflow/example_dags/example_sensors.py took 0.059 seconds
[2024-12-10T17:36:48.830-0600] {processor.py:186} INFO - Started process (PID=3411) to work on /root/airflow_env/lib/python3.12/site-packages/airflow/example_dags/example_sensors.py
[2024-12-10T17:36:48.833-0600] {processor.py:914} INFO - Processing file /root/airflow_env/lib/python3.12/site-packages/airflow/example_dags/example_sensors.py for tasks to queue
[2024-12-10T17:36:48.834-0600] {logging_mixin.py:190} INFO - [2024-12-10T17:36:48.834-0600] {dagbag.py:588} INFO - Filling up the DagBag from /root/airflow_env/lib/python3.12/site-packages/airflow/example_dags/example_sensors.py
[2024-12-10T17:36:48.842-0600] {processor.py:925} INFO - DAG(s) 'example_sensors' retrieved from /root/airflow_env/lib/python3.12/site-packages/airflow/example_dags/example_sensors.py
[2024-12-10T17:36:48.860-0600] {logging_mixin.py:190} INFO - [2024-12-10T17:36:48.859-0600] {dag.py:3239} INFO - Sync 1 DAGs
[2024-12-10T17:36:48.869-0600] {logging_mixin.py:190} INFO - [2024-12-10T17:36:48.868-0600] {dag.py:4180} INFO - Setting next_dagrun for example_sensors to None, run_after=None
[2024-12-10T17:36:48.886-0600] {processor.py:208} INFO - Processing /root/airflow_env/lib/python3.12/site-packages/airflow/example_dags/example_sensors.py took 0.060 seconds
[2024-12-10T17:37:39.505-0600] {processor.py:186} INFO - Started process (PID=3467) to work on /root/airflow_env/lib/python3.12/site-packages/airflow/example_dags/example_sensors.py
[2024-12-10T17:37:39.508-0600] {processor.py:914} INFO - Processing file /root/airflow_env/lib/python3.12/site-packages/airflow/example_dags/example_sensors.py for tasks to queue
[2024-12-10T17:37:39.509-0600] {logging_mixin.py:190} INFO - [2024-12-10T17:37:39.509-0600] {dagbag.py:588} INFO - Filling up the DagBag from /root/airflow_env/lib/python3.12/site-packages/airflow/example_dags/example_sensors.py
[2024-12-10T17:37:39.516-0600] {processor.py:925} INFO - DAG(s) 'example_sensors' retrieved from /root/airflow_env/lib/python3.12/site-packages/airflow/example_dags/example_sensors.py
[2024-12-10T17:37:39.530-0600] {logging_mixin.py:190} INFO - [2024-12-10T17:37:39.530-0600] {dag.py:3239} INFO - Sync 1 DAGs
[2024-12-10T17:37:39.538-0600] {logging_mixin.py:190} INFO - [2024-12-10T17:37:39.537-0600] {dag.py:4180} INFO - Setting next_dagrun for example_sensors to None, run_after=None
[2024-12-10T17:37:39.555-0600] {processor.py:208} INFO - Processing /root/airflow_env/lib/python3.12/site-packages/airflow/example_dags/example_sensors.py took 0.054 seconds
[2024-12-10T17:38:29.422-0600] {processor.py:186} INFO - Started process (PID=3523) to work on /root/airflow_env/lib/python3.12/site-packages/airflow/example_dags/example_sensors.py
[2024-12-10T17:38:29.424-0600] {processor.py:914} INFO - Processing file /root/airflow_env/lib/python3.12/site-packages/airflow/example_dags/example_sensors.py for tasks to queue
[2024-12-10T17:38:29.426-0600] {logging_mixin.py:190} INFO - [2024-12-10T17:38:29.426-0600] {dagbag.py:588} INFO - Filling up the DagBag from /root/airflow_env/lib/python3.12/site-packages/airflow/example_dags/example_sensors.py
[2024-12-10T17:38:29.434-0600] {processor.py:925} INFO - DAG(s) 'example_sensors' retrieved from /root/airflow_env/lib/python3.12/site-packages/airflow/example_dags/example_sensors.py
[2024-12-10T17:38:29.449-0600] {logging_mixin.py:190} INFO - [2024-12-10T17:38:29.448-0600] {dag.py:3239} INFO - Sync 1 DAGs
[2024-12-10T17:38:29.457-0600] {logging_mixin.py:190} INFO - [2024-12-10T17:38:29.457-0600] {dag.py:4180} INFO - Setting next_dagrun for example_sensors to None, run_after=None
[2024-12-10T17:38:29.474-0600] {processor.py:208} INFO - Processing /root/airflow_env/lib/python3.12/site-packages/airflow/example_dags/example_sensors.py took 0.056 seconds
[2024-12-10T17:39:21.663-0600] {processor.py:186} INFO - Started process (PID=3580) to work on /root/airflow_env/lib/python3.12/site-packages/airflow/example_dags/example_sensors.py
[2024-12-10T17:39:21.665-0600] {processor.py:914} INFO - Processing file /root/airflow_env/lib/python3.12/site-packages/airflow/example_dags/example_sensors.py for tasks to queue
[2024-12-10T17:39:21.667-0600] {logging_mixin.py:190} INFO - [2024-12-10T17:39:21.667-0600] {dagbag.py:588} INFO - Filling up the DagBag from /root/airflow_env/lib/python3.12/site-packages/airflow/example_dags/example_sensors.py
[2024-12-10T17:39:21.675-0600] {processor.py:925} INFO - DAG(s) 'example_sensors' retrieved from /root/airflow_env/lib/python3.12/site-packages/airflow/example_dags/example_sensors.py
[2024-12-10T17:39:21.688-0600] {logging_mixin.py:190} INFO - [2024-12-10T17:39:21.688-0600] {dag.py:3239} INFO - Sync 1 DAGs
[2024-12-10T17:39:21.697-0600] {logging_mixin.py:190} INFO - [2024-12-10T17:39:21.696-0600] {dag.py:4180} INFO - Setting next_dagrun for example_sensors to None, run_after=None
[2024-12-10T17:39:21.713-0600] {processor.py:208} INFO - Processing /root/airflow_env/lib/python3.12/site-packages/airflow/example_dags/example_sensors.py took 0.054 seconds
[2024-12-10T17:40:15.306-0600] {processor.py:186} INFO - Started process (PID=3645) to work on /root/airflow_env/lib/python3.12/site-packages/airflow/example_dags/example_sensors.py
[2024-12-10T17:40:15.309-0600] {processor.py:914} INFO - Processing file /root/airflow_env/lib/python3.12/site-packages/airflow/example_dags/example_sensors.py for tasks to queue
[2024-12-10T17:40:15.311-0600] {logging_mixin.py:190} INFO - [2024-12-10T17:40:15.311-0600] {dagbag.py:588} INFO - Filling up the DagBag from /root/airflow_env/lib/python3.12/site-packages/airflow/example_dags/example_sensors.py
[2024-12-10T17:40:15.323-0600] {processor.py:925} INFO - DAG(s) 'example_sensors' retrieved from /root/airflow_env/lib/python3.12/site-packages/airflow/example_dags/example_sensors.py
[2024-12-10T17:40:15.344-0600] {logging_mixin.py:190} INFO - [2024-12-10T17:40:15.344-0600] {dag.py:3239} INFO - Sync 1 DAGs
[2024-12-10T17:40:15.353-0600] {logging_mixin.py:190} INFO - [2024-12-10T17:40:15.353-0600] {dag.py:4180} INFO - Setting next_dagrun for example_sensors to None, run_after=None
[2024-12-10T17:40:15.369-0600] {processor.py:208} INFO - Processing /root/airflow_env/lib/python3.12/site-packages/airflow/example_dags/example_sensors.py took 0.066 seconds
[2024-12-10T17:41:11.176-0600] {processor.py:186} INFO - Started process (PID=3704) to work on /root/airflow_env/lib/python3.12/site-packages/airflow/example_dags/example_sensors.py
[2024-12-10T17:41:11.178-0600] {processor.py:914} INFO - Processing file /root/airflow_env/lib/python3.12/site-packages/airflow/example_dags/example_sensors.py for tasks to queue
[2024-12-10T17:41:11.180-0600] {logging_mixin.py:190} INFO - [2024-12-10T17:41:11.179-0600] {dagbag.py:588} INFO - Filling up the DagBag from /root/airflow_env/lib/python3.12/site-packages/airflow/example_dags/example_sensors.py
[2024-12-10T17:41:11.188-0600] {processor.py:925} INFO - DAG(s) 'example_sensors' retrieved from /root/airflow_env/lib/python3.12/site-packages/airflow/example_dags/example_sensors.py
[2024-12-10T17:41:11.201-0600] {logging_mixin.py:190} INFO - [2024-12-10T17:41:11.201-0600] {dag.py:3239} INFO - Sync 1 DAGs
[2024-12-10T17:41:11.209-0600] {logging_mixin.py:190} INFO - [2024-12-10T17:41:11.209-0600] {dag.py:4180} INFO - Setting next_dagrun for example_sensors to None, run_after=None
[2024-12-10T17:41:11.227-0600] {processor.py:208} INFO - Processing /root/airflow_env/lib/python3.12/site-packages/airflow/example_dags/example_sensors.py took 0.055 seconds
[2024-12-10T17:42:03.332-0600] {processor.py:186} INFO - Started process (PID=3763) to work on /root/airflow_env/lib/python3.12/site-packages/airflow/example_dags/example_sensors.py
[2024-12-10T17:42:03.334-0600] {processor.py:914} INFO - Processing file /root/airflow_env/lib/python3.12/site-packages/airflow/example_dags/example_sensors.py for tasks to queue
[2024-12-10T17:42:03.335-0600] {logging_mixin.py:190} INFO - [2024-12-10T17:42:03.335-0600] {dagbag.py:588} INFO - Filling up the DagBag from /root/airflow_env/lib/python3.12/site-packages/airflow/example_dags/example_sensors.py
[2024-12-10T17:42:03.343-0600] {processor.py:925} INFO - DAG(s) 'example_sensors' retrieved from /root/airflow_env/lib/python3.12/site-packages/airflow/example_dags/example_sensors.py
[2024-12-10T17:42:03.357-0600] {logging_mixin.py:190} INFO - [2024-12-10T17:42:03.357-0600] {dag.py:3239} INFO - Sync 1 DAGs
[2024-12-10T17:42:03.365-0600] {logging_mixin.py:190} INFO - [2024-12-10T17:42:03.365-0600] {dag.py:4180} INFO - Setting next_dagrun for example_sensors to None, run_after=None
[2024-12-10T17:42:03.381-0600] {processor.py:208} INFO - Processing /root/airflow_env/lib/python3.12/site-packages/airflow/example_dags/example_sensors.py took 0.054 seconds
[2024-12-10T17:42:56.004-0600] {processor.py:186} INFO - Started process (PID=3837) to work on /root/airflow_env/lib/python3.12/site-packages/airflow/example_dags/example_sensors.py
[2024-12-10T17:42:56.005-0600] {processor.py:914} INFO - Processing file /root/airflow_env/lib/python3.12/site-packages/airflow/example_dags/example_sensors.py for tasks to queue
[2024-12-10T17:42:56.008-0600] {logging_mixin.py:190} INFO - [2024-12-10T17:42:56.007-0600] {dagbag.py:588} INFO - Filling up the DagBag from /root/airflow_env/lib/python3.12/site-packages/airflow/example_dags/example_sensors.py
[2024-12-10T17:42:56.020-0600] {processor.py:925} INFO - DAG(s) 'example_sensors' retrieved from /root/airflow_env/lib/python3.12/site-packages/airflow/example_dags/example_sensors.py
[2024-12-10T17:42:56.040-0600] {logging_mixin.py:190} INFO - [2024-12-10T17:42:56.039-0600] {dag.py:3239} INFO - Sync 1 DAGs
[2024-12-10T17:42:56.051-0600] {logging_mixin.py:190} INFO - [2024-12-10T17:42:56.050-0600] {dag.py:4180} INFO - Setting next_dagrun for example_sensors to None, run_after=None
[2024-12-10T17:42:56.181-0600] {processor.py:208} INFO - Processing /root/airflow_env/lib/python3.12/site-packages/airflow/example_dags/example_sensors.py took 0.183 seconds
[2024-12-10T17:43:49.033-0600] {processor.py:186} INFO - Started process (PID=3895) to work on /root/airflow_env/lib/python3.12/site-packages/airflow/example_dags/example_sensors.py
[2024-12-10T17:43:49.036-0600] {processor.py:914} INFO - Processing file /root/airflow_env/lib/python3.12/site-packages/airflow/example_dags/example_sensors.py for tasks to queue
[2024-12-10T17:43:49.038-0600] {logging_mixin.py:190} INFO - [2024-12-10T17:43:49.038-0600] {dagbag.py:588} INFO - Filling up the DagBag from /root/airflow_env/lib/python3.12/site-packages/airflow/example_dags/example_sensors.py
[2024-12-10T17:43:49.052-0600] {processor.py:925} INFO - DAG(s) 'example_sensors' retrieved from /root/airflow_env/lib/python3.12/site-packages/airflow/example_dags/example_sensors.py
[2024-12-10T17:43:49.069-0600] {logging_mixin.py:190} INFO - [2024-12-10T17:43:49.069-0600] {dag.py:3239} INFO - Sync 1 DAGs
[2024-12-10T17:43:49.079-0600] {logging_mixin.py:190} INFO - [2024-12-10T17:43:49.078-0600] {dag.py:4180} INFO - Setting next_dagrun for example_sensors to None, run_after=None
[2024-12-10T17:43:49.103-0600] {processor.py:208} INFO - Processing /root/airflow_env/lib/python3.12/site-packages/airflow/example_dags/example_sensors.py took 0.075 seconds
[2024-12-10T17:44:39.504-0600] {processor.py:186} INFO - Started process (PID=3951) to work on /root/airflow_env/lib/python3.12/site-packages/airflow/example_dags/example_sensors.py
[2024-12-10T17:44:39.506-0600] {processor.py:914} INFO - Processing file /root/airflow_env/lib/python3.12/site-packages/airflow/example_dags/example_sensors.py for tasks to queue
[2024-12-10T17:44:39.508-0600] {logging_mixin.py:190} INFO - [2024-12-10T17:44:39.508-0600] {dagbag.py:588} INFO - Filling up the DagBag from /root/airflow_env/lib/python3.12/site-packages/airflow/example_dags/example_sensors.py
[2024-12-10T17:44:39.517-0600] {processor.py:925} INFO - DAG(s) 'example_sensors' retrieved from /root/airflow_env/lib/python3.12/site-packages/airflow/example_dags/example_sensors.py
[2024-12-10T17:44:39.532-0600] {logging_mixin.py:190} INFO - [2024-12-10T17:44:39.532-0600] {dag.py:3239} INFO - Sync 1 DAGs
[2024-12-10T17:44:39.540-0600] {logging_mixin.py:190} INFO - [2024-12-10T17:44:39.540-0600] {dag.py:4180} INFO - Setting next_dagrun for example_sensors to None, run_after=None
[2024-12-10T17:44:39.557-0600] {processor.py:208} INFO - Processing /root/airflow_env/lib/python3.12/site-packages/airflow/example_dags/example_sensors.py took 0.058 seconds
[2024-12-10T17:45:34.010-0600] {processor.py:186} INFO - Started process (PID=4012) to work on /root/airflow_env/lib/python3.12/site-packages/airflow/example_dags/example_sensors.py
[2024-12-10T17:45:34.013-0600] {processor.py:914} INFO - Processing file /root/airflow_env/lib/python3.12/site-packages/airflow/example_dags/example_sensors.py for tasks to queue
[2024-12-10T17:45:34.015-0600] {logging_mixin.py:190} INFO - [2024-12-10T17:45:34.014-0600] {dagbag.py:588} INFO - Filling up the DagBag from /root/airflow_env/lib/python3.12/site-packages/airflow/example_dags/example_sensors.py
[2024-12-10T17:45:34.022-0600] {processor.py:925} INFO - DAG(s) 'example_sensors' retrieved from /root/airflow_env/lib/python3.12/site-packages/airflow/example_dags/example_sensors.py
[2024-12-10T17:45:34.036-0600] {logging_mixin.py:190} INFO - [2024-12-10T17:45:34.036-0600] {dag.py:3239} INFO - Sync 1 DAGs
[2024-12-10T17:45:34.130-0600] {logging_mixin.py:190} INFO - [2024-12-10T17:45:34.130-0600] {dag.py:4180} INFO - Setting next_dagrun for example_sensors to None, run_after=None
[2024-12-10T17:45:34.146-0600] {processor.py:208} INFO - Processing /root/airflow_env/lib/python3.12/site-packages/airflow/example_dags/example_sensors.py took 0.140 seconds
[2024-12-10T17:46:31.297-0600] {processor.py:186} INFO - Started process (PID=4072) to work on /root/airflow_env/lib/python3.12/site-packages/airflow/example_dags/example_sensors.py
[2024-12-10T17:46:31.298-0600] {processor.py:914} INFO - Processing file /root/airflow_env/lib/python3.12/site-packages/airflow/example_dags/example_sensors.py for tasks to queue
[2024-12-10T17:46:31.302-0600] {logging_mixin.py:190} INFO - [2024-12-10T17:46:31.302-0600] {dagbag.py:588} INFO - Filling up the DagBag from /root/airflow_env/lib/python3.12/site-packages/airflow/example_dags/example_sensors.py
[2024-12-10T17:46:31.317-0600] {processor.py:925} INFO - DAG(s) 'example_sensors' retrieved from /root/airflow_env/lib/python3.12/site-packages/airflow/example_dags/example_sensors.py
[2024-12-10T17:46:31.334-0600] {logging_mixin.py:190} INFO - [2024-12-10T17:46:31.334-0600] {dag.py:3239} INFO - Sync 1 DAGs
[2024-12-10T17:46:31.346-0600] {logging_mixin.py:190} INFO - [2024-12-10T17:46:31.346-0600] {dag.py:4180} INFO - Setting next_dagrun for example_sensors to None, run_after=None
[2024-12-10T17:46:31.373-0600] {processor.py:208} INFO - Processing /root/airflow_env/lib/python3.12/site-packages/airflow/example_dags/example_sensors.py took 0.081 seconds
[2024-12-10T17:47:31.127-0600] {processor.py:186} INFO - Started process (PID=4134) to work on /root/airflow_env/lib/python3.12/site-packages/airflow/example_dags/example_sensors.py
[2024-12-10T17:47:31.129-0600] {processor.py:914} INFO - Processing file /root/airflow_env/lib/python3.12/site-packages/airflow/example_dags/example_sensors.py for tasks to queue
[2024-12-10T17:47:31.131-0600] {logging_mixin.py:190} INFO - [2024-12-10T17:47:31.130-0600] {dagbag.py:588} INFO - Filling up the DagBag from /root/airflow_env/lib/python3.12/site-packages/airflow/example_dags/example_sensors.py
[2024-12-10T17:47:31.138-0600] {processor.py:925} INFO - DAG(s) 'example_sensors' retrieved from /root/airflow_env/lib/python3.12/site-packages/airflow/example_dags/example_sensors.py
[2024-12-10T17:47:31.152-0600] {logging_mixin.py:190} INFO - [2024-12-10T17:47:31.152-0600] {dag.py:3239} INFO - Sync 1 DAGs
[2024-12-10T17:47:31.160-0600] {logging_mixin.py:190} INFO - [2024-12-10T17:47:31.160-0600] {dag.py:4180} INFO - Setting next_dagrun for example_sensors to None, run_after=None
[2024-12-10T17:47:31.176-0600] {processor.py:208} INFO - Processing /root/airflow_env/lib/python3.12/site-packages/airflow/example_dags/example_sensors.py took 0.053 seconds
[2024-12-10T17:48:26.944-0600] {processor.py:186} INFO - Started process (PID=4194) to work on /root/airflow_env/lib/python3.12/site-packages/airflow/example_dags/example_sensors.py
[2024-12-10T17:48:26.946-0600] {processor.py:914} INFO - Processing file /root/airflow_env/lib/python3.12/site-packages/airflow/example_dags/example_sensors.py for tasks to queue
[2024-12-10T17:48:26.947-0600] {logging_mixin.py:190} INFO - [2024-12-10T17:48:26.947-0600] {dagbag.py:588} INFO - Filling up the DagBag from /root/airflow_env/lib/python3.12/site-packages/airflow/example_dags/example_sensors.py
[2024-12-10T17:48:26.955-0600] {processor.py:925} INFO - DAG(s) 'example_sensors' retrieved from /root/airflow_env/lib/python3.12/site-packages/airflow/example_dags/example_sensors.py
[2024-12-10T17:48:26.969-0600] {logging_mixin.py:190} INFO - [2024-12-10T17:48:26.969-0600] {dag.py:3239} INFO - Sync 1 DAGs
[2024-12-10T17:48:26.977-0600] {logging_mixin.py:190} INFO - [2024-12-10T17:48:26.977-0600] {dag.py:4180} INFO - Setting next_dagrun for example_sensors to None, run_after=None
[2024-12-10T17:48:26.994-0600] {processor.py:208} INFO - Processing /root/airflow_env/lib/python3.12/site-packages/airflow/example_dags/example_sensors.py took 0.055 seconds
[2024-12-10T17:49:22.750-0600] {processor.py:186} INFO - Started process (PID=4252) to work on /root/airflow_env/lib/python3.12/site-packages/airflow/example_dags/example_sensors.py
[2024-12-10T17:49:22.752-0600] {processor.py:914} INFO - Processing file /root/airflow_env/lib/python3.12/site-packages/airflow/example_dags/example_sensors.py for tasks to queue
[2024-12-10T17:49:22.753-0600] {logging_mixin.py:190} INFO - [2024-12-10T17:49:22.753-0600] {dagbag.py:588} INFO - Filling up the DagBag from /root/airflow_env/lib/python3.12/site-packages/airflow/example_dags/example_sensors.py
[2024-12-10T17:49:22.761-0600] {processor.py:925} INFO - DAG(s) 'example_sensors' retrieved from /root/airflow_env/lib/python3.12/site-packages/airflow/example_dags/example_sensors.py
[2024-12-10T17:49:22.860-0600] {logging_mixin.py:190} INFO - [2024-12-10T17:49:22.860-0600] {dag.py:3239} INFO - Sync 1 DAGs
[2024-12-10T17:49:22.867-0600] {logging_mixin.py:190} INFO - [2024-12-10T17:49:22.867-0600] {dag.py:4180} INFO - Setting next_dagrun for example_sensors to None, run_after=None
[2024-12-10T17:49:22.884-0600] {processor.py:208} INFO - Processing /root/airflow_env/lib/python3.12/site-packages/airflow/example_dags/example_sensors.py took 0.139 seconds
[2024-12-10T17:50:17.211-0600] {processor.py:186} INFO - Started process (PID=4312) to work on /root/airflow_env/lib/python3.12/site-packages/airflow/example_dags/example_sensors.py
[2024-12-10T17:50:17.214-0600] {processor.py:914} INFO - Processing file /root/airflow_env/lib/python3.12/site-packages/airflow/example_dags/example_sensors.py for tasks to queue
[2024-12-10T17:50:17.215-0600] {logging_mixin.py:190} INFO - [2024-12-10T17:50:17.215-0600] {dagbag.py:588} INFO - Filling up the DagBag from /root/airflow_env/lib/python3.12/site-packages/airflow/example_dags/example_sensors.py
[2024-12-10T17:50:17.223-0600] {processor.py:925} INFO - DAG(s) 'example_sensors' retrieved from /root/airflow_env/lib/python3.12/site-packages/airflow/example_dags/example_sensors.py
[2024-12-10T17:50:17.236-0600] {logging_mixin.py:190} INFO - [2024-12-10T17:50:17.236-0600] {dag.py:3239} INFO - Sync 1 DAGs
[2024-12-10T17:50:17.244-0600] {logging_mixin.py:190} INFO - [2024-12-10T17:50:17.244-0600] {dag.py:4180} INFO - Setting next_dagrun for example_sensors to None, run_after=None
[2024-12-10T17:50:17.261-0600] {processor.py:208} INFO - Processing /root/airflow_env/lib/python3.12/site-packages/airflow/example_dags/example_sensors.py took 0.054 seconds
[2024-12-10T17:52:07.773-0600] {processor.py:186} INFO - Started process (PID=4392) to work on /root/airflow_env/lib/python3.12/site-packages/airflow/example_dags/example_sensors.py
[2024-12-10T17:52:07.774-0600] {processor.py:914} INFO - Processing file /root/airflow_env/lib/python3.12/site-packages/airflow/example_dags/example_sensors.py for tasks to queue
[2024-12-10T17:52:07.776-0600] {logging_mixin.py:190} INFO - [2024-12-10T17:52:07.776-0600] {dagbag.py:588} INFO - Filling up the DagBag from /root/airflow_env/lib/python3.12/site-packages/airflow/example_dags/example_sensors.py
[2024-12-10T17:52:07.786-0600] {processor.py:925} INFO - DAG(s) 'example_sensors' retrieved from /root/airflow_env/lib/python3.12/site-packages/airflow/example_dags/example_sensors.py
[2024-12-10T17:52:07.807-0600] {logging_mixin.py:190} INFO - [2024-12-10T17:52:07.807-0600] {dag.py:3239} INFO - Sync 1 DAGs
[2024-12-10T17:52:07.815-0600] {logging_mixin.py:190} INFO - [2024-12-10T17:52:07.815-0600] {dag.py:4180} INFO - Setting next_dagrun for example_sensors to None, run_after=None
[2024-12-10T17:52:07.834-0600] {processor.py:208} INFO - Processing /root/airflow_env/lib/python3.12/site-packages/airflow/example_dags/example_sensors.py took 0.065 seconds
[2024-12-10T17:53:04.994-0600] {processor.py:186} INFO - Started process (PID=4485) to work on /root/airflow_env/lib/python3.12/site-packages/airflow/example_dags/example_sensors.py
[2024-12-10T17:53:04.996-0600] {processor.py:914} INFO - Processing file /root/airflow_env/lib/python3.12/site-packages/airflow/example_dags/example_sensors.py for tasks to queue
[2024-12-10T17:53:04.998-0600] {logging_mixin.py:190} INFO - [2024-12-10T17:53:04.998-0600] {dagbag.py:588} INFO - Filling up the DagBag from /root/airflow_env/lib/python3.12/site-packages/airflow/example_dags/example_sensors.py
[2024-12-10T17:53:05.005-0600] {processor.py:925} INFO - DAG(s) 'example_sensors' retrieved from /root/airflow_env/lib/python3.12/site-packages/airflow/example_dags/example_sensors.py
[2024-12-10T17:53:05.023-0600] {logging_mixin.py:190} INFO - [2024-12-10T17:53:05.023-0600] {dag.py:3239} INFO - Sync 1 DAGs
[2024-12-10T17:53:05.031-0600] {logging_mixin.py:190} INFO - [2024-12-10T17:53:05.031-0600] {dag.py:4180} INFO - Setting next_dagrun for example_sensors to None, run_after=None
[2024-12-10T17:53:05.049-0600] {processor.py:208} INFO - Processing /root/airflow_env/lib/python3.12/site-packages/airflow/example_dags/example_sensors.py took 0.059 seconds
[2024-12-10T17:55:02.838-0600] {processor.py:186} INFO - Started process (PID=4576) to work on /root/airflow_env/lib/python3.12/site-packages/airflow/example_dags/example_sensors.py
[2024-12-10T17:55:02.841-0600] {processor.py:914} INFO - Processing file /root/airflow_env/lib/python3.12/site-packages/airflow/example_dags/example_sensors.py for tasks to queue
[2024-12-10T17:55:02.842-0600] {logging_mixin.py:190} INFO - [2024-12-10T17:55:02.842-0600] {dagbag.py:588} INFO - Filling up the DagBag from /root/airflow_env/lib/python3.12/site-packages/airflow/example_dags/example_sensors.py
[2024-12-10T17:55:02.850-0600] {processor.py:925} INFO - DAG(s) 'example_sensors' retrieved from /root/airflow_env/lib/python3.12/site-packages/airflow/example_dags/example_sensors.py
[2024-12-10T17:55:02.869-0600] {logging_mixin.py:190} INFO - [2024-12-10T17:55:02.868-0600] {dag.py:3239} INFO - Sync 1 DAGs
[2024-12-10T17:55:02.878-0600] {logging_mixin.py:190} INFO - [2024-12-10T17:55:02.878-0600] {dag.py:4180} INFO - Setting next_dagrun for example_sensors to None, run_after=None
[2024-12-10T17:55:02.895-0600] {processor.py:208} INFO - Processing /root/airflow_env/lib/python3.12/site-packages/airflow/example_dags/example_sensors.py took 0.060 seconds
[2024-12-10T17:56:02.388-0600] {processor.py:186} INFO - Started process (PID=4666) to work on /root/airflow_env/lib/python3.12/site-packages/airflow/example_dags/example_sensors.py
[2024-12-10T17:56:02.390-0600] {processor.py:914} INFO - Processing file /root/airflow_env/lib/python3.12/site-packages/airflow/example_dags/example_sensors.py for tasks to queue
[2024-12-10T17:56:02.392-0600] {logging_mixin.py:190} INFO - [2024-12-10T17:56:02.391-0600] {dagbag.py:588} INFO - Filling up the DagBag from /root/airflow_env/lib/python3.12/site-packages/airflow/example_dags/example_sensors.py
[2024-12-10T17:56:02.399-0600] {processor.py:925} INFO - DAG(s) 'example_sensors' retrieved from /root/airflow_env/lib/python3.12/site-packages/airflow/example_dags/example_sensors.py
[2024-12-10T17:56:02.414-0600] {logging_mixin.py:190} INFO - [2024-12-10T17:56:02.414-0600] {dag.py:3239} INFO - Sync 1 DAGs
[2024-12-10T17:56:02.422-0600] {logging_mixin.py:190} INFO - [2024-12-10T17:56:02.421-0600] {dag.py:4180} INFO - Setting next_dagrun for example_sensors to None, run_after=None
[2024-12-10T17:56:02.440-0600] {processor.py:208} INFO - Processing /root/airflow_env/lib/python3.12/site-packages/airflow/example_dags/example_sensors.py took 0.056 seconds
[2024-12-10T17:56:57.619-0600] {processor.py:186} INFO - Started process (PID=4739) to work on /root/airflow_env/lib/python3.12/site-packages/airflow/example_dags/example_sensors.py
[2024-12-10T17:56:57.621-0600] {processor.py:914} INFO - Processing file /root/airflow_env/lib/python3.12/site-packages/airflow/example_dags/example_sensors.py for tasks to queue
[2024-12-10T17:56:57.623-0600] {logging_mixin.py:190} INFO - [2024-12-10T17:56:57.622-0600] {dagbag.py:588} INFO - Filling up the DagBag from /root/airflow_env/lib/python3.12/site-packages/airflow/example_dags/example_sensors.py
[2024-12-10T17:56:57.631-0600] {processor.py:925} INFO - DAG(s) 'example_sensors' retrieved from /root/airflow_env/lib/python3.12/site-packages/airflow/example_dags/example_sensors.py
[2024-12-10T17:56:57.645-0600] {logging_mixin.py:190} INFO - [2024-12-10T17:56:57.645-0600] {dag.py:3239} INFO - Sync 1 DAGs
[2024-12-10T17:56:57.653-0600] {logging_mixin.py:190} INFO - [2024-12-10T17:56:57.653-0600] {dag.py:4180} INFO - Setting next_dagrun for example_sensors to None, run_after=None
[2024-12-10T17:56:57.670-0600] {processor.py:208} INFO - Processing /root/airflow_env/lib/python3.12/site-packages/airflow/example_dags/example_sensors.py took 0.055 seconds
[2024-12-10T17:57:52.284-0600] {processor.py:186} INFO - Started process (PID=4808) to work on /root/airflow_env/lib/python3.12/site-packages/airflow/example_dags/example_sensors.py
[2024-12-10T17:57:52.287-0600] {processor.py:914} INFO - Processing file /root/airflow_env/lib/python3.12/site-packages/airflow/example_dags/example_sensors.py for tasks to queue
[2024-12-10T17:57:52.288-0600] {logging_mixin.py:190} INFO - [2024-12-10T17:57:52.288-0600] {dagbag.py:588} INFO - Filling up the DagBag from /root/airflow_env/lib/python3.12/site-packages/airflow/example_dags/example_sensors.py
[2024-12-10T17:57:52.296-0600] {processor.py:925} INFO - DAG(s) 'example_sensors' retrieved from /root/airflow_env/lib/python3.12/site-packages/airflow/example_dags/example_sensors.py
[2024-12-10T17:57:52.310-0600] {logging_mixin.py:190} INFO - [2024-12-10T17:57:52.310-0600] {dag.py:3239} INFO - Sync 1 DAGs
[2024-12-10T17:57:52.318-0600] {logging_mixin.py:190} INFO - [2024-12-10T17:57:52.318-0600] {dag.py:4180} INFO - Setting next_dagrun for example_sensors to None, run_after=None
[2024-12-10T17:57:52.335-0600] {processor.py:208} INFO - Processing /root/airflow_env/lib/python3.12/site-packages/airflow/example_dags/example_sensors.py took 0.055 seconds
[2024-12-10T17:59:06.255-0600] {processor.py:186} INFO - Started process (PID=4921) to work on /root/airflow_env/lib/python3.12/site-packages/airflow/example_dags/example_sensors.py
[2024-12-10T17:59:06.256-0600] {processor.py:914} INFO - Processing file /root/airflow_env/lib/python3.12/site-packages/airflow/example_dags/example_sensors.py for tasks to queue
[2024-12-10T17:59:06.258-0600] {logging_mixin.py:190} INFO - [2024-12-10T17:59:06.258-0600] {dagbag.py:588} INFO - Filling up the DagBag from /root/airflow_env/lib/python3.12/site-packages/airflow/example_dags/example_sensors.py
[2024-12-10T17:59:06.266-0600] {processor.py:925} INFO - DAG(s) 'example_sensors' retrieved from /root/airflow_env/lib/python3.12/site-packages/airflow/example_dags/example_sensors.py
[2024-12-10T17:59:06.290-0600] {logging_mixin.py:190} INFO - [2024-12-10T17:59:06.290-0600] {dag.py:3239} INFO - Sync 1 DAGs
[2024-12-10T17:59:06.299-0600] {logging_mixin.py:190} INFO - [2024-12-10T17:59:06.299-0600] {dag.py:4180} INFO - Setting next_dagrun for example_sensors to None, run_after=None
[2024-12-10T17:59:06.323-0600] {processor.py:208} INFO - Processing /root/airflow_env/lib/python3.12/site-packages/airflow/example_dags/example_sensors.py took 0.075 seconds
