[2024-12-10T16:59:43.860-0600] {processor.py:186} INFO - Started process (PID=669) to work on /root/airflow_env/lib/python3.12/site-packages/airflow/example_dags/example_branch_day_of_week_operator.py
[2024-12-10T16:59:43.861-0600] {processor.py:914} INFO - Processing file /root/airflow_env/lib/python3.12/site-packages/airflow/example_dags/example_branch_day_of_week_operator.py for tasks to queue
[2024-12-10T16:59:43.862-0600] {logging_mixin.py:190} INFO - [2024-12-10T16:59:43.862-0600] {dagbag.py:588} INFO - Filling up the DagBag from /root/airflow_env/lib/python3.12/site-packages/airflow/example_dags/example_branch_day_of_week_operator.py
[2024-12-10T16:59:43.869-0600] {processor.py:925} INFO - DAG(s) 'example_weekday_branch_operator' retrieved from /root/airflow_env/lib/python3.12/site-packages/airflow/example_dags/example_branch_day_of_week_operator.py
[2024-12-10T16:59:43.886-0600] {logging_mixin.py:190} INFO - [2024-12-10T16:59:43.886-0600] {dag.py:3239} INFO - Sync 1 DAGs
[2024-12-10T16:59:43.900-0600] {logging_mixin.py:190} INFO - [2024-12-10T16:59:43.900-0600] {dag.py:4180} INFO - Setting next_dagrun for example_weekday_branch_operator to 2024-12-09 00:00:00+00:00, run_after=2024-12-10 00:00:00+00:00
[2024-12-10T16:59:43.918-0600] {processor.py:208} INFO - Processing /root/airflow_env/lib/python3.12/site-packages/airflow/example_dags/example_branch_day_of_week_operator.py took 0.062 seconds
[2024-12-10T17:00:41.052-0600] {processor.py:186} INFO - Started process (PID=739) to work on /root/airflow_env/lib/python3.12/site-packages/airflow/example_dags/example_branch_day_of_week_operator.py
[2024-12-10T17:00:41.053-0600] {processor.py:914} INFO - Processing file /root/airflow_env/lib/python3.12/site-packages/airflow/example_dags/example_branch_day_of_week_operator.py for tasks to queue
[2024-12-10T17:00:41.056-0600] {logging_mixin.py:190} INFO - [2024-12-10T17:00:41.055-0600] {dagbag.py:588} INFO - Filling up the DagBag from /root/airflow_env/lib/python3.12/site-packages/airflow/example_dags/example_branch_day_of_week_operator.py
[2024-12-10T17:00:41.065-0600] {processor.py:925} INFO - DAG(s) 'example_weekday_branch_operator' retrieved from /root/airflow_env/lib/python3.12/site-packages/airflow/example_dags/example_branch_day_of_week_operator.py
[2024-12-10T17:00:41.077-0600] {logging_mixin.py:190} INFO - [2024-12-10T17:00:41.077-0600] {dag.py:3239} INFO - Sync 1 DAGs
[2024-12-10T17:00:41.092-0600] {logging_mixin.py:190} INFO - [2024-12-10T17:00:41.092-0600] {dag.py:4180} INFO - Setting next_dagrun for example_weekday_branch_operator to 2024-12-09 00:00:00+00:00, run_after=2024-12-10 00:00:00+00:00
[2024-12-10T17:00:41.109-0600] {processor.py:208} INFO - Processing /root/airflow_env/lib/python3.12/site-packages/airflow/example_dags/example_branch_day_of_week_operator.py took 0.061 seconds
[2024-12-10T17:01:53.849-0600] {processor.py:186} INFO - Started process (PID=879) to work on /root/airflow_env/lib/python3.12/site-packages/airflow/example_dags/example_branch_day_of_week_operator.py
[2024-12-10T17:01:53.851-0600] {processor.py:914} INFO - Processing file /root/airflow_env/lib/python3.12/site-packages/airflow/example_dags/example_branch_day_of_week_operator.py for tasks to queue
[2024-12-10T17:01:53.853-0600] {logging_mixin.py:190} INFO - [2024-12-10T17:01:53.852-0600] {dagbag.py:588} INFO - Filling up the DagBag from /root/airflow_env/lib/python3.12/site-packages/airflow/example_dags/example_branch_day_of_week_operator.py
[2024-12-10T17:01:53.862-0600] {processor.py:925} INFO - DAG(s) 'example_weekday_branch_operator' retrieved from /root/airflow_env/lib/python3.12/site-packages/airflow/example_dags/example_branch_day_of_week_operator.py
[2024-12-10T17:01:53.877-0600] {logging_mixin.py:190} INFO - [2024-12-10T17:01:53.877-0600] {dag.py:3239} INFO - Sync 1 DAGs
[2024-12-10T17:01:53.898-0600] {logging_mixin.py:190} INFO - [2024-12-10T17:01:53.897-0600] {dag.py:4180} INFO - Setting next_dagrun for example_weekday_branch_operator to 2024-12-09 00:00:00+00:00, run_after=2024-12-10 00:00:00+00:00
[2024-12-10T17:01:53.921-0600] {processor.py:208} INFO - Processing /root/airflow_env/lib/python3.12/site-packages/airflow/example_dags/example_branch_day_of_week_operator.py took 0.077 seconds
[2024-12-10T17:02:41.857-0600] {processor.py:186} INFO - Started process (PID=941) to work on /root/airflow_env/lib/python3.12/site-packages/airflow/example_dags/example_branch_day_of_week_operator.py
[2024-12-10T17:02:41.860-0600] {processor.py:914} INFO - Processing file /root/airflow_env/lib/python3.12/site-packages/airflow/example_dags/example_branch_day_of_week_operator.py for tasks to queue
[2024-12-10T17:02:41.864-0600] {logging_mixin.py:190} INFO - [2024-12-10T17:02:41.863-0600] {dagbag.py:588} INFO - Filling up the DagBag from /root/airflow_env/lib/python3.12/site-packages/airflow/example_dags/example_branch_day_of_week_operator.py
[2024-12-10T17:02:41.890-0600] {processor.py:925} INFO - DAG(s) 'example_weekday_branch_operator' retrieved from /root/airflow_env/lib/python3.12/site-packages/airflow/example_dags/example_branch_day_of_week_operator.py
[2024-12-10T17:02:41.927-0600] {logging_mixin.py:190} INFO - [2024-12-10T17:02:41.926-0600] {dag.py:3239} INFO - Sync 1 DAGs
[2024-12-10T17:02:41.993-0600] {logging_mixin.py:190} INFO - [2024-12-10T17:02:41.992-0600] {dag.py:4180} INFO - Setting next_dagrun for example_weekday_branch_operator to 2024-12-09 00:00:00+00:00, run_after=2024-12-10 00:00:00+00:00
[2024-12-10T17:02:42.058-0600] {processor.py:208} INFO - Processing /root/airflow_env/lib/python3.12/site-packages/airflow/example_dags/example_branch_day_of_week_operator.py took 0.218 seconds
[2024-12-10T17:03:35.731-0600] {processor.py:186} INFO - Started process (PID=1004) to work on /root/airflow_env/lib/python3.12/site-packages/airflow/example_dags/example_branch_day_of_week_operator.py
[2024-12-10T17:03:35.733-0600] {processor.py:914} INFO - Processing file /root/airflow_env/lib/python3.12/site-packages/airflow/example_dags/example_branch_day_of_week_operator.py for tasks to queue
[2024-12-10T17:03:35.734-0600] {logging_mixin.py:190} INFO - [2024-12-10T17:03:35.734-0600] {dagbag.py:588} INFO - Filling up the DagBag from /root/airflow_env/lib/python3.12/site-packages/airflow/example_dags/example_branch_day_of_week_operator.py
[2024-12-10T17:03:35.744-0600] {processor.py:925} INFO - DAG(s) 'example_weekday_branch_operator' retrieved from /root/airflow_env/lib/python3.12/site-packages/airflow/example_dags/example_branch_day_of_week_operator.py
[2024-12-10T17:03:35.756-0600] {logging_mixin.py:190} INFO - [2024-12-10T17:03:35.756-0600] {dag.py:3239} INFO - Sync 1 DAGs
[2024-12-10T17:03:35.774-0600] {logging_mixin.py:190} INFO - [2024-12-10T17:03:35.774-0600] {dag.py:4180} INFO - Setting next_dagrun for example_weekday_branch_operator to 2024-12-09 00:00:00+00:00, run_after=2024-12-10 00:00:00+00:00
[2024-12-10T17:03:35.793-0600] {processor.py:208} INFO - Processing /root/airflow_env/lib/python3.12/site-packages/airflow/example_dags/example_branch_day_of_week_operator.py took 0.066 seconds
[2024-12-10T17:04:29.522-0600] {processor.py:186} INFO - Started process (PID=1062) to work on /root/airflow_env/lib/python3.12/site-packages/airflow/example_dags/example_branch_day_of_week_operator.py
[2024-12-10T17:04:29.524-0600] {processor.py:914} INFO - Processing file /root/airflow_env/lib/python3.12/site-packages/airflow/example_dags/example_branch_day_of_week_operator.py for tasks to queue
[2024-12-10T17:04:29.525-0600] {logging_mixin.py:190} INFO - [2024-12-10T17:04:29.525-0600] {dagbag.py:588} INFO - Filling up the DagBag from /root/airflow_env/lib/python3.12/site-packages/airflow/example_dags/example_branch_day_of_week_operator.py
[2024-12-10T17:04:29.533-0600] {processor.py:925} INFO - DAG(s) 'example_weekday_branch_operator' retrieved from /root/airflow_env/lib/python3.12/site-packages/airflow/example_dags/example_branch_day_of_week_operator.py
[2024-12-10T17:04:29.545-0600] {logging_mixin.py:190} INFO - [2024-12-10T17:04:29.545-0600] {dag.py:3239} INFO - Sync 1 DAGs
[2024-12-10T17:04:29.560-0600] {logging_mixin.py:190} INFO - [2024-12-10T17:04:29.560-0600] {dag.py:4180} INFO - Setting next_dagrun for example_weekday_branch_operator to 2024-12-09 00:00:00+00:00, run_after=2024-12-10 00:00:00+00:00
[2024-12-10T17:04:29.578-0600] {processor.py:208} INFO - Processing /root/airflow_env/lib/python3.12/site-packages/airflow/example_dags/example_branch_day_of_week_operator.py took 0.059 seconds
[2024-12-10T17:05:24.852-0600] {processor.py:186} INFO - Started process (PID=1126) to work on /root/airflow_env/lib/python3.12/site-packages/airflow/example_dags/example_branch_day_of_week_operator.py
[2024-12-10T17:05:24.853-0600] {processor.py:914} INFO - Processing file /root/airflow_env/lib/python3.12/site-packages/airflow/example_dags/example_branch_day_of_week_operator.py for tasks to queue
[2024-12-10T17:05:24.854-0600] {logging_mixin.py:190} INFO - [2024-12-10T17:05:24.854-0600] {dagbag.py:588} INFO - Filling up the DagBag from /root/airflow_env/lib/python3.12/site-packages/airflow/example_dags/example_branch_day_of_week_operator.py
[2024-12-10T17:05:24.862-0600] {processor.py:925} INFO - DAG(s) 'example_weekday_branch_operator' retrieved from /root/airflow_env/lib/python3.12/site-packages/airflow/example_dags/example_branch_day_of_week_operator.py
[2024-12-10T17:05:24.874-0600] {logging_mixin.py:190} INFO - [2024-12-10T17:05:24.874-0600] {dag.py:3239} INFO - Sync 1 DAGs
[2024-12-10T17:05:24.890-0600] {logging_mixin.py:190} INFO - [2024-12-10T17:05:24.890-0600] {dag.py:4180} INFO - Setting next_dagrun for example_weekday_branch_operator to 2024-12-09 00:00:00+00:00, run_after=2024-12-10 00:00:00+00:00
[2024-12-10T17:05:24.906-0600] {processor.py:208} INFO - Processing /root/airflow_env/lib/python3.12/site-packages/airflow/example_dags/example_branch_day_of_week_operator.py took 0.059 seconds
[2024-12-10T17:06:16.354-0600] {processor.py:186} INFO - Started process (PID=1185) to work on /root/airflow_env/lib/python3.12/site-packages/airflow/example_dags/example_branch_day_of_week_operator.py
[2024-12-10T17:06:16.381-0600] {processor.py:914} INFO - Processing file /root/airflow_env/lib/python3.12/site-packages/airflow/example_dags/example_branch_day_of_week_operator.py for tasks to queue
[2024-12-10T17:06:16.383-0600] {logging_mixin.py:190} INFO - [2024-12-10T17:06:16.383-0600] {dagbag.py:588} INFO - Filling up the DagBag from /root/airflow_env/lib/python3.12/site-packages/airflow/example_dags/example_branch_day_of_week_operator.py
[2024-12-10T17:06:16.392-0600] {processor.py:925} INFO - DAG(s) 'example_weekday_branch_operator' retrieved from /root/airflow_env/lib/python3.12/site-packages/airflow/example_dags/example_branch_day_of_week_operator.py
[2024-12-10T17:06:16.404-0600] {logging_mixin.py:190} INFO - [2024-12-10T17:06:16.404-0600] {dag.py:3239} INFO - Sync 1 DAGs
[2024-12-10T17:06:16.418-0600] {logging_mixin.py:190} INFO - [2024-12-10T17:06:16.418-0600] {dag.py:4180} INFO - Setting next_dagrun for example_weekday_branch_operator to 2024-12-09 00:00:00+00:00, run_after=2024-12-10 00:00:00+00:00
[2024-12-10T17:06:16.439-0600] {processor.py:208} INFO - Processing /root/airflow_env/lib/python3.12/site-packages/airflow/example_dags/example_branch_day_of_week_operator.py took 0.090 seconds
[2024-12-10T17:07:11.789-0600] {processor.py:186} INFO - Started process (PID=1249) to work on /root/airflow_env/lib/python3.12/site-packages/airflow/example_dags/example_branch_day_of_week_operator.py
[2024-12-10T17:07:11.792-0600] {processor.py:914} INFO - Processing file /root/airflow_env/lib/python3.12/site-packages/airflow/example_dags/example_branch_day_of_week_operator.py for tasks to queue
[2024-12-10T17:07:11.794-0600] {logging_mixin.py:190} INFO - [2024-12-10T17:07:11.793-0600] {dagbag.py:588} INFO - Filling up the DagBag from /root/airflow_env/lib/python3.12/site-packages/airflow/example_dags/example_branch_day_of_week_operator.py
[2024-12-10T17:07:11.801-0600] {processor.py:925} INFO - DAG(s) 'example_weekday_branch_operator' retrieved from /root/airflow_env/lib/python3.12/site-packages/airflow/example_dags/example_branch_day_of_week_operator.py
[2024-12-10T17:07:11.817-0600] {logging_mixin.py:190} INFO - [2024-12-10T17:07:11.817-0600] {dag.py:3239} INFO - Sync 1 DAGs
[2024-12-10T17:07:11.834-0600] {logging_mixin.py:190} INFO - [2024-12-10T17:07:11.834-0600] {dag.py:4180} INFO - Setting next_dagrun for example_weekday_branch_operator to 2024-12-09 00:00:00+00:00, run_after=2024-12-10 00:00:00+00:00
[2024-12-10T17:07:11.856-0600] {processor.py:208} INFO - Processing /root/airflow_env/lib/python3.12/site-packages/airflow/example_dags/example_branch_day_of_week_operator.py took 0.073 seconds
[2024-12-10T17:08:03.571-0600] {processor.py:186} INFO - Started process (PID=1314) to work on /root/airflow_env/lib/python3.12/site-packages/airflow/example_dags/example_branch_day_of_week_operator.py
[2024-12-10T17:08:03.573-0600] {processor.py:914} INFO - Processing file /root/airflow_env/lib/python3.12/site-packages/airflow/example_dags/example_branch_day_of_week_operator.py for tasks to queue
[2024-12-10T17:08:03.574-0600] {logging_mixin.py:190} INFO - [2024-12-10T17:08:03.574-0600] {dagbag.py:588} INFO - Filling up the DagBag from /root/airflow_env/lib/python3.12/site-packages/airflow/example_dags/example_branch_day_of_week_operator.py
[2024-12-10T17:08:03.586-0600] {processor.py:925} INFO - DAG(s) 'example_weekday_branch_operator' retrieved from /root/airflow_env/lib/python3.12/site-packages/airflow/example_dags/example_branch_day_of_week_operator.py
[2024-12-10T17:08:03.601-0600] {logging_mixin.py:190} INFO - [2024-12-10T17:08:03.601-0600] {dag.py:3239} INFO - Sync 1 DAGs
[2024-12-10T17:08:03.621-0600] {logging_mixin.py:190} INFO - [2024-12-10T17:08:03.620-0600] {dag.py:4180} INFO - Setting next_dagrun for example_weekday_branch_operator to 2024-12-09 00:00:00+00:00, run_after=2024-12-10 00:00:00+00:00
[2024-12-10T17:08:03.643-0600] {processor.py:208} INFO - Processing /root/airflow_env/lib/python3.12/site-packages/airflow/example_dags/example_branch_day_of_week_operator.py took 0.078 seconds
[2024-12-10T17:08:52.487-0600] {processor.py:186} INFO - Started process (PID=1409) to work on /root/airflow_env/lib/python3.12/site-packages/airflow/example_dags/example_branch_day_of_week_operator.py
[2024-12-10T17:08:52.489-0600] {processor.py:914} INFO - Processing file /root/airflow_env/lib/python3.12/site-packages/airflow/example_dags/example_branch_day_of_week_operator.py for tasks to queue
[2024-12-10T17:08:52.491-0600] {logging_mixin.py:190} INFO - [2024-12-10T17:08:52.490-0600] {dagbag.py:588} INFO - Filling up the DagBag from /root/airflow_env/lib/python3.12/site-packages/airflow/example_dags/example_branch_day_of_week_operator.py
[2024-12-10T17:08:52.499-0600] {processor.py:925} INFO - DAG(s) 'example_weekday_branch_operator' retrieved from /root/airflow_env/lib/python3.12/site-packages/airflow/example_dags/example_branch_day_of_week_operator.py
[2024-12-10T17:08:52.511-0600] {logging_mixin.py:190} INFO - [2024-12-10T17:08:52.511-0600] {dag.py:3239} INFO - Sync 1 DAGs
[2024-12-10T17:08:52.525-0600] {logging_mixin.py:190} INFO - [2024-12-10T17:08:52.525-0600] {dag.py:4180} INFO - Setting next_dagrun for example_weekday_branch_operator to 2024-12-09 00:00:00+00:00, run_after=2024-12-10 00:00:00+00:00
[2024-12-10T17:08:52.544-0600] {processor.py:208} INFO - Processing /root/airflow_env/lib/python3.12/site-packages/airflow/example_dags/example_branch_day_of_week_operator.py took 0.061 seconds
[2024-12-10T17:09:44.000-0600] {processor.py:186} INFO - Started process (PID=1473) to work on /root/airflow_env/lib/python3.12/site-packages/airflow/example_dags/example_branch_day_of_week_operator.py
[2024-12-10T17:09:44.001-0600] {processor.py:914} INFO - Processing file /root/airflow_env/lib/python3.12/site-packages/airflow/example_dags/example_branch_day_of_week_operator.py for tasks to queue
[2024-12-10T17:09:44.003-0600] {logging_mixin.py:190} INFO - [2024-12-10T17:09:44.003-0600] {dagbag.py:588} INFO - Filling up the DagBag from /root/airflow_env/lib/python3.12/site-packages/airflow/example_dags/example_branch_day_of_week_operator.py
[2024-12-10T17:09:44.010-0600] {processor.py:925} INFO - DAG(s) 'example_weekday_branch_operator' retrieved from /root/airflow_env/lib/python3.12/site-packages/airflow/example_dags/example_branch_day_of_week_operator.py
[2024-12-10T17:09:44.021-0600] {logging_mixin.py:190} INFO - [2024-12-10T17:09:44.021-0600] {dag.py:3239} INFO - Sync 1 DAGs
[2024-12-10T17:09:44.035-0600] {logging_mixin.py:190} INFO - [2024-12-10T17:09:44.035-0600] {dag.py:4180} INFO - Setting next_dagrun for example_weekday_branch_operator to 2024-12-09 00:00:00+00:00, run_after=2024-12-10 00:00:00+00:00
[2024-12-10T17:09:44.052-0600] {processor.py:208} INFO - Processing /root/airflow_env/lib/python3.12/site-packages/airflow/example_dags/example_branch_day_of_week_operator.py took 0.057 seconds
[2024-12-10T17:10:36.290-0600] {processor.py:186} INFO - Started process (PID=1539) to work on /root/airflow_env/lib/python3.12/site-packages/airflow/example_dags/example_branch_day_of_week_operator.py
[2024-12-10T17:10:36.292-0600] {processor.py:914} INFO - Processing file /root/airflow_env/lib/python3.12/site-packages/airflow/example_dags/example_branch_day_of_week_operator.py for tasks to queue
[2024-12-10T17:10:36.294-0600] {logging_mixin.py:190} INFO - [2024-12-10T17:10:36.293-0600] {dagbag.py:588} INFO - Filling up the DagBag from /root/airflow_env/lib/python3.12/site-packages/airflow/example_dags/example_branch_day_of_week_operator.py
[2024-12-10T17:10:36.302-0600] {processor.py:925} INFO - DAG(s) 'example_weekday_branch_operator' retrieved from /root/airflow_env/lib/python3.12/site-packages/airflow/example_dags/example_branch_day_of_week_operator.py
[2024-12-10T17:10:36.313-0600] {logging_mixin.py:190} INFO - [2024-12-10T17:10:36.313-0600] {dag.py:3239} INFO - Sync 1 DAGs
[2024-12-10T17:10:36.326-0600] {logging_mixin.py:190} INFO - [2024-12-10T17:10:36.326-0600] {dag.py:4180} INFO - Setting next_dagrun for example_weekday_branch_operator to 2024-12-09 00:00:00+00:00, run_after=2024-12-10 00:00:00+00:00
[2024-12-10T17:10:36.342-0600] {processor.py:208} INFO - Processing /root/airflow_env/lib/python3.12/site-packages/airflow/example_dags/example_branch_day_of_week_operator.py took 0.056 seconds
[2024-12-10T17:11:25.176-0600] {processor.py:186} INFO - Started process (PID=1598) to work on /root/airflow_env/lib/python3.12/site-packages/airflow/example_dags/example_branch_day_of_week_operator.py
[2024-12-10T17:11:25.178-0600] {processor.py:914} INFO - Processing file /root/airflow_env/lib/python3.12/site-packages/airflow/example_dags/example_branch_day_of_week_operator.py for tasks to queue
[2024-12-10T17:11:25.179-0600] {logging_mixin.py:190} INFO - [2024-12-10T17:11:25.179-0600] {dagbag.py:588} INFO - Filling up the DagBag from /root/airflow_env/lib/python3.12/site-packages/airflow/example_dags/example_branch_day_of_week_operator.py
[2024-12-10T17:11:25.187-0600] {processor.py:925} INFO - DAG(s) 'example_weekday_branch_operator' retrieved from /root/airflow_env/lib/python3.12/site-packages/airflow/example_dags/example_branch_day_of_week_operator.py
[2024-12-10T17:11:25.198-0600] {logging_mixin.py:190} INFO - [2024-12-10T17:11:25.197-0600] {dag.py:3239} INFO - Sync 1 DAGs
[2024-12-10T17:11:25.211-0600] {logging_mixin.py:190} INFO - [2024-12-10T17:11:25.211-0600] {dag.py:4180} INFO - Setting next_dagrun for example_weekday_branch_operator to 2024-12-09 00:00:00+00:00, run_after=2024-12-10 00:00:00+00:00
[2024-12-10T17:11:25.228-0600] {processor.py:208} INFO - Processing /root/airflow_env/lib/python3.12/site-packages/airflow/example_dags/example_branch_day_of_week_operator.py took 0.056 seconds
[2024-12-10T17:12:16.803-0600] {processor.py:186} INFO - Started process (PID=1658) to work on /root/airflow_env/lib/python3.12/site-packages/airflow/example_dags/example_branch_day_of_week_operator.py
[2024-12-10T17:12:16.806-0600] {processor.py:914} INFO - Processing file /root/airflow_env/lib/python3.12/site-packages/airflow/example_dags/example_branch_day_of_week_operator.py for tasks to queue
[2024-12-10T17:12:16.807-0600] {logging_mixin.py:190} INFO - [2024-12-10T17:12:16.807-0600] {dagbag.py:588} INFO - Filling up the DagBag from /root/airflow_env/lib/python3.12/site-packages/airflow/example_dags/example_branch_day_of_week_operator.py
[2024-12-10T17:12:16.816-0600] {processor.py:925} INFO - DAG(s) 'example_weekday_branch_operator' retrieved from /root/airflow_env/lib/python3.12/site-packages/airflow/example_dags/example_branch_day_of_week_operator.py
[2024-12-10T17:12:16.828-0600] {logging_mixin.py:190} INFO - [2024-12-10T17:12:16.828-0600] {dag.py:3239} INFO - Sync 1 DAGs
[2024-12-10T17:12:16.848-0600] {logging_mixin.py:190} INFO - [2024-12-10T17:12:16.847-0600] {dag.py:4180} INFO - Setting next_dagrun for example_weekday_branch_operator to 2024-12-09 00:00:00+00:00, run_after=2024-12-10 00:00:00+00:00
[2024-12-10T17:12:16.863-0600] {processor.py:208} INFO - Processing /root/airflow_env/lib/python3.12/site-packages/airflow/example_dags/example_branch_day_of_week_operator.py took 0.063 seconds
[2024-12-10T17:13:07.722-0600] {processor.py:186} INFO - Started process (PID=1713) to work on /root/airflow_env/lib/python3.12/site-packages/airflow/example_dags/example_branch_day_of_week_operator.py
[2024-12-10T17:13:07.723-0600] {processor.py:914} INFO - Processing file /root/airflow_env/lib/python3.12/site-packages/airflow/example_dags/example_branch_day_of_week_operator.py for tasks to queue
[2024-12-10T17:13:07.725-0600] {logging_mixin.py:190} INFO - [2024-12-10T17:13:07.725-0600] {dagbag.py:588} INFO - Filling up the DagBag from /root/airflow_env/lib/python3.12/site-packages/airflow/example_dags/example_branch_day_of_week_operator.py
[2024-12-10T17:13:07.732-0600] {processor.py:925} INFO - DAG(s) 'example_weekday_branch_operator' retrieved from /root/airflow_env/lib/python3.12/site-packages/airflow/example_dags/example_branch_day_of_week_operator.py
[2024-12-10T17:13:07.743-0600] {logging_mixin.py:190} INFO - [2024-12-10T17:13:07.743-0600] {dag.py:3239} INFO - Sync 1 DAGs
[2024-12-10T17:13:07.756-0600] {logging_mixin.py:190} INFO - [2024-12-10T17:13:07.756-0600] {dag.py:4180} INFO - Setting next_dagrun for example_weekday_branch_operator to 2024-12-09 00:00:00+00:00, run_after=2024-12-10 00:00:00+00:00
[2024-12-10T17:13:07.772-0600] {processor.py:208} INFO - Processing /root/airflow_env/lib/python3.12/site-packages/airflow/example_dags/example_branch_day_of_week_operator.py took 0.054 seconds
[2024-12-10T17:13:58.163-0600] {processor.py:186} INFO - Started process (PID=1770) to work on /root/airflow_env/lib/python3.12/site-packages/airflow/example_dags/example_branch_day_of_week_operator.py
[2024-12-10T17:13:58.165-0600] {processor.py:914} INFO - Processing file /root/airflow_env/lib/python3.12/site-packages/airflow/example_dags/example_branch_day_of_week_operator.py for tasks to queue
[2024-12-10T17:13:58.167-0600] {logging_mixin.py:190} INFO - [2024-12-10T17:13:58.166-0600] {dagbag.py:588} INFO - Filling up the DagBag from /root/airflow_env/lib/python3.12/site-packages/airflow/example_dags/example_branch_day_of_week_operator.py
[2024-12-10T17:13:58.175-0600] {processor.py:925} INFO - DAG(s) 'example_weekday_branch_operator' retrieved from /root/airflow_env/lib/python3.12/site-packages/airflow/example_dags/example_branch_day_of_week_operator.py
[2024-12-10T17:13:58.189-0600] {logging_mixin.py:190} INFO - [2024-12-10T17:13:58.189-0600] {dag.py:3239} INFO - Sync 1 DAGs
[2024-12-10T17:13:58.208-0600] {logging_mixin.py:190} INFO - [2024-12-10T17:13:58.208-0600] {dag.py:4180} INFO - Setting next_dagrun for example_weekday_branch_operator to 2024-12-09 00:00:00+00:00, run_after=2024-12-10 00:00:00+00:00
[2024-12-10T17:13:58.228-0600] {processor.py:208} INFO - Processing /root/airflow_env/lib/python3.12/site-packages/airflow/example_dags/example_branch_day_of_week_operator.py took 0.070 seconds
[2024-12-10T17:14:51.997-0600] {processor.py:186} INFO - Started process (PID=1835) to work on /root/airflow_env/lib/python3.12/site-packages/airflow/example_dags/example_branch_day_of_week_operator.py
[2024-12-10T17:14:52.000-0600] {processor.py:914} INFO - Processing file /root/airflow_env/lib/python3.12/site-packages/airflow/example_dags/example_branch_day_of_week_operator.py for tasks to queue
[2024-12-10T17:14:52.001-0600] {logging_mixin.py:190} INFO - [2024-12-10T17:14:52.001-0600] {dagbag.py:588} INFO - Filling up the DagBag from /root/airflow_env/lib/python3.12/site-packages/airflow/example_dags/example_branch_day_of_week_operator.py
[2024-12-10T17:14:52.014-0600] {processor.py:925} INFO - DAG(s) 'example_weekday_branch_operator' retrieved from /root/airflow_env/lib/python3.12/site-packages/airflow/example_dags/example_branch_day_of_week_operator.py
[2024-12-10T17:14:52.035-0600] {logging_mixin.py:190} INFO - [2024-12-10T17:14:52.035-0600] {dag.py:3239} INFO - Sync 1 DAGs
[2024-12-10T17:14:52.052-0600] {logging_mixin.py:190} INFO - [2024-12-10T17:14:52.052-0600] {dag.py:4180} INFO - Setting next_dagrun for example_weekday_branch_operator to 2024-12-09 00:00:00+00:00, run_after=2024-12-10 00:00:00+00:00
[2024-12-10T17:14:52.069-0600] {processor.py:208} INFO - Processing /root/airflow_env/lib/python3.12/site-packages/airflow/example_dags/example_branch_day_of_week_operator.py took 0.075 seconds
[2024-12-10T17:15:44.383-0600] {processor.py:186} INFO - Started process (PID=1896) to work on /root/airflow_env/lib/python3.12/site-packages/airflow/example_dags/example_branch_day_of_week_operator.py
[2024-12-10T17:15:44.385-0600] {processor.py:914} INFO - Processing file /root/airflow_env/lib/python3.12/site-packages/airflow/example_dags/example_branch_day_of_week_operator.py for tasks to queue
[2024-12-10T17:15:44.386-0600] {logging_mixin.py:190} INFO - [2024-12-10T17:15:44.386-0600] {dagbag.py:588} INFO - Filling up the DagBag from /root/airflow_env/lib/python3.12/site-packages/airflow/example_dags/example_branch_day_of_week_operator.py
[2024-12-10T17:15:44.393-0600] {processor.py:925} INFO - DAG(s) 'example_weekday_branch_operator' retrieved from /root/airflow_env/lib/python3.12/site-packages/airflow/example_dags/example_branch_day_of_week_operator.py
[2024-12-10T17:15:44.404-0600] {logging_mixin.py:190} INFO - [2024-12-10T17:15:44.403-0600] {dag.py:3239} INFO - Sync 1 DAGs
[2024-12-10T17:15:44.416-0600] {logging_mixin.py:190} INFO - [2024-12-10T17:15:44.416-0600] {dag.py:4180} INFO - Setting next_dagrun for example_weekday_branch_operator to 2024-12-09 00:00:00+00:00, run_after=2024-12-10 00:00:00+00:00
[2024-12-10T17:15:44.432-0600] {processor.py:208} INFO - Processing /root/airflow_env/lib/python3.12/site-packages/airflow/example_dags/example_branch_day_of_week_operator.py took 0.054 seconds
[2024-12-10T17:16:34.061-0600] {processor.py:186} INFO - Started process (PID=1959) to work on /root/airflow_env/lib/python3.12/site-packages/airflow/example_dags/example_branch_day_of_week_operator.py
[2024-12-10T17:16:34.063-0600] {processor.py:914} INFO - Processing file /root/airflow_env/lib/python3.12/site-packages/airflow/example_dags/example_branch_day_of_week_operator.py for tasks to queue
[2024-12-10T17:16:34.065-0600] {logging_mixin.py:190} INFO - [2024-12-10T17:16:34.064-0600] {dagbag.py:588} INFO - Filling up the DagBag from /root/airflow_env/lib/python3.12/site-packages/airflow/example_dags/example_branch_day_of_week_operator.py
[2024-12-10T17:16:34.072-0600] {processor.py:925} INFO - DAG(s) 'example_weekday_branch_operator' retrieved from /root/airflow_env/lib/python3.12/site-packages/airflow/example_dags/example_branch_day_of_week_operator.py
[2024-12-10T17:16:34.085-0600] {logging_mixin.py:190} INFO - [2024-12-10T17:16:34.085-0600] {dag.py:3239} INFO - Sync 1 DAGs
[2024-12-10T17:16:34.102-0600] {logging_mixin.py:190} INFO - [2024-12-10T17:16:34.102-0600] {dag.py:4180} INFO - Setting next_dagrun for example_weekday_branch_operator to 2024-12-09 00:00:00+00:00, run_after=2024-12-10 00:00:00+00:00
[2024-12-10T17:16:34.120-0600] {processor.py:208} INFO - Processing /root/airflow_env/lib/python3.12/site-packages/airflow/example_dags/example_branch_day_of_week_operator.py took 0.064 seconds
[2024-12-10T17:17:28.326-0600] {processor.py:186} INFO - Started process (PID=2020) to work on /root/airflow_env/lib/python3.12/site-packages/airflow/example_dags/example_branch_day_of_week_operator.py
[2024-12-10T17:17:28.329-0600] {processor.py:914} INFO - Processing file /root/airflow_env/lib/python3.12/site-packages/airflow/example_dags/example_branch_day_of_week_operator.py for tasks to queue
[2024-12-10T17:17:28.331-0600] {logging_mixin.py:190} INFO - [2024-12-10T17:17:28.331-0600] {dagbag.py:588} INFO - Filling up the DagBag from /root/airflow_env/lib/python3.12/site-packages/airflow/example_dags/example_branch_day_of_week_operator.py
[2024-12-10T17:17:28.339-0600] {processor.py:925} INFO - DAG(s) 'example_weekday_branch_operator' retrieved from /root/airflow_env/lib/python3.12/site-packages/airflow/example_dags/example_branch_day_of_week_operator.py
[2024-12-10T17:17:28.351-0600] {logging_mixin.py:190} INFO - [2024-12-10T17:17:28.351-0600] {dag.py:3239} INFO - Sync 1 DAGs
[2024-12-10T17:17:28.367-0600] {logging_mixin.py:190} INFO - [2024-12-10T17:17:28.367-0600] {dag.py:4180} INFO - Setting next_dagrun for example_weekday_branch_operator to 2024-12-09 00:00:00+00:00, run_after=2024-12-10 00:00:00+00:00
[2024-12-10T17:17:28.385-0600] {processor.py:208} INFO - Processing /root/airflow_env/lib/python3.12/site-packages/airflow/example_dags/example_branch_day_of_week_operator.py took 0.063 seconds
[2024-12-10T17:18:18.627-0600] {processor.py:186} INFO - Started process (PID=2075) to work on /root/airflow_env/lib/python3.12/site-packages/airflow/example_dags/example_branch_day_of_week_operator.py
[2024-12-10T17:18:18.630-0600] {processor.py:914} INFO - Processing file /root/airflow_env/lib/python3.12/site-packages/airflow/example_dags/example_branch_day_of_week_operator.py for tasks to queue
[2024-12-10T17:18:18.632-0600] {logging_mixin.py:190} INFO - [2024-12-10T17:18:18.631-0600] {dagbag.py:588} INFO - Filling up the DagBag from /root/airflow_env/lib/python3.12/site-packages/airflow/example_dags/example_branch_day_of_week_operator.py
[2024-12-10T17:18:18.638-0600] {processor.py:925} INFO - DAG(s) 'example_weekday_branch_operator' retrieved from /root/airflow_env/lib/python3.12/site-packages/airflow/example_dags/example_branch_day_of_week_operator.py
[2024-12-10T17:18:18.649-0600] {logging_mixin.py:190} INFO - [2024-12-10T17:18:18.649-0600] {dag.py:3239} INFO - Sync 1 DAGs
[2024-12-10T17:18:18.662-0600] {logging_mixin.py:190} INFO - [2024-12-10T17:18:18.662-0600] {dag.py:4180} INFO - Setting next_dagrun for example_weekday_branch_operator to 2024-12-09 00:00:00+00:00, run_after=2024-12-10 00:00:00+00:00
[2024-12-10T17:18:18.680-0600] {processor.py:208} INFO - Processing /root/airflow_env/lib/python3.12/site-packages/airflow/example_dags/example_branch_day_of_week_operator.py took 0.057 seconds
[2024-12-10T17:19:12.130-0600] {processor.py:186} INFO - Started process (PID=2133) to work on /root/airflow_env/lib/python3.12/site-packages/airflow/example_dags/example_branch_day_of_week_operator.py
[2024-12-10T17:19:12.132-0600] {processor.py:914} INFO - Processing file /root/airflow_env/lib/python3.12/site-packages/airflow/example_dags/example_branch_day_of_week_operator.py for tasks to queue
[2024-12-10T17:19:12.133-0600] {logging_mixin.py:190} INFO - [2024-12-10T17:19:12.133-0600] {dagbag.py:588} INFO - Filling up the DagBag from /root/airflow_env/lib/python3.12/site-packages/airflow/example_dags/example_branch_day_of_week_operator.py
[2024-12-10T17:19:12.140-0600] {processor.py:925} INFO - DAG(s) 'example_weekday_branch_operator' retrieved from /root/airflow_env/lib/python3.12/site-packages/airflow/example_dags/example_branch_day_of_week_operator.py
[2024-12-10T17:19:12.151-0600] {logging_mixin.py:190} INFO - [2024-12-10T17:19:12.151-0600] {dag.py:3239} INFO - Sync 1 DAGs
[2024-12-10T17:19:12.165-0600] {logging_mixin.py:190} INFO - [2024-12-10T17:19:12.164-0600] {dag.py:4180} INFO - Setting next_dagrun for example_weekday_branch_operator to 2024-12-09 00:00:00+00:00, run_after=2024-12-10 00:00:00+00:00
[2024-12-10T17:19:12.181-0600] {processor.py:208} INFO - Processing /root/airflow_env/lib/python3.12/site-packages/airflow/example_dags/example_branch_day_of_week_operator.py took 0.055 seconds
[2024-12-10T17:20:05.095-0600] {processor.py:186} INFO - Started process (PID=2191) to work on /root/airflow_env/lib/python3.12/site-packages/airflow/example_dags/example_branch_day_of_week_operator.py
[2024-12-10T17:20:05.098-0600] {processor.py:914} INFO - Processing file /root/airflow_env/lib/python3.12/site-packages/airflow/example_dags/example_branch_day_of_week_operator.py for tasks to queue
[2024-12-10T17:20:05.100-0600] {logging_mixin.py:190} INFO - [2024-12-10T17:20:05.099-0600] {dagbag.py:588} INFO - Filling up the DagBag from /root/airflow_env/lib/python3.12/site-packages/airflow/example_dags/example_branch_day_of_week_operator.py
[2024-12-10T17:20:05.107-0600] {processor.py:925} INFO - DAG(s) 'example_weekday_branch_operator' retrieved from /root/airflow_env/lib/python3.12/site-packages/airflow/example_dags/example_branch_day_of_week_operator.py
[2024-12-10T17:20:05.118-0600] {logging_mixin.py:190} INFO - [2024-12-10T17:20:05.118-0600] {dag.py:3239} INFO - Sync 1 DAGs
[2024-12-10T17:20:05.131-0600] {logging_mixin.py:190} INFO - [2024-12-10T17:20:05.131-0600] {dag.py:4180} INFO - Setting next_dagrun for example_weekday_branch_operator to 2024-12-09 00:00:00+00:00, run_after=2024-12-10 00:00:00+00:00
[2024-12-10T17:20:05.149-0600] {processor.py:208} INFO - Processing /root/airflow_env/lib/python3.12/site-packages/airflow/example_dags/example_branch_day_of_week_operator.py took 0.058 seconds
[2024-12-10T17:20:55.778-0600] {processor.py:186} INFO - Started process (PID=2247) to work on /root/airflow_env/lib/python3.12/site-packages/airflow/example_dags/example_branch_day_of_week_operator.py
[2024-12-10T17:20:55.780-0600] {processor.py:914} INFO - Processing file /root/airflow_env/lib/python3.12/site-packages/airflow/example_dags/example_branch_day_of_week_operator.py for tasks to queue
[2024-12-10T17:20:55.782-0600] {logging_mixin.py:190} INFO - [2024-12-10T17:20:55.782-0600] {dagbag.py:588} INFO - Filling up the DagBag from /root/airflow_env/lib/python3.12/site-packages/airflow/example_dags/example_branch_day_of_week_operator.py
[2024-12-10T17:20:55.789-0600] {processor.py:925} INFO - DAG(s) 'example_weekday_branch_operator' retrieved from /root/airflow_env/lib/python3.12/site-packages/airflow/example_dags/example_branch_day_of_week_operator.py
[2024-12-10T17:20:55.800-0600] {logging_mixin.py:190} INFO - [2024-12-10T17:20:55.800-0600] {dag.py:3239} INFO - Sync 1 DAGs
[2024-12-10T17:20:55.813-0600] {logging_mixin.py:190} INFO - [2024-12-10T17:20:55.813-0600] {dag.py:4180} INFO - Setting next_dagrun for example_weekday_branch_operator to 2024-12-09 00:00:00+00:00, run_after=2024-12-10 00:00:00+00:00
[2024-12-10T17:20:55.831-0600] {processor.py:208} INFO - Processing /root/airflow_env/lib/python3.12/site-packages/airflow/example_dags/example_branch_day_of_week_operator.py took 0.057 seconds
[2024-12-10T17:21:50.449-0600] {processor.py:186} INFO - Started process (PID=2306) to work on /root/airflow_env/lib/python3.12/site-packages/airflow/example_dags/example_branch_day_of_week_operator.py
[2024-12-10T17:21:50.450-0600] {processor.py:914} INFO - Processing file /root/airflow_env/lib/python3.12/site-packages/airflow/example_dags/example_branch_day_of_week_operator.py for tasks to queue
[2024-12-10T17:21:50.452-0600] {logging_mixin.py:190} INFO - [2024-12-10T17:21:50.452-0600] {dagbag.py:588} INFO - Filling up the DagBag from /root/airflow_env/lib/python3.12/site-packages/airflow/example_dags/example_branch_day_of_week_operator.py
[2024-12-10T17:21:50.459-0600] {processor.py:925} INFO - DAG(s) 'example_weekday_branch_operator' retrieved from /root/airflow_env/lib/python3.12/site-packages/airflow/example_dags/example_branch_day_of_week_operator.py
[2024-12-10T17:21:50.470-0600] {logging_mixin.py:190} INFO - [2024-12-10T17:21:50.470-0600] {dag.py:3239} INFO - Sync 1 DAGs
[2024-12-10T17:21:50.483-0600] {logging_mixin.py:190} INFO - [2024-12-10T17:21:50.483-0600] {dag.py:4180} INFO - Setting next_dagrun for example_weekday_branch_operator to 2024-12-09 00:00:00+00:00, run_after=2024-12-10 00:00:00+00:00
[2024-12-10T17:21:50.500-0600] {processor.py:208} INFO - Processing /root/airflow_env/lib/python3.12/site-packages/airflow/example_dags/example_branch_day_of_week_operator.py took 0.054 seconds
[2024-12-10T17:22:43.878-0600] {processor.py:186} INFO - Started process (PID=2364) to work on /root/airflow_env/lib/python3.12/site-packages/airflow/example_dags/example_branch_day_of_week_operator.py
[2024-12-10T17:22:43.881-0600] {processor.py:914} INFO - Processing file /root/airflow_env/lib/python3.12/site-packages/airflow/example_dags/example_branch_day_of_week_operator.py for tasks to queue
[2024-12-10T17:22:43.883-0600] {logging_mixin.py:190} INFO - [2024-12-10T17:22:43.882-0600] {dagbag.py:588} INFO - Filling up the DagBag from /root/airflow_env/lib/python3.12/site-packages/airflow/example_dags/example_branch_day_of_week_operator.py
[2024-12-10T17:22:43.890-0600] {processor.py:925} INFO - DAG(s) 'example_weekday_branch_operator' retrieved from /root/airflow_env/lib/python3.12/site-packages/airflow/example_dags/example_branch_day_of_week_operator.py
[2024-12-10T17:22:43.903-0600] {logging_mixin.py:190} INFO - [2024-12-10T17:22:43.903-0600] {dag.py:3239} INFO - Sync 1 DAGs
[2024-12-10T17:22:43.917-0600] {logging_mixin.py:190} INFO - [2024-12-10T17:22:43.917-0600] {dag.py:4180} INFO - Setting next_dagrun for example_weekday_branch_operator to 2024-12-09 00:00:00+00:00, run_after=2024-12-10 00:00:00+00:00
[2024-12-10T17:22:43.934-0600] {processor.py:208} INFO - Processing /root/airflow_env/lib/python3.12/site-packages/airflow/example_dags/example_branch_day_of_week_operator.py took 0.060 seconds
[2024-12-10T17:23:40.674-0600] {processor.py:186} INFO - Started process (PID=2424) to work on /root/airflow_env/lib/python3.12/site-packages/airflow/example_dags/example_branch_day_of_week_operator.py
[2024-12-10T17:23:40.676-0600] {processor.py:914} INFO - Processing file /root/airflow_env/lib/python3.12/site-packages/airflow/example_dags/example_branch_day_of_week_operator.py for tasks to queue
[2024-12-10T17:23:40.677-0600] {logging_mixin.py:190} INFO - [2024-12-10T17:23:40.677-0600] {dagbag.py:588} INFO - Filling up the DagBag from /root/airflow_env/lib/python3.12/site-packages/airflow/example_dags/example_branch_day_of_week_operator.py
[2024-12-10T17:23:40.686-0600] {processor.py:925} INFO - DAG(s) 'example_weekday_branch_operator' retrieved from /root/airflow_env/lib/python3.12/site-packages/airflow/example_dags/example_branch_day_of_week_operator.py
[2024-12-10T17:23:40.698-0600] {logging_mixin.py:190} INFO - [2024-12-10T17:23:40.698-0600] {dag.py:3239} INFO - Sync 1 DAGs
[2024-12-10T17:23:40.715-0600] {logging_mixin.py:190} INFO - [2024-12-10T17:23:40.715-0600] {dag.py:4180} INFO - Setting next_dagrun for example_weekday_branch_operator to 2024-12-09 00:00:00+00:00, run_after=2024-12-10 00:00:00+00:00
[2024-12-10T17:23:40.737-0600] {processor.py:208} INFO - Processing /root/airflow_env/lib/python3.12/site-packages/airflow/example_dags/example_branch_day_of_week_operator.py took 0.066 seconds
[2024-12-10T17:24:30.957-0600] {processor.py:186} INFO - Started process (PID=2480) to work on /root/airflow_env/lib/python3.12/site-packages/airflow/example_dags/example_branch_day_of_week_operator.py
[2024-12-10T17:24:30.959-0600] {processor.py:914} INFO - Processing file /root/airflow_env/lib/python3.12/site-packages/airflow/example_dags/example_branch_day_of_week_operator.py for tasks to queue
[2024-12-10T17:24:30.961-0600] {logging_mixin.py:190} INFO - [2024-12-10T17:24:30.961-0600] {dagbag.py:588} INFO - Filling up the DagBag from /root/airflow_env/lib/python3.12/site-packages/airflow/example_dags/example_branch_day_of_week_operator.py
[2024-12-10T17:24:30.968-0600] {processor.py:925} INFO - DAG(s) 'example_weekday_branch_operator' retrieved from /root/airflow_env/lib/python3.12/site-packages/airflow/example_dags/example_branch_day_of_week_operator.py
[2024-12-10T17:24:30.979-0600] {logging_mixin.py:190} INFO - [2024-12-10T17:24:30.979-0600] {dag.py:3239} INFO - Sync 1 DAGs
[2024-12-10T17:24:30.993-0600] {logging_mixin.py:190} INFO - [2024-12-10T17:24:30.992-0600] {dag.py:4180} INFO - Setting next_dagrun for example_weekday_branch_operator to 2024-12-09 00:00:00+00:00, run_after=2024-12-10 00:00:00+00:00
[2024-12-10T17:24:31.009-0600] {processor.py:208} INFO - Processing /root/airflow_env/lib/python3.12/site-packages/airflow/example_dags/example_branch_day_of_week_operator.py took 0.056 seconds
[2024-12-10T17:25:23.510-0600] {processor.py:186} INFO - Started process (PID=2545) to work on /root/airflow_env/lib/python3.12/site-packages/airflow/example_dags/example_branch_day_of_week_operator.py
[2024-12-10T17:25:23.513-0600] {processor.py:914} INFO - Processing file /root/airflow_env/lib/python3.12/site-packages/airflow/example_dags/example_branch_day_of_week_operator.py for tasks to queue
[2024-12-10T17:25:23.514-0600] {logging_mixin.py:190} INFO - [2024-12-10T17:25:23.514-0600] {dagbag.py:588} INFO - Filling up the DagBag from /root/airflow_env/lib/python3.12/site-packages/airflow/example_dags/example_branch_day_of_week_operator.py
[2024-12-10T17:25:23.521-0600] {processor.py:925} INFO - DAG(s) 'example_weekday_branch_operator' retrieved from /root/airflow_env/lib/python3.12/site-packages/airflow/example_dags/example_branch_day_of_week_operator.py
[2024-12-10T17:25:23.532-0600] {logging_mixin.py:190} INFO - [2024-12-10T17:25:23.532-0600] {dag.py:3239} INFO - Sync 1 DAGs
[2024-12-10T17:25:23.545-0600] {logging_mixin.py:190} INFO - [2024-12-10T17:25:23.545-0600] {dag.py:4180} INFO - Setting next_dagrun for example_weekday_branch_operator to 2024-12-09 00:00:00+00:00, run_after=2024-12-10 00:00:00+00:00
[2024-12-10T17:25:23.562-0600] {processor.py:208} INFO - Processing /root/airflow_env/lib/python3.12/site-packages/airflow/example_dags/example_branch_day_of_week_operator.py took 0.056 seconds
[2024-12-10T17:26:16.687-0600] {processor.py:186} INFO - Started process (PID=2603) to work on /root/airflow_env/lib/python3.12/site-packages/airflow/example_dags/example_branch_day_of_week_operator.py
[2024-12-10T17:26:16.690-0600] {processor.py:914} INFO - Processing file /root/airflow_env/lib/python3.12/site-packages/airflow/example_dags/example_branch_day_of_week_operator.py for tasks to queue
[2024-12-10T17:26:16.692-0600] {logging_mixin.py:190} INFO - [2024-12-10T17:26:16.691-0600] {dagbag.py:588} INFO - Filling up the DagBag from /root/airflow_env/lib/python3.12/site-packages/airflow/example_dags/example_branch_day_of_week_operator.py
[2024-12-10T17:26:16.699-0600] {processor.py:925} INFO - DAG(s) 'example_weekday_branch_operator' retrieved from /root/airflow_env/lib/python3.12/site-packages/airflow/example_dags/example_branch_day_of_week_operator.py
[2024-12-10T17:26:16.709-0600] {logging_mixin.py:190} INFO - [2024-12-10T17:26:16.709-0600] {dag.py:3239} INFO - Sync 1 DAGs
[2024-12-10T17:26:16.724-0600] {logging_mixin.py:190} INFO - [2024-12-10T17:26:16.723-0600] {dag.py:4180} INFO - Setting next_dagrun for example_weekday_branch_operator to 2024-12-09 00:00:00+00:00, run_after=2024-12-10 00:00:00+00:00
[2024-12-10T17:26:16.741-0600] {processor.py:208} INFO - Processing /root/airflow_env/lib/python3.12/site-packages/airflow/example_dags/example_branch_day_of_week_operator.py took 0.058 seconds
[2024-12-10T17:27:11.598-0600] {processor.py:186} INFO - Started process (PID=2662) to work on /root/airflow_env/lib/python3.12/site-packages/airflow/example_dags/example_branch_day_of_week_operator.py
[2024-12-10T17:27:11.601-0600] {processor.py:914} INFO - Processing file /root/airflow_env/lib/python3.12/site-packages/airflow/example_dags/example_branch_day_of_week_operator.py for tasks to queue
[2024-12-10T17:27:11.603-0600] {logging_mixin.py:190} INFO - [2024-12-10T17:27:11.602-0600] {dagbag.py:588} INFO - Filling up the DagBag from /root/airflow_env/lib/python3.12/site-packages/airflow/example_dags/example_branch_day_of_week_operator.py
[2024-12-10T17:27:11.611-0600] {processor.py:925} INFO - DAG(s) 'example_weekday_branch_operator' retrieved from /root/airflow_env/lib/python3.12/site-packages/airflow/example_dags/example_branch_day_of_week_operator.py
[2024-12-10T17:27:11.624-0600] {logging_mixin.py:190} INFO - [2024-12-10T17:27:11.624-0600] {dag.py:3239} INFO - Sync 1 DAGs
[2024-12-10T17:27:11.639-0600] {logging_mixin.py:190} INFO - [2024-12-10T17:27:11.639-0600] {dag.py:4180} INFO - Setting next_dagrun for example_weekday_branch_operator to 2024-12-09 00:00:00+00:00, run_after=2024-12-10 00:00:00+00:00
[2024-12-10T17:27:11.656-0600] {processor.py:208} INFO - Processing /root/airflow_env/lib/python3.12/site-packages/airflow/example_dags/example_branch_day_of_week_operator.py took 0.062 seconds
[2024-12-10T17:28:01.960-0600] {processor.py:186} INFO - Started process (PID=2719) to work on /root/airflow_env/lib/python3.12/site-packages/airflow/example_dags/example_branch_day_of_week_operator.py
[2024-12-10T17:28:01.962-0600] {processor.py:914} INFO - Processing file /root/airflow_env/lib/python3.12/site-packages/airflow/example_dags/example_branch_day_of_week_operator.py for tasks to queue
[2024-12-10T17:28:01.964-0600] {logging_mixin.py:190} INFO - [2024-12-10T17:28:01.964-0600] {dagbag.py:588} INFO - Filling up the DagBag from /root/airflow_env/lib/python3.12/site-packages/airflow/example_dags/example_branch_day_of_week_operator.py
[2024-12-10T17:28:01.974-0600] {processor.py:925} INFO - DAG(s) 'example_weekday_branch_operator' retrieved from /root/airflow_env/lib/python3.12/site-packages/airflow/example_dags/example_branch_day_of_week_operator.py
[2024-12-10T17:28:01.987-0600] {logging_mixin.py:190} INFO - [2024-12-10T17:28:01.987-0600] {dag.py:3239} INFO - Sync 1 DAGs
[2024-12-10T17:28:02.004-0600] {logging_mixin.py:190} INFO - [2024-12-10T17:28:02.004-0600] {dag.py:4180} INFO - Setting next_dagrun for example_weekday_branch_operator to 2024-12-09 00:00:00+00:00, run_after=2024-12-10 00:00:00+00:00
[2024-12-10T17:28:02.023-0600] {processor.py:208} INFO - Processing /root/airflow_env/lib/python3.12/site-packages/airflow/example_dags/example_branch_day_of_week_operator.py took 0.067 seconds
[2024-12-10T17:28:56.047-0600] {processor.py:186} INFO - Started process (PID=2776) to work on /root/airflow_env/lib/python3.12/site-packages/airflow/example_dags/example_branch_day_of_week_operator.py
[2024-12-10T17:28:56.049-0600] {processor.py:914} INFO - Processing file /root/airflow_env/lib/python3.12/site-packages/airflow/example_dags/example_branch_day_of_week_operator.py for tasks to queue
[2024-12-10T17:28:56.050-0600] {logging_mixin.py:190} INFO - [2024-12-10T17:28:56.050-0600] {dagbag.py:588} INFO - Filling up the DagBag from /root/airflow_env/lib/python3.12/site-packages/airflow/example_dags/example_branch_day_of_week_operator.py
[2024-12-10T17:28:56.058-0600] {processor.py:925} INFO - DAG(s) 'example_weekday_branch_operator' retrieved from /root/airflow_env/lib/python3.12/site-packages/airflow/example_dags/example_branch_day_of_week_operator.py
[2024-12-10T17:28:56.070-0600] {logging_mixin.py:190} INFO - [2024-12-10T17:28:56.070-0600] {dag.py:3239} INFO - Sync 1 DAGs
[2024-12-10T17:28:56.084-0600] {logging_mixin.py:190} INFO - [2024-12-10T17:28:56.084-0600] {dag.py:4180} INFO - Setting next_dagrun for example_weekday_branch_operator to 2024-12-09 00:00:00+00:00, run_after=2024-12-10 00:00:00+00:00
[2024-12-10T17:28:56.101-0600] {processor.py:208} INFO - Processing /root/airflow_env/lib/python3.12/site-packages/airflow/example_dags/example_branch_day_of_week_operator.py took 0.058 seconds
[2024-12-10T17:29:47.604-0600] {processor.py:186} INFO - Started process (PID=2835) to work on /root/airflow_env/lib/python3.12/site-packages/airflow/example_dags/example_branch_day_of_week_operator.py
[2024-12-10T17:29:47.606-0600] {processor.py:914} INFO - Processing file /root/airflow_env/lib/python3.12/site-packages/airflow/example_dags/example_branch_day_of_week_operator.py for tasks to queue
[2024-12-10T17:29:47.608-0600] {logging_mixin.py:190} INFO - [2024-12-10T17:29:47.608-0600] {dagbag.py:588} INFO - Filling up the DagBag from /root/airflow_env/lib/python3.12/site-packages/airflow/example_dags/example_branch_day_of_week_operator.py
[2024-12-10T17:29:47.615-0600] {processor.py:925} INFO - DAG(s) 'example_weekday_branch_operator' retrieved from /root/airflow_env/lib/python3.12/site-packages/airflow/example_dags/example_branch_day_of_week_operator.py
[2024-12-10T17:29:47.626-0600] {logging_mixin.py:190} INFO - [2024-12-10T17:29:47.625-0600] {dag.py:3239} INFO - Sync 1 DAGs
[2024-12-10T17:29:47.639-0600] {logging_mixin.py:190} INFO - [2024-12-10T17:29:47.639-0600] {dag.py:4180} INFO - Setting next_dagrun for example_weekday_branch_operator to 2024-12-09 00:00:00+00:00, run_after=2024-12-10 00:00:00+00:00
[2024-12-10T17:29:47.656-0600] {processor.py:208} INFO - Processing /root/airflow_env/lib/python3.12/site-packages/airflow/example_dags/example_branch_day_of_week_operator.py took 0.056 seconds
[2024-12-10T17:30:38.422-0600] {processor.py:186} INFO - Started process (PID=2896) to work on /root/airflow_env/lib/python3.12/site-packages/airflow/example_dags/example_branch_day_of_week_operator.py
[2024-12-10T17:30:38.424-0600] {processor.py:914} INFO - Processing file /root/airflow_env/lib/python3.12/site-packages/airflow/example_dags/example_branch_day_of_week_operator.py for tasks to queue
[2024-12-10T17:30:38.425-0600] {logging_mixin.py:190} INFO - [2024-12-10T17:30:38.425-0600] {dagbag.py:588} INFO - Filling up the DagBag from /root/airflow_env/lib/python3.12/site-packages/airflow/example_dags/example_branch_day_of_week_operator.py
[2024-12-10T17:30:38.432-0600] {processor.py:925} INFO - DAG(s) 'example_weekday_branch_operator' retrieved from /root/airflow_env/lib/python3.12/site-packages/airflow/example_dags/example_branch_day_of_week_operator.py
[2024-12-10T17:30:38.443-0600] {logging_mixin.py:190} INFO - [2024-12-10T17:30:38.443-0600] {dag.py:3239} INFO - Sync 1 DAGs
[2024-12-10T17:30:38.455-0600] {logging_mixin.py:190} INFO - [2024-12-10T17:30:38.455-0600] {dag.py:4180} INFO - Setting next_dagrun for example_weekday_branch_operator to 2024-12-09 00:00:00+00:00, run_after=2024-12-10 00:00:00+00:00
[2024-12-10T17:30:38.473-0600] {processor.py:208} INFO - Processing /root/airflow_env/lib/python3.12/site-packages/airflow/example_dags/example_branch_day_of_week_operator.py took 0.055 seconds
[2024-12-10T17:31:28.677-0600] {processor.py:186} INFO - Started process (PID=2952) to work on /root/airflow_env/lib/python3.12/site-packages/airflow/example_dags/example_branch_day_of_week_operator.py
[2024-12-10T17:31:28.679-0600] {processor.py:914} INFO - Processing file /root/airflow_env/lib/python3.12/site-packages/airflow/example_dags/example_branch_day_of_week_operator.py for tasks to queue
[2024-12-10T17:31:28.681-0600] {logging_mixin.py:190} INFO - [2024-12-10T17:31:28.681-0600] {dagbag.py:588} INFO - Filling up the DagBag from /root/airflow_env/lib/python3.12/site-packages/airflow/example_dags/example_branch_day_of_week_operator.py
[2024-12-10T17:31:28.688-0600] {processor.py:925} INFO - DAG(s) 'example_weekday_branch_operator' retrieved from /root/airflow_env/lib/python3.12/site-packages/airflow/example_dags/example_branch_day_of_week_operator.py
[2024-12-10T17:31:28.699-0600] {logging_mixin.py:190} INFO - [2024-12-10T17:31:28.699-0600] {dag.py:3239} INFO - Sync 1 DAGs
[2024-12-10T17:31:28.713-0600] {logging_mixin.py:190} INFO - [2024-12-10T17:31:28.712-0600] {dag.py:4180} INFO - Setting next_dagrun for example_weekday_branch_operator to 2024-12-09 00:00:00+00:00, run_after=2024-12-10 00:00:00+00:00
[2024-12-10T17:31:28.731-0600] {processor.py:208} INFO - Processing /root/airflow_env/lib/python3.12/site-packages/airflow/example_dags/example_branch_day_of_week_operator.py took 0.058 seconds
[2024-12-10T17:32:23.388-0600] {processor.py:186} INFO - Started process (PID=3010) to work on /root/airflow_env/lib/python3.12/site-packages/airflow/example_dags/example_branch_day_of_week_operator.py
[2024-12-10T17:32:23.390-0600] {processor.py:914} INFO - Processing file /root/airflow_env/lib/python3.12/site-packages/airflow/example_dags/example_branch_day_of_week_operator.py for tasks to queue
[2024-12-10T17:32:23.391-0600] {logging_mixin.py:190} INFO - [2024-12-10T17:32:23.391-0600] {dagbag.py:588} INFO - Filling up the DagBag from /root/airflow_env/lib/python3.12/site-packages/airflow/example_dags/example_branch_day_of_week_operator.py
[2024-12-10T17:32:23.399-0600] {processor.py:925} INFO - DAG(s) 'example_weekday_branch_operator' retrieved from /root/airflow_env/lib/python3.12/site-packages/airflow/example_dags/example_branch_day_of_week_operator.py
[2024-12-10T17:32:23.409-0600] {logging_mixin.py:190} INFO - [2024-12-10T17:32:23.409-0600] {dag.py:3239} INFO - Sync 1 DAGs
[2024-12-10T17:32:23.423-0600] {logging_mixin.py:190} INFO - [2024-12-10T17:32:23.423-0600] {dag.py:4180} INFO - Setting next_dagrun for example_weekday_branch_operator to 2024-12-09 00:00:00+00:00, run_after=2024-12-10 00:00:00+00:00
[2024-12-10T17:32:23.439-0600] {processor.py:208} INFO - Processing /root/airflow_env/lib/python3.12/site-packages/airflow/example_dags/example_branch_day_of_week_operator.py took 0.055 seconds
[2024-12-10T17:33:17.763-0600] {processor.py:186} INFO - Started process (PID=3069) to work on /root/airflow_env/lib/python3.12/site-packages/airflow/example_dags/example_branch_day_of_week_operator.py
[2024-12-10T17:33:17.766-0600] {processor.py:914} INFO - Processing file /root/airflow_env/lib/python3.12/site-packages/airflow/example_dags/example_branch_day_of_week_operator.py for tasks to queue
[2024-12-10T17:33:17.767-0600] {logging_mixin.py:190} INFO - [2024-12-10T17:33:17.767-0600] {dagbag.py:588} INFO - Filling up the DagBag from /root/airflow_env/lib/python3.12/site-packages/airflow/example_dags/example_branch_day_of_week_operator.py
[2024-12-10T17:33:17.774-0600] {processor.py:925} INFO - DAG(s) 'example_weekday_branch_operator' retrieved from /root/airflow_env/lib/python3.12/site-packages/airflow/example_dags/example_branch_day_of_week_operator.py
[2024-12-10T17:33:17.786-0600] {logging_mixin.py:190} INFO - [2024-12-10T17:33:17.786-0600] {dag.py:3239} INFO - Sync 1 DAGs
[2024-12-10T17:33:17.800-0600] {logging_mixin.py:190} INFO - [2024-12-10T17:33:17.799-0600] {dag.py:4180} INFO - Setting next_dagrun for example_weekday_branch_operator to 2024-12-09 00:00:00+00:00, run_after=2024-12-10 00:00:00+00:00
[2024-12-10T17:33:17.817-0600] {processor.py:208} INFO - Processing /root/airflow_env/lib/python3.12/site-packages/airflow/example_dags/example_branch_day_of_week_operator.py took 0.058 seconds
[2024-12-10T17:34:10.957-0600] {processor.py:186} INFO - Started process (PID=3233) to work on /root/airflow_env/lib/python3.12/site-packages/airflow/example_dags/example_branch_day_of_week_operator.py
[2024-12-10T17:34:10.958-0600] {processor.py:914} INFO - Processing file /root/airflow_env/lib/python3.12/site-packages/airflow/example_dags/example_branch_day_of_week_operator.py for tasks to queue
[2024-12-10T17:34:10.960-0600] {logging_mixin.py:190} INFO - [2024-12-10T17:34:10.959-0600] {dagbag.py:588} INFO - Filling up the DagBag from /root/airflow_env/lib/python3.12/site-packages/airflow/example_dags/example_branch_day_of_week_operator.py
[2024-12-10T17:34:10.967-0600] {processor.py:925} INFO - DAG(s) 'example_weekday_branch_operator' retrieved from /root/airflow_env/lib/python3.12/site-packages/airflow/example_dags/example_branch_day_of_week_operator.py
[2024-12-10T17:34:10.979-0600] {logging_mixin.py:190} INFO - [2024-12-10T17:34:10.979-0600] {dag.py:3239} INFO - Sync 1 DAGs
[2024-12-10T17:34:10.993-0600] {logging_mixin.py:190} INFO - [2024-12-10T17:34:10.993-0600] {dag.py:4180} INFO - Setting next_dagrun for example_weekday_branch_operator to 2024-12-09 00:00:00+00:00, run_after=2024-12-10 00:00:00+00:00
[2024-12-10T17:34:11.010-0600] {processor.py:208} INFO - Processing /root/airflow_env/lib/python3.12/site-packages/airflow/example_dags/example_branch_day_of_week_operator.py took 0.057 seconds
[2024-12-10T17:35:02.367-0600] {processor.py:186} INFO - Started process (PID=3293) to work on /root/airflow_env/lib/python3.12/site-packages/airflow/example_dags/example_branch_day_of_week_operator.py
[2024-12-10T17:35:02.369-0600] {processor.py:914} INFO - Processing file /root/airflow_env/lib/python3.12/site-packages/airflow/example_dags/example_branch_day_of_week_operator.py for tasks to queue
[2024-12-10T17:35:02.371-0600] {logging_mixin.py:190} INFO - [2024-12-10T17:35:02.371-0600] {dagbag.py:588} INFO - Filling up the DagBag from /root/airflow_env/lib/python3.12/site-packages/airflow/example_dags/example_branch_day_of_week_operator.py
[2024-12-10T17:35:02.379-0600] {processor.py:925} INFO - DAG(s) 'example_weekday_branch_operator' retrieved from /root/airflow_env/lib/python3.12/site-packages/airflow/example_dags/example_branch_day_of_week_operator.py
[2024-12-10T17:35:02.390-0600] {logging_mixin.py:190} INFO - [2024-12-10T17:35:02.390-0600] {dag.py:3239} INFO - Sync 1 DAGs
[2024-12-10T17:35:02.404-0600] {logging_mixin.py:190} INFO - [2024-12-10T17:35:02.404-0600] {dag.py:4180} INFO - Setting next_dagrun for example_weekday_branch_operator to 2024-12-09 00:00:00+00:00, run_after=2024-12-10 00:00:00+00:00
[2024-12-10T17:35:02.422-0600] {processor.py:208} INFO - Processing /root/airflow_env/lib/python3.12/site-packages/airflow/example_dags/example_branch_day_of_week_operator.py took 0.060 seconds
[2024-12-10T17:35:52.672-0600] {processor.py:186} INFO - Started process (PID=3350) to work on /root/airflow_env/lib/python3.12/site-packages/airflow/example_dags/example_branch_day_of_week_operator.py
[2024-12-10T17:35:52.674-0600] {processor.py:914} INFO - Processing file /root/airflow_env/lib/python3.12/site-packages/airflow/example_dags/example_branch_day_of_week_operator.py for tasks to queue
[2024-12-10T17:35:52.676-0600] {logging_mixin.py:190} INFO - [2024-12-10T17:35:52.675-0600] {dagbag.py:588} INFO - Filling up the DagBag from /root/airflow_env/lib/python3.12/site-packages/airflow/example_dags/example_branch_day_of_week_operator.py
[2024-12-10T17:35:52.683-0600] {processor.py:925} INFO - DAG(s) 'example_weekday_branch_operator' retrieved from /root/airflow_env/lib/python3.12/site-packages/airflow/example_dags/example_branch_day_of_week_operator.py
[2024-12-10T17:35:52.693-0600] {logging_mixin.py:190} INFO - [2024-12-10T17:35:52.693-0600] {dag.py:3239} INFO - Sync 1 DAGs
[2024-12-10T17:35:52.706-0600] {logging_mixin.py:190} INFO - [2024-12-10T17:35:52.706-0600] {dag.py:4180} INFO - Setting next_dagrun for example_weekday_branch_operator to 2024-12-09 00:00:00+00:00, run_after=2024-12-10 00:00:00+00:00
[2024-12-10T17:35:52.723-0600] {processor.py:208} INFO - Processing /root/airflow_env/lib/python3.12/site-packages/airflow/example_dags/example_branch_day_of_week_operator.py took 0.055 seconds
[2024-12-10T17:36:43.780-0600] {processor.py:186} INFO - Started process (PID=3406) to work on /root/airflow_env/lib/python3.12/site-packages/airflow/example_dags/example_branch_day_of_week_operator.py
[2024-12-10T17:36:43.782-0600] {processor.py:914} INFO - Processing file /root/airflow_env/lib/python3.12/site-packages/airflow/example_dags/example_branch_day_of_week_operator.py for tasks to queue
[2024-12-10T17:36:43.785-0600] {logging_mixin.py:190} INFO - [2024-12-10T17:36:43.784-0600] {dagbag.py:588} INFO - Filling up the DagBag from /root/airflow_env/lib/python3.12/site-packages/airflow/example_dags/example_branch_day_of_week_operator.py
[2024-12-10T17:36:43.801-0600] {processor.py:925} INFO - DAG(s) 'example_weekday_branch_operator' retrieved from /root/airflow_env/lib/python3.12/site-packages/airflow/example_dags/example_branch_day_of_week_operator.py
[2024-12-10T17:36:43.813-0600] {logging_mixin.py:190} INFO - [2024-12-10T17:36:43.813-0600] {dag.py:3239} INFO - Sync 1 DAGs
[2024-12-10T17:36:43.830-0600] {logging_mixin.py:190} INFO - [2024-12-10T17:36:43.830-0600] {dag.py:4180} INFO - Setting next_dagrun for example_weekday_branch_operator to 2024-12-09 00:00:00+00:00, run_after=2024-12-10 00:00:00+00:00
[2024-12-10T17:36:43.852-0600] {processor.py:208} INFO - Processing /root/airflow_env/lib/python3.12/site-packages/airflow/example_dags/example_branch_day_of_week_operator.py took 0.077 seconds
[2024-12-10T17:37:35.107-0600] {processor.py:186} INFO - Started process (PID=3462) to work on /root/airflow_env/lib/python3.12/site-packages/airflow/example_dags/example_branch_day_of_week_operator.py
[2024-12-10T17:37:35.108-0600] {processor.py:914} INFO - Processing file /root/airflow_env/lib/python3.12/site-packages/airflow/example_dags/example_branch_day_of_week_operator.py for tasks to queue
[2024-12-10T17:37:35.110-0600] {logging_mixin.py:190} INFO - [2024-12-10T17:37:35.110-0600] {dagbag.py:588} INFO - Filling up the DagBag from /root/airflow_env/lib/python3.12/site-packages/airflow/example_dags/example_branch_day_of_week_operator.py
[2024-12-10T17:37:35.119-0600] {processor.py:925} INFO - DAG(s) 'example_weekday_branch_operator' retrieved from /root/airflow_env/lib/python3.12/site-packages/airflow/example_dags/example_branch_day_of_week_operator.py
[2024-12-10T17:37:35.132-0600] {logging_mixin.py:190} INFO - [2024-12-10T17:37:35.132-0600] {dag.py:3239} INFO - Sync 1 DAGs
[2024-12-10T17:37:35.146-0600] {logging_mixin.py:190} INFO - [2024-12-10T17:37:35.146-0600] {dag.py:4180} INFO - Setting next_dagrun for example_weekday_branch_operator to 2024-12-09 00:00:00+00:00, run_after=2024-12-10 00:00:00+00:00
[2024-12-10T17:37:35.163-0600] {processor.py:208} INFO - Processing /root/airflow_env/lib/python3.12/site-packages/airflow/example_dags/example_branch_day_of_week_operator.py took 0.061 seconds
[2024-12-10T17:38:25.411-0600] {processor.py:186} INFO - Started process (PID=3518) to work on /root/airflow_env/lib/python3.12/site-packages/airflow/example_dags/example_branch_day_of_week_operator.py
[2024-12-10T17:38:25.413-0600] {processor.py:914} INFO - Processing file /root/airflow_env/lib/python3.12/site-packages/airflow/example_dags/example_branch_day_of_week_operator.py for tasks to queue
[2024-12-10T17:38:25.415-0600] {logging_mixin.py:190} INFO - [2024-12-10T17:38:25.414-0600] {dagbag.py:588} INFO - Filling up the DagBag from /root/airflow_env/lib/python3.12/site-packages/airflow/example_dags/example_branch_day_of_week_operator.py
[2024-12-10T17:38:25.422-0600] {processor.py:925} INFO - DAG(s) 'example_weekday_branch_operator' retrieved from /root/airflow_env/lib/python3.12/site-packages/airflow/example_dags/example_branch_day_of_week_operator.py
[2024-12-10T17:38:25.432-0600] {logging_mixin.py:190} INFO - [2024-12-10T17:38:25.432-0600] {dag.py:3239} INFO - Sync 1 DAGs
[2024-12-10T17:38:25.445-0600] {logging_mixin.py:190} INFO - [2024-12-10T17:38:25.445-0600] {dag.py:4180} INFO - Setting next_dagrun for example_weekday_branch_operator to 2024-12-09 00:00:00+00:00, run_after=2024-12-10 00:00:00+00:00
[2024-12-10T17:38:25.461-0600] {processor.py:208} INFO - Processing /root/airflow_env/lib/python3.12/site-packages/airflow/example_dags/example_branch_day_of_week_operator.py took 0.054 seconds
[2024-12-10T17:39:17.380-0600] {processor.py:186} INFO - Started process (PID=3575) to work on /root/airflow_env/lib/python3.12/site-packages/airflow/example_dags/example_branch_day_of_week_operator.py
[2024-12-10T17:39:17.382-0600] {processor.py:914} INFO - Processing file /root/airflow_env/lib/python3.12/site-packages/airflow/example_dags/example_branch_day_of_week_operator.py for tasks to queue
[2024-12-10T17:39:17.384-0600] {logging_mixin.py:190} INFO - [2024-12-10T17:39:17.383-0600] {dagbag.py:588} INFO - Filling up the DagBag from /root/airflow_env/lib/python3.12/site-packages/airflow/example_dags/example_branch_day_of_week_operator.py
[2024-12-10T17:39:17.390-0600] {processor.py:925} INFO - DAG(s) 'example_weekday_branch_operator' retrieved from /root/airflow_env/lib/python3.12/site-packages/airflow/example_dags/example_branch_day_of_week_operator.py
[2024-12-10T17:39:17.402-0600] {logging_mixin.py:190} INFO - [2024-12-10T17:39:17.402-0600] {dag.py:3239} INFO - Sync 1 DAGs
[2024-12-10T17:39:17.415-0600] {logging_mixin.py:190} INFO - [2024-12-10T17:39:17.415-0600] {dag.py:4180} INFO - Setting next_dagrun for example_weekday_branch_operator to 2024-12-09 00:00:00+00:00, run_after=2024-12-10 00:00:00+00:00
[2024-12-10T17:39:17.431-0600] {processor.py:208} INFO - Processing /root/airflow_env/lib/python3.12/site-packages/airflow/example_dags/example_branch_day_of_week_operator.py took 0.055 seconds
[2024-12-10T17:40:10.163-0600] {processor.py:186} INFO - Started process (PID=3638) to work on /root/airflow_env/lib/python3.12/site-packages/airflow/example_dags/example_branch_day_of_week_operator.py
[2024-12-10T17:40:10.165-0600] {processor.py:914} INFO - Processing file /root/airflow_env/lib/python3.12/site-packages/airflow/example_dags/example_branch_day_of_week_operator.py for tasks to queue
[2024-12-10T17:40:10.167-0600] {logging_mixin.py:190} INFO - [2024-12-10T17:40:10.166-0600] {dagbag.py:588} INFO - Filling up the DagBag from /root/airflow_env/lib/python3.12/site-packages/airflow/example_dags/example_branch_day_of_week_operator.py
[2024-12-10T17:40:10.174-0600] {processor.py:925} INFO - DAG(s) 'example_weekday_branch_operator' retrieved from /root/airflow_env/lib/python3.12/site-packages/airflow/example_dags/example_branch_day_of_week_operator.py
[2024-12-10T17:40:10.185-0600] {logging_mixin.py:190} INFO - [2024-12-10T17:40:10.185-0600] {dag.py:3239} INFO - Sync 1 DAGs
[2024-12-10T17:40:10.198-0600] {logging_mixin.py:190} INFO - [2024-12-10T17:40:10.198-0600] {dag.py:4180} INFO - Setting next_dagrun for example_weekday_branch_operator to 2024-12-09 00:00:00+00:00, run_after=2024-12-10 00:00:00+00:00
[2024-12-10T17:40:10.216-0600] {processor.py:208} INFO - Processing /root/airflow_env/lib/python3.12/site-packages/airflow/example_dags/example_branch_day_of_week_operator.py took 0.058 seconds
[2024-12-10T17:41:06.775-0600] {processor.py:186} INFO - Started process (PID=3699) to work on /root/airflow_env/lib/python3.12/site-packages/airflow/example_dags/example_branch_day_of_week_operator.py
[2024-12-10T17:41:06.776-0600] {processor.py:914} INFO - Processing file /root/airflow_env/lib/python3.12/site-packages/airflow/example_dags/example_branch_day_of_week_operator.py for tasks to queue
[2024-12-10T17:41:06.778-0600] {logging_mixin.py:190} INFO - [2024-12-10T17:41:06.778-0600] {dagbag.py:588} INFO - Filling up the DagBag from /root/airflow_env/lib/python3.12/site-packages/airflow/example_dags/example_branch_day_of_week_operator.py
[2024-12-10T17:41:06.785-0600] {processor.py:925} INFO - DAG(s) 'example_weekday_branch_operator' retrieved from /root/airflow_env/lib/python3.12/site-packages/airflow/example_dags/example_branch_day_of_week_operator.py
[2024-12-10T17:41:06.797-0600] {logging_mixin.py:190} INFO - [2024-12-10T17:41:06.797-0600] {dag.py:3239} INFO - Sync 1 DAGs
[2024-12-10T17:41:06.810-0600] {logging_mixin.py:190} INFO - [2024-12-10T17:41:06.810-0600] {dag.py:4180} INFO - Setting next_dagrun for example_weekday_branch_operator to 2024-12-09 00:00:00+00:00, run_after=2024-12-10 00:00:00+00:00
[2024-12-10T17:41:06.827-0600] {processor.py:208} INFO - Processing /root/airflow_env/lib/python3.12/site-packages/airflow/example_dags/example_branch_day_of_week_operator.py took 0.056 seconds
[2024-12-10T17:41:59.332-0600] {processor.py:186} INFO - Started process (PID=3758) to work on /root/airflow_env/lib/python3.12/site-packages/airflow/example_dags/example_branch_day_of_week_operator.py
[2024-12-10T17:41:59.335-0600] {processor.py:914} INFO - Processing file /root/airflow_env/lib/python3.12/site-packages/airflow/example_dags/example_branch_day_of_week_operator.py for tasks to queue
[2024-12-10T17:41:59.337-0600] {logging_mixin.py:190} INFO - [2024-12-10T17:41:59.336-0600] {dagbag.py:588} INFO - Filling up the DagBag from /root/airflow_env/lib/python3.12/site-packages/airflow/example_dags/example_branch_day_of_week_operator.py
[2024-12-10T17:41:59.344-0600] {processor.py:925} INFO - DAG(s) 'example_weekday_branch_operator' retrieved from /root/airflow_env/lib/python3.12/site-packages/airflow/example_dags/example_branch_day_of_week_operator.py
[2024-12-10T17:41:59.355-0600] {logging_mixin.py:190} INFO - [2024-12-10T17:41:59.354-0600] {dag.py:3239} INFO - Sync 1 DAGs
[2024-12-10T17:41:59.368-0600] {logging_mixin.py:190} INFO - [2024-12-10T17:41:59.368-0600] {dag.py:4180} INFO - Setting next_dagrun for example_weekday_branch_operator to 2024-12-09 00:00:00+00:00, run_after=2024-12-10 00:00:00+00:00
[2024-12-10T17:41:59.385-0600] {processor.py:208} INFO - Processing /root/airflow_env/lib/python3.12/site-packages/airflow/example_dags/example_branch_day_of_week_operator.py took 0.057 seconds
[2024-12-10T17:42:50.401-0600] {processor.py:186} INFO - Started process (PID=3826) to work on /root/airflow_env/lib/python3.12/site-packages/airflow/example_dags/example_branch_day_of_week_operator.py
[2024-12-10T17:42:50.403-0600] {processor.py:914} INFO - Processing file /root/airflow_env/lib/python3.12/site-packages/airflow/example_dags/example_branch_day_of_week_operator.py for tasks to queue
[2024-12-10T17:42:50.405-0600] {logging_mixin.py:190} INFO - [2024-12-10T17:42:50.405-0600] {dagbag.py:588} INFO - Filling up the DagBag from /root/airflow_env/lib/python3.12/site-packages/airflow/example_dags/example_branch_day_of_week_operator.py
[2024-12-10T17:42:50.412-0600] {processor.py:925} INFO - DAG(s) 'example_weekday_branch_operator' retrieved from /root/airflow_env/lib/python3.12/site-packages/airflow/example_dags/example_branch_day_of_week_operator.py
[2024-12-10T17:42:50.425-0600] {logging_mixin.py:190} INFO - [2024-12-10T17:42:50.425-0600] {dag.py:3239} INFO - Sync 1 DAGs
[2024-12-10T17:42:50.442-0600] {logging_mixin.py:190} INFO - [2024-12-10T17:42:50.442-0600] {dag.py:4180} INFO - Setting next_dagrun for example_weekday_branch_operator to 2024-12-09 00:00:00+00:00, run_after=2024-12-10 00:00:00+00:00
[2024-12-10T17:42:50.460-0600] {processor.py:208} INFO - Processing /root/airflow_env/lib/python3.12/site-packages/airflow/example_dags/example_branch_day_of_week_operator.py took 0.065 seconds
[2024-12-10T17:43:44.516-0600] {processor.py:186} INFO - Started process (PID=3890) to work on /root/airflow_env/lib/python3.12/site-packages/airflow/example_dags/example_branch_day_of_week_operator.py
[2024-12-10T17:43:44.518-0600] {processor.py:914} INFO - Processing file /root/airflow_env/lib/python3.12/site-packages/airflow/example_dags/example_branch_day_of_week_operator.py for tasks to queue
[2024-12-10T17:43:44.520-0600] {logging_mixin.py:190} INFO - [2024-12-10T17:43:44.520-0600] {dagbag.py:588} INFO - Filling up the DagBag from /root/airflow_env/lib/python3.12/site-packages/airflow/example_dags/example_branch_day_of_week_operator.py
[2024-12-10T17:43:44.530-0600] {processor.py:925} INFO - DAG(s) 'example_weekday_branch_operator' retrieved from /root/airflow_env/lib/python3.12/site-packages/airflow/example_dags/example_branch_day_of_week_operator.py
[2024-12-10T17:43:44.543-0600] {logging_mixin.py:190} INFO - [2024-12-10T17:43:44.543-0600] {dag.py:3239} INFO - Sync 1 DAGs
[2024-12-10T17:43:44.561-0600] {logging_mixin.py:190} INFO - [2024-12-10T17:43:44.561-0600] {dag.py:4180} INFO - Setting next_dagrun for example_weekday_branch_operator to 2024-12-09 00:00:00+00:00, run_after=2024-12-10 00:00:00+00:00
[2024-12-10T17:43:44.585-0600] {processor.py:208} INFO - Processing /root/airflow_env/lib/python3.12/site-packages/airflow/example_dags/example_branch_day_of_week_operator.py took 0.074 seconds
[2024-12-10T17:44:35.050-0600] {processor.py:186} INFO - Started process (PID=3946) to work on /root/airflow_env/lib/python3.12/site-packages/airflow/example_dags/example_branch_day_of_week_operator.py
[2024-12-10T17:44:35.052-0600] {processor.py:914} INFO - Processing file /root/airflow_env/lib/python3.12/site-packages/airflow/example_dags/example_branch_day_of_week_operator.py for tasks to queue
[2024-12-10T17:44:35.053-0600] {logging_mixin.py:190} INFO - [2024-12-10T17:44:35.053-0600] {dagbag.py:588} INFO - Filling up the DagBag from /root/airflow_env/lib/python3.12/site-packages/airflow/example_dags/example_branch_day_of_week_operator.py
[2024-12-10T17:44:35.060-0600] {processor.py:925} INFO - DAG(s) 'example_weekday_branch_operator' retrieved from /root/airflow_env/lib/python3.12/site-packages/airflow/example_dags/example_branch_day_of_week_operator.py
[2024-12-10T17:44:35.071-0600] {logging_mixin.py:190} INFO - [2024-12-10T17:44:35.071-0600] {dag.py:3239} INFO - Sync 1 DAGs
[2024-12-10T17:44:35.084-0600] {logging_mixin.py:190} INFO - [2024-12-10T17:44:35.084-0600] {dag.py:4180} INFO - Setting next_dagrun for example_weekday_branch_operator to 2024-12-09 00:00:00+00:00, run_after=2024-12-10 00:00:00+00:00
[2024-12-10T17:44:35.102-0600] {processor.py:208} INFO - Processing /root/airflow_env/lib/python3.12/site-packages/airflow/example_dags/example_branch_day_of_week_operator.py took 0.056 seconds
[2024-12-10T17:45:28.531-0600] {processor.py:186} INFO - Started process (PID=4007) to work on /root/airflow_env/lib/python3.12/site-packages/airflow/example_dags/example_branch_day_of_week_operator.py
[2024-12-10T17:45:28.534-0600] {processor.py:914} INFO - Processing file /root/airflow_env/lib/python3.12/site-packages/airflow/example_dags/example_branch_day_of_week_operator.py for tasks to queue
[2024-12-10T17:45:28.535-0600] {logging_mixin.py:190} INFO - [2024-12-10T17:45:28.535-0600] {dagbag.py:588} INFO - Filling up the DagBag from /root/airflow_env/lib/python3.12/site-packages/airflow/example_dags/example_branch_day_of_week_operator.py
[2024-12-10T17:45:28.543-0600] {processor.py:925} INFO - DAG(s) 'example_weekday_branch_operator' retrieved from /root/airflow_env/lib/python3.12/site-packages/airflow/example_dags/example_branch_day_of_week_operator.py
[2024-12-10T17:45:28.553-0600] {logging_mixin.py:190} INFO - [2024-12-10T17:45:28.553-0600] {dag.py:3239} INFO - Sync 1 DAGs
[2024-12-10T17:45:28.567-0600] {logging_mixin.py:190} INFO - [2024-12-10T17:45:28.567-0600] {dag.py:4180} INFO - Setting next_dagrun for example_weekday_branch_operator to 2024-12-09 00:00:00+00:00, run_after=2024-12-10 00:00:00+00:00
[2024-12-10T17:45:28.668-0600] {processor.py:208} INFO - Processing /root/airflow_env/lib/python3.12/site-packages/airflow/example_dags/example_branch_day_of_week_operator.py took 0.140 seconds
[2024-12-10T17:46:25.532-0600] {processor.py:186} INFO - Started process (PID=4066) to work on /root/airflow_env/lib/python3.12/site-packages/airflow/example_dags/example_branch_day_of_week_operator.py
[2024-12-10T17:46:25.534-0600] {processor.py:914} INFO - Processing file /root/airflow_env/lib/python3.12/site-packages/airflow/example_dags/example_branch_day_of_week_operator.py for tasks to queue
[2024-12-10T17:46:25.536-0600] {logging_mixin.py:190} INFO - [2024-12-10T17:46:25.535-0600] {dagbag.py:588} INFO - Filling up the DagBag from /root/airflow_env/lib/python3.12/site-packages/airflow/example_dags/example_branch_day_of_week_operator.py
[2024-12-10T17:46:25.547-0600] {processor.py:925} INFO - DAG(s) 'example_weekday_branch_operator' retrieved from /root/airflow_env/lib/python3.12/site-packages/airflow/example_dags/example_branch_day_of_week_operator.py
[2024-12-10T17:46:25.568-0600] {logging_mixin.py:190} INFO - [2024-12-10T17:46:25.568-0600] {dag.py:3239} INFO - Sync 1 DAGs
[2024-12-10T17:46:25.586-0600] {logging_mixin.py:190} INFO - [2024-12-10T17:46:25.586-0600] {dag.py:4180} INFO - Setting next_dagrun for example_weekday_branch_operator to 2024-12-09 00:00:00+00:00, run_after=2024-12-10 00:00:00+00:00
[2024-12-10T17:46:25.613-0600] {processor.py:208} INFO - Processing /root/airflow_env/lib/python3.12/site-packages/airflow/example_dags/example_branch_day_of_week_operator.py took 0.085 seconds
[2024-12-10T17:47:26.164-0600] {processor.py:186} INFO - Started process (PID=4129) to work on /root/airflow_env/lib/python3.12/site-packages/airflow/example_dags/example_branch_day_of_week_operator.py
[2024-12-10T17:47:26.166-0600] {processor.py:914} INFO - Processing file /root/airflow_env/lib/python3.12/site-packages/airflow/example_dags/example_branch_day_of_week_operator.py for tasks to queue
[2024-12-10T17:47:26.167-0600] {logging_mixin.py:190} INFO - [2024-12-10T17:47:26.167-0600] {dagbag.py:588} INFO - Filling up the DagBag from /root/airflow_env/lib/python3.12/site-packages/airflow/example_dags/example_branch_day_of_week_operator.py
[2024-12-10T17:47:26.174-0600] {processor.py:925} INFO - DAG(s) 'example_weekday_branch_operator' retrieved from /root/airflow_env/lib/python3.12/site-packages/airflow/example_dags/example_branch_day_of_week_operator.py
[2024-12-10T17:47:26.185-0600] {logging_mixin.py:190} INFO - [2024-12-10T17:47:26.185-0600] {dag.py:3239} INFO - Sync 1 DAGs
[2024-12-10T17:47:26.199-0600] {logging_mixin.py:190} INFO - [2024-12-10T17:47:26.199-0600] {dag.py:4180} INFO - Setting next_dagrun for example_weekday_branch_operator to 2024-12-09 00:00:00+00:00, run_after=2024-12-10 00:00:00+00:00
[2024-12-10T17:47:26.216-0600] {processor.py:208} INFO - Processing /root/airflow_env/lib/python3.12/site-packages/airflow/example_dags/example_branch_day_of_week_operator.py took 0.056 seconds
[2024-12-10T17:48:22.940-0600] {processor.py:186} INFO - Started process (PID=4189) to work on /root/airflow_env/lib/python3.12/site-packages/airflow/example_dags/example_branch_day_of_week_operator.py
[2024-12-10T17:48:22.942-0600] {processor.py:914} INFO - Processing file /root/airflow_env/lib/python3.12/site-packages/airflow/example_dags/example_branch_day_of_week_operator.py for tasks to queue
[2024-12-10T17:48:22.943-0600] {logging_mixin.py:190} INFO - [2024-12-10T17:48:22.943-0600] {dagbag.py:588} INFO - Filling up the DagBag from /root/airflow_env/lib/python3.12/site-packages/airflow/example_dags/example_branch_day_of_week_operator.py
[2024-12-10T17:48:22.950-0600] {processor.py:925} INFO - DAG(s) 'example_weekday_branch_operator' retrieved from /root/airflow_env/lib/python3.12/site-packages/airflow/example_dags/example_branch_day_of_week_operator.py
[2024-12-10T17:48:22.961-0600] {logging_mixin.py:190} INFO - [2024-12-10T17:48:22.961-0600] {dag.py:3239} INFO - Sync 1 DAGs
[2024-12-10T17:48:22.975-0600] {logging_mixin.py:190} INFO - [2024-12-10T17:48:22.974-0600] {dag.py:4180} INFO - Setting next_dagrun for example_weekday_branch_operator to 2024-12-09 00:00:00+00:00, run_after=2024-12-10 00:00:00+00:00
[2024-12-10T17:48:22.990-0600] {processor.py:208} INFO - Processing /root/airflow_env/lib/python3.12/site-packages/airflow/example_dags/example_branch_day_of_week_operator.py took 0.054 seconds
[2024-12-10T17:49:17.495-0600] {processor.py:186} INFO - Started process (PID=4247) to work on /root/airflow_env/lib/python3.12/site-packages/airflow/example_dags/example_branch_day_of_week_operator.py
[2024-12-10T17:49:17.498-0600] {processor.py:914} INFO - Processing file /root/airflow_env/lib/python3.12/site-packages/airflow/example_dags/example_branch_day_of_week_operator.py for tasks to queue
[2024-12-10T17:49:17.500-0600] {logging_mixin.py:190} INFO - [2024-12-10T17:49:17.499-0600] {dagbag.py:588} INFO - Filling up the DagBag from /root/airflow_env/lib/python3.12/site-packages/airflow/example_dags/example_branch_day_of_week_operator.py
[2024-12-10T17:49:17.507-0600] {processor.py:925} INFO - DAG(s) 'example_weekday_branch_operator' retrieved from /root/airflow_env/lib/python3.12/site-packages/airflow/example_dags/example_branch_day_of_week_operator.py
[2024-12-10T17:49:17.518-0600] {logging_mixin.py:190} INFO - [2024-12-10T17:49:17.518-0600] {dag.py:3239} INFO - Sync 1 DAGs
[2024-12-10T17:49:17.615-0600] {logging_mixin.py:190} INFO - [2024-12-10T17:49:17.615-0600] {dag.py:4180} INFO - Setting next_dagrun for example_weekday_branch_operator to 2024-12-09 00:00:00+00:00, run_after=2024-12-10 00:00:00+00:00
[2024-12-10T17:49:17.630-0600] {processor.py:208} INFO - Processing /root/airflow_env/lib/python3.12/site-packages/airflow/example_dags/example_branch_day_of_week_operator.py took 0.139 seconds
[2024-12-10T17:50:13.174-0600] {processor.py:186} INFO - Started process (PID=4306) to work on /root/airflow_env/lib/python3.12/site-packages/airflow/example_dags/example_branch_day_of_week_operator.py
[2024-12-10T17:50:13.175-0600] {processor.py:914} INFO - Processing file /root/airflow_env/lib/python3.12/site-packages/airflow/example_dags/example_branch_day_of_week_operator.py for tasks to queue
[2024-12-10T17:50:13.177-0600] {logging_mixin.py:190} INFO - [2024-12-10T17:50:13.177-0600] {dagbag.py:588} INFO - Filling up the DagBag from /root/airflow_env/lib/python3.12/site-packages/airflow/example_dags/example_branch_day_of_week_operator.py
[2024-12-10T17:50:13.184-0600] {processor.py:925} INFO - DAG(s) 'example_weekday_branch_operator' retrieved from /root/airflow_env/lib/python3.12/site-packages/airflow/example_dags/example_branch_day_of_week_operator.py
[2024-12-10T17:50:13.195-0600] {logging_mixin.py:190} INFO - [2024-12-10T17:50:13.195-0600] {dag.py:3239} INFO - Sync 1 DAGs
[2024-12-10T17:50:13.208-0600] {logging_mixin.py:190} INFO - [2024-12-10T17:50:13.208-0600] {dag.py:4180} INFO - Setting next_dagrun for example_weekday_branch_operator to 2024-12-09 00:00:00+00:00, run_after=2024-12-10 00:00:00+00:00
[2024-12-10T17:50:13.225-0600] {processor.py:208} INFO - Processing /root/airflow_env/lib/python3.12/site-packages/airflow/example_dags/example_branch_day_of_week_operator.py took 0.055 seconds
[2024-12-10T17:52:02.845-0600] {processor.py:186} INFO - Started process (PID=4384) to work on /root/airflow_env/lib/python3.12/site-packages/airflow/example_dags/example_branch_day_of_week_operator.py
[2024-12-10T17:52:02.848-0600] {processor.py:914} INFO - Processing file /root/airflow_env/lib/python3.12/site-packages/airflow/example_dags/example_branch_day_of_week_operator.py for tasks to queue
[2024-12-10T17:52:02.849-0600] {logging_mixin.py:190} INFO - [2024-12-10T17:52:02.849-0600] {dagbag.py:588} INFO - Filling up the DagBag from /root/airflow_env/lib/python3.12/site-packages/airflow/example_dags/example_branch_day_of_week_operator.py
[2024-12-10T17:52:02.856-0600] {processor.py:925} INFO - DAG(s) 'example_weekday_branch_operator' retrieved from /root/airflow_env/lib/python3.12/site-packages/airflow/example_dags/example_branch_day_of_week_operator.py
[2024-12-10T17:52:02.872-0600] {logging_mixin.py:190} INFO - [2024-12-10T17:52:02.872-0600] {dag.py:3239} INFO - Sync 1 DAGs
[2024-12-10T17:52:02.898-0600] {logging_mixin.py:190} INFO - [2024-12-10T17:52:02.898-0600] {dag.py:4180} INFO - Setting next_dagrun for example_weekday_branch_operator to 2024-12-09 00:00:00+00:00, run_after=2024-12-10 00:00:00+00:00
[2024-12-10T17:52:02.916-0600] {processor.py:208} INFO - Processing /root/airflow_env/lib/python3.12/site-packages/airflow/example_dags/example_branch_day_of_week_operator.py took 0.075 seconds
[2024-12-10T17:52:59.188-0600] {processor.py:186} INFO - Started process (PID=4478) to work on /root/airflow_env/lib/python3.12/site-packages/airflow/example_dags/example_branch_day_of_week_operator.py
[2024-12-10T17:52:59.189-0600] {processor.py:914} INFO - Processing file /root/airflow_env/lib/python3.12/site-packages/airflow/example_dags/example_branch_day_of_week_operator.py for tasks to queue
[2024-12-10T17:52:59.193-0600] {logging_mixin.py:190} INFO - [2024-12-10T17:52:59.192-0600] {dagbag.py:588} INFO - Filling up the DagBag from /root/airflow_env/lib/python3.12/site-packages/airflow/example_dags/example_branch_day_of_week_operator.py
[2024-12-10T17:52:59.206-0600] {processor.py:925} INFO - DAG(s) 'example_weekday_branch_operator' retrieved from /root/airflow_env/lib/python3.12/site-packages/airflow/example_dags/example_branch_day_of_week_operator.py
[2024-12-10T17:52:59.230-0600] {logging_mixin.py:190} INFO - [2024-12-10T17:52:59.230-0600] {dag.py:3239} INFO - Sync 1 DAGs
[2024-12-10T17:52:59.253-0600] {logging_mixin.py:190} INFO - [2024-12-10T17:52:59.252-0600] {dag.py:4180} INFO - Setting next_dagrun for example_weekday_branch_operator to 2024-12-09 00:00:00+00:00, run_after=2024-12-10 00:00:00+00:00
[2024-12-10T17:52:59.277-0600] {processor.py:208} INFO - Processing /root/airflow_env/lib/python3.12/site-packages/airflow/example_dags/example_branch_day_of_week_operator.py took 0.095 seconds
[2024-12-10T17:54:57.134-0600] {processor.py:186} INFO - Started process (PID=4565) to work on /root/airflow_env/lib/python3.12/site-packages/airflow/example_dags/example_branch_day_of_week_operator.py
[2024-12-10T17:54:57.136-0600] {processor.py:914} INFO - Processing file /root/airflow_env/lib/python3.12/site-packages/airflow/example_dags/example_branch_day_of_week_operator.py for tasks to queue
[2024-12-10T17:54:57.138-0600] {logging_mixin.py:190} INFO - [2024-12-10T17:54:57.137-0600] {dagbag.py:588} INFO - Filling up the DagBag from /root/airflow_env/lib/python3.12/site-packages/airflow/example_dags/example_branch_day_of_week_operator.py
[2024-12-10T17:54:57.147-0600] {processor.py:925} INFO - DAG(s) 'example_weekday_branch_operator' retrieved from /root/airflow_env/lib/python3.12/site-packages/airflow/example_dags/example_branch_day_of_week_operator.py
[2024-12-10T17:54:57.164-0600] {logging_mixin.py:190} INFO - [2024-12-10T17:54:57.164-0600] {dag.py:3239} INFO - Sync 1 DAGs
[2024-12-10T17:54:57.177-0600] {logging_mixin.py:190} INFO - [2024-12-10T17:54:57.177-0600] {dag.py:4180} INFO - Setting next_dagrun for example_weekday_branch_operator to 2024-12-09 00:00:00+00:00, run_after=2024-12-10 00:00:00+00:00
[2024-12-10T17:54:57.195-0600] {processor.py:208} INFO - Processing /root/airflow_env/lib/python3.12/site-packages/airflow/example_dags/example_branch_day_of_week_operator.py took 0.065 seconds
[2024-12-10T17:55:56.943-0600] {processor.py:186} INFO - Started process (PID=4661) to work on /root/airflow_env/lib/python3.12/site-packages/airflow/example_dags/example_branch_day_of_week_operator.py
[2024-12-10T17:55:56.945-0600] {processor.py:914} INFO - Processing file /root/airflow_env/lib/python3.12/site-packages/airflow/example_dags/example_branch_day_of_week_operator.py for tasks to queue
[2024-12-10T17:55:56.947-0600] {logging_mixin.py:190} INFO - [2024-12-10T17:55:56.947-0600] {dagbag.py:588} INFO - Filling up the DagBag from /root/airflow_env/lib/python3.12/site-packages/airflow/example_dags/example_branch_day_of_week_operator.py
[2024-12-10T17:55:56.954-0600] {processor.py:925} INFO - DAG(s) 'example_weekday_branch_operator' retrieved from /root/airflow_env/lib/python3.12/site-packages/airflow/example_dags/example_branch_day_of_week_operator.py
[2024-12-10T17:55:56.966-0600] {logging_mixin.py:190} INFO - [2024-12-10T17:55:56.966-0600] {dag.py:3239} INFO - Sync 1 DAGs
[2024-12-10T17:55:56.980-0600] {logging_mixin.py:190} INFO - [2024-12-10T17:55:56.980-0600] {dag.py:4180} INFO - Setting next_dagrun for example_weekday_branch_operator to 2024-12-09 00:00:00+00:00, run_after=2024-12-10 00:00:00+00:00
[2024-12-10T17:55:56.998-0600] {processor.py:208} INFO - Processing /root/airflow_env/lib/python3.12/site-packages/airflow/example_dags/example_branch_day_of_week_operator.py took 0.060 seconds
[2024-12-10T17:56:53.721-0600] {processor.py:186} INFO - Started process (PID=4733) to work on /root/airflow_env/lib/python3.12/site-packages/airflow/example_dags/example_branch_day_of_week_operator.py
[2024-12-10T17:56:53.724-0600] {processor.py:914} INFO - Processing file /root/airflow_env/lib/python3.12/site-packages/airflow/example_dags/example_branch_day_of_week_operator.py for tasks to queue
[2024-12-10T17:56:53.725-0600] {logging_mixin.py:190} INFO - [2024-12-10T17:56:53.725-0600] {dagbag.py:588} INFO - Filling up the DagBag from /root/airflow_env/lib/python3.12/site-packages/airflow/example_dags/example_branch_day_of_week_operator.py
[2024-12-10T17:56:53.732-0600] {processor.py:925} INFO - DAG(s) 'example_weekday_branch_operator' retrieved from /root/airflow_env/lib/python3.12/site-packages/airflow/example_dags/example_branch_day_of_week_operator.py
[2024-12-10T17:56:53.743-0600] {logging_mixin.py:190} INFO - [2024-12-10T17:56:53.743-0600] {dag.py:3239} INFO - Sync 1 DAGs
[2024-12-10T17:56:53.756-0600] {logging_mixin.py:190} INFO - [2024-12-10T17:56:53.756-0600] {dag.py:4180} INFO - Setting next_dagrun for example_weekday_branch_operator to 2024-12-09 00:00:00+00:00, run_after=2024-12-10 00:00:00+00:00
[2024-12-10T17:56:53.774-0600] {processor.py:208} INFO - Processing /root/airflow_env/lib/python3.12/site-packages/airflow/example_dags/example_branch_day_of_week_operator.py took 0.056 seconds
[2024-12-10T17:57:47.131-0600] {processor.py:186} INFO - Started process (PID=4803) to work on /root/airflow_env/lib/python3.12/site-packages/airflow/example_dags/example_branch_day_of_week_operator.py
[2024-12-10T17:57:47.134-0600] {processor.py:914} INFO - Processing file /root/airflow_env/lib/python3.12/site-packages/airflow/example_dags/example_branch_day_of_week_operator.py for tasks to queue
[2024-12-10T17:57:47.135-0600] {logging_mixin.py:190} INFO - [2024-12-10T17:57:47.135-0600] {dagbag.py:588} INFO - Filling up the DagBag from /root/airflow_env/lib/python3.12/site-packages/airflow/example_dags/example_branch_day_of_week_operator.py
[2024-12-10T17:57:47.143-0600] {processor.py:925} INFO - DAG(s) 'example_weekday_branch_operator' retrieved from /root/airflow_env/lib/python3.12/site-packages/airflow/example_dags/example_branch_day_of_week_operator.py
[2024-12-10T17:57:47.154-0600] {logging_mixin.py:190} INFO - [2024-12-10T17:57:47.154-0600] {dag.py:3239} INFO - Sync 1 DAGs
[2024-12-10T17:57:47.167-0600] {logging_mixin.py:190} INFO - [2024-12-10T17:57:47.167-0600] {dag.py:4180} INFO - Setting next_dagrun for example_weekday_branch_operator to 2024-12-09 00:00:00+00:00, run_after=2024-12-10 00:00:00+00:00
[2024-12-10T17:57:47.184-0600] {processor.py:208} INFO - Processing /root/airflow_env/lib/python3.12/site-packages/airflow/example_dags/example_branch_day_of_week_operator.py took 0.057 seconds
[2024-12-10T17:59:01.170-0600] {processor.py:186} INFO - Started process (PID=4913) to work on /root/airflow_env/lib/python3.12/site-packages/airflow/example_dags/example_branch_day_of_week_operator.py
[2024-12-10T17:59:01.172-0600] {processor.py:914} INFO - Processing file /root/airflow_env/lib/python3.12/site-packages/airflow/example_dags/example_branch_day_of_week_operator.py for tasks to queue
[2024-12-10T17:59:01.174-0600] {logging_mixin.py:190} INFO - [2024-12-10T17:59:01.174-0600] {dagbag.py:588} INFO - Filling up the DagBag from /root/airflow_env/lib/python3.12/site-packages/airflow/example_dags/example_branch_day_of_week_operator.py
[2024-12-10T17:59:01.182-0600] {processor.py:925} INFO - DAG(s) 'example_weekday_branch_operator' retrieved from /root/airflow_env/lib/python3.12/site-packages/airflow/example_dags/example_branch_day_of_week_operator.py
[2024-12-10T17:59:01.207-0600] {logging_mixin.py:190} INFO - [2024-12-10T17:59:01.206-0600] {dag.py:3239} INFO - Sync 1 DAGs
[2024-12-10T17:59:01.229-0600] {logging_mixin.py:190} INFO - [2024-12-10T17:59:01.228-0600] {dag.py:4180} INFO - Setting next_dagrun for example_weekday_branch_operator to 2024-12-09 00:00:00+00:00, run_after=2024-12-10 00:00:00+00:00
[2024-12-10T17:59:01.253-0600] {processor.py:208} INFO - Processing /root/airflow_env/lib/python3.12/site-packages/airflow/example_dags/example_branch_day_of_week_operator.py took 0.087 seconds
[2024-12-10T17:59:57.639-0600] {processor.py:186} INFO - Started process (PID=4981) to work on /root/airflow_env/lib/python3.12/site-packages/airflow/example_dags/example_branch_day_of_week_operator.py
[2024-12-10T17:59:57.641-0600] {processor.py:914} INFO - Processing file /root/airflow_env/lib/python3.12/site-packages/airflow/example_dags/example_branch_day_of_week_operator.py for tasks to queue
[2024-12-10T17:59:57.643-0600] {logging_mixin.py:190} INFO - [2024-12-10T17:59:57.643-0600] {dagbag.py:588} INFO - Filling up the DagBag from /root/airflow_env/lib/python3.12/site-packages/airflow/example_dags/example_branch_day_of_week_operator.py
[2024-12-10T17:59:57.653-0600] {processor.py:925} INFO - DAG(s) 'example_weekday_branch_operator' retrieved from /root/airflow_env/lib/python3.12/site-packages/airflow/example_dags/example_branch_day_of_week_operator.py
[2024-12-10T17:59:57.667-0600] {logging_mixin.py:190} INFO - [2024-12-10T17:59:57.667-0600] {dag.py:3239} INFO - Sync 1 DAGs
[2024-12-10T17:59:57.684-0600] {logging_mixin.py:190} INFO - [2024-12-10T17:59:57.683-0600] {dag.py:4180} INFO - Setting next_dagrun for example_weekday_branch_operator to 2024-12-09 00:00:00+00:00, run_after=2024-12-10 00:00:00+00:00
[2024-12-10T17:59:57.704-0600] {processor.py:208} INFO - Processing /root/airflow_env/lib/python3.12/site-packages/airflow/example_dags/example_branch_day_of_week_operator.py took 0.069 seconds
