[2024-12-10T17:00:25.611-0600] {processor.py:186} INFO - Started process (PID=721) to work on /root/airflow_env/lib/python3.12/site-packages/airflow/example_dags/example_dag_decorator.py
[2024-12-10T17:00:25.615-0600] {processor.py:914} INFO - Processing file /root/airflow_env/lib/python3.12/site-packages/airflow/example_dags/example_dag_decorator.py for tasks to queue
[2024-12-10T17:00:25.618-0600] {logging_mixin.py:190} INFO - [2024-12-10T17:00:25.617-0600] {dagbag.py:588} INFO - Filling up the DagBag from /root/airflow_env/lib/python3.12/site-packages/airflow/example_dags/example_dag_decorator.py
[2024-12-10T17:00:25.658-0600] {processor.py:925} INFO - DAG(s) 'example_dag_decorator' retrieved from /root/airflow_env/lib/python3.12/site-packages/airflow/example_dags/example_dag_decorator.py
[2024-12-10T17:00:25.910-0600] {logging_mixin.py:190} INFO - [2024-12-10T17:00:25.910-0600] {dag.py:3239} INFO - Sync 1 DAGs
[2024-12-10T17:00:25.944-0600] {logging_mixin.py:190} INFO - [2024-12-10T17:00:25.943-0600] {dag.py:4180} INFO - Setting next_dagrun for example_dag_decorator to None, run_after=None
[2024-12-10T17:00:25.978-0600] {processor.py:208} INFO - Processing /root/airflow_env/lib/python3.12/site-packages/airflow/example_dags/example_dag_decorator.py took 0.384 seconds
[2024-12-10T17:01:21.328-0600] {processor.py:186} INFO - Started process (PID=789) to work on /root/airflow_env/lib/python3.12/site-packages/airflow/example_dags/example_dag_decorator.py
[2024-12-10T17:01:21.329-0600] {processor.py:914} INFO - Processing file /root/airflow_env/lib/python3.12/site-packages/airflow/example_dags/example_dag_decorator.py for tasks to queue
[2024-12-10T17:01:21.331-0600] {logging_mixin.py:190} INFO - [2024-12-10T17:01:21.330-0600] {dagbag.py:588} INFO - Filling up the DagBag from /root/airflow_env/lib/python3.12/site-packages/airflow/example_dags/example_dag_decorator.py
[2024-12-10T17:01:21.343-0600] {processor.py:925} INFO - DAG(s) 'example_dag_decorator' retrieved from /root/airflow_env/lib/python3.12/site-packages/airflow/example_dags/example_dag_decorator.py
[2024-12-10T17:01:21.421-0600] {logging_mixin.py:190} INFO - [2024-12-10T17:01:21.421-0600] {dag.py:3239} INFO - Sync 1 DAGs
[2024-12-10T17:01:21.430-0600] {logging_mixin.py:190} INFO - [2024-12-10T17:01:21.430-0600] {dag.py:4180} INFO - Setting next_dagrun for example_dag_decorator to None, run_after=None
[2024-12-10T17:01:21.448-0600] {processor.py:208} INFO - Processing /root/airflow_env/lib/python3.12/site-packages/airflow/example_dags/example_dag_decorator.py took 0.124 seconds
[2024-12-10T17:02:58.647-0600] {processor.py:186} INFO - Started process (PID=959) to work on /root/airflow_env/lib/python3.12/site-packages/airflow/example_dags/example_dag_decorator.py
[2024-12-10T17:02:58.648-0600] {processor.py:914} INFO - Processing file /root/airflow_env/lib/python3.12/site-packages/airflow/example_dags/example_dag_decorator.py for tasks to queue
[2024-12-10T17:02:58.650-0600] {logging_mixin.py:190} INFO - [2024-12-10T17:02:58.650-0600] {dagbag.py:588} INFO - Filling up the DagBag from /root/airflow_env/lib/python3.12/site-packages/airflow/example_dags/example_dag_decorator.py
[2024-12-10T17:02:58.660-0600] {processor.py:925} INFO - DAG(s) 'example_dag_decorator' retrieved from /root/airflow_env/lib/python3.12/site-packages/airflow/example_dags/example_dag_decorator.py
[2024-12-10T17:02:58.731-0600] {logging_mixin.py:190} INFO - [2024-12-10T17:02:58.731-0600] {dag.py:3239} INFO - Sync 1 DAGs
[2024-12-10T17:02:58.739-0600] {logging_mixin.py:190} INFO - [2024-12-10T17:02:58.739-0600] {dag.py:4180} INFO - Setting next_dagrun for example_dag_decorator to None, run_after=None
[2024-12-10T17:02:58.758-0600] {processor.py:208} INFO - Processing /root/airflow_env/lib/python3.12/site-packages/airflow/example_dags/example_dag_decorator.py took 0.116 seconds
[2024-12-10T17:03:51.340-0600] {processor.py:186} INFO - Started process (PID=1021) to work on /root/airflow_env/lib/python3.12/site-packages/airflow/example_dags/example_dag_decorator.py
[2024-12-10T17:03:51.342-0600] {processor.py:914} INFO - Processing file /root/airflow_env/lib/python3.12/site-packages/airflow/example_dags/example_dag_decorator.py for tasks to queue
[2024-12-10T17:03:51.344-0600] {logging_mixin.py:190} INFO - [2024-12-10T17:03:51.344-0600] {dagbag.py:588} INFO - Filling up the DagBag from /root/airflow_env/lib/python3.12/site-packages/airflow/example_dags/example_dag_decorator.py
[2024-12-10T17:03:51.358-0600] {processor.py:925} INFO - DAG(s) 'example_dag_decorator' retrieved from /root/airflow_env/lib/python3.12/site-packages/airflow/example_dags/example_dag_decorator.py
[2024-12-10T17:03:51.451-0600] {logging_mixin.py:190} INFO - [2024-12-10T17:03:51.450-0600] {dag.py:3239} INFO - Sync 1 DAGs
[2024-12-10T17:03:51.461-0600] {logging_mixin.py:190} INFO - [2024-12-10T17:03:51.460-0600] {dag.py:4180} INFO - Setting next_dagrun for example_dag_decorator to None, run_after=None
[2024-12-10T17:03:51.482-0600] {processor.py:208} INFO - Processing /root/airflow_env/lib/python3.12/site-packages/airflow/example_dags/example_dag_decorator.py took 0.148 seconds
[2024-12-10T17:04:48.008-0600] {processor.py:186} INFO - Started process (PID=1081) to work on /root/airflow_env/lib/python3.12/site-packages/airflow/example_dags/example_dag_decorator.py
[2024-12-10T17:04:48.009-0600] {processor.py:914} INFO - Processing file /root/airflow_env/lib/python3.12/site-packages/airflow/example_dags/example_dag_decorator.py for tasks to queue
[2024-12-10T17:04:48.011-0600] {logging_mixin.py:190} INFO - [2024-12-10T17:04:48.010-0600] {dagbag.py:588} INFO - Filling up the DagBag from /root/airflow_env/lib/python3.12/site-packages/airflow/example_dags/example_dag_decorator.py
[2024-12-10T17:04:48.022-0600] {processor.py:925} INFO - DAG(s) 'example_dag_decorator' retrieved from /root/airflow_env/lib/python3.12/site-packages/airflow/example_dags/example_dag_decorator.py
[2024-12-10T17:04:48.037-0600] {logging_mixin.py:190} INFO - [2024-12-10T17:04:48.036-0600] {dag.py:3239} INFO - Sync 1 DAGs
[2024-12-10T17:04:48.045-0600] {logging_mixin.py:190} INFO - [2024-12-10T17:04:48.045-0600] {dag.py:4180} INFO - Setting next_dagrun for example_dag_decorator to None, run_after=None
[2024-12-10T17:04:48.063-0600] {processor.py:208} INFO - Processing /root/airflow_env/lib/python3.12/site-packages/airflow/example_dags/example_dag_decorator.py took 0.059 seconds
[2024-12-10T17:05:41.968-0600] {processor.py:186} INFO - Started process (PID=1145) to work on /root/airflow_env/lib/python3.12/site-packages/airflow/example_dags/example_dag_decorator.py
[2024-12-10T17:05:41.970-0600] {processor.py:914} INFO - Processing file /root/airflow_env/lib/python3.12/site-packages/airflow/example_dags/example_dag_decorator.py for tasks to queue
[2024-12-10T17:05:41.972-0600] {logging_mixin.py:190} INFO - [2024-12-10T17:05:41.972-0600] {dagbag.py:588} INFO - Filling up the DagBag from /root/airflow_env/lib/python3.12/site-packages/airflow/example_dags/example_dag_decorator.py
[2024-12-10T17:05:41.980-0600] {processor.py:925} INFO - DAG(s) 'example_dag_decorator' retrieved from /root/airflow_env/lib/python3.12/site-packages/airflow/example_dags/example_dag_decorator.py
[2024-12-10T17:05:41.993-0600] {logging_mixin.py:190} INFO - [2024-12-10T17:05:41.993-0600] {dag.py:3239} INFO - Sync 1 DAGs
[2024-12-10T17:05:42.001-0600] {logging_mixin.py:190} INFO - [2024-12-10T17:05:42.001-0600] {dag.py:4180} INFO - Setting next_dagrun for example_dag_decorator to None, run_after=None
[2024-12-10T17:05:42.019-0600] {processor.py:208} INFO - Processing /root/airflow_env/lib/python3.12/site-packages/airflow/example_dags/example_dag_decorator.py took 0.054 seconds
[2024-12-10T17:06:35.239-0600] {processor.py:186} INFO - Started process (PID=1209) to work on /root/airflow_env/lib/python3.12/site-packages/airflow/example_dags/example_dag_decorator.py
[2024-12-10T17:06:35.288-0600] {processor.py:914} INFO - Processing file /root/airflow_env/lib/python3.12/site-packages/airflow/example_dags/example_dag_decorator.py for tasks to queue
[2024-12-10T17:06:35.290-0600] {logging_mixin.py:190} INFO - [2024-12-10T17:06:35.290-0600] {dagbag.py:588} INFO - Filling up the DagBag from /root/airflow_env/lib/python3.12/site-packages/airflow/example_dags/example_dag_decorator.py
[2024-12-10T17:06:35.299-0600] {processor.py:925} INFO - DAG(s) 'example_dag_decorator' retrieved from /root/airflow_env/lib/python3.12/site-packages/airflow/example_dags/example_dag_decorator.py
[2024-12-10T17:06:35.319-0600] {logging_mixin.py:190} INFO - [2024-12-10T17:06:35.318-0600] {dag.py:3239} INFO - Sync 1 DAGs
[2024-12-10T17:06:35.338-0600] {logging_mixin.py:190} INFO - [2024-12-10T17:06:35.338-0600] {dag.py:4180} INFO - Setting next_dagrun for example_dag_decorator to None, run_after=None
[2024-12-10T17:06:35.356-0600] {processor.py:208} INFO - Processing /root/airflow_env/lib/python3.12/site-packages/airflow/example_dags/example_dag_decorator.py took 0.121 seconds
[2024-12-10T17:07:30.210-0600] {processor.py:186} INFO - Started process (PID=1269) to work on /root/airflow_env/lib/python3.12/site-packages/airflow/example_dags/example_dag_decorator.py
[2024-12-10T17:07:30.211-0600] {processor.py:914} INFO - Processing file /root/airflow_env/lib/python3.12/site-packages/airflow/example_dags/example_dag_decorator.py for tasks to queue
[2024-12-10T17:07:30.212-0600] {logging_mixin.py:190} INFO - [2024-12-10T17:07:30.212-0600] {dagbag.py:588} INFO - Filling up the DagBag from /root/airflow_env/lib/python3.12/site-packages/airflow/example_dags/example_dag_decorator.py
[2024-12-10T17:07:30.221-0600] {processor.py:925} INFO - DAG(s) 'example_dag_decorator' retrieved from /root/airflow_env/lib/python3.12/site-packages/airflow/example_dags/example_dag_decorator.py
[2024-12-10T17:07:30.234-0600] {logging_mixin.py:190} INFO - [2024-12-10T17:07:30.234-0600] {dag.py:3239} INFO - Sync 1 DAGs
[2024-12-10T17:07:30.242-0600] {logging_mixin.py:190} INFO - [2024-12-10T17:07:30.242-0600] {dag.py:4180} INFO - Setting next_dagrun for example_dag_decorator to None, run_after=None
[2024-12-10T17:07:30.259-0600] {processor.py:208} INFO - Processing /root/airflow_env/lib/python3.12/site-packages/airflow/example_dags/example_dag_decorator.py took 0.053 seconds
[2024-12-10T17:08:21.220-0600] {processor.py:186} INFO - Started process (PID=1370) to work on /root/airflow_env/lib/python3.12/site-packages/airflow/example_dags/example_dag_decorator.py
[2024-12-10T17:08:21.225-0600] {processor.py:914} INFO - Processing file /root/airflow_env/lib/python3.12/site-packages/airflow/example_dags/example_dag_decorator.py for tasks to queue
[2024-12-10T17:08:21.227-0600] {logging_mixin.py:190} INFO - [2024-12-10T17:08:21.227-0600] {dagbag.py:588} INFO - Filling up the DagBag from /root/airflow_env/lib/python3.12/site-packages/airflow/example_dags/example_dag_decorator.py
[2024-12-10T17:08:21.237-0600] {processor.py:925} INFO - DAG(s) 'example_dag_decorator' retrieved from /root/airflow_env/lib/python3.12/site-packages/airflow/example_dags/example_dag_decorator.py
[2024-12-10T17:08:21.252-0600] {logging_mixin.py:190} INFO - [2024-12-10T17:08:21.251-0600] {dag.py:3239} INFO - Sync 1 DAGs
[2024-12-10T17:08:21.261-0600] {logging_mixin.py:190} INFO - [2024-12-10T17:08:21.261-0600] {dag.py:4180} INFO - Setting next_dagrun for example_dag_decorator to None, run_after=None
[2024-12-10T17:08:21.277-0600] {processor.py:208} INFO - Processing /root/airflow_env/lib/python3.12/site-packages/airflow/example_dags/example_dag_decorator.py took 0.062 seconds
[2024-12-10T17:09:38.057-0600] {processor.py:186} INFO - Started process (PID=1462) to work on /root/airflow_env/lib/python3.12/site-packages/airflow/example_dags/example_dag_decorator.py
[2024-12-10T17:09:38.059-0600] {processor.py:914} INFO - Processing file /root/airflow_env/lib/python3.12/site-packages/airflow/example_dags/example_dag_decorator.py for tasks to queue
[2024-12-10T17:09:38.062-0600] {logging_mixin.py:190} INFO - [2024-12-10T17:09:38.061-0600] {dagbag.py:588} INFO - Filling up the DagBag from /root/airflow_env/lib/python3.12/site-packages/airflow/example_dags/example_dag_decorator.py
[2024-12-10T17:09:38.072-0600] {processor.py:925} INFO - DAG(s) 'example_dag_decorator' retrieved from /root/airflow_env/lib/python3.12/site-packages/airflow/example_dags/example_dag_decorator.py
[2024-12-10T17:09:38.088-0600] {logging_mixin.py:190} INFO - [2024-12-10T17:09:38.088-0600] {dag.py:3239} INFO - Sync 1 DAGs
[2024-12-10T17:09:38.100-0600] {logging_mixin.py:190} INFO - [2024-12-10T17:09:38.100-0600] {dag.py:4180} INFO - Setting next_dagrun for example_dag_decorator to None, run_after=None
[2024-12-10T17:09:38.123-0600] {processor.py:208} INFO - Processing /root/airflow_env/lib/python3.12/site-packages/airflow/example_dags/example_dag_decorator.py took 0.072 seconds
[2024-12-10T17:10:29.939-0600] {processor.py:186} INFO - Started process (PID=1529) to work on /root/airflow_env/lib/python3.12/site-packages/airflow/example_dags/example_dag_decorator.py
[2024-12-10T17:10:29.941-0600] {processor.py:914} INFO - Processing file /root/airflow_env/lib/python3.12/site-packages/airflow/example_dags/example_dag_decorator.py for tasks to queue
[2024-12-10T17:10:29.943-0600] {logging_mixin.py:190} INFO - [2024-12-10T17:10:29.943-0600] {dagbag.py:588} INFO - Filling up the DagBag from /root/airflow_env/lib/python3.12/site-packages/airflow/example_dags/example_dag_decorator.py
[2024-12-10T17:10:29.952-0600] {processor.py:925} INFO - DAG(s) 'example_dag_decorator' retrieved from /root/airflow_env/lib/python3.12/site-packages/airflow/example_dags/example_dag_decorator.py
[2024-12-10T17:10:30.014-0600] {logging_mixin.py:190} INFO - [2024-12-10T17:10:30.014-0600] {dag.py:3239} INFO - Sync 1 DAGs
[2024-12-10T17:10:30.021-0600] {logging_mixin.py:190} INFO - [2024-12-10T17:10:30.020-0600] {dag.py:4180} INFO - Setting next_dagrun for example_dag_decorator to None, run_after=None
[2024-12-10T17:10:30.038-0600] {processor.py:208} INFO - Processing /root/airflow_env/lib/python3.12/site-packages/airflow/example_dags/example_dag_decorator.py took 0.103 seconds
[2024-12-10T17:11:44.627-0600] {processor.py:186} INFO - Started process (PID=1620) to work on /root/airflow_env/lib/python3.12/site-packages/airflow/example_dags/example_dag_decorator.py
[2024-12-10T17:11:44.630-0600] {processor.py:914} INFO - Processing file /root/airflow_env/lib/python3.12/site-packages/airflow/example_dags/example_dag_decorator.py for tasks to queue
[2024-12-10T17:11:44.632-0600] {logging_mixin.py:190} INFO - [2024-12-10T17:11:44.632-0600] {dagbag.py:588} INFO - Filling up the DagBag from /root/airflow_env/lib/python3.12/site-packages/airflow/example_dags/example_dag_decorator.py
[2024-12-10T17:11:44.640-0600] {processor.py:925} INFO - DAG(s) 'example_dag_decorator' retrieved from /root/airflow_env/lib/python3.12/site-packages/airflow/example_dags/example_dag_decorator.py
[2024-12-10T17:11:44.701-0600] {logging_mixin.py:190} INFO - [2024-12-10T17:11:44.701-0600] {dag.py:3239} INFO - Sync 1 DAGs
[2024-12-10T17:11:44.708-0600] {logging_mixin.py:190} INFO - [2024-12-10T17:11:44.707-0600] {dag.py:4180} INFO - Setting next_dagrun for example_dag_decorator to None, run_after=None
[2024-12-10T17:11:44.724-0600] {processor.py:208} INFO - Processing /root/airflow_env/lib/python3.12/site-packages/airflow/example_dags/example_dag_decorator.py took 0.101 seconds
[2024-12-10T17:13:01.782-0600] {processor.py:186} INFO - Started process (PID=1706) to work on /root/airflow_env/lib/python3.12/site-packages/airflow/example_dags/example_dag_decorator.py
[2024-12-10T17:13:01.784-0600] {processor.py:914} INFO - Processing file /root/airflow_env/lib/python3.12/site-packages/airflow/example_dags/example_dag_decorator.py for tasks to queue
[2024-12-10T17:13:01.786-0600] {logging_mixin.py:190} INFO - [2024-12-10T17:13:01.786-0600] {dagbag.py:588} INFO - Filling up the DagBag from /root/airflow_env/lib/python3.12/site-packages/airflow/example_dags/example_dag_decorator.py
[2024-12-10T17:13:01.795-0600] {processor.py:925} INFO - DAG(s) 'example_dag_decorator' retrieved from /root/airflow_env/lib/python3.12/site-packages/airflow/example_dags/example_dag_decorator.py
[2024-12-10T17:13:01.860-0600] {logging_mixin.py:190} INFO - [2024-12-10T17:13:01.860-0600] {dag.py:3239} INFO - Sync 1 DAGs
[2024-12-10T17:13:01.867-0600] {logging_mixin.py:190} INFO - [2024-12-10T17:13:01.867-0600] {dag.py:4180} INFO - Setting next_dagrun for example_dag_decorator to None, run_after=None
[2024-12-10T17:13:01.883-0600] {processor.py:208} INFO - Processing /root/airflow_env/lib/python3.12/site-packages/airflow/example_dags/example_dag_decorator.py took 0.105 seconds
[2024-12-10T17:14:17.953-0600] {processor.py:186} INFO - Started process (PID=1790) to work on /root/airflow_env/lib/python3.12/site-packages/airflow/example_dags/example_dag_decorator.py
[2024-12-10T17:14:17.955-0600] {processor.py:914} INFO - Processing file /root/airflow_env/lib/python3.12/site-packages/airflow/example_dags/example_dag_decorator.py for tasks to queue
[2024-12-10T17:14:17.956-0600] {logging_mixin.py:190} INFO - [2024-12-10T17:14:17.956-0600] {dagbag.py:588} INFO - Filling up the DagBag from /root/airflow_env/lib/python3.12/site-packages/airflow/example_dags/example_dag_decorator.py
[2024-12-10T17:14:17.969-0600] {processor.py:925} INFO - DAG(s) 'example_dag_decorator' retrieved from /root/airflow_env/lib/python3.12/site-packages/airflow/example_dags/example_dag_decorator.py
[2024-12-10T17:14:18.080-0600] {logging_mixin.py:190} INFO - [2024-12-10T17:14:18.080-0600] {dag.py:3239} INFO - Sync 1 DAGs
[2024-12-10T17:14:18.093-0600] {logging_mixin.py:190} INFO - [2024-12-10T17:14:18.093-0600] {dag.py:4180} INFO - Setting next_dagrun for example_dag_decorator to None, run_after=None
[2024-12-10T17:14:18.121-0600] {processor.py:208} INFO - Processing /root/airflow_env/lib/python3.12/site-packages/airflow/example_dags/example_dag_decorator.py took 0.172 seconds
[2024-12-10T17:15:09.985-0600] {processor.py:186} INFO - Started process (PID=1858) to work on /root/airflow_env/lib/python3.12/site-packages/airflow/example_dags/example_dag_decorator.py
[2024-12-10T17:15:09.988-0600] {processor.py:914} INFO - Processing file /root/airflow_env/lib/python3.12/site-packages/airflow/example_dags/example_dag_decorator.py for tasks to queue
[2024-12-10T17:15:09.990-0600] {logging_mixin.py:190} INFO - [2024-12-10T17:15:09.990-0600] {dagbag.py:588} INFO - Filling up the DagBag from /root/airflow_env/lib/python3.12/site-packages/airflow/example_dags/example_dag_decorator.py
[2024-12-10T17:15:10.001-0600] {processor.py:925} INFO - DAG(s) 'example_dag_decorator' retrieved from /root/airflow_env/lib/python3.12/site-packages/airflow/example_dags/example_dag_decorator.py
[2024-12-10T17:15:10.067-0600] {logging_mixin.py:190} INFO - [2024-12-10T17:15:10.067-0600] {dag.py:3239} INFO - Sync 1 DAGs
[2024-12-10T17:15:10.074-0600] {logging_mixin.py:190} INFO - [2024-12-10T17:15:10.074-0600] {dag.py:4180} INFO - Setting next_dagrun for example_dag_decorator to None, run_after=None
[2024-12-10T17:15:10.094-0600] {processor.py:208} INFO - Processing /root/airflow_env/lib/python3.12/site-packages/airflow/example_dags/example_dag_decorator.py took 0.112 seconds
[2024-12-10T17:16:00.963-0600] {processor.py:186} INFO - Started process (PID=1920) to work on /root/airflow_env/lib/python3.12/site-packages/airflow/example_dags/example_dag_decorator.py
[2024-12-10T17:16:00.966-0600] {processor.py:914} INFO - Processing file /root/airflow_env/lib/python3.12/site-packages/airflow/example_dags/example_dag_decorator.py for tasks to queue
[2024-12-10T17:16:00.967-0600] {logging_mixin.py:190} INFO - [2024-12-10T17:16:00.967-0600] {dagbag.py:588} INFO - Filling up the DagBag from /root/airflow_env/lib/python3.12/site-packages/airflow/example_dags/example_dag_decorator.py
[2024-12-10T17:16:00.976-0600] {processor.py:925} INFO - DAG(s) 'example_dag_decorator' retrieved from /root/airflow_env/lib/python3.12/site-packages/airflow/example_dags/example_dag_decorator.py
[2024-12-10T17:16:01.037-0600] {logging_mixin.py:190} INFO - [2024-12-10T17:16:01.037-0600] {dag.py:3239} INFO - Sync 1 DAGs
[2024-12-10T17:16:01.045-0600] {logging_mixin.py:190} INFO - [2024-12-10T17:16:01.045-0600] {dag.py:4180} INFO - Setting next_dagrun for example_dag_decorator to None, run_after=None
[2024-12-10T17:16:01.064-0600] {processor.py:208} INFO - Processing /root/airflow_env/lib/python3.12/site-packages/airflow/example_dags/example_dag_decorator.py took 0.104 seconds
[2024-12-10T17:17:20.320-0600] {processor.py:186} INFO - Started process (PID=2011) to work on /root/airflow_env/lib/python3.12/site-packages/airflow/example_dags/example_dag_decorator.py
[2024-12-10T17:17:20.322-0600] {processor.py:914} INFO - Processing file /root/airflow_env/lib/python3.12/site-packages/airflow/example_dags/example_dag_decorator.py for tasks to queue
[2024-12-10T17:17:20.323-0600] {logging_mixin.py:190} INFO - [2024-12-10T17:17:20.323-0600] {dagbag.py:588} INFO - Filling up the DagBag from /root/airflow_env/lib/python3.12/site-packages/airflow/example_dags/example_dag_decorator.py
[2024-12-10T17:17:20.333-0600] {processor.py:925} INFO - DAG(s) 'example_dag_decorator' retrieved from /root/airflow_env/lib/python3.12/site-packages/airflow/example_dags/example_dag_decorator.py
[2024-12-10T17:17:20.396-0600] {logging_mixin.py:190} INFO - [2024-12-10T17:17:20.396-0600] {dag.py:3239} INFO - Sync 1 DAGs
[2024-12-10T17:17:20.404-0600] {logging_mixin.py:190} INFO - [2024-12-10T17:17:20.404-0600] {dag.py:4180} INFO - Setting next_dagrun for example_dag_decorator to None, run_after=None
[2024-12-10T17:17:20.426-0600] {processor.py:208} INFO - Processing /root/airflow_env/lib/python3.12/site-packages/airflow/example_dags/example_dag_decorator.py took 0.111 seconds
[2024-12-10T17:18:37.424-0600] {processor.py:186} INFO - Started process (PID=2095) to work on /root/airflow_env/lib/python3.12/site-packages/airflow/example_dags/example_dag_decorator.py
[2024-12-10T17:18:37.426-0600] {processor.py:914} INFO - Processing file /root/airflow_env/lib/python3.12/site-packages/airflow/example_dags/example_dag_decorator.py for tasks to queue
[2024-12-10T17:18:37.428-0600] {logging_mixin.py:190} INFO - [2024-12-10T17:18:37.428-0600] {dagbag.py:588} INFO - Filling up the DagBag from /root/airflow_env/lib/python3.12/site-packages/airflow/example_dags/example_dag_decorator.py
[2024-12-10T17:18:37.436-0600] {processor.py:925} INFO - DAG(s) 'example_dag_decorator' retrieved from /root/airflow_env/lib/python3.12/site-packages/airflow/example_dags/example_dag_decorator.py
[2024-12-10T17:18:37.449-0600] {logging_mixin.py:190} INFO - [2024-12-10T17:18:37.449-0600] {dag.py:3239} INFO - Sync 1 DAGs
[2024-12-10T17:18:37.457-0600] {logging_mixin.py:190} INFO - [2024-12-10T17:18:37.457-0600] {dag.py:4180} INFO - Setting next_dagrun for example_dag_decorator to None, run_after=None
[2024-12-10T17:18:37.475-0600] {processor.py:208} INFO - Processing /root/airflow_env/lib/python3.12/site-packages/airflow/example_dags/example_dag_decorator.py took 0.055 seconds
[2024-12-10T17:19:31.671-0600] {processor.py:186} INFO - Started process (PID=2153) to work on /root/airflow_env/lib/python3.12/site-packages/airflow/example_dags/example_dag_decorator.py
[2024-12-10T17:19:31.674-0600] {processor.py:914} INFO - Processing file /root/airflow_env/lib/python3.12/site-packages/airflow/example_dags/example_dag_decorator.py for tasks to queue
[2024-12-10T17:19:31.675-0600] {logging_mixin.py:190} INFO - [2024-12-10T17:19:31.675-0600] {dagbag.py:588} INFO - Filling up the DagBag from /root/airflow_env/lib/python3.12/site-packages/airflow/example_dags/example_dag_decorator.py
[2024-12-10T17:19:31.684-0600] {processor.py:925} INFO - DAG(s) 'example_dag_decorator' retrieved from /root/airflow_env/lib/python3.12/site-packages/airflow/example_dags/example_dag_decorator.py
[2024-12-10T17:19:31.696-0600] {logging_mixin.py:190} INFO - [2024-12-10T17:19:31.696-0600] {dag.py:3239} INFO - Sync 1 DAGs
[2024-12-10T17:19:31.704-0600] {logging_mixin.py:190} INFO - [2024-12-10T17:19:31.704-0600] {dag.py:4180} INFO - Setting next_dagrun for example_dag_decorator to None, run_after=None
[2024-12-10T17:19:31.721-0600] {processor.py:208} INFO - Processing /root/airflow_env/lib/python3.12/site-packages/airflow/example_dags/example_dag_decorator.py took 0.054 seconds
[2024-12-10T17:20:21.838-0600] {processor.py:186} INFO - Started process (PID=2211) to work on /root/airflow_env/lib/python3.12/site-packages/airflow/example_dags/example_dag_decorator.py
[2024-12-10T17:20:21.840-0600] {processor.py:914} INFO - Processing file /root/airflow_env/lib/python3.12/site-packages/airflow/example_dags/example_dag_decorator.py for tasks to queue
[2024-12-10T17:20:21.842-0600] {logging_mixin.py:190} INFO - [2024-12-10T17:20:21.842-0600] {dagbag.py:588} INFO - Filling up the DagBag from /root/airflow_env/lib/python3.12/site-packages/airflow/example_dags/example_dag_decorator.py
[2024-12-10T17:20:21.851-0600] {processor.py:925} INFO - DAG(s) 'example_dag_decorator' retrieved from /root/airflow_env/lib/python3.12/site-packages/airflow/example_dags/example_dag_decorator.py
[2024-12-10T17:20:21.911-0600] {logging_mixin.py:190} INFO - [2024-12-10T17:20:21.911-0600] {dag.py:3239} INFO - Sync 1 DAGs
[2024-12-10T17:20:21.917-0600] {logging_mixin.py:190} INFO - [2024-12-10T17:20:21.917-0600] {dag.py:4180} INFO - Setting next_dagrun for example_dag_decorator to None, run_after=None
[2024-12-10T17:20:21.934-0600] {processor.py:208} INFO - Processing /root/airflow_env/lib/python3.12/site-packages/airflow/example_dags/example_dag_decorator.py took 0.100 seconds
[2024-12-10T17:21:13.774-0600] {processor.py:186} INFO - Started process (PID=2266) to work on /root/airflow_env/lib/python3.12/site-packages/airflow/example_dags/example_dag_decorator.py
[2024-12-10T17:21:13.776-0600] {processor.py:914} INFO - Processing file /root/airflow_env/lib/python3.12/site-packages/airflow/example_dags/example_dag_decorator.py for tasks to queue
[2024-12-10T17:21:13.778-0600] {logging_mixin.py:190} INFO - [2024-12-10T17:21:13.777-0600] {dagbag.py:588} INFO - Filling up the DagBag from /root/airflow_env/lib/python3.12/site-packages/airflow/example_dags/example_dag_decorator.py
[2024-12-10T17:21:13.786-0600] {processor.py:925} INFO - DAG(s) 'example_dag_decorator' retrieved from /root/airflow_env/lib/python3.12/site-packages/airflow/example_dags/example_dag_decorator.py
[2024-12-10T17:21:13.847-0600] {logging_mixin.py:190} INFO - [2024-12-10T17:21:13.847-0600] {dag.py:3239} INFO - Sync 1 DAGs
[2024-12-10T17:21:13.853-0600] {logging_mixin.py:190} INFO - [2024-12-10T17:21:13.853-0600] {dag.py:4180} INFO - Setting next_dagrun for example_dag_decorator to None, run_after=None
[2024-12-10T17:21:13.870-0600] {processor.py:208} INFO - Processing /root/airflow_env/lib/python3.12/site-packages/airflow/example_dags/example_dag_decorator.py took 0.100 seconds
[2024-12-10T17:22:08.153-0600] {processor.py:186} INFO - Started process (PID=2326) to work on /root/airflow_env/lib/python3.12/site-packages/airflow/example_dags/example_dag_decorator.py
[2024-12-10T17:22:08.154-0600] {processor.py:914} INFO - Processing file /root/airflow_env/lib/python3.12/site-packages/airflow/example_dags/example_dag_decorator.py for tasks to queue
[2024-12-10T17:22:08.155-0600] {logging_mixin.py:190} INFO - [2024-12-10T17:22:08.155-0600] {dagbag.py:588} INFO - Filling up the DagBag from /root/airflow_env/lib/python3.12/site-packages/airflow/example_dags/example_dag_decorator.py
[2024-12-10T17:22:08.164-0600] {processor.py:925} INFO - DAG(s) 'example_dag_decorator' retrieved from /root/airflow_env/lib/python3.12/site-packages/airflow/example_dags/example_dag_decorator.py
[2024-12-10T17:22:08.223-0600] {logging_mixin.py:190} INFO - [2024-12-10T17:22:08.223-0600] {dag.py:3239} INFO - Sync 1 DAGs
[2024-12-10T17:22:08.231-0600] {logging_mixin.py:190} INFO - [2024-12-10T17:22:08.230-0600] {dag.py:4180} INFO - Setting next_dagrun for example_dag_decorator to None, run_after=None
[2024-12-10T17:22:08.248-0600] {processor.py:208} INFO - Processing /root/airflow_env/lib/python3.12/site-packages/airflow/example_dags/example_dag_decorator.py took 0.099 seconds
[2024-12-10T17:23:03.564-0600] {processor.py:186} INFO - Started process (PID=2384) to work on /root/airflow_env/lib/python3.12/site-packages/airflow/example_dags/example_dag_decorator.py
[2024-12-10T17:23:03.566-0600] {processor.py:914} INFO - Processing file /root/airflow_env/lib/python3.12/site-packages/airflow/example_dags/example_dag_decorator.py for tasks to queue
[2024-12-10T17:23:03.567-0600] {logging_mixin.py:190} INFO - [2024-12-10T17:23:03.567-0600] {dagbag.py:588} INFO - Filling up the DagBag from /root/airflow_env/lib/python3.12/site-packages/airflow/example_dags/example_dag_decorator.py
[2024-12-10T17:23:03.581-0600] {processor.py:925} INFO - DAG(s) 'example_dag_decorator' retrieved from /root/airflow_env/lib/python3.12/site-packages/airflow/example_dags/example_dag_decorator.py
[2024-12-10T17:23:03.641-0600] {logging_mixin.py:190} INFO - [2024-12-10T17:23:03.640-0600] {dag.py:3239} INFO - Sync 1 DAGs
[2024-12-10T17:23:03.647-0600] {logging_mixin.py:190} INFO - [2024-12-10T17:23:03.647-0600] {dag.py:4180} INFO - Setting next_dagrun for example_dag_decorator to None, run_after=None
[2024-12-10T17:23:03.664-0600] {processor.py:208} INFO - Processing /root/airflow_env/lib/python3.12/site-packages/airflow/example_dags/example_dag_decorator.py took 0.105 seconds
[2024-12-10T17:23:57.846-0600] {processor.py:186} INFO - Started process (PID=2444) to work on /root/airflow_env/lib/python3.12/site-packages/airflow/example_dags/example_dag_decorator.py
[2024-12-10T17:23:57.849-0600] {processor.py:914} INFO - Processing file /root/airflow_env/lib/python3.12/site-packages/airflow/example_dags/example_dag_decorator.py for tasks to queue
[2024-12-10T17:23:57.850-0600] {logging_mixin.py:190} INFO - [2024-12-10T17:23:57.850-0600] {dagbag.py:588} INFO - Filling up the DagBag from /root/airflow_env/lib/python3.12/site-packages/airflow/example_dags/example_dag_decorator.py
[2024-12-10T17:23:57.859-0600] {processor.py:925} INFO - DAG(s) 'example_dag_decorator' retrieved from /root/airflow_env/lib/python3.12/site-packages/airflow/example_dags/example_dag_decorator.py
[2024-12-10T17:23:57.922-0600] {logging_mixin.py:190} INFO - [2024-12-10T17:23:57.922-0600] {dag.py:3239} INFO - Sync 1 DAGs
[2024-12-10T17:23:57.929-0600] {logging_mixin.py:190} INFO - [2024-12-10T17:23:57.928-0600] {dag.py:4180} INFO - Setting next_dagrun for example_dag_decorator to None, run_after=None
[2024-12-10T17:23:57.945-0600] {processor.py:208} INFO - Processing /root/airflow_env/lib/python3.12/site-packages/airflow/example_dags/example_dag_decorator.py took 0.104 seconds
[2024-12-10T17:24:47.979-0600] {processor.py:186} INFO - Started process (PID=2505) to work on /root/airflow_env/lib/python3.12/site-packages/airflow/example_dags/example_dag_decorator.py
[2024-12-10T17:24:47.982-0600] {processor.py:914} INFO - Processing file /root/airflow_env/lib/python3.12/site-packages/airflow/example_dags/example_dag_decorator.py for tasks to queue
[2024-12-10T17:24:47.984-0600] {logging_mixin.py:190} INFO - [2024-12-10T17:24:47.983-0600] {dagbag.py:588} INFO - Filling up the DagBag from /root/airflow_env/lib/python3.12/site-packages/airflow/example_dags/example_dag_decorator.py
[2024-12-10T17:24:47.992-0600] {processor.py:925} INFO - DAG(s) 'example_dag_decorator' retrieved from /root/airflow_env/lib/python3.12/site-packages/airflow/example_dags/example_dag_decorator.py
[2024-12-10T17:24:48.052-0600] {logging_mixin.py:190} INFO - [2024-12-10T17:24:48.052-0600] {dag.py:3239} INFO - Sync 1 DAGs
[2024-12-10T17:24:48.060-0600] {logging_mixin.py:190} INFO - [2024-12-10T17:24:48.059-0600] {dag.py:4180} INFO - Setting next_dagrun for example_dag_decorator to None, run_after=None
[2024-12-10T17:24:48.077-0600] {processor.py:208} INFO - Processing /root/airflow_env/lib/python3.12/site-packages/airflow/example_dags/example_dag_decorator.py took 0.102 seconds
[2024-12-10T17:25:41.805-0600] {processor.py:186} INFO - Started process (PID=2565) to work on /root/airflow_env/lib/python3.12/site-packages/airflow/example_dags/example_dag_decorator.py
[2024-12-10T17:25:41.808-0600] {processor.py:914} INFO - Processing file /root/airflow_env/lib/python3.12/site-packages/airflow/example_dags/example_dag_decorator.py for tasks to queue
[2024-12-10T17:25:41.809-0600] {logging_mixin.py:190} INFO - [2024-12-10T17:25:41.809-0600] {dagbag.py:588} INFO - Filling up the DagBag from /root/airflow_env/lib/python3.12/site-packages/airflow/example_dags/example_dag_decorator.py
[2024-12-10T17:25:41.819-0600] {processor.py:925} INFO - DAG(s) 'example_dag_decorator' retrieved from /root/airflow_env/lib/python3.12/site-packages/airflow/example_dags/example_dag_decorator.py
[2024-12-10T17:25:41.879-0600] {logging_mixin.py:190} INFO - [2024-12-10T17:25:41.879-0600] {dag.py:3239} INFO - Sync 1 DAGs
[2024-12-10T17:25:41.886-0600] {logging_mixin.py:190} INFO - [2024-12-10T17:25:41.885-0600] {dag.py:4180} INFO - Setting next_dagrun for example_dag_decorator to None, run_after=None
[2024-12-10T17:25:41.902-0600] {processor.py:208} INFO - Processing /root/airflow_env/lib/python3.12/site-packages/airflow/example_dags/example_dag_decorator.py took 0.101 seconds
[2024-12-10T17:26:36.775-0600] {processor.py:186} INFO - Started process (PID=2624) to work on /root/airflow_env/lib/python3.12/site-packages/airflow/example_dags/example_dag_decorator.py
[2024-12-10T17:26:36.778-0600] {processor.py:914} INFO - Processing file /root/airflow_env/lib/python3.12/site-packages/airflow/example_dags/example_dag_decorator.py for tasks to queue
[2024-12-10T17:26:36.779-0600] {logging_mixin.py:190} INFO - [2024-12-10T17:26:36.779-0600] {dagbag.py:588} INFO - Filling up the DagBag from /root/airflow_env/lib/python3.12/site-packages/airflow/example_dags/example_dag_decorator.py
[2024-12-10T17:26:36.789-0600] {processor.py:925} INFO - DAG(s) 'example_dag_decorator' retrieved from /root/airflow_env/lib/python3.12/site-packages/airflow/example_dags/example_dag_decorator.py
[2024-12-10T17:26:36.873-0600] {logging_mixin.py:190} INFO - [2024-12-10T17:26:36.873-0600] {dag.py:3239} INFO - Sync 1 DAGs
[2024-12-10T17:26:36.884-0600] {logging_mixin.py:190} INFO - [2024-12-10T17:26:36.884-0600] {dag.py:4180} INFO - Setting next_dagrun for example_dag_decorator to None, run_after=None
[2024-12-10T17:26:36.906-0600] {processor.py:208} INFO - Processing /root/airflow_env/lib/python3.12/site-packages/airflow/example_dags/example_dag_decorator.py took 0.136 seconds
[2024-12-10T17:27:29.764-0600] {processor.py:186} INFO - Started process (PID=2682) to work on /root/airflow_env/lib/python3.12/site-packages/airflow/example_dags/example_dag_decorator.py
[2024-12-10T17:27:29.766-0600] {processor.py:914} INFO - Processing file /root/airflow_env/lib/python3.12/site-packages/airflow/example_dags/example_dag_decorator.py for tasks to queue
[2024-12-10T17:27:29.768-0600] {logging_mixin.py:190} INFO - [2024-12-10T17:27:29.768-0600] {dagbag.py:588} INFO - Filling up the DagBag from /root/airflow_env/lib/python3.12/site-packages/airflow/example_dags/example_dag_decorator.py
[2024-12-10T17:27:29.776-0600] {processor.py:925} INFO - DAG(s) 'example_dag_decorator' retrieved from /root/airflow_env/lib/python3.12/site-packages/airflow/example_dags/example_dag_decorator.py
[2024-12-10T17:27:29.838-0600] {logging_mixin.py:190} INFO - [2024-12-10T17:27:29.838-0600] {dag.py:3239} INFO - Sync 1 DAGs
[2024-12-10T17:27:29.846-0600] {logging_mixin.py:190} INFO - [2024-12-10T17:27:29.846-0600] {dag.py:4180} INFO - Setting next_dagrun for example_dag_decorator to None, run_after=None
[2024-12-10T17:27:29.864-0600] {processor.py:208} INFO - Processing /root/airflow_env/lib/python3.12/site-packages/airflow/example_dags/example_dag_decorator.py took 0.104 seconds
[2024-12-10T17:28:48.507-0600] {processor.py:186} INFO - Started process (PID=2767) to work on /root/airflow_env/lib/python3.12/site-packages/airflow/example_dags/example_dag_decorator.py
[2024-12-10T17:28:48.510-0600] {processor.py:914} INFO - Processing file /root/airflow_env/lib/python3.12/site-packages/airflow/example_dags/example_dag_decorator.py for tasks to queue
[2024-12-10T17:28:48.512-0600] {logging_mixin.py:190} INFO - [2024-12-10T17:28:48.511-0600] {dagbag.py:588} INFO - Filling up the DagBag from /root/airflow_env/lib/python3.12/site-packages/airflow/example_dags/example_dag_decorator.py
[2024-12-10T17:28:48.521-0600] {processor.py:925} INFO - DAG(s) 'example_dag_decorator' retrieved from /root/airflow_env/lib/python3.12/site-packages/airflow/example_dags/example_dag_decorator.py
[2024-12-10T17:28:48.585-0600] {logging_mixin.py:190} INFO - [2024-12-10T17:28:48.585-0600] {dag.py:3239} INFO - Sync 1 DAGs
[2024-12-10T17:28:48.591-0600] {logging_mixin.py:190} INFO - [2024-12-10T17:28:48.591-0600] {dag.py:4180} INFO - Setting next_dagrun for example_dag_decorator to None, run_after=None
[2024-12-10T17:28:48.608-0600] {processor.py:208} INFO - Processing /root/airflow_env/lib/python3.12/site-packages/airflow/example_dags/example_dag_decorator.py took 0.106 seconds
[2024-12-10T17:29:42.128-0600] {processor.py:186} INFO - Started process (PID=2827) to work on /root/airflow_env/lib/python3.12/site-packages/airflow/example_dags/example_dag_decorator.py
[2024-12-10T17:29:42.130-0600] {processor.py:914} INFO - Processing file /root/airflow_env/lib/python3.12/site-packages/airflow/example_dags/example_dag_decorator.py for tasks to queue
[2024-12-10T17:29:42.133-0600] {logging_mixin.py:190} INFO - [2024-12-10T17:29:42.132-0600] {dagbag.py:588} INFO - Filling up the DagBag from /root/airflow_env/lib/python3.12/site-packages/airflow/example_dags/example_dag_decorator.py
[2024-12-10T17:29:42.141-0600] {processor.py:925} INFO - DAG(s) 'example_dag_decorator' retrieved from /root/airflow_env/lib/python3.12/site-packages/airflow/example_dags/example_dag_decorator.py
[2024-12-10T17:29:42.201-0600] {logging_mixin.py:190} INFO - [2024-12-10T17:29:42.201-0600] {dag.py:3239} INFO - Sync 1 DAGs
[2024-12-10T17:29:42.208-0600] {logging_mixin.py:190} INFO - [2024-12-10T17:29:42.208-0600] {dag.py:4180} INFO - Setting next_dagrun for example_dag_decorator to None, run_after=None
[2024-12-10T17:29:42.224-0600] {processor.py:208} INFO - Processing /root/airflow_env/lib/python3.12/site-packages/airflow/example_dags/example_dag_decorator.py took 0.100 seconds
[2024-12-10T17:30:56.725-0600] {processor.py:186} INFO - Started process (PID=2916) to work on /root/airflow_env/lib/python3.12/site-packages/airflow/example_dags/example_dag_decorator.py
[2024-12-10T17:30:56.728-0600] {processor.py:914} INFO - Processing file /root/airflow_env/lib/python3.12/site-packages/airflow/example_dags/example_dag_decorator.py for tasks to queue
[2024-12-10T17:30:56.729-0600] {logging_mixin.py:190} INFO - [2024-12-10T17:30:56.729-0600] {dagbag.py:588} INFO - Filling up the DagBag from /root/airflow_env/lib/python3.12/site-packages/airflow/example_dags/example_dag_decorator.py
[2024-12-10T17:30:56.738-0600] {processor.py:925} INFO - DAG(s) 'example_dag_decorator' retrieved from /root/airflow_env/lib/python3.12/site-packages/airflow/example_dags/example_dag_decorator.py
[2024-12-10T17:30:56.798-0600] {logging_mixin.py:190} INFO - [2024-12-10T17:30:56.797-0600] {dag.py:3239} INFO - Sync 1 DAGs
[2024-12-10T17:30:56.805-0600] {logging_mixin.py:190} INFO - [2024-12-10T17:30:56.805-0600] {dag.py:4180} INFO - Setting next_dagrun for example_dag_decorator to None, run_after=None
[2024-12-10T17:30:56.820-0600] {processor.py:208} INFO - Processing /root/airflow_env/lib/python3.12/site-packages/airflow/example_dags/example_dag_decorator.py took 0.098 seconds
[2024-12-10T17:32:16.650-0600] {processor.py:186} INFO - Started process (PID=3002) to work on /root/airflow_env/lib/python3.12/site-packages/airflow/example_dags/example_dag_decorator.py
[2024-12-10T17:32:16.652-0600] {processor.py:914} INFO - Processing file /root/airflow_env/lib/python3.12/site-packages/airflow/example_dags/example_dag_decorator.py for tasks to queue
[2024-12-10T17:32:16.654-0600] {logging_mixin.py:190} INFO - [2024-12-10T17:32:16.654-0600] {dagbag.py:588} INFO - Filling up the DagBag from /root/airflow_env/lib/python3.12/site-packages/airflow/example_dags/example_dag_decorator.py
[2024-12-10T17:32:16.663-0600] {processor.py:925} INFO - DAG(s) 'example_dag_decorator' retrieved from /root/airflow_env/lib/python3.12/site-packages/airflow/example_dags/example_dag_decorator.py
[2024-12-10T17:32:16.723-0600] {logging_mixin.py:190} INFO - [2024-12-10T17:32:16.723-0600] {dag.py:3239} INFO - Sync 1 DAGs
[2024-12-10T17:32:16.730-0600] {logging_mixin.py:190} INFO - [2024-12-10T17:32:16.730-0600] {dag.py:4180} INFO - Setting next_dagrun for example_dag_decorator to None, run_after=None
[2024-12-10T17:32:16.747-0600] {processor.py:208} INFO - Processing /root/airflow_env/lib/python3.12/site-packages/airflow/example_dags/example_dag_decorator.py took 0.101 seconds
[2024-12-10T17:33:11.478-0600] {processor.py:186} INFO - Started process (PID=3062) to work on /root/airflow_env/lib/python3.12/site-packages/airflow/example_dags/example_dag_decorator.py
[2024-12-10T17:33:11.480-0600] {processor.py:914} INFO - Processing file /root/airflow_env/lib/python3.12/site-packages/airflow/example_dags/example_dag_decorator.py for tasks to queue
[2024-12-10T17:33:11.482-0600] {logging_mixin.py:190} INFO - [2024-12-10T17:33:11.482-0600] {dagbag.py:588} INFO - Filling up the DagBag from /root/airflow_env/lib/python3.12/site-packages/airflow/example_dags/example_dag_decorator.py
[2024-12-10T17:33:11.490-0600] {processor.py:925} INFO - DAG(s) 'example_dag_decorator' retrieved from /root/airflow_env/lib/python3.12/site-packages/airflow/example_dags/example_dag_decorator.py
[2024-12-10T17:33:11.550-0600] {logging_mixin.py:190} INFO - [2024-12-10T17:33:11.550-0600] {dag.py:3239} INFO - Sync 1 DAGs
[2024-12-10T17:33:11.557-0600] {logging_mixin.py:190} INFO - [2024-12-10T17:33:11.557-0600] {dag.py:4180} INFO - Setting next_dagrun for example_dag_decorator to None, run_after=None
[2024-12-10T17:33:11.574-0600] {processor.py:208} INFO - Processing /root/airflow_env/lib/python3.12/site-packages/airflow/example_dags/example_dag_decorator.py took 0.100 seconds
[2024-12-10T17:34:27.522-0600] {processor.py:186} INFO - Started process (PID=3252) to work on /root/airflow_env/lib/python3.12/site-packages/airflow/example_dags/example_dag_decorator.py
[2024-12-10T17:34:27.524-0600] {processor.py:914} INFO - Processing file /root/airflow_env/lib/python3.12/site-packages/airflow/example_dags/example_dag_decorator.py for tasks to queue
[2024-12-10T17:34:27.526-0600] {logging_mixin.py:190} INFO - [2024-12-10T17:34:27.526-0600] {dagbag.py:588} INFO - Filling up the DagBag from /root/airflow_env/lib/python3.12/site-packages/airflow/example_dags/example_dag_decorator.py
[2024-12-10T17:34:27.535-0600] {processor.py:925} INFO - DAG(s) 'example_dag_decorator' retrieved from /root/airflow_env/lib/python3.12/site-packages/airflow/example_dags/example_dag_decorator.py
[2024-12-10T17:34:27.599-0600] {logging_mixin.py:190} INFO - [2024-12-10T17:34:27.599-0600] {dag.py:3239} INFO - Sync 1 DAGs
[2024-12-10T17:34:27.607-0600] {logging_mixin.py:190} INFO - [2024-12-10T17:34:27.607-0600] {dag.py:4180} INFO - Setting next_dagrun for example_dag_decorator to None, run_after=None
[2024-12-10T17:34:27.624-0600] {processor.py:208} INFO - Processing /root/airflow_env/lib/python3.12/site-packages/airflow/example_dags/example_dag_decorator.py took 0.106 seconds
[2024-12-10T17:35:19.657-0600] {processor.py:186} INFO - Started process (PID=3312) to work on /root/airflow_env/lib/python3.12/site-packages/airflow/example_dags/example_dag_decorator.py
[2024-12-10T17:35:19.659-0600] {processor.py:914} INFO - Processing file /root/airflow_env/lib/python3.12/site-packages/airflow/example_dags/example_dag_decorator.py for tasks to queue
[2024-12-10T17:35:19.661-0600] {logging_mixin.py:190} INFO - [2024-12-10T17:35:19.661-0600] {dagbag.py:588} INFO - Filling up the DagBag from /root/airflow_env/lib/python3.12/site-packages/airflow/example_dags/example_dag_decorator.py
[2024-12-10T17:35:19.669-0600] {processor.py:925} INFO - DAG(s) 'example_dag_decorator' retrieved from /root/airflow_env/lib/python3.12/site-packages/airflow/example_dags/example_dag_decorator.py
[2024-12-10T17:35:19.729-0600] {logging_mixin.py:190} INFO - [2024-12-10T17:35:19.729-0600] {dag.py:3239} INFO - Sync 1 DAGs
[2024-12-10T17:35:19.735-0600] {logging_mixin.py:190} INFO - [2024-12-10T17:35:19.735-0600] {dag.py:4180} INFO - Setting next_dagrun for example_dag_decorator to None, run_after=None
[2024-12-10T17:35:19.751-0600] {processor.py:208} INFO - Processing /root/airflow_env/lib/python3.12/site-packages/airflow/example_dags/example_dag_decorator.py took 0.098 seconds
[2024-12-10T17:36:11.540-0600] {processor.py:186} INFO - Started process (PID=3369) to work on /root/airflow_env/lib/python3.12/site-packages/airflow/example_dags/example_dag_decorator.py
[2024-12-10T17:36:11.541-0600] {processor.py:914} INFO - Processing file /root/airflow_env/lib/python3.12/site-packages/airflow/example_dags/example_dag_decorator.py for tasks to queue
[2024-12-10T17:36:11.543-0600] {logging_mixin.py:190} INFO - [2024-12-10T17:36:11.542-0600] {dagbag.py:588} INFO - Filling up the DagBag from /root/airflow_env/lib/python3.12/site-packages/airflow/example_dags/example_dag_decorator.py
[2024-12-10T17:36:11.554-0600] {processor.py:925} INFO - DAG(s) 'example_dag_decorator' retrieved from /root/airflow_env/lib/python3.12/site-packages/airflow/example_dags/example_dag_decorator.py
[2024-12-10T17:36:11.617-0600] {logging_mixin.py:190} INFO - [2024-12-10T17:36:11.617-0600] {dag.py:3239} INFO - Sync 1 DAGs
[2024-12-10T17:36:11.624-0600] {logging_mixin.py:190} INFO - [2024-12-10T17:36:11.624-0600] {dag.py:4180} INFO - Setting next_dagrun for example_dag_decorator to None, run_after=None
[2024-12-10T17:36:11.638-0600] {processor.py:208} INFO - Processing /root/airflow_env/lib/python3.12/site-packages/airflow/example_dags/example_dag_decorator.py took 0.104 seconds
[2024-12-10T17:37:27.103-0600] {processor.py:186} INFO - Started process (PID=3454) to work on /root/airflow_env/lib/python3.12/site-packages/airflow/example_dags/example_dag_decorator.py
[2024-12-10T17:37:27.105-0600] {processor.py:914} INFO - Processing file /root/airflow_env/lib/python3.12/site-packages/airflow/example_dags/example_dag_decorator.py for tasks to queue
[2024-12-10T17:37:27.107-0600] {logging_mixin.py:190} INFO - [2024-12-10T17:37:27.107-0600] {dagbag.py:588} INFO - Filling up the DagBag from /root/airflow_env/lib/python3.12/site-packages/airflow/example_dags/example_dag_decorator.py
[2024-12-10T17:37:27.115-0600] {processor.py:925} INFO - DAG(s) 'example_dag_decorator' retrieved from /root/airflow_env/lib/python3.12/site-packages/airflow/example_dags/example_dag_decorator.py
[2024-12-10T17:37:27.174-0600] {logging_mixin.py:190} INFO - [2024-12-10T17:37:27.174-0600] {dag.py:3239} INFO - Sync 1 DAGs
[2024-12-10T17:37:27.181-0600] {logging_mixin.py:190} INFO - [2024-12-10T17:37:27.181-0600] {dag.py:4180} INFO - Setting next_dagrun for example_dag_decorator to None, run_after=None
[2024-12-10T17:37:27.198-0600] {processor.py:208} INFO - Processing /root/airflow_env/lib/python3.12/site-packages/airflow/example_dags/example_dag_decorator.py took 0.099 seconds
[2024-12-10T17:38:42.586-0600] {processor.py:186} INFO - Started process (PID=3538) to work on /root/airflow_env/lib/python3.12/site-packages/airflow/example_dags/example_dag_decorator.py
[2024-12-10T17:38:42.589-0600] {processor.py:914} INFO - Processing file /root/airflow_env/lib/python3.12/site-packages/airflow/example_dags/example_dag_decorator.py for tasks to queue
[2024-12-10T17:38:42.591-0600] {logging_mixin.py:190} INFO - [2024-12-10T17:38:42.591-0600] {dagbag.py:588} INFO - Filling up the DagBag from /root/airflow_env/lib/python3.12/site-packages/airflow/example_dags/example_dag_decorator.py
[2024-12-10T17:38:42.600-0600] {processor.py:925} INFO - DAG(s) 'example_dag_decorator' retrieved from /root/airflow_env/lib/python3.12/site-packages/airflow/example_dags/example_dag_decorator.py
[2024-12-10T17:38:42.677-0600] {logging_mixin.py:190} INFO - [2024-12-10T17:38:42.677-0600] {dag.py:3239} INFO - Sync 1 DAGs
[2024-12-10T17:38:42.687-0600] {logging_mixin.py:190} INFO - [2024-12-10T17:38:42.686-0600] {dag.py:4180} INFO - Setting next_dagrun for example_dag_decorator to None, run_after=None
[2024-12-10T17:38:42.708-0600] {processor.py:208} INFO - Processing /root/airflow_env/lib/python3.12/site-packages/airflow/example_dags/example_dag_decorator.py took 0.125 seconds
[2024-12-10T17:39:35.260-0600] {processor.py:186} INFO - Started process (PID=3595) to work on /root/airflow_env/lib/python3.12/site-packages/airflow/example_dags/example_dag_decorator.py
[2024-12-10T17:39:35.262-0600] {processor.py:914} INFO - Processing file /root/airflow_env/lib/python3.12/site-packages/airflow/example_dags/example_dag_decorator.py for tasks to queue
[2024-12-10T17:39:35.264-0600] {logging_mixin.py:190} INFO - [2024-12-10T17:39:35.263-0600] {dagbag.py:588} INFO - Filling up the DagBag from /root/airflow_env/lib/python3.12/site-packages/airflow/example_dags/example_dag_decorator.py
[2024-12-10T17:39:35.273-0600] {processor.py:925} INFO - DAG(s) 'example_dag_decorator' retrieved from /root/airflow_env/lib/python3.12/site-packages/airflow/example_dags/example_dag_decorator.py
[2024-12-10T17:39:35.541-0600] {logging_mixin.py:190} INFO - [2024-12-10T17:39:35.541-0600] {dag.py:3239} INFO - Sync 1 DAGs
[2024-12-10T17:39:35.548-0600] {logging_mixin.py:190} INFO - [2024-12-10T17:39:35.547-0600] {dag.py:4180} INFO - Setting next_dagrun for example_dag_decorator to None, run_after=None
[2024-12-10T17:39:35.564-0600] {processor.py:208} INFO - Processing /root/airflow_env/lib/python3.12/site-packages/airflow/example_dags/example_dag_decorator.py took 0.308 seconds
[2024-12-10T17:40:29.529-0600] {processor.py:186} INFO - Started process (PID=3659) to work on /root/airflow_env/lib/python3.12/site-packages/airflow/example_dags/example_dag_decorator.py
[2024-12-10T17:40:29.531-0600] {processor.py:914} INFO - Processing file /root/airflow_env/lib/python3.12/site-packages/airflow/example_dags/example_dag_decorator.py for tasks to queue
[2024-12-10T17:40:29.533-0600] {logging_mixin.py:190} INFO - [2024-12-10T17:40:29.532-0600] {dagbag.py:588} INFO - Filling up the DagBag from /root/airflow_env/lib/python3.12/site-packages/airflow/example_dags/example_dag_decorator.py
[2024-12-10T17:40:29.542-0600] {processor.py:925} INFO - DAG(s) 'example_dag_decorator' retrieved from /root/airflow_env/lib/python3.12/site-packages/airflow/example_dags/example_dag_decorator.py
[2024-12-10T17:40:29.605-0600] {logging_mixin.py:190} INFO - [2024-12-10T17:40:29.605-0600] {dag.py:3239} INFO - Sync 1 DAGs
[2024-12-10T17:40:29.613-0600] {logging_mixin.py:190} INFO - [2024-12-10T17:40:29.613-0600] {dag.py:4180} INFO - Setting next_dagrun for example_dag_decorator to None, run_after=None
[2024-12-10T17:40:29.745-0600] {processor.py:208} INFO - Processing /root/airflow_env/lib/python3.12/site-packages/airflow/example_dags/example_dag_decorator.py took 0.220 seconds
[2024-12-10T17:41:25.039-0600] {processor.py:186} INFO - Started process (PID=3719) to work on /root/airflow_env/lib/python3.12/site-packages/airflow/example_dags/example_dag_decorator.py
[2024-12-10T17:41:25.041-0600] {processor.py:914} INFO - Processing file /root/airflow_env/lib/python3.12/site-packages/airflow/example_dags/example_dag_decorator.py for tasks to queue
[2024-12-10T17:41:25.043-0600] {logging_mixin.py:190} INFO - [2024-12-10T17:41:25.042-0600] {dagbag.py:588} INFO - Filling up the DagBag from /root/airflow_env/lib/python3.12/site-packages/airflow/example_dags/example_dag_decorator.py
[2024-12-10T17:41:25.051-0600] {processor.py:925} INFO - DAG(s) 'example_dag_decorator' retrieved from /root/airflow_env/lib/python3.12/site-packages/airflow/example_dags/example_dag_decorator.py
[2024-12-10T17:41:25.114-0600] {logging_mixin.py:190} INFO - [2024-12-10T17:41:25.114-0600] {dag.py:3239} INFO - Sync 1 DAGs
[2024-12-10T17:41:25.121-0600] {logging_mixin.py:190} INFO - [2024-12-10T17:41:25.120-0600] {dag.py:4180} INFO - Setting next_dagrun for example_dag_decorator to None, run_after=None
[2024-12-10T17:41:25.138-0600] {processor.py:208} INFO - Processing /root/airflow_env/lib/python3.12/site-packages/airflow/example_dags/example_dag_decorator.py took 0.104 seconds
[2024-12-10T17:42:15.902-0600] {processor.py:186} INFO - Started process (PID=3778) to work on /root/airflow_env/lib/python3.12/site-packages/airflow/example_dags/example_dag_decorator.py
[2024-12-10T17:42:15.905-0600] {processor.py:914} INFO - Processing file /root/airflow_env/lib/python3.12/site-packages/airflow/example_dags/example_dag_decorator.py for tasks to queue
[2024-12-10T17:42:15.907-0600] {logging_mixin.py:190} INFO - [2024-12-10T17:42:15.906-0600] {dagbag.py:588} INFO - Filling up the DagBag from /root/airflow_env/lib/python3.12/site-packages/airflow/example_dags/example_dag_decorator.py
[2024-12-10T17:42:15.915-0600] {processor.py:925} INFO - DAG(s) 'example_dag_decorator' retrieved from /root/airflow_env/lib/python3.12/site-packages/airflow/example_dags/example_dag_decorator.py
[2024-12-10T17:42:16.064-0600] {logging_mixin.py:190} INFO - [2024-12-10T17:42:16.064-0600] {dag.py:3239} INFO - Sync 1 DAGs
[2024-12-10T17:42:16.070-0600] {logging_mixin.py:190} INFO - [2024-12-10T17:42:16.070-0600] {dag.py:4180} INFO - Setting next_dagrun for example_dag_decorator to None, run_after=None
[2024-12-10T17:42:16.086-0600] {processor.py:208} INFO - Processing /root/airflow_env/lib/python3.12/site-packages/airflow/example_dags/example_dag_decorator.py took 0.188 seconds
[2024-12-10T17:43:09.878-0600] {processor.py:186} INFO - Started process (PID=3851) to work on /root/airflow_env/lib/python3.12/site-packages/airflow/example_dags/example_dag_decorator.py
[2024-12-10T17:43:09.881-0600] {processor.py:914} INFO - Processing file /root/airflow_env/lib/python3.12/site-packages/airflow/example_dags/example_dag_decorator.py for tasks to queue
[2024-12-10T17:43:09.882-0600] {logging_mixin.py:190} INFO - [2024-12-10T17:43:09.882-0600] {dagbag.py:588} INFO - Filling up the DagBag from /root/airflow_env/lib/python3.12/site-packages/airflow/example_dags/example_dag_decorator.py
[2024-12-10T17:43:09.891-0600] {processor.py:925} INFO - DAG(s) 'example_dag_decorator' retrieved from /root/airflow_env/lib/python3.12/site-packages/airflow/example_dags/example_dag_decorator.py
[2024-12-10T17:43:09.951-0600] {logging_mixin.py:190} INFO - [2024-12-10T17:43:09.951-0600] {dag.py:3239} INFO - Sync 1 DAGs
[2024-12-10T17:43:10.044-0600] {logging_mixin.py:190} INFO - [2024-12-10T17:43:10.043-0600] {dag.py:4180} INFO - Setting next_dagrun for example_dag_decorator to None, run_after=None
[2024-12-10T17:43:10.059-0600] {processor.py:208} INFO - Processing /root/airflow_env/lib/python3.12/site-packages/airflow/example_dags/example_dag_decorator.py took 0.185 seconds
[2024-12-10T17:44:01.332-0600] {processor.py:186} INFO - Started process (PID=3910) to work on /root/airflow_env/lib/python3.12/site-packages/airflow/example_dags/example_dag_decorator.py
[2024-12-10T17:44:01.334-0600] {processor.py:914} INFO - Processing file /root/airflow_env/lib/python3.12/site-packages/airflow/example_dags/example_dag_decorator.py for tasks to queue
[2024-12-10T17:44:01.339-0600] {logging_mixin.py:190} INFO - [2024-12-10T17:44:01.337-0600] {dagbag.py:588} INFO - Filling up the DagBag from /root/airflow_env/lib/python3.12/site-packages/airflow/example_dags/example_dag_decorator.py
[2024-12-10T17:44:01.353-0600] {processor.py:925} INFO - DAG(s) 'example_dag_decorator' retrieved from /root/airflow_env/lib/python3.12/site-packages/airflow/example_dags/example_dag_decorator.py
[2024-12-10T17:44:01.540-0600] {logging_mixin.py:190} INFO - [2024-12-10T17:44:01.540-0600] {dag.py:3239} INFO - Sync 1 DAGs
[2024-12-10T17:44:01.552-0600] {logging_mixin.py:190} INFO - [2024-12-10T17:44:01.551-0600] {dag.py:4180} INFO - Setting next_dagrun for example_dag_decorator to None, run_after=None
[2024-12-10T17:44:01.572-0600] {processor.py:208} INFO - Processing /root/airflow_env/lib/python3.12/site-packages/airflow/example_dags/example_dag_decorator.py took 0.243 seconds
[2024-12-10T17:44:53.351-0600] {processor.py:186} INFO - Started process (PID=3966) to work on /root/airflow_env/lib/python3.12/site-packages/airflow/example_dags/example_dag_decorator.py
[2024-12-10T17:44:53.354-0600] {processor.py:914} INFO - Processing file /root/airflow_env/lib/python3.12/site-packages/airflow/example_dags/example_dag_decorator.py for tasks to queue
[2024-12-10T17:44:53.355-0600] {logging_mixin.py:190} INFO - [2024-12-10T17:44:53.355-0600] {dagbag.py:588} INFO - Filling up the DagBag from /root/airflow_env/lib/python3.12/site-packages/airflow/example_dags/example_dag_decorator.py
[2024-12-10T17:44:53.364-0600] {processor.py:925} INFO - DAG(s) 'example_dag_decorator' retrieved from /root/airflow_env/lib/python3.12/site-packages/airflow/example_dags/example_dag_decorator.py
[2024-12-10T17:44:53.546-0600] {logging_mixin.py:190} INFO - [2024-12-10T17:44:53.546-0600] {dag.py:3239} INFO - Sync 1 DAGs
[2024-12-10T17:44:53.552-0600] {logging_mixin.py:190} INFO - [2024-12-10T17:44:53.552-0600] {dag.py:4180} INFO - Setting next_dagrun for example_dag_decorator to None, run_after=None
[2024-12-10T17:44:53.569-0600] {processor.py:208} INFO - Processing /root/airflow_env/lib/python3.12/site-packages/airflow/example_dags/example_dag_decorator.py took 0.222 seconds
[2024-12-10T17:45:49.170-0600] {processor.py:186} INFO - Started process (PID=4028) to work on /root/airflow_env/lib/python3.12/site-packages/airflow/example_dags/example_dag_decorator.py
[2024-12-10T17:45:49.174-0600] {processor.py:914} INFO - Processing file /root/airflow_env/lib/python3.12/site-packages/airflow/example_dags/example_dag_decorator.py for tasks to queue
[2024-12-10T17:45:49.176-0600] {logging_mixin.py:190} INFO - [2024-12-10T17:45:49.176-0600] {dagbag.py:588} INFO - Filling up the DagBag from /root/airflow_env/lib/python3.12/site-packages/airflow/example_dags/example_dag_decorator.py
[2024-12-10T17:45:49.184-0600] {processor.py:925} INFO - DAG(s) 'example_dag_decorator' retrieved from /root/airflow_env/lib/python3.12/site-packages/airflow/example_dags/example_dag_decorator.py
[2024-12-10T17:45:49.330-0600] {logging_mixin.py:190} INFO - [2024-12-10T17:45:49.330-0600] {dag.py:3239} INFO - Sync 1 DAGs
[2024-12-10T17:45:49.336-0600] {logging_mixin.py:190} INFO - [2024-12-10T17:45:49.336-0600] {dag.py:4180} INFO - Setting next_dagrun for example_dag_decorator to None, run_after=None
[2024-12-10T17:45:49.351-0600] {processor.py:208} INFO - Processing /root/airflow_env/lib/python3.12/site-packages/airflow/example_dags/example_dag_decorator.py took 0.185 seconds
[2024-12-10T17:46:47.237-0600] {processor.py:186} INFO - Started process (PID=4088) to work on /root/airflow_env/lib/python3.12/site-packages/airflow/example_dags/example_dag_decorator.py
[2024-12-10T17:46:47.239-0600] {processor.py:914} INFO - Processing file /root/airflow_env/lib/python3.12/site-packages/airflow/example_dags/example_dag_decorator.py for tasks to queue
[2024-12-10T17:46:47.241-0600] {logging_mixin.py:190} INFO - [2024-12-10T17:46:47.241-0600] {dagbag.py:588} INFO - Filling up the DagBag from /root/airflow_env/lib/python3.12/site-packages/airflow/example_dags/example_dag_decorator.py
[2024-12-10T17:46:47.250-0600] {processor.py:925} INFO - DAG(s) 'example_dag_decorator' retrieved from /root/airflow_env/lib/python3.12/site-packages/airflow/example_dags/example_dag_decorator.py
[2024-12-10T17:46:47.393-0600] {logging_mixin.py:190} INFO - [2024-12-10T17:46:47.393-0600] {dag.py:3239} INFO - Sync 1 DAGs
[2024-12-10T17:46:47.399-0600] {logging_mixin.py:190} INFO - [2024-12-10T17:46:47.399-0600] {dag.py:4180} INFO - Setting next_dagrun for example_dag_decorator to None, run_after=None
[2024-12-10T17:46:47.415-0600] {processor.py:208} INFO - Processing /root/airflow_env/lib/python3.12/site-packages/airflow/example_dags/example_dag_decorator.py took 0.182 seconds
[2024-12-10T17:47:45.685-0600] {processor.py:186} INFO - Started process (PID=4150) to work on /root/airflow_env/lib/python3.12/site-packages/airflow/example_dags/example_dag_decorator.py
[2024-12-10T17:47:45.687-0600] {processor.py:914} INFO - Processing file /root/airflow_env/lib/python3.12/site-packages/airflow/example_dags/example_dag_decorator.py for tasks to queue
[2024-12-10T17:47:45.689-0600] {logging_mixin.py:190} INFO - [2024-12-10T17:47:45.689-0600] {dagbag.py:588} INFO - Filling up the DagBag from /root/airflow_env/lib/python3.12/site-packages/airflow/example_dags/example_dag_decorator.py
[2024-12-10T17:47:45.698-0600] {processor.py:925} INFO - DAG(s) 'example_dag_decorator' retrieved from /root/airflow_env/lib/python3.12/site-packages/airflow/example_dags/example_dag_decorator.py
[2024-12-10T17:47:45.840-0600] {logging_mixin.py:190} INFO - [2024-12-10T17:47:45.840-0600] {dag.py:3239} INFO - Sync 1 DAGs
[2024-12-10T17:47:45.847-0600] {logging_mixin.py:190} INFO - [2024-12-10T17:47:45.846-0600] {dag.py:4180} INFO - Setting next_dagrun for example_dag_decorator to None, run_after=None
[2024-12-10T17:47:45.863-0600] {processor.py:208} INFO - Processing /root/airflow_env/lib/python3.12/site-packages/airflow/example_dags/example_dag_decorator.py took 0.182 seconds
[2024-12-10T17:48:42.086-0600] {processor.py:186} INFO - Started process (PID=4210) to work on /root/airflow_env/lib/python3.12/site-packages/airflow/example_dags/example_dag_decorator.py
[2024-12-10T17:48:42.088-0600] {processor.py:914} INFO - Processing file /root/airflow_env/lib/python3.12/site-packages/airflow/example_dags/example_dag_decorator.py for tasks to queue
[2024-12-10T17:48:42.090-0600] {logging_mixin.py:190} INFO - [2024-12-10T17:48:42.090-0600] {dagbag.py:588} INFO - Filling up the DagBag from /root/airflow_env/lib/python3.12/site-packages/airflow/example_dags/example_dag_decorator.py
[2024-12-10T17:48:42.099-0600] {processor.py:925} INFO - DAG(s) 'example_dag_decorator' retrieved from /root/airflow_env/lib/python3.12/site-packages/airflow/example_dags/example_dag_decorator.py
[2024-12-10T17:48:42.247-0600] {logging_mixin.py:190} INFO - [2024-12-10T17:48:42.247-0600] {dag.py:3239} INFO - Sync 1 DAGs
[2024-12-10T17:48:42.253-0600] {logging_mixin.py:190} INFO - [2024-12-10T17:48:42.253-0600] {dag.py:4180} INFO - Setting next_dagrun for example_dag_decorator to None, run_after=None
[2024-12-10T17:48:42.267-0600] {processor.py:208} INFO - Processing /root/airflow_env/lib/python3.12/site-packages/airflow/example_dags/example_dag_decorator.py took 0.185 seconds
[2024-12-10T17:49:38.393-0600] {processor.py:186} INFO - Started process (PID=4268) to work on /root/airflow_env/lib/python3.12/site-packages/airflow/example_dags/example_dag_decorator.py
[2024-12-10T17:49:38.396-0600] {processor.py:914} INFO - Processing file /root/airflow_env/lib/python3.12/site-packages/airflow/example_dags/example_dag_decorator.py for tasks to queue
[2024-12-10T17:49:38.398-0600] {logging_mixin.py:190} INFO - [2024-12-10T17:49:38.397-0600] {dagbag.py:588} INFO - Filling up the DagBag from /root/airflow_env/lib/python3.12/site-packages/airflow/example_dags/example_dag_decorator.py
[2024-12-10T17:49:38.407-0600] {processor.py:925} INFO - DAG(s) 'example_dag_decorator' retrieved from /root/airflow_env/lib/python3.12/site-packages/airflow/example_dags/example_dag_decorator.py
[2024-12-10T17:49:38.467-0600] {logging_mixin.py:190} INFO - [2024-12-10T17:49:38.466-0600] {dag.py:3239} INFO - Sync 1 DAGs
[2024-12-10T17:49:38.473-0600] {logging_mixin.py:190} INFO - [2024-12-10T17:49:38.473-0600] {dag.py:4180} INFO - Setting next_dagrun for example_dag_decorator to None, run_after=None
[2024-12-10T17:49:38.490-0600] {processor.py:208} INFO - Processing /root/airflow_env/lib/python3.12/site-packages/airflow/example_dags/example_dag_decorator.py took 0.101 seconds
[2024-12-10T17:50:31.083-0600] {processor.py:186} INFO - Started process (PID=4331) to work on /root/airflow_env/lib/python3.12/site-packages/airflow/example_dags/example_dag_decorator.py
[2024-12-10T17:50:31.085-0600] {processor.py:914} INFO - Processing file /root/airflow_env/lib/python3.12/site-packages/airflow/example_dags/example_dag_decorator.py for tasks to queue
[2024-12-10T17:50:31.086-0600] {logging_mixin.py:190} INFO - [2024-12-10T17:50:31.086-0600] {dagbag.py:588} INFO - Filling up the DagBag from /root/airflow_env/lib/python3.12/site-packages/airflow/example_dags/example_dag_decorator.py
[2024-12-10T17:50:31.095-0600] {processor.py:925} INFO - DAG(s) 'example_dag_decorator' retrieved from /root/airflow_env/lib/python3.12/site-packages/airflow/example_dags/example_dag_decorator.py
[2024-12-10T17:50:31.154-0600] {logging_mixin.py:190} INFO - [2024-12-10T17:50:31.154-0600] {dag.py:3239} INFO - Sync 1 DAGs
[2024-12-10T17:50:31.161-0600] {logging_mixin.py:190} INFO - [2024-12-10T17:50:31.161-0600] {dag.py:4180} INFO - Setting next_dagrun for example_dag_decorator to None, run_after=None
[2024-12-10T17:50:31.177-0600] {processor.py:208} INFO - Processing /root/airflow_env/lib/python3.12/site-packages/airflow/example_dags/example_dag_decorator.py took 0.098 seconds
[2024-12-10T17:55:40.864-0600] {processor.py:186} INFO - Started process (PID=4642) to work on /root/airflow_env/lib/python3.12/site-packages/airflow/example_dags/example_dag_decorator.py
[2024-12-10T17:55:40.866-0600] {processor.py:914} INFO - Processing file /root/airflow_env/lib/python3.12/site-packages/airflow/example_dags/example_dag_decorator.py for tasks to queue
[2024-12-10T17:55:40.868-0600] {logging_mixin.py:190} INFO - [2024-12-10T17:55:40.867-0600] {dagbag.py:588} INFO - Filling up the DagBag from /root/airflow_env/lib/python3.12/site-packages/airflow/example_dags/example_dag_decorator.py
[2024-12-10T17:55:40.877-0600] {processor.py:925} INFO - DAG(s) 'example_dag_decorator' retrieved from /root/airflow_env/lib/python3.12/site-packages/airflow/example_dags/example_dag_decorator.py
[2024-12-10T17:55:40.951-0600] {logging_mixin.py:190} INFO - [2024-12-10T17:55:40.951-0600] {dag.py:3239} INFO - Sync 1 DAGs
[2024-12-10T17:55:40.961-0600] {logging_mixin.py:190} INFO - [2024-12-10T17:55:40.961-0600] {dag.py:4180} INFO - Setting next_dagrun for example_dag_decorator to None, run_after=None
[2024-12-10T17:55:40.981-0600] {processor.py:208} INFO - Processing /root/airflow_env/lib/python3.12/site-packages/airflow/example_dags/example_dag_decorator.py took 0.122 seconds
[2024-12-10T17:56:39.021-0600] {processor.py:186} INFO - Started process (PID=4715) to work on /root/airflow_env/lib/python3.12/site-packages/airflow/example_dags/example_dag_decorator.py
[2024-12-10T17:56:39.023-0600] {processor.py:914} INFO - Processing file /root/airflow_env/lib/python3.12/site-packages/airflow/example_dags/example_dag_decorator.py for tasks to queue
[2024-12-10T17:56:39.025-0600] {logging_mixin.py:190} INFO - [2024-12-10T17:56:39.025-0600] {dagbag.py:588} INFO - Filling up the DagBag from /root/airflow_env/lib/python3.12/site-packages/airflow/example_dags/example_dag_decorator.py
[2024-12-10T17:56:39.033-0600] {processor.py:925} INFO - DAG(s) 'example_dag_decorator' retrieved from /root/airflow_env/lib/python3.12/site-packages/airflow/example_dags/example_dag_decorator.py
[2024-12-10T17:56:39.095-0600] {logging_mixin.py:190} INFO - [2024-12-10T17:56:39.095-0600] {dag.py:3239} INFO - Sync 1 DAGs
[2024-12-10T17:56:39.101-0600] {logging_mixin.py:190} INFO - [2024-12-10T17:56:39.101-0600] {dag.py:4180} INFO - Setting next_dagrun for example_dag_decorator to None, run_after=None
[2024-12-10T17:56:39.117-0600] {processor.py:208} INFO - Processing /root/airflow_env/lib/python3.12/site-packages/airflow/example_dags/example_dag_decorator.py took 0.100 seconds
[2024-12-10T17:57:35.357-0600] {processor.py:186} INFO - Started process (PID=4792) to work on /root/airflow_env/lib/python3.12/site-packages/airflow/example_dags/example_dag_decorator.py
[2024-12-10T17:57:35.359-0600] {processor.py:914} INFO - Processing file /root/airflow_env/lib/python3.12/site-packages/airflow/example_dags/example_dag_decorator.py for tasks to queue
[2024-12-10T17:57:35.363-0600] {logging_mixin.py:190} INFO - [2024-12-10T17:57:35.363-0600] {dagbag.py:588} INFO - Filling up the DagBag from /root/airflow_env/lib/python3.12/site-packages/airflow/example_dags/example_dag_decorator.py
[2024-12-10T17:57:35.376-0600] {processor.py:925} INFO - DAG(s) 'example_dag_decorator' retrieved from /root/airflow_env/lib/python3.12/site-packages/airflow/example_dags/example_dag_decorator.py
[2024-12-10T17:57:35.494-0600] {logging_mixin.py:190} INFO - [2024-12-10T17:57:35.493-0600] {dag.py:3239} INFO - Sync 1 DAGs
[2024-12-10T17:57:35.506-0600] {logging_mixin.py:190} INFO - [2024-12-10T17:57:35.506-0600] {dag.py:4180} INFO - Setting next_dagrun for example_dag_decorator to None, run_after=None
[2024-12-10T17:57:35.548-0600] {processor.py:208} INFO - Processing /root/airflow_env/lib/python3.12/site-packages/airflow/example_dags/example_dag_decorator.py took 0.265 seconds
[2024-12-10T17:58:31.157-0600] {processor.py:186} INFO - Started process (PID=4865) to work on /root/airflow_env/lib/python3.12/site-packages/airflow/example_dags/example_dag_decorator.py
[2024-12-10T17:58:31.159-0600] {processor.py:914} INFO - Processing file /root/airflow_env/lib/python3.12/site-packages/airflow/example_dags/example_dag_decorator.py for tasks to queue
[2024-12-10T17:58:31.161-0600] {logging_mixin.py:190} INFO - [2024-12-10T17:58:31.161-0600] {dagbag.py:588} INFO - Filling up the DagBag from /root/airflow_env/lib/python3.12/site-packages/airflow/example_dags/example_dag_decorator.py
[2024-12-10T17:58:31.169-0600] {processor.py:925} INFO - DAG(s) 'example_dag_decorator' retrieved from /root/airflow_env/lib/python3.12/site-packages/airflow/example_dags/example_dag_decorator.py
[2024-12-10T17:58:31.230-0600] {logging_mixin.py:190} INFO - [2024-12-10T17:58:31.230-0600] {dag.py:3239} INFO - Sync 1 DAGs
[2024-12-10T17:58:31.237-0600] {logging_mixin.py:190} INFO - [2024-12-10T17:58:31.237-0600] {dag.py:4180} INFO - Setting next_dagrun for example_dag_decorator to None, run_after=None
[2024-12-10T17:58:31.253-0600] {processor.py:208} INFO - Processing /root/airflow_env/lib/python3.12/site-packages/airflow/example_dags/example_dag_decorator.py took 0.100 seconds
[2024-12-10T17:59:41.892-0600] {processor.py:186} INFO - Started process (PID=4964) to work on /root/airflow_env/lib/python3.12/site-packages/airflow/example_dags/example_dag_decorator.py
[2024-12-10T17:59:41.894-0600] {processor.py:914} INFO - Processing file /root/airflow_env/lib/python3.12/site-packages/airflow/example_dags/example_dag_decorator.py for tasks to queue
[2024-12-10T17:59:41.895-0600] {logging_mixin.py:190} INFO - [2024-12-10T17:59:41.895-0600] {dagbag.py:588} INFO - Filling up the DagBag from /root/airflow_env/lib/python3.12/site-packages/airflow/example_dags/example_dag_decorator.py
[2024-12-10T17:59:41.905-0600] {processor.py:925} INFO - DAG(s) 'example_dag_decorator' retrieved from /root/airflow_env/lib/python3.12/site-packages/airflow/example_dags/example_dag_decorator.py
[2024-12-10T17:59:41.969-0600] {logging_mixin.py:190} INFO - [2024-12-10T17:59:41.969-0600] {dag.py:3239} INFO - Sync 1 DAGs
[2024-12-10T17:59:41.975-0600] {logging_mixin.py:190} INFO - [2024-12-10T17:59:41.975-0600] {dag.py:4180} INFO - Setting next_dagrun for example_dag_decorator to None, run_after=None
[2024-12-10T17:59:41.992-0600] {processor.py:208} INFO - Processing /root/airflow_env/lib/python3.12/site-packages/airflow/example_dags/example_dag_decorator.py took 0.105 seconds
