[2024-12-10T17:00:18.468-0600] {processor.py:186} INFO - Started process (PID=710) to work on /root/airflow_env/lib/python3.12/site-packages/airflow/example_dags/example_short_circuit_decorator.py
[2024-12-10T17:00:18.469-0600] {processor.py:914} INFO - Processing file /root/airflow_env/lib/python3.12/site-packages/airflow/example_dags/example_short_circuit_decorator.py for tasks to queue
[2024-12-10T17:00:18.471-0600] {logging_mixin.py:190} INFO - [2024-12-10T17:00:18.471-0600] {dagbag.py:588} INFO - Filling up the DagBag from /root/airflow_env/lib/python3.12/site-packages/airflow/example_dags/example_short_circuit_decorator.py
[2024-12-10T17:00:18.482-0600] {processor.py:925} INFO - DAG(s) 'example_short_circuit_decorator' retrieved from /root/airflow_env/lib/python3.12/site-packages/airflow/example_dags/example_short_circuit_decorator.py
[2024-12-10T17:00:18.498-0600] {logging_mixin.py:190} INFO - [2024-12-10T17:00:18.498-0600] {dag.py:3239} INFO - Sync 1 DAGs
[2024-12-10T17:00:18.509-0600] {logging_mixin.py:190} INFO - [2024-12-10T17:00:18.508-0600] {dag.py:4180} INFO - Setting next_dagrun for example_short_circuit_decorator to None, run_after=None
[2024-12-10T17:00:18.545-0600] {processor.py:208} INFO - Processing /root/airflow_env/lib/python3.12/site-packages/airflow/example_dags/example_short_circuit_decorator.py took 0.083 seconds
[2024-12-10T17:01:14.065-0600] {processor.py:186} INFO - Started process (PID=782) to work on /root/airflow_env/lib/python3.12/site-packages/airflow/example_dags/example_short_circuit_decorator.py
[2024-12-10T17:01:14.066-0600] {processor.py:914} INFO - Processing file /root/airflow_env/lib/python3.12/site-packages/airflow/example_dags/example_short_circuit_decorator.py for tasks to queue
[2024-12-10T17:01:14.068-0600] {logging_mixin.py:190} INFO - [2024-12-10T17:01:14.068-0600] {dagbag.py:588} INFO - Filling up the DagBag from /root/airflow_env/lib/python3.12/site-packages/airflow/example_dags/example_short_circuit_decorator.py
[2024-12-10T17:01:14.076-0600] {processor.py:925} INFO - DAG(s) 'example_short_circuit_decorator' retrieved from /root/airflow_env/lib/python3.12/site-packages/airflow/example_dags/example_short_circuit_decorator.py
[2024-12-10T17:01:14.091-0600] {logging_mixin.py:190} INFO - [2024-12-10T17:01:14.090-0600] {dag.py:3239} INFO - Sync 1 DAGs
[2024-12-10T17:01:14.100-0600] {logging_mixin.py:190} INFO - [2024-12-10T17:01:14.100-0600] {dag.py:4180} INFO - Setting next_dagrun for example_short_circuit_decorator to None, run_after=None
[2024-12-10T17:01:14.118-0600] {processor.py:208} INFO - Processing /root/airflow_env/lib/python3.12/site-packages/airflow/example_dags/example_short_circuit_decorator.py took 0.057 seconds
[2024-12-10T17:02:30.162-0600] {processor.py:186} INFO - Started process (PID=923) to work on /root/airflow_env/lib/python3.12/site-packages/airflow/example_dags/example_short_circuit_decorator.py
[2024-12-10T17:02:30.164-0600] {processor.py:914} INFO - Processing file /root/airflow_env/lib/python3.12/site-packages/airflow/example_dags/example_short_circuit_decorator.py for tasks to queue
[2024-12-10T17:02:30.167-0600] {logging_mixin.py:190} INFO - [2024-12-10T17:02:30.166-0600] {dagbag.py:588} INFO - Filling up the DagBag from /root/airflow_env/lib/python3.12/site-packages/airflow/example_dags/example_short_circuit_decorator.py
[2024-12-10T17:02:30.184-0600] {processor.py:925} INFO - DAG(s) 'example_short_circuit_decorator' retrieved from /root/airflow_env/lib/python3.12/site-packages/airflow/example_dags/example_short_circuit_decorator.py
[2024-12-10T17:02:30.211-0600] {logging_mixin.py:190} INFO - [2024-12-10T17:02:30.211-0600] {dag.py:3239} INFO - Sync 1 DAGs
[2024-12-10T17:02:30.235-0600] {logging_mixin.py:190} INFO - [2024-12-10T17:02:30.235-0600] {dag.py:4180} INFO - Setting next_dagrun for example_short_circuit_decorator to None, run_after=None
[2024-12-10T17:02:30.266-0600] {processor.py:208} INFO - Processing /root/airflow_env/lib/python3.12/site-packages/airflow/example_dags/example_short_circuit_decorator.py took 0.112 seconds
[2024-12-10T17:03:25.558-0600] {processor.py:186} INFO - Started process (PID=993) to work on /root/airflow_env/lib/python3.12/site-packages/airflow/example_dags/example_short_circuit_decorator.py
[2024-12-10T17:03:25.559-0600] {processor.py:914} INFO - Processing file /root/airflow_env/lib/python3.12/site-packages/airflow/example_dags/example_short_circuit_decorator.py for tasks to queue
[2024-12-10T17:03:25.561-0600] {logging_mixin.py:190} INFO - [2024-12-10T17:03:25.561-0600] {dagbag.py:588} INFO - Filling up the DagBag from /root/airflow_env/lib/python3.12/site-packages/airflow/example_dags/example_short_circuit_decorator.py
[2024-12-10T17:03:25.574-0600] {processor.py:925} INFO - DAG(s) 'example_short_circuit_decorator' retrieved from /root/airflow_env/lib/python3.12/site-packages/airflow/example_dags/example_short_circuit_decorator.py
[2024-12-10T17:03:25.590-0600] {logging_mixin.py:190} INFO - [2024-12-10T17:03:25.590-0600] {dag.py:3239} INFO - Sync 1 DAGs
[2024-12-10T17:03:25.604-0600] {logging_mixin.py:190} INFO - [2024-12-10T17:03:25.603-0600] {dag.py:4180} INFO - Setting next_dagrun for example_short_circuit_decorator to None, run_after=None
[2024-12-10T17:03:25.626-0600] {processor.py:208} INFO - Processing /root/airflow_env/lib/python3.12/site-packages/airflow/example_dags/example_short_circuit_decorator.py took 0.073 seconds
[2024-12-10T17:04:17.736-0600] {processor.py:186} INFO - Started process (PID=1049) to work on /root/airflow_env/lib/python3.12/site-packages/airflow/example_dags/example_short_circuit_decorator.py
[2024-12-10T17:04:17.737-0600] {processor.py:914} INFO - Processing file /root/airflow_env/lib/python3.12/site-packages/airflow/example_dags/example_short_circuit_decorator.py for tasks to queue
[2024-12-10T17:04:17.739-0600] {logging_mixin.py:190} INFO - [2024-12-10T17:04:17.738-0600] {dagbag.py:588} INFO - Filling up the DagBag from /root/airflow_env/lib/python3.12/site-packages/airflow/example_dags/example_short_circuit_decorator.py
[2024-12-10T17:04:17.746-0600] {processor.py:925} INFO - DAG(s) 'example_short_circuit_decorator' retrieved from /root/airflow_env/lib/python3.12/site-packages/airflow/example_dags/example_short_circuit_decorator.py
[2024-12-10T17:04:17.760-0600] {logging_mixin.py:190} INFO - [2024-12-10T17:04:17.760-0600] {dag.py:3239} INFO - Sync 1 DAGs
[2024-12-10T17:04:17.772-0600] {logging_mixin.py:190} INFO - [2024-12-10T17:04:17.771-0600] {dag.py:4180} INFO - Setting next_dagrun for example_short_circuit_decorator to None, run_after=None
[2024-12-10T17:04:17.790-0600] {processor.py:208} INFO - Processing /root/airflow_env/lib/python3.12/site-packages/airflow/example_dags/example_short_circuit_decorator.py took 0.058 seconds
[2024-12-10T17:05:12.446-0600] {processor.py:186} INFO - Started process (PID=1113) to work on /root/airflow_env/lib/python3.12/site-packages/airflow/example_dags/example_short_circuit_decorator.py
[2024-12-10T17:05:12.447-0600] {processor.py:914} INFO - Processing file /root/airflow_env/lib/python3.12/site-packages/airflow/example_dags/example_short_circuit_decorator.py for tasks to queue
[2024-12-10T17:05:12.448-0600] {logging_mixin.py:190} INFO - [2024-12-10T17:05:12.448-0600] {dagbag.py:588} INFO - Filling up the DagBag from /root/airflow_env/lib/python3.12/site-packages/airflow/example_dags/example_short_circuit_decorator.py
[2024-12-10T17:05:12.456-0600] {processor.py:925} INFO - DAG(s) 'example_short_circuit_decorator' retrieved from /root/airflow_env/lib/python3.12/site-packages/airflow/example_dags/example_short_circuit_decorator.py
[2024-12-10T17:05:12.469-0600] {logging_mixin.py:190} INFO - [2024-12-10T17:05:12.468-0600] {dag.py:3239} INFO - Sync 1 DAGs
[2024-12-10T17:05:12.477-0600] {logging_mixin.py:190} INFO - [2024-12-10T17:05:12.477-0600] {dag.py:4180} INFO - Setting next_dagrun for example_short_circuit_decorator to None, run_after=None
[2024-12-10T17:05:12.494-0600] {processor.py:208} INFO - Processing /root/airflow_env/lib/python3.12/site-packages/airflow/example_dags/example_short_circuit_decorator.py took 0.052 seconds
[2024-12-10T17:06:06.064-0600] {processor.py:186} INFO - Started process (PID=1175) to work on /root/airflow_env/lib/python3.12/site-packages/airflow/example_dags/example_short_circuit_decorator.py
[2024-12-10T17:06:06.072-0600] {processor.py:914} INFO - Processing file /root/airflow_env/lib/python3.12/site-packages/airflow/example_dags/example_short_circuit_decorator.py for tasks to queue
[2024-12-10T17:06:06.075-0600] {logging_mixin.py:190} INFO - [2024-12-10T17:06:06.075-0600] {dagbag.py:588} INFO - Filling up the DagBag from /root/airflow_env/lib/python3.12/site-packages/airflow/example_dags/example_short_circuit_decorator.py
[2024-12-10T17:06:06.084-0600] {processor.py:925} INFO - DAG(s) 'example_short_circuit_decorator' retrieved from /root/airflow_env/lib/python3.12/site-packages/airflow/example_dags/example_short_circuit_decorator.py
[2024-12-10T17:06:06.096-0600] {logging_mixin.py:190} INFO - [2024-12-10T17:06:06.096-0600] {dag.py:3239} INFO - Sync 1 DAGs
[2024-12-10T17:06:06.104-0600] {logging_mixin.py:190} INFO - [2024-12-10T17:06:06.104-0600] {dag.py:4180} INFO - Setting next_dagrun for example_short_circuit_decorator to None, run_after=None
[2024-12-10T17:06:06.122-0600] {processor.py:208} INFO - Processing /root/airflow_env/lib/python3.12/site-packages/airflow/example_dags/example_short_circuit_decorator.py took 0.063 seconds
[2024-12-10T17:06:58.755-0600] {processor.py:186} INFO - Started process (PID=1236) to work on /root/airflow_env/lib/python3.12/site-packages/airflow/example_dags/example_short_circuit_decorator.py
[2024-12-10T17:06:58.758-0600] {processor.py:914} INFO - Processing file /root/airflow_env/lib/python3.12/site-packages/airflow/example_dags/example_short_circuit_decorator.py for tasks to queue
[2024-12-10T17:06:58.759-0600] {logging_mixin.py:190} INFO - [2024-12-10T17:06:58.759-0600] {dagbag.py:588} INFO - Filling up the DagBag from /root/airflow_env/lib/python3.12/site-packages/airflow/example_dags/example_short_circuit_decorator.py
[2024-12-10T17:06:58.766-0600] {processor.py:925} INFO - DAG(s) 'example_short_circuit_decorator' retrieved from /root/airflow_env/lib/python3.12/site-packages/airflow/example_dags/example_short_circuit_decorator.py
[2024-12-10T17:06:58.779-0600] {logging_mixin.py:190} INFO - [2024-12-10T17:06:58.779-0600] {dag.py:3239} INFO - Sync 1 DAGs
[2024-12-10T17:06:58.787-0600] {logging_mixin.py:190} INFO - [2024-12-10T17:06:58.787-0600] {dag.py:4180} INFO - Setting next_dagrun for example_short_circuit_decorator to None, run_after=None
[2024-12-10T17:06:58.803-0600] {processor.py:208} INFO - Processing /root/airflow_env/lib/python3.12/site-packages/airflow/example_dags/example_short_circuit_decorator.py took 0.052 seconds
[2024-12-10T17:07:53.434-0600] {processor.py:186} INFO - Started process (PID=1298) to work on /root/airflow_env/lib/python3.12/site-packages/airflow/example_dags/example_short_circuit_decorator.py
[2024-12-10T17:07:53.436-0600] {processor.py:914} INFO - Processing file /root/airflow_env/lib/python3.12/site-packages/airflow/example_dags/example_short_circuit_decorator.py for tasks to queue
[2024-12-10T17:07:53.439-0600] {logging_mixin.py:190} INFO - [2024-12-10T17:07:53.438-0600] {dagbag.py:588} INFO - Filling up the DagBag from /root/airflow_env/lib/python3.12/site-packages/airflow/example_dags/example_short_circuit_decorator.py
[2024-12-10T17:07:53.449-0600] {processor.py:925} INFO - DAG(s) 'example_short_circuit_decorator' retrieved from /root/airflow_env/lib/python3.12/site-packages/airflow/example_dags/example_short_circuit_decorator.py
[2024-12-10T17:07:53.470-0600] {logging_mixin.py:190} INFO - [2024-12-10T17:07:53.470-0600] {dag.py:3239} INFO - Sync 1 DAGs
[2024-12-10T17:07:53.484-0600] {logging_mixin.py:190} INFO - [2024-12-10T17:07:53.484-0600] {dag.py:4180} INFO - Setting next_dagrun for example_short_circuit_decorator to None, run_after=None
[2024-12-10T17:07:53.505-0600] {processor.py:208} INFO - Processing /root/airflow_env/lib/python3.12/site-packages/airflow/example_dags/example_short_circuit_decorator.py took 0.074 seconds
[2024-12-10T17:08:43.337-0600] {processor.py:186} INFO - Started process (PID=1398) to work on /root/airflow_env/lib/python3.12/site-packages/airflow/example_dags/example_short_circuit_decorator.py
[2024-12-10T17:08:43.339-0600] {processor.py:914} INFO - Processing file /root/airflow_env/lib/python3.12/site-packages/airflow/example_dags/example_short_circuit_decorator.py for tasks to queue
[2024-12-10T17:08:43.340-0600] {logging_mixin.py:190} INFO - [2024-12-10T17:08:43.340-0600] {dagbag.py:588} INFO - Filling up the DagBag from /root/airflow_env/lib/python3.12/site-packages/airflow/example_dags/example_short_circuit_decorator.py
[2024-12-10T17:08:43.349-0600] {processor.py:925} INFO - DAG(s) 'example_short_circuit_decorator' retrieved from /root/airflow_env/lib/python3.12/site-packages/airflow/example_dags/example_short_circuit_decorator.py
[2024-12-10T17:08:43.362-0600] {logging_mixin.py:190} INFO - [2024-12-10T17:08:43.361-0600] {dag.py:3239} INFO - Sync 1 DAGs
[2024-12-10T17:08:43.370-0600] {logging_mixin.py:190} INFO - [2024-12-10T17:08:43.370-0600] {dag.py:4180} INFO - Setting next_dagrun for example_short_circuit_decorator to None, run_after=None
[2024-12-10T17:08:43.387-0600] {processor.py:208} INFO - Processing /root/airflow_env/lib/python3.12/site-packages/airflow/example_dags/example_short_circuit_decorator.py took 0.054 seconds
[2024-12-10T17:09:33.707-0600] {processor.py:186} INFO - Started process (PID=1458) to work on /root/airflow_env/lib/python3.12/site-packages/airflow/example_dags/example_short_circuit_decorator.py
[2024-12-10T17:09:33.708-0600] {processor.py:914} INFO - Processing file /root/airflow_env/lib/python3.12/site-packages/airflow/example_dags/example_short_circuit_decorator.py for tasks to queue
[2024-12-10T17:09:33.710-0600] {logging_mixin.py:190} INFO - [2024-12-10T17:09:33.710-0600] {dagbag.py:588} INFO - Filling up the DagBag from /root/airflow_env/lib/python3.12/site-packages/airflow/example_dags/example_short_circuit_decorator.py
[2024-12-10T17:09:33.722-0600] {processor.py:925} INFO - DAG(s) 'example_short_circuit_decorator' retrieved from /root/airflow_env/lib/python3.12/site-packages/airflow/example_dags/example_short_circuit_decorator.py
[2024-12-10T17:09:33.746-0600] {logging_mixin.py:190} INFO - [2024-12-10T17:09:33.746-0600] {dag.py:3239} INFO - Sync 1 DAGs
[2024-12-10T17:09:33.762-0600] {logging_mixin.py:190} INFO - [2024-12-10T17:09:33.761-0600] {dag.py:4180} INFO - Setting next_dagrun for example_short_circuit_decorator to None, run_after=None
[2024-12-10T17:09:33.782-0600] {processor.py:208} INFO - Processing /root/airflow_env/lib/python3.12/site-packages/airflow/example_dags/example_short_circuit_decorator.py took 0.082 seconds
[2024-12-10T17:10:25.392-0600] {processor.py:186} INFO - Started process (PID=1525) to work on /root/airflow_env/lib/python3.12/site-packages/airflow/example_dags/example_short_circuit_decorator.py
[2024-12-10T17:10:25.393-0600] {processor.py:914} INFO - Processing file /root/airflow_env/lib/python3.12/site-packages/airflow/example_dags/example_short_circuit_decorator.py for tasks to queue
[2024-12-10T17:10:25.395-0600] {logging_mixin.py:190} INFO - [2024-12-10T17:10:25.394-0600] {dagbag.py:588} INFO - Filling up the DagBag from /root/airflow_env/lib/python3.12/site-packages/airflow/example_dags/example_short_circuit_decorator.py
[2024-12-10T17:10:25.403-0600] {processor.py:925} INFO - DAG(s) 'example_short_circuit_decorator' retrieved from /root/airflow_env/lib/python3.12/site-packages/airflow/example_dags/example_short_circuit_decorator.py
[2024-12-10T17:10:25.416-0600] {logging_mixin.py:190} INFO - [2024-12-10T17:10:25.416-0600] {dag.py:3239} INFO - Sync 1 DAGs
[2024-12-10T17:10:25.425-0600] {logging_mixin.py:190} INFO - [2024-12-10T17:10:25.425-0600] {dag.py:4180} INFO - Setting next_dagrun for example_short_circuit_decorator to None, run_after=None
[2024-12-10T17:10:25.447-0600] {processor.py:208} INFO - Processing /root/airflow_env/lib/python3.12/site-packages/airflow/example_dags/example_short_circuit_decorator.py took 0.059 seconds
[2024-12-10T17:11:14.888-0600] {processor.py:186} INFO - Started process (PID=1586) to work on /root/airflow_env/lib/python3.12/site-packages/airflow/example_dags/example_short_circuit_decorator.py
[2024-12-10T17:11:14.891-0600] {processor.py:914} INFO - Processing file /root/airflow_env/lib/python3.12/site-packages/airflow/example_dags/example_short_circuit_decorator.py for tasks to queue
[2024-12-10T17:11:14.893-0600] {logging_mixin.py:190} INFO - [2024-12-10T17:11:14.892-0600] {dagbag.py:588} INFO - Filling up the DagBag from /root/airflow_env/lib/python3.12/site-packages/airflow/example_dags/example_short_circuit_decorator.py
[2024-12-10T17:11:14.902-0600] {processor.py:925} INFO - DAG(s) 'example_short_circuit_decorator' retrieved from /root/airflow_env/lib/python3.12/site-packages/airflow/example_dags/example_short_circuit_decorator.py
[2024-12-10T17:11:14.917-0600] {logging_mixin.py:190} INFO - [2024-12-10T17:11:14.917-0600] {dag.py:3239} INFO - Sync 1 DAGs
[2024-12-10T17:11:14.927-0600] {logging_mixin.py:190} INFO - [2024-12-10T17:11:14.926-0600] {dag.py:4180} INFO - Setting next_dagrun for example_short_circuit_decorator to None, run_after=None
[2024-12-10T17:11:14.951-0600] {processor.py:208} INFO - Processing /root/airflow_env/lib/python3.12/site-packages/airflow/example_dags/example_short_circuit_decorator.py took 0.067 seconds
[2024-12-10T17:12:06.674-0600] {processor.py:186} INFO - Started process (PID=1646) to work on /root/airflow_env/lib/python3.12/site-packages/airflow/example_dags/example_short_circuit_decorator.py
[2024-12-10T17:12:06.676-0600] {processor.py:914} INFO - Processing file /root/airflow_env/lib/python3.12/site-packages/airflow/example_dags/example_short_circuit_decorator.py for tasks to queue
[2024-12-10T17:12:06.678-0600] {logging_mixin.py:190} INFO - [2024-12-10T17:12:06.678-0600] {dagbag.py:588} INFO - Filling up the DagBag from /root/airflow_env/lib/python3.12/site-packages/airflow/example_dags/example_short_circuit_decorator.py
[2024-12-10T17:12:06.686-0600] {processor.py:925} INFO - DAG(s) 'example_short_circuit_decorator' retrieved from /root/airflow_env/lib/python3.12/site-packages/airflow/example_dags/example_short_circuit_decorator.py
[2024-12-10T17:12:06.700-0600] {logging_mixin.py:190} INFO - [2024-12-10T17:12:06.700-0600] {dag.py:3239} INFO - Sync 1 DAGs
[2024-12-10T17:12:06.709-0600] {logging_mixin.py:190} INFO - [2024-12-10T17:12:06.709-0600] {dag.py:4180} INFO - Setting next_dagrun for example_short_circuit_decorator to None, run_after=None
[2024-12-10T17:12:06.725-0600] {processor.py:208} INFO - Processing /root/airflow_env/lib/python3.12/site-packages/airflow/example_dags/example_short_circuit_decorator.py took 0.055 seconds
[2024-12-10T17:12:58.491-0600] {processor.py:186} INFO - Started process (PID=1703) to work on /root/airflow_env/lib/python3.12/site-packages/airflow/example_dags/example_short_circuit_decorator.py
[2024-12-10T17:12:58.493-0600] {processor.py:914} INFO - Processing file /root/airflow_env/lib/python3.12/site-packages/airflow/example_dags/example_short_circuit_decorator.py for tasks to queue
[2024-12-10T17:12:58.495-0600] {logging_mixin.py:190} INFO - [2024-12-10T17:12:58.494-0600] {dagbag.py:588} INFO - Filling up the DagBag from /root/airflow_env/lib/python3.12/site-packages/airflow/example_dags/example_short_circuit_decorator.py
[2024-12-10T17:12:58.503-0600] {processor.py:925} INFO - DAG(s) 'example_short_circuit_decorator' retrieved from /root/airflow_env/lib/python3.12/site-packages/airflow/example_dags/example_short_circuit_decorator.py
[2024-12-10T17:12:58.517-0600] {logging_mixin.py:190} INFO - [2024-12-10T17:12:58.517-0600] {dag.py:3239} INFO - Sync 1 DAGs
[2024-12-10T17:12:58.525-0600] {logging_mixin.py:190} INFO - [2024-12-10T17:12:58.525-0600] {dag.py:4180} INFO - Setting next_dagrun for example_short_circuit_decorator to None, run_after=None
[2024-12-10T17:12:58.543-0600] {processor.py:208} INFO - Processing /root/airflow_env/lib/python3.12/site-packages/airflow/example_dags/example_short_circuit_decorator.py took 0.055 seconds
[2024-12-10T17:13:48.029-0600] {processor.py:186} INFO - Started process (PID=1759) to work on /root/airflow_env/lib/python3.12/site-packages/airflow/example_dags/example_short_circuit_decorator.py
[2024-12-10T17:13:48.032-0600] {processor.py:914} INFO - Processing file /root/airflow_env/lib/python3.12/site-packages/airflow/example_dags/example_short_circuit_decorator.py for tasks to queue
[2024-12-10T17:13:48.033-0600] {logging_mixin.py:190} INFO - [2024-12-10T17:13:48.033-0600] {dagbag.py:588} INFO - Filling up the DagBag from /root/airflow_env/lib/python3.12/site-packages/airflow/example_dags/example_short_circuit_decorator.py
[2024-12-10T17:13:48.041-0600] {processor.py:925} INFO - DAG(s) 'example_short_circuit_decorator' retrieved from /root/airflow_env/lib/python3.12/site-packages/airflow/example_dags/example_short_circuit_decorator.py
[2024-12-10T17:13:48.053-0600] {logging_mixin.py:190} INFO - [2024-12-10T17:13:48.053-0600] {dag.py:3239} INFO - Sync 1 DAGs
[2024-12-10T17:13:48.061-0600] {logging_mixin.py:190} INFO - [2024-12-10T17:13:48.061-0600] {dag.py:4180} INFO - Setting next_dagrun for example_short_circuit_decorator to None, run_after=None
[2024-12-10T17:13:48.079-0600] {processor.py:208} INFO - Processing /root/airflow_env/lib/python3.12/site-packages/airflow/example_dags/example_short_circuit_decorator.py took 0.055 seconds
[2024-12-10T17:14:38.447-0600] {processor.py:186} INFO - Started process (PID=1822) to work on /root/airflow_env/lib/python3.12/site-packages/airflow/example_dags/example_short_circuit_decorator.py
[2024-12-10T17:14:38.450-0600] {processor.py:914} INFO - Processing file /root/airflow_env/lib/python3.12/site-packages/airflow/example_dags/example_short_circuit_decorator.py for tasks to queue
[2024-12-10T17:14:38.451-0600] {logging_mixin.py:190} INFO - [2024-12-10T17:14:38.451-0600] {dagbag.py:588} INFO - Filling up the DagBag from /root/airflow_env/lib/python3.12/site-packages/airflow/example_dags/example_short_circuit_decorator.py
[2024-12-10T17:14:38.459-0600] {processor.py:925} INFO - DAG(s) 'example_short_circuit_decorator' retrieved from /root/airflow_env/lib/python3.12/site-packages/airflow/example_dags/example_short_circuit_decorator.py
[2024-12-10T17:14:38.471-0600] {logging_mixin.py:190} INFO - [2024-12-10T17:14:38.471-0600] {dag.py:3239} INFO - Sync 1 DAGs
[2024-12-10T17:14:38.479-0600] {logging_mixin.py:190} INFO - [2024-12-10T17:14:38.479-0600] {dag.py:4180} INFO - Setting next_dagrun for example_short_circuit_decorator to None, run_after=None
[2024-12-10T17:14:38.498-0600] {processor.py:208} INFO - Processing /root/airflow_env/lib/python3.12/site-packages/airflow/example_dags/example_short_circuit_decorator.py took 0.054 seconds
[2024-12-10T17:15:33.670-0600] {processor.py:186} INFO - Started process (PID=1883) to work on /root/airflow_env/lib/python3.12/site-packages/airflow/example_dags/example_short_circuit_decorator.py
[2024-12-10T17:15:33.672-0600] {processor.py:914} INFO - Processing file /root/airflow_env/lib/python3.12/site-packages/airflow/example_dags/example_short_circuit_decorator.py for tasks to queue
[2024-12-10T17:15:33.674-0600] {logging_mixin.py:190} INFO - [2024-12-10T17:15:33.674-0600] {dagbag.py:588} INFO - Filling up the DagBag from /root/airflow_env/lib/python3.12/site-packages/airflow/example_dags/example_short_circuit_decorator.py
[2024-12-10T17:15:33.681-0600] {processor.py:925} INFO - DAG(s) 'example_short_circuit_decorator' retrieved from /root/airflow_env/lib/python3.12/site-packages/airflow/example_dags/example_short_circuit_decorator.py
[2024-12-10T17:15:33.693-0600] {logging_mixin.py:190} INFO - [2024-12-10T17:15:33.693-0600] {dag.py:3239} INFO - Sync 1 DAGs
[2024-12-10T17:15:33.700-0600] {logging_mixin.py:190} INFO - [2024-12-10T17:15:33.700-0600] {dag.py:4180} INFO - Setting next_dagrun for example_short_circuit_decorator to None, run_after=None
[2024-12-10T17:15:33.717-0600] {processor.py:208} INFO - Processing /root/airflow_env/lib/python3.12/site-packages/airflow/example_dags/example_short_circuit_decorator.py took 0.051 seconds
[2024-12-10T17:16:24.361-0600] {processor.py:186} INFO - Started process (PID=1948) to work on /root/airflow_env/lib/python3.12/site-packages/airflow/example_dags/example_short_circuit_decorator.py
[2024-12-10T17:16:24.363-0600] {processor.py:914} INFO - Processing file /root/airflow_env/lib/python3.12/site-packages/airflow/example_dags/example_short_circuit_decorator.py for tasks to queue
[2024-12-10T17:16:24.364-0600] {logging_mixin.py:190} INFO - [2024-12-10T17:16:24.364-0600] {dagbag.py:588} INFO - Filling up the DagBag from /root/airflow_env/lib/python3.12/site-packages/airflow/example_dags/example_short_circuit_decorator.py
[2024-12-10T17:16:24.371-0600] {processor.py:925} INFO - DAG(s) 'example_short_circuit_decorator' retrieved from /root/airflow_env/lib/python3.12/site-packages/airflow/example_dags/example_short_circuit_decorator.py
[2024-12-10T17:16:24.384-0600] {logging_mixin.py:190} INFO - [2024-12-10T17:16:24.384-0600] {dag.py:3239} INFO - Sync 1 DAGs
[2024-12-10T17:16:24.393-0600] {logging_mixin.py:190} INFO - [2024-12-10T17:16:24.393-0600] {dag.py:4180} INFO - Setting next_dagrun for example_short_circuit_decorator to None, run_after=None
[2024-12-10T17:16:24.411-0600] {processor.py:208} INFO - Processing /root/airflow_env/lib/python3.12/site-packages/airflow/example_dags/example_short_circuit_decorator.py took 0.054 seconds
[2024-12-10T17:17:16.907-0600] {processor.py:186} INFO - Started process (PID=2008) to work on /root/airflow_env/lib/python3.12/site-packages/airflow/example_dags/example_short_circuit_decorator.py
[2024-12-10T17:17:16.909-0600] {processor.py:914} INFO - Processing file /root/airflow_env/lib/python3.12/site-packages/airflow/example_dags/example_short_circuit_decorator.py for tasks to queue
[2024-12-10T17:17:16.911-0600] {logging_mixin.py:190} INFO - [2024-12-10T17:17:16.911-0600] {dagbag.py:588} INFO - Filling up the DagBag from /root/airflow_env/lib/python3.12/site-packages/airflow/example_dags/example_short_circuit_decorator.py
[2024-12-10T17:17:16.919-0600] {processor.py:925} INFO - DAG(s) 'example_short_circuit_decorator' retrieved from /root/airflow_env/lib/python3.12/site-packages/airflow/example_dags/example_short_circuit_decorator.py
[2024-12-10T17:17:16.932-0600] {logging_mixin.py:190} INFO - [2024-12-10T17:17:16.931-0600] {dag.py:3239} INFO - Sync 1 DAGs
[2024-12-10T17:17:16.941-0600] {logging_mixin.py:190} INFO - [2024-12-10T17:17:16.941-0600] {dag.py:4180} INFO - Setting next_dagrun for example_short_circuit_decorator to None, run_after=None
[2024-12-10T17:17:16.960-0600] {processor.py:208} INFO - Processing /root/airflow_env/lib/python3.12/site-packages/airflow/example_dags/example_short_circuit_decorator.py took 0.057 seconds
[2024-12-10T17:18:09.476-0600] {processor.py:186} INFO - Started process (PID=2065) to work on /root/airflow_env/lib/python3.12/site-packages/airflow/example_dags/example_short_circuit_decorator.py
[2024-12-10T17:18:09.478-0600] {processor.py:914} INFO - Processing file /root/airflow_env/lib/python3.12/site-packages/airflow/example_dags/example_short_circuit_decorator.py for tasks to queue
[2024-12-10T17:18:09.480-0600] {logging_mixin.py:190} INFO - [2024-12-10T17:18:09.479-0600] {dagbag.py:588} INFO - Filling up the DagBag from /root/airflow_env/lib/python3.12/site-packages/airflow/example_dags/example_short_circuit_decorator.py
[2024-12-10T17:18:09.487-0600] {processor.py:925} INFO - DAG(s) 'example_short_circuit_decorator' retrieved from /root/airflow_env/lib/python3.12/site-packages/airflow/example_dags/example_short_circuit_decorator.py
[2024-12-10T17:18:09.500-0600] {logging_mixin.py:190} INFO - [2024-12-10T17:18:09.500-0600] {dag.py:3239} INFO - Sync 1 DAGs
[2024-12-10T17:18:09.508-0600] {logging_mixin.py:190} INFO - [2024-12-10T17:18:09.507-0600] {dag.py:4180} INFO - Setting next_dagrun for example_short_circuit_decorator to None, run_after=None
[2024-12-10T17:18:09.526-0600] {processor.py:208} INFO - Processing /root/airflow_env/lib/python3.12/site-packages/airflow/example_dags/example_short_circuit_decorator.py took 0.054 seconds
[2024-12-10T17:19:00.863-0600] {processor.py:186} INFO - Started process (PID=2121) to work on /root/airflow_env/lib/python3.12/site-packages/airflow/example_dags/example_short_circuit_decorator.py
[2024-12-10T17:19:00.864-0600] {processor.py:914} INFO - Processing file /root/airflow_env/lib/python3.12/site-packages/airflow/example_dags/example_short_circuit_decorator.py for tasks to queue
[2024-12-10T17:19:00.866-0600] {logging_mixin.py:190} INFO - [2024-12-10T17:19:00.865-0600] {dagbag.py:588} INFO - Filling up the DagBag from /root/airflow_env/lib/python3.12/site-packages/airflow/example_dags/example_short_circuit_decorator.py
[2024-12-10T17:19:00.873-0600] {processor.py:925} INFO - DAG(s) 'example_short_circuit_decorator' retrieved from /root/airflow_env/lib/python3.12/site-packages/airflow/example_dags/example_short_circuit_decorator.py
[2024-12-10T17:19:00.885-0600] {logging_mixin.py:190} INFO - [2024-12-10T17:19:00.885-0600] {dag.py:3239} INFO - Sync 1 DAGs
[2024-12-10T17:19:00.893-0600] {logging_mixin.py:190} INFO - [2024-12-10T17:19:00.893-0600] {dag.py:4180} INFO - Setting next_dagrun for example_short_circuit_decorator to None, run_after=None
[2024-12-10T17:19:00.910-0600] {processor.py:208} INFO - Processing /root/airflow_env/lib/python3.12/site-packages/airflow/example_dags/example_short_circuit_decorator.py took 0.052 seconds
[2024-12-10T17:19:53.826-0600] {processor.py:186} INFO - Started process (PID=2178) to work on /root/airflow_env/lib/python3.12/site-packages/airflow/example_dags/example_short_circuit_decorator.py
[2024-12-10T17:19:53.828-0600] {processor.py:914} INFO - Processing file /root/airflow_env/lib/python3.12/site-packages/airflow/example_dags/example_short_circuit_decorator.py for tasks to queue
[2024-12-10T17:19:53.830-0600] {logging_mixin.py:190} INFO - [2024-12-10T17:19:53.829-0600] {dagbag.py:588} INFO - Filling up the DagBag from /root/airflow_env/lib/python3.12/site-packages/airflow/example_dags/example_short_circuit_decorator.py
[2024-12-10T17:19:53.837-0600] {processor.py:925} INFO - DAG(s) 'example_short_circuit_decorator' retrieved from /root/airflow_env/lib/python3.12/site-packages/airflow/example_dags/example_short_circuit_decorator.py
[2024-12-10T17:19:53.850-0600] {logging_mixin.py:190} INFO - [2024-12-10T17:19:53.850-0600] {dag.py:3239} INFO - Sync 1 DAGs
[2024-12-10T17:19:53.858-0600] {logging_mixin.py:190} INFO - [2024-12-10T17:19:53.858-0600] {dag.py:4180} INFO - Setting next_dagrun for example_short_circuit_decorator to None, run_after=None
[2024-12-10T17:19:53.876-0600] {processor.py:208} INFO - Processing /root/airflow_env/lib/python3.12/site-packages/airflow/example_dags/example_short_circuit_decorator.py took 0.054 seconds
[2024-12-10T17:20:45.635-0600] {processor.py:186} INFO - Started process (PID=2235) to work on /root/airflow_env/lib/python3.12/site-packages/airflow/example_dags/example_short_circuit_decorator.py
[2024-12-10T17:20:45.638-0600] {processor.py:914} INFO - Processing file /root/airflow_env/lib/python3.12/site-packages/airflow/example_dags/example_short_circuit_decorator.py for tasks to queue
[2024-12-10T17:20:45.639-0600] {logging_mixin.py:190} INFO - [2024-12-10T17:20:45.639-0600] {dagbag.py:588} INFO - Filling up the DagBag from /root/airflow_env/lib/python3.12/site-packages/airflow/example_dags/example_short_circuit_decorator.py
[2024-12-10T17:20:45.646-0600] {processor.py:925} INFO - DAG(s) 'example_short_circuit_decorator' retrieved from /root/airflow_env/lib/python3.12/site-packages/airflow/example_dags/example_short_circuit_decorator.py
[2024-12-10T17:20:45.658-0600] {logging_mixin.py:190} INFO - [2024-12-10T17:20:45.658-0600] {dag.py:3239} INFO - Sync 1 DAGs
[2024-12-10T17:20:45.667-0600] {logging_mixin.py:190} INFO - [2024-12-10T17:20:45.666-0600] {dag.py:4180} INFO - Setting next_dagrun for example_short_circuit_decorator to None, run_after=None
[2024-12-10T17:20:45.683-0600] {processor.py:208} INFO - Processing /root/airflow_env/lib/python3.12/site-packages/airflow/example_dags/example_short_circuit_decorator.py took 0.052 seconds
[2024-12-10T17:21:38.690-0600] {processor.py:186} INFO - Started process (PID=2294) to work on /root/airflow_env/lib/python3.12/site-packages/airflow/example_dags/example_short_circuit_decorator.py
[2024-12-10T17:21:38.692-0600] {processor.py:914} INFO - Processing file /root/airflow_env/lib/python3.12/site-packages/airflow/example_dags/example_short_circuit_decorator.py for tasks to queue
[2024-12-10T17:21:38.693-0600] {logging_mixin.py:190} INFO - [2024-12-10T17:21:38.693-0600] {dagbag.py:588} INFO - Filling up the DagBag from /root/airflow_env/lib/python3.12/site-packages/airflow/example_dags/example_short_circuit_decorator.py
[2024-12-10T17:21:38.701-0600] {processor.py:925} INFO - DAG(s) 'example_short_circuit_decorator' retrieved from /root/airflow_env/lib/python3.12/site-packages/airflow/example_dags/example_short_circuit_decorator.py
[2024-12-10T17:21:38.714-0600] {logging_mixin.py:190} INFO - [2024-12-10T17:21:38.714-0600] {dag.py:3239} INFO - Sync 1 DAGs
[2024-12-10T17:21:38.723-0600] {logging_mixin.py:190} INFO - [2024-12-10T17:21:38.723-0600] {dag.py:4180} INFO - Setting next_dagrun for example_short_circuit_decorator to None, run_after=None
[2024-12-10T17:21:38.740-0600] {processor.py:208} INFO - Processing /root/airflow_env/lib/python3.12/site-packages/airflow/example_dags/example_short_circuit_decorator.py took 0.054 seconds
[2024-12-10T17:22:32.753-0600] {processor.py:186} INFO - Started process (PID=2352) to work on /root/airflow_env/lib/python3.12/site-packages/airflow/example_dags/example_short_circuit_decorator.py
[2024-12-10T17:22:32.755-0600] {processor.py:914} INFO - Processing file /root/airflow_env/lib/python3.12/site-packages/airflow/example_dags/example_short_circuit_decorator.py for tasks to queue
[2024-12-10T17:22:32.756-0600] {logging_mixin.py:190} INFO - [2024-12-10T17:22:32.756-0600] {dagbag.py:588} INFO - Filling up the DagBag from /root/airflow_env/lib/python3.12/site-packages/airflow/example_dags/example_short_circuit_decorator.py
[2024-12-10T17:22:32.764-0600] {processor.py:925} INFO - DAG(s) 'example_short_circuit_decorator' retrieved from /root/airflow_env/lib/python3.12/site-packages/airflow/example_dags/example_short_circuit_decorator.py
[2024-12-10T17:22:32.776-0600] {logging_mixin.py:190} INFO - [2024-12-10T17:22:32.776-0600] {dag.py:3239} INFO - Sync 1 DAGs
[2024-12-10T17:22:32.784-0600] {logging_mixin.py:190} INFO - [2024-12-10T17:22:32.784-0600] {dag.py:4180} INFO - Setting next_dagrun for example_short_circuit_decorator to None, run_after=None
[2024-12-10T17:22:32.801-0600] {processor.py:208} INFO - Processing /root/airflow_env/lib/python3.12/site-packages/airflow/example_dags/example_short_circuit_decorator.py took 0.052 seconds
[2024-12-10T17:23:26.976-0600] {processor.py:186} INFO - Started process (PID=2410) to work on /root/airflow_env/lib/python3.12/site-packages/airflow/example_dags/example_short_circuit_decorator.py
[2024-12-10T17:23:26.979-0600] {processor.py:914} INFO - Processing file /root/airflow_env/lib/python3.12/site-packages/airflow/example_dags/example_short_circuit_decorator.py for tasks to queue
[2024-12-10T17:23:26.980-0600] {logging_mixin.py:190} INFO - [2024-12-10T17:23:26.980-0600] {dagbag.py:588} INFO - Filling up the DagBag from /root/airflow_env/lib/python3.12/site-packages/airflow/example_dags/example_short_circuit_decorator.py
[2024-12-10T17:23:26.987-0600] {processor.py:925} INFO - DAG(s) 'example_short_circuit_decorator' retrieved from /root/airflow_env/lib/python3.12/site-packages/airflow/example_dags/example_short_circuit_decorator.py
[2024-12-10T17:23:26.999-0600] {logging_mixin.py:190} INFO - [2024-12-10T17:23:26.999-0600] {dag.py:3239} INFO - Sync 1 DAGs
[2024-12-10T17:23:27.008-0600] {logging_mixin.py:190} INFO - [2024-12-10T17:23:27.007-0600] {dag.py:4180} INFO - Setting next_dagrun for example_short_circuit_decorator to None, run_after=None
[2024-12-10T17:23:27.025-0600] {processor.py:208} INFO - Processing /root/airflow_env/lib/python3.12/site-packages/airflow/example_dags/example_short_circuit_decorator.py took 0.053 seconds
[2024-12-10T17:24:20.670-0600] {processor.py:186} INFO - Started process (PID=2469) to work on /root/airflow_env/lib/python3.12/site-packages/airflow/example_dags/example_short_circuit_decorator.py
[2024-12-10T17:24:20.673-0600] {processor.py:914} INFO - Processing file /root/airflow_env/lib/python3.12/site-packages/airflow/example_dags/example_short_circuit_decorator.py for tasks to queue
[2024-12-10T17:24:20.674-0600] {logging_mixin.py:190} INFO - [2024-12-10T17:24:20.674-0600] {dagbag.py:588} INFO - Filling up the DagBag from /root/airflow_env/lib/python3.12/site-packages/airflow/example_dags/example_short_circuit_decorator.py
[2024-12-10T17:24:20.681-0600] {processor.py:925} INFO - DAG(s) 'example_short_circuit_decorator' retrieved from /root/airflow_env/lib/python3.12/site-packages/airflow/example_dags/example_short_circuit_decorator.py
[2024-12-10T17:24:20.694-0600] {logging_mixin.py:190} INFO - [2024-12-10T17:24:20.694-0600] {dag.py:3239} INFO - Sync 1 DAGs
[2024-12-10T17:24:20.702-0600] {logging_mixin.py:190} INFO - [2024-12-10T17:24:20.702-0600] {dag.py:4180} INFO - Setting next_dagrun for example_short_circuit_decorator to None, run_after=None
[2024-12-10T17:24:20.721-0600] {processor.py:208} INFO - Processing /root/airflow_env/lib/python3.12/site-packages/airflow/example_dags/example_short_circuit_decorator.py took 0.054 seconds
[2024-12-10T17:25:13.219-0600] {processor.py:186} INFO - Started process (PID=2534) to work on /root/airflow_env/lib/python3.12/site-packages/airflow/example_dags/example_short_circuit_decorator.py
[2024-12-10T17:25:13.221-0600] {processor.py:914} INFO - Processing file /root/airflow_env/lib/python3.12/site-packages/airflow/example_dags/example_short_circuit_decorator.py for tasks to queue
[2024-12-10T17:25:13.223-0600] {logging_mixin.py:190} INFO - [2024-12-10T17:25:13.222-0600] {dagbag.py:588} INFO - Filling up the DagBag from /root/airflow_env/lib/python3.12/site-packages/airflow/example_dags/example_short_circuit_decorator.py
[2024-12-10T17:25:13.230-0600] {processor.py:925} INFO - DAG(s) 'example_short_circuit_decorator' retrieved from /root/airflow_env/lib/python3.12/site-packages/airflow/example_dags/example_short_circuit_decorator.py
[2024-12-10T17:25:13.242-0600] {logging_mixin.py:190} INFO - [2024-12-10T17:25:13.242-0600] {dag.py:3239} INFO - Sync 1 DAGs
[2024-12-10T17:25:13.250-0600] {logging_mixin.py:190} INFO - [2024-12-10T17:25:13.250-0600] {dag.py:4180} INFO - Setting next_dagrun for example_short_circuit_decorator to None, run_after=None
[2024-12-10T17:25:13.268-0600] {processor.py:208} INFO - Processing /root/airflow_env/lib/python3.12/site-packages/airflow/example_dags/example_short_circuit_decorator.py took 0.053 seconds
[2024-12-10T17:26:05.808-0600] {processor.py:186} INFO - Started process (PID=2591) to work on /root/airflow_env/lib/python3.12/site-packages/airflow/example_dags/example_short_circuit_decorator.py
[2024-12-10T17:26:05.811-0600] {processor.py:914} INFO - Processing file /root/airflow_env/lib/python3.12/site-packages/airflow/example_dags/example_short_circuit_decorator.py for tasks to queue
[2024-12-10T17:26:05.813-0600] {logging_mixin.py:190} INFO - [2024-12-10T17:26:05.812-0600] {dagbag.py:588} INFO - Filling up the DagBag from /root/airflow_env/lib/python3.12/site-packages/airflow/example_dags/example_short_circuit_decorator.py
[2024-12-10T17:26:05.819-0600] {processor.py:925} INFO - DAG(s) 'example_short_circuit_decorator' retrieved from /root/airflow_env/lib/python3.12/site-packages/airflow/example_dags/example_short_circuit_decorator.py
[2024-12-10T17:26:05.833-0600] {logging_mixin.py:190} INFO - [2024-12-10T17:26:05.832-0600] {dag.py:3239} INFO - Sync 1 DAGs
[2024-12-10T17:26:05.842-0600] {logging_mixin.py:190} INFO - [2024-12-10T17:26:05.842-0600] {dag.py:4180} INFO - Setting next_dagrun for example_short_circuit_decorator to None, run_after=None
[2024-12-10T17:26:05.861-0600] {processor.py:208} INFO - Processing /root/airflow_env/lib/python3.12/site-packages/airflow/example_dags/example_short_circuit_decorator.py took 0.056 seconds
[2024-12-10T17:26:59.199-0600] {processor.py:186} INFO - Started process (PID=2649) to work on /root/airflow_env/lib/python3.12/site-packages/airflow/example_dags/example_short_circuit_decorator.py
[2024-12-10T17:26:59.200-0600] {processor.py:914} INFO - Processing file /root/airflow_env/lib/python3.12/site-packages/airflow/example_dags/example_short_circuit_decorator.py for tasks to queue
[2024-12-10T17:26:59.201-0600] {logging_mixin.py:190} INFO - [2024-12-10T17:26:59.201-0600] {dagbag.py:588} INFO - Filling up the DagBag from /root/airflow_env/lib/python3.12/site-packages/airflow/example_dags/example_short_circuit_decorator.py
[2024-12-10T17:26:59.208-0600] {processor.py:925} INFO - DAG(s) 'example_short_circuit_decorator' retrieved from /root/airflow_env/lib/python3.12/site-packages/airflow/example_dags/example_short_circuit_decorator.py
[2024-12-10T17:26:59.221-0600] {logging_mixin.py:190} INFO - [2024-12-10T17:26:59.221-0600] {dag.py:3239} INFO - Sync 1 DAGs
[2024-12-10T17:26:59.229-0600] {logging_mixin.py:190} INFO - [2024-12-10T17:26:59.229-0600] {dag.py:4180} INFO - Setting next_dagrun for example_short_circuit_decorator to None, run_after=None
[2024-12-10T17:26:59.247-0600] {processor.py:208} INFO - Processing /root/airflow_env/lib/python3.12/site-packages/airflow/example_dags/example_short_circuit_decorator.py took 0.052 seconds
[2024-12-10T17:27:51.483-0600] {processor.py:186} INFO - Started process (PID=2707) to work on /root/airflow_env/lib/python3.12/site-packages/airflow/example_dags/example_short_circuit_decorator.py
[2024-12-10T17:27:51.485-0600] {processor.py:914} INFO - Processing file /root/airflow_env/lib/python3.12/site-packages/airflow/example_dags/example_short_circuit_decorator.py for tasks to queue
[2024-12-10T17:27:51.486-0600] {logging_mixin.py:190} INFO - [2024-12-10T17:27:51.486-0600] {dagbag.py:588} INFO - Filling up the DagBag from /root/airflow_env/lib/python3.12/site-packages/airflow/example_dags/example_short_circuit_decorator.py
[2024-12-10T17:27:51.494-0600] {processor.py:925} INFO - DAG(s) 'example_short_circuit_decorator' retrieved from /root/airflow_env/lib/python3.12/site-packages/airflow/example_dags/example_short_circuit_decorator.py
[2024-12-10T17:27:51.507-0600] {logging_mixin.py:190} INFO - [2024-12-10T17:27:51.506-0600] {dag.py:3239} INFO - Sync 1 DAGs
[2024-12-10T17:27:51.515-0600] {logging_mixin.py:190} INFO - [2024-12-10T17:27:51.514-0600] {dag.py:4180} INFO - Setting next_dagrun for example_short_circuit_decorator to None, run_after=None
[2024-12-10T17:27:51.532-0600] {processor.py:208} INFO - Processing /root/airflow_env/lib/python3.12/site-packages/airflow/example_dags/example_short_circuit_decorator.py took 0.053 seconds
[2024-12-10T17:28:45.161-0600] {processor.py:186} INFO - Started process (PID=2763) to work on /root/airflow_env/lib/python3.12/site-packages/airflow/example_dags/example_short_circuit_decorator.py
[2024-12-10T17:28:45.163-0600] {processor.py:914} INFO - Processing file /root/airflow_env/lib/python3.12/site-packages/airflow/example_dags/example_short_circuit_decorator.py for tasks to queue
[2024-12-10T17:28:45.164-0600] {logging_mixin.py:190} INFO - [2024-12-10T17:28:45.164-0600] {dagbag.py:588} INFO - Filling up the DagBag from /root/airflow_env/lib/python3.12/site-packages/airflow/example_dags/example_short_circuit_decorator.py
[2024-12-10T17:28:45.171-0600] {processor.py:925} INFO - DAG(s) 'example_short_circuit_decorator' retrieved from /root/airflow_env/lib/python3.12/site-packages/airflow/example_dags/example_short_circuit_decorator.py
[2024-12-10T17:28:45.184-0600] {logging_mixin.py:190} INFO - [2024-12-10T17:28:45.183-0600] {dag.py:3239} INFO - Sync 1 DAGs
[2024-12-10T17:28:45.191-0600] {logging_mixin.py:190} INFO - [2024-12-10T17:28:45.191-0600] {dag.py:4180} INFO - Setting next_dagrun for example_short_circuit_decorator to None, run_after=None
[2024-12-10T17:28:45.209-0600] {processor.py:208} INFO - Processing /root/airflow_env/lib/python3.12/site-packages/airflow/example_dags/example_short_circuit_decorator.py took 0.051 seconds
[2024-12-10T17:29:38.457-0600] {processor.py:186} INFO - Started process (PID=2823) to work on /root/airflow_env/lib/python3.12/site-packages/airflow/example_dags/example_short_circuit_decorator.py
[2024-12-10T17:29:38.459-0600] {processor.py:914} INFO - Processing file /root/airflow_env/lib/python3.12/site-packages/airflow/example_dags/example_short_circuit_decorator.py for tasks to queue
[2024-12-10T17:29:38.460-0600] {logging_mixin.py:190} INFO - [2024-12-10T17:29:38.460-0600] {dagbag.py:588} INFO - Filling up the DagBag from /root/airflow_env/lib/python3.12/site-packages/airflow/example_dags/example_short_circuit_decorator.py
[2024-12-10T17:29:38.467-0600] {processor.py:925} INFO - DAG(s) 'example_short_circuit_decorator' retrieved from /root/airflow_env/lib/python3.12/site-packages/airflow/example_dags/example_short_circuit_decorator.py
[2024-12-10T17:29:38.479-0600] {logging_mixin.py:190} INFO - [2024-12-10T17:29:38.479-0600] {dag.py:3239} INFO - Sync 1 DAGs
[2024-12-10T17:29:38.488-0600] {logging_mixin.py:190} INFO - [2024-12-10T17:29:38.487-0600] {dag.py:4180} INFO - Setting next_dagrun for example_short_circuit_decorator to None, run_after=None
[2024-12-10T17:29:38.505-0600] {processor.py:208} INFO - Processing /root/airflow_env/lib/python3.12/site-packages/airflow/example_dags/example_short_circuit_decorator.py took 0.052 seconds
[2024-12-10T17:30:28.136-0600] {processor.py:186} INFO - Started process (PID=2884) to work on /root/airflow_env/lib/python3.12/site-packages/airflow/example_dags/example_short_circuit_decorator.py
[2024-12-10T17:30:28.138-0600] {processor.py:914} INFO - Processing file /root/airflow_env/lib/python3.12/site-packages/airflow/example_dags/example_short_circuit_decorator.py for tasks to queue
[2024-12-10T17:30:28.140-0600] {logging_mixin.py:190} INFO - [2024-12-10T17:30:28.140-0600] {dagbag.py:588} INFO - Filling up the DagBag from /root/airflow_env/lib/python3.12/site-packages/airflow/example_dags/example_short_circuit_decorator.py
[2024-12-10T17:30:28.147-0600] {processor.py:925} INFO - DAG(s) 'example_short_circuit_decorator' retrieved from /root/airflow_env/lib/python3.12/site-packages/airflow/example_dags/example_short_circuit_decorator.py
[2024-12-10T17:30:28.159-0600] {logging_mixin.py:190} INFO - [2024-12-10T17:30:28.159-0600] {dag.py:3239} INFO - Sync 1 DAGs
[2024-12-10T17:30:28.167-0600] {logging_mixin.py:190} INFO - [2024-12-10T17:30:28.166-0600] {dag.py:4180} INFO - Setting next_dagrun for example_short_circuit_decorator to None, run_after=None
[2024-12-10T17:30:28.184-0600] {processor.py:208} INFO - Processing /root/airflow_env/lib/python3.12/site-packages/airflow/example_dags/example_short_circuit_decorator.py took 0.052 seconds
[2024-12-10T17:31:18.674-0600] {processor.py:186} INFO - Started process (PID=2940) to work on /root/airflow_env/lib/python3.12/site-packages/airflow/example_dags/example_short_circuit_decorator.py
[2024-12-10T17:31:18.676-0600] {processor.py:914} INFO - Processing file /root/airflow_env/lib/python3.12/site-packages/airflow/example_dags/example_short_circuit_decorator.py for tasks to queue
[2024-12-10T17:31:18.677-0600] {logging_mixin.py:190} INFO - [2024-12-10T17:31:18.677-0600] {dagbag.py:588} INFO - Filling up the DagBag from /root/airflow_env/lib/python3.12/site-packages/airflow/example_dags/example_short_circuit_decorator.py
[2024-12-10T17:31:18.685-0600] {processor.py:925} INFO - DAG(s) 'example_short_circuit_decorator' retrieved from /root/airflow_env/lib/python3.12/site-packages/airflow/example_dags/example_short_circuit_decorator.py
[2024-12-10T17:31:18.698-0600] {logging_mixin.py:190} INFO - [2024-12-10T17:31:18.697-0600] {dag.py:3239} INFO - Sync 1 DAGs
[2024-12-10T17:31:18.706-0600] {logging_mixin.py:190} INFO - [2024-12-10T17:31:18.706-0600] {dag.py:4180} INFO - Setting next_dagrun for example_short_circuit_decorator to None, run_after=None
[2024-12-10T17:31:18.725-0600] {processor.py:208} INFO - Processing /root/airflow_env/lib/python3.12/site-packages/airflow/example_dags/example_short_circuit_decorator.py took 0.055 seconds
[2024-12-10T17:32:11.510-0600] {processor.py:186} INFO - Started process (PID=2996) to work on /root/airflow_env/lib/python3.12/site-packages/airflow/example_dags/example_short_circuit_decorator.py
[2024-12-10T17:32:11.512-0600] {processor.py:914} INFO - Processing file /root/airflow_env/lib/python3.12/site-packages/airflow/example_dags/example_short_circuit_decorator.py for tasks to queue
[2024-12-10T17:32:11.514-0600] {logging_mixin.py:190} INFO - [2024-12-10T17:32:11.514-0600] {dagbag.py:588} INFO - Filling up the DagBag from /root/airflow_env/lib/python3.12/site-packages/airflow/example_dags/example_short_circuit_decorator.py
[2024-12-10T17:32:11.522-0600] {processor.py:925} INFO - DAG(s) 'example_short_circuit_decorator' retrieved from /root/airflow_env/lib/python3.12/site-packages/airflow/example_dags/example_short_circuit_decorator.py
[2024-12-10T17:32:11.536-0600] {logging_mixin.py:190} INFO - [2024-12-10T17:32:11.536-0600] {dag.py:3239} INFO - Sync 1 DAGs
[2024-12-10T17:32:11.545-0600] {logging_mixin.py:190} INFO - [2024-12-10T17:32:11.544-0600] {dag.py:4180} INFO - Setting next_dagrun for example_short_circuit_decorator to None, run_after=None
[2024-12-10T17:32:11.563-0600] {processor.py:208} INFO - Processing /root/airflow_env/lib/python3.12/site-packages/airflow/example_dags/example_short_circuit_decorator.py took 0.057 seconds
[2024-12-10T17:33:05.787-0600] {processor.py:186} INFO - Started process (PID=3057) to work on /root/airflow_env/lib/python3.12/site-packages/airflow/example_dags/example_short_circuit_decorator.py
[2024-12-10T17:33:05.789-0600] {processor.py:914} INFO - Processing file /root/airflow_env/lib/python3.12/site-packages/airflow/example_dags/example_short_circuit_decorator.py for tasks to queue
[2024-12-10T17:33:05.790-0600] {logging_mixin.py:190} INFO - [2024-12-10T17:33:05.790-0600] {dagbag.py:588} INFO - Filling up the DagBag from /root/airflow_env/lib/python3.12/site-packages/airflow/example_dags/example_short_circuit_decorator.py
[2024-12-10T17:33:05.798-0600] {processor.py:925} INFO - DAG(s) 'example_short_circuit_decorator' retrieved from /root/airflow_env/lib/python3.12/site-packages/airflow/example_dags/example_short_circuit_decorator.py
[2024-12-10T17:33:05.810-0600] {logging_mixin.py:190} INFO - [2024-12-10T17:33:05.810-0600] {dag.py:3239} INFO - Sync 1 DAGs
[2024-12-10T17:33:05.818-0600] {logging_mixin.py:190} INFO - [2024-12-10T17:33:05.818-0600] {dag.py:4180} INFO - Setting next_dagrun for example_short_circuit_decorator to None, run_after=None
[2024-12-10T17:33:05.836-0600] {processor.py:208} INFO - Processing /root/airflow_env/lib/python3.12/site-packages/airflow/example_dags/example_short_circuit_decorator.py took 0.052 seconds
[2024-12-10T17:33:59.532-0600] {processor.py:186} INFO - Started process (PID=3221) to work on /root/airflow_env/lib/python3.12/site-packages/airflow/example_dags/example_short_circuit_decorator.py
[2024-12-10T17:33:59.534-0600] {processor.py:914} INFO - Processing file /root/airflow_env/lib/python3.12/site-packages/airflow/example_dags/example_short_circuit_decorator.py for tasks to queue
[2024-12-10T17:33:59.536-0600] {logging_mixin.py:190} INFO - [2024-12-10T17:33:59.535-0600] {dagbag.py:588} INFO - Filling up the DagBag from /root/airflow_env/lib/python3.12/site-packages/airflow/example_dags/example_short_circuit_decorator.py
[2024-12-10T17:33:59.546-0600] {processor.py:925} INFO - DAG(s) 'example_short_circuit_decorator' retrieved from /root/airflow_env/lib/python3.12/site-packages/airflow/example_dags/example_short_circuit_decorator.py
[2024-12-10T17:33:59.566-0600] {logging_mixin.py:190} INFO - [2024-12-10T17:33:59.565-0600] {dag.py:3239} INFO - Sync 1 DAGs
[2024-12-10T17:33:59.576-0600] {logging_mixin.py:190} INFO - [2024-12-10T17:33:59.576-0600] {dag.py:4180} INFO - Setting next_dagrun for example_short_circuit_decorator to None, run_after=None
[2024-12-10T17:33:59.601-0600] {processor.py:208} INFO - Processing /root/airflow_env/lib/python3.12/site-packages/airflow/example_dags/example_short_circuit_decorator.py took 0.078 seconds
[2024-12-10T17:34:50.924-0600] {processor.py:186} INFO - Started process (PID=3278) to work on /root/airflow_env/lib/python3.12/site-packages/airflow/example_dags/example_short_circuit_decorator.py
[2024-12-10T17:34:50.926-0600] {processor.py:914} INFO - Processing file /root/airflow_env/lib/python3.12/site-packages/airflow/example_dags/example_short_circuit_decorator.py for tasks to queue
[2024-12-10T17:34:50.928-0600] {logging_mixin.py:190} INFO - [2024-12-10T17:34:50.927-0600] {dagbag.py:588} INFO - Filling up the DagBag from /root/airflow_env/lib/python3.12/site-packages/airflow/example_dags/example_short_circuit_decorator.py
[2024-12-10T17:34:50.935-0600] {processor.py:925} INFO - DAG(s) 'example_short_circuit_decorator' retrieved from /root/airflow_env/lib/python3.12/site-packages/airflow/example_dags/example_short_circuit_decorator.py
[2024-12-10T17:34:50.947-0600] {logging_mixin.py:190} INFO - [2024-12-10T17:34:50.947-0600] {dag.py:3239} INFO - Sync 1 DAGs
[2024-12-10T17:34:50.955-0600] {logging_mixin.py:190} INFO - [2024-12-10T17:34:50.955-0600] {dag.py:4180} INFO - Setting next_dagrun for example_short_circuit_decorator to None, run_after=None
[2024-12-10T17:34:50.972-0600] {processor.py:208} INFO - Processing /root/airflow_env/lib/python3.12/site-packages/airflow/example_dags/example_short_circuit_decorator.py took 0.052 seconds
[2024-12-10T17:35:42.373-0600] {processor.py:186} INFO - Started process (PID=3338) to work on /root/airflow_env/lib/python3.12/site-packages/airflow/example_dags/example_short_circuit_decorator.py
[2024-12-10T17:35:42.376-0600] {processor.py:914} INFO - Processing file /root/airflow_env/lib/python3.12/site-packages/airflow/example_dags/example_short_circuit_decorator.py for tasks to queue
[2024-12-10T17:35:42.377-0600] {logging_mixin.py:190} INFO - [2024-12-10T17:35:42.377-0600] {dagbag.py:588} INFO - Filling up the DagBag from /root/airflow_env/lib/python3.12/site-packages/airflow/example_dags/example_short_circuit_decorator.py
[2024-12-10T17:35:42.384-0600] {processor.py:925} INFO - DAG(s) 'example_short_circuit_decorator' retrieved from /root/airflow_env/lib/python3.12/site-packages/airflow/example_dags/example_short_circuit_decorator.py
[2024-12-10T17:35:42.396-0600] {logging_mixin.py:190} INFO - [2024-12-10T17:35:42.396-0600] {dag.py:3239} INFO - Sync 1 DAGs
[2024-12-10T17:35:42.404-0600] {logging_mixin.py:190} INFO - [2024-12-10T17:35:42.404-0600] {dag.py:4180} INFO - Setting next_dagrun for example_short_circuit_decorator to None, run_after=None
[2024-12-10T17:35:42.421-0600] {processor.py:208} INFO - Processing /root/airflow_env/lib/python3.12/site-packages/airflow/example_dags/example_short_circuit_decorator.py took 0.051 seconds
[2024-12-10T17:36:33.390-0600] {processor.py:186} INFO - Started process (PID=3394) to work on /root/airflow_env/lib/python3.12/site-packages/airflow/example_dags/example_short_circuit_decorator.py
[2024-12-10T17:36:33.392-0600] {processor.py:914} INFO - Processing file /root/airflow_env/lib/python3.12/site-packages/airflow/example_dags/example_short_circuit_decorator.py for tasks to queue
[2024-12-10T17:36:33.394-0600] {logging_mixin.py:190} INFO - [2024-12-10T17:36:33.394-0600] {dagbag.py:588} INFO - Filling up the DagBag from /root/airflow_env/lib/python3.12/site-packages/airflow/example_dags/example_short_circuit_decorator.py
[2024-12-10T17:36:33.402-0600] {processor.py:925} INFO - DAG(s) 'example_short_circuit_decorator' retrieved from /root/airflow_env/lib/python3.12/site-packages/airflow/example_dags/example_short_circuit_decorator.py
[2024-12-10T17:36:33.415-0600] {logging_mixin.py:190} INFO - [2024-12-10T17:36:33.415-0600] {dag.py:3239} INFO - Sync 1 DAGs
[2024-12-10T17:36:33.425-0600] {logging_mixin.py:190} INFO - [2024-12-10T17:36:33.425-0600] {dag.py:4180} INFO - Setting next_dagrun for example_short_circuit_decorator to None, run_after=None
[2024-12-10T17:36:33.442-0600] {processor.py:208} INFO - Processing /root/airflow_env/lib/python3.12/site-packages/airflow/example_dags/example_short_circuit_decorator.py took 0.056 seconds
[2024-12-10T17:37:23.952-0600] {processor.py:186} INFO - Started process (PID=3450) to work on /root/airflow_env/lib/python3.12/site-packages/airflow/example_dags/example_short_circuit_decorator.py
[2024-12-10T17:37:23.955-0600] {processor.py:914} INFO - Processing file /root/airflow_env/lib/python3.12/site-packages/airflow/example_dags/example_short_circuit_decorator.py for tasks to queue
[2024-12-10T17:37:23.956-0600] {logging_mixin.py:190} INFO - [2024-12-10T17:37:23.956-0600] {dagbag.py:588} INFO - Filling up the DagBag from /root/airflow_env/lib/python3.12/site-packages/airflow/example_dags/example_short_circuit_decorator.py
[2024-12-10T17:37:23.964-0600] {processor.py:925} INFO - DAG(s) 'example_short_circuit_decorator' retrieved from /root/airflow_env/lib/python3.12/site-packages/airflow/example_dags/example_short_circuit_decorator.py
[2024-12-10T17:37:23.977-0600] {logging_mixin.py:190} INFO - [2024-12-10T17:37:23.977-0600] {dag.py:3239} INFO - Sync 1 DAGs
[2024-12-10T17:37:23.985-0600] {logging_mixin.py:190} INFO - [2024-12-10T17:37:23.985-0600] {dag.py:4180} INFO - Setting next_dagrun for example_short_circuit_decorator to None, run_after=None
[2024-12-10T17:37:24.002-0600] {processor.py:208} INFO - Processing /root/airflow_env/lib/python3.12/site-packages/airflow/example_dags/example_short_circuit_decorator.py took 0.055 seconds
[2024-12-10T17:38:15.111-0600] {processor.py:186} INFO - Started process (PID=3507) to work on /root/airflow_env/lib/python3.12/site-packages/airflow/example_dags/example_short_circuit_decorator.py
[2024-12-10T17:38:15.112-0600] {processor.py:914} INFO - Processing file /root/airflow_env/lib/python3.12/site-packages/airflow/example_dags/example_short_circuit_decorator.py for tasks to queue
[2024-12-10T17:38:15.114-0600] {logging_mixin.py:190} INFO - [2024-12-10T17:38:15.114-0600] {dagbag.py:588} INFO - Filling up the DagBag from /root/airflow_env/lib/python3.12/site-packages/airflow/example_dags/example_short_circuit_decorator.py
[2024-12-10T17:38:15.121-0600] {processor.py:925} INFO - DAG(s) 'example_short_circuit_decorator' retrieved from /root/airflow_env/lib/python3.12/site-packages/airflow/example_dags/example_short_circuit_decorator.py
[2024-12-10T17:38:15.133-0600] {logging_mixin.py:190} INFO - [2024-12-10T17:38:15.133-0600] {dag.py:3239} INFO - Sync 1 DAGs
[2024-12-10T17:38:15.141-0600] {logging_mixin.py:190} INFO - [2024-12-10T17:38:15.141-0600] {dag.py:4180} INFO - Setting next_dagrun for example_short_circuit_decorator to None, run_after=None
[2024-12-10T17:38:15.158-0600] {processor.py:208} INFO - Processing /root/airflow_env/lib/python3.12/site-packages/airflow/example_dags/example_short_circuit_decorator.py took 0.051 seconds
[2024-12-10T17:39:06.519-0600] {processor.py:186} INFO - Started process (PID=3563) to work on /root/airflow_env/lib/python3.12/site-packages/airflow/example_dags/example_short_circuit_decorator.py
[2024-12-10T17:39:06.521-0600] {processor.py:914} INFO - Processing file /root/airflow_env/lib/python3.12/site-packages/airflow/example_dags/example_short_circuit_decorator.py for tasks to queue
[2024-12-10T17:39:06.523-0600] {logging_mixin.py:190} INFO - [2024-12-10T17:39:06.522-0600] {dagbag.py:588} INFO - Filling up the DagBag from /root/airflow_env/lib/python3.12/site-packages/airflow/example_dags/example_short_circuit_decorator.py
[2024-12-10T17:39:06.530-0600] {processor.py:925} INFO - DAG(s) 'example_short_circuit_decorator' retrieved from /root/airflow_env/lib/python3.12/site-packages/airflow/example_dags/example_short_circuit_decorator.py
[2024-12-10T17:39:06.559-0600] {logging_mixin.py:190} INFO - [2024-12-10T17:39:06.559-0600] {dag.py:3239} INFO - Sync 1 DAGs
[2024-12-10T17:39:06.576-0600] {logging_mixin.py:190} INFO - [2024-12-10T17:39:06.575-0600] {dag.py:4180} INFO - Setting next_dagrun for example_short_circuit_decorator to None, run_after=None
[2024-12-10T17:39:06.599-0600] {processor.py:208} INFO - Processing /root/airflow_env/lib/python3.12/site-packages/airflow/example_dags/example_short_circuit_decorator.py took 0.083 seconds
[2024-12-10T17:39:59.117-0600] {processor.py:186} INFO - Started process (PID=3624) to work on /root/airflow_env/lib/python3.12/site-packages/airflow/example_dags/example_short_circuit_decorator.py
[2024-12-10T17:39:59.120-0600] {processor.py:914} INFO - Processing file /root/airflow_env/lib/python3.12/site-packages/airflow/example_dags/example_short_circuit_decorator.py for tasks to queue
[2024-12-10T17:39:59.121-0600] {logging_mixin.py:190} INFO - [2024-12-10T17:39:59.121-0600] {dagbag.py:588} INFO - Filling up the DagBag from /root/airflow_env/lib/python3.12/site-packages/airflow/example_dags/example_short_circuit_decorator.py
[2024-12-10T17:39:59.129-0600] {processor.py:925} INFO - DAG(s) 'example_short_circuit_decorator' retrieved from /root/airflow_env/lib/python3.12/site-packages/airflow/example_dags/example_short_circuit_decorator.py
[2024-12-10T17:39:59.142-0600] {logging_mixin.py:190} INFO - [2024-12-10T17:39:59.142-0600] {dag.py:3239} INFO - Sync 1 DAGs
[2024-12-10T17:39:59.150-0600] {logging_mixin.py:190} INFO - [2024-12-10T17:39:59.150-0600] {dag.py:4180} INFO - Setting next_dagrun for example_short_circuit_decorator to None, run_after=None
[2024-12-10T17:39:59.168-0600] {processor.py:208} INFO - Processing /root/airflow_env/lib/python3.12/site-packages/airflow/example_dags/example_short_circuit_decorator.py took 0.055 seconds
[2024-12-10T17:40:52.485-0600] {processor.py:186} INFO - Started process (PID=3684) to work on /root/airflow_env/lib/python3.12/site-packages/airflow/example_dags/example_short_circuit_decorator.py
[2024-12-10T17:40:52.487-0600] {processor.py:914} INFO - Processing file /root/airflow_env/lib/python3.12/site-packages/airflow/example_dags/example_short_circuit_decorator.py for tasks to queue
[2024-12-10T17:40:52.488-0600] {logging_mixin.py:190} INFO - [2024-12-10T17:40:52.488-0600] {dagbag.py:588} INFO - Filling up the DagBag from /root/airflow_env/lib/python3.12/site-packages/airflow/example_dags/example_short_circuit_decorator.py
[2024-12-10T17:40:52.495-0600] {processor.py:925} INFO - DAG(s) 'example_short_circuit_decorator' retrieved from /root/airflow_env/lib/python3.12/site-packages/airflow/example_dags/example_short_circuit_decorator.py
[2024-12-10T17:40:52.508-0600] {logging_mixin.py:190} INFO - [2024-12-10T17:40:52.508-0600] {dag.py:3239} INFO - Sync 1 DAGs
[2024-12-10T17:40:52.516-0600] {logging_mixin.py:190} INFO - [2024-12-10T17:40:52.516-0600] {dag.py:4180} INFO - Setting next_dagrun for example_short_circuit_decorator to None, run_after=None
[2024-12-10T17:40:52.534-0600] {processor.py:208} INFO - Processing /root/airflow_env/lib/python3.12/site-packages/airflow/example_dags/example_short_circuit_decorator.py took 0.053 seconds
[2024-12-10T17:41:47.972-0600] {processor.py:186} INFO - Started process (PID=3745) to work on /root/airflow_env/lib/python3.12/site-packages/airflow/example_dags/example_short_circuit_decorator.py
[2024-12-10T17:41:47.973-0600] {processor.py:914} INFO - Processing file /root/airflow_env/lib/python3.12/site-packages/airflow/example_dags/example_short_circuit_decorator.py for tasks to queue
[2024-12-10T17:41:47.974-0600] {logging_mixin.py:190} INFO - [2024-12-10T17:41:47.974-0600] {dagbag.py:588} INFO - Filling up the DagBag from /root/airflow_env/lib/python3.12/site-packages/airflow/example_dags/example_short_circuit_decorator.py
[2024-12-10T17:41:47.982-0600] {processor.py:925} INFO - DAG(s) 'example_short_circuit_decorator' retrieved from /root/airflow_env/lib/python3.12/site-packages/airflow/example_dags/example_short_circuit_decorator.py
[2024-12-10T17:41:47.994-0600] {logging_mixin.py:190} INFO - [2024-12-10T17:41:47.994-0600] {dag.py:3239} INFO - Sync 1 DAGs
[2024-12-10T17:41:48.002-0600] {logging_mixin.py:190} INFO - [2024-12-10T17:41:48.002-0600] {dag.py:4180} INFO - Setting next_dagrun for example_short_circuit_decorator to None, run_after=None
[2024-12-10T17:41:48.020-0600] {processor.py:208} INFO - Processing /root/airflow_env/lib/python3.12/site-packages/airflow/example_dags/example_short_circuit_decorator.py took 0.052 seconds
[2024-12-10T17:42:40.262-0600] {processor.py:186} INFO - Started process (PID=3816) to work on /root/airflow_env/lib/python3.12/site-packages/airflow/example_dags/example_short_circuit_decorator.py
[2024-12-10T17:42:40.265-0600] {processor.py:914} INFO - Processing file /root/airflow_env/lib/python3.12/site-packages/airflow/example_dags/example_short_circuit_decorator.py for tasks to queue
[2024-12-10T17:42:40.266-0600] {logging_mixin.py:190} INFO - [2024-12-10T17:42:40.266-0600] {dagbag.py:588} INFO - Filling up the DagBag from /root/airflow_env/lib/python3.12/site-packages/airflow/example_dags/example_short_circuit_decorator.py
[2024-12-10T17:42:40.274-0600] {processor.py:925} INFO - DAG(s) 'example_short_circuit_decorator' retrieved from /root/airflow_env/lib/python3.12/site-packages/airflow/example_dags/example_short_circuit_decorator.py
[2024-12-10T17:42:40.286-0600] {logging_mixin.py:190} INFO - [2024-12-10T17:42:40.286-0600] {dag.py:3239} INFO - Sync 1 DAGs
[2024-12-10T17:42:40.294-0600] {logging_mixin.py:190} INFO - [2024-12-10T17:42:40.294-0600] {dag.py:4180} INFO - Setting next_dagrun for example_short_circuit_decorator to None, run_after=None
[2024-12-10T17:42:40.311-0600] {processor.py:208} INFO - Processing /root/airflow_env/lib/python3.12/site-packages/airflow/example_dags/example_short_circuit_decorator.py took 0.052 seconds
[2024-12-10T17:43:34.225-0600] {processor.py:186} INFO - Started process (PID=3878) to work on /root/airflow_env/lib/python3.12/site-packages/airflow/example_dags/example_short_circuit_decorator.py
[2024-12-10T17:43:34.226-0600] {processor.py:914} INFO - Processing file /root/airflow_env/lib/python3.12/site-packages/airflow/example_dags/example_short_circuit_decorator.py for tasks to queue
[2024-12-10T17:43:34.227-0600] {logging_mixin.py:190} INFO - [2024-12-10T17:43:34.227-0600] {dagbag.py:588} INFO - Filling up the DagBag from /root/airflow_env/lib/python3.12/site-packages/airflow/example_dags/example_short_circuit_decorator.py
[2024-12-10T17:43:34.236-0600] {processor.py:925} INFO - DAG(s) 'example_short_circuit_decorator' retrieved from /root/airflow_env/lib/python3.12/site-packages/airflow/example_dags/example_short_circuit_decorator.py
[2024-12-10T17:43:34.249-0600] {logging_mixin.py:190} INFO - [2024-12-10T17:43:34.249-0600] {dag.py:3239} INFO - Sync 1 DAGs
[2024-12-10T17:43:34.258-0600] {logging_mixin.py:190} INFO - [2024-12-10T17:43:34.258-0600] {dag.py:4180} INFO - Setting next_dagrun for example_short_circuit_decorator to None, run_after=None
[2024-12-10T17:43:34.277-0600] {processor.py:208} INFO - Processing /root/airflow_env/lib/python3.12/site-packages/airflow/example_dags/example_short_circuit_decorator.py took 0.057 seconds
[2024-12-10T17:44:24.364-0600] {processor.py:186} INFO - Started process (PID=3935) to work on /root/airflow_env/lib/python3.12/site-packages/airflow/example_dags/example_short_circuit_decorator.py
[2024-12-10T17:44:24.367-0600] {processor.py:914} INFO - Processing file /root/airflow_env/lib/python3.12/site-packages/airflow/example_dags/example_short_circuit_decorator.py for tasks to queue
[2024-12-10T17:44:24.368-0600] {logging_mixin.py:190} INFO - [2024-12-10T17:44:24.368-0600] {dagbag.py:588} INFO - Filling up the DagBag from /root/airflow_env/lib/python3.12/site-packages/airflow/example_dags/example_short_circuit_decorator.py
[2024-12-10T17:44:24.375-0600] {processor.py:925} INFO - DAG(s) 'example_short_circuit_decorator' retrieved from /root/airflow_env/lib/python3.12/site-packages/airflow/example_dags/example_short_circuit_decorator.py
[2024-12-10T17:44:24.387-0600] {logging_mixin.py:190} INFO - [2024-12-10T17:44:24.387-0600] {dag.py:3239} INFO - Sync 1 DAGs
[2024-12-10T17:44:24.396-0600] {logging_mixin.py:190} INFO - [2024-12-10T17:44:24.396-0600] {dag.py:4180} INFO - Setting next_dagrun for example_short_circuit_decorator to None, run_after=None
[2024-12-10T17:44:24.413-0600] {processor.py:208} INFO - Processing /root/airflow_env/lib/python3.12/site-packages/airflow/example_dags/example_short_circuit_decorator.py took 0.053 seconds
[2024-12-10T17:45:17.561-0600] {processor.py:186} INFO - Started process (PID=3996) to work on /root/airflow_env/lib/python3.12/site-packages/airflow/example_dags/example_short_circuit_decorator.py
[2024-12-10T17:45:17.564-0600] {processor.py:914} INFO - Processing file /root/airflow_env/lib/python3.12/site-packages/airflow/example_dags/example_short_circuit_decorator.py for tasks to queue
[2024-12-10T17:45:17.565-0600] {logging_mixin.py:190} INFO - [2024-12-10T17:45:17.565-0600] {dagbag.py:588} INFO - Filling up the DagBag from /root/airflow_env/lib/python3.12/site-packages/airflow/example_dags/example_short_circuit_decorator.py
[2024-12-10T17:45:17.572-0600] {processor.py:925} INFO - DAG(s) 'example_short_circuit_decorator' retrieved from /root/airflow_env/lib/python3.12/site-packages/airflow/example_dags/example_short_circuit_decorator.py
[2024-12-10T17:45:17.584-0600] {logging_mixin.py:190} INFO - [2024-12-10T17:45:17.584-0600] {dag.py:3239} INFO - Sync 1 DAGs
[2024-12-10T17:45:17.593-0600] {logging_mixin.py:190} INFO - [2024-12-10T17:45:17.592-0600] {dag.py:4180} INFO - Setting next_dagrun for example_short_circuit_decorator to None, run_after=None
[2024-12-10T17:45:17.610-0600] {processor.py:208} INFO - Processing /root/airflow_env/lib/python3.12/site-packages/airflow/example_dags/example_short_circuit_decorator.py took 0.052 seconds
[2024-12-10T17:46:12.140-0600] {processor.py:186} INFO - Started process (PID=4052) to work on /root/airflow_env/lib/python3.12/site-packages/airflow/example_dags/example_short_circuit_decorator.py
[2024-12-10T17:46:12.142-0600] {processor.py:914} INFO - Processing file /root/airflow_env/lib/python3.12/site-packages/airflow/example_dags/example_short_circuit_decorator.py for tasks to queue
[2024-12-10T17:46:12.143-0600] {logging_mixin.py:190} INFO - [2024-12-10T17:46:12.143-0600] {dagbag.py:588} INFO - Filling up the DagBag from /root/airflow_env/lib/python3.12/site-packages/airflow/example_dags/example_short_circuit_decorator.py
[2024-12-10T17:46:12.150-0600] {processor.py:925} INFO - DAG(s) 'example_short_circuit_decorator' retrieved from /root/airflow_env/lib/python3.12/site-packages/airflow/example_dags/example_short_circuit_decorator.py
[2024-12-10T17:46:12.163-0600] {logging_mixin.py:190} INFO - [2024-12-10T17:46:12.163-0600] {dag.py:3239} INFO - Sync 1 DAGs
[2024-12-10T17:46:12.171-0600] {logging_mixin.py:190} INFO - [2024-12-10T17:46:12.171-0600] {dag.py:4180} INFO - Setting next_dagrun for example_short_circuit_decorator to None, run_after=None
[2024-12-10T17:46:12.188-0600] {processor.py:208} INFO - Processing /root/airflow_env/lib/python3.12/site-packages/airflow/example_dags/example_short_circuit_decorator.py took 0.051 seconds
[2024-12-10T17:47:13.301-0600] {processor.py:186} INFO - Started process (PID=4115) to work on /root/airflow_env/lib/python3.12/site-packages/airflow/example_dags/example_short_circuit_decorator.py
[2024-12-10T17:47:13.302-0600] {processor.py:914} INFO - Processing file /root/airflow_env/lib/python3.12/site-packages/airflow/example_dags/example_short_circuit_decorator.py for tasks to queue
[2024-12-10T17:47:13.304-0600] {logging_mixin.py:190} INFO - [2024-12-10T17:47:13.304-0600] {dagbag.py:588} INFO - Filling up the DagBag from /root/airflow_env/lib/python3.12/site-packages/airflow/example_dags/example_short_circuit_decorator.py
[2024-12-10T17:47:13.311-0600] {processor.py:925} INFO - DAG(s) 'example_short_circuit_decorator' retrieved from /root/airflow_env/lib/python3.12/site-packages/airflow/example_dags/example_short_circuit_decorator.py
[2024-12-10T17:47:13.323-0600] {logging_mixin.py:190} INFO - [2024-12-10T17:47:13.323-0600] {dag.py:3239} INFO - Sync 1 DAGs
[2024-12-10T17:47:13.331-0600] {logging_mixin.py:190} INFO - [2024-12-10T17:47:13.331-0600] {dag.py:4180} INFO - Setting next_dagrun for example_short_circuit_decorator to None, run_after=None
[2024-12-10T17:47:13.349-0600] {processor.py:208} INFO - Processing /root/airflow_env/lib/python3.12/site-packages/airflow/example_dags/example_short_circuit_decorator.py took 0.052 seconds
[2024-12-10T17:48:11.407-0600] {processor.py:186} INFO - Started process (PID=4176) to work on /root/airflow_env/lib/python3.12/site-packages/airflow/example_dags/example_short_circuit_decorator.py
[2024-12-10T17:48:11.408-0600] {processor.py:914} INFO - Processing file /root/airflow_env/lib/python3.12/site-packages/airflow/example_dags/example_short_circuit_decorator.py for tasks to queue
[2024-12-10T17:48:11.410-0600] {logging_mixin.py:190} INFO - [2024-12-10T17:48:11.410-0600] {dagbag.py:588} INFO - Filling up the DagBag from /root/airflow_env/lib/python3.12/site-packages/airflow/example_dags/example_short_circuit_decorator.py
[2024-12-10T17:48:11.417-0600] {processor.py:925} INFO - DAG(s) 'example_short_circuit_decorator' retrieved from /root/airflow_env/lib/python3.12/site-packages/airflow/example_dags/example_short_circuit_decorator.py
[2024-12-10T17:48:11.515-0600] {logging_mixin.py:190} INFO - [2024-12-10T17:48:11.515-0600] {dag.py:3239} INFO - Sync 1 DAGs
[2024-12-10T17:48:11.521-0600] {logging_mixin.py:190} INFO - [2024-12-10T17:48:11.521-0600] {dag.py:4180} INFO - Setting next_dagrun for example_short_circuit_decorator to None, run_after=None
[2024-12-10T17:48:11.537-0600] {processor.py:208} INFO - Processing /root/airflow_env/lib/python3.12/site-packages/airflow/example_dags/example_short_circuit_decorator.py took 0.134 seconds
[2024-12-10T17:49:06.021-0600] {processor.py:186} INFO - Started process (PID=4235) to work on /root/airflow_env/lib/python3.12/site-packages/airflow/example_dags/example_short_circuit_decorator.py
[2024-12-10T17:49:06.023-0600] {processor.py:914} INFO - Processing file /root/airflow_env/lib/python3.12/site-packages/airflow/example_dags/example_short_circuit_decorator.py for tasks to queue
[2024-12-10T17:49:06.024-0600] {logging_mixin.py:190} INFO - [2024-12-10T17:49:06.024-0600] {dagbag.py:588} INFO - Filling up the DagBag from /root/airflow_env/lib/python3.12/site-packages/airflow/example_dags/example_short_circuit_decorator.py
[2024-12-10T17:49:06.032-0600] {processor.py:925} INFO - DAG(s) 'example_short_circuit_decorator' retrieved from /root/airflow_env/lib/python3.12/site-packages/airflow/example_dags/example_short_circuit_decorator.py
[2024-12-10T17:49:06.045-0600] {logging_mixin.py:190} INFO - [2024-12-10T17:49:06.044-0600] {dag.py:3239} INFO - Sync 1 DAGs
[2024-12-10T17:49:06.140-0600] {logging_mixin.py:190} INFO - [2024-12-10T17:49:06.139-0600] {dag.py:4180} INFO - Setting next_dagrun for example_short_circuit_decorator to None, run_after=None
[2024-12-10T17:49:06.155-0600] {processor.py:208} INFO - Processing /root/airflow_env/lib/python3.12/site-packages/airflow/example_dags/example_short_circuit_decorator.py took 0.138 seconds
[2024-12-10T17:50:01.362-0600] {processor.py:186} INFO - Started process (PID=4294) to work on /root/airflow_env/lib/python3.12/site-packages/airflow/example_dags/example_short_circuit_decorator.py
[2024-12-10T17:50:01.364-0600] {processor.py:914} INFO - Processing file /root/airflow_env/lib/python3.12/site-packages/airflow/example_dags/example_short_circuit_decorator.py for tasks to queue
[2024-12-10T17:50:01.365-0600] {logging_mixin.py:190} INFO - [2024-12-10T17:50:01.365-0600] {dagbag.py:588} INFO - Filling up the DagBag from /root/airflow_env/lib/python3.12/site-packages/airflow/example_dags/example_short_circuit_decorator.py
[2024-12-10T17:50:01.372-0600] {processor.py:925} INFO - DAG(s) 'example_short_circuit_decorator' retrieved from /root/airflow_env/lib/python3.12/site-packages/airflow/example_dags/example_short_circuit_decorator.py
[2024-12-10T17:50:01.384-0600] {logging_mixin.py:190} INFO - [2024-12-10T17:50:01.384-0600] {dag.py:3239} INFO - Sync 1 DAGs
[2024-12-10T17:50:01.392-0600] {logging_mixin.py:190} INFO - [2024-12-10T17:50:01.392-0600] {dag.py:4180} INFO - Setting next_dagrun for example_short_circuit_decorator to None, run_after=None
[2024-12-10T17:50:01.410-0600] {processor.py:208} INFO - Processing /root/airflow_env/lib/python3.12/site-packages/airflow/example_dags/example_short_circuit_decorator.py took 0.052 seconds
[2024-12-10T17:55:34.339-0600] {processor.py:186} INFO - Started process (PID=4632) to work on /root/airflow_env/lib/python3.12/site-packages/airflow/example_dags/example_short_circuit_decorator.py
[2024-12-10T17:55:34.340-0600] {processor.py:914} INFO - Processing file /root/airflow_env/lib/python3.12/site-packages/airflow/example_dags/example_short_circuit_decorator.py for tasks to queue
[2024-12-10T17:55:34.343-0600] {logging_mixin.py:190} INFO - [2024-12-10T17:55:34.342-0600] {dagbag.py:588} INFO - Filling up the DagBag from /root/airflow_env/lib/python3.12/site-packages/airflow/example_dags/example_short_circuit_decorator.py
[2024-12-10T17:55:34.355-0600] {processor.py:925} INFO - DAG(s) 'example_short_circuit_decorator' retrieved from /root/airflow_env/lib/python3.12/site-packages/airflow/example_dags/example_short_circuit_decorator.py
[2024-12-10T17:55:34.379-0600] {logging_mixin.py:190} INFO - [2024-12-10T17:55:34.379-0600] {dag.py:3239} INFO - Sync 1 DAGs
[2024-12-10T17:55:34.394-0600] {logging_mixin.py:190} INFO - [2024-12-10T17:55:34.393-0600] {dag.py:4180} INFO - Setting next_dagrun for example_short_circuit_decorator to None, run_after=None
[2024-12-10T17:55:34.427-0600] {processor.py:208} INFO - Processing /root/airflow_env/lib/python3.12/site-packages/airflow/example_dags/example_short_circuit_decorator.py took 0.092 seconds
[2024-12-10T17:56:32.171-0600] {processor.py:186} INFO - Started process (PID=4703) to work on /root/airflow_env/lib/python3.12/site-packages/airflow/example_dags/example_short_circuit_decorator.py
[2024-12-10T17:56:32.173-0600] {processor.py:914} INFO - Processing file /root/airflow_env/lib/python3.12/site-packages/airflow/example_dags/example_short_circuit_decorator.py for tasks to queue
[2024-12-10T17:56:32.175-0600] {logging_mixin.py:190} INFO - [2024-12-10T17:56:32.175-0600] {dagbag.py:588} INFO - Filling up the DagBag from /root/airflow_env/lib/python3.12/site-packages/airflow/example_dags/example_short_circuit_decorator.py
[2024-12-10T17:56:32.182-0600] {processor.py:925} INFO - DAG(s) 'example_short_circuit_decorator' retrieved from /root/airflow_env/lib/python3.12/site-packages/airflow/example_dags/example_short_circuit_decorator.py
[2024-12-10T17:56:32.195-0600] {logging_mixin.py:190} INFO - [2024-12-10T17:56:32.194-0600] {dag.py:3239} INFO - Sync 1 DAGs
[2024-12-10T17:56:32.202-0600] {logging_mixin.py:190} INFO - [2024-12-10T17:56:32.202-0600] {dag.py:4180} INFO - Setting next_dagrun for example_short_circuit_decorator to None, run_after=None
[2024-12-10T17:56:32.221-0600] {processor.py:208} INFO - Processing /root/airflow_env/lib/python3.12/site-packages/airflow/example_dags/example_short_circuit_decorator.py took 0.054 seconds
[2024-12-10T17:57:28.080-0600] {processor.py:186} INFO - Started process (PID=4782) to work on /root/airflow_env/lib/python3.12/site-packages/airflow/example_dags/example_short_circuit_decorator.py
[2024-12-10T17:57:28.082-0600] {processor.py:914} INFO - Processing file /root/airflow_env/lib/python3.12/site-packages/airflow/example_dags/example_short_circuit_decorator.py for tasks to queue
[2024-12-10T17:57:28.083-0600] {logging_mixin.py:190} INFO - [2024-12-10T17:57:28.083-0600] {dagbag.py:588} INFO - Filling up the DagBag from /root/airflow_env/lib/python3.12/site-packages/airflow/example_dags/example_short_circuit_decorator.py
[2024-12-10T17:57:28.090-0600] {processor.py:925} INFO - DAG(s) 'example_short_circuit_decorator' retrieved from /root/airflow_env/lib/python3.12/site-packages/airflow/example_dags/example_short_circuit_decorator.py
[2024-12-10T17:57:28.103-0600] {logging_mixin.py:190} INFO - [2024-12-10T17:57:28.102-0600] {dag.py:3239} INFO - Sync 1 DAGs
[2024-12-10T17:57:28.112-0600] {logging_mixin.py:190} INFO - [2024-12-10T17:57:28.112-0600] {dag.py:4180} INFO - Setting next_dagrun for example_short_circuit_decorator to None, run_after=None
[2024-12-10T17:57:28.130-0600] {processor.py:208} INFO - Processing /root/airflow_env/lib/python3.12/site-packages/airflow/example_dags/example_short_circuit_decorator.py took 0.054 seconds
[2024-12-10T17:58:24.456-0600] {processor.py:186} INFO - Started process (PID=4854) to work on /root/airflow_env/lib/python3.12/site-packages/airflow/example_dags/example_short_circuit_decorator.py
[2024-12-10T17:58:24.459-0600] {processor.py:914} INFO - Processing file /root/airflow_env/lib/python3.12/site-packages/airflow/example_dags/example_short_circuit_decorator.py for tasks to queue
[2024-12-10T17:58:24.460-0600] {logging_mixin.py:190} INFO - [2024-12-10T17:58:24.460-0600] {dagbag.py:588} INFO - Filling up the DagBag from /root/airflow_env/lib/python3.12/site-packages/airflow/example_dags/example_short_circuit_decorator.py
[2024-12-10T17:58:24.468-0600] {processor.py:925} INFO - DAG(s) 'example_short_circuit_decorator' retrieved from /root/airflow_env/lib/python3.12/site-packages/airflow/example_dags/example_short_circuit_decorator.py
[2024-12-10T17:58:24.481-0600] {logging_mixin.py:190} INFO - [2024-12-10T17:58:24.480-0600] {dag.py:3239} INFO - Sync 1 DAGs
[2024-12-10T17:58:24.489-0600] {logging_mixin.py:190} INFO - [2024-12-10T17:58:24.489-0600] {dag.py:4180} INFO - Setting next_dagrun for example_short_circuit_decorator to None, run_after=None
[2024-12-10T17:58:24.507-0600] {processor.py:208} INFO - Processing /root/airflow_env/lib/python3.12/site-packages/airflow/example_dags/example_short_circuit_decorator.py took 0.054 seconds
[2024-12-10T17:59:35.591-0600] {processor.py:186} INFO - Started process (PID=4957) to work on /root/airflow_env/lib/python3.12/site-packages/airflow/example_dags/example_short_circuit_decorator.py
[2024-12-10T17:59:35.596-0600] {processor.py:914} INFO - Processing file /root/airflow_env/lib/python3.12/site-packages/airflow/example_dags/example_short_circuit_decorator.py for tasks to queue
[2024-12-10T17:59:35.597-0600] {logging_mixin.py:190} INFO - [2024-12-10T17:59:35.597-0600] {dagbag.py:588} INFO - Filling up the DagBag from /root/airflow_env/lib/python3.12/site-packages/airflow/example_dags/example_short_circuit_decorator.py
[2024-12-10T17:59:35.605-0600] {processor.py:925} INFO - DAG(s) 'example_short_circuit_decorator' retrieved from /root/airflow_env/lib/python3.12/site-packages/airflow/example_dags/example_short_circuit_decorator.py
[2024-12-10T17:59:35.625-0600] {logging_mixin.py:190} INFO - [2024-12-10T17:59:35.624-0600] {dag.py:3239} INFO - Sync 1 DAGs
[2024-12-10T17:59:35.632-0600] {logging_mixin.py:190} INFO - [2024-12-10T17:59:35.632-0600] {dag.py:4180} INFO - Setting next_dagrun for example_short_circuit_decorator to None, run_after=None
[2024-12-10T17:59:35.654-0600] {processor.py:208} INFO - Processing /root/airflow_env/lib/python3.12/site-packages/airflow/example_dags/example_short_circuit_decorator.py took 0.066 seconds
