[2024-12-10T17:00:08.177-0600] {processor.py:186} INFO - Started process (PID=697) to work on /root/airflow_env/lib/python3.12/site-packages/airflow/example_dags/example_branch_operator_decorator.py
[2024-12-10T17:00:08.178-0600] {processor.py:914} INFO - Processing file /root/airflow_env/lib/python3.12/site-packages/airflow/example_dags/example_branch_operator_decorator.py for tasks to queue
[2024-12-10T17:00:08.179-0600] {logging_mixin.py:190} INFO - [2024-12-10T17:00:08.179-0600] {dagbag.py:588} INFO - Filling up the DagBag from /root/airflow_env/lib/python3.12/site-packages/airflow/example_dags/example_branch_operator_decorator.py
[2024-12-10T17:00:08.196-0600] {processor.py:927} WARNING - No viable dags retrieved from /root/airflow_env/lib/python3.12/site-packages/airflow/example_dags/example_branch_operator_decorator.py
[2024-12-10T17:00:08.205-0600] {processor.py:208} INFO - Processing /root/airflow_env/lib/python3.12/site-packages/airflow/example_dags/example_branch_operator_decorator.py took 0.031 seconds
[2024-12-10T17:01:03.785-0600] {processor.py:186} INFO - Started process (PID=768) to work on /root/airflow_env/lib/python3.12/site-packages/airflow/example_dags/example_branch_operator_decorator.py
[2024-12-10T17:01:03.805-0600] {processor.py:914} INFO - Processing file /root/airflow_env/lib/python3.12/site-packages/airflow/example_dags/example_branch_operator_decorator.py for tasks to queue
[2024-12-10T17:01:03.807-0600] {logging_mixin.py:190} INFO - [2024-12-10T17:01:03.807-0600] {dagbag.py:588} INFO - Filling up the DagBag from /root/airflow_env/lib/python3.12/site-packages/airflow/example_dags/example_branch_operator_decorator.py
[2024-12-10T17:01:03.826-0600] {processor.py:927} WARNING - No viable dags retrieved from /root/airflow_env/lib/python3.12/site-packages/airflow/example_dags/example_branch_operator_decorator.py
[2024-12-10T17:01:03.838-0600] {processor.py:208} INFO - Processing /root/airflow_env/lib/python3.12/site-packages/airflow/example_dags/example_branch_operator_decorator.py took 0.058 seconds
[2024-12-10T17:02:18.884-0600] {processor.py:186} INFO - Started process (PID=906) to work on /root/airflow_env/lib/python3.12/site-packages/airflow/example_dags/example_branch_operator_decorator.py
[2024-12-10T17:02:18.894-0600] {processor.py:914} INFO - Processing file /root/airflow_env/lib/python3.12/site-packages/airflow/example_dags/example_branch_operator_decorator.py for tasks to queue
[2024-12-10T17:02:18.898-0600] {logging_mixin.py:190} INFO - [2024-12-10T17:02:18.897-0600] {dagbag.py:588} INFO - Filling up the DagBag from /root/airflow_env/lib/python3.12/site-packages/airflow/example_dags/example_branch_operator_decorator.py
[2024-12-10T17:02:18.945-0600] {processor.py:927} WARNING - No viable dags retrieved from /root/airflow_env/lib/python3.12/site-packages/airflow/example_dags/example_branch_operator_decorator.py
[2024-12-10T17:02:18.964-0600] {processor.py:208} INFO - Processing /root/airflow_env/lib/python3.12/site-packages/airflow/example_dags/example_branch_operator_decorator.py took 0.090 seconds
[2024-12-10T17:03:16.383-0600] {processor.py:186} INFO - Started process (PID=977) to work on /root/airflow_env/lib/python3.12/site-packages/airflow/example_dags/example_branch_operator_decorator.py
[2024-12-10T17:03:16.384-0600] {processor.py:914} INFO - Processing file /root/airflow_env/lib/python3.12/site-packages/airflow/example_dags/example_branch_operator_decorator.py for tasks to queue
[2024-12-10T17:03:16.386-0600] {logging_mixin.py:190} INFO - [2024-12-10T17:03:16.386-0600] {dagbag.py:588} INFO - Filling up the DagBag from /root/airflow_env/lib/python3.12/site-packages/airflow/example_dags/example_branch_operator_decorator.py
[2024-12-10T17:03:16.410-0600] {processor.py:927} WARNING - No viable dags retrieved from /root/airflow_env/lib/python3.12/site-packages/airflow/example_dags/example_branch_operator_decorator.py
[2024-12-10T17:03:16.420-0600] {processor.py:208} INFO - Processing /root/airflow_env/lib/python3.12/site-packages/airflow/example_dags/example_branch_operator_decorator.py took 0.041 seconds
[2024-12-10T17:04:07.844-0600] {processor.py:186} INFO - Started process (PID=1039) to work on /root/airflow_env/lib/python3.12/site-packages/airflow/example_dags/example_branch_operator_decorator.py
[2024-12-10T17:04:07.845-0600] {processor.py:914} INFO - Processing file /root/airflow_env/lib/python3.12/site-packages/airflow/example_dags/example_branch_operator_decorator.py for tasks to queue
[2024-12-10T17:04:07.847-0600] {logging_mixin.py:190} INFO - [2024-12-10T17:04:07.847-0600] {dagbag.py:588} INFO - Filling up the DagBag from /root/airflow_env/lib/python3.12/site-packages/airflow/example_dags/example_branch_operator_decorator.py
[2024-12-10T17:04:07.869-0600] {processor.py:927} WARNING - No viable dags retrieved from /root/airflow_env/lib/python3.12/site-packages/airflow/example_dags/example_branch_operator_decorator.py
[2024-12-10T17:04:07.878-0600] {processor.py:208} INFO - Processing /root/airflow_env/lib/python3.12/site-packages/airflow/example_dags/example_branch_operator_decorator.py took 0.037 seconds
[2024-12-10T17:05:03.145-0600] {processor.py:186} INFO - Started process (PID=1101) to work on /root/airflow_env/lib/python3.12/site-packages/airflow/example_dags/example_branch_operator_decorator.py
[2024-12-10T17:05:03.146-0600] {processor.py:914} INFO - Processing file /root/airflow_env/lib/python3.12/site-packages/airflow/example_dags/example_branch_operator_decorator.py for tasks to queue
[2024-12-10T17:05:03.148-0600] {logging_mixin.py:190} INFO - [2024-12-10T17:05:03.148-0600] {dagbag.py:588} INFO - Filling up the DagBag from /root/airflow_env/lib/python3.12/site-packages/airflow/example_dags/example_branch_operator_decorator.py
[2024-12-10T17:05:03.173-0600] {processor.py:927} WARNING - No viable dags retrieved from /root/airflow_env/lib/python3.12/site-packages/airflow/example_dags/example_branch_operator_decorator.py
[2024-12-10T17:05:03.181-0600] {processor.py:208} INFO - Processing /root/airflow_env/lib/python3.12/site-packages/airflow/example_dags/example_branch_operator_decorator.py took 0.040 seconds
[2024-12-10T17:05:55.766-0600] {processor.py:186} INFO - Started process (PID=1165) to work on /root/airflow_env/lib/python3.12/site-packages/airflow/example_dags/example_branch_operator_decorator.py
[2024-12-10T17:05:55.768-0600] {processor.py:914} INFO - Processing file /root/airflow_env/lib/python3.12/site-packages/airflow/example_dags/example_branch_operator_decorator.py for tasks to queue
[2024-12-10T17:05:55.769-0600] {logging_mixin.py:190} INFO - [2024-12-10T17:05:55.769-0600] {dagbag.py:588} INFO - Filling up the DagBag from /root/airflow_env/lib/python3.12/site-packages/airflow/example_dags/example_branch_operator_decorator.py
[2024-12-10T17:05:55.792-0600] {processor.py:927} WARNING - No viable dags retrieved from /root/airflow_env/lib/python3.12/site-packages/airflow/example_dags/example_branch_operator_decorator.py
[2024-12-10T17:05:55.800-0600] {processor.py:208} INFO - Processing /root/airflow_env/lib/python3.12/site-packages/airflow/example_dags/example_branch_operator_decorator.py took 0.038 seconds
[2024-12-10T17:06:49.055-0600] {processor.py:186} INFO - Started process (PID=1223) to work on /root/airflow_env/lib/python3.12/site-packages/airflow/example_dags/example_branch_operator_decorator.py
[2024-12-10T17:06:49.058-0600] {processor.py:914} INFO - Processing file /root/airflow_env/lib/python3.12/site-packages/airflow/example_dags/example_branch_operator_decorator.py for tasks to queue
[2024-12-10T17:06:49.059-0600] {logging_mixin.py:190} INFO - [2024-12-10T17:06:49.059-0600] {dagbag.py:588} INFO - Filling up the DagBag from /root/airflow_env/lib/python3.12/site-packages/airflow/example_dags/example_branch_operator_decorator.py
[2024-12-10T17:06:49.081-0600] {processor.py:927} WARNING - No viable dags retrieved from /root/airflow_env/lib/python3.12/site-packages/airflow/example_dags/example_branch_operator_decorator.py
[2024-12-10T17:06:49.090-0600] {processor.py:208} INFO - Processing /root/airflow_env/lib/python3.12/site-packages/airflow/example_dags/example_branch_operator_decorator.py took 0.040 seconds
[2024-12-10T17:07:44.438-0600] {processor.py:186} INFO - Started process (PID=1284) to work on /root/airflow_env/lib/python3.12/site-packages/airflow/example_dags/example_branch_operator_decorator.py
[2024-12-10T17:07:44.441-0600] {processor.py:914} INFO - Processing file /root/airflow_env/lib/python3.12/site-packages/airflow/example_dags/example_branch_operator_decorator.py for tasks to queue
[2024-12-10T17:07:44.443-0600] {logging_mixin.py:190} INFO - [2024-12-10T17:07:44.442-0600] {dagbag.py:588} INFO - Filling up the DagBag from /root/airflow_env/lib/python3.12/site-packages/airflow/example_dags/example_branch_operator_decorator.py
[2024-12-10T17:07:44.465-0600] {processor.py:927} WARNING - No viable dags retrieved from /root/airflow_env/lib/python3.12/site-packages/airflow/example_dags/example_branch_operator_decorator.py
[2024-12-10T17:07:44.474-0600] {processor.py:208} INFO - Processing /root/airflow_env/lib/python3.12/site-packages/airflow/example_dags/example_branch_operator_decorator.py took 0.039 seconds
[2024-12-10T17:08:33.906-0600] {processor.py:186} INFO - Started process (PID=1385) to work on /root/airflow_env/lib/python3.12/site-packages/airflow/example_dags/example_branch_operator_decorator.py
[2024-12-10T17:08:33.908-0600] {processor.py:914} INFO - Processing file /root/airflow_env/lib/python3.12/site-packages/airflow/example_dags/example_branch_operator_decorator.py for tasks to queue
[2024-12-10T17:08:33.910-0600] {logging_mixin.py:190} INFO - [2024-12-10T17:08:33.910-0600] {dagbag.py:588} INFO - Filling up the DagBag from /root/airflow_env/lib/python3.12/site-packages/airflow/example_dags/example_branch_operator_decorator.py
[2024-12-10T17:08:33.937-0600] {processor.py:927} WARNING - No viable dags retrieved from /root/airflow_env/lib/python3.12/site-packages/airflow/example_dags/example_branch_operator_decorator.py
[2024-12-10T17:08:33.945-0600] {processor.py:208} INFO - Processing /root/airflow_env/lib/python3.12/site-packages/airflow/example_dags/example_branch_operator_decorator.py took 0.044 seconds
[2024-12-10T17:09:23.415-0600] {processor.py:186} INFO - Started process (PID=1447) to work on /root/airflow_env/lib/python3.12/site-packages/airflow/example_dags/example_branch_operator_decorator.py
[2024-12-10T17:09:23.419-0600] {processor.py:914} INFO - Processing file /root/airflow_env/lib/python3.12/site-packages/airflow/example_dags/example_branch_operator_decorator.py for tasks to queue
[2024-12-10T17:09:23.421-0600] {logging_mixin.py:190} INFO - [2024-12-10T17:09:23.420-0600] {dagbag.py:588} INFO - Filling up the DagBag from /root/airflow_env/lib/python3.12/site-packages/airflow/example_dags/example_branch_operator_decorator.py
[2024-12-10T17:09:23.456-0600] {processor.py:927} WARNING - No viable dags retrieved from /root/airflow_env/lib/python3.12/site-packages/airflow/example_dags/example_branch_operator_decorator.py
[2024-12-10T17:09:23.465-0600] {processor.py:208} INFO - Processing /root/airflow_env/lib/python3.12/site-packages/airflow/example_dags/example_branch_operator_decorator.py took 0.055 seconds
[2024-12-10T17:10:16.398-0600] {processor.py:186} INFO - Started process (PID=1515) to work on /root/airflow_env/lib/python3.12/site-packages/airflow/example_dags/example_branch_operator_decorator.py
[2024-12-10T17:10:16.400-0600] {processor.py:914} INFO - Processing file /root/airflow_env/lib/python3.12/site-packages/airflow/example_dags/example_branch_operator_decorator.py for tasks to queue
[2024-12-10T17:10:16.402-0600] {logging_mixin.py:190} INFO - [2024-12-10T17:10:16.402-0600] {dagbag.py:588} INFO - Filling up the DagBag from /root/airflow_env/lib/python3.12/site-packages/airflow/example_dags/example_branch_operator_decorator.py
[2024-12-10T17:10:16.437-0600] {processor.py:927} WARNING - No viable dags retrieved from /root/airflow_env/lib/python3.12/site-packages/airflow/example_dags/example_branch_operator_decorator.py
[2024-12-10T17:10:16.448-0600] {processor.py:208} INFO - Processing /root/airflow_env/lib/python3.12/site-packages/airflow/example_dags/example_branch_operator_decorator.py took 0.054 seconds
[2024-12-10T17:11:05.853-0600] {processor.py:186} INFO - Started process (PID=1575) to work on /root/airflow_env/lib/python3.12/site-packages/airflow/example_dags/example_branch_operator_decorator.py
[2024-12-10T17:11:05.855-0600] {processor.py:914} INFO - Processing file /root/airflow_env/lib/python3.12/site-packages/airflow/example_dags/example_branch_operator_decorator.py for tasks to queue
[2024-12-10T17:11:05.856-0600] {logging_mixin.py:190} INFO - [2024-12-10T17:11:05.856-0600] {dagbag.py:588} INFO - Filling up the DagBag from /root/airflow_env/lib/python3.12/site-packages/airflow/example_dags/example_branch_operator_decorator.py
[2024-12-10T17:11:05.875-0600] {processor.py:927} WARNING - No viable dags retrieved from /root/airflow_env/lib/python3.12/site-packages/airflow/example_dags/example_branch_operator_decorator.py
[2024-12-10T17:11:05.884-0600] {processor.py:208} INFO - Processing /root/airflow_env/lib/python3.12/site-packages/airflow/example_dags/example_branch_operator_decorator.py took 0.034 seconds
[2024-12-10T17:11:56.545-0600] {processor.py:186} INFO - Started process (PID=1636) to work on /root/airflow_env/lib/python3.12/site-packages/airflow/example_dags/example_branch_operator_decorator.py
[2024-12-10T17:11:56.546-0600] {processor.py:914} INFO - Processing file /root/airflow_env/lib/python3.12/site-packages/airflow/example_dags/example_branch_operator_decorator.py for tasks to queue
[2024-12-10T17:11:56.548-0600] {logging_mixin.py:190} INFO - [2024-12-10T17:11:56.547-0600] {dagbag.py:588} INFO - Filling up the DagBag from /root/airflow_env/lib/python3.12/site-packages/airflow/example_dags/example_branch_operator_decorator.py
[2024-12-10T17:11:56.579-0600] {processor.py:927} WARNING - No viable dags retrieved from /root/airflow_env/lib/python3.12/site-packages/airflow/example_dags/example_branch_operator_decorator.py
[2024-12-10T17:11:56.587-0600] {processor.py:208} INFO - Processing /root/airflow_env/lib/python3.12/site-packages/airflow/example_dags/example_branch_operator_decorator.py took 0.047 seconds
[2024-12-10T17:12:48.349-0600] {processor.py:186} INFO - Started process (PID=1692) to work on /root/airflow_env/lib/python3.12/site-packages/airflow/example_dags/example_branch_operator_decorator.py
[2024-12-10T17:12:48.351-0600] {processor.py:914} INFO - Processing file /root/airflow_env/lib/python3.12/site-packages/airflow/example_dags/example_branch_operator_decorator.py for tasks to queue
[2024-12-10T17:12:48.353-0600] {logging_mixin.py:190} INFO - [2024-12-10T17:12:48.352-0600] {dagbag.py:588} INFO - Filling up the DagBag from /root/airflow_env/lib/python3.12/site-packages/airflow/example_dags/example_branch_operator_decorator.py
[2024-12-10T17:12:48.382-0600] {processor.py:927} WARNING - No viable dags retrieved from /root/airflow_env/lib/python3.12/site-packages/airflow/example_dags/example_branch_operator_decorator.py
[2024-12-10T17:12:48.390-0600] {processor.py:208} INFO - Processing /root/airflow_env/lib/python3.12/site-packages/airflow/example_dags/example_branch_operator_decorator.py took 0.045 seconds
[2024-12-10T17:13:40.171-0600] {processor.py:186} INFO - Started process (PID=1749) to work on /root/airflow_env/lib/python3.12/site-packages/airflow/example_dags/example_branch_operator_decorator.py
[2024-12-10T17:13:40.173-0600] {processor.py:914} INFO - Processing file /root/airflow_env/lib/python3.12/site-packages/airflow/example_dags/example_branch_operator_decorator.py for tasks to queue
[2024-12-10T17:13:40.175-0600] {logging_mixin.py:190} INFO - [2024-12-10T17:13:40.174-0600] {dagbag.py:588} INFO - Filling up the DagBag from /root/airflow_env/lib/python3.12/site-packages/airflow/example_dags/example_branch_operator_decorator.py
[2024-12-10T17:13:40.194-0600] {processor.py:927} WARNING - No viable dags retrieved from /root/airflow_env/lib/python3.12/site-packages/airflow/example_dags/example_branch_operator_decorator.py
[2024-12-10T17:13:40.202-0600] {processor.py:208} INFO - Processing /root/airflow_env/lib/python3.12/site-packages/airflow/example_dags/example_branch_operator_decorator.py took 0.036 seconds
[2024-12-10T17:14:28.446-0600] {processor.py:186} INFO - Started process (PID=1803) to work on /root/airflow_env/lib/python3.12/site-packages/airflow/example_dags/example_branch_operator_decorator.py
[2024-12-10T17:14:28.448-0600] {processor.py:914} INFO - Processing file /root/airflow_env/lib/python3.12/site-packages/airflow/example_dags/example_branch_operator_decorator.py for tasks to queue
[2024-12-10T17:14:28.449-0600] {logging_mixin.py:190} INFO - [2024-12-10T17:14:28.449-0600] {dagbag.py:588} INFO - Filling up the DagBag from /root/airflow_env/lib/python3.12/site-packages/airflow/example_dags/example_branch_operator_decorator.py
[2024-12-10T17:14:28.472-0600] {processor.py:927} WARNING - No viable dags retrieved from /root/airflow_env/lib/python3.12/site-packages/airflow/example_dags/example_branch_operator_decorator.py
[2024-12-10T17:14:28.480-0600] {processor.py:208} INFO - Processing /root/airflow_env/lib/python3.12/site-packages/airflow/example_dags/example_branch_operator_decorator.py took 0.038 seconds
[2024-12-10T17:15:23.786-0600] {processor.py:186} INFO - Started process (PID=1873) to work on /root/airflow_env/lib/python3.12/site-packages/airflow/example_dags/example_branch_operator_decorator.py
[2024-12-10T17:15:23.788-0600] {processor.py:914} INFO - Processing file /root/airflow_env/lib/python3.12/site-packages/airflow/example_dags/example_branch_operator_decorator.py for tasks to queue
[2024-12-10T17:15:23.790-0600] {logging_mixin.py:190} INFO - [2024-12-10T17:15:23.789-0600] {dagbag.py:588} INFO - Filling up the DagBag from /root/airflow_env/lib/python3.12/site-packages/airflow/example_dags/example_branch_operator_decorator.py
[2024-12-10T17:15:23.823-0600] {processor.py:927} WARNING - No viable dags retrieved from /root/airflow_env/lib/python3.12/site-packages/airflow/example_dags/example_branch_operator_decorator.py
[2024-12-10T17:15:23.831-0600] {processor.py:208} INFO - Processing /root/airflow_env/lib/python3.12/site-packages/airflow/example_dags/example_branch_operator_decorator.py took 0.048 seconds
[2024-12-10T17:16:14.661-0600] {processor.py:186} INFO - Started process (PID=1938) to work on /root/airflow_env/lib/python3.12/site-packages/airflow/example_dags/example_branch_operator_decorator.py
[2024-12-10T17:16:14.665-0600] {processor.py:914} INFO - Processing file /root/airflow_env/lib/python3.12/site-packages/airflow/example_dags/example_branch_operator_decorator.py for tasks to queue
[2024-12-10T17:16:14.666-0600] {logging_mixin.py:190} INFO - [2024-12-10T17:16:14.666-0600] {dagbag.py:588} INFO - Filling up the DagBag from /root/airflow_env/lib/python3.12/site-packages/airflow/example_dags/example_branch_operator_decorator.py
[2024-12-10T17:16:14.699-0600] {processor.py:927} WARNING - No viable dags retrieved from /root/airflow_env/lib/python3.12/site-packages/airflow/example_dags/example_branch_operator_decorator.py
[2024-12-10T17:16:14.713-0600] {processor.py:208} INFO - Processing /root/airflow_env/lib/python3.12/site-packages/airflow/example_dags/example_branch_operator_decorator.py took 0.060 seconds
[2024-12-10T17:17:07.763-0600] {processor.py:186} INFO - Started process (PID=1997) to work on /root/airflow_env/lib/python3.12/site-packages/airflow/example_dags/example_branch_operator_decorator.py
[2024-12-10T17:17:07.766-0600] {processor.py:914} INFO - Processing file /root/airflow_env/lib/python3.12/site-packages/airflow/example_dags/example_branch_operator_decorator.py for tasks to queue
[2024-12-10T17:17:07.767-0600] {logging_mixin.py:190} INFO - [2024-12-10T17:17:07.767-0600] {dagbag.py:588} INFO - Filling up the DagBag from /root/airflow_env/lib/python3.12/site-packages/airflow/example_dags/example_branch_operator_decorator.py
[2024-12-10T17:17:07.792-0600] {processor.py:927} WARNING - No viable dags retrieved from /root/airflow_env/lib/python3.12/site-packages/airflow/example_dags/example_branch_operator_decorator.py
[2024-12-10T17:17:07.800-0600] {processor.py:208} INFO - Processing /root/airflow_env/lib/python3.12/site-packages/airflow/example_dags/example_branch_operator_decorator.py took 0.042 seconds
[2024-12-10T17:17:59.189-0600] {processor.py:186} INFO - Started process (PID=2055) to work on /root/airflow_env/lib/python3.12/site-packages/airflow/example_dags/example_branch_operator_decorator.py
[2024-12-10T17:17:59.192-0600] {processor.py:914} INFO - Processing file /root/airflow_env/lib/python3.12/site-packages/airflow/example_dags/example_branch_operator_decorator.py for tasks to queue
[2024-12-10T17:17:59.193-0600] {logging_mixin.py:190} INFO - [2024-12-10T17:17:59.193-0600] {dagbag.py:588} INFO - Filling up the DagBag from /root/airflow_env/lib/python3.12/site-packages/airflow/example_dags/example_branch_operator_decorator.py
[2024-12-10T17:17:59.211-0600] {processor.py:927} WARNING - No viable dags retrieved from /root/airflow_env/lib/python3.12/site-packages/airflow/example_dags/example_branch_operator_decorator.py
[2024-12-10T17:17:59.219-0600] {processor.py:208} INFO - Processing /root/airflow_env/lib/python3.12/site-packages/airflow/example_dags/example_branch_operator_decorator.py took 0.034 seconds
[2024-12-10T17:18:51.712-0600] {processor.py:186} INFO - Started process (PID=2110) to work on /root/airflow_env/lib/python3.12/site-packages/airflow/example_dags/example_branch_operator_decorator.py
[2024-12-10T17:18:51.715-0600] {processor.py:914} INFO - Processing file /root/airflow_env/lib/python3.12/site-packages/airflow/example_dags/example_branch_operator_decorator.py for tasks to queue
[2024-12-10T17:18:51.716-0600] {logging_mixin.py:190} INFO - [2024-12-10T17:18:51.716-0600] {dagbag.py:588} INFO - Filling up the DagBag from /root/airflow_env/lib/python3.12/site-packages/airflow/example_dags/example_branch_operator_decorator.py
[2024-12-10T17:18:51.736-0600] {processor.py:927} WARNING - No viable dags retrieved from /root/airflow_env/lib/python3.12/site-packages/airflow/example_dags/example_branch_operator_decorator.py
[2024-12-10T17:18:51.744-0600] {processor.py:208} INFO - Processing /root/airflow_env/lib/python3.12/site-packages/airflow/example_dags/example_branch_operator_decorator.py took 0.036 seconds
[2024-12-10T17:19:44.821-0600] {processor.py:186} INFO - Started process (PID=2168) to work on /root/airflow_env/lib/python3.12/site-packages/airflow/example_dags/example_branch_operator_decorator.py
[2024-12-10T17:19:44.823-0600] {processor.py:914} INFO - Processing file /root/airflow_env/lib/python3.12/site-packages/airflow/example_dags/example_branch_operator_decorator.py for tasks to queue
[2024-12-10T17:19:44.824-0600] {logging_mixin.py:190} INFO - [2024-12-10T17:19:44.824-0600] {dagbag.py:588} INFO - Filling up the DagBag from /root/airflow_env/lib/python3.12/site-packages/airflow/example_dags/example_branch_operator_decorator.py
[2024-12-10T17:19:44.842-0600] {processor.py:927} WARNING - No viable dags retrieved from /root/airflow_env/lib/python3.12/site-packages/airflow/example_dags/example_branch_operator_decorator.py
[2024-12-10T17:19:44.850-0600] {processor.py:208} INFO - Processing /root/airflow_env/lib/python3.12/site-packages/airflow/example_dags/example_branch_operator_decorator.py took 0.033 seconds
[2024-12-10T17:20:35.490-0600] {processor.py:186} INFO - Started process (PID=2225) to work on /root/airflow_env/lib/python3.12/site-packages/airflow/example_dags/example_branch_operator_decorator.py
[2024-12-10T17:20:35.492-0600] {processor.py:914} INFO - Processing file /root/airflow_env/lib/python3.12/site-packages/airflow/example_dags/example_branch_operator_decorator.py for tasks to queue
[2024-12-10T17:20:35.494-0600] {logging_mixin.py:190} INFO - [2024-12-10T17:20:35.493-0600] {dagbag.py:588} INFO - Filling up the DagBag from /root/airflow_env/lib/python3.12/site-packages/airflow/example_dags/example_branch_operator_decorator.py
[2024-12-10T17:20:35.517-0600] {processor.py:927} WARNING - No viable dags retrieved from /root/airflow_env/lib/python3.12/site-packages/airflow/example_dags/example_branch_operator_decorator.py
[2024-12-10T17:20:35.525-0600] {processor.py:208} INFO - Processing /root/airflow_env/lib/python3.12/site-packages/airflow/example_dags/example_branch_operator_decorator.py took 0.039 seconds
[2024-12-10T17:21:28.724-0600] {processor.py:186} INFO - Started process (PID=2283) to work on /root/airflow_env/lib/python3.12/site-packages/airflow/example_dags/example_branch_operator_decorator.py
[2024-12-10T17:21:28.727-0600] {processor.py:914} INFO - Processing file /root/airflow_env/lib/python3.12/site-packages/airflow/example_dags/example_branch_operator_decorator.py for tasks to queue
[2024-12-10T17:21:28.729-0600] {logging_mixin.py:190} INFO - [2024-12-10T17:21:28.728-0600] {dagbag.py:588} INFO - Filling up the DagBag from /root/airflow_env/lib/python3.12/site-packages/airflow/example_dags/example_branch_operator_decorator.py
[2024-12-10T17:21:28.752-0600] {processor.py:927} WARNING - No viable dags retrieved from /root/airflow_env/lib/python3.12/site-packages/airflow/example_dags/example_branch_operator_decorator.py
[2024-12-10T17:21:28.760-0600] {processor.py:208} INFO - Processing /root/airflow_env/lib/python3.12/site-packages/airflow/example_dags/example_branch_operator_decorator.py took 0.039 seconds
[2024-12-10T17:22:22.458-0600] {processor.py:186} INFO - Started process (PID=2342) to work on /root/airflow_env/lib/python3.12/site-packages/airflow/example_dags/example_branch_operator_decorator.py
[2024-12-10T17:22:22.461-0600] {processor.py:914} INFO - Processing file /root/airflow_env/lib/python3.12/site-packages/airflow/example_dags/example_branch_operator_decorator.py for tasks to queue
[2024-12-10T17:22:22.462-0600] {logging_mixin.py:190} INFO - [2024-12-10T17:22:22.462-0600] {dagbag.py:588} INFO - Filling up the DagBag from /root/airflow_env/lib/python3.12/site-packages/airflow/example_dags/example_branch_operator_decorator.py
[2024-12-10T17:22:22.487-0600] {processor.py:927} WARNING - No viable dags retrieved from /root/airflow_env/lib/python3.12/site-packages/airflow/example_dags/example_branch_operator_decorator.py
[2024-12-10T17:22:22.495-0600] {processor.py:208} INFO - Processing /root/airflow_env/lib/python3.12/site-packages/airflow/example_dags/example_branch_operator_decorator.py took 0.041 seconds
[2024-12-10T17:23:17.837-0600] {processor.py:186} INFO - Started process (PID=2400) to work on /root/airflow_env/lib/python3.12/site-packages/airflow/example_dags/example_branch_operator_decorator.py
[2024-12-10T17:23:17.839-0600] {processor.py:914} INFO - Processing file /root/airflow_env/lib/python3.12/site-packages/airflow/example_dags/example_branch_operator_decorator.py for tasks to queue
[2024-12-10T17:23:17.840-0600] {logging_mixin.py:190} INFO - [2024-12-10T17:23:17.840-0600] {dagbag.py:588} INFO - Filling up the DagBag from /root/airflow_env/lib/python3.12/site-packages/airflow/example_dags/example_branch_operator_decorator.py
[2024-12-10T17:23:17.867-0600] {processor.py:927} WARNING - No viable dags retrieved from /root/airflow_env/lib/python3.12/site-packages/airflow/example_dags/example_branch_operator_decorator.py
[2024-12-10T17:23:17.875-0600] {processor.py:208} INFO - Processing /root/airflow_env/lib/python3.12/site-packages/airflow/example_dags/example_branch_operator_decorator.py took 0.042 seconds
[2024-12-10T17:24:11.655-0600] {processor.py:186} INFO - Started process (PID=2458) to work on /root/airflow_env/lib/python3.12/site-packages/airflow/example_dags/example_branch_operator_decorator.py
[2024-12-10T17:24:11.656-0600] {processor.py:914} INFO - Processing file /root/airflow_env/lib/python3.12/site-packages/airflow/example_dags/example_branch_operator_decorator.py for tasks to queue
[2024-12-10T17:24:11.657-0600] {logging_mixin.py:190} INFO - [2024-12-10T17:24:11.657-0600] {dagbag.py:588} INFO - Filling up the DagBag from /root/airflow_env/lib/python3.12/site-packages/airflow/example_dags/example_branch_operator_decorator.py
[2024-12-10T17:24:11.680-0600] {processor.py:927} WARNING - No viable dags retrieved from /root/airflow_env/lib/python3.12/site-packages/airflow/example_dags/example_branch_operator_decorator.py
[2024-12-10T17:24:11.688-0600] {processor.py:208} INFO - Processing /root/airflow_env/lib/python3.12/site-packages/airflow/example_dags/example_branch_operator_decorator.py took 0.037 seconds
[2024-12-10T17:25:02.934-0600] {processor.py:186} INFO - Started process (PID=2524) to work on /root/airflow_env/lib/python3.12/site-packages/airflow/example_dags/example_branch_operator_decorator.py
[2024-12-10T17:25:02.937-0600] {processor.py:914} INFO - Processing file /root/airflow_env/lib/python3.12/site-packages/airflow/example_dags/example_branch_operator_decorator.py for tasks to queue
[2024-12-10T17:25:02.938-0600] {logging_mixin.py:190} INFO - [2024-12-10T17:25:02.938-0600] {dagbag.py:588} INFO - Filling up the DagBag from /root/airflow_env/lib/python3.12/site-packages/airflow/example_dags/example_branch_operator_decorator.py
[2024-12-10T17:25:02.959-0600] {processor.py:927} WARNING - No viable dags retrieved from /root/airflow_env/lib/python3.12/site-packages/airflow/example_dags/example_branch_operator_decorator.py
[2024-12-10T17:25:02.969-0600] {processor.py:208} INFO - Processing /root/airflow_env/lib/python3.12/site-packages/airflow/example_dags/example_branch_operator_decorator.py took 0.042 seconds
[2024-12-10T17:25:55.497-0600] {processor.py:186} INFO - Started process (PID=2581) to work on /root/airflow_env/lib/python3.12/site-packages/airflow/example_dags/example_branch_operator_decorator.py
[2024-12-10T17:25:55.500-0600] {processor.py:914} INFO - Processing file /root/airflow_env/lib/python3.12/site-packages/airflow/example_dags/example_branch_operator_decorator.py for tasks to queue
[2024-12-10T17:25:55.501-0600] {logging_mixin.py:190} INFO - [2024-12-10T17:25:55.501-0600] {dagbag.py:588} INFO - Filling up the DagBag from /root/airflow_env/lib/python3.12/site-packages/airflow/example_dags/example_branch_operator_decorator.py
[2024-12-10T17:25:55.524-0600] {processor.py:927} WARNING - No viable dags retrieved from /root/airflow_env/lib/python3.12/site-packages/airflow/example_dags/example_branch_operator_decorator.py
[2024-12-10T17:25:55.532-0600] {processor.py:208} INFO - Processing /root/airflow_env/lib/python3.12/site-packages/airflow/example_dags/example_branch_operator_decorator.py took 0.039 seconds
[2024-12-10T17:26:49.492-0600] {processor.py:186} INFO - Started process (PID=2638) to work on /root/airflow_env/lib/python3.12/site-packages/airflow/example_dags/example_branch_operator_decorator.py
[2024-12-10T17:26:49.494-0600] {processor.py:914} INFO - Processing file /root/airflow_env/lib/python3.12/site-packages/airflow/example_dags/example_branch_operator_decorator.py for tasks to queue
[2024-12-10T17:26:49.496-0600] {logging_mixin.py:190} INFO - [2024-12-10T17:26:49.496-0600] {dagbag.py:588} INFO - Filling up the DagBag from /root/airflow_env/lib/python3.12/site-packages/airflow/example_dags/example_branch_operator_decorator.py
[2024-12-10T17:26:49.525-0600] {processor.py:927} WARNING - No viable dags retrieved from /root/airflow_env/lib/python3.12/site-packages/airflow/example_dags/example_branch_operator_decorator.py
[2024-12-10T17:26:49.534-0600] {processor.py:208} INFO - Processing /root/airflow_env/lib/python3.12/site-packages/airflow/example_dags/example_branch_operator_decorator.py took 0.048 seconds
[2024-12-10T17:27:43.462-0600] {processor.py:186} INFO - Started process (PID=2697) to work on /root/airflow_env/lib/python3.12/site-packages/airflow/example_dags/example_branch_operator_decorator.py
[2024-12-10T17:27:43.465-0600] {processor.py:914} INFO - Processing file /root/airflow_env/lib/python3.12/site-packages/airflow/example_dags/example_branch_operator_decorator.py for tasks to queue
[2024-12-10T17:27:43.467-0600] {logging_mixin.py:190} INFO - [2024-12-10T17:27:43.466-0600] {dagbag.py:588} INFO - Filling up the DagBag from /root/airflow_env/lib/python3.12/site-packages/airflow/example_dags/example_branch_operator_decorator.py
[2024-12-10T17:27:43.493-0600] {processor.py:927} WARNING - No viable dags retrieved from /root/airflow_env/lib/python3.12/site-packages/airflow/example_dags/example_branch_operator_decorator.py
[2024-12-10T17:27:43.501-0600] {processor.py:208} INFO - Processing /root/airflow_env/lib/python3.12/site-packages/airflow/example_dags/example_branch_operator_decorator.py took 0.043 seconds
[2024-12-10T17:28:34.498-0600] {processor.py:186} INFO - Started process (PID=2753) to work on /root/airflow_env/lib/python3.12/site-packages/airflow/example_dags/example_branch_operator_decorator.py
[2024-12-10T17:28:34.501-0600] {processor.py:914} INFO - Processing file /root/airflow_env/lib/python3.12/site-packages/airflow/example_dags/example_branch_operator_decorator.py for tasks to queue
[2024-12-10T17:28:34.502-0600] {logging_mixin.py:190} INFO - [2024-12-10T17:28:34.502-0600] {dagbag.py:588} INFO - Filling up the DagBag from /root/airflow_env/lib/python3.12/site-packages/airflow/example_dags/example_branch_operator_decorator.py
[2024-12-10T17:28:34.521-0600] {processor.py:927} WARNING - No viable dags retrieved from /root/airflow_env/lib/python3.12/site-packages/airflow/example_dags/example_branch_operator_decorator.py
[2024-12-10T17:28:34.529-0600] {processor.py:208} INFO - Processing /root/airflow_env/lib/python3.12/site-packages/airflow/example_dags/example_branch_operator_decorator.py took 0.035 seconds
[2024-12-10T17:29:29.309-0600] {processor.py:186} INFO - Started process (PID=2811) to work on /root/airflow_env/lib/python3.12/site-packages/airflow/example_dags/example_branch_operator_decorator.py
[2024-12-10T17:29:29.312-0600] {processor.py:914} INFO - Processing file /root/airflow_env/lib/python3.12/site-packages/airflow/example_dags/example_branch_operator_decorator.py for tasks to queue
[2024-12-10T17:29:29.313-0600] {logging_mixin.py:190} INFO - [2024-12-10T17:29:29.313-0600] {dagbag.py:588} INFO - Filling up the DagBag from /root/airflow_env/lib/python3.12/site-packages/airflow/example_dags/example_branch_operator_decorator.py
[2024-12-10T17:29:29.327-0600] {processor.py:927} WARNING - No viable dags retrieved from /root/airflow_env/lib/python3.12/site-packages/airflow/example_dags/example_branch_operator_decorator.py
[2024-12-10T17:29:29.334-0600] {processor.py:208} INFO - Processing /root/airflow_env/lib/python3.12/site-packages/airflow/example_dags/example_branch_operator_decorator.py took 0.028 seconds
[2024-12-10T17:30:18.160-0600] {processor.py:186} INFO - Started process (PID=2874) to work on /root/airflow_env/lib/python3.12/site-packages/airflow/example_dags/example_branch_operator_decorator.py
[2024-12-10T17:30:18.163-0600] {processor.py:914} INFO - Processing file /root/airflow_env/lib/python3.12/site-packages/airflow/example_dags/example_branch_operator_decorator.py for tasks to queue
[2024-12-10T17:30:18.164-0600] {logging_mixin.py:190} INFO - [2024-12-10T17:30:18.164-0600] {dagbag.py:588} INFO - Filling up the DagBag from /root/airflow_env/lib/python3.12/site-packages/airflow/example_dags/example_branch_operator_decorator.py
[2024-12-10T17:30:18.184-0600] {processor.py:927} WARNING - No viable dags retrieved from /root/airflow_env/lib/python3.12/site-packages/airflow/example_dags/example_branch_operator_decorator.py
[2024-12-10T17:30:18.192-0600] {processor.py:208} INFO - Processing /root/airflow_env/lib/python3.12/site-packages/airflow/example_dags/example_branch_operator_decorator.py took 0.035 seconds
[2024-12-10T17:31:09.812-0600] {processor.py:186} INFO - Started process (PID=2929) to work on /root/airflow_env/lib/python3.12/site-packages/airflow/example_dags/example_branch_operator_decorator.py
[2024-12-10T17:31:09.814-0600] {processor.py:914} INFO - Processing file /root/airflow_env/lib/python3.12/site-packages/airflow/example_dags/example_branch_operator_decorator.py for tasks to queue
[2024-12-10T17:31:09.815-0600] {logging_mixin.py:190} INFO - [2024-12-10T17:31:09.815-0600] {dagbag.py:588} INFO - Filling up the DagBag from /root/airflow_env/lib/python3.12/site-packages/airflow/example_dags/example_branch_operator_decorator.py
[2024-12-10T17:31:09.835-0600] {processor.py:927} WARNING - No viable dags retrieved from /root/airflow_env/lib/python3.12/site-packages/airflow/example_dags/example_branch_operator_decorator.py
[2024-12-10T17:31:09.843-0600] {processor.py:208} INFO - Processing /root/airflow_env/lib/python3.12/site-packages/airflow/example_dags/example_branch_operator_decorator.py took 0.035 seconds
[2024-12-10T17:32:01.288-0600] {processor.py:186} INFO - Started process (PID=2986) to work on /root/airflow_env/lib/python3.12/site-packages/airflow/example_dags/example_branch_operator_decorator.py
[2024-12-10T17:32:01.291-0600] {processor.py:914} INFO - Processing file /root/airflow_env/lib/python3.12/site-packages/airflow/example_dags/example_branch_operator_decorator.py for tasks to queue
[2024-12-10T17:32:01.292-0600] {logging_mixin.py:190} INFO - [2024-12-10T17:32:01.292-0600] {dagbag.py:588} INFO - Filling up the DagBag from /root/airflow_env/lib/python3.12/site-packages/airflow/example_dags/example_branch_operator_decorator.py
[2024-12-10T17:32:01.313-0600] {processor.py:927} WARNING - No viable dags retrieved from /root/airflow_env/lib/python3.12/site-packages/airflow/example_dags/example_branch_operator_decorator.py
[2024-12-10T17:32:01.320-0600] {processor.py:208} INFO - Processing /root/airflow_env/lib/python3.12/site-packages/airflow/example_dags/example_branch_operator_decorator.py took 0.036 seconds
[2024-12-10T17:32:57.312-0600] {processor.py:186} INFO - Started process (PID=3047) to work on /root/airflow_env/lib/python3.12/site-packages/airflow/example_dags/example_branch_operator_decorator.py
[2024-12-10T17:32:57.315-0600] {processor.py:914} INFO - Processing file /root/airflow_env/lib/python3.12/site-packages/airflow/example_dags/example_branch_operator_decorator.py for tasks to queue
[2024-12-10T17:32:57.316-0600] {logging_mixin.py:190} INFO - [2024-12-10T17:32:57.316-0600] {dagbag.py:588} INFO - Filling up the DagBag from /root/airflow_env/lib/python3.12/site-packages/airflow/example_dags/example_branch_operator_decorator.py
[2024-12-10T17:32:57.341-0600] {processor.py:927} WARNING - No viable dags retrieved from /root/airflow_env/lib/python3.12/site-packages/airflow/example_dags/example_branch_operator_decorator.py
[2024-12-10T17:32:57.349-0600] {processor.py:208} INFO - Processing /root/airflow_env/lib/python3.12/site-packages/airflow/example_dags/example_branch_operator_decorator.py took 0.041 seconds
[2024-12-10T17:33:49.227-0600] {processor.py:186} INFO - Started process (PID=3210) to work on /root/airflow_env/lib/python3.12/site-packages/airflow/example_dags/example_branch_operator_decorator.py
[2024-12-10T17:33:49.230-0600] {processor.py:914} INFO - Processing file /root/airflow_env/lib/python3.12/site-packages/airflow/example_dags/example_branch_operator_decorator.py for tasks to queue
[2024-12-10T17:33:49.232-0600] {logging_mixin.py:190} INFO - [2024-12-10T17:33:49.232-0600] {dagbag.py:588} INFO - Filling up the DagBag from /root/airflow_env/lib/python3.12/site-packages/airflow/example_dags/example_branch_operator_decorator.py
[2024-12-10T17:33:49.267-0600] {processor.py:927} WARNING - No viable dags retrieved from /root/airflow_env/lib/python3.12/site-packages/airflow/example_dags/example_branch_operator_decorator.py
[2024-12-10T17:33:49.280-0600] {processor.py:208} INFO - Processing /root/airflow_env/lib/python3.12/site-packages/airflow/example_dags/example_branch_operator_decorator.py took 0.059 seconds
[2024-12-10T17:34:42.266-0600] {processor.py:186} INFO - Started process (PID=3268) to work on /root/airflow_env/lib/python3.12/site-packages/airflow/example_dags/example_branch_operator_decorator.py
[2024-12-10T17:34:42.269-0600] {processor.py:914} INFO - Processing file /root/airflow_env/lib/python3.12/site-packages/airflow/example_dags/example_branch_operator_decorator.py for tasks to queue
[2024-12-10T17:34:42.270-0600] {logging_mixin.py:190} INFO - [2024-12-10T17:34:42.270-0600] {dagbag.py:588} INFO - Filling up the DagBag from /root/airflow_env/lib/python3.12/site-packages/airflow/example_dags/example_branch_operator_decorator.py
[2024-12-10T17:34:42.289-0600] {processor.py:927} WARNING - No viable dags retrieved from /root/airflow_env/lib/python3.12/site-packages/airflow/example_dags/example_branch_operator_decorator.py
[2024-12-10T17:34:42.296-0600] {processor.py:208} INFO - Processing /root/airflow_env/lib/python3.12/site-packages/airflow/example_dags/example_branch_operator_decorator.py took 0.034 seconds
[2024-12-10T17:35:34.357-0600] {processor.py:186} INFO - Started process (PID=3328) to work on /root/airflow_env/lib/python3.12/site-packages/airflow/example_dags/example_branch_operator_decorator.py
[2024-12-10T17:35:34.359-0600] {processor.py:914} INFO - Processing file /root/airflow_env/lib/python3.12/site-packages/airflow/example_dags/example_branch_operator_decorator.py for tasks to queue
[2024-12-10T17:35:34.361-0600] {logging_mixin.py:190} INFO - [2024-12-10T17:35:34.361-0600] {dagbag.py:588} INFO - Filling up the DagBag from /root/airflow_env/lib/python3.12/site-packages/airflow/example_dags/example_branch_operator_decorator.py
[2024-12-10T17:35:34.385-0600] {processor.py:927} WARNING - No viable dags retrieved from /root/airflow_env/lib/python3.12/site-packages/airflow/example_dags/example_branch_operator_decorator.py
[2024-12-10T17:35:34.392-0600] {processor.py:208} INFO - Processing /root/airflow_env/lib/python3.12/site-packages/airflow/example_dags/example_branch_operator_decorator.py took 0.039 seconds
[2024-12-10T17:36:23.691-0600] {processor.py:186} INFO - Started process (PID=3383) to work on /root/airflow_env/lib/python3.12/site-packages/airflow/example_dags/example_branch_operator_decorator.py
[2024-12-10T17:36:23.693-0600] {processor.py:914} INFO - Processing file /root/airflow_env/lib/python3.12/site-packages/airflow/example_dags/example_branch_operator_decorator.py for tasks to queue
[2024-12-10T17:36:23.695-0600] {logging_mixin.py:190} INFO - [2024-12-10T17:36:23.694-0600] {dagbag.py:588} INFO - Filling up the DagBag from /root/airflow_env/lib/python3.12/site-packages/airflow/example_dags/example_branch_operator_decorator.py
[2024-12-10T17:36:23.713-0600] {processor.py:927} WARNING - No viable dags retrieved from /root/airflow_env/lib/python3.12/site-packages/airflow/example_dags/example_branch_operator_decorator.py
[2024-12-10T17:36:23.721-0600] {processor.py:208} INFO - Processing /root/airflow_env/lib/python3.12/site-packages/airflow/example_dags/example_branch_operator_decorator.py took 0.034 seconds
[2024-12-10T17:37:14.538-0600] {processor.py:186} INFO - Started process (PID=3440) to work on /root/airflow_env/lib/python3.12/site-packages/airflow/example_dags/example_branch_operator_decorator.py
[2024-12-10T17:37:14.540-0600] {processor.py:914} INFO - Processing file /root/airflow_env/lib/python3.12/site-packages/airflow/example_dags/example_branch_operator_decorator.py for tasks to queue
[2024-12-10T17:37:14.542-0600] {logging_mixin.py:190} INFO - [2024-12-10T17:37:14.542-0600] {dagbag.py:588} INFO - Filling up the DagBag from /root/airflow_env/lib/python3.12/site-packages/airflow/example_dags/example_branch_operator_decorator.py
[2024-12-10T17:37:14.568-0600] {processor.py:927} WARNING - No viable dags retrieved from /root/airflow_env/lib/python3.12/site-packages/airflow/example_dags/example_branch_operator_decorator.py
[2024-12-10T17:37:14.576-0600] {processor.py:208} INFO - Processing /root/airflow_env/lib/python3.12/site-packages/airflow/example_dags/example_branch_operator_decorator.py took 0.042 seconds
[2024-12-10T17:38:05.952-0600] {processor.py:186} INFO - Started process (PID=3496) to work on /root/airflow_env/lib/python3.12/site-packages/airflow/example_dags/example_branch_operator_decorator.py
[2024-12-10T17:38:05.955-0600] {processor.py:914} INFO - Processing file /root/airflow_env/lib/python3.12/site-packages/airflow/example_dags/example_branch_operator_decorator.py for tasks to queue
[2024-12-10T17:38:05.956-0600] {logging_mixin.py:190} INFO - [2024-12-10T17:38:05.956-0600] {dagbag.py:588} INFO - Filling up the DagBag from /root/airflow_env/lib/python3.12/site-packages/airflow/example_dags/example_branch_operator_decorator.py
[2024-12-10T17:38:05.976-0600] {processor.py:927} WARNING - No viable dags retrieved from /root/airflow_env/lib/python3.12/site-packages/airflow/example_dags/example_branch_operator_decorator.py
[2024-12-10T17:38:05.984-0600] {processor.py:208} INFO - Processing /root/airflow_env/lib/python3.12/site-packages/airflow/example_dags/example_branch_operator_decorator.py took 0.035 seconds
[2024-12-10T17:38:56.394-0600] {processor.py:186} INFO - Started process (PID=3553) to work on /root/airflow_env/lib/python3.12/site-packages/airflow/example_dags/example_branch_operator_decorator.py
[2024-12-10T17:38:56.397-0600] {processor.py:914} INFO - Processing file /root/airflow_env/lib/python3.12/site-packages/airflow/example_dags/example_branch_operator_decorator.py for tasks to queue
[2024-12-10T17:38:56.398-0600] {logging_mixin.py:190} INFO - [2024-12-10T17:38:56.398-0600] {dagbag.py:588} INFO - Filling up the DagBag from /root/airflow_env/lib/python3.12/site-packages/airflow/example_dags/example_branch_operator_decorator.py
[2024-12-10T17:38:56.423-0600] {processor.py:927} WARNING - No viable dags retrieved from /root/airflow_env/lib/python3.12/site-packages/airflow/example_dags/example_branch_operator_decorator.py
[2024-12-10T17:38:56.432-0600] {processor.py:208} INFO - Processing /root/airflow_env/lib/python3.12/site-packages/airflow/example_dags/example_branch_operator_decorator.py took 0.042 seconds
[2024-12-10T17:39:49.572-0600] {processor.py:186} INFO - Started process (PID=3610) to work on /root/airflow_env/lib/python3.12/site-packages/airflow/example_dags/example_branch_operator_decorator.py
[2024-12-10T17:39:49.573-0600] {processor.py:914} INFO - Processing file /root/airflow_env/lib/python3.12/site-packages/airflow/example_dags/example_branch_operator_decorator.py for tasks to queue
[2024-12-10T17:39:49.575-0600] {logging_mixin.py:190} INFO - [2024-12-10T17:39:49.574-0600] {dagbag.py:588} INFO - Filling up the DagBag from /root/airflow_env/lib/python3.12/site-packages/airflow/example_dags/example_branch_operator_decorator.py
[2024-12-10T17:39:49.593-0600] {processor.py:927} WARNING - No viable dags retrieved from /root/airflow_env/lib/python3.12/site-packages/airflow/example_dags/example_branch_operator_decorator.py
[2024-12-10T17:39:49.601-0600] {processor.py:208} INFO - Processing /root/airflow_env/lib/python3.12/site-packages/airflow/example_dags/example_branch_operator_decorator.py took 0.033 seconds
[2024-12-10T17:40:43.319-0600] {processor.py:186} INFO - Started process (PID=3674) to work on /root/airflow_env/lib/python3.12/site-packages/airflow/example_dags/example_branch_operator_decorator.py
[2024-12-10T17:40:43.321-0600] {processor.py:914} INFO - Processing file /root/airflow_env/lib/python3.12/site-packages/airflow/example_dags/example_branch_operator_decorator.py for tasks to queue
[2024-12-10T17:40:43.322-0600] {logging_mixin.py:190} INFO - [2024-12-10T17:40:43.322-0600] {dagbag.py:588} INFO - Filling up the DagBag from /root/airflow_env/lib/python3.12/site-packages/airflow/example_dags/example_branch_operator_decorator.py
[2024-12-10T17:40:43.358-0600] {processor.py:927} WARNING - No viable dags retrieved from /root/airflow_env/lib/python3.12/site-packages/airflow/example_dags/example_branch_operator_decorator.py
[2024-12-10T17:40:43.367-0600] {processor.py:208} INFO - Processing /root/airflow_env/lib/python3.12/site-packages/airflow/example_dags/example_branch_operator_decorator.py took 0.052 seconds
[2024-12-10T17:41:39.032-0600] {processor.py:186} INFO - Started process (PID=3735) to work on /root/airflow_env/lib/python3.12/site-packages/airflow/example_dags/example_branch_operator_decorator.py
[2024-12-10T17:41:39.034-0600] {processor.py:914} INFO - Processing file /root/airflow_env/lib/python3.12/site-packages/airflow/example_dags/example_branch_operator_decorator.py for tasks to queue
[2024-12-10T17:41:39.036-0600] {logging_mixin.py:190} INFO - [2024-12-10T17:41:39.035-0600] {dagbag.py:588} INFO - Filling up the DagBag from /root/airflow_env/lib/python3.12/site-packages/airflow/example_dags/example_branch_operator_decorator.py
[2024-12-10T17:41:39.055-0600] {processor.py:927} WARNING - No viable dags retrieved from /root/airflow_env/lib/python3.12/site-packages/airflow/example_dags/example_branch_operator_decorator.py
[2024-12-10T17:41:39.063-0600] {processor.py:208} INFO - Processing /root/airflow_env/lib/python3.12/site-packages/airflow/example_dags/example_branch_operator_decorator.py took 0.035 seconds
[2024-12-10T17:42:30.122-0600] {processor.py:186} INFO - Started process (PID=3800) to work on /root/airflow_env/lib/python3.12/site-packages/airflow/example_dags/example_branch_operator_decorator.py
[2024-12-10T17:42:30.125-0600] {processor.py:914} INFO - Processing file /root/airflow_env/lib/python3.12/site-packages/airflow/example_dags/example_branch_operator_decorator.py for tasks to queue
[2024-12-10T17:42:30.126-0600] {logging_mixin.py:190} INFO - [2024-12-10T17:42:30.126-0600] {dagbag.py:588} INFO - Filling up the DagBag from /root/airflow_env/lib/python3.12/site-packages/airflow/example_dags/example_branch_operator_decorator.py
[2024-12-10T17:42:30.145-0600] {processor.py:927} WARNING - No viable dags retrieved from /root/airflow_env/lib/python3.12/site-packages/airflow/example_dags/example_branch_operator_decorator.py
[2024-12-10T17:42:30.152-0600] {processor.py:208} INFO - Processing /root/airflow_env/lib/python3.12/site-packages/airflow/example_dags/example_branch_operator_decorator.py took 0.034 seconds
[2024-12-10T17:43:23.881-0600] {processor.py:186} INFO - Started process (PID=3868) to work on /root/airflow_env/lib/python3.12/site-packages/airflow/example_dags/example_branch_operator_decorator.py
[2024-12-10T17:43:23.884-0600] {processor.py:914} INFO - Processing file /root/airflow_env/lib/python3.12/site-packages/airflow/example_dags/example_branch_operator_decorator.py for tasks to queue
[2024-12-10T17:43:23.885-0600] {logging_mixin.py:190} INFO - [2024-12-10T17:43:23.885-0600] {dagbag.py:588} INFO - Filling up the DagBag from /root/airflow_env/lib/python3.12/site-packages/airflow/example_dags/example_branch_operator_decorator.py
[2024-12-10T17:43:23.910-0600] {processor.py:927} WARNING - No viable dags retrieved from /root/airflow_env/lib/python3.12/site-packages/airflow/example_dags/example_branch_operator_decorator.py
[2024-12-10T17:43:23.918-0600] {processor.py:208} INFO - Processing /root/airflow_env/lib/python3.12/site-packages/airflow/example_dags/example_branch_operator_decorator.py took 0.041 seconds
[2024-12-10T17:44:14.467-0600] {processor.py:186} INFO - Started process (PID=3925) to work on /root/airflow_env/lib/python3.12/site-packages/airflow/example_dags/example_branch_operator_decorator.py
[2024-12-10T17:44:14.469-0600] {processor.py:914} INFO - Processing file /root/airflow_env/lib/python3.12/site-packages/airflow/example_dags/example_branch_operator_decorator.py for tasks to queue
[2024-12-10T17:44:14.471-0600] {logging_mixin.py:190} INFO - [2024-12-10T17:44:14.470-0600] {dagbag.py:588} INFO - Filling up the DagBag from /root/airflow_env/lib/python3.12/site-packages/airflow/example_dags/example_branch_operator_decorator.py
[2024-12-10T17:44:14.492-0600] {processor.py:927} WARNING - No viable dags retrieved from /root/airflow_env/lib/python3.12/site-packages/airflow/example_dags/example_branch_operator_decorator.py
[2024-12-10T17:44:14.500-0600] {processor.py:208} INFO - Processing /root/airflow_env/lib/python3.12/site-packages/airflow/example_dags/example_branch_operator_decorator.py took 0.037 seconds
[2024-12-10T17:45:08.399-0600] {processor.py:186} INFO - Started process (PID=3985) to work on /root/airflow_env/lib/python3.12/site-packages/airflow/example_dags/example_branch_operator_decorator.py
[2024-12-10T17:45:08.402-0600] {processor.py:914} INFO - Processing file /root/airflow_env/lib/python3.12/site-packages/airflow/example_dags/example_branch_operator_decorator.py for tasks to queue
[2024-12-10T17:45:08.403-0600] {logging_mixin.py:190} INFO - [2024-12-10T17:45:08.403-0600] {dagbag.py:588} INFO - Filling up the DagBag from /root/airflow_env/lib/python3.12/site-packages/airflow/example_dags/example_branch_operator_decorator.py
[2024-12-10T17:45:08.427-0600] {processor.py:927} WARNING - No viable dags retrieved from /root/airflow_env/lib/python3.12/site-packages/airflow/example_dags/example_branch_operator_decorator.py
[2024-12-10T17:45:08.435-0600] {processor.py:208} INFO - Processing /root/airflow_env/lib/python3.12/site-packages/airflow/example_dags/example_branch_operator_decorator.py took 0.040 seconds
[2024-12-10T17:46:01.876-0600] {processor.py:186} INFO - Started process (PID=4042) to work on /root/airflow_env/lib/python3.12/site-packages/airflow/example_dags/example_branch_operator_decorator.py
[2024-12-10T17:46:01.878-0600] {processor.py:914} INFO - Processing file /root/airflow_env/lib/python3.12/site-packages/airflow/example_dags/example_branch_operator_decorator.py for tasks to queue
[2024-12-10T17:46:01.889-0600] {logging_mixin.py:190} INFO - [2024-12-10T17:46:01.889-0600] {dagbag.py:588} INFO - Filling up the DagBag from /root/airflow_env/lib/python3.12/site-packages/airflow/example_dags/example_branch_operator_decorator.py
[2024-12-10T17:46:02.167-0600] {processor.py:927} WARNING - No viable dags retrieved from /root/airflow_env/lib/python3.12/site-packages/airflow/example_dags/example_branch_operator_decorator.py
[2024-12-10T17:46:02.186-0600] {processor.py:208} INFO - Processing /root/airflow_env/lib/python3.12/site-packages/airflow/example_dags/example_branch_operator_decorator.py took 0.326 seconds
[2024-12-10T17:47:03.060-0600] {processor.py:186} INFO - Started process (PID=4105) to work on /root/airflow_env/lib/python3.12/site-packages/airflow/example_dags/example_branch_operator_decorator.py
[2024-12-10T17:47:03.062-0600] {processor.py:914} INFO - Processing file /root/airflow_env/lib/python3.12/site-packages/airflow/example_dags/example_branch_operator_decorator.py for tasks to queue
[2024-12-10T17:47:03.064-0600] {logging_mixin.py:190} INFO - [2024-12-10T17:47:03.063-0600] {dagbag.py:588} INFO - Filling up the DagBag from /root/airflow_env/lib/python3.12/site-packages/airflow/example_dags/example_branch_operator_decorator.py
[2024-12-10T17:47:03.087-0600] {processor.py:927} WARNING - No viable dags retrieved from /root/airflow_env/lib/python3.12/site-packages/airflow/example_dags/example_branch_operator_decorator.py
[2024-12-10T17:47:03.095-0600] {processor.py:208} INFO - Processing /root/airflow_env/lib/python3.12/site-packages/airflow/example_dags/example_branch_operator_decorator.py took 0.040 seconds
[2024-12-10T17:48:00.928-0600] {processor.py:186} INFO - Started process (PID=4166) to work on /root/airflow_env/lib/python3.12/site-packages/airflow/example_dags/example_branch_operator_decorator.py
[2024-12-10T17:48:00.929-0600] {processor.py:914} INFO - Processing file /root/airflow_env/lib/python3.12/site-packages/airflow/example_dags/example_branch_operator_decorator.py for tasks to queue
[2024-12-10T17:48:00.931-0600] {logging_mixin.py:190} INFO - [2024-12-10T17:48:00.931-0600] {dagbag.py:588} INFO - Filling up the DagBag from /root/airflow_env/lib/python3.12/site-packages/airflow/example_dags/example_branch_operator_decorator.py
[2024-12-10T17:48:00.951-0600] {processor.py:927} WARNING - No viable dags retrieved from /root/airflow_env/lib/python3.12/site-packages/airflow/example_dags/example_branch_operator_decorator.py
[2024-12-10T17:48:00.959-0600] {processor.py:208} INFO - Processing /root/airflow_env/lib/python3.12/site-packages/airflow/example_dags/example_branch_operator_decorator.py took 0.035 seconds
[2024-12-10T17:48:55.884-0600] {processor.py:186} INFO - Started process (PID=4225) to work on /root/airflow_env/lib/python3.12/site-packages/airflow/example_dags/example_branch_operator_decorator.py
[2024-12-10T17:48:55.887-0600] {processor.py:914} INFO - Processing file /root/airflow_env/lib/python3.12/site-packages/airflow/example_dags/example_branch_operator_decorator.py for tasks to queue
[2024-12-10T17:48:55.888-0600] {logging_mixin.py:190} INFO - [2024-12-10T17:48:55.888-0600] {dagbag.py:588} INFO - Filling up the DagBag from /root/airflow_env/lib/python3.12/site-packages/airflow/example_dags/example_branch_operator_decorator.py
[2024-12-10T17:48:55.909-0600] {processor.py:927} WARNING - No viable dags retrieved from /root/airflow_env/lib/python3.12/site-packages/airflow/example_dags/example_branch_operator_decorator.py
[2024-12-10T17:48:55.917-0600] {processor.py:208} INFO - Processing /root/airflow_env/lib/python3.12/site-packages/airflow/example_dags/example_branch_operator_decorator.py took 0.037 seconds
[2024-12-10T17:49:51.368-0600] {processor.py:186} INFO - Started process (PID=4283) to work on /root/airflow_env/lib/python3.12/site-packages/airflow/example_dags/example_branch_operator_decorator.py
[2024-12-10T17:49:51.370-0600] {processor.py:914} INFO - Processing file /root/airflow_env/lib/python3.12/site-packages/airflow/example_dags/example_branch_operator_decorator.py for tasks to queue
[2024-12-10T17:49:51.371-0600] {logging_mixin.py:190} INFO - [2024-12-10T17:49:51.371-0600] {dagbag.py:588} INFO - Filling up the DagBag from /root/airflow_env/lib/python3.12/site-packages/airflow/example_dags/example_branch_operator_decorator.py
[2024-12-10T17:49:51.394-0600] {processor.py:927} WARNING - No viable dags retrieved from /root/airflow_env/lib/python3.12/site-packages/airflow/example_dags/example_branch_operator_decorator.py
[2024-12-10T17:49:51.402-0600] {processor.py:208} INFO - Processing /root/airflow_env/lib/python3.12/site-packages/airflow/example_dags/example_branch_operator_decorator.py took 0.039 seconds
[2024-12-10T17:55:24.578-0600] {processor.py:186} INFO - Started process (PID=4618) to work on /root/airflow_env/lib/python3.12/site-packages/airflow/example_dags/example_branch_operator_decorator.py
[2024-12-10T17:55:24.580-0600] {processor.py:914} INFO - Processing file /root/airflow_env/lib/python3.12/site-packages/airflow/example_dags/example_branch_operator_decorator.py for tasks to queue
[2024-12-10T17:55:24.582-0600] {logging_mixin.py:190} INFO - [2024-12-10T17:55:24.582-0600] {dagbag.py:588} INFO - Filling up the DagBag from /root/airflow_env/lib/python3.12/site-packages/airflow/example_dags/example_branch_operator_decorator.py
[2024-12-10T17:55:24.628-0600] {processor.py:927} WARNING - No viable dags retrieved from /root/airflow_env/lib/python3.12/site-packages/airflow/example_dags/example_branch_operator_decorator.py
[2024-12-10T17:55:24.643-0600] {processor.py:208} INFO - Processing /root/airflow_env/lib/python3.12/site-packages/airflow/example_dags/example_branch_operator_decorator.py took 0.071 seconds
[2024-12-10T17:56:23.089-0600] {processor.py:186} INFO - Started process (PID=4692) to work on /root/airflow_env/lib/python3.12/site-packages/airflow/example_dags/example_branch_operator_decorator.py
[2024-12-10T17:56:23.092-0600] {processor.py:914} INFO - Processing file /root/airflow_env/lib/python3.12/site-packages/airflow/example_dags/example_branch_operator_decorator.py for tasks to queue
[2024-12-10T17:56:23.093-0600] {logging_mixin.py:190} INFO - [2024-12-10T17:56:23.093-0600] {dagbag.py:588} INFO - Filling up the DagBag from /root/airflow_env/lib/python3.12/site-packages/airflow/example_dags/example_branch_operator_decorator.py
[2024-12-10T17:56:23.112-0600] {processor.py:927} WARNING - No viable dags retrieved from /root/airflow_env/lib/python3.12/site-packages/airflow/example_dags/example_branch_operator_decorator.py
[2024-12-10T17:56:23.120-0600] {processor.py:208} INFO - Processing /root/airflow_env/lib/python3.12/site-packages/airflow/example_dags/example_branch_operator_decorator.py took 0.035 seconds
[2024-12-10T17:57:19.086-0600] {processor.py:186} INFO - Started process (PID=4768) to work on /root/airflow_env/lib/python3.12/site-packages/airflow/example_dags/example_branch_operator_decorator.py
[2024-12-10T17:57:19.088-0600] {processor.py:914} INFO - Processing file /root/airflow_env/lib/python3.12/site-packages/airflow/example_dags/example_branch_operator_decorator.py for tasks to queue
[2024-12-10T17:57:19.089-0600] {logging_mixin.py:190} INFO - [2024-12-10T17:57:19.089-0600] {dagbag.py:588} INFO - Filling up the DagBag from /root/airflow_env/lib/python3.12/site-packages/airflow/example_dags/example_branch_operator_decorator.py
[2024-12-10T17:57:19.118-0600] {processor.py:927} WARNING - No viable dags retrieved from /root/airflow_env/lib/python3.12/site-packages/airflow/example_dags/example_branch_operator_decorator.py
[2024-12-10T17:57:19.127-0600] {processor.py:208} INFO - Processing /root/airflow_env/lib/python3.12/site-packages/airflow/example_dags/example_branch_operator_decorator.py took 0.048 seconds
[2024-12-10T17:58:14.180-0600] {processor.py:186} INFO - Started process (PID=4843) to work on /root/airflow_env/lib/python3.12/site-packages/airflow/example_dags/example_branch_operator_decorator.py
[2024-12-10T17:58:14.182-0600] {processor.py:914} INFO - Processing file /root/airflow_env/lib/python3.12/site-packages/airflow/example_dags/example_branch_operator_decorator.py for tasks to queue
[2024-12-10T17:58:14.185-0600] {logging_mixin.py:190} INFO - [2024-12-10T17:58:14.184-0600] {dagbag.py:588} INFO - Filling up the DagBag from /root/airflow_env/lib/python3.12/site-packages/airflow/example_dags/example_branch_operator_decorator.py
[2024-12-10T17:58:14.213-0600] {processor.py:927} WARNING - No viable dags retrieved from /root/airflow_env/lib/python3.12/site-packages/airflow/example_dags/example_branch_operator_decorator.py
[2024-12-10T17:58:14.225-0600] {processor.py:208} INFO - Processing /root/airflow_env/lib/python3.12/site-packages/airflow/example_dags/example_branch_operator_decorator.py took 0.052 seconds
[2024-12-10T17:59:26.577-0600] {processor.py:186} INFO - Started process (PID=4946) to work on /root/airflow_env/lib/python3.12/site-packages/airflow/example_dags/example_branch_operator_decorator.py
[2024-12-10T17:59:26.579-0600] {processor.py:914} INFO - Processing file /root/airflow_env/lib/python3.12/site-packages/airflow/example_dags/example_branch_operator_decorator.py for tasks to queue
[2024-12-10T17:59:26.581-0600] {logging_mixin.py:190} INFO - [2024-12-10T17:59:26.581-0600] {dagbag.py:588} INFO - Filling up the DagBag from /root/airflow_env/lib/python3.12/site-packages/airflow/example_dags/example_branch_operator_decorator.py
[2024-12-10T17:59:26.612-0600] {processor.py:927} WARNING - No viable dags retrieved from /root/airflow_env/lib/python3.12/site-packages/airflow/example_dags/example_branch_operator_decorator.py
[2024-12-10T17:59:26.620-0600] {processor.py:208} INFO - Processing /root/airflow_env/lib/python3.12/site-packages/airflow/example_dags/example_branch_operator_decorator.py took 0.049 seconds
