[2024-12-10T17:00:03.032-0600] {processor.py:186} INFO - Started process (PID=692) to work on /root/airflow_env/lib/python3.12/site-packages/airflow/example_dags/example_task_group.py
[2024-12-10T17:00:03.032-0600] {processor.py:914} INFO - Processing file /root/airflow_env/lib/python3.12/site-packages/airflow/example_dags/example_task_group.py for tasks to queue
[2024-12-10T17:00:03.034-0600] {logging_mixin.py:190} INFO - [2024-12-10T17:00:03.033-0600] {dagbag.py:588} INFO - Filling up the DagBag from /root/airflow_env/lib/python3.12/site-packages/airflow/example_dags/example_task_group.py
[2024-12-10T17:00:03.040-0600] {processor.py:925} INFO - DAG(s) 'example_task_group' retrieved from /root/airflow_env/lib/python3.12/site-packages/airflow/example_dags/example_task_group.py
[2024-12-10T17:00:03.052-0600] {logging_mixin.py:190} INFO - [2024-12-10T17:00:03.052-0600] {dag.py:3239} INFO - Sync 1 DAGs
[2024-12-10T17:00:03.060-0600] {logging_mixin.py:190} INFO - [2024-12-10T17:00:03.060-0600] {dag.py:4180} INFO - Setting next_dagrun for example_task_group to None, run_after=None
[2024-12-10T17:00:03.082-0600] {processor.py:208} INFO - Processing /root/airflow_env/lib/python3.12/site-packages/airflow/example_dags/example_task_group.py took 0.054 seconds
[2024-12-10T17:00:59.757-0600] {processor.py:186} INFO - Started process (PID=763) to work on /root/airflow_env/lib/python3.12/site-packages/airflow/example_dags/example_task_group.py
[2024-12-10T17:00:59.759-0600] {processor.py:914} INFO - Processing file /root/airflow_env/lib/python3.12/site-packages/airflow/example_dags/example_task_group.py for tasks to queue
[2024-12-10T17:00:59.760-0600] {logging_mixin.py:190} INFO - [2024-12-10T17:00:59.760-0600] {dagbag.py:588} INFO - Filling up the DagBag from /root/airflow_env/lib/python3.12/site-packages/airflow/example_dags/example_task_group.py
[2024-12-10T17:00:59.767-0600] {processor.py:925} INFO - DAG(s) 'example_task_group' retrieved from /root/airflow_env/lib/python3.12/site-packages/airflow/example_dags/example_task_group.py
[2024-12-10T17:00:59.780-0600] {logging_mixin.py:190} INFO - [2024-12-10T17:00:59.779-0600] {dag.py:3239} INFO - Sync 1 DAGs
[2024-12-10T17:00:59.789-0600] {logging_mixin.py:190} INFO - [2024-12-10T17:00:59.789-0600] {dag.py:4180} INFO - Setting next_dagrun for example_task_group to None, run_after=None
[2024-12-10T17:00:59.808-0600] {processor.py:208} INFO - Processing /root/airflow_env/lib/python3.12/site-packages/airflow/example_dags/example_task_group.py took 0.056 seconds
[2024-12-10T17:02:14.549-0600] {processor.py:186} INFO - Started process (PID=901) to work on /root/airflow_env/lib/python3.12/site-packages/airflow/example_dags/example_task_group.py
[2024-12-10T17:02:14.550-0600] {processor.py:914} INFO - Processing file /root/airflow_env/lib/python3.12/site-packages/airflow/example_dags/example_task_group.py for tasks to queue
[2024-12-10T17:02:14.552-0600] {logging_mixin.py:190} INFO - [2024-12-10T17:02:14.551-0600] {dagbag.py:588} INFO - Filling up the DagBag from /root/airflow_env/lib/python3.12/site-packages/airflow/example_dags/example_task_group.py
[2024-12-10T17:02:14.560-0600] {processor.py:925} INFO - DAG(s) 'example_task_group' retrieved from /root/airflow_env/lib/python3.12/site-packages/airflow/example_dags/example_task_group.py
[2024-12-10T17:02:14.576-0600] {logging_mixin.py:190} INFO - [2024-12-10T17:02:14.575-0600] {dag.py:3239} INFO - Sync 1 DAGs
[2024-12-10T17:02:14.596-0600] {logging_mixin.py:190} INFO - [2024-12-10T17:02:14.596-0600] {dag.py:4180} INFO - Setting next_dagrun for example_task_group to None, run_after=None
[2024-12-10T17:02:14.629-0600] {processor.py:208} INFO - Processing /root/airflow_env/lib/python3.12/site-packages/airflow/example_dags/example_task_group.py took 0.085 seconds
[2024-12-10T17:03:10.679-0600] {processor.py:186} INFO - Started process (PID=972) to work on /root/airflow_env/lib/python3.12/site-packages/airflow/example_dags/example_task_group.py
[2024-12-10T17:03:10.680-0600] {processor.py:914} INFO - Processing file /root/airflow_env/lib/python3.12/site-packages/airflow/example_dags/example_task_group.py for tasks to queue
[2024-12-10T17:03:10.682-0600] {logging_mixin.py:190} INFO - [2024-12-10T17:03:10.681-0600] {dagbag.py:588} INFO - Filling up the DagBag from /root/airflow_env/lib/python3.12/site-packages/airflow/example_dags/example_task_group.py
[2024-12-10T17:03:10.690-0600] {processor.py:925} INFO - DAG(s) 'example_task_group' retrieved from /root/airflow_env/lib/python3.12/site-packages/airflow/example_dags/example_task_group.py
[2024-12-10T17:03:10.704-0600] {logging_mixin.py:190} INFO - [2024-12-10T17:03:10.704-0600] {dag.py:3239} INFO - Sync 1 DAGs
[2024-12-10T17:03:10.714-0600] {logging_mixin.py:190} INFO - [2024-12-10T17:03:10.713-0600] {dag.py:4180} INFO - Setting next_dagrun for example_task_group to None, run_after=None
[2024-12-10T17:03:10.733-0600] {processor.py:208} INFO - Processing /root/airflow_env/lib/python3.12/site-packages/airflow/example_dags/example_task_group.py took 0.058 seconds
[2024-12-10T17:04:02.605-0600] {processor.py:186} INFO - Started process (PID=1034) to work on /root/airflow_env/lib/python3.12/site-packages/airflow/example_dags/example_task_group.py
[2024-12-10T17:04:02.607-0600] {processor.py:914} INFO - Processing file /root/airflow_env/lib/python3.12/site-packages/airflow/example_dags/example_task_group.py for tasks to queue
[2024-12-10T17:04:02.608-0600] {logging_mixin.py:190} INFO - [2024-12-10T17:04:02.608-0600] {dagbag.py:588} INFO - Filling up the DagBag from /root/airflow_env/lib/python3.12/site-packages/airflow/example_dags/example_task_group.py
[2024-12-10T17:04:02.615-0600] {processor.py:925} INFO - DAG(s) 'example_task_group' retrieved from /root/airflow_env/lib/python3.12/site-packages/airflow/example_dags/example_task_group.py
[2024-12-10T17:04:02.627-0600] {logging_mixin.py:190} INFO - [2024-12-10T17:04:02.627-0600] {dag.py:3239} INFO - Sync 1 DAGs
[2024-12-10T17:04:02.636-0600] {logging_mixin.py:190} INFO - [2024-12-10T17:04:02.636-0600] {dag.py:4180} INFO - Setting next_dagrun for example_task_group to None, run_after=None
[2024-12-10T17:04:02.654-0600] {processor.py:208} INFO - Processing /root/airflow_env/lib/python3.12/site-packages/airflow/example_dags/example_task_group.py took 0.053 seconds
[2024-12-10T17:04:59.227-0600] {processor.py:186} INFO - Started process (PID=1093) to work on /root/airflow_env/lib/python3.12/site-packages/airflow/example_dags/example_task_group.py
[2024-12-10T17:04:59.228-0600] {processor.py:914} INFO - Processing file /root/airflow_env/lib/python3.12/site-packages/airflow/example_dags/example_task_group.py for tasks to queue
[2024-12-10T17:04:59.230-0600] {logging_mixin.py:190} INFO - [2024-12-10T17:04:59.230-0600] {dagbag.py:588} INFO - Filling up the DagBag from /root/airflow_env/lib/python3.12/site-packages/airflow/example_dags/example_task_group.py
[2024-12-10T17:04:59.237-0600] {processor.py:925} INFO - DAG(s) 'example_task_group' retrieved from /root/airflow_env/lib/python3.12/site-packages/airflow/example_dags/example_task_group.py
[2024-12-10T17:04:59.249-0600] {logging_mixin.py:190} INFO - [2024-12-10T17:04:59.249-0600] {dag.py:3239} INFO - Sync 1 DAGs
[2024-12-10T17:04:59.258-0600] {logging_mixin.py:190} INFO - [2024-12-10T17:04:59.258-0600] {dag.py:4180} INFO - Setting next_dagrun for example_task_group to None, run_after=None
[2024-12-10T17:04:59.275-0600] {processor.py:208} INFO - Processing /root/airflow_env/lib/python3.12/site-packages/airflow/example_dags/example_task_group.py took 0.053 seconds
[2024-12-10T17:05:50.834-0600] {processor.py:186} INFO - Started process (PID=1155) to work on /root/airflow_env/lib/python3.12/site-packages/airflow/example_dags/example_task_group.py
[2024-12-10T17:05:50.836-0600] {processor.py:914} INFO - Processing file /root/airflow_env/lib/python3.12/site-packages/airflow/example_dags/example_task_group.py for tasks to queue
[2024-12-10T17:05:50.839-0600] {logging_mixin.py:190} INFO - [2024-12-10T17:05:50.838-0600] {dagbag.py:588} INFO - Filling up the DagBag from /root/airflow_env/lib/python3.12/site-packages/airflow/example_dags/example_task_group.py
[2024-12-10T17:05:50.848-0600] {processor.py:925} INFO - DAG(s) 'example_task_group' retrieved from /root/airflow_env/lib/python3.12/site-packages/airflow/example_dags/example_task_group.py
[2024-12-10T17:05:50.866-0600] {logging_mixin.py:190} INFO - [2024-12-10T17:05:50.866-0600] {dag.py:3239} INFO - Sync 1 DAGs
[2024-12-10T17:05:50.877-0600] {logging_mixin.py:190} INFO - [2024-12-10T17:05:50.877-0600] {dag.py:4180} INFO - Setting next_dagrun for example_task_group to None, run_after=None
[2024-12-10T17:05:50.897-0600] {processor.py:208} INFO - Processing /root/airflow_env/lib/python3.12/site-packages/airflow/example_dags/example_task_group.py took 0.067 seconds
[2024-12-10T17:06:43.913-0600] {processor.py:186} INFO - Started process (PID=1218) to work on /root/airflow_env/lib/python3.12/site-packages/airflow/example_dags/example_task_group.py
[2024-12-10T17:06:43.914-0600] {processor.py:914} INFO - Processing file /root/airflow_env/lib/python3.12/site-packages/airflow/example_dags/example_task_group.py for tasks to queue
[2024-12-10T17:06:43.917-0600] {logging_mixin.py:190} INFO - [2024-12-10T17:06:43.916-0600] {dagbag.py:588} INFO - Filling up the DagBag from /root/airflow_env/lib/python3.12/site-packages/airflow/example_dags/example_task_group.py
[2024-12-10T17:06:43.929-0600] {processor.py:925} INFO - DAG(s) 'example_task_group' retrieved from /root/airflow_env/lib/python3.12/site-packages/airflow/example_dags/example_task_group.py
[2024-12-10T17:06:43.945-0600] {logging_mixin.py:190} INFO - [2024-12-10T17:06:43.945-0600] {dag.py:3239} INFO - Sync 1 DAGs
[2024-12-10T17:06:43.957-0600] {logging_mixin.py:190} INFO - [2024-12-10T17:06:43.957-0600] {dag.py:4180} INFO - Setting next_dagrun for example_task_group to None, run_after=None
[2024-12-10T17:06:43.984-0600] {processor.py:208} INFO - Processing /root/airflow_env/lib/python3.12/site-packages/airflow/example_dags/example_task_group.py took 0.075 seconds
[2024-12-10T17:07:39.896-0600] {processor.py:186} INFO - Started process (PID=1279) to work on /root/airflow_env/lib/python3.12/site-packages/airflow/example_dags/example_task_group.py
[2024-12-10T17:07:39.899-0600] {processor.py:914} INFO - Processing file /root/airflow_env/lib/python3.12/site-packages/airflow/example_dags/example_task_group.py for tasks to queue
[2024-12-10T17:07:39.900-0600] {logging_mixin.py:190} INFO - [2024-12-10T17:07:39.900-0600] {dagbag.py:588} INFO - Filling up the DagBag from /root/airflow_env/lib/python3.12/site-packages/airflow/example_dags/example_task_group.py
[2024-12-10T17:07:39.910-0600] {processor.py:925} INFO - DAG(s) 'example_task_group' retrieved from /root/airflow_env/lib/python3.12/site-packages/airflow/example_dags/example_task_group.py
[2024-12-10T17:07:39.925-0600] {logging_mixin.py:190} INFO - [2024-12-10T17:07:39.925-0600] {dag.py:3239} INFO - Sync 1 DAGs
[2024-12-10T17:07:39.933-0600] {logging_mixin.py:190} INFO - [2024-12-10T17:07:39.933-0600] {dag.py:4180} INFO - Setting next_dagrun for example_task_group to None, run_after=None
[2024-12-10T17:07:39.951-0600] {processor.py:208} INFO - Processing /root/airflow_env/lib/python3.12/site-packages/airflow/example_dags/example_task_group.py took 0.059 seconds
[2024-12-10T17:08:29.055-0600] {processor.py:186} INFO - Started process (PID=1380) to work on /root/airflow_env/lib/python3.12/site-packages/airflow/example_dags/example_task_group.py
[2024-12-10T17:08:29.057-0600] {processor.py:914} INFO - Processing file /root/airflow_env/lib/python3.12/site-packages/airflow/example_dags/example_task_group.py for tasks to queue
[2024-12-10T17:08:29.059-0600] {logging_mixin.py:190} INFO - [2024-12-10T17:08:29.059-0600] {dagbag.py:588} INFO - Filling up the DagBag from /root/airflow_env/lib/python3.12/site-packages/airflow/example_dags/example_task_group.py
[2024-12-10T17:08:29.066-0600] {processor.py:925} INFO - DAG(s) 'example_task_group' retrieved from /root/airflow_env/lib/python3.12/site-packages/airflow/example_dags/example_task_group.py
[2024-12-10T17:08:29.077-0600] {logging_mixin.py:190} INFO - [2024-12-10T17:08:29.077-0600] {dag.py:3239} INFO - Sync 1 DAGs
[2024-12-10T17:08:29.085-0600] {logging_mixin.py:190} INFO - [2024-12-10T17:08:29.085-0600] {dag.py:4180} INFO - Setting next_dagrun for example_task_group to None, run_after=None
[2024-12-10T17:08:29.102-0600] {processor.py:208} INFO - Processing /root/airflow_env/lib/python3.12/site-packages/airflow/example_dags/example_task_group.py took 0.051 seconds
[2024-12-10T17:09:18.268-0600] {processor.py:186} INFO - Started process (PID=1442) to work on /root/airflow_env/lib/python3.12/site-packages/airflow/example_dags/example_task_group.py
[2024-12-10T17:09:18.271-0600] {processor.py:914} INFO - Processing file /root/airflow_env/lib/python3.12/site-packages/airflow/example_dags/example_task_group.py for tasks to queue
[2024-12-10T17:09:18.273-0600] {logging_mixin.py:190} INFO - [2024-12-10T17:09:18.273-0600] {dagbag.py:588} INFO - Filling up the DagBag from /root/airflow_env/lib/python3.12/site-packages/airflow/example_dags/example_task_group.py
[2024-12-10T17:09:18.280-0600] {processor.py:925} INFO - DAG(s) 'example_task_group' retrieved from /root/airflow_env/lib/python3.12/site-packages/airflow/example_dags/example_task_group.py
[2024-12-10T17:09:18.298-0600] {logging_mixin.py:190} INFO - [2024-12-10T17:09:18.297-0600] {dag.py:3239} INFO - Sync 1 DAGs
[2024-12-10T17:09:18.308-0600] {logging_mixin.py:190} INFO - [2024-12-10T17:09:18.308-0600] {dag.py:4180} INFO - Setting next_dagrun for example_task_group to None, run_after=None
[2024-12-10T17:09:18.326-0600] {processor.py:208} INFO - Processing /root/airflow_env/lib/python3.12/site-packages/airflow/example_dags/example_task_group.py took 0.061 seconds
[2024-12-10T17:10:11.997-0600] {processor.py:186} INFO - Started process (PID=1509) to work on /root/airflow_env/lib/python3.12/site-packages/airflow/example_dags/example_task_group.py
[2024-12-10T17:10:11.999-0600] {processor.py:914} INFO - Processing file /root/airflow_env/lib/python3.12/site-packages/airflow/example_dags/example_task_group.py for tasks to queue
[2024-12-10T17:10:12.000-0600] {logging_mixin.py:190} INFO - [2024-12-10T17:10:12.000-0600] {dagbag.py:588} INFO - Filling up the DagBag from /root/airflow_env/lib/python3.12/site-packages/airflow/example_dags/example_task_group.py
[2024-12-10T17:10:12.007-0600] {processor.py:925} INFO - DAG(s) 'example_task_group' retrieved from /root/airflow_env/lib/python3.12/site-packages/airflow/example_dags/example_task_group.py
[2024-12-10T17:10:12.019-0600] {logging_mixin.py:190} INFO - [2024-12-10T17:10:12.018-0600] {dag.py:3239} INFO - Sync 1 DAGs
[2024-12-10T17:10:12.027-0600] {logging_mixin.py:190} INFO - [2024-12-10T17:10:12.027-0600] {dag.py:4180} INFO - Setting next_dagrun for example_task_group to None, run_after=None
[2024-12-10T17:10:12.045-0600] {processor.py:208} INFO - Processing /root/airflow_env/lib/python3.12/site-packages/airflow/example_dags/example_task_group.py took 0.052 seconds
[2024-12-10T17:11:01.155-0600] {processor.py:186} INFO - Started process (PID=1567) to work on /root/airflow_env/lib/python3.12/site-packages/airflow/example_dags/example_task_group.py
[2024-12-10T17:11:01.158-0600] {processor.py:914} INFO - Processing file /root/airflow_env/lib/python3.12/site-packages/airflow/example_dags/example_task_group.py for tasks to queue
[2024-12-10T17:11:01.160-0600] {logging_mixin.py:190} INFO - [2024-12-10T17:11:01.159-0600] {dagbag.py:588} INFO - Filling up the DagBag from /root/airflow_env/lib/python3.12/site-packages/airflow/example_dags/example_task_group.py
[2024-12-10T17:11:01.166-0600] {processor.py:925} INFO - DAG(s) 'example_task_group' retrieved from /root/airflow_env/lib/python3.12/site-packages/airflow/example_dags/example_task_group.py
[2024-12-10T17:11:01.180-0600] {logging_mixin.py:190} INFO - [2024-12-10T17:11:01.179-0600] {dag.py:3239} INFO - Sync 1 DAGs
[2024-12-10T17:11:01.193-0600] {logging_mixin.py:190} INFO - [2024-12-10T17:11:01.193-0600] {dag.py:4180} INFO - Setting next_dagrun for example_task_group to None, run_after=None
[2024-12-10T17:11:01.213-0600] {processor.py:208} INFO - Processing /root/airflow_env/lib/python3.12/site-packages/airflow/example_dags/example_task_group.py took 0.061 seconds
[2024-12-10T17:11:52.035-0600] {processor.py:186} INFO - Started process (PID=1628) to work on /root/airflow_env/lib/python3.12/site-packages/airflow/example_dags/example_task_group.py
[2024-12-10T17:11:52.038-0600] {processor.py:914} INFO - Processing file /root/airflow_env/lib/python3.12/site-packages/airflow/example_dags/example_task_group.py for tasks to queue
[2024-12-10T17:11:52.040-0600] {logging_mixin.py:190} INFO - [2024-12-10T17:11:52.039-0600] {dagbag.py:588} INFO - Filling up the DagBag from /root/airflow_env/lib/python3.12/site-packages/airflow/example_dags/example_task_group.py
[2024-12-10T17:11:52.046-0600] {processor.py:925} INFO - DAG(s) 'example_task_group' retrieved from /root/airflow_env/lib/python3.12/site-packages/airflow/example_dags/example_task_group.py
[2024-12-10T17:11:52.058-0600] {logging_mixin.py:190} INFO - [2024-12-10T17:11:52.058-0600] {dag.py:3239} INFO - Sync 1 DAGs
[2024-12-10T17:11:52.066-0600] {logging_mixin.py:190} INFO - [2024-12-10T17:11:52.066-0600] {dag.py:4180} INFO - Setting next_dagrun for example_task_group to None, run_after=None
[2024-12-10T17:11:52.085-0600] {processor.py:208} INFO - Processing /root/airflow_env/lib/python3.12/site-packages/airflow/example_dags/example_task_group.py took 0.053 seconds
[2024-12-10T17:12:43.474-0600] {processor.py:186} INFO - Started process (PID=1687) to work on /root/airflow_env/lib/python3.12/site-packages/airflow/example_dags/example_task_group.py
[2024-12-10T17:12:43.477-0600] {processor.py:914} INFO - Processing file /root/airflow_env/lib/python3.12/site-packages/airflow/example_dags/example_task_group.py for tasks to queue
[2024-12-10T17:12:43.478-0600] {logging_mixin.py:190} INFO - [2024-12-10T17:12:43.478-0600] {dagbag.py:588} INFO - Filling up the DagBag from /root/airflow_env/lib/python3.12/site-packages/airflow/example_dags/example_task_group.py
[2024-12-10T17:12:43.486-0600] {processor.py:925} INFO - DAG(s) 'example_task_group' retrieved from /root/airflow_env/lib/python3.12/site-packages/airflow/example_dags/example_task_group.py
[2024-12-10T17:12:43.497-0600] {logging_mixin.py:190} INFO - [2024-12-10T17:12:43.497-0600] {dag.py:3239} INFO - Sync 1 DAGs
[2024-12-10T17:12:43.505-0600] {logging_mixin.py:190} INFO - [2024-12-10T17:12:43.505-0600] {dag.py:4180} INFO - Setting next_dagrun for example_task_group to None, run_after=None
[2024-12-10T17:12:43.523-0600] {processor.py:208} INFO - Processing /root/airflow_env/lib/python3.12/site-packages/airflow/example_dags/example_task_group.py took 0.052 seconds
[2024-12-10T17:13:35.411-0600] {processor.py:186} INFO - Started process (PID=1744) to work on /root/airflow_env/lib/python3.12/site-packages/airflow/example_dags/example_task_group.py
[2024-12-10T17:13:35.414-0600] {processor.py:914} INFO - Processing file /root/airflow_env/lib/python3.12/site-packages/airflow/example_dags/example_task_group.py for tasks to queue
[2024-12-10T17:13:35.415-0600] {logging_mixin.py:190} INFO - [2024-12-10T17:13:35.415-0600] {dagbag.py:588} INFO - Filling up the DagBag from /root/airflow_env/lib/python3.12/site-packages/airflow/example_dags/example_task_group.py
[2024-12-10T17:13:35.422-0600] {processor.py:925} INFO - DAG(s) 'example_task_group' retrieved from /root/airflow_env/lib/python3.12/site-packages/airflow/example_dags/example_task_group.py
[2024-12-10T17:13:35.433-0600] {logging_mixin.py:190} INFO - [2024-12-10T17:13:35.433-0600] {dag.py:3239} INFO - Sync 1 DAGs
[2024-12-10T17:13:35.442-0600] {logging_mixin.py:190} INFO - [2024-12-10T17:13:35.442-0600] {dag.py:4180} INFO - Setting next_dagrun for example_task_group to None, run_after=None
[2024-12-10T17:13:35.458-0600] {processor.py:208} INFO - Processing /root/airflow_env/lib/python3.12/site-packages/airflow/example_dags/example_task_group.py took 0.051 seconds
[2024-12-10T17:14:24.449-0600] {processor.py:186} INFO - Started process (PID=1798) to work on /root/airflow_env/lib/python3.12/site-packages/airflow/example_dags/example_task_group.py
[2024-12-10T17:14:24.451-0600] {processor.py:914} INFO - Processing file /root/airflow_env/lib/python3.12/site-packages/airflow/example_dags/example_task_group.py for tasks to queue
[2024-12-10T17:14:24.455-0600] {logging_mixin.py:190} INFO - [2024-12-10T17:14:24.453-0600] {dagbag.py:588} INFO - Filling up the DagBag from /root/airflow_env/lib/python3.12/site-packages/airflow/example_dags/example_task_group.py
[2024-12-10T17:14:24.464-0600] {processor.py:925} INFO - DAG(s) 'example_task_group' retrieved from /root/airflow_env/lib/python3.12/site-packages/airflow/example_dags/example_task_group.py
[2024-12-10T17:14:24.481-0600] {logging_mixin.py:190} INFO - [2024-12-10T17:14:24.480-0600] {dag.py:3239} INFO - Sync 1 DAGs
[2024-12-10T17:14:24.492-0600] {logging_mixin.py:190} INFO - [2024-12-10T17:14:24.492-0600] {dag.py:4180} INFO - Setting next_dagrun for example_task_group to None, run_after=None
[2024-12-10T17:14:24.513-0600] {processor.py:208} INFO - Processing /root/airflow_env/lib/python3.12/site-packages/airflow/example_dags/example_task_group.py took 0.069 seconds
[2024-12-10T17:15:18.985-0600] {processor.py:186} INFO - Started process (PID=1868) to work on /root/airflow_env/lib/python3.12/site-packages/airflow/example_dags/example_task_group.py
[2024-12-10T17:15:18.988-0600] {processor.py:914} INFO - Processing file /root/airflow_env/lib/python3.12/site-packages/airflow/example_dags/example_task_group.py for tasks to queue
[2024-12-10T17:15:18.989-0600] {logging_mixin.py:190} INFO - [2024-12-10T17:15:18.989-0600] {dagbag.py:588} INFO - Filling up the DagBag from /root/airflow_env/lib/python3.12/site-packages/airflow/example_dags/example_task_group.py
[2024-12-10T17:15:18.997-0600] {processor.py:925} INFO - DAG(s) 'example_task_group' retrieved from /root/airflow_env/lib/python3.12/site-packages/airflow/example_dags/example_task_group.py
[2024-12-10T17:15:19.010-0600] {logging_mixin.py:190} INFO - [2024-12-10T17:15:19.010-0600] {dag.py:3239} INFO - Sync 1 DAGs
[2024-12-10T17:15:19.020-0600] {logging_mixin.py:190} INFO - [2024-12-10T17:15:19.019-0600] {dag.py:4180} INFO - Setting next_dagrun for example_task_group to None, run_after=None
[2024-12-10T17:15:19.038-0600] {processor.py:208} INFO - Processing /root/airflow_env/lib/python3.12/site-packages/airflow/example_dags/example_task_group.py took 0.056 seconds
[2024-12-10T17:16:09.656-0600] {processor.py:186} INFO - Started process (PID=1929) to work on /root/airflow_env/lib/python3.12/site-packages/airflow/example_dags/example_task_group.py
[2024-12-10T17:16:09.659-0600] {processor.py:914} INFO - Processing file /root/airflow_env/lib/python3.12/site-packages/airflow/example_dags/example_task_group.py for tasks to queue
[2024-12-10T17:16:09.662-0600] {logging_mixin.py:190} INFO - [2024-12-10T17:16:09.661-0600] {dagbag.py:588} INFO - Filling up the DagBag from /root/airflow_env/lib/python3.12/site-packages/airflow/example_dags/example_task_group.py
[2024-12-10T17:16:09.668-0600] {processor.py:925} INFO - DAG(s) 'example_task_group' retrieved from /root/airflow_env/lib/python3.12/site-packages/airflow/example_dags/example_task_group.py
[2024-12-10T17:16:09.680-0600] {logging_mixin.py:190} INFO - [2024-12-10T17:16:09.680-0600] {dag.py:3239} INFO - Sync 1 DAGs
[2024-12-10T17:16:09.688-0600] {logging_mixin.py:190} INFO - [2024-12-10T17:16:09.688-0600] {dag.py:4180} INFO - Setting next_dagrun for example_task_group to None, run_after=None
[2024-12-10T17:16:09.706-0600] {processor.py:208} INFO - Processing /root/airflow_env/lib/python3.12/site-packages/airflow/example_dags/example_task_group.py took 0.053 seconds
[2024-12-10T17:17:02.614-0600] {processor.py:186} INFO - Started process (PID=1992) to work on /root/airflow_env/lib/python3.12/site-packages/airflow/example_dags/example_task_group.py
[2024-12-10T17:17:02.615-0600] {processor.py:914} INFO - Processing file /root/airflow_env/lib/python3.12/site-packages/airflow/example_dags/example_task_group.py for tasks to queue
[2024-12-10T17:17:02.617-0600] {logging_mixin.py:190} INFO - [2024-12-10T17:17:02.617-0600] {dagbag.py:588} INFO - Filling up the DagBag from /root/airflow_env/lib/python3.12/site-packages/airflow/example_dags/example_task_group.py
[2024-12-10T17:17:02.624-0600] {processor.py:925} INFO - DAG(s) 'example_task_group' retrieved from /root/airflow_env/lib/python3.12/site-packages/airflow/example_dags/example_task_group.py
[2024-12-10T17:17:02.637-0600] {logging_mixin.py:190} INFO - [2024-12-10T17:17:02.637-0600] {dag.py:3239} INFO - Sync 1 DAGs
[2024-12-10T17:17:02.646-0600] {logging_mixin.py:190} INFO - [2024-12-10T17:17:02.645-0600] {dag.py:4180} INFO - Setting next_dagrun for example_task_group to None, run_after=None
[2024-12-10T17:17:02.665-0600] {processor.py:208} INFO - Processing /root/airflow_env/lib/python3.12/site-packages/airflow/example_dags/example_task_group.py took 0.056 seconds
[2024-12-10T17:17:54.043-0600] {processor.py:186} INFO - Started process (PID=2050) to work on /root/airflow_env/lib/python3.12/site-packages/airflow/example_dags/example_task_group.py
[2024-12-10T17:17:54.046-0600] {processor.py:914} INFO - Processing file /root/airflow_env/lib/python3.12/site-packages/airflow/example_dags/example_task_group.py for tasks to queue
[2024-12-10T17:17:54.047-0600] {logging_mixin.py:190} INFO - [2024-12-10T17:17:54.047-0600] {dagbag.py:588} INFO - Filling up the DagBag from /root/airflow_env/lib/python3.12/site-packages/airflow/example_dags/example_task_group.py
[2024-12-10T17:17:54.054-0600] {processor.py:925} INFO - DAG(s) 'example_task_group' retrieved from /root/airflow_env/lib/python3.12/site-packages/airflow/example_dags/example_task_group.py
[2024-12-10T17:17:54.065-0600] {logging_mixin.py:190} INFO - [2024-12-10T17:17:54.065-0600] {dag.py:3239} INFO - Sync 1 DAGs
[2024-12-10T17:17:54.075-0600] {logging_mixin.py:190} INFO - [2024-12-10T17:17:54.075-0600] {dag.py:4180} INFO - Setting next_dagrun for example_task_group to None, run_after=None
[2024-12-10T17:17:54.093-0600] {processor.py:208} INFO - Processing /root/airflow_env/lib/python3.12/site-packages/airflow/example_dags/example_task_group.py took 0.053 seconds
[2024-12-10T17:18:46.579-0600] {processor.py:186} INFO - Started process (PID=2105) to work on /root/airflow_env/lib/python3.12/site-packages/airflow/example_dags/example_task_group.py
[2024-12-10T17:18:46.582-0600] {processor.py:914} INFO - Processing file /root/airflow_env/lib/python3.12/site-packages/airflow/example_dags/example_task_group.py for tasks to queue
[2024-12-10T17:18:46.583-0600] {logging_mixin.py:190} INFO - [2024-12-10T17:18:46.583-0600] {dagbag.py:588} INFO - Filling up the DagBag from /root/airflow_env/lib/python3.12/site-packages/airflow/example_dags/example_task_group.py
[2024-12-10T17:18:46.590-0600] {processor.py:925} INFO - DAG(s) 'example_task_group' retrieved from /root/airflow_env/lib/python3.12/site-packages/airflow/example_dags/example_task_group.py
[2024-12-10T17:18:46.601-0600] {logging_mixin.py:190} INFO - [2024-12-10T17:18:46.601-0600] {dag.py:3239} INFO - Sync 1 DAGs
[2024-12-10T17:18:46.610-0600] {logging_mixin.py:190} INFO - [2024-12-10T17:18:46.610-0600] {dag.py:4180} INFO - Setting next_dagrun for example_task_group to None, run_after=None
[2024-12-10T17:18:46.628-0600] {processor.py:208} INFO - Processing /root/airflow_env/lib/python3.12/site-packages/airflow/example_dags/example_task_group.py took 0.053 seconds
[2024-12-10T17:19:40.702-0600] {processor.py:186} INFO - Started process (PID=2163) to work on /root/airflow_env/lib/python3.12/site-packages/airflow/example_dags/example_task_group.py
[2024-12-10T17:19:40.705-0600] {processor.py:914} INFO - Processing file /root/airflow_env/lib/python3.12/site-packages/airflow/example_dags/example_task_group.py for tasks to queue
[2024-12-10T17:19:40.706-0600] {logging_mixin.py:190} INFO - [2024-12-10T17:19:40.706-0600] {dagbag.py:588} INFO - Filling up the DagBag from /root/airflow_env/lib/python3.12/site-packages/airflow/example_dags/example_task_group.py
[2024-12-10T17:19:40.713-0600] {processor.py:925} INFO - DAG(s) 'example_task_group' retrieved from /root/airflow_env/lib/python3.12/site-packages/airflow/example_dags/example_task_group.py
[2024-12-10T17:19:40.724-0600] {logging_mixin.py:190} INFO - [2024-12-10T17:19:40.724-0600] {dag.py:3239} INFO - Sync 1 DAGs
[2024-12-10T17:19:40.732-0600] {logging_mixin.py:190} INFO - [2024-12-10T17:19:40.732-0600] {dag.py:4180} INFO - Setting next_dagrun for example_task_group to None, run_after=None
[2024-12-10T17:19:40.749-0600] {processor.py:208} INFO - Processing /root/airflow_env/lib/python3.12/site-packages/airflow/example_dags/example_task_group.py took 0.051 seconds
[2024-12-10T17:20:30.504-0600] {processor.py:186} INFO - Started process (PID=2219) to work on /root/airflow_env/lib/python3.12/site-packages/airflow/example_dags/example_task_group.py
[2024-12-10T17:20:30.507-0600] {processor.py:914} INFO - Processing file /root/airflow_env/lib/python3.12/site-packages/airflow/example_dags/example_task_group.py for tasks to queue
[2024-12-10T17:20:30.508-0600] {logging_mixin.py:190} INFO - [2024-12-10T17:20:30.508-0600] {dagbag.py:588} INFO - Filling up the DagBag from /root/airflow_env/lib/python3.12/site-packages/airflow/example_dags/example_task_group.py
[2024-12-10T17:20:30.515-0600] {processor.py:925} INFO - DAG(s) 'example_task_group' retrieved from /root/airflow_env/lib/python3.12/site-packages/airflow/example_dags/example_task_group.py
[2024-12-10T17:20:30.526-0600] {logging_mixin.py:190} INFO - [2024-12-10T17:20:30.526-0600] {dag.py:3239} INFO - Sync 1 DAGs
[2024-12-10T17:20:30.534-0600] {logging_mixin.py:190} INFO - [2024-12-10T17:20:30.534-0600] {dag.py:4180} INFO - Setting next_dagrun for example_task_group to None, run_after=None
[2024-12-10T17:20:30.551-0600] {processor.py:208} INFO - Processing /root/airflow_env/lib/python3.12/site-packages/airflow/example_dags/example_task_group.py took 0.051 seconds
[2024-12-10T17:21:24.014-0600] {processor.py:186} INFO - Started process (PID=2277) to work on /root/airflow_env/lib/python3.12/site-packages/airflow/example_dags/example_task_group.py
[2024-12-10T17:21:24.016-0600] {processor.py:914} INFO - Processing file /root/airflow_env/lib/python3.12/site-packages/airflow/example_dags/example_task_group.py for tasks to queue
[2024-12-10T17:21:24.018-0600] {logging_mixin.py:190} INFO - [2024-12-10T17:21:24.017-0600] {dagbag.py:588} INFO - Filling up the DagBag from /root/airflow_env/lib/python3.12/site-packages/airflow/example_dags/example_task_group.py
[2024-12-10T17:21:24.024-0600] {processor.py:925} INFO - DAG(s) 'example_task_group' retrieved from /root/airflow_env/lib/python3.12/site-packages/airflow/example_dags/example_task_group.py
[2024-12-10T17:21:24.036-0600] {logging_mixin.py:190} INFO - [2024-12-10T17:21:24.036-0600] {dag.py:3239} INFO - Sync 1 DAGs
[2024-12-10T17:21:24.043-0600] {logging_mixin.py:190} INFO - [2024-12-10T17:21:24.043-0600] {dag.py:4180} INFO - Setting next_dagrun for example_task_group to None, run_after=None
[2024-12-10T17:21:24.061-0600] {processor.py:208} INFO - Processing /root/airflow_env/lib/python3.12/site-packages/airflow/example_dags/example_task_group.py took 0.050 seconds
[2024-12-10T17:22:17.312-0600] {processor.py:186} INFO - Started process (PID=2337) to work on /root/airflow_env/lib/python3.12/site-packages/airflow/example_dags/example_task_group.py
[2024-12-10T17:22:17.314-0600] {processor.py:914} INFO - Processing file /root/airflow_env/lib/python3.12/site-packages/airflow/example_dags/example_task_group.py for tasks to queue
[2024-12-10T17:22:17.316-0600] {logging_mixin.py:190} INFO - [2024-12-10T17:22:17.315-0600] {dagbag.py:588} INFO - Filling up the DagBag from /root/airflow_env/lib/python3.12/site-packages/airflow/example_dags/example_task_group.py
[2024-12-10T17:22:17.322-0600] {processor.py:925} INFO - DAG(s) 'example_task_group' retrieved from /root/airflow_env/lib/python3.12/site-packages/airflow/example_dags/example_task_group.py
[2024-12-10T17:22:17.333-0600] {logging_mixin.py:190} INFO - [2024-12-10T17:22:17.333-0600] {dag.py:3239} INFO - Sync 1 DAGs
[2024-12-10T17:22:17.341-0600] {logging_mixin.py:190} INFO - [2024-12-10T17:22:17.341-0600] {dag.py:4180} INFO - Setting next_dagrun for example_task_group to None, run_after=None
[2024-12-10T17:22:17.359-0600] {processor.py:208} INFO - Processing /root/airflow_env/lib/python3.12/site-packages/airflow/example_dags/example_task_group.py took 0.051 seconds
[2024-12-10T17:23:13.017-0600] {processor.py:186} INFO - Started process (PID=2394) to work on /root/airflow_env/lib/python3.12/site-packages/airflow/example_dags/example_task_group.py
[2024-12-10T17:23:13.019-0600] {processor.py:914} INFO - Processing file /root/airflow_env/lib/python3.12/site-packages/airflow/example_dags/example_task_group.py for tasks to queue
[2024-12-10T17:23:13.021-0600] {logging_mixin.py:190} INFO - [2024-12-10T17:23:13.020-0600] {dagbag.py:588} INFO - Filling up the DagBag from /root/airflow_env/lib/python3.12/site-packages/airflow/example_dags/example_task_group.py
[2024-12-10T17:23:13.027-0600] {processor.py:925} INFO - DAG(s) 'example_task_group' retrieved from /root/airflow_env/lib/python3.12/site-packages/airflow/example_dags/example_task_group.py
[2024-12-10T17:23:13.039-0600] {logging_mixin.py:190} INFO - [2024-12-10T17:23:13.039-0600] {dag.py:3239} INFO - Sync 1 DAGs
[2024-12-10T17:23:13.047-0600] {logging_mixin.py:190} INFO - [2024-12-10T17:23:13.047-0600] {dag.py:4180} INFO - Setting next_dagrun for example_task_group to None, run_after=None
[2024-12-10T17:23:13.065-0600] {processor.py:208} INFO - Processing /root/airflow_env/lib/python3.12/site-packages/airflow/example_dags/example_task_group.py took 0.052 seconds
[2024-12-10T17:24:05.967-0600] {processor.py:186} INFO - Started process (PID=2453) to work on /root/airflow_env/lib/python3.12/site-packages/airflow/example_dags/example_task_group.py
[2024-12-10T17:24:05.970-0600] {processor.py:914} INFO - Processing file /root/airflow_env/lib/python3.12/site-packages/airflow/example_dags/example_task_group.py for tasks to queue
[2024-12-10T17:24:05.971-0600] {logging_mixin.py:190} INFO - [2024-12-10T17:24:05.971-0600] {dagbag.py:588} INFO - Filling up the DagBag from /root/airflow_env/lib/python3.12/site-packages/airflow/example_dags/example_task_group.py
[2024-12-10T17:24:05.978-0600] {processor.py:925} INFO - DAG(s) 'example_task_group' retrieved from /root/airflow_env/lib/python3.12/site-packages/airflow/example_dags/example_task_group.py
[2024-12-10T17:24:05.990-0600] {logging_mixin.py:190} INFO - [2024-12-10T17:24:05.990-0600] {dag.py:3239} INFO - Sync 1 DAGs
[2024-12-10T17:24:05.999-0600] {logging_mixin.py:190} INFO - [2024-12-10T17:24:05.999-0600] {dag.py:4180} INFO - Setting next_dagrun for example_task_group to None, run_after=None
[2024-12-10T17:24:06.017-0600] {processor.py:208} INFO - Processing /root/airflow_env/lib/python3.12/site-packages/airflow/example_dags/example_task_group.py took 0.054 seconds
[2024-12-10T17:24:58.817-0600] {processor.py:186} INFO - Started process (PID=2516) to work on /root/airflow_env/lib/python3.12/site-packages/airflow/example_dags/example_task_group.py
[2024-12-10T17:24:58.819-0600] {processor.py:914} INFO - Processing file /root/airflow_env/lib/python3.12/site-packages/airflow/example_dags/example_task_group.py for tasks to queue
[2024-12-10T17:24:58.821-0600] {logging_mixin.py:190} INFO - [2024-12-10T17:24:58.821-0600] {dagbag.py:588} INFO - Filling up the DagBag from /root/airflow_env/lib/python3.12/site-packages/airflow/example_dags/example_task_group.py
[2024-12-10T17:24:58.827-0600] {processor.py:925} INFO - DAG(s) 'example_task_group' retrieved from /root/airflow_env/lib/python3.12/site-packages/airflow/example_dags/example_task_group.py
[2024-12-10T17:24:58.839-0600] {logging_mixin.py:190} INFO - [2024-12-10T17:24:58.838-0600] {dag.py:3239} INFO - Sync 1 DAGs
[2024-12-10T17:24:58.847-0600] {logging_mixin.py:190} INFO - [2024-12-10T17:24:58.847-0600] {dag.py:4180} INFO - Setting next_dagrun for example_task_group to None, run_after=None
[2024-12-10T17:24:58.864-0600] {processor.py:208} INFO - Processing /root/airflow_env/lib/python3.12/site-packages/airflow/example_dags/example_task_group.py took 0.050 seconds
[2024-12-10T17:25:50.489-0600] {processor.py:186} INFO - Started process (PID=2575) to work on /root/airflow_env/lib/python3.12/site-packages/airflow/example_dags/example_task_group.py
[2024-12-10T17:25:50.490-0600] {processor.py:914} INFO - Processing file /root/airflow_env/lib/python3.12/site-packages/airflow/example_dags/example_task_group.py for tasks to queue
[2024-12-10T17:25:50.492-0600] {logging_mixin.py:190} INFO - [2024-12-10T17:25:50.492-0600] {dagbag.py:588} INFO - Filling up the DagBag from /root/airflow_env/lib/python3.12/site-packages/airflow/example_dags/example_task_group.py
[2024-12-10T17:25:50.499-0600] {processor.py:925} INFO - DAG(s) 'example_task_group' retrieved from /root/airflow_env/lib/python3.12/site-packages/airflow/example_dags/example_task_group.py
[2024-12-10T17:25:50.510-0600] {logging_mixin.py:190} INFO - [2024-12-10T17:25:50.510-0600] {dag.py:3239} INFO - Sync 1 DAGs
[2024-12-10T17:25:50.518-0600] {logging_mixin.py:190} INFO - [2024-12-10T17:25:50.518-0600] {dag.py:4180} INFO - Setting next_dagrun for example_task_group to None, run_after=None
[2024-12-10T17:25:50.535-0600] {processor.py:208} INFO - Processing /root/airflow_env/lib/python3.12/site-packages/airflow/example_dags/example_task_group.py took 0.050 seconds
[2024-12-10T17:26:45.129-0600] {processor.py:186} INFO - Started process (PID=2633) to work on /root/airflow_env/lib/python3.12/site-packages/airflow/example_dags/example_task_group.py
[2024-12-10T17:26:45.132-0600] {processor.py:914} INFO - Processing file /root/airflow_env/lib/python3.12/site-packages/airflow/example_dags/example_task_group.py for tasks to queue
[2024-12-10T17:26:45.134-0600] {logging_mixin.py:190} INFO - [2024-12-10T17:26:45.134-0600] {dagbag.py:588} INFO - Filling up the DagBag from /root/airflow_env/lib/python3.12/site-packages/airflow/example_dags/example_task_group.py
[2024-12-10T17:26:45.141-0600] {processor.py:925} INFO - DAG(s) 'example_task_group' retrieved from /root/airflow_env/lib/python3.12/site-packages/airflow/example_dags/example_task_group.py
[2024-12-10T17:26:45.156-0600] {logging_mixin.py:190} INFO - [2024-12-10T17:26:45.156-0600] {dag.py:3239} INFO - Sync 1 DAGs
[2024-12-10T17:26:45.173-0600] {logging_mixin.py:190} INFO - [2024-12-10T17:26:45.173-0600] {dag.py:4180} INFO - Setting next_dagrun for example_task_group to None, run_after=None
[2024-12-10T17:26:45.193-0600] {processor.py:208} INFO - Processing /root/airflow_env/lib/python3.12/site-packages/airflow/example_dags/example_task_group.py took 0.069 seconds
[2024-12-10T17:27:38.615-0600] {processor.py:186} INFO - Started process (PID=2692) to work on /root/airflow_env/lib/python3.12/site-packages/airflow/example_dags/example_task_group.py
[2024-12-10T17:27:38.617-0600] {processor.py:914} INFO - Processing file /root/airflow_env/lib/python3.12/site-packages/airflow/example_dags/example_task_group.py for tasks to queue
[2024-12-10T17:27:38.619-0600] {logging_mixin.py:190} INFO - [2024-12-10T17:27:38.619-0600] {dagbag.py:588} INFO - Filling up the DagBag from /root/airflow_env/lib/python3.12/site-packages/airflow/example_dags/example_task_group.py
[2024-12-10T17:27:38.625-0600] {processor.py:925} INFO - DAG(s) 'example_task_group' retrieved from /root/airflow_env/lib/python3.12/site-packages/airflow/example_dags/example_task_group.py
[2024-12-10T17:27:38.638-0600] {logging_mixin.py:190} INFO - [2024-12-10T17:27:38.638-0600] {dag.py:3239} INFO - Sync 1 DAGs
[2024-12-10T17:27:38.646-0600] {logging_mixin.py:190} INFO - [2024-12-10T17:27:38.646-0600] {dag.py:4180} INFO - Setting next_dagrun for example_task_group to None, run_after=None
[2024-12-10T17:27:38.664-0600] {processor.py:208} INFO - Processing /root/airflow_env/lib/python3.12/site-packages/airflow/example_dags/example_task_group.py took 0.053 seconds
[2024-12-10T17:28:29.330-0600] {processor.py:186} INFO - Started process (PID=2747) to work on /root/airflow_env/lib/python3.12/site-packages/airflow/example_dags/example_task_group.py
[2024-12-10T17:28:29.333-0600] {processor.py:914} INFO - Processing file /root/airflow_env/lib/python3.12/site-packages/airflow/example_dags/example_task_group.py for tasks to queue
[2024-12-10T17:28:29.334-0600] {logging_mixin.py:190} INFO - [2024-12-10T17:28:29.334-0600] {dagbag.py:588} INFO - Filling up the DagBag from /root/airflow_env/lib/python3.12/site-packages/airflow/example_dags/example_task_group.py
[2024-12-10T17:28:29.340-0600] {processor.py:925} INFO - DAG(s) 'example_task_group' retrieved from /root/airflow_env/lib/python3.12/site-packages/airflow/example_dags/example_task_group.py
[2024-12-10T17:28:29.352-0600] {logging_mixin.py:190} INFO - [2024-12-10T17:28:29.352-0600] {dag.py:3239} INFO - Sync 1 DAGs
[2024-12-10T17:28:29.360-0600] {logging_mixin.py:190} INFO - [2024-12-10T17:28:29.360-0600] {dag.py:4180} INFO - Setting next_dagrun for example_task_group to None, run_after=None
[2024-12-10T17:28:29.377-0600] {processor.py:208} INFO - Processing /root/airflow_env/lib/python3.12/site-packages/airflow/example_dags/example_task_group.py took 0.051 seconds
[2024-12-10T17:29:24.168-0600] {processor.py:186} INFO - Started process (PID=2806) to work on /root/airflow_env/lib/python3.12/site-packages/airflow/example_dags/example_task_group.py
[2024-12-10T17:29:24.171-0600] {processor.py:914} INFO - Processing file /root/airflow_env/lib/python3.12/site-packages/airflow/example_dags/example_task_group.py for tasks to queue
[2024-12-10T17:29:24.172-0600] {logging_mixin.py:190} INFO - [2024-12-10T17:29:24.172-0600] {dagbag.py:588} INFO - Filling up the DagBag from /root/airflow_env/lib/python3.12/site-packages/airflow/example_dags/example_task_group.py
[2024-12-10T17:29:24.178-0600] {processor.py:925} INFO - DAG(s) 'example_task_group' retrieved from /root/airflow_env/lib/python3.12/site-packages/airflow/example_dags/example_task_group.py
[2024-12-10T17:29:24.189-0600] {logging_mixin.py:190} INFO - [2024-12-10T17:29:24.189-0600] {dag.py:3239} INFO - Sync 1 DAGs
[2024-12-10T17:29:24.197-0600] {logging_mixin.py:190} INFO - [2024-12-10T17:29:24.197-0600] {dag.py:4180} INFO - Setting next_dagrun for example_task_group to None, run_after=None
[2024-12-10T17:29:24.215-0600] {processor.py:208} INFO - Processing /root/airflow_env/lib/python3.12/site-packages/airflow/example_dags/example_task_group.py took 0.050 seconds
[2024-12-10T17:30:13.278-0600] {processor.py:186} INFO - Started process (PID=2868) to work on /root/airflow_env/lib/python3.12/site-packages/airflow/example_dags/example_task_group.py
[2024-12-10T17:30:13.281-0600] {processor.py:914} INFO - Processing file /root/airflow_env/lib/python3.12/site-packages/airflow/example_dags/example_task_group.py for tasks to queue
[2024-12-10T17:30:13.282-0600] {logging_mixin.py:190} INFO - [2024-12-10T17:30:13.282-0600] {dagbag.py:588} INFO - Filling up the DagBag from /root/airflow_env/lib/python3.12/site-packages/airflow/example_dags/example_task_group.py
[2024-12-10T17:30:13.288-0600] {processor.py:925} INFO - DAG(s) 'example_task_group' retrieved from /root/airflow_env/lib/python3.12/site-packages/airflow/example_dags/example_task_group.py
[2024-12-10T17:30:13.299-0600] {logging_mixin.py:190} INFO - [2024-12-10T17:30:13.299-0600] {dag.py:3239} INFO - Sync 1 DAGs
[2024-12-10T17:30:13.307-0600] {logging_mixin.py:190} INFO - [2024-12-10T17:30:13.307-0600] {dag.py:4180} INFO - Setting next_dagrun for example_task_group to None, run_after=None
[2024-12-10T17:30:13.324-0600] {processor.py:208} INFO - Processing /root/airflow_env/lib/python3.12/site-packages/airflow/example_dags/example_task_group.py took 0.050 seconds
[2024-12-10T17:31:04.670-0600] {processor.py:186} INFO - Started process (PID=2924) to work on /root/airflow_env/lib/python3.12/site-packages/airflow/example_dags/example_task_group.py
[2024-12-10T17:31:04.672-0600] {processor.py:914} INFO - Processing file /root/airflow_env/lib/python3.12/site-packages/airflow/example_dags/example_task_group.py for tasks to queue
[2024-12-10T17:31:04.673-0600] {logging_mixin.py:190} INFO - [2024-12-10T17:31:04.673-0600] {dagbag.py:588} INFO - Filling up the DagBag from /root/airflow_env/lib/python3.12/site-packages/airflow/example_dags/example_task_group.py
[2024-12-10T17:31:04.680-0600] {processor.py:925} INFO - DAG(s) 'example_task_group' retrieved from /root/airflow_env/lib/python3.12/site-packages/airflow/example_dags/example_task_group.py
[2024-12-10T17:31:04.692-0600] {logging_mixin.py:190} INFO - [2024-12-10T17:31:04.692-0600] {dag.py:3239} INFO - Sync 1 DAGs
[2024-12-10T17:31:04.702-0600] {logging_mixin.py:190} INFO - [2024-12-10T17:31:04.701-0600] {dag.py:4180} INFO - Setting next_dagrun for example_task_group to None, run_after=None
[2024-12-10T17:31:04.719-0600] {processor.py:208} INFO - Processing /root/airflow_env/lib/python3.12/site-packages/airflow/example_dags/example_task_group.py took 0.053 seconds
[2024-12-10T17:31:56.139-0600] {processor.py:186} INFO - Started process (PID=2981) to work on /root/airflow_env/lib/python3.12/site-packages/airflow/example_dags/example_task_group.py
[2024-12-10T17:31:56.142-0600] {processor.py:914} INFO - Processing file /root/airflow_env/lib/python3.12/site-packages/airflow/example_dags/example_task_group.py for tasks to queue
[2024-12-10T17:31:56.143-0600] {logging_mixin.py:190} INFO - [2024-12-10T17:31:56.143-0600] {dagbag.py:588} INFO - Filling up the DagBag from /root/airflow_env/lib/python3.12/site-packages/airflow/example_dags/example_task_group.py
[2024-12-10T17:31:56.150-0600] {processor.py:925} INFO - DAG(s) 'example_task_group' retrieved from /root/airflow_env/lib/python3.12/site-packages/airflow/example_dags/example_task_group.py
[2024-12-10T17:31:56.161-0600] {logging_mixin.py:190} INFO - [2024-12-10T17:31:56.161-0600] {dag.py:3239} INFO - Sync 1 DAGs
[2024-12-10T17:31:56.169-0600] {logging_mixin.py:190} INFO - [2024-12-10T17:31:56.169-0600] {dag.py:4180} INFO - Setting next_dagrun for example_task_group to None, run_after=None
[2024-12-10T17:31:56.187-0600] {processor.py:208} INFO - Processing /root/airflow_env/lib/python3.12/site-packages/airflow/example_dags/example_task_group.py took 0.052 seconds
[2024-12-10T17:32:52.499-0600] {processor.py:186} INFO - Started process (PID=3041) to work on /root/airflow_env/lib/python3.12/site-packages/airflow/example_dags/example_task_group.py
[2024-12-10T17:32:52.501-0600] {processor.py:914} INFO - Processing file /root/airflow_env/lib/python3.12/site-packages/airflow/example_dags/example_task_group.py for tasks to queue
[2024-12-10T17:32:52.503-0600] {logging_mixin.py:190} INFO - [2024-12-10T17:32:52.502-0600] {dagbag.py:588} INFO - Filling up the DagBag from /root/airflow_env/lib/python3.12/site-packages/airflow/example_dags/example_task_group.py
[2024-12-10T17:32:52.509-0600] {processor.py:925} INFO - DAG(s) 'example_task_group' retrieved from /root/airflow_env/lib/python3.12/site-packages/airflow/example_dags/example_task_group.py
[2024-12-10T17:32:52.520-0600] {logging_mixin.py:190} INFO - [2024-12-10T17:32:52.520-0600] {dag.py:3239} INFO - Sync 1 DAGs
[2024-12-10T17:32:52.529-0600] {logging_mixin.py:190} INFO - [2024-12-10T17:32:52.529-0600] {dag.py:4180} INFO - Setting next_dagrun for example_task_group to None, run_after=None
[2024-12-10T17:32:52.546-0600] {processor.py:208} INFO - Processing /root/airflow_env/lib/python3.12/site-packages/airflow/example_dags/example_task_group.py took 0.051 seconds
[2024-12-10T17:33:45.240-0600] {processor.py:186} INFO - Started process (PID=3098) to work on /root/airflow_env/lib/python3.12/site-packages/airflow/example_dags/example_task_group.py
[2024-12-10T17:33:45.242-0600] {processor.py:914} INFO - Processing file /root/airflow_env/lib/python3.12/site-packages/airflow/example_dags/example_task_group.py for tasks to queue
[2024-12-10T17:33:45.244-0600] {logging_mixin.py:190} INFO - [2024-12-10T17:33:45.243-0600] {dagbag.py:588} INFO - Filling up the DagBag from /root/airflow_env/lib/python3.12/site-packages/airflow/example_dags/example_task_group.py
[2024-12-10T17:33:45.250-0600] {processor.py:925} INFO - DAG(s) 'example_task_group' retrieved from /root/airflow_env/lib/python3.12/site-packages/airflow/example_dags/example_task_group.py
[2024-12-10T17:33:45.262-0600] {logging_mixin.py:190} INFO - [2024-12-10T17:33:45.262-0600] {dag.py:3239} INFO - Sync 1 DAGs
[2024-12-10T17:33:45.270-0600] {logging_mixin.py:190} INFO - [2024-12-10T17:33:45.270-0600] {dag.py:4180} INFO - Setting next_dagrun for example_task_group to None, run_after=None
[2024-12-10T17:33:45.287-0600] {processor.py:208} INFO - Processing /root/airflow_env/lib/python3.12/site-packages/airflow/example_dags/example_task_group.py took 0.051 seconds
[2024-12-10T17:34:37.770-0600] {processor.py:186} INFO - Started process (PID=3263) to work on /root/airflow_env/lib/python3.12/site-packages/airflow/example_dags/example_task_group.py
[2024-12-10T17:34:37.773-0600] {processor.py:914} INFO - Processing file /root/airflow_env/lib/python3.12/site-packages/airflow/example_dags/example_task_group.py for tasks to queue
[2024-12-10T17:34:37.774-0600] {logging_mixin.py:190} INFO - [2024-12-10T17:34:37.774-0600] {dagbag.py:588} INFO - Filling up the DagBag from /root/airflow_env/lib/python3.12/site-packages/airflow/example_dags/example_task_group.py
[2024-12-10T17:34:37.780-0600] {processor.py:925} INFO - DAG(s) 'example_task_group' retrieved from /root/airflow_env/lib/python3.12/site-packages/airflow/example_dags/example_task_group.py
[2024-12-10T17:34:37.792-0600] {logging_mixin.py:190} INFO - [2024-12-10T17:34:37.791-0600] {dag.py:3239} INFO - Sync 1 DAGs
[2024-12-10T17:34:37.800-0600] {logging_mixin.py:190} INFO - [2024-12-10T17:34:37.800-0600] {dag.py:4180} INFO - Setting next_dagrun for example_task_group to None, run_after=None
[2024-12-10T17:34:37.817-0600] {processor.py:208} INFO - Processing /root/airflow_env/lib/python3.12/site-packages/airflow/example_dags/example_task_group.py took 0.050 seconds
[2024-12-10T17:35:29.221-0600] {processor.py:186} INFO - Started process (PID=3322) to work on /root/airflow_env/lib/python3.12/site-packages/airflow/example_dags/example_task_group.py
[2024-12-10T17:35:29.224-0600] {processor.py:914} INFO - Processing file /root/airflow_env/lib/python3.12/site-packages/airflow/example_dags/example_task_group.py for tasks to queue
[2024-12-10T17:35:29.225-0600] {logging_mixin.py:190} INFO - [2024-12-10T17:35:29.225-0600] {dagbag.py:588} INFO - Filling up the DagBag from /root/airflow_env/lib/python3.12/site-packages/airflow/example_dags/example_task_group.py
[2024-12-10T17:35:29.231-0600] {processor.py:925} INFO - DAG(s) 'example_task_group' retrieved from /root/airflow_env/lib/python3.12/site-packages/airflow/example_dags/example_task_group.py
[2024-12-10T17:35:29.243-0600] {logging_mixin.py:190} INFO - [2024-12-10T17:35:29.242-0600] {dag.py:3239} INFO - Sync 1 DAGs
[2024-12-10T17:35:29.250-0600] {logging_mixin.py:190} INFO - [2024-12-10T17:35:29.250-0600] {dag.py:4180} INFO - Setting next_dagrun for example_task_group to None, run_after=None
[2024-12-10T17:35:29.267-0600] {processor.py:208} INFO - Processing /root/airflow_env/lib/python3.12/site-packages/airflow/example_dags/example_task_group.py took 0.049 seconds
[2024-12-10T17:36:19.687-0600] {processor.py:186} INFO - Started process (PID=3378) to work on /root/airflow_env/lib/python3.12/site-packages/airflow/example_dags/example_task_group.py
[2024-12-10T17:36:19.690-0600] {processor.py:914} INFO - Processing file /root/airflow_env/lib/python3.12/site-packages/airflow/example_dags/example_task_group.py for tasks to queue
[2024-12-10T17:36:19.691-0600] {logging_mixin.py:190} INFO - [2024-12-10T17:36:19.691-0600] {dagbag.py:588} INFO - Filling up the DagBag from /root/airflow_env/lib/python3.12/site-packages/airflow/example_dags/example_task_group.py
[2024-12-10T17:36:19.699-0600] {processor.py:925} INFO - DAG(s) 'example_task_group' retrieved from /root/airflow_env/lib/python3.12/site-packages/airflow/example_dags/example_task_group.py
[2024-12-10T17:36:19.710-0600] {logging_mixin.py:190} INFO - [2024-12-10T17:36:19.710-0600] {dag.py:3239} INFO - Sync 1 DAGs
[2024-12-10T17:36:19.719-0600] {logging_mixin.py:190} INFO - [2024-12-10T17:36:19.718-0600] {dag.py:4180} INFO - Setting next_dagrun for example_task_group to None, run_after=None
[2024-12-10T17:36:19.736-0600] {processor.py:208} INFO - Processing /root/airflow_env/lib/python3.12/site-packages/airflow/example_dags/example_task_group.py took 0.053 seconds
[2024-12-10T17:37:09.093-0600] {processor.py:186} INFO - Started process (PID=3434) to work on /root/airflow_env/lib/python3.12/site-packages/airflow/example_dags/example_task_group.py
[2024-12-10T17:37:09.095-0600] {processor.py:914} INFO - Processing file /root/airflow_env/lib/python3.12/site-packages/airflow/example_dags/example_task_group.py for tasks to queue
[2024-12-10T17:37:09.097-0600] {logging_mixin.py:190} INFO - [2024-12-10T17:37:09.097-0600] {dagbag.py:588} INFO - Filling up the DagBag from /root/airflow_env/lib/python3.12/site-packages/airflow/example_dags/example_task_group.py
[2024-12-10T17:37:09.103-0600] {processor.py:925} INFO - DAG(s) 'example_task_group' retrieved from /root/airflow_env/lib/python3.12/site-packages/airflow/example_dags/example_task_group.py
[2024-12-10T17:37:09.114-0600] {logging_mixin.py:190} INFO - [2024-12-10T17:37:09.114-0600] {dag.py:3239} INFO - Sync 1 DAGs
[2024-12-10T17:37:09.122-0600] {logging_mixin.py:190} INFO - [2024-12-10T17:37:09.122-0600] {dag.py:4180} INFO - Setting next_dagrun for example_task_group to None, run_after=None
[2024-12-10T17:37:09.138-0600] {processor.py:208} INFO - Processing /root/airflow_env/lib/python3.12/site-packages/airflow/example_dags/example_task_group.py took 0.049 seconds
[2024-12-10T17:38:00.813-0600] {processor.py:186} INFO - Started process (PID=3491) to work on /root/airflow_env/lib/python3.12/site-packages/airflow/example_dags/example_task_group.py
[2024-12-10T17:38:00.816-0600] {processor.py:914} INFO - Processing file /root/airflow_env/lib/python3.12/site-packages/airflow/example_dags/example_task_group.py for tasks to queue
[2024-12-10T17:38:00.817-0600] {logging_mixin.py:190} INFO - [2024-12-10T17:38:00.817-0600] {dagbag.py:588} INFO - Filling up the DagBag from /root/airflow_env/lib/python3.12/site-packages/airflow/example_dags/example_task_group.py
[2024-12-10T17:38:00.824-0600] {processor.py:925} INFO - DAG(s) 'example_task_group' retrieved from /root/airflow_env/lib/python3.12/site-packages/airflow/example_dags/example_task_group.py
[2024-12-10T17:38:00.835-0600] {logging_mixin.py:190} INFO - [2024-12-10T17:38:00.835-0600] {dag.py:3239} INFO - Sync 1 DAGs
[2024-12-10T17:38:00.842-0600] {logging_mixin.py:190} INFO - [2024-12-10T17:38:00.842-0600] {dag.py:4180} INFO - Setting next_dagrun for example_task_group to None, run_after=None
[2024-12-10T17:38:00.860-0600] {processor.py:208} INFO - Processing /root/airflow_env/lib/python3.12/site-packages/airflow/example_dags/example_task_group.py took 0.051 seconds
[2024-12-10T17:38:51.380-0600] {processor.py:186} INFO - Started process (PID=3547) to work on /root/airflow_env/lib/python3.12/site-packages/airflow/example_dags/example_task_group.py
[2024-12-10T17:38:51.382-0600] {processor.py:914} INFO - Processing file /root/airflow_env/lib/python3.12/site-packages/airflow/example_dags/example_task_group.py for tasks to queue
[2024-12-10T17:38:51.384-0600] {logging_mixin.py:190} INFO - [2024-12-10T17:38:51.384-0600] {dagbag.py:588} INFO - Filling up the DagBag from /root/airflow_env/lib/python3.12/site-packages/airflow/example_dags/example_task_group.py
[2024-12-10T17:38:51.390-0600] {processor.py:925} INFO - DAG(s) 'example_task_group' retrieved from /root/airflow_env/lib/python3.12/site-packages/airflow/example_dags/example_task_group.py
[2024-12-10T17:38:51.401-0600] {logging_mixin.py:190} INFO - [2024-12-10T17:38:51.401-0600] {dag.py:3239} INFO - Sync 1 DAGs
[2024-12-10T17:38:51.409-0600] {logging_mixin.py:190} INFO - [2024-12-10T17:38:51.408-0600] {dag.py:4180} INFO - Setting next_dagrun for example_task_group to None, run_after=None
[2024-12-10T17:38:51.425-0600] {processor.py:208} INFO - Processing /root/airflow_env/lib/python3.12/site-packages/airflow/example_dags/example_task_group.py took 0.049 seconds
[2024-12-10T17:39:45.573-0600] {processor.py:186} INFO - Started process (PID=3605) to work on /root/airflow_env/lib/python3.12/site-packages/airflow/example_dags/example_task_group.py
[2024-12-10T17:39:45.575-0600] {processor.py:914} INFO - Processing file /root/airflow_env/lib/python3.12/site-packages/airflow/example_dags/example_task_group.py for tasks to queue
[2024-12-10T17:39:45.577-0600] {logging_mixin.py:190} INFO - [2024-12-10T17:39:45.576-0600] {dagbag.py:588} INFO - Filling up the DagBag from /root/airflow_env/lib/python3.12/site-packages/airflow/example_dags/example_task_group.py
[2024-12-10T17:39:45.584-0600] {processor.py:925} INFO - DAG(s) 'example_task_group' retrieved from /root/airflow_env/lib/python3.12/site-packages/airflow/example_dags/example_task_group.py
[2024-12-10T17:39:45.596-0600] {logging_mixin.py:190} INFO - [2024-12-10T17:39:45.596-0600] {dag.py:3239} INFO - Sync 1 DAGs
[2024-12-10T17:39:45.605-0600] {logging_mixin.py:190} INFO - [2024-12-10T17:39:45.604-0600] {dag.py:4180} INFO - Setting next_dagrun for example_task_group to None, run_after=None
[2024-12-10T17:39:45.622-0600] {processor.py:208} INFO - Processing /root/airflow_env/lib/python3.12/site-packages/airflow/example_dags/example_task_group.py took 0.053 seconds
[2024-12-10T17:40:38.522-0600] {processor.py:186} INFO - Started process (PID=3669) to work on /root/airflow_env/lib/python3.12/site-packages/airflow/example_dags/example_task_group.py
[2024-12-10T17:40:38.524-0600] {processor.py:914} INFO - Processing file /root/airflow_env/lib/python3.12/site-packages/airflow/example_dags/example_task_group.py for tasks to queue
[2024-12-10T17:40:38.526-0600] {logging_mixin.py:190} INFO - [2024-12-10T17:40:38.526-0600] {dagbag.py:588} INFO - Filling up the DagBag from /root/airflow_env/lib/python3.12/site-packages/airflow/example_dags/example_task_group.py
[2024-12-10T17:40:38.532-0600] {processor.py:925} INFO - DAG(s) 'example_task_group' retrieved from /root/airflow_env/lib/python3.12/site-packages/airflow/example_dags/example_task_group.py
[2024-12-10T17:40:38.544-0600] {logging_mixin.py:190} INFO - [2024-12-10T17:40:38.544-0600] {dag.py:3239} INFO - Sync 1 DAGs
[2024-12-10T17:40:38.553-0600] {logging_mixin.py:190} INFO - [2024-12-10T17:40:38.552-0600] {dag.py:4180} INFO - Setting next_dagrun for example_task_group to None, run_after=None
[2024-12-10T17:40:38.571-0600] {processor.py:208} INFO - Processing /root/airflow_env/lib/python3.12/site-packages/airflow/example_dags/example_task_group.py took 0.054 seconds
[2024-12-10T17:41:34.790-0600] {processor.py:186} INFO - Started process (PID=3730) to work on /root/airflow_env/lib/python3.12/site-packages/airflow/example_dags/example_task_group.py
[2024-12-10T17:41:34.793-0600] {processor.py:914} INFO - Processing file /root/airflow_env/lib/python3.12/site-packages/airflow/example_dags/example_task_group.py for tasks to queue
[2024-12-10T17:41:34.794-0600] {logging_mixin.py:190} INFO - [2024-12-10T17:41:34.794-0600] {dagbag.py:588} INFO - Filling up the DagBag from /root/airflow_env/lib/python3.12/site-packages/airflow/example_dags/example_task_group.py
[2024-12-10T17:41:34.801-0600] {processor.py:925} INFO - DAG(s) 'example_task_group' retrieved from /root/airflow_env/lib/python3.12/site-packages/airflow/example_dags/example_task_group.py
[2024-12-10T17:41:34.813-0600] {logging_mixin.py:190} INFO - [2024-12-10T17:41:34.813-0600] {dag.py:3239} INFO - Sync 1 DAGs
[2024-12-10T17:41:34.821-0600] {logging_mixin.py:190} INFO - [2024-12-10T17:41:34.821-0600] {dag.py:4180} INFO - Setting next_dagrun for example_task_group to None, run_after=None
[2024-12-10T17:41:34.839-0600] {processor.py:208} INFO - Processing /root/airflow_env/lib/python3.12/site-packages/airflow/example_dags/example_task_group.py took 0.053 seconds
[2024-12-10T17:42:25.157-0600] {processor.py:186} INFO - Started process (PID=3795) to work on /root/airflow_env/lib/python3.12/site-packages/airflow/example_dags/example_task_group.py
[2024-12-10T17:42:25.160-0600] {processor.py:914} INFO - Processing file /root/airflow_env/lib/python3.12/site-packages/airflow/example_dags/example_task_group.py for tasks to queue
[2024-12-10T17:42:25.162-0600] {logging_mixin.py:190} INFO - [2024-12-10T17:42:25.162-0600] {dagbag.py:588} INFO - Filling up the DagBag from /root/airflow_env/lib/python3.12/site-packages/airflow/example_dags/example_task_group.py
[2024-12-10T17:42:25.168-0600] {processor.py:925} INFO - DAG(s) 'example_task_group' retrieved from /root/airflow_env/lib/python3.12/site-packages/airflow/example_dags/example_task_group.py
[2024-12-10T17:42:25.179-0600] {logging_mixin.py:190} INFO - [2024-12-10T17:42:25.179-0600] {dag.py:3239} INFO - Sync 1 DAGs
[2024-12-10T17:42:25.187-0600] {logging_mixin.py:190} INFO - [2024-12-10T17:42:25.187-0600] {dag.py:4180} INFO - Setting next_dagrun for example_task_group to None, run_after=None
[2024-12-10T17:42:25.205-0600] {processor.py:208} INFO - Processing /root/airflow_env/lib/python3.12/site-packages/airflow/example_dags/example_task_group.py took 0.051 seconds
[2024-12-10T17:43:19.909-0600] {processor.py:186} INFO - Started process (PID=3863) to work on /root/airflow_env/lib/python3.12/site-packages/airflow/example_dags/example_task_group.py
[2024-12-10T17:43:19.912-0600] {processor.py:914} INFO - Processing file /root/airflow_env/lib/python3.12/site-packages/airflow/example_dags/example_task_group.py for tasks to queue
[2024-12-10T17:43:19.913-0600] {logging_mixin.py:190} INFO - [2024-12-10T17:43:19.913-0600] {dagbag.py:588} INFO - Filling up the DagBag from /root/airflow_env/lib/python3.12/site-packages/airflow/example_dags/example_task_group.py
[2024-12-10T17:43:19.920-0600] {processor.py:925} INFO - DAG(s) 'example_task_group' retrieved from /root/airflow_env/lib/python3.12/site-packages/airflow/example_dags/example_task_group.py
[2024-12-10T17:43:19.931-0600] {logging_mixin.py:190} INFO - [2024-12-10T17:43:19.931-0600] {dag.py:3239} INFO - Sync 1 DAGs
[2024-12-10T17:43:19.939-0600] {logging_mixin.py:190} INFO - [2024-12-10T17:43:19.939-0600] {dag.py:4180} INFO - Setting next_dagrun for example_task_group to None, run_after=None
[2024-12-10T17:43:19.956-0600] {processor.py:208} INFO - Processing /root/airflow_env/lib/python3.12/site-packages/airflow/example_dags/example_task_group.py took 0.051 seconds
[2024-12-10T17:44:10.364-0600] {processor.py:186} INFO - Started process (PID=3919) to work on /root/airflow_env/lib/python3.12/site-packages/airflow/example_dags/example_task_group.py
[2024-12-10T17:44:10.367-0600] {processor.py:914} INFO - Processing file /root/airflow_env/lib/python3.12/site-packages/airflow/example_dags/example_task_group.py for tasks to queue
[2024-12-10T17:44:10.368-0600] {logging_mixin.py:190} INFO - [2024-12-10T17:44:10.368-0600] {dagbag.py:588} INFO - Filling up the DagBag from /root/airflow_env/lib/python3.12/site-packages/airflow/example_dags/example_task_group.py
[2024-12-10T17:44:10.375-0600] {processor.py:925} INFO - DAG(s) 'example_task_group' retrieved from /root/airflow_env/lib/python3.12/site-packages/airflow/example_dags/example_task_group.py
[2024-12-10T17:44:10.386-0600] {logging_mixin.py:190} INFO - [2024-12-10T17:44:10.386-0600] {dag.py:3239} INFO - Sync 1 DAGs
[2024-12-10T17:44:10.394-0600] {logging_mixin.py:190} INFO - [2024-12-10T17:44:10.394-0600] {dag.py:4180} INFO - Setting next_dagrun for example_task_group to None, run_after=None
[2024-12-10T17:44:10.412-0600] {processor.py:208} INFO - Processing /root/airflow_env/lib/python3.12/site-packages/airflow/example_dags/example_task_group.py took 0.052 seconds
[2024-12-10T17:45:03.502-0600] {processor.py:186} INFO - Started process (PID=3980) to work on /root/airflow_env/lib/python3.12/site-packages/airflow/example_dags/example_task_group.py
[2024-12-10T17:45:03.505-0600] {processor.py:914} INFO - Processing file /root/airflow_env/lib/python3.12/site-packages/airflow/example_dags/example_task_group.py for tasks to queue
[2024-12-10T17:45:03.506-0600] {logging_mixin.py:190} INFO - [2024-12-10T17:45:03.506-0600] {dagbag.py:588} INFO - Filling up the DagBag from /root/airflow_env/lib/python3.12/site-packages/airflow/example_dags/example_task_group.py
[2024-12-10T17:45:03.514-0600] {processor.py:925} INFO - DAG(s) 'example_task_group' retrieved from /root/airflow_env/lib/python3.12/site-packages/airflow/example_dags/example_task_group.py
[2024-12-10T17:45:03.528-0600] {logging_mixin.py:190} INFO - [2024-12-10T17:45:03.527-0600] {dag.py:3239} INFO - Sync 1 DAGs
[2024-12-10T17:45:03.536-0600] {logging_mixin.py:190} INFO - [2024-12-10T17:45:03.536-0600] {dag.py:4180} INFO - Setting next_dagrun for example_task_group to None, run_after=None
[2024-12-10T17:45:03.554-0600] {processor.py:208} INFO - Processing /root/airflow_env/lib/python3.12/site-packages/airflow/example_dags/example_task_group.py took 0.056 seconds
[2024-12-10T17:45:56.698-0600] {processor.py:186} INFO - Started process (PID=4037) to work on /root/airflow_env/lib/python3.12/site-packages/airflow/example_dags/example_task_group.py
[2024-12-10T17:45:56.701-0600] {processor.py:914} INFO - Processing file /root/airflow_env/lib/python3.12/site-packages/airflow/example_dags/example_task_group.py for tasks to queue
[2024-12-10T17:45:56.702-0600] {logging_mixin.py:190} INFO - [2024-12-10T17:45:56.702-0600] {dagbag.py:588} INFO - Filling up the DagBag from /root/airflow_env/lib/python3.12/site-packages/airflow/example_dags/example_task_group.py
[2024-12-10T17:45:56.709-0600] {processor.py:925} INFO - DAG(s) 'example_task_group' retrieved from /root/airflow_env/lib/python3.12/site-packages/airflow/example_dags/example_task_group.py
[2024-12-10T17:45:56.720-0600] {logging_mixin.py:190} INFO - [2024-12-10T17:45:56.720-0600] {dag.py:3239} INFO - Sync 1 DAGs
[2024-12-10T17:45:56.728-0600] {logging_mixin.py:190} INFO - [2024-12-10T17:45:56.728-0600] {dag.py:4180} INFO - Setting next_dagrun for example_task_group to None, run_after=None
[2024-12-10T17:45:56.745-0600] {processor.py:208} INFO - Processing /root/airflow_env/lib/python3.12/site-packages/airflow/example_dags/example_task_group.py took 0.050 seconds
[2024-12-10T17:46:57.912-0600] {processor.py:186} INFO - Started process (PID=4100) to work on /root/airflow_env/lib/python3.12/site-packages/airflow/example_dags/example_task_group.py
[2024-12-10T17:46:57.914-0600] {processor.py:914} INFO - Processing file /root/airflow_env/lib/python3.12/site-packages/airflow/example_dags/example_task_group.py for tasks to queue
[2024-12-10T17:46:57.915-0600] {logging_mixin.py:190} INFO - [2024-12-10T17:46:57.915-0600] {dagbag.py:588} INFO - Filling up the DagBag from /root/airflow_env/lib/python3.12/site-packages/airflow/example_dags/example_task_group.py
[2024-12-10T17:46:57.922-0600] {processor.py:925} INFO - DAG(s) 'example_task_group' retrieved from /root/airflow_env/lib/python3.12/site-packages/airflow/example_dags/example_task_group.py
[2024-12-10T17:46:57.933-0600] {logging_mixin.py:190} INFO - [2024-12-10T17:46:57.933-0600] {dag.py:3239} INFO - Sync 1 DAGs
[2024-12-10T17:46:57.941-0600] {logging_mixin.py:190} INFO - [2024-12-10T17:46:57.941-0600] {dag.py:4180} INFO - Setting next_dagrun for example_task_group to None, run_after=None
[2024-12-10T17:46:57.958-0600] {processor.py:208} INFO - Processing /root/airflow_env/lib/python3.12/site-packages/airflow/example_dags/example_task_group.py took 0.050 seconds
[2024-12-10T17:47:55.918-0600] {processor.py:186} INFO - Started process (PID=4161) to work on /root/airflow_env/lib/python3.12/site-packages/airflow/example_dags/example_task_group.py
[2024-12-10T17:47:55.919-0600] {processor.py:914} INFO - Processing file /root/airflow_env/lib/python3.12/site-packages/airflow/example_dags/example_task_group.py for tasks to queue
[2024-12-10T17:47:55.921-0600] {logging_mixin.py:190} INFO - [2024-12-10T17:47:55.921-0600] {dagbag.py:588} INFO - Filling up the DagBag from /root/airflow_env/lib/python3.12/site-packages/airflow/example_dags/example_task_group.py
[2024-12-10T17:47:55.928-0600] {processor.py:925} INFO - DAG(s) 'example_task_group' retrieved from /root/airflow_env/lib/python3.12/site-packages/airflow/example_dags/example_task_group.py
[2024-12-10T17:47:55.940-0600] {logging_mixin.py:190} INFO - [2024-12-10T17:47:55.940-0600] {dag.py:3239} INFO - Sync 1 DAGs
[2024-12-10T17:47:55.949-0600] {logging_mixin.py:190} INFO - [2024-12-10T17:47:55.949-0600] {dag.py:4180} INFO - Setting next_dagrun for example_task_group to None, run_after=None
[2024-12-10T17:47:56.050-0600] {processor.py:208} INFO - Processing /root/airflow_env/lib/python3.12/site-packages/airflow/example_dags/example_task_group.py took 0.136 seconds
[2024-12-10T17:48:51.228-0600] {processor.py:186} INFO - Started process (PID=4219) to work on /root/airflow_env/lib/python3.12/site-packages/airflow/example_dags/example_task_group.py
[2024-12-10T17:48:51.231-0600] {processor.py:914} INFO - Processing file /root/airflow_env/lib/python3.12/site-packages/airflow/example_dags/example_task_group.py for tasks to queue
[2024-12-10T17:48:51.233-0600] {logging_mixin.py:190} INFO - [2024-12-10T17:48:51.232-0600] {dagbag.py:588} INFO - Filling up the DagBag from /root/airflow_env/lib/python3.12/site-packages/airflow/example_dags/example_task_group.py
[2024-12-10T17:48:51.239-0600] {processor.py:925} INFO - DAG(s) 'example_task_group' retrieved from /root/airflow_env/lib/python3.12/site-packages/airflow/example_dags/example_task_group.py
[2024-12-10T17:48:51.251-0600] {logging_mixin.py:190} INFO - [2024-12-10T17:48:51.251-0600] {dag.py:3239} INFO - Sync 1 DAGs
[2024-12-10T17:48:51.259-0600] {logging_mixin.py:190} INFO - [2024-12-10T17:48:51.258-0600] {dag.py:4180} INFO - Setting next_dagrun for example_task_group to None, run_after=None
[2024-12-10T17:48:51.277-0600] {processor.py:208} INFO - Processing /root/airflow_env/lib/python3.12/site-packages/airflow/example_dags/example_task_group.py took 0.053 seconds
[2024-12-10T17:49:47.931-0600] {processor.py:186} INFO - Started process (PID=4278) to work on /root/airflow_env/lib/python3.12/site-packages/airflow/example_dags/example_task_group.py
[2024-12-10T17:49:47.934-0600] {processor.py:914} INFO - Processing file /root/airflow_env/lib/python3.12/site-packages/airflow/example_dags/example_task_group.py for tasks to queue
[2024-12-10T17:49:47.935-0600] {logging_mixin.py:190} INFO - [2024-12-10T17:49:47.935-0600] {dagbag.py:588} INFO - Filling up the DagBag from /root/airflow_env/lib/python3.12/site-packages/airflow/example_dags/example_task_group.py
[2024-12-10T17:49:47.942-0600] {processor.py:925} INFO - DAG(s) 'example_task_group' retrieved from /root/airflow_env/lib/python3.12/site-packages/airflow/example_dags/example_task_group.py
[2024-12-10T17:49:47.953-0600] {logging_mixin.py:190} INFO - [2024-12-10T17:49:47.953-0600] {dag.py:3239} INFO - Sync 1 DAGs
[2024-12-10T17:49:47.960-0600] {logging_mixin.py:190} INFO - [2024-12-10T17:49:47.960-0600] {dag.py:4180} INFO - Setting next_dagrun for example_task_group to None, run_after=None
[2024-12-10T17:49:47.978-0600] {processor.py:208} INFO - Processing /root/airflow_env/lib/python3.12/site-packages/airflow/example_dags/example_task_group.py took 0.051 seconds
[2024-12-10T17:50:38.739-0600] {processor.py:186} INFO - Started process (PID=4343) to work on /root/airflow_env/lib/python3.12/site-packages/airflow/example_dags/example_task_group.py
[2024-12-10T17:50:38.742-0600] {processor.py:914} INFO - Processing file /root/airflow_env/lib/python3.12/site-packages/airflow/example_dags/example_task_group.py for tasks to queue
[2024-12-10T17:50:38.744-0600] {logging_mixin.py:190} INFO - [2024-12-10T17:50:38.744-0600] {dagbag.py:588} INFO - Filling up the DagBag from /root/airflow_env/lib/python3.12/site-packages/airflow/example_dags/example_task_group.py
[2024-12-10T17:50:38.751-0600] {processor.py:925} INFO - DAG(s) 'example_task_group' retrieved from /root/airflow_env/lib/python3.12/site-packages/airflow/example_dags/example_task_group.py
[2024-12-10T17:50:38.762-0600] {logging_mixin.py:190} INFO - [2024-12-10T17:50:38.762-0600] {dag.py:3239} INFO - Sync 1 DAGs
[2024-12-10T17:50:38.770-0600] {logging_mixin.py:190} INFO - [2024-12-10T17:50:38.770-0600] {dag.py:4180} INFO - Setting next_dagrun for example_task_group to None, run_after=None
[2024-12-10T17:50:38.787-0600] {processor.py:208} INFO - Processing /root/airflow_env/lib/python3.12/site-packages/airflow/example_dags/example_task_group.py took 0.052 seconds
[2024-12-10T17:52:20.800-0600] {processor.py:186} INFO - Started process (PID=4410) to work on /root/airflow_env/lib/python3.12/site-packages/airflow/example_dags/example_task_group.py
[2024-12-10T17:52:20.803-0600] {processor.py:914} INFO - Processing file /root/airflow_env/lib/python3.12/site-packages/airflow/example_dags/example_task_group.py for tasks to queue
[2024-12-10T17:52:20.805-0600] {logging_mixin.py:190} INFO - [2024-12-10T17:52:20.804-0600] {dagbag.py:588} INFO - Filling up the DagBag from /root/airflow_env/lib/python3.12/site-packages/airflow/example_dags/example_task_group.py
[2024-12-10T17:52:20.811-0600] {processor.py:925} INFO - DAG(s) 'example_task_group' retrieved from /root/airflow_env/lib/python3.12/site-packages/airflow/example_dags/example_task_group.py
[2024-12-10T17:52:20.825-0600] {logging_mixin.py:190} INFO - [2024-12-10T17:52:20.825-0600] {dag.py:3239} INFO - Sync 1 DAGs
[2024-12-10T17:52:20.834-0600] {logging_mixin.py:190} INFO - [2024-12-10T17:52:20.833-0600] {dag.py:4180} INFO - Setting next_dagrun for example_task_group to None, run_after=None
[2024-12-10T17:52:20.852-0600] {processor.py:208} INFO - Processing /root/airflow_env/lib/python3.12/site-packages/airflow/example_dags/example_task_group.py took 0.056 seconds
[2024-12-10T17:55:20.000-0600] {processor.py:186} INFO - Started process (PID=4613) to work on /root/airflow_env/lib/python3.12/site-packages/airflow/example_dags/example_task_group.py
[2024-12-10T17:55:20.001-0600] {processor.py:914} INFO - Processing file /root/airflow_env/lib/python3.12/site-packages/airflow/example_dags/example_task_group.py for tasks to queue
[2024-12-10T17:55:20.003-0600] {logging_mixin.py:190} INFO - [2024-12-10T17:55:20.003-0600] {dagbag.py:588} INFO - Filling up the DagBag from /root/airflow_env/lib/python3.12/site-packages/airflow/example_dags/example_task_group.py
[2024-12-10T17:55:20.011-0600] {processor.py:925} INFO - DAG(s) 'example_task_group' retrieved from /root/airflow_env/lib/python3.12/site-packages/airflow/example_dags/example_task_group.py
[2024-12-10T17:55:20.026-0600] {logging_mixin.py:190} INFO - [2024-12-10T17:55:20.025-0600] {dag.py:3239} INFO - Sync 1 DAGs
[2024-12-10T17:55:20.036-0600] {logging_mixin.py:190} INFO - [2024-12-10T17:55:20.036-0600] {dag.py:4180} INFO - Setting next_dagrun for example_task_group to None, run_after=None
[2024-12-10T17:55:20.052-0600] {processor.py:208} INFO - Processing /root/airflow_env/lib/python3.12/site-packages/airflow/example_dags/example_task_group.py took 0.056 seconds
[2024-12-10T17:56:17.248-0600] {processor.py:186} INFO - Started process (PID=4685) to work on /root/airflow_env/lib/python3.12/site-packages/airflow/example_dags/example_task_group.py
[2024-12-10T17:56:17.249-0600] {processor.py:914} INFO - Processing file /root/airflow_env/lib/python3.12/site-packages/airflow/example_dags/example_task_group.py for tasks to queue
[2024-12-10T17:56:17.251-0600] {logging_mixin.py:190} INFO - [2024-12-10T17:56:17.251-0600] {dagbag.py:588} INFO - Filling up the DagBag from /root/airflow_env/lib/python3.12/site-packages/airflow/example_dags/example_task_group.py
[2024-12-10T17:56:17.257-0600] {processor.py:925} INFO - DAG(s) 'example_task_group' retrieved from /root/airflow_env/lib/python3.12/site-packages/airflow/example_dags/example_task_group.py
[2024-12-10T17:56:17.269-0600] {logging_mixin.py:190} INFO - [2024-12-10T17:56:17.269-0600] {dag.py:3239} INFO - Sync 1 DAGs
[2024-12-10T17:56:17.278-0600] {logging_mixin.py:190} INFO - [2024-12-10T17:56:17.278-0600] {dag.py:4180} INFO - Setting next_dagrun for example_task_group to None, run_after=None
[2024-12-10T17:56:17.295-0600] {processor.py:208} INFO - Processing /root/airflow_env/lib/python3.12/site-packages/airflow/example_dags/example_task_group.py took 0.050 seconds
[2024-12-10T17:57:12.395-0600] {processor.py:186} INFO - Started process (PID=4758) to work on /root/airflow_env/lib/python3.12/site-packages/airflow/example_dags/example_task_group.py
[2024-12-10T17:57:12.398-0600] {processor.py:914} INFO - Processing file /root/airflow_env/lib/python3.12/site-packages/airflow/example_dags/example_task_group.py for tasks to queue
[2024-12-10T17:57:12.399-0600] {logging_mixin.py:190} INFO - [2024-12-10T17:57:12.399-0600] {dagbag.py:588} INFO - Filling up the DagBag from /root/airflow_env/lib/python3.12/site-packages/airflow/example_dags/example_task_group.py
[2024-12-10T17:57:12.405-0600] {processor.py:925} INFO - DAG(s) 'example_task_group' retrieved from /root/airflow_env/lib/python3.12/site-packages/airflow/example_dags/example_task_group.py
[2024-12-10T17:57:12.418-0600] {logging_mixin.py:190} INFO - [2024-12-10T17:57:12.418-0600] {dag.py:3239} INFO - Sync 1 DAGs
[2024-12-10T17:57:12.426-0600] {logging_mixin.py:190} INFO - [2024-12-10T17:57:12.426-0600] {dag.py:4180} INFO - Setting next_dagrun for example_task_group to None, run_after=None
[2024-12-10T17:57:12.445-0600] {processor.py:208} INFO - Processing /root/airflow_env/lib/python3.12/site-packages/airflow/example_dags/example_task_group.py took 0.057 seconds
[2024-12-10T17:58:06.602-0600] {processor.py:186} INFO - Started process (PID=4828) to work on /root/airflow_env/lib/python3.12/site-packages/airflow/example_dags/example_task_group.py
[2024-12-10T17:58:06.605-0600] {processor.py:914} INFO - Processing file /root/airflow_env/lib/python3.12/site-packages/airflow/example_dags/example_task_group.py for tasks to queue
[2024-12-10T17:58:06.606-0600] {logging_mixin.py:190} INFO - [2024-12-10T17:58:06.606-0600] {dagbag.py:588} INFO - Filling up the DagBag from /root/airflow_env/lib/python3.12/site-packages/airflow/example_dags/example_task_group.py
[2024-12-10T17:58:06.613-0600] {processor.py:925} INFO - DAG(s) 'example_task_group' retrieved from /root/airflow_env/lib/python3.12/site-packages/airflow/example_dags/example_task_group.py
[2024-12-10T17:58:06.625-0600] {logging_mixin.py:190} INFO - [2024-12-10T17:58:06.625-0600] {dag.py:3239} INFO - Sync 1 DAGs
[2024-12-10T17:58:06.633-0600] {logging_mixin.py:190} INFO - [2024-12-10T17:58:06.633-0600] {dag.py:4180} INFO - Setting next_dagrun for example_task_group to None, run_after=None
[2024-12-10T17:58:06.650-0600] {processor.py:208} INFO - Processing /root/airflow_env/lib/python3.12/site-packages/airflow/example_dags/example_task_group.py took 0.052 seconds
[2024-12-10T17:59:21.265-0600] {processor.py:186} INFO - Started process (PID=4941) to work on /root/airflow_env/lib/python3.12/site-packages/airflow/example_dags/example_task_group.py
[2024-12-10T17:59:21.266-0600] {processor.py:914} INFO - Processing file /root/airflow_env/lib/python3.12/site-packages/airflow/example_dags/example_task_group.py for tasks to queue
[2024-12-10T17:59:21.268-0600] {logging_mixin.py:190} INFO - [2024-12-10T17:59:21.268-0600] {dagbag.py:588} INFO - Filling up the DagBag from /root/airflow_env/lib/python3.12/site-packages/airflow/example_dags/example_task_group.py
[2024-12-10T17:59:21.275-0600] {processor.py:925} INFO - DAG(s) 'example_task_group' retrieved from /root/airflow_env/lib/python3.12/site-packages/airflow/example_dags/example_task_group.py
[2024-12-10T17:59:21.290-0600] {logging_mixin.py:190} INFO - [2024-12-10T17:59:21.289-0600] {dag.py:3239} INFO - Sync 1 DAGs
[2024-12-10T17:59:21.299-0600] {logging_mixin.py:190} INFO - [2024-12-10T17:59:21.299-0600] {dag.py:4180} INFO - Setting next_dagrun for example_task_group to None, run_after=None
[2024-12-10T17:59:21.318-0600] {processor.py:208} INFO - Processing /root/airflow_env/lib/python3.12/site-packages/airflow/example_dags/example_task_group.py took 0.062 seconds
