[2024-12-10T17:00:13.321-0600] {processor.py:186} INFO - Started process (PID=705) to work on /root/airflow_env/lib/python3.12/site-packages/airflow/example_dags/example_display_name.py
[2024-12-10T17:00:13.322-0600] {processor.py:914} INFO - Processing file /root/airflow_env/lib/python3.12/site-packages/airflow/example_dags/example_display_name.py for tasks to queue
[2024-12-10T17:00:13.323-0600] {logging_mixin.py:190} INFO - [2024-12-10T17:00:13.323-0600] {dagbag.py:588} INFO - Filling up the DagBag from /root/airflow_env/lib/python3.12/site-packages/airflow/example_dags/example_display_name.py
[2024-12-10T17:00:13.329-0600] {processor.py:925} INFO - DAG(s) 'example_display_name' retrieved from /root/airflow_env/lib/python3.12/site-packages/airflow/example_dags/example_display_name.py
[2024-12-10T17:00:13.340-0600] {logging_mixin.py:190} INFO - [2024-12-10T17:00:13.340-0600] {dag.py:3239} INFO - Sync 1 DAGs
[2024-12-10T17:00:13.349-0600] {logging_mixin.py:190} INFO - [2024-12-10T17:00:13.348-0600] {dag.py:4180} INFO - Setting next_dagrun for example_display_name to None, run_after=None
[2024-12-10T17:00:13.378-0600] {processor.py:208} INFO - Processing /root/airflow_env/lib/python3.12/site-packages/airflow/example_dags/example_display_name.py took 0.061 seconds
[2024-12-10T17:01:08.925-0600] {processor.py:186} INFO - Started process (PID=775) to work on /root/airflow_env/lib/python3.12/site-packages/airflow/example_dags/example_display_name.py
[2024-12-10T17:01:08.926-0600] {processor.py:914} INFO - Processing file /root/airflow_env/lib/python3.12/site-packages/airflow/example_dags/example_display_name.py for tasks to queue
[2024-12-10T17:01:08.927-0600] {logging_mixin.py:190} INFO - [2024-12-10T17:01:08.927-0600] {dagbag.py:588} INFO - Filling up the DagBag from /root/airflow_env/lib/python3.12/site-packages/airflow/example_dags/example_display_name.py
[2024-12-10T17:01:08.933-0600] {processor.py:925} INFO - DAG(s) 'example_display_name' retrieved from /root/airflow_env/lib/python3.12/site-packages/airflow/example_dags/example_display_name.py
[2024-12-10T17:01:08.943-0600] {logging_mixin.py:190} INFO - [2024-12-10T17:01:08.943-0600] {dag.py:3239} INFO - Sync 1 DAGs
[2024-12-10T17:01:08.954-0600] {logging_mixin.py:190} INFO - [2024-12-10T17:01:08.954-0600] {dag.py:4180} INFO - Setting next_dagrun for example_display_name to None, run_after=None
[2024-12-10T17:01:08.973-0600] {processor.py:208} INFO - Processing /root/airflow_env/lib/python3.12/site-packages/airflow/example_dags/example_display_name.py took 0.052 seconds
[2024-12-10T17:02:23.736-0600] {processor.py:186} INFO - Started process (PID=912) to work on /root/airflow_env/lib/python3.12/site-packages/airflow/example_dags/example_display_name.py
[2024-12-10T17:02:23.737-0600] {processor.py:914} INFO - Processing file /root/airflow_env/lib/python3.12/site-packages/airflow/example_dags/example_display_name.py for tasks to queue
[2024-12-10T17:02:23.739-0600] {logging_mixin.py:190} INFO - [2024-12-10T17:02:23.738-0600] {dagbag.py:588} INFO - Filling up the DagBag from /root/airflow_env/lib/python3.12/site-packages/airflow/example_dags/example_display_name.py
[2024-12-10T17:02:23.745-0600] {processor.py:925} INFO - DAG(s) 'example_display_name' retrieved from /root/airflow_env/lib/python3.12/site-packages/airflow/example_dags/example_display_name.py
[2024-12-10T17:02:23.757-0600] {logging_mixin.py:190} INFO - [2024-12-10T17:02:23.757-0600] {dag.py:3239} INFO - Sync 1 DAGs
[2024-12-10T17:02:23.767-0600] {logging_mixin.py:190} INFO - [2024-12-10T17:02:23.767-0600] {dag.py:4180} INFO - Setting next_dagrun for example_display_name to None, run_after=None
[2024-12-10T17:02:23.788-0600] {processor.py:208} INFO - Processing /root/airflow_env/lib/python3.12/site-packages/airflow/example_dags/example_display_name.py took 0.057 seconds
[2024-12-10T17:03:20.809-0600] {processor.py:186} INFO - Started process (PID=982) to work on /root/airflow_env/lib/python3.12/site-packages/airflow/example_dags/example_display_name.py
[2024-12-10T17:03:20.811-0600] {processor.py:914} INFO - Processing file /root/airflow_env/lib/python3.12/site-packages/airflow/example_dags/example_display_name.py for tasks to queue
[2024-12-10T17:03:20.812-0600] {logging_mixin.py:190} INFO - [2024-12-10T17:03:20.812-0600] {dagbag.py:588} INFO - Filling up the DagBag from /root/airflow_env/lib/python3.12/site-packages/airflow/example_dags/example_display_name.py
[2024-12-10T17:03:20.818-0600] {processor.py:925} INFO - DAG(s) 'example_display_name' retrieved from /root/airflow_env/lib/python3.12/site-packages/airflow/example_dags/example_display_name.py
[2024-12-10T17:03:20.829-0600] {logging_mixin.py:190} INFO - [2024-12-10T17:03:20.829-0600] {dag.py:3239} INFO - Sync 1 DAGs
[2024-12-10T17:03:20.838-0600] {logging_mixin.py:190} INFO - [2024-12-10T17:03:20.837-0600] {dag.py:4180} INFO - Setting next_dagrun for example_display_name to None, run_after=None
[2024-12-10T17:03:20.855-0600] {processor.py:208} INFO - Processing /root/airflow_env/lib/python3.12/site-packages/airflow/example_dags/example_display_name.py took 0.049 seconds
[2024-12-10T17:04:12.749-0600] {processor.py:186} INFO - Started process (PID=1044) to work on /root/airflow_env/lib/python3.12/site-packages/airflow/example_dags/example_display_name.py
[2024-12-10T17:04:12.751-0600] {processor.py:914} INFO - Processing file /root/airflow_env/lib/python3.12/site-packages/airflow/example_dags/example_display_name.py for tasks to queue
[2024-12-10T17:04:12.753-0600] {logging_mixin.py:190} INFO - [2024-12-10T17:04:12.752-0600] {dagbag.py:588} INFO - Filling up the DagBag from /root/airflow_env/lib/python3.12/site-packages/airflow/example_dags/example_display_name.py
[2024-12-10T17:04:12.759-0600] {processor.py:925} INFO - DAG(s) 'example_display_name' retrieved from /root/airflow_env/lib/python3.12/site-packages/airflow/example_dags/example_display_name.py
[2024-12-10T17:04:12.771-0600] {logging_mixin.py:190} INFO - [2024-12-10T17:04:12.770-0600] {dag.py:3239} INFO - Sync 1 DAGs
[2024-12-10T17:04:12.783-0600] {logging_mixin.py:190} INFO - [2024-12-10T17:04:12.783-0600] {dag.py:4180} INFO - Setting next_dagrun for example_display_name to None, run_after=None
[2024-12-10T17:04:12.804-0600] {processor.py:208} INFO - Processing /root/airflow_env/lib/python3.12/site-packages/airflow/example_dags/example_display_name.py took 0.060 seconds
[2024-12-10T17:05:08.387-0600] {processor.py:186} INFO - Started process (PID=1106) to work on /root/airflow_env/lib/python3.12/site-packages/airflow/example_dags/example_display_name.py
[2024-12-10T17:05:08.404-0600] {processor.py:914} INFO - Processing file /root/airflow_env/lib/python3.12/site-packages/airflow/example_dags/example_display_name.py for tasks to queue
[2024-12-10T17:05:08.407-0600] {logging_mixin.py:190} INFO - [2024-12-10T17:05:08.406-0600] {dagbag.py:588} INFO - Filling up the DagBag from /root/airflow_env/lib/python3.12/site-packages/airflow/example_dags/example_display_name.py
[2024-12-10T17:05:08.414-0600] {processor.py:925} INFO - DAG(s) 'example_display_name' retrieved from /root/airflow_env/lib/python3.12/site-packages/airflow/example_dags/example_display_name.py
[2024-12-10T17:05:08.427-0600] {logging_mixin.py:190} INFO - [2024-12-10T17:05:08.426-0600] {dag.py:3239} INFO - Sync 1 DAGs
[2024-12-10T17:05:08.435-0600] {logging_mixin.py:190} INFO - [2024-12-10T17:05:08.435-0600] {dag.py:4180} INFO - Setting next_dagrun for example_display_name to None, run_after=None
[2024-12-10T17:05:08.454-0600] {processor.py:208} INFO - Processing /root/airflow_env/lib/python3.12/site-packages/airflow/example_dags/example_display_name.py took 0.072 seconds
[2024-12-10T17:06:00.921-0600] {processor.py:186} INFO - Started process (PID=1170) to work on /root/airflow_env/lib/python3.12/site-packages/airflow/example_dags/example_display_name.py
[2024-12-10T17:06:00.923-0600] {processor.py:914} INFO - Processing file /root/airflow_env/lib/python3.12/site-packages/airflow/example_dags/example_display_name.py for tasks to queue
[2024-12-10T17:06:00.924-0600] {logging_mixin.py:190} INFO - [2024-12-10T17:06:00.924-0600] {dagbag.py:588} INFO - Filling up the DagBag from /root/airflow_env/lib/python3.12/site-packages/airflow/example_dags/example_display_name.py
[2024-12-10T17:06:00.930-0600] {processor.py:925} INFO - DAG(s) 'example_display_name' retrieved from /root/airflow_env/lib/python3.12/site-packages/airflow/example_dags/example_display_name.py
[2024-12-10T17:06:00.941-0600] {logging_mixin.py:190} INFO - [2024-12-10T17:06:00.940-0600] {dag.py:3239} INFO - Sync 1 DAGs
[2024-12-10T17:06:00.949-0600] {logging_mixin.py:190} INFO - [2024-12-10T17:06:00.948-0600] {dag.py:4180} INFO - Setting next_dagrun for example_display_name to None, run_after=None
[2024-12-10T17:06:00.967-0600] {processor.py:208} INFO - Processing /root/airflow_env/lib/python3.12/site-packages/airflow/example_dags/example_display_name.py took 0.050 seconds
[2024-12-10T17:06:53.789-0600] {processor.py:186} INFO - Started process (PID=1229) to work on /root/airflow_env/lib/python3.12/site-packages/airflow/example_dags/example_display_name.py
[2024-12-10T17:06:53.790-0600] {processor.py:914} INFO - Processing file /root/airflow_env/lib/python3.12/site-packages/airflow/example_dags/example_display_name.py for tasks to queue
[2024-12-10T17:06:53.792-0600] {logging_mixin.py:190} INFO - [2024-12-10T17:06:53.792-0600] {dagbag.py:588} INFO - Filling up the DagBag from /root/airflow_env/lib/python3.12/site-packages/airflow/example_dags/example_display_name.py
[2024-12-10T17:06:53.799-0600] {processor.py:925} INFO - DAG(s) 'example_display_name' retrieved from /root/airflow_env/lib/python3.12/site-packages/airflow/example_dags/example_display_name.py
[2024-12-10T17:06:53.815-0600] {logging_mixin.py:190} INFO - [2024-12-10T17:06:53.814-0600] {dag.py:3239} INFO - Sync 1 DAGs
[2024-12-10T17:06:53.825-0600] {logging_mixin.py:190} INFO - [2024-12-10T17:06:53.825-0600] {dag.py:4180} INFO - Setting next_dagrun for example_display_name to None, run_after=None
[2024-12-10T17:06:53.842-0600] {processor.py:208} INFO - Processing /root/airflow_env/lib/python3.12/site-packages/airflow/example_dags/example_display_name.py took 0.057 seconds
[2024-12-10T17:07:49.065-0600] {processor.py:186} INFO - Started process (PID=1289) to work on /root/airflow_env/lib/python3.12/site-packages/airflow/example_dags/example_display_name.py
[2024-12-10T17:07:49.066-0600] {processor.py:914} INFO - Processing file /root/airflow_env/lib/python3.12/site-packages/airflow/example_dags/example_display_name.py for tasks to queue
[2024-12-10T17:07:49.068-0600] {logging_mixin.py:190} INFO - [2024-12-10T17:07:49.068-0600] {dagbag.py:588} INFO - Filling up the DagBag from /root/airflow_env/lib/python3.12/site-packages/airflow/example_dags/example_display_name.py
[2024-12-10T17:07:49.077-0600] {processor.py:925} INFO - DAG(s) 'example_display_name' retrieved from /root/airflow_env/lib/python3.12/site-packages/airflow/example_dags/example_display_name.py
[2024-12-10T17:07:49.091-0600] {logging_mixin.py:190} INFO - [2024-12-10T17:07:49.091-0600] {dag.py:3239} INFO - Sync 1 DAGs
[2024-12-10T17:07:49.104-0600] {logging_mixin.py:190} INFO - [2024-12-10T17:07:49.103-0600] {dag.py:4180} INFO - Setting next_dagrun for example_display_name to None, run_after=None
[2024-12-10T17:07:49.123-0600] {processor.py:208} INFO - Processing /root/airflow_env/lib/python3.12/site-packages/airflow/example_dags/example_display_name.py took 0.062 seconds
[2024-12-10T17:08:38.198-0600] {processor.py:186} INFO - Started process (PID=1390) to work on /root/airflow_env/lib/python3.12/site-packages/airflow/example_dags/example_display_name.py
[2024-12-10T17:08:38.200-0600] {processor.py:914} INFO - Processing file /root/airflow_env/lib/python3.12/site-packages/airflow/example_dags/example_display_name.py for tasks to queue
[2024-12-10T17:08:38.203-0600] {logging_mixin.py:190} INFO - [2024-12-10T17:08:38.203-0600] {dagbag.py:588} INFO - Filling up the DagBag from /root/airflow_env/lib/python3.12/site-packages/airflow/example_dags/example_display_name.py
[2024-12-10T17:08:38.211-0600] {processor.py:925} INFO - DAG(s) 'example_display_name' retrieved from /root/airflow_env/lib/python3.12/site-packages/airflow/example_dags/example_display_name.py
[2024-12-10T17:08:38.224-0600] {logging_mixin.py:190} INFO - [2024-12-10T17:08:38.223-0600] {dag.py:3239} INFO - Sync 1 DAGs
[2024-12-10T17:08:38.234-0600] {logging_mixin.py:190} INFO - [2024-12-10T17:08:38.234-0600] {dag.py:4180} INFO - Setting next_dagrun for example_display_name to None, run_after=None
[2024-12-10T17:08:38.256-0600] {processor.py:208} INFO - Processing /root/airflow_env/lib/python3.12/site-packages/airflow/example_dags/example_display_name.py took 0.062 seconds
[2024-12-10T17:09:28.565-0600] {processor.py:186} INFO - Started process (PID=1452) to work on /root/airflow_env/lib/python3.12/site-packages/airflow/example_dags/example_display_name.py
[2024-12-10T17:09:28.568-0600] {processor.py:914} INFO - Processing file /root/airflow_env/lib/python3.12/site-packages/airflow/example_dags/example_display_name.py for tasks to queue
[2024-12-10T17:09:28.570-0600] {logging_mixin.py:190} INFO - [2024-12-10T17:09:28.570-0600] {dagbag.py:588} INFO - Filling up the DagBag from /root/airflow_env/lib/python3.12/site-packages/airflow/example_dags/example_display_name.py
[2024-12-10T17:09:28.579-0600] {processor.py:925} INFO - DAG(s) 'example_display_name' retrieved from /root/airflow_env/lib/python3.12/site-packages/airflow/example_dags/example_display_name.py
[2024-12-10T17:09:28.599-0600] {logging_mixin.py:190} INFO - [2024-12-10T17:09:28.599-0600] {dag.py:3239} INFO - Sync 1 DAGs
[2024-12-10T17:09:28.617-0600] {logging_mixin.py:190} INFO - [2024-12-10T17:09:28.616-0600] {dag.py:4180} INFO - Setting next_dagrun for example_display_name to None, run_after=None
[2024-12-10T17:09:28.642-0600] {processor.py:208} INFO - Processing /root/airflow_env/lib/python3.12/site-packages/airflow/example_dags/example_display_name.py took 0.082 seconds
[2024-12-10T17:10:21.152-0600] {processor.py:186} INFO - Started process (PID=1520) to work on /root/airflow_env/lib/python3.12/site-packages/airflow/example_dags/example_display_name.py
[2024-12-10T17:10:21.155-0600] {processor.py:914} INFO - Processing file /root/airflow_env/lib/python3.12/site-packages/airflow/example_dags/example_display_name.py for tasks to queue
[2024-12-10T17:10:21.158-0600] {logging_mixin.py:190} INFO - [2024-12-10T17:10:21.157-0600] {dagbag.py:588} INFO - Filling up the DagBag from /root/airflow_env/lib/python3.12/site-packages/airflow/example_dags/example_display_name.py
[2024-12-10T17:10:21.164-0600] {processor.py:925} INFO - DAG(s) 'example_display_name' retrieved from /root/airflow_env/lib/python3.12/site-packages/airflow/example_dags/example_display_name.py
[2024-12-10T17:10:21.180-0600] {logging_mixin.py:190} INFO - [2024-12-10T17:10:21.179-0600] {dag.py:3239} INFO - Sync 1 DAGs
[2024-12-10T17:10:21.189-0600] {logging_mixin.py:190} INFO - [2024-12-10T17:10:21.189-0600] {dag.py:4180} INFO - Setting next_dagrun for example_display_name to None, run_after=None
[2024-12-10T17:10:21.230-0600] {processor.py:208} INFO - Processing /root/airflow_env/lib/python3.12/site-packages/airflow/example_dags/example_display_name.py took 0.084 seconds
[2024-12-10T17:11:10.090-0600] {processor.py:186} INFO - Started process (PID=1580) to work on /root/airflow_env/lib/python3.12/site-packages/airflow/example_dags/example_display_name.py
[2024-12-10T17:11:10.091-0600] {processor.py:914} INFO - Processing file /root/airflow_env/lib/python3.12/site-packages/airflow/example_dags/example_display_name.py for tasks to queue
[2024-12-10T17:11:10.093-0600] {logging_mixin.py:190} INFO - [2024-12-10T17:11:10.093-0600] {dagbag.py:588} INFO - Filling up the DagBag from /root/airflow_env/lib/python3.12/site-packages/airflow/example_dags/example_display_name.py
[2024-12-10T17:11:10.099-0600] {processor.py:925} INFO - DAG(s) 'example_display_name' retrieved from /root/airflow_env/lib/python3.12/site-packages/airflow/example_dags/example_display_name.py
[2024-12-10T17:11:10.109-0600] {logging_mixin.py:190} INFO - [2024-12-10T17:11:10.109-0600] {dag.py:3239} INFO - Sync 1 DAGs
[2024-12-10T17:11:10.118-0600] {logging_mixin.py:190} INFO - [2024-12-10T17:11:10.117-0600] {dag.py:4180} INFO - Setting next_dagrun for example_display_name to None, run_after=None
[2024-12-10T17:11:10.136-0600] {processor.py:208} INFO - Processing /root/airflow_env/lib/python3.12/site-packages/airflow/example_dags/example_display_name.py took 0.049 seconds
[2024-12-10T17:12:02.228-0600] {processor.py:186} INFO - Started process (PID=1641) to work on /root/airflow_env/lib/python3.12/site-packages/airflow/example_dags/example_display_name.py
[2024-12-10T17:12:02.229-0600] {processor.py:914} INFO - Processing file /root/airflow_env/lib/python3.12/site-packages/airflow/example_dags/example_display_name.py for tasks to queue
[2024-12-10T17:12:02.231-0600] {logging_mixin.py:190} INFO - [2024-12-10T17:12:02.230-0600] {dagbag.py:588} INFO - Filling up the DagBag from /root/airflow_env/lib/python3.12/site-packages/airflow/example_dags/example_display_name.py
[2024-12-10T17:12:02.237-0600] {processor.py:925} INFO - DAG(s) 'example_display_name' retrieved from /root/airflow_env/lib/python3.12/site-packages/airflow/example_dags/example_display_name.py
[2024-12-10T17:12:02.248-0600] {logging_mixin.py:190} INFO - [2024-12-10T17:12:02.248-0600] {dag.py:3239} INFO - Sync 1 DAGs
[2024-12-10T17:12:02.257-0600] {logging_mixin.py:190} INFO - [2024-12-10T17:12:02.257-0600] {dag.py:4180} INFO - Setting next_dagrun for example_display_name to None, run_after=None
[2024-12-10T17:12:02.274-0600] {processor.py:208} INFO - Processing /root/airflow_env/lib/python3.12/site-packages/airflow/example_dags/example_display_name.py took 0.051 seconds
[2024-12-10T17:12:53.719-0600] {processor.py:186} INFO - Started process (PID=1698) to work on /root/airflow_env/lib/python3.12/site-packages/airflow/example_dags/example_display_name.py
[2024-12-10T17:12:53.721-0600] {processor.py:914} INFO - Processing file /root/airflow_env/lib/python3.12/site-packages/airflow/example_dags/example_display_name.py for tasks to queue
[2024-12-10T17:12:53.723-0600] {logging_mixin.py:190} INFO - [2024-12-10T17:12:53.722-0600] {dagbag.py:588} INFO - Filling up the DagBag from /root/airflow_env/lib/python3.12/site-packages/airflow/example_dags/example_display_name.py
[2024-12-10T17:12:53.728-0600] {processor.py:925} INFO - DAG(s) 'example_display_name' retrieved from /root/airflow_env/lib/python3.12/site-packages/airflow/example_dags/example_display_name.py
[2024-12-10T17:12:53.740-0600] {logging_mixin.py:190} INFO - [2024-12-10T17:12:53.740-0600] {dag.py:3239} INFO - Sync 1 DAGs
[2024-12-10T17:12:53.748-0600] {logging_mixin.py:190} INFO - [2024-12-10T17:12:53.748-0600] {dag.py:4180} INFO - Setting next_dagrun for example_display_name to None, run_after=None
[2024-12-10T17:12:53.766-0600] {processor.py:208} INFO - Processing /root/airflow_env/lib/python3.12/site-packages/airflow/example_dags/example_display_name.py took 0.052 seconds
[2024-12-10T17:13:45.115-0600] {processor.py:186} INFO - Started process (PID=1754) to work on /root/airflow_env/lib/python3.12/site-packages/airflow/example_dags/example_display_name.py
[2024-12-10T17:13:45.118-0600] {processor.py:914} INFO - Processing file /root/airflow_env/lib/python3.12/site-packages/airflow/example_dags/example_display_name.py for tasks to queue
[2024-12-10T17:13:45.120-0600] {logging_mixin.py:190} INFO - [2024-12-10T17:13:45.120-0600] {dagbag.py:588} INFO - Filling up the DagBag from /root/airflow_env/lib/python3.12/site-packages/airflow/example_dags/example_display_name.py
[2024-12-10T17:13:45.131-0600] {processor.py:925} INFO - DAG(s) 'example_display_name' retrieved from /root/airflow_env/lib/python3.12/site-packages/airflow/example_dags/example_display_name.py
[2024-12-10T17:13:45.141-0600] {logging_mixin.py:190} INFO - [2024-12-10T17:13:45.140-0600] {dag.py:3239} INFO - Sync 1 DAGs
[2024-12-10T17:13:45.149-0600] {logging_mixin.py:190} INFO - [2024-12-10T17:13:45.149-0600] {dag.py:4180} INFO - Setting next_dagrun for example_display_name to None, run_after=None
[2024-12-10T17:13:45.168-0600] {processor.py:208} INFO - Processing /root/airflow_env/lib/python3.12/site-packages/airflow/example_dags/example_display_name.py took 0.058 seconds
[2024-12-10T17:14:33.516-0600] {processor.py:186} INFO - Started process (PID=1816) to work on /root/airflow_env/lib/python3.12/site-packages/airflow/example_dags/example_display_name.py
[2024-12-10T17:14:33.526-0600] {processor.py:914} INFO - Processing file /root/airflow_env/lib/python3.12/site-packages/airflow/example_dags/example_display_name.py for tasks to queue
[2024-12-10T17:14:33.529-0600] {logging_mixin.py:190} INFO - [2024-12-10T17:14:33.528-0600] {dagbag.py:588} INFO - Filling up the DagBag from /root/airflow_env/lib/python3.12/site-packages/airflow/example_dags/example_display_name.py
[2024-12-10T17:14:33.558-0600] {processor.py:925} INFO - DAG(s) 'example_display_name' retrieved from /root/airflow_env/lib/python3.12/site-packages/airflow/example_dags/example_display_name.py
[2024-12-10T17:14:33.597-0600] {logging_mixin.py:190} INFO - [2024-12-10T17:14:33.597-0600] {dag.py:3239} INFO - Sync 1 DAGs
[2024-12-10T17:14:33.640-0600] {logging_mixin.py:190} INFO - [2024-12-10T17:14:33.639-0600] {dag.py:4180} INFO - Setting next_dagrun for example_display_name to None, run_after=None
[2024-12-10T17:14:33.680-0600] {processor.py:208} INFO - Processing /root/airflow_env/lib/python3.12/site-packages/airflow/example_dags/example_display_name.py took 0.173 seconds
[2024-12-10T17:15:28.940-0600] {processor.py:186} INFO - Started process (PID=1878) to work on /root/airflow_env/lib/python3.12/site-packages/airflow/example_dags/example_display_name.py
[2024-12-10T17:15:28.942-0600] {processor.py:914} INFO - Processing file /root/airflow_env/lib/python3.12/site-packages/airflow/example_dags/example_display_name.py for tasks to queue
[2024-12-10T17:15:28.944-0600] {logging_mixin.py:190} INFO - [2024-12-10T17:15:28.943-0600] {dagbag.py:588} INFO - Filling up the DagBag from /root/airflow_env/lib/python3.12/site-packages/airflow/example_dags/example_display_name.py
[2024-12-10T17:15:28.950-0600] {processor.py:925} INFO - DAG(s) 'example_display_name' retrieved from /root/airflow_env/lib/python3.12/site-packages/airflow/example_dags/example_display_name.py
[2024-12-10T17:15:28.959-0600] {logging_mixin.py:190} INFO - [2024-12-10T17:15:28.959-0600] {dag.py:3239} INFO - Sync 1 DAGs
[2024-12-10T17:15:28.969-0600] {logging_mixin.py:190} INFO - [2024-12-10T17:15:28.968-0600] {dag.py:4180} INFO - Setting next_dagrun for example_display_name to None, run_after=None
[2024-12-10T17:15:28.986-0600] {processor.py:208} INFO - Processing /root/airflow_env/lib/python3.12/site-packages/airflow/example_dags/example_display_name.py took 0.049 seconds
[2024-12-10T17:16:19.798-0600] {processor.py:186} INFO - Started process (PID=1943) to work on /root/airflow_env/lib/python3.12/site-packages/airflow/example_dags/example_display_name.py
[2024-12-10T17:16:19.800-0600] {processor.py:914} INFO - Processing file /root/airflow_env/lib/python3.12/site-packages/airflow/example_dags/example_display_name.py for tasks to queue
[2024-12-10T17:16:19.802-0600] {logging_mixin.py:190} INFO - [2024-12-10T17:16:19.802-0600] {dagbag.py:588} INFO - Filling up the DagBag from /root/airflow_env/lib/python3.12/site-packages/airflow/example_dags/example_display_name.py
[2024-12-10T17:16:19.808-0600] {processor.py:925} INFO - DAG(s) 'example_display_name' retrieved from /root/airflow_env/lib/python3.12/site-packages/airflow/example_dags/example_display_name.py
[2024-12-10T17:16:19.819-0600] {logging_mixin.py:190} INFO - [2024-12-10T17:16:19.819-0600] {dag.py:3239} INFO - Sync 1 DAGs
[2024-12-10T17:16:19.829-0600] {logging_mixin.py:190} INFO - [2024-12-10T17:16:19.829-0600] {dag.py:4180} INFO - Setting next_dagrun for example_display_name to None, run_after=None
[2024-12-10T17:16:19.847-0600] {processor.py:208} INFO - Processing /root/airflow_env/lib/python3.12/site-packages/airflow/example_dags/example_display_name.py took 0.053 seconds
[2024-12-10T17:17:11.763-0600] {processor.py:186} INFO - Started process (PID=2002) to work on /root/airflow_env/lib/python3.12/site-packages/airflow/example_dags/example_display_name.py
[2024-12-10T17:17:11.765-0600] {processor.py:914} INFO - Processing file /root/airflow_env/lib/python3.12/site-packages/airflow/example_dags/example_display_name.py for tasks to queue
[2024-12-10T17:17:11.766-0600] {logging_mixin.py:190} INFO - [2024-12-10T17:17:11.766-0600] {dagbag.py:588} INFO - Filling up the DagBag from /root/airflow_env/lib/python3.12/site-packages/airflow/example_dags/example_display_name.py
[2024-12-10T17:17:11.772-0600] {processor.py:925} INFO - DAG(s) 'example_display_name' retrieved from /root/airflow_env/lib/python3.12/site-packages/airflow/example_dags/example_display_name.py
[2024-12-10T17:17:11.782-0600] {logging_mixin.py:190} INFO - [2024-12-10T17:17:11.782-0600] {dag.py:3239} INFO - Sync 1 DAGs
[2024-12-10T17:17:11.790-0600] {logging_mixin.py:190} INFO - [2024-12-10T17:17:11.790-0600] {dag.py:4180} INFO - Setting next_dagrun for example_display_name to None, run_after=None
[2024-12-10T17:17:11.807-0600] {processor.py:208} INFO - Processing /root/airflow_env/lib/python3.12/site-packages/airflow/example_dags/example_display_name.py took 0.048 seconds
[2024-12-10T17:18:04.333-0600] {processor.py:186} INFO - Started process (PID=2060) to work on /root/airflow_env/lib/python3.12/site-packages/airflow/example_dags/example_display_name.py
[2024-12-10T17:18:04.336-0600] {processor.py:914} INFO - Processing file /root/airflow_env/lib/python3.12/site-packages/airflow/example_dags/example_display_name.py for tasks to queue
[2024-12-10T17:18:04.337-0600] {logging_mixin.py:190} INFO - [2024-12-10T17:18:04.337-0600] {dagbag.py:588} INFO - Filling up the DagBag from /root/airflow_env/lib/python3.12/site-packages/airflow/example_dags/example_display_name.py
[2024-12-10T17:18:04.343-0600] {processor.py:925} INFO - DAG(s) 'example_display_name' retrieved from /root/airflow_env/lib/python3.12/site-packages/airflow/example_dags/example_display_name.py
[2024-12-10T17:18:04.353-0600] {logging_mixin.py:190} INFO - [2024-12-10T17:18:04.353-0600] {dag.py:3239} INFO - Sync 1 DAGs
[2024-12-10T17:18:04.361-0600] {logging_mixin.py:190} INFO - [2024-12-10T17:18:04.361-0600] {dag.py:4180} INFO - Setting next_dagrun for example_display_name to None, run_after=None
[2024-12-10T17:18:04.379-0600] {processor.py:208} INFO - Processing /root/airflow_env/lib/python3.12/site-packages/airflow/example_dags/example_display_name.py took 0.049 seconds
[2024-12-10T17:18:55.720-0600] {processor.py:186} INFO - Started process (PID=2116) to work on /root/airflow_env/lib/python3.12/site-packages/airflow/example_dags/example_display_name.py
[2024-12-10T17:18:55.721-0600] {processor.py:914} INFO - Processing file /root/airflow_env/lib/python3.12/site-packages/airflow/example_dags/example_display_name.py for tasks to queue
[2024-12-10T17:18:55.723-0600] {logging_mixin.py:190} INFO - [2024-12-10T17:18:55.723-0600] {dagbag.py:588} INFO - Filling up the DagBag from /root/airflow_env/lib/python3.12/site-packages/airflow/example_dags/example_display_name.py
[2024-12-10T17:18:55.730-0600] {processor.py:925} INFO - DAG(s) 'example_display_name' retrieved from /root/airflow_env/lib/python3.12/site-packages/airflow/example_dags/example_display_name.py
[2024-12-10T17:18:55.741-0600] {logging_mixin.py:190} INFO - [2024-12-10T17:18:55.741-0600] {dag.py:3239} INFO - Sync 1 DAGs
[2024-12-10T17:18:55.749-0600] {logging_mixin.py:190} INFO - [2024-12-10T17:18:55.749-0600] {dag.py:4180} INFO - Setting next_dagrun for example_display_name to None, run_after=None
[2024-12-10T17:18:55.770-0600] {processor.py:208} INFO - Processing /root/airflow_env/lib/python3.12/site-packages/airflow/example_dags/example_display_name.py took 0.056 seconds
[2024-12-10T17:19:49.581-0600] {processor.py:186} INFO - Started process (PID=2173) to work on /root/airflow_env/lib/python3.12/site-packages/airflow/example_dags/example_display_name.py
[2024-12-10T17:19:49.584-0600] {processor.py:914} INFO - Processing file /root/airflow_env/lib/python3.12/site-packages/airflow/example_dags/example_display_name.py for tasks to queue
[2024-12-10T17:19:49.585-0600] {logging_mixin.py:190} INFO - [2024-12-10T17:19:49.585-0600] {dagbag.py:588} INFO - Filling up the DagBag from /root/airflow_env/lib/python3.12/site-packages/airflow/example_dags/example_display_name.py
[2024-12-10T17:19:49.591-0600] {processor.py:925} INFO - DAG(s) 'example_display_name' retrieved from /root/airflow_env/lib/python3.12/site-packages/airflow/example_dags/example_display_name.py
[2024-12-10T17:19:49.601-0600] {logging_mixin.py:190} INFO - [2024-12-10T17:19:49.601-0600] {dag.py:3239} INFO - Sync 1 DAGs
[2024-12-10T17:19:49.609-0600] {logging_mixin.py:190} INFO - [2024-12-10T17:19:49.609-0600] {dag.py:4180} INFO - Setting next_dagrun for example_display_name to None, run_after=None
[2024-12-10T17:19:49.626-0600] {processor.py:208} INFO - Processing /root/airflow_env/lib/python3.12/site-packages/airflow/example_dags/example_display_name.py took 0.049 seconds
[2024-12-10T17:20:40.794-0600] {processor.py:186} INFO - Started process (PID=2230) to work on /root/airflow_env/lib/python3.12/site-packages/airflow/example_dags/example_display_name.py
[2024-12-10T17:20:40.796-0600] {processor.py:914} INFO - Processing file /root/airflow_env/lib/python3.12/site-packages/airflow/example_dags/example_display_name.py for tasks to queue
[2024-12-10T17:20:40.797-0600] {logging_mixin.py:190} INFO - [2024-12-10T17:20:40.797-0600] {dagbag.py:588} INFO - Filling up the DagBag from /root/airflow_env/lib/python3.12/site-packages/airflow/example_dags/example_display_name.py
[2024-12-10T17:20:40.803-0600] {processor.py:925} INFO - DAG(s) 'example_display_name' retrieved from /root/airflow_env/lib/python3.12/site-packages/airflow/example_dags/example_display_name.py
[2024-12-10T17:20:40.814-0600] {logging_mixin.py:190} INFO - [2024-12-10T17:20:40.813-0600] {dag.py:3239} INFO - Sync 1 DAGs
[2024-12-10T17:20:40.822-0600] {logging_mixin.py:190} INFO - [2024-12-10T17:20:40.821-0600] {dag.py:4180} INFO - Setting next_dagrun for example_display_name to None, run_after=None
[2024-12-10T17:20:40.838-0600] {processor.py:208} INFO - Processing /root/airflow_env/lib/python3.12/site-packages/airflow/example_dags/example_display_name.py took 0.048 seconds
[2024-12-10T17:21:33.871-0600] {processor.py:186} INFO - Started process (PID=2289) to work on /root/airflow_env/lib/python3.12/site-packages/airflow/example_dags/example_display_name.py
[2024-12-10T17:21:33.873-0600] {processor.py:914} INFO - Processing file /root/airflow_env/lib/python3.12/site-packages/airflow/example_dags/example_display_name.py for tasks to queue
[2024-12-10T17:21:33.875-0600] {logging_mixin.py:190} INFO - [2024-12-10T17:21:33.874-0600] {dagbag.py:588} INFO - Filling up the DagBag from /root/airflow_env/lib/python3.12/site-packages/airflow/example_dags/example_display_name.py
[2024-12-10T17:21:33.881-0600] {processor.py:925} INFO - DAG(s) 'example_display_name' retrieved from /root/airflow_env/lib/python3.12/site-packages/airflow/example_dags/example_display_name.py
[2024-12-10T17:21:33.891-0600] {logging_mixin.py:190} INFO - [2024-12-10T17:21:33.891-0600] {dag.py:3239} INFO - Sync 1 DAGs
[2024-12-10T17:21:33.900-0600] {logging_mixin.py:190} INFO - [2024-12-10T17:21:33.900-0600] {dag.py:4180} INFO - Setting next_dagrun for example_display_name to None, run_after=None
[2024-12-10T17:21:33.917-0600] {processor.py:208} INFO - Processing /root/airflow_env/lib/python3.12/site-packages/airflow/example_dags/example_display_name.py took 0.050 seconds
[2024-12-10T17:22:27.599-0600] {processor.py:186} INFO - Started process (PID=2347) to work on /root/airflow_env/lib/python3.12/site-packages/airflow/example_dags/example_display_name.py
[2024-12-10T17:22:27.601-0600] {processor.py:914} INFO - Processing file /root/airflow_env/lib/python3.12/site-packages/airflow/example_dags/example_display_name.py for tasks to queue
[2024-12-10T17:22:27.602-0600] {logging_mixin.py:190} INFO - [2024-12-10T17:22:27.602-0600] {dagbag.py:588} INFO - Filling up the DagBag from /root/airflow_env/lib/python3.12/site-packages/airflow/example_dags/example_display_name.py
[2024-12-10T17:22:27.608-0600] {processor.py:925} INFO - DAG(s) 'example_display_name' retrieved from /root/airflow_env/lib/python3.12/site-packages/airflow/example_dags/example_display_name.py
[2024-12-10T17:22:27.618-0600] {logging_mixin.py:190} INFO - [2024-12-10T17:22:27.618-0600] {dag.py:3239} INFO - Sync 1 DAGs
[2024-12-10T17:22:27.626-0600] {logging_mixin.py:190} INFO - [2024-12-10T17:22:27.626-0600] {dag.py:4180} INFO - Setting next_dagrun for example_display_name to None, run_after=None
[2024-12-10T17:22:27.643-0600] {processor.py:208} INFO - Processing /root/airflow_env/lib/python3.12/site-packages/airflow/example_dags/example_display_name.py took 0.048 seconds
[2024-12-10T17:23:22.981-0600] {processor.py:186} INFO - Started process (PID=2405) to work on /root/airflow_env/lib/python3.12/site-packages/airflow/example_dags/example_display_name.py
[2024-12-10T17:23:22.984-0600] {processor.py:914} INFO - Processing file /root/airflow_env/lib/python3.12/site-packages/airflow/example_dags/example_display_name.py for tasks to queue
[2024-12-10T17:23:22.985-0600] {logging_mixin.py:190} INFO - [2024-12-10T17:23:22.985-0600] {dagbag.py:588} INFO - Filling up the DagBag from /root/airflow_env/lib/python3.12/site-packages/airflow/example_dags/example_display_name.py
[2024-12-10T17:23:22.991-0600] {processor.py:925} INFO - DAG(s) 'example_display_name' retrieved from /root/airflow_env/lib/python3.12/site-packages/airflow/example_dags/example_display_name.py
[2024-12-10T17:23:23.001-0600] {logging_mixin.py:190} INFO - [2024-12-10T17:23:23.001-0600] {dag.py:3239} INFO - Sync 1 DAGs
[2024-12-10T17:23:23.009-0600] {logging_mixin.py:190} INFO - [2024-12-10T17:23:23.009-0600] {dag.py:4180} INFO - Setting next_dagrun for example_display_name to None, run_after=None
[2024-12-10T17:23:23.027-0600] {processor.py:208} INFO - Processing /root/airflow_env/lib/python3.12/site-packages/airflow/example_dags/example_display_name.py took 0.049 seconds
[2024-12-10T17:24:15.819-0600] {processor.py:186} INFO - Started process (PID=2464) to work on /root/airflow_env/lib/python3.12/site-packages/airflow/example_dags/example_display_name.py
[2024-12-10T17:24:15.820-0600] {processor.py:914} INFO - Processing file /root/airflow_env/lib/python3.12/site-packages/airflow/example_dags/example_display_name.py for tasks to queue
[2024-12-10T17:24:15.822-0600] {logging_mixin.py:190} INFO - [2024-12-10T17:24:15.821-0600] {dagbag.py:588} INFO - Filling up the DagBag from /root/airflow_env/lib/python3.12/site-packages/airflow/example_dags/example_display_name.py
[2024-12-10T17:24:15.831-0600] {processor.py:925} INFO - DAG(s) 'example_display_name' retrieved from /root/airflow_env/lib/python3.12/site-packages/airflow/example_dags/example_display_name.py
[2024-12-10T17:24:15.843-0600] {logging_mixin.py:190} INFO - [2024-12-10T17:24:15.842-0600] {dag.py:3239} INFO - Sync 1 DAGs
[2024-12-10T17:24:15.852-0600] {logging_mixin.py:190} INFO - [2024-12-10T17:24:15.851-0600] {dag.py:4180} INFO - Setting next_dagrun for example_display_name to None, run_after=None
[2024-12-10T17:24:15.868-0600] {processor.py:208} INFO - Processing /root/airflow_env/lib/python3.12/site-packages/airflow/example_dags/example_display_name.py took 0.053 seconds
[2024-12-10T17:25:07.812-0600] {processor.py:186} INFO - Started process (PID=2529) to work on /root/airflow_env/lib/python3.12/site-packages/airflow/example_dags/example_display_name.py
[2024-12-10T17:25:07.815-0600] {processor.py:914} INFO - Processing file /root/airflow_env/lib/python3.12/site-packages/airflow/example_dags/example_display_name.py for tasks to queue
[2024-12-10T17:25:07.816-0600] {logging_mixin.py:190} INFO - [2024-12-10T17:25:07.816-0600] {dagbag.py:588} INFO - Filling up the DagBag from /root/airflow_env/lib/python3.12/site-packages/airflow/example_dags/example_display_name.py
[2024-12-10T17:25:07.822-0600] {processor.py:925} INFO - DAG(s) 'example_display_name' retrieved from /root/airflow_env/lib/python3.12/site-packages/airflow/example_dags/example_display_name.py
[2024-12-10T17:25:07.833-0600] {logging_mixin.py:190} INFO - [2024-12-10T17:25:07.832-0600] {dag.py:3239} INFO - Sync 1 DAGs
[2024-12-10T17:25:07.840-0600] {logging_mixin.py:190} INFO - [2024-12-10T17:25:07.840-0600] {dag.py:4180} INFO - Setting next_dagrun for example_display_name to None, run_after=None
[2024-12-10T17:25:07.857-0600] {processor.py:208} INFO - Processing /root/airflow_env/lib/python3.12/site-packages/airflow/example_dags/example_display_name.py took 0.048 seconds
[2024-12-10T17:26:00.755-0600] {processor.py:186} INFO - Started process (PID=2586) to work on /root/airflow_env/lib/python3.12/site-packages/airflow/example_dags/example_display_name.py
[2024-12-10T17:26:00.758-0600] {processor.py:914} INFO - Processing file /root/airflow_env/lib/python3.12/site-packages/airflow/example_dags/example_display_name.py for tasks to queue
[2024-12-10T17:26:00.759-0600] {logging_mixin.py:190} INFO - [2024-12-10T17:26:00.759-0600] {dagbag.py:588} INFO - Filling up the DagBag from /root/airflow_env/lib/python3.12/site-packages/airflow/example_dags/example_display_name.py
[2024-12-10T17:26:00.765-0600] {processor.py:925} INFO - DAG(s) 'example_display_name' retrieved from /root/airflow_env/lib/python3.12/site-packages/airflow/example_dags/example_display_name.py
[2024-12-10T17:26:00.775-0600] {logging_mixin.py:190} INFO - [2024-12-10T17:26:00.775-0600] {dag.py:3239} INFO - Sync 1 DAGs
[2024-12-10T17:26:00.784-0600] {logging_mixin.py:190} INFO - [2024-12-10T17:26:00.783-0600] {dag.py:4180} INFO - Setting next_dagrun for example_display_name to None, run_after=None
[2024-12-10T17:26:00.800-0600] {processor.py:208} INFO - Processing /root/airflow_env/lib/python3.12/site-packages/airflow/example_dags/example_display_name.py took 0.048 seconds
[2024-12-10T17:26:54.893-0600] {processor.py:186} INFO - Started process (PID=2644) to work on /root/airflow_env/lib/python3.12/site-packages/airflow/example_dags/example_display_name.py
[2024-12-10T17:26:54.896-0600] {processor.py:914} INFO - Processing file /root/airflow_env/lib/python3.12/site-packages/airflow/example_dags/example_display_name.py for tasks to queue
[2024-12-10T17:26:54.897-0600] {logging_mixin.py:190} INFO - [2024-12-10T17:26:54.897-0600] {dagbag.py:588} INFO - Filling up the DagBag from /root/airflow_env/lib/python3.12/site-packages/airflow/example_dags/example_display_name.py
[2024-12-10T17:26:54.903-0600] {processor.py:925} INFO - DAG(s) 'example_display_name' retrieved from /root/airflow_env/lib/python3.12/site-packages/airflow/example_dags/example_display_name.py
[2024-12-10T17:26:54.913-0600] {logging_mixin.py:190} INFO - [2024-12-10T17:26:54.913-0600] {dag.py:3239} INFO - Sync 1 DAGs
[2024-12-10T17:26:54.921-0600] {logging_mixin.py:190} INFO - [2024-12-10T17:26:54.920-0600] {dag.py:4180} INFO - Setting next_dagrun for example_display_name to None, run_after=None
[2024-12-10T17:26:54.938-0600] {processor.py:208} INFO - Processing /root/airflow_env/lib/python3.12/site-packages/airflow/example_dags/example_display_name.py took 0.049 seconds
[2024-12-10T17:27:47.960-0600] {processor.py:186} INFO - Started process (PID=2702) to work on /root/airflow_env/lib/python3.12/site-packages/airflow/example_dags/example_display_name.py
[2024-12-10T17:27:47.962-0600] {processor.py:914} INFO - Processing file /root/airflow_env/lib/python3.12/site-packages/airflow/example_dags/example_display_name.py for tasks to queue
[2024-12-10T17:27:47.964-0600] {logging_mixin.py:190} INFO - [2024-12-10T17:27:47.964-0600] {dagbag.py:588} INFO - Filling up the DagBag from /root/airflow_env/lib/python3.12/site-packages/airflow/example_dags/example_display_name.py
[2024-12-10T17:27:47.971-0600] {processor.py:925} INFO - DAG(s) 'example_display_name' retrieved from /root/airflow_env/lib/python3.12/site-packages/airflow/example_dags/example_display_name.py
[2024-12-10T17:27:47.983-0600] {logging_mixin.py:190} INFO - [2024-12-10T17:27:47.982-0600] {dag.py:3239} INFO - Sync 1 DAGs
[2024-12-10T17:27:47.993-0600] {logging_mixin.py:190} INFO - [2024-12-10T17:27:47.993-0600] {dag.py:4180} INFO - Setting next_dagrun for example_display_name to None, run_after=None
[2024-12-10T17:27:48.012-0600] {processor.py:208} INFO - Processing /root/airflow_env/lib/python3.12/site-packages/airflow/example_dags/example_display_name.py took 0.056 seconds
[2024-12-10T17:28:39.464-0600] {processor.py:186} INFO - Started process (PID=2758) to work on /root/airflow_env/lib/python3.12/site-packages/airflow/example_dags/example_display_name.py
[2024-12-10T17:28:39.467-0600] {processor.py:914} INFO - Processing file /root/airflow_env/lib/python3.12/site-packages/airflow/example_dags/example_display_name.py for tasks to queue
[2024-12-10T17:28:39.468-0600] {logging_mixin.py:190} INFO - [2024-12-10T17:28:39.468-0600] {dagbag.py:588} INFO - Filling up the DagBag from /root/airflow_env/lib/python3.12/site-packages/airflow/example_dags/example_display_name.py
[2024-12-10T17:28:39.474-0600] {processor.py:925} INFO - DAG(s) 'example_display_name' retrieved from /root/airflow_env/lib/python3.12/site-packages/airflow/example_dags/example_display_name.py
[2024-12-10T17:28:39.484-0600] {logging_mixin.py:190} INFO - [2024-12-10T17:28:39.484-0600] {dag.py:3239} INFO - Sync 1 DAGs
[2024-12-10T17:28:39.492-0600] {logging_mixin.py:190} INFO - [2024-12-10T17:28:39.492-0600] {dag.py:4180} INFO - Setting next_dagrun for example_display_name to None, run_after=None
[2024-12-10T17:28:39.510-0600] {processor.py:208} INFO - Processing /root/airflow_env/lib/python3.12/site-packages/airflow/example_dags/example_display_name.py took 0.050 seconds
[2024-12-10T17:29:33.323-0600] {processor.py:186} INFO - Started process (PID=2817) to work on /root/airflow_env/lib/python3.12/site-packages/airflow/example_dags/example_display_name.py
[2024-12-10T17:29:33.326-0600] {processor.py:914} INFO - Processing file /root/airflow_env/lib/python3.12/site-packages/airflow/example_dags/example_display_name.py for tasks to queue
[2024-12-10T17:29:33.327-0600] {logging_mixin.py:190} INFO - [2024-12-10T17:29:33.327-0600] {dagbag.py:588} INFO - Filling up the DagBag from /root/airflow_env/lib/python3.12/site-packages/airflow/example_dags/example_display_name.py
[2024-12-10T17:29:33.333-0600] {processor.py:925} INFO - DAG(s) 'example_display_name' retrieved from /root/airflow_env/lib/python3.12/site-packages/airflow/example_dags/example_display_name.py
[2024-12-10T17:29:33.343-0600] {logging_mixin.py:190} INFO - [2024-12-10T17:29:33.342-0600] {dag.py:3239} INFO - Sync 1 DAGs
[2024-12-10T17:29:33.350-0600] {logging_mixin.py:190} INFO - [2024-12-10T17:29:33.350-0600] {dag.py:4180} INFO - Setting next_dagrun for example_display_name to None, run_after=None
[2024-12-10T17:29:33.367-0600] {processor.py:208} INFO - Processing /root/airflow_env/lib/python3.12/site-packages/airflow/example_dags/example_display_name.py took 0.048 seconds
[2024-12-10T17:30:22.979-0600] {processor.py:186} INFO - Started process (PID=2879) to work on /root/airflow_env/lib/python3.12/site-packages/airflow/example_dags/example_display_name.py
[2024-12-10T17:30:22.982-0600] {processor.py:914} INFO - Processing file /root/airflow_env/lib/python3.12/site-packages/airflow/example_dags/example_display_name.py for tasks to queue
[2024-12-10T17:30:22.983-0600] {logging_mixin.py:190} INFO - [2024-12-10T17:30:22.983-0600] {dagbag.py:588} INFO - Filling up the DagBag from /root/airflow_env/lib/python3.12/site-packages/airflow/example_dags/example_display_name.py
[2024-12-10T17:30:22.988-0600] {processor.py:925} INFO - DAG(s) 'example_display_name' retrieved from /root/airflow_env/lib/python3.12/site-packages/airflow/example_dags/example_display_name.py
[2024-12-10T17:30:22.998-0600] {logging_mixin.py:190} INFO - [2024-12-10T17:30:22.998-0600] {dag.py:3239} INFO - Sync 1 DAGs
[2024-12-10T17:30:23.006-0600] {logging_mixin.py:190} INFO - [2024-12-10T17:30:23.006-0600] {dag.py:4180} INFO - Setting next_dagrun for example_display_name to None, run_after=None
[2024-12-10T17:30:23.023-0600] {processor.py:208} INFO - Processing /root/airflow_env/lib/python3.12/site-packages/airflow/example_dags/example_display_name.py took 0.048 seconds
[2024-12-10T17:31:14.805-0600] {processor.py:186} INFO - Started process (PID=2935) to work on /root/airflow_env/lib/python3.12/site-packages/airflow/example_dags/example_display_name.py
[2024-12-10T17:31:14.808-0600] {processor.py:914} INFO - Processing file /root/airflow_env/lib/python3.12/site-packages/airflow/example_dags/example_display_name.py for tasks to queue
[2024-12-10T17:31:14.809-0600] {logging_mixin.py:190} INFO - [2024-12-10T17:31:14.809-0600] {dagbag.py:588} INFO - Filling up the DagBag from /root/airflow_env/lib/python3.12/site-packages/airflow/example_dags/example_display_name.py
[2024-12-10T17:31:14.816-0600] {processor.py:925} INFO - DAG(s) 'example_display_name' retrieved from /root/airflow_env/lib/python3.12/site-packages/airflow/example_dags/example_display_name.py
[2024-12-10T17:31:14.828-0600] {logging_mixin.py:190} INFO - [2024-12-10T17:31:14.827-0600] {dag.py:3239} INFO - Sync 1 DAGs
[2024-12-10T17:31:14.837-0600] {logging_mixin.py:190} INFO - [2024-12-10T17:31:14.837-0600] {dag.py:4180} INFO - Setting next_dagrun for example_display_name to None, run_after=None
[2024-12-10T17:31:14.855-0600] {processor.py:208} INFO - Processing /root/airflow_env/lib/python3.12/site-packages/airflow/example_dags/example_display_name.py took 0.055 seconds
[2024-12-10T17:32:06.364-0600] {processor.py:186} INFO - Started process (PID=2991) to work on /root/airflow_env/lib/python3.12/site-packages/airflow/example_dags/example_display_name.py
[2024-12-10T17:32:06.366-0600] {processor.py:914} INFO - Processing file /root/airflow_env/lib/python3.12/site-packages/airflow/example_dags/example_display_name.py for tasks to queue
[2024-12-10T17:32:06.368-0600] {logging_mixin.py:190} INFO - [2024-12-10T17:32:06.367-0600] {dagbag.py:588} INFO - Filling up the DagBag from /root/airflow_env/lib/python3.12/site-packages/airflow/example_dags/example_display_name.py
[2024-12-10T17:32:06.374-0600] {processor.py:925} INFO - DAG(s) 'example_display_name' retrieved from /root/airflow_env/lib/python3.12/site-packages/airflow/example_dags/example_display_name.py
[2024-12-10T17:32:06.385-0600] {logging_mixin.py:190} INFO - [2024-12-10T17:32:06.385-0600] {dag.py:3239} INFO - Sync 1 DAGs
[2024-12-10T17:32:06.394-0600] {logging_mixin.py:190} INFO - [2024-12-10T17:32:06.394-0600] {dag.py:4180} INFO - Setting next_dagrun for example_display_name to None, run_after=None
[2024-12-10T17:32:06.413-0600] {processor.py:208} INFO - Processing /root/airflow_env/lib/python3.12/site-packages/airflow/example_dags/example_display_name.py took 0.054 seconds
[2024-12-10T17:33:02.464-0600] {processor.py:186} INFO - Started process (PID=3052) to work on /root/airflow_env/lib/python3.12/site-packages/airflow/example_dags/example_display_name.py
[2024-12-10T17:33:02.467-0600] {processor.py:914} INFO - Processing file /root/airflow_env/lib/python3.12/site-packages/airflow/example_dags/example_display_name.py for tasks to queue
[2024-12-10T17:33:02.468-0600] {logging_mixin.py:190} INFO - [2024-12-10T17:33:02.468-0600] {dagbag.py:588} INFO - Filling up the DagBag from /root/airflow_env/lib/python3.12/site-packages/airflow/example_dags/example_display_name.py
[2024-12-10T17:33:02.474-0600] {processor.py:925} INFO - DAG(s) 'example_display_name' retrieved from /root/airflow_env/lib/python3.12/site-packages/airflow/example_dags/example_display_name.py
[2024-12-10T17:33:02.484-0600] {logging_mixin.py:190} INFO - [2024-12-10T17:33:02.484-0600] {dag.py:3239} INFO - Sync 1 DAGs
[2024-12-10T17:33:02.492-0600] {logging_mixin.py:190} INFO - [2024-12-10T17:33:02.492-0600] {dag.py:4180} INFO - Setting next_dagrun for example_display_name to None, run_after=None
[2024-12-10T17:33:02.508-0600] {processor.py:208} INFO - Processing /root/airflow_env/lib/python3.12/site-packages/airflow/example_dags/example_display_name.py took 0.048 seconds
[2024-12-10T17:33:54.380-0600] {processor.py:186} INFO - Started process (PID=3216) to work on /root/airflow_env/lib/python3.12/site-packages/airflow/example_dags/example_display_name.py
[2024-12-10T17:33:54.383-0600] {processor.py:914} INFO - Processing file /root/airflow_env/lib/python3.12/site-packages/airflow/example_dags/example_display_name.py for tasks to queue
[2024-12-10T17:33:54.384-0600] {logging_mixin.py:190} INFO - [2024-12-10T17:33:54.384-0600] {dagbag.py:588} INFO - Filling up the DagBag from /root/airflow_env/lib/python3.12/site-packages/airflow/example_dags/example_display_name.py
[2024-12-10T17:33:54.390-0600] {processor.py:925} INFO - DAG(s) 'example_display_name' retrieved from /root/airflow_env/lib/python3.12/site-packages/airflow/example_dags/example_display_name.py
[2024-12-10T17:33:54.402-0600] {logging_mixin.py:190} INFO - [2024-12-10T17:33:54.402-0600] {dag.py:3239} INFO - Sync 1 DAGs
[2024-12-10T17:33:54.410-0600] {logging_mixin.py:190} INFO - [2024-12-10T17:33:54.410-0600] {dag.py:4180} INFO - Setting next_dagrun for example_display_name to None, run_after=None
[2024-12-10T17:33:54.428-0600] {processor.py:208} INFO - Processing /root/airflow_env/lib/python3.12/site-packages/airflow/example_dags/example_display_name.py took 0.052 seconds
[2024-12-10T17:34:46.923-0600] {processor.py:186} INFO - Started process (PID=3273) to work on /root/airflow_env/lib/python3.12/site-packages/airflow/example_dags/example_display_name.py
[2024-12-10T17:34:46.926-0600] {processor.py:914} INFO - Processing file /root/airflow_env/lib/python3.12/site-packages/airflow/example_dags/example_display_name.py for tasks to queue
[2024-12-10T17:34:46.927-0600] {logging_mixin.py:190} INFO - [2024-12-10T17:34:46.927-0600] {dagbag.py:588} INFO - Filling up the DagBag from /root/airflow_env/lib/python3.12/site-packages/airflow/example_dags/example_display_name.py
[2024-12-10T17:34:46.933-0600] {processor.py:925} INFO - DAG(s) 'example_display_name' retrieved from /root/airflow_env/lib/python3.12/site-packages/airflow/example_dags/example_display_name.py
[2024-12-10T17:34:46.943-0600] {logging_mixin.py:190} INFO - [2024-12-10T17:34:46.943-0600] {dag.py:3239} INFO - Sync 1 DAGs
[2024-12-10T17:34:46.951-0600] {logging_mixin.py:190} INFO - [2024-12-10T17:34:46.950-0600] {dag.py:4180} INFO - Setting next_dagrun for example_display_name to None, run_after=None
[2024-12-10T17:34:46.968-0600] {processor.py:208} INFO - Processing /root/airflow_env/lib/python3.12/site-packages/airflow/example_dags/example_display_name.py took 0.048 seconds
[2024-12-10T17:35:37.224-0600] {processor.py:186} INFO - Started process (PID=3333) to work on /root/airflow_env/lib/python3.12/site-packages/airflow/example_dags/example_display_name.py
[2024-12-10T17:35:37.226-0600] {processor.py:914} INFO - Processing file /root/airflow_env/lib/python3.12/site-packages/airflow/example_dags/example_display_name.py for tasks to queue
[2024-12-10T17:35:37.228-0600] {logging_mixin.py:190} INFO - [2024-12-10T17:35:37.227-0600] {dagbag.py:588} INFO - Filling up the DagBag from /root/airflow_env/lib/python3.12/site-packages/airflow/example_dags/example_display_name.py
[2024-12-10T17:35:37.233-0600] {processor.py:925} INFO - DAG(s) 'example_display_name' retrieved from /root/airflow_env/lib/python3.12/site-packages/airflow/example_dags/example_display_name.py
[2024-12-10T17:35:37.243-0600] {logging_mixin.py:190} INFO - [2024-12-10T17:35:37.243-0600] {dag.py:3239} INFO - Sync 1 DAGs
[2024-12-10T17:35:37.251-0600] {logging_mixin.py:190} INFO - [2024-12-10T17:35:37.251-0600] {dag.py:4180} INFO - Setting next_dagrun for example_display_name to None, run_after=None
[2024-12-10T17:35:37.268-0600] {processor.py:208} INFO - Processing /root/airflow_env/lib/python3.12/site-packages/airflow/example_dags/example_display_name.py took 0.048 seconds
[2024-12-10T17:36:28.617-0600] {processor.py:186} INFO - Started process (PID=3389) to work on /root/airflow_env/lib/python3.12/site-packages/airflow/example_dags/example_display_name.py
[2024-12-10T17:36:28.619-0600] {processor.py:914} INFO - Processing file /root/airflow_env/lib/python3.12/site-packages/airflow/example_dags/example_display_name.py for tasks to queue
[2024-12-10T17:36:28.621-0600] {logging_mixin.py:190} INFO - [2024-12-10T17:36:28.621-0600] {dagbag.py:588} INFO - Filling up the DagBag from /root/airflow_env/lib/python3.12/site-packages/airflow/example_dags/example_display_name.py
[2024-12-10T17:36:28.627-0600] {processor.py:925} INFO - DAG(s) 'example_display_name' retrieved from /root/airflow_env/lib/python3.12/site-packages/airflow/example_dags/example_display_name.py
[2024-12-10T17:36:28.640-0600] {logging_mixin.py:190} INFO - [2024-12-10T17:36:28.640-0600] {dag.py:3239} INFO - Sync 1 DAGs
[2024-12-10T17:36:28.649-0600] {logging_mixin.py:190} INFO - [2024-12-10T17:36:28.649-0600] {dag.py:4180} INFO - Setting next_dagrun for example_display_name to None, run_after=None
[2024-12-10T17:36:28.667-0600] {processor.py:208} INFO - Processing /root/airflow_env/lib/python3.12/site-packages/airflow/example_dags/example_display_name.py took 0.054 seconds
[2024-12-10T17:37:19.230-0600] {processor.py:186} INFO - Started process (PID=3445) to work on /root/airflow_env/lib/python3.12/site-packages/airflow/example_dags/example_display_name.py
[2024-12-10T17:37:19.232-0600] {processor.py:914} INFO - Processing file /root/airflow_env/lib/python3.12/site-packages/airflow/example_dags/example_display_name.py for tasks to queue
[2024-12-10T17:37:19.234-0600] {logging_mixin.py:190} INFO - [2024-12-10T17:37:19.233-0600] {dagbag.py:588} INFO - Filling up the DagBag from /root/airflow_env/lib/python3.12/site-packages/airflow/example_dags/example_display_name.py
[2024-12-10T17:37:19.241-0600] {processor.py:925} INFO - DAG(s) 'example_display_name' retrieved from /root/airflow_env/lib/python3.12/site-packages/airflow/example_dags/example_display_name.py
[2024-12-10T17:37:19.251-0600] {logging_mixin.py:190} INFO - [2024-12-10T17:37:19.250-0600] {dag.py:3239} INFO - Sync 1 DAGs
[2024-12-10T17:37:19.258-0600] {logging_mixin.py:190} INFO - [2024-12-10T17:37:19.258-0600] {dag.py:4180} INFO - Setting next_dagrun for example_display_name to None, run_after=None
[2024-12-10T17:37:19.275-0600] {processor.py:208} INFO - Processing /root/airflow_env/lib/python3.12/site-packages/airflow/example_dags/example_display_name.py took 0.049 seconds
[2024-12-10T17:38:09.967-0600] {processor.py:186} INFO - Started process (PID=3501) to work on /root/airflow_env/lib/python3.12/site-packages/airflow/example_dags/example_display_name.py
[2024-12-10T17:38:09.970-0600] {processor.py:914} INFO - Processing file /root/airflow_env/lib/python3.12/site-packages/airflow/example_dags/example_display_name.py for tasks to queue
[2024-12-10T17:38:09.971-0600] {logging_mixin.py:190} INFO - [2024-12-10T17:38:09.971-0600] {dagbag.py:588} INFO - Filling up the DagBag from /root/airflow_env/lib/python3.12/site-packages/airflow/example_dags/example_display_name.py
[2024-12-10T17:38:09.977-0600] {processor.py:925} INFO - DAG(s) 'example_display_name' retrieved from /root/airflow_env/lib/python3.12/site-packages/airflow/example_dags/example_display_name.py
[2024-12-10T17:38:09.986-0600] {logging_mixin.py:190} INFO - [2024-12-10T17:38:09.986-0600] {dag.py:3239} INFO - Sync 1 DAGs
[2024-12-10T17:38:09.995-0600] {logging_mixin.py:190} INFO - [2024-12-10T17:38:09.995-0600] {dag.py:4180} INFO - Setting next_dagrun for example_display_name to None, run_after=None
[2024-12-10T17:38:10.011-0600] {processor.py:208} INFO - Processing /root/airflow_env/lib/python3.12/site-packages/airflow/example_dags/example_display_name.py took 0.048 seconds
[2024-12-10T17:39:01.537-0600] {processor.py:186} INFO - Started process (PID=3558) to work on /root/airflow_env/lib/python3.12/site-packages/airflow/example_dags/example_display_name.py
[2024-12-10T17:39:01.540-0600] {processor.py:914} INFO - Processing file /root/airflow_env/lib/python3.12/site-packages/airflow/example_dags/example_display_name.py for tasks to queue
[2024-12-10T17:39:01.541-0600] {logging_mixin.py:190} INFO - [2024-12-10T17:39:01.541-0600] {dagbag.py:588} INFO - Filling up the DagBag from /root/airflow_env/lib/python3.12/site-packages/airflow/example_dags/example_display_name.py
[2024-12-10T17:39:01.547-0600] {processor.py:925} INFO - DAG(s) 'example_display_name' retrieved from /root/airflow_env/lib/python3.12/site-packages/airflow/example_dags/example_display_name.py
[2024-12-10T17:39:01.557-0600] {logging_mixin.py:190} INFO - [2024-12-10T17:39:01.556-0600] {dag.py:3239} INFO - Sync 1 DAGs
[2024-12-10T17:39:01.565-0600] {logging_mixin.py:190} INFO - [2024-12-10T17:39:01.564-0600] {dag.py:4180} INFO - Setting next_dagrun for example_display_name to None, run_after=None
[2024-12-10T17:39:01.581-0600] {processor.py:208} INFO - Processing /root/airflow_env/lib/python3.12/site-packages/airflow/example_dags/example_display_name.py took 0.048 seconds
[2024-12-10T17:39:54.120-0600] {processor.py:186} INFO - Started process (PID=3617) to work on /root/airflow_env/lib/python3.12/site-packages/airflow/example_dags/example_display_name.py
[2024-12-10T17:39:54.121-0600] {processor.py:914} INFO - Processing file /root/airflow_env/lib/python3.12/site-packages/airflow/example_dags/example_display_name.py for tasks to queue
[2024-12-10T17:39:54.123-0600] {logging_mixin.py:190} INFO - [2024-12-10T17:39:54.122-0600] {dagbag.py:588} INFO - Filling up the DagBag from /root/airflow_env/lib/python3.12/site-packages/airflow/example_dags/example_display_name.py
[2024-12-10T17:39:54.128-0600] {processor.py:925} INFO - DAG(s) 'example_display_name' retrieved from /root/airflow_env/lib/python3.12/site-packages/airflow/example_dags/example_display_name.py
[2024-12-10T17:39:54.138-0600] {logging_mixin.py:190} INFO - [2024-12-10T17:39:54.138-0600] {dag.py:3239} INFO - Sync 1 DAGs
[2024-12-10T17:39:54.146-0600] {logging_mixin.py:190} INFO - [2024-12-10T17:39:54.146-0600] {dag.py:4180} INFO - Setting next_dagrun for example_display_name to None, run_after=None
[2024-12-10T17:39:54.162-0600] {processor.py:208} INFO - Processing /root/airflow_env/lib/python3.12/site-packages/airflow/example_dags/example_display_name.py took 0.046 seconds
[2024-12-10T17:40:48.470-0600] {processor.py:186} INFO - Started process (PID=3679) to work on /root/airflow_env/lib/python3.12/site-packages/airflow/example_dags/example_display_name.py
[2024-12-10T17:40:48.473-0600] {processor.py:914} INFO - Processing file /root/airflow_env/lib/python3.12/site-packages/airflow/example_dags/example_display_name.py for tasks to queue
[2024-12-10T17:40:48.474-0600] {logging_mixin.py:190} INFO - [2024-12-10T17:40:48.474-0600] {dagbag.py:588} INFO - Filling up the DagBag from /root/airflow_env/lib/python3.12/site-packages/airflow/example_dags/example_display_name.py
[2024-12-10T17:40:48.480-0600] {processor.py:925} INFO - DAG(s) 'example_display_name' retrieved from /root/airflow_env/lib/python3.12/site-packages/airflow/example_dags/example_display_name.py
[2024-12-10T17:40:48.490-0600] {logging_mixin.py:190} INFO - [2024-12-10T17:40:48.490-0600] {dag.py:3239} INFO - Sync 1 DAGs
[2024-12-10T17:40:48.499-0600] {logging_mixin.py:190} INFO - [2024-12-10T17:40:48.499-0600] {dag.py:4180} INFO - Setting next_dagrun for example_display_name to None, run_after=None
[2024-12-10T17:40:48.516-0600] {processor.py:208} INFO - Processing /root/airflow_env/lib/python3.12/site-packages/airflow/example_dags/example_display_name.py took 0.050 seconds
[2024-12-10T17:41:43.975-0600] {processor.py:186} INFO - Started process (PID=3740) to work on /root/airflow_env/lib/python3.12/site-packages/airflow/example_dags/example_display_name.py
[2024-12-10T17:41:43.978-0600] {processor.py:914} INFO - Processing file /root/airflow_env/lib/python3.12/site-packages/airflow/example_dags/example_display_name.py for tasks to queue
[2024-12-10T17:41:43.979-0600] {logging_mixin.py:190} INFO - [2024-12-10T17:41:43.979-0600] {dagbag.py:588} INFO - Filling up the DagBag from /root/airflow_env/lib/python3.12/site-packages/airflow/example_dags/example_display_name.py
[2024-12-10T17:41:43.985-0600] {processor.py:925} INFO - DAG(s) 'example_display_name' retrieved from /root/airflow_env/lib/python3.12/site-packages/airflow/example_dags/example_display_name.py
[2024-12-10T17:41:43.996-0600] {logging_mixin.py:190} INFO - [2024-12-10T17:41:43.996-0600] {dag.py:3239} INFO - Sync 1 DAGs
[2024-12-10T17:41:44.005-0600] {logging_mixin.py:190} INFO - [2024-12-10T17:41:44.005-0600] {dag.py:4180} INFO - Setting next_dagrun for example_display_name to None, run_after=None
[2024-12-10T17:41:44.024-0600] {processor.py:208} INFO - Processing /root/airflow_env/lib/python3.12/site-packages/airflow/example_dags/example_display_name.py took 0.054 seconds
[2024-12-10T17:42:35.556-0600] {processor.py:186} INFO - Started process (PID=3811) to work on /root/airflow_env/lib/python3.12/site-packages/airflow/example_dags/example_display_name.py
[2024-12-10T17:42:35.558-0600] {processor.py:914} INFO - Processing file /root/airflow_env/lib/python3.12/site-packages/airflow/example_dags/example_display_name.py for tasks to queue
[2024-12-10T17:42:35.563-0600] {logging_mixin.py:190} INFO - [2024-12-10T17:42:35.562-0600] {dagbag.py:588} INFO - Filling up the DagBag from /root/airflow_env/lib/python3.12/site-packages/airflow/example_dags/example_display_name.py
[2024-12-10T17:42:35.578-0600] {processor.py:925} INFO - DAG(s) 'example_display_name' retrieved from /root/airflow_env/lib/python3.12/site-packages/airflow/example_dags/example_display_name.py
[2024-12-10T17:42:35.611-0600] {logging_mixin.py:190} INFO - [2024-12-10T17:42:35.610-0600] {dag.py:3239} INFO - Sync 1 DAGs
[2024-12-10T17:42:35.624-0600] {logging_mixin.py:190} INFO - [2024-12-10T17:42:35.623-0600] {dag.py:4180} INFO - Setting next_dagrun for example_display_name to None, run_after=None
[2024-12-10T17:42:35.660-0600] {processor.py:208} INFO - Processing /root/airflow_env/lib/python3.12/site-packages/airflow/example_dags/example_display_name.py took 0.111 seconds
[2024-12-10T17:43:29.093-0600] {processor.py:186} INFO - Started process (PID=3873) to work on /root/airflow_env/lib/python3.12/site-packages/airflow/example_dags/example_display_name.py
[2024-12-10T17:43:29.096-0600] {processor.py:914} INFO - Processing file /root/airflow_env/lib/python3.12/site-packages/airflow/example_dags/example_display_name.py for tasks to queue
[2024-12-10T17:43:29.097-0600] {logging_mixin.py:190} INFO - [2024-12-10T17:43:29.097-0600] {dagbag.py:588} INFO - Filling up the DagBag from /root/airflow_env/lib/python3.12/site-packages/airflow/example_dags/example_display_name.py
[2024-12-10T17:43:29.103-0600] {processor.py:925} INFO - DAG(s) 'example_display_name' retrieved from /root/airflow_env/lib/python3.12/site-packages/airflow/example_dags/example_display_name.py
[2024-12-10T17:43:29.114-0600] {logging_mixin.py:190} INFO - [2024-12-10T17:43:29.113-0600] {dag.py:3239} INFO - Sync 1 DAGs
[2024-12-10T17:43:29.122-0600] {logging_mixin.py:190} INFO - [2024-12-10T17:43:29.122-0600] {dag.py:4180} INFO - Setting next_dagrun for example_display_name to None, run_after=None
[2024-12-10T17:43:29.142-0600] {processor.py:208} INFO - Processing /root/airflow_env/lib/python3.12/site-packages/airflow/example_dags/example_display_name.py took 0.053 seconds
[2024-12-10T17:44:19.604-0600] {processor.py:186} INFO - Started process (PID=3930) to work on /root/airflow_env/lib/python3.12/site-packages/airflow/example_dags/example_display_name.py
[2024-12-10T17:44:19.607-0600] {processor.py:914} INFO - Processing file /root/airflow_env/lib/python3.12/site-packages/airflow/example_dags/example_display_name.py for tasks to queue
[2024-12-10T17:44:19.609-0600] {logging_mixin.py:190} INFO - [2024-12-10T17:44:19.608-0600] {dagbag.py:588} INFO - Filling up the DagBag from /root/airflow_env/lib/python3.12/site-packages/airflow/example_dags/example_display_name.py
[2024-12-10T17:44:19.614-0600] {processor.py:925} INFO - DAG(s) 'example_display_name' retrieved from /root/airflow_env/lib/python3.12/site-packages/airflow/example_dags/example_display_name.py
[2024-12-10T17:44:19.624-0600] {logging_mixin.py:190} INFO - [2024-12-10T17:44:19.624-0600] {dag.py:3239} INFO - Sync 1 DAGs
[2024-12-10T17:44:19.633-0600] {logging_mixin.py:190} INFO - [2024-12-10T17:44:19.632-0600] {dag.py:4180} INFO - Setting next_dagrun for example_display_name to None, run_after=None
[2024-12-10T17:44:19.649-0600] {processor.py:208} INFO - Processing /root/airflow_env/lib/python3.12/site-packages/airflow/example_dags/example_display_name.py took 0.049 seconds
[2024-12-10T17:45:12.503-0600] {processor.py:186} INFO - Started process (PID=3990) to work on /root/airflow_env/lib/python3.12/site-packages/airflow/example_dags/example_display_name.py
[2024-12-10T17:45:12.504-0600] {processor.py:914} INFO - Processing file /root/airflow_env/lib/python3.12/site-packages/airflow/example_dags/example_display_name.py for tasks to queue
[2024-12-10T17:45:12.505-0600] {logging_mixin.py:190} INFO - [2024-12-10T17:45:12.505-0600] {dagbag.py:588} INFO - Filling up the DagBag from /root/airflow_env/lib/python3.12/site-packages/airflow/example_dags/example_display_name.py
[2024-12-10T17:45:12.513-0600] {processor.py:925} INFO - DAG(s) 'example_display_name' retrieved from /root/airflow_env/lib/python3.12/site-packages/airflow/example_dags/example_display_name.py
[2024-12-10T17:45:12.526-0600] {logging_mixin.py:190} INFO - [2024-12-10T17:45:12.525-0600] {dag.py:3239} INFO - Sync 1 DAGs
[2024-12-10T17:45:12.535-0600] {logging_mixin.py:190} INFO - [2024-12-10T17:45:12.535-0600] {dag.py:4180} INFO - Setting next_dagrun for example_display_name to None, run_after=None
[2024-12-10T17:45:12.552-0600] {processor.py:208} INFO - Processing /root/airflow_env/lib/python3.12/site-packages/airflow/example_dags/example_display_name.py took 0.054 seconds
[2024-12-10T17:46:06.998-0600] {processor.py:186} INFO - Started process (PID=4047) to work on /root/airflow_env/lib/python3.12/site-packages/airflow/example_dags/example_display_name.py
[2024-12-10T17:46:07.001-0600] {processor.py:914} INFO - Processing file /root/airflow_env/lib/python3.12/site-packages/airflow/example_dags/example_display_name.py for tasks to queue
[2024-12-10T17:46:07.002-0600] {logging_mixin.py:190} INFO - [2024-12-10T17:46:07.002-0600] {dagbag.py:588} INFO - Filling up the DagBag from /root/airflow_env/lib/python3.12/site-packages/airflow/example_dags/example_display_name.py
[2024-12-10T17:46:07.008-0600] {processor.py:925} INFO - DAG(s) 'example_display_name' retrieved from /root/airflow_env/lib/python3.12/site-packages/airflow/example_dags/example_display_name.py
[2024-12-10T17:46:07.018-0600] {logging_mixin.py:190} INFO - [2024-12-10T17:46:07.018-0600] {dag.py:3239} INFO - Sync 1 DAGs
[2024-12-10T17:46:07.027-0600] {logging_mixin.py:190} INFO - [2024-12-10T17:46:07.026-0600] {dag.py:4180} INFO - Setting next_dagrun for example_display_name to None, run_after=None
[2024-12-10T17:46:07.044-0600] {processor.py:208} INFO - Processing /root/airflow_env/lib/python3.12/site-packages/airflow/example_dags/example_display_name.py took 0.049 seconds
[2024-12-10T17:47:08.206-0600] {processor.py:186} INFO - Started process (PID=4110) to work on /root/airflow_env/lib/python3.12/site-packages/airflow/example_dags/example_display_name.py
[2024-12-10T17:47:08.208-0600] {processor.py:914} INFO - Processing file /root/airflow_env/lib/python3.12/site-packages/airflow/example_dags/example_display_name.py for tasks to queue
[2024-12-10T17:47:08.210-0600] {logging_mixin.py:190} INFO - [2024-12-10T17:47:08.209-0600] {dagbag.py:588} INFO - Filling up the DagBag from /root/airflow_env/lib/python3.12/site-packages/airflow/example_dags/example_display_name.py
[2024-12-10T17:47:08.215-0600] {processor.py:925} INFO - DAG(s) 'example_display_name' retrieved from /root/airflow_env/lib/python3.12/site-packages/airflow/example_dags/example_display_name.py
[2024-12-10T17:47:08.225-0600] {logging_mixin.py:190} INFO - [2024-12-10T17:47:08.225-0600] {dag.py:3239} INFO - Sync 1 DAGs
[2024-12-10T17:47:08.233-0600] {logging_mixin.py:190} INFO - [2024-12-10T17:47:08.233-0600] {dag.py:4180} INFO - Setting next_dagrun for example_display_name to None, run_after=None
[2024-12-10T17:47:08.251-0600] {processor.py:208} INFO - Processing /root/airflow_env/lib/python3.12/site-packages/airflow/example_dags/example_display_name.py took 0.048 seconds
[2024-12-10T17:48:06.163-0600] {processor.py:186} INFO - Started process (PID=4171) to work on /root/airflow_env/lib/python3.12/site-packages/airflow/example_dags/example_display_name.py
[2024-12-10T17:48:06.166-0600] {processor.py:914} INFO - Processing file /root/airflow_env/lib/python3.12/site-packages/airflow/example_dags/example_display_name.py for tasks to queue
[2024-12-10T17:48:06.167-0600] {logging_mixin.py:190} INFO - [2024-12-10T17:48:06.167-0600] {dagbag.py:588} INFO - Filling up the DagBag from /root/airflow_env/lib/python3.12/site-packages/airflow/example_dags/example_display_name.py
[2024-12-10T17:48:06.173-0600] {processor.py:925} INFO - DAG(s) 'example_display_name' retrieved from /root/airflow_env/lib/python3.12/site-packages/airflow/example_dags/example_display_name.py
[2024-12-10T17:48:06.184-0600] {logging_mixin.py:190} INFO - [2024-12-10T17:48:06.184-0600] {dag.py:3239} INFO - Sync 1 DAGs
[2024-12-10T17:48:06.277-0600] {logging_mixin.py:190} INFO - [2024-12-10T17:48:06.276-0600] {dag.py:4180} INFO - Setting next_dagrun for example_display_name to None, run_after=None
[2024-12-10T17:48:06.292-0600] {processor.py:208} INFO - Processing /root/airflow_env/lib/python3.12/site-packages/airflow/example_dags/example_display_name.py took 0.133 seconds
[2024-12-10T17:49:00.940-0600] {processor.py:186} INFO - Started process (PID=4230) to work on /root/airflow_env/lib/python3.12/site-packages/airflow/example_dags/example_display_name.py
[2024-12-10T17:49:00.942-0600] {processor.py:914} INFO - Processing file /root/airflow_env/lib/python3.12/site-packages/airflow/example_dags/example_display_name.py for tasks to queue
[2024-12-10T17:49:00.944-0600] {logging_mixin.py:190} INFO - [2024-12-10T17:49:00.944-0600] {dagbag.py:588} INFO - Filling up the DagBag from /root/airflow_env/lib/python3.12/site-packages/airflow/example_dags/example_display_name.py
[2024-12-10T17:49:00.950-0600] {processor.py:925} INFO - DAG(s) 'example_display_name' retrieved from /root/airflow_env/lib/python3.12/site-packages/airflow/example_dags/example_display_name.py
[2024-12-10T17:49:00.960-0600] {logging_mixin.py:190} INFO - [2024-12-10T17:49:00.960-0600] {dag.py:3239} INFO - Sync 1 DAGs
[2024-12-10T17:49:01.054-0600] {logging_mixin.py:190} INFO - [2024-12-10T17:49:01.054-0600] {dag.py:4180} INFO - Setting next_dagrun for example_display_name to None, run_after=None
[2024-12-10T17:49:01.070-0600] {processor.py:208} INFO - Processing /root/airflow_env/lib/python3.12/site-packages/airflow/example_dags/example_display_name.py took 0.134 seconds
[2024-12-10T17:49:56.213-0600] {processor.py:186} INFO - Started process (PID=4289) to work on /root/airflow_env/lib/python3.12/site-packages/airflow/example_dags/example_display_name.py
[2024-12-10T17:49:56.216-0600] {processor.py:914} INFO - Processing file /root/airflow_env/lib/python3.12/site-packages/airflow/example_dags/example_display_name.py for tasks to queue
[2024-12-10T17:49:56.217-0600] {logging_mixin.py:190} INFO - [2024-12-10T17:49:56.217-0600] {dagbag.py:588} INFO - Filling up the DagBag from /root/airflow_env/lib/python3.12/site-packages/airflow/example_dags/example_display_name.py
[2024-12-10T17:49:56.224-0600] {processor.py:925} INFO - DAG(s) 'example_display_name' retrieved from /root/airflow_env/lib/python3.12/site-packages/airflow/example_dags/example_display_name.py
[2024-12-10T17:49:56.234-0600] {logging_mixin.py:190} INFO - [2024-12-10T17:49:56.233-0600] {dag.py:3239} INFO - Sync 1 DAGs
[2024-12-10T17:49:56.242-0600] {logging_mixin.py:190} INFO - [2024-12-10T17:49:56.242-0600] {dag.py:4180} INFO - Setting next_dagrun for example_display_name to None, run_after=None
[2024-12-10T17:49:56.258-0600] {processor.py:208} INFO - Processing /root/airflow_env/lib/python3.12/site-packages/airflow/example_dags/example_display_name.py took 0.049 seconds
[2024-12-10T17:55:29.168-0600] {processor.py:186} INFO - Started process (PID=4625) to work on /root/airflow_env/lib/python3.12/site-packages/airflow/example_dags/example_display_name.py
[2024-12-10T17:55:29.171-0600] {processor.py:914} INFO - Processing file /root/airflow_env/lib/python3.12/site-packages/airflow/example_dags/example_display_name.py for tasks to queue
[2024-12-10T17:55:29.173-0600] {logging_mixin.py:190} INFO - [2024-12-10T17:55:29.172-0600] {dagbag.py:588} INFO - Filling up the DagBag from /root/airflow_env/lib/python3.12/site-packages/airflow/example_dags/example_display_name.py
[2024-12-10T17:55:29.179-0600] {processor.py:925} INFO - DAG(s) 'example_display_name' retrieved from /root/airflow_env/lib/python3.12/site-packages/airflow/example_dags/example_display_name.py
[2024-12-10T17:55:29.190-0600] {logging_mixin.py:190} INFO - [2024-12-10T17:55:29.190-0600] {dag.py:3239} INFO - Sync 1 DAGs
[2024-12-10T17:55:29.198-0600] {logging_mixin.py:190} INFO - [2024-12-10T17:55:29.198-0600] {dag.py:4180} INFO - Setting next_dagrun for example_display_name to None, run_after=None
[2024-12-10T17:55:29.215-0600] {processor.py:208} INFO - Processing /root/airflow_env/lib/python3.12/site-packages/airflow/example_dags/example_display_name.py took 0.050 seconds
[2024-12-10T17:56:27.317-0600] {processor.py:186} INFO - Started process (PID=4697) to work on /root/airflow_env/lib/python3.12/site-packages/airflow/example_dags/example_display_name.py
[2024-12-10T17:56:27.319-0600] {processor.py:914} INFO - Processing file /root/airflow_env/lib/python3.12/site-packages/airflow/example_dags/example_display_name.py for tasks to queue
[2024-12-10T17:56:27.321-0600] {logging_mixin.py:190} INFO - [2024-12-10T17:56:27.320-0600] {dagbag.py:588} INFO - Filling up the DagBag from /root/airflow_env/lib/python3.12/site-packages/airflow/example_dags/example_display_name.py
[2024-12-10T17:56:27.327-0600] {processor.py:925} INFO - DAG(s) 'example_display_name' retrieved from /root/airflow_env/lib/python3.12/site-packages/airflow/example_dags/example_display_name.py
[2024-12-10T17:56:27.337-0600] {logging_mixin.py:190} INFO - [2024-12-10T17:56:27.337-0600] {dag.py:3239} INFO - Sync 1 DAGs
[2024-12-10T17:56:27.345-0600] {logging_mixin.py:190} INFO - [2024-12-10T17:56:27.345-0600] {dag.py:4180} INFO - Setting next_dagrun for example_display_name to None, run_after=None
[2024-12-10T17:56:27.364-0600] {processor.py:208} INFO - Processing /root/airflow_env/lib/python3.12/site-packages/airflow/example_dags/example_display_name.py took 0.051 seconds
[2024-12-10T17:57:23.836-0600] {processor.py:186} INFO - Started process (PID=4775) to work on /root/airflow_env/lib/python3.12/site-packages/airflow/example_dags/example_display_name.py
[2024-12-10T17:57:23.837-0600] {processor.py:914} INFO - Processing file /root/airflow_env/lib/python3.12/site-packages/airflow/example_dags/example_display_name.py for tasks to queue
[2024-12-10T17:57:23.839-0600] {logging_mixin.py:190} INFO - [2024-12-10T17:57:23.839-0600] {dagbag.py:588} INFO - Filling up the DagBag from /root/airflow_env/lib/python3.12/site-packages/airflow/example_dags/example_display_name.py
[2024-12-10T17:57:23.845-0600] {processor.py:925} INFO - DAG(s) 'example_display_name' retrieved from /root/airflow_env/lib/python3.12/site-packages/airflow/example_dags/example_display_name.py
[2024-12-10T17:57:23.855-0600] {logging_mixin.py:190} INFO - [2024-12-10T17:57:23.855-0600] {dag.py:3239} INFO - Sync 1 DAGs
[2024-12-10T17:57:23.863-0600] {logging_mixin.py:190} INFO - [2024-12-10T17:57:23.863-0600] {dag.py:4180} INFO - Setting next_dagrun for example_display_name to None, run_after=None
[2024-12-10T17:57:23.881-0600] {processor.py:208} INFO - Processing /root/airflow_env/lib/python3.12/site-packages/airflow/example_dags/example_display_name.py took 0.049 seconds
[2024-12-10T17:58:18.717-0600] {processor.py:186} INFO - Started process (PID=4849) to work on /root/airflow_env/lib/python3.12/site-packages/airflow/example_dags/example_display_name.py
[2024-12-10T17:58:18.718-0600] {processor.py:914} INFO - Processing file /root/airflow_env/lib/python3.12/site-packages/airflow/example_dags/example_display_name.py for tasks to queue
[2024-12-10T17:58:18.719-0600] {logging_mixin.py:190} INFO - [2024-12-10T17:58:18.719-0600] {dagbag.py:588} INFO - Filling up the DagBag from /root/airflow_env/lib/python3.12/site-packages/airflow/example_dags/example_display_name.py
[2024-12-10T17:58:18.725-0600] {processor.py:925} INFO - DAG(s) 'example_display_name' retrieved from /root/airflow_env/lib/python3.12/site-packages/airflow/example_dags/example_display_name.py
[2024-12-10T17:58:18.735-0600] {logging_mixin.py:190} INFO - [2024-12-10T17:58:18.735-0600] {dag.py:3239} INFO - Sync 1 DAGs
[2024-12-10T17:58:18.744-0600] {logging_mixin.py:190} INFO - [2024-12-10T17:58:18.744-0600] {dag.py:4180} INFO - Setting next_dagrun for example_display_name to None, run_after=None
[2024-12-10T17:58:18.761-0600] {processor.py:208} INFO - Processing /root/airflow_env/lib/python3.12/site-packages/airflow/example_dags/example_display_name.py took 0.048 seconds
[2024-12-10T17:59:30.563-0600] {processor.py:186} INFO - Started process (PID=4951) to work on /root/airflow_env/lib/python3.12/site-packages/airflow/example_dags/example_display_name.py
[2024-12-10T17:59:30.566-0600] {processor.py:914} INFO - Processing file /root/airflow_env/lib/python3.12/site-packages/airflow/example_dags/example_display_name.py for tasks to queue
[2024-12-10T17:59:30.571-0600] {logging_mixin.py:190} INFO - [2024-12-10T17:59:30.569-0600] {dagbag.py:588} INFO - Filling up the DagBag from /root/airflow_env/lib/python3.12/site-packages/airflow/example_dags/example_display_name.py
[2024-12-10T17:59:30.579-0600] {processor.py:925} INFO - DAG(s) 'example_display_name' retrieved from /root/airflow_env/lib/python3.12/site-packages/airflow/example_dags/example_display_name.py
[2024-12-10T17:59:30.597-0600] {logging_mixin.py:190} INFO - [2024-12-10T17:59:30.597-0600] {dag.py:3239} INFO - Sync 1 DAGs
[2024-12-10T17:59:30.610-0600] {logging_mixin.py:190} INFO - [2024-12-10T17:59:30.610-0600] {dag.py:4180} INFO - Setting next_dagrun for example_display_name to None, run_after=None
[2024-12-10T17:59:30.631-0600] {processor.py:208} INFO - Processing /root/airflow_env/lib/python3.12/site-packages/airflow/example_dags/example_display_name.py took 0.074 seconds
