[2024-12-10T17:00:00.761-0600] {processor.py:186} INFO - Started process (PID=689) to work on /root/airflow_env/lib/python3.12/site-packages/airflow/example_dags/example_xcom.py
[2024-12-10T17:00:00.762-0600] {processor.py:914} INFO - Processing file /root/airflow_env/lib/python3.12/site-packages/airflow/example_dags/example_xcom.py for tasks to queue
[2024-12-10T17:00:00.764-0600] {logging_mixin.py:190} INFO - [2024-12-10T17:00:00.764-0600] {dagbag.py:588} INFO - Filling up the DagBag from /root/airflow_env/lib/python3.12/site-packages/airflow/example_dags/example_xcom.py
[2024-12-10T17:00:00.773-0600] {processor.py:925} INFO - DAG(s) 'example_xcom' retrieved from /root/airflow_env/lib/python3.12/site-packages/airflow/example_dags/example_xcom.py
[2024-12-10T17:00:00.791-0600] {logging_mixin.py:190} INFO - [2024-12-10T17:00:00.791-0600] {dag.py:3239} INFO - Sync 1 DAGs
[2024-12-10T17:00:00.809-0600] {logging_mixin.py:190} INFO - [2024-12-10T17:00:00.808-0600] {dag.py:4180} INFO - Setting next_dagrun for example_xcom to 2021-01-01 00:00:00+00:00, run_after=2021-01-01 00:00:00+00:00
[2024-12-10T17:00:00.839-0600] {processor.py:208} INFO - Processing /root/airflow_env/lib/python3.12/site-packages/airflow/example_dags/example_xcom.py took 0.083 seconds
[2024-12-10T17:00:57.492-0600] {processor.py:186} INFO - Started process (PID=761) to work on /root/airflow_env/lib/python3.12/site-packages/airflow/example_dags/example_xcom.py
[2024-12-10T17:00:57.493-0600] {processor.py:914} INFO - Processing file /root/airflow_env/lib/python3.12/site-packages/airflow/example_dags/example_xcom.py for tasks to queue
[2024-12-10T17:00:57.495-0600] {logging_mixin.py:190} INFO - [2024-12-10T17:00:57.494-0600] {dagbag.py:588} INFO - Filling up the DagBag from /root/airflow_env/lib/python3.12/site-packages/airflow/example_dags/example_xcom.py
[2024-12-10T17:00:57.502-0600] {processor.py:925} INFO - DAG(s) 'example_xcom' retrieved from /root/airflow_env/lib/python3.12/site-packages/airflow/example_dags/example_xcom.py
[2024-12-10T17:00:57.515-0600] {logging_mixin.py:190} INFO - [2024-12-10T17:00:57.515-0600] {dag.py:3239} INFO - Sync 1 DAGs
[2024-12-10T17:00:57.530-0600] {logging_mixin.py:190} INFO - [2024-12-10T17:00:57.529-0600] {dag.py:4180} INFO - Setting next_dagrun for example_xcom to 2021-01-01 00:00:00+00:00, run_after=2021-01-01 00:00:00+00:00
[2024-12-10T17:00:57.547-0600] {processor.py:208} INFO - Processing /root/airflow_env/lib/python3.12/site-packages/airflow/example_dags/example_xcom.py took 0.060 seconds
[2024-12-10T17:02:12.190-0600] {processor.py:186} INFO - Started process (PID=899) to work on /root/airflow_env/lib/python3.12/site-packages/airflow/example_dags/example_xcom.py
[2024-12-10T17:02:12.192-0600] {processor.py:914} INFO - Processing file /root/airflow_env/lib/python3.12/site-packages/airflow/example_dags/example_xcom.py for tasks to queue
[2024-12-10T17:02:12.194-0600] {logging_mixin.py:190} INFO - [2024-12-10T17:02:12.194-0600] {dagbag.py:588} INFO - Filling up the DagBag from /root/airflow_env/lib/python3.12/site-packages/airflow/example_dags/example_xcom.py
[2024-12-10T17:02:12.207-0600] {processor.py:925} INFO - DAG(s) 'example_xcom' retrieved from /root/airflow_env/lib/python3.12/site-packages/airflow/example_dags/example_xcom.py
[2024-12-10T17:02:12.228-0600] {logging_mixin.py:190} INFO - [2024-12-10T17:02:12.227-0600] {dag.py:3239} INFO - Sync 1 DAGs
[2024-12-10T17:02:12.248-0600] {logging_mixin.py:190} INFO - [2024-12-10T17:02:12.248-0600] {dag.py:4180} INFO - Setting next_dagrun for example_xcom to 2021-01-01 00:00:00+00:00, run_after=2021-01-01 00:00:00+00:00
[2024-12-10T17:02:12.287-0600] {processor.py:208} INFO - Processing /root/airflow_env/lib/python3.12/site-packages/airflow/example_dags/example_xcom.py took 0.104 seconds
[2024-12-10T17:03:08.952-0600] {processor.py:186} INFO - Started process (PID=970) to work on /root/airflow_env/lib/python3.12/site-packages/airflow/example_dags/example_xcom.py
[2024-12-10T17:03:08.953-0600] {processor.py:914} INFO - Processing file /root/airflow_env/lib/python3.12/site-packages/airflow/example_dags/example_xcom.py for tasks to queue
[2024-12-10T17:03:08.955-0600] {logging_mixin.py:190} INFO - [2024-12-10T17:03:08.955-0600] {dagbag.py:588} INFO - Filling up the DagBag from /root/airflow_env/lib/python3.12/site-packages/airflow/example_dags/example_xcom.py
[2024-12-10T17:03:08.966-0600] {processor.py:925} INFO - DAG(s) 'example_xcom' retrieved from /root/airflow_env/lib/python3.12/site-packages/airflow/example_dags/example_xcom.py
[2024-12-10T17:03:08.978-0600] {logging_mixin.py:190} INFO - [2024-12-10T17:03:08.978-0600] {dag.py:3239} INFO - Sync 1 DAGs
[2024-12-10T17:03:08.993-0600] {logging_mixin.py:190} INFO - [2024-12-10T17:03:08.993-0600] {dag.py:4180} INFO - Setting next_dagrun for example_xcom to 2021-01-01 00:00:00+00:00, run_after=2021-01-01 00:00:00+00:00
[2024-12-10T17:03:09.012-0600] {processor.py:208} INFO - Processing /root/airflow_env/lib/python3.12/site-packages/airflow/example_dags/example_xcom.py took 0.066 seconds
[2024-12-10T17:04:00.341-0600] {processor.py:186} INFO - Started process (PID=1032) to work on /root/airflow_env/lib/python3.12/site-packages/airflow/example_dags/example_xcom.py
[2024-12-10T17:04:00.342-0600] {processor.py:914} INFO - Processing file /root/airflow_env/lib/python3.12/site-packages/airflow/example_dags/example_xcom.py for tasks to queue
[2024-12-10T17:04:00.344-0600] {logging_mixin.py:190} INFO - [2024-12-10T17:04:00.343-0600] {dagbag.py:588} INFO - Filling up the DagBag from /root/airflow_env/lib/python3.12/site-packages/airflow/example_dags/example_xcom.py
[2024-12-10T17:04:00.351-0600] {processor.py:925} INFO - DAG(s) 'example_xcom' retrieved from /root/airflow_env/lib/python3.12/site-packages/airflow/example_dags/example_xcom.py
[2024-12-10T17:04:00.364-0600] {logging_mixin.py:190} INFO - [2024-12-10T17:04:00.363-0600] {dag.py:3239} INFO - Sync 1 DAGs
[2024-12-10T17:04:00.377-0600] {logging_mixin.py:190} INFO - [2024-12-10T17:04:00.377-0600] {dag.py:4180} INFO - Setting next_dagrun for example_xcom to 2021-01-01 00:00:00+00:00, run_after=2021-01-01 00:00:00+00:00
[2024-12-10T17:04:00.394-0600] {processor.py:208} INFO - Processing /root/airflow_env/lib/python3.12/site-packages/airflow/example_dags/example_xcom.py took 0.057 seconds
[2024-12-10T17:04:56.849-0600] {processor.py:186} INFO - Started process (PID=1091) to work on /root/airflow_env/lib/python3.12/site-packages/airflow/example_dags/example_xcom.py
[2024-12-10T17:04:56.861-0600] {processor.py:914} INFO - Processing file /root/airflow_env/lib/python3.12/site-packages/airflow/example_dags/example_xcom.py for tasks to queue
[2024-12-10T17:04:56.865-0600] {logging_mixin.py:190} INFO - [2024-12-10T17:04:56.864-0600] {dagbag.py:588} INFO - Filling up the DagBag from /root/airflow_env/lib/python3.12/site-packages/airflow/example_dags/example_xcom.py
[2024-12-10T17:04:56.881-0600] {processor.py:925} INFO - DAG(s) 'example_xcom' retrieved from /root/airflow_env/lib/python3.12/site-packages/airflow/example_dags/example_xcom.py
[2024-12-10T17:04:56.901-0600] {logging_mixin.py:190} INFO - [2024-12-10T17:04:56.901-0600] {dag.py:3239} INFO - Sync 1 DAGs
[2024-12-10T17:04:56.933-0600] {logging_mixin.py:190} INFO - [2024-12-10T17:04:56.932-0600] {dag.py:4180} INFO - Setting next_dagrun for example_xcom to 2021-01-01 00:00:00+00:00, run_after=2021-01-01 00:00:00+00:00
[2024-12-10T17:04:56.955-0600] {processor.py:208} INFO - Processing /root/airflow_env/lib/python3.12/site-packages/airflow/example_dags/example_xcom.py took 0.111 seconds
[2024-12-10T17:05:48.560-0600] {processor.py:186} INFO - Started process (PID=1153) to work on /root/airflow_env/lib/python3.12/site-packages/airflow/example_dags/example_xcom.py
[2024-12-10T17:05:48.562-0600] {processor.py:914} INFO - Processing file /root/airflow_env/lib/python3.12/site-packages/airflow/example_dags/example_xcom.py for tasks to queue
[2024-12-10T17:05:48.563-0600] {logging_mixin.py:190} INFO - [2024-12-10T17:05:48.563-0600] {dagbag.py:588} INFO - Filling up the DagBag from /root/airflow_env/lib/python3.12/site-packages/airflow/example_dags/example_xcom.py
[2024-12-10T17:05:48.571-0600] {processor.py:925} INFO - DAG(s) 'example_xcom' retrieved from /root/airflow_env/lib/python3.12/site-packages/airflow/example_dags/example_xcom.py
[2024-12-10T17:05:48.582-0600] {logging_mixin.py:190} INFO - [2024-12-10T17:05:48.582-0600] {dag.py:3239} INFO - Sync 1 DAGs
[2024-12-10T17:05:48.596-0600] {logging_mixin.py:190} INFO - [2024-12-10T17:05:48.596-0600] {dag.py:4180} INFO - Setting next_dagrun for example_xcom to 2021-01-01 00:00:00+00:00, run_after=2021-01-01 00:00:00+00:00
[2024-12-10T17:05:48.613-0600] {processor.py:208} INFO - Processing /root/airflow_env/lib/python3.12/site-packages/airflow/example_dags/example_xcom.py took 0.057 seconds
[2024-12-10T17:06:42.546-0600] {processor.py:186} INFO - Started process (PID=1216) to work on /root/airflow_env/lib/python3.12/site-packages/airflow/example_dags/example_xcom.py
[2024-12-10T17:06:42.549-0600] {processor.py:914} INFO - Processing file /root/airflow_env/lib/python3.12/site-packages/airflow/example_dags/example_xcom.py for tasks to queue
[2024-12-10T17:06:42.550-0600] {logging_mixin.py:190} INFO - [2024-12-10T17:06:42.550-0600] {dagbag.py:588} INFO - Filling up the DagBag from /root/airflow_env/lib/python3.12/site-packages/airflow/example_dags/example_xcom.py
[2024-12-10T17:06:42.558-0600] {processor.py:925} INFO - DAG(s) 'example_xcom' retrieved from /root/airflow_env/lib/python3.12/site-packages/airflow/example_dags/example_xcom.py
[2024-12-10T17:06:42.570-0600] {logging_mixin.py:190} INFO - [2024-12-10T17:06:42.570-0600] {dag.py:3239} INFO - Sync 1 DAGs
[2024-12-10T17:06:42.583-0600] {logging_mixin.py:190} INFO - [2024-12-10T17:06:42.583-0600] {dag.py:4180} INFO - Setting next_dagrun for example_xcom to 2021-01-01 00:00:00+00:00, run_after=2021-01-01 00:00:00+00:00
[2024-12-10T17:06:42.601-0600] {processor.py:208} INFO - Processing /root/airflow_env/lib/python3.12/site-packages/airflow/example_dags/example_xcom.py took 0.059 seconds
[2024-12-10T17:07:37.634-0600] {processor.py:186} INFO - Started process (PID=1277) to work on /root/airflow_env/lib/python3.12/site-packages/airflow/example_dags/example_xcom.py
[2024-12-10T17:07:37.639-0600] {processor.py:914} INFO - Processing file /root/airflow_env/lib/python3.12/site-packages/airflow/example_dags/example_xcom.py for tasks to queue
[2024-12-10T17:07:37.641-0600] {logging_mixin.py:190} INFO - [2024-12-10T17:07:37.641-0600] {dagbag.py:588} INFO - Filling up the DagBag from /root/airflow_env/lib/python3.12/site-packages/airflow/example_dags/example_xcom.py
[2024-12-10T17:07:37.652-0600] {processor.py:925} INFO - DAG(s) 'example_xcom' retrieved from /root/airflow_env/lib/python3.12/site-packages/airflow/example_dags/example_xcom.py
[2024-12-10T17:07:37.666-0600] {logging_mixin.py:190} INFO - [2024-12-10T17:07:37.666-0600] {dag.py:3239} INFO - Sync 1 DAGs
[2024-12-10T17:07:37.683-0600] {logging_mixin.py:190} INFO - [2024-12-10T17:07:37.683-0600] {dag.py:4180} INFO - Setting next_dagrun for example_xcom to 2021-01-01 00:00:00+00:00, run_after=2021-01-01 00:00:00+00:00
[2024-12-10T17:07:37.706-0600] {processor.py:208} INFO - Processing /root/airflow_env/lib/python3.12/site-packages/airflow/example_dags/example_xcom.py took 0.079 seconds
[2024-12-10T17:08:26.780-0600] {processor.py:186} INFO - Started process (PID=1377) to work on /root/airflow_env/lib/python3.12/site-packages/airflow/example_dags/example_xcom.py
[2024-12-10T17:08:26.782-0600] {processor.py:914} INFO - Processing file /root/airflow_env/lib/python3.12/site-packages/airflow/example_dags/example_xcom.py for tasks to queue
[2024-12-10T17:08:26.784-0600] {logging_mixin.py:190} INFO - [2024-12-10T17:08:26.784-0600] {dagbag.py:588} INFO - Filling up the DagBag from /root/airflow_env/lib/python3.12/site-packages/airflow/example_dags/example_xcom.py
[2024-12-10T17:08:26.794-0600] {processor.py:925} INFO - DAG(s) 'example_xcom' retrieved from /root/airflow_env/lib/python3.12/site-packages/airflow/example_dags/example_xcom.py
[2024-12-10T17:08:26.811-0600] {logging_mixin.py:190} INFO - [2024-12-10T17:08:26.810-0600] {dag.py:3239} INFO - Sync 1 DAGs
[2024-12-10T17:08:26.834-0600] {logging_mixin.py:190} INFO - [2024-12-10T17:08:26.833-0600] {dag.py:4180} INFO - Setting next_dagrun for example_xcom to 2021-01-01 00:00:00+00:00, run_after=2021-01-01 00:00:00+00:00
[2024-12-10T17:08:26.857-0600] {processor.py:208} INFO - Processing /root/airflow_env/lib/python3.12/site-packages/airflow/example_dags/example_xcom.py took 0.081 seconds
[2024-12-10T17:09:16.723-0600] {processor.py:186} INFO - Started process (PID=1440) to work on /root/airflow_env/lib/python3.12/site-packages/airflow/example_dags/example_xcom.py
[2024-12-10T17:09:16.725-0600] {processor.py:914} INFO - Processing file /root/airflow_env/lib/python3.12/site-packages/airflow/example_dags/example_xcom.py for tasks to queue
[2024-12-10T17:09:16.726-0600] {logging_mixin.py:190} INFO - [2024-12-10T17:09:16.726-0600] {dagbag.py:588} INFO - Filling up the DagBag from /root/airflow_env/lib/python3.12/site-packages/airflow/example_dags/example_xcom.py
[2024-12-10T17:09:16.734-0600] {processor.py:925} INFO - DAG(s) 'example_xcom' retrieved from /root/airflow_env/lib/python3.12/site-packages/airflow/example_dags/example_xcom.py
[2024-12-10T17:09:16.745-0600] {logging_mixin.py:190} INFO - [2024-12-10T17:09:16.745-0600] {dag.py:3239} INFO - Sync 1 DAGs
[2024-12-10T17:09:16.763-0600] {logging_mixin.py:190} INFO - [2024-12-10T17:09:16.763-0600] {dag.py:4180} INFO - Setting next_dagrun for example_xcom to 2021-01-01 00:00:00+00:00, run_after=2021-01-01 00:00:00+00:00
[2024-12-10T17:09:16.779-0600] {processor.py:208} INFO - Processing /root/airflow_env/lib/python3.12/site-packages/airflow/example_dags/example_xcom.py took 0.060 seconds
[2024-12-10T17:10:09.710-0600] {processor.py:186} INFO - Started process (PID=1507) to work on /root/airflow_env/lib/python3.12/site-packages/airflow/example_dags/example_xcom.py
[2024-12-10T17:10:09.712-0600] {processor.py:914} INFO - Processing file /root/airflow_env/lib/python3.12/site-packages/airflow/example_dags/example_xcom.py for tasks to queue
[2024-12-10T17:10:09.714-0600] {logging_mixin.py:190} INFO - [2024-12-10T17:10:09.713-0600] {dagbag.py:588} INFO - Filling up the DagBag from /root/airflow_env/lib/python3.12/site-packages/airflow/example_dags/example_xcom.py
[2024-12-10T17:10:09.721-0600] {processor.py:925} INFO - DAG(s) 'example_xcom' retrieved from /root/airflow_env/lib/python3.12/site-packages/airflow/example_dags/example_xcom.py
[2024-12-10T17:10:09.732-0600] {logging_mixin.py:190} INFO - [2024-12-10T17:10:09.732-0600] {dag.py:3239} INFO - Sync 1 DAGs
[2024-12-10T17:10:09.744-0600] {logging_mixin.py:190} INFO - [2024-12-10T17:10:09.744-0600] {dag.py:4180} INFO - Setting next_dagrun for example_xcom to 2021-01-01 00:00:00+00:00, run_after=2021-01-01 00:00:00+00:00
[2024-12-10T17:10:09.762-0600] {processor.py:208} INFO - Processing /root/airflow_env/lib/python3.12/site-packages/airflow/example_dags/example_xcom.py took 0.055 seconds
[2024-12-10T17:10:59.439-0600] {processor.py:186} INFO - Started process (PID=1565) to work on /root/airflow_env/lib/python3.12/site-packages/airflow/example_dags/example_xcom.py
[2024-12-10T17:10:59.446-0600] {processor.py:914} INFO - Processing file /root/airflow_env/lib/python3.12/site-packages/airflow/example_dags/example_xcom.py for tasks to queue
[2024-12-10T17:10:59.453-0600] {logging_mixin.py:190} INFO - [2024-12-10T17:10:59.452-0600] {dagbag.py:588} INFO - Filling up the DagBag from /root/airflow_env/lib/python3.12/site-packages/airflow/example_dags/example_xcom.py
[2024-12-10T17:10:59.461-0600] {processor.py:925} INFO - DAG(s) 'example_xcom' retrieved from /root/airflow_env/lib/python3.12/site-packages/airflow/example_dags/example_xcom.py
[2024-12-10T17:10:59.473-0600] {logging_mixin.py:190} INFO - [2024-12-10T17:10:59.473-0600] {dag.py:3239} INFO - Sync 1 DAGs
[2024-12-10T17:10:59.488-0600] {logging_mixin.py:190} INFO - [2024-12-10T17:10:59.487-0600] {dag.py:4180} INFO - Setting next_dagrun for example_xcom to 2021-01-01 00:00:00+00:00, run_after=2021-01-01 00:00:00+00:00
[2024-12-10T17:10:59.505-0600] {processor.py:208} INFO - Processing /root/airflow_env/lib/python3.12/site-packages/airflow/example_dags/example_xcom.py took 0.080 seconds
[2024-12-10T17:11:49.773-0600] {processor.py:186} INFO - Started process (PID=1626) to work on /root/airflow_env/lib/python3.12/site-packages/airflow/example_dags/example_xcom.py
[2024-12-10T17:11:49.775-0600] {processor.py:914} INFO - Processing file /root/airflow_env/lib/python3.12/site-packages/airflow/example_dags/example_xcom.py for tasks to queue
[2024-12-10T17:11:49.777-0600] {logging_mixin.py:190} INFO - [2024-12-10T17:11:49.777-0600] {dagbag.py:588} INFO - Filling up the DagBag from /root/airflow_env/lib/python3.12/site-packages/airflow/example_dags/example_xcom.py
[2024-12-10T17:11:49.784-0600] {processor.py:925} INFO - DAG(s) 'example_xcom' retrieved from /root/airflow_env/lib/python3.12/site-packages/airflow/example_dags/example_xcom.py
[2024-12-10T17:11:49.796-0600] {logging_mixin.py:190} INFO - [2024-12-10T17:11:49.796-0600] {dag.py:3239} INFO - Sync 1 DAGs
[2024-12-10T17:11:49.810-0600] {logging_mixin.py:190} INFO - [2024-12-10T17:11:49.809-0600] {dag.py:4180} INFO - Setting next_dagrun for example_xcom to 2021-01-01 00:00:00+00:00, run_after=2021-01-01 00:00:00+00:00
[2024-12-10T17:11:49.827-0600] {processor.py:208} INFO - Processing /root/airflow_env/lib/python3.12/site-packages/airflow/example_dags/example_xcom.py took 0.058 seconds
[2024-12-10T17:12:41.205-0600] {processor.py:186} INFO - Started process (PID=1685) to work on /root/airflow_env/lib/python3.12/site-packages/airflow/example_dags/example_xcom.py
[2024-12-10T17:12:41.207-0600] {processor.py:914} INFO - Processing file /root/airflow_env/lib/python3.12/site-packages/airflow/example_dags/example_xcom.py for tasks to queue
[2024-12-10T17:12:41.209-0600] {logging_mixin.py:190} INFO - [2024-12-10T17:12:41.209-0600] {dagbag.py:588} INFO - Filling up the DagBag from /root/airflow_env/lib/python3.12/site-packages/airflow/example_dags/example_xcom.py
[2024-12-10T17:12:41.216-0600] {processor.py:925} INFO - DAG(s) 'example_xcom' retrieved from /root/airflow_env/lib/python3.12/site-packages/airflow/example_dags/example_xcom.py
[2024-12-10T17:12:41.227-0600] {logging_mixin.py:190} INFO - [2024-12-10T17:12:41.227-0600] {dag.py:3239} INFO - Sync 1 DAGs
[2024-12-10T17:12:41.240-0600] {logging_mixin.py:190} INFO - [2024-12-10T17:12:41.240-0600] {dag.py:4180} INFO - Setting next_dagrun for example_xcom to 2021-01-01 00:00:00+00:00, run_after=2021-01-01 00:00:00+00:00
[2024-12-10T17:12:41.257-0600] {processor.py:208} INFO - Processing /root/airflow_env/lib/python3.12/site-packages/airflow/example_dags/example_xcom.py took 0.056 seconds
[2024-12-10T17:13:33.682-0600] {processor.py:186} INFO - Started process (PID=1741) to work on /root/airflow_env/lib/python3.12/site-packages/airflow/example_dags/example_xcom.py
[2024-12-10T17:13:33.683-0600] {processor.py:914} INFO - Processing file /root/airflow_env/lib/python3.12/site-packages/airflow/example_dags/example_xcom.py for tasks to queue
[2024-12-10T17:13:33.685-0600] {logging_mixin.py:190} INFO - [2024-12-10T17:13:33.684-0600] {dagbag.py:588} INFO - Filling up the DagBag from /root/airflow_env/lib/python3.12/site-packages/airflow/example_dags/example_xcom.py
[2024-12-10T17:13:33.691-0600] {processor.py:925} INFO - DAG(s) 'example_xcom' retrieved from /root/airflow_env/lib/python3.12/site-packages/airflow/example_dags/example_xcom.py
[2024-12-10T17:13:33.702-0600] {logging_mixin.py:190} INFO - [2024-12-10T17:13:33.702-0600] {dag.py:3239} INFO - Sync 1 DAGs
[2024-12-10T17:13:33.715-0600] {logging_mixin.py:190} INFO - [2024-12-10T17:13:33.715-0600] {dag.py:4180} INFO - Setting next_dagrun for example_xcom to 2021-01-01 00:00:00+00:00, run_after=2021-01-01 00:00:00+00:00
[2024-12-10T17:13:33.732-0600] {processor.py:208} INFO - Processing /root/airflow_env/lib/python3.12/site-packages/airflow/example_dags/example_xcom.py took 0.054 seconds
[2024-12-10T17:14:23.098-0600] {processor.py:186} INFO - Started process (PID=1796) to work on /root/airflow_env/lib/python3.12/site-packages/airflow/example_dags/example_xcom.py
[2024-12-10T17:14:23.101-0600] {processor.py:914} INFO - Processing file /root/airflow_env/lib/python3.12/site-packages/airflow/example_dags/example_xcom.py for tasks to queue
[2024-12-10T17:14:23.103-0600] {logging_mixin.py:190} INFO - [2024-12-10T17:14:23.102-0600] {dagbag.py:588} INFO - Filling up the DagBag from /root/airflow_env/lib/python3.12/site-packages/airflow/example_dags/example_xcom.py
[2024-12-10T17:14:23.110-0600] {processor.py:925} INFO - DAG(s) 'example_xcom' retrieved from /root/airflow_env/lib/python3.12/site-packages/airflow/example_dags/example_xcom.py
[2024-12-10T17:14:23.123-0600] {logging_mixin.py:190} INFO - [2024-12-10T17:14:23.123-0600] {dag.py:3239} INFO - Sync 1 DAGs
[2024-12-10T17:14:23.137-0600] {logging_mixin.py:190} INFO - [2024-12-10T17:14:23.137-0600] {dag.py:4180} INFO - Setting next_dagrun for example_xcom to 2021-01-01 00:00:00+00:00, run_after=2021-01-01 00:00:00+00:00
[2024-12-10T17:14:23.155-0600] {processor.py:208} INFO - Processing /root/airflow_env/lib/python3.12/site-packages/airflow/example_dags/example_xcom.py took 0.061 seconds
[2024-12-10T17:15:18.037-0600] {processor.py:186} INFO - Started process (PID=1866) to work on /root/airflow_env/lib/python3.12/site-packages/airflow/example_dags/example_xcom.py
[2024-12-10T17:15:18.040-0600] {processor.py:914} INFO - Processing file /root/airflow_env/lib/python3.12/site-packages/airflow/example_dags/example_xcom.py for tasks to queue
[2024-12-10T17:15:18.041-0600] {logging_mixin.py:190} INFO - [2024-12-10T17:15:18.041-0600] {dagbag.py:588} INFO - Filling up the DagBag from /root/airflow_env/lib/python3.12/site-packages/airflow/example_dags/example_xcom.py
[2024-12-10T17:15:18.049-0600] {processor.py:925} INFO - DAG(s) 'example_xcom' retrieved from /root/airflow_env/lib/python3.12/site-packages/airflow/example_dags/example_xcom.py
[2024-12-10T17:15:18.061-0600] {logging_mixin.py:190} INFO - [2024-12-10T17:15:18.060-0600] {dag.py:3239} INFO - Sync 1 DAGs
[2024-12-10T17:15:18.076-0600] {logging_mixin.py:190} INFO - [2024-12-10T17:15:18.076-0600] {dag.py:4180} INFO - Setting next_dagrun for example_xcom to 2021-01-01 00:00:00+00:00, run_after=2021-01-01 00:00:00+00:00
[2024-12-10T17:15:18.095-0600] {processor.py:208} INFO - Processing /root/airflow_env/lib/python3.12/site-packages/airflow/example_dags/example_xcom.py took 0.062 seconds
[2024-12-10T17:16:08.384-0600] {processor.py:186} INFO - Started process (PID=1927) to work on /root/airflow_env/lib/python3.12/site-packages/airflow/example_dags/example_xcom.py
[2024-12-10T17:16:08.386-0600] {processor.py:914} INFO - Processing file /root/airflow_env/lib/python3.12/site-packages/airflow/example_dags/example_xcom.py for tasks to queue
[2024-12-10T17:16:08.388-0600] {logging_mixin.py:190} INFO - [2024-12-10T17:16:08.388-0600] {dagbag.py:588} INFO - Filling up the DagBag from /root/airflow_env/lib/python3.12/site-packages/airflow/example_dags/example_xcom.py
[2024-12-10T17:16:08.395-0600] {processor.py:925} INFO - DAG(s) 'example_xcom' retrieved from /root/airflow_env/lib/python3.12/site-packages/airflow/example_dags/example_xcom.py
[2024-12-10T17:16:08.406-0600] {logging_mixin.py:190} INFO - [2024-12-10T17:16:08.406-0600] {dag.py:3239} INFO - Sync 1 DAGs
[2024-12-10T17:16:08.419-0600] {logging_mixin.py:190} INFO - [2024-12-10T17:16:08.419-0600] {dag.py:4180} INFO - Setting next_dagrun for example_xcom to 2021-01-01 00:00:00+00:00, run_after=2021-01-01 00:00:00+00:00
[2024-12-10T17:16:08.438-0600] {processor.py:208} INFO - Processing /root/airflow_env/lib/python3.12/site-packages/airflow/example_dags/example_xcom.py took 0.058 seconds
[2024-12-10T17:17:00.333-0600] {processor.py:186} INFO - Started process (PID=1987) to work on /root/airflow_env/lib/python3.12/site-packages/airflow/example_dags/example_xcom.py
[2024-12-10T17:17:00.335-0600] {processor.py:914} INFO - Processing file /root/airflow_env/lib/python3.12/site-packages/airflow/example_dags/example_xcom.py for tasks to queue
[2024-12-10T17:17:00.337-0600] {logging_mixin.py:190} INFO - [2024-12-10T17:17:00.337-0600] {dagbag.py:588} INFO - Filling up the DagBag from /root/airflow_env/lib/python3.12/site-packages/airflow/example_dags/example_xcom.py
[2024-12-10T17:17:00.344-0600] {processor.py:925} INFO - DAG(s) 'example_xcom' retrieved from /root/airflow_env/lib/python3.12/site-packages/airflow/example_dags/example_xcom.py
[2024-12-10T17:17:00.355-0600] {logging_mixin.py:190} INFO - [2024-12-10T17:17:00.355-0600] {dag.py:3239} INFO - Sync 1 DAGs
[2024-12-10T17:17:00.367-0600] {logging_mixin.py:190} INFO - [2024-12-10T17:17:00.367-0600] {dag.py:4180} INFO - Setting next_dagrun for example_xcom to 2021-01-01 00:00:00+00:00, run_after=2021-01-01 00:00:00+00:00
[2024-12-10T17:17:00.384-0600] {processor.py:208} INFO - Processing /root/airflow_env/lib/python3.12/site-packages/airflow/example_dags/example_xcom.py took 0.055 seconds
[2024-12-10T17:17:52.173-0600] {processor.py:186} INFO - Started process (PID=2047) to work on /root/airflow_env/lib/python3.12/site-packages/airflow/example_dags/example_xcom.py
[2024-12-10T17:17:52.176-0600] {processor.py:914} INFO - Processing file /root/airflow_env/lib/python3.12/site-packages/airflow/example_dags/example_xcom.py for tasks to queue
[2024-12-10T17:17:52.178-0600] {logging_mixin.py:190} INFO - [2024-12-10T17:17:52.177-0600] {dagbag.py:588} INFO - Filling up the DagBag from /root/airflow_env/lib/python3.12/site-packages/airflow/example_dags/example_xcom.py
[2024-12-10T17:17:52.185-0600] {processor.py:925} INFO - DAG(s) 'example_xcom' retrieved from /root/airflow_env/lib/python3.12/site-packages/airflow/example_dags/example_xcom.py
[2024-12-10T17:17:52.196-0600] {logging_mixin.py:190} INFO - [2024-12-10T17:17:52.196-0600] {dag.py:3239} INFO - Sync 1 DAGs
[2024-12-10T17:17:52.208-0600] {logging_mixin.py:190} INFO - [2024-12-10T17:17:52.207-0600] {dag.py:4180} INFO - Setting next_dagrun for example_xcom to 2021-01-01 00:00:00+00:00, run_after=2021-01-01 00:00:00+00:00
[2024-12-10T17:17:52.225-0600] {processor.py:208} INFO - Processing /root/airflow_env/lib/python3.12/site-packages/airflow/example_dags/example_xcom.py took 0.056 seconds
[2024-12-10T17:18:44.302-0600] {processor.py:186} INFO - Started process (PID=2103) to work on /root/airflow_env/lib/python3.12/site-packages/airflow/example_dags/example_xcom.py
[2024-12-10T17:18:44.305-0600] {processor.py:914} INFO - Processing file /root/airflow_env/lib/python3.12/site-packages/airflow/example_dags/example_xcom.py for tasks to queue
[2024-12-10T17:18:44.306-0600] {logging_mixin.py:190} INFO - [2024-12-10T17:18:44.306-0600] {dagbag.py:588} INFO - Filling up the DagBag from /root/airflow_env/lib/python3.12/site-packages/airflow/example_dags/example_xcom.py
[2024-12-10T17:18:44.313-0600] {processor.py:925} INFO - DAG(s) 'example_xcom' retrieved from /root/airflow_env/lib/python3.12/site-packages/airflow/example_dags/example_xcom.py
[2024-12-10T17:18:44.324-0600] {logging_mixin.py:190} INFO - [2024-12-10T17:18:44.324-0600] {dag.py:3239} INFO - Sync 1 DAGs
[2024-12-10T17:18:44.337-0600] {logging_mixin.py:190} INFO - [2024-12-10T17:18:44.337-0600] {dag.py:4180} INFO - Setting next_dagrun for example_xcom to 2021-01-01 00:00:00+00:00, run_after=2021-01-01 00:00:00+00:00
[2024-12-10T17:18:44.354-0600] {processor.py:208} INFO - Processing /root/airflow_env/lib/python3.12/site-packages/airflow/example_dags/example_xcom.py took 0.055 seconds
[2024-12-10T17:19:39.090-0600] {processor.py:186} INFO - Started process (PID=2161) to work on /root/airflow_env/lib/python3.12/site-packages/airflow/example_dags/example_xcom.py
[2024-12-10T17:19:39.093-0600] {processor.py:914} INFO - Processing file /root/airflow_env/lib/python3.12/site-packages/airflow/example_dags/example_xcom.py for tasks to queue
[2024-12-10T17:19:39.094-0600] {logging_mixin.py:190} INFO - [2024-12-10T17:19:39.094-0600] {dagbag.py:588} INFO - Filling up the DagBag from /root/airflow_env/lib/python3.12/site-packages/airflow/example_dags/example_xcom.py
[2024-12-10T17:19:39.101-0600] {processor.py:925} INFO - DAG(s) 'example_xcom' retrieved from /root/airflow_env/lib/python3.12/site-packages/airflow/example_dags/example_xcom.py
[2024-12-10T17:19:39.113-0600] {logging_mixin.py:190} INFO - [2024-12-10T17:19:39.112-0600] {dag.py:3239} INFO - Sync 1 DAGs
[2024-12-10T17:19:39.124-0600] {logging_mixin.py:190} INFO - [2024-12-10T17:19:39.124-0600] {dag.py:4180} INFO - Setting next_dagrun for example_xcom to 2021-01-01 00:00:00+00:00, run_after=2021-01-01 00:00:00+00:00
[2024-12-10T17:19:39.142-0600] {processor.py:208} INFO - Processing /root/airflow_env/lib/python3.12/site-packages/airflow/example_dags/example_xcom.py took 0.055 seconds
[2024-12-10T17:20:28.232-0600] {processor.py:186} INFO - Started process (PID=2217) to work on /root/airflow_env/lib/python3.12/site-packages/airflow/example_dags/example_xcom.py
[2024-12-10T17:20:28.235-0600] {processor.py:914} INFO - Processing file /root/airflow_env/lib/python3.12/site-packages/airflow/example_dags/example_xcom.py for tasks to queue
[2024-12-10T17:20:28.236-0600] {logging_mixin.py:190} INFO - [2024-12-10T17:20:28.236-0600] {dagbag.py:588} INFO - Filling up the DagBag from /root/airflow_env/lib/python3.12/site-packages/airflow/example_dags/example_xcom.py
[2024-12-10T17:20:28.243-0600] {processor.py:925} INFO - DAG(s) 'example_xcom' retrieved from /root/airflow_env/lib/python3.12/site-packages/airflow/example_dags/example_xcom.py
[2024-12-10T17:20:28.254-0600] {logging_mixin.py:190} INFO - [2024-12-10T17:20:28.254-0600] {dag.py:3239} INFO - Sync 1 DAGs
[2024-12-10T17:20:28.267-0600] {logging_mixin.py:190} INFO - [2024-12-10T17:20:28.266-0600] {dag.py:4180} INFO - Setting next_dagrun for example_xcom to 2021-01-01 00:00:00+00:00, run_after=2021-01-01 00:00:00+00:00
[2024-12-10T17:20:28.284-0600] {processor.py:208} INFO - Processing /root/airflow_env/lib/python3.12/site-packages/airflow/example_dags/example_xcom.py took 0.056 seconds
[2024-12-10T17:21:22.997-0600] {processor.py:186} INFO - Started process (PID=2275) to work on /root/airflow_env/lib/python3.12/site-packages/airflow/example_dags/example_xcom.py
[2024-12-10T17:21:22.998-0600] {processor.py:914} INFO - Processing file /root/airflow_env/lib/python3.12/site-packages/airflow/example_dags/example_xcom.py for tasks to queue
[2024-12-10T17:21:22.999-0600] {logging_mixin.py:190} INFO - [2024-12-10T17:21:22.999-0600] {dagbag.py:588} INFO - Filling up the DagBag from /root/airflow_env/lib/python3.12/site-packages/airflow/example_dags/example_xcom.py
[2024-12-10T17:21:23.006-0600] {processor.py:925} INFO - DAG(s) 'example_xcom' retrieved from /root/airflow_env/lib/python3.12/site-packages/airflow/example_dags/example_xcom.py
[2024-12-10T17:21:23.017-0600] {logging_mixin.py:190} INFO - [2024-12-10T17:21:23.017-0600] {dag.py:3239} INFO - Sync 1 DAGs
[2024-12-10T17:21:23.029-0600] {logging_mixin.py:190} INFO - [2024-12-10T17:21:23.029-0600] {dag.py:4180} INFO - Setting next_dagrun for example_xcom to 2021-01-01 00:00:00+00:00, run_after=2021-01-01 00:00:00+00:00
[2024-12-10T17:21:23.046-0600] {processor.py:208} INFO - Processing /root/airflow_env/lib/python3.12/site-packages/airflow/example_dags/example_xcom.py took 0.053 seconds
[2024-12-10T17:22:15.029-0600] {processor.py:186} INFO - Started process (PID=2335) to work on /root/airflow_env/lib/python3.12/site-packages/airflow/example_dags/example_xcom.py
[2024-12-10T17:22:15.032-0600] {processor.py:914} INFO - Processing file /root/airflow_env/lib/python3.12/site-packages/airflow/example_dags/example_xcom.py for tasks to queue
[2024-12-10T17:22:15.033-0600] {logging_mixin.py:190} INFO - [2024-12-10T17:22:15.033-0600] {dagbag.py:588} INFO - Filling up the DagBag from /root/airflow_env/lib/python3.12/site-packages/airflow/example_dags/example_xcom.py
[2024-12-10T17:22:15.039-0600] {processor.py:925} INFO - DAG(s) 'example_xcom' retrieved from /root/airflow_env/lib/python3.12/site-packages/airflow/example_dags/example_xcom.py
[2024-12-10T17:22:15.051-0600] {logging_mixin.py:190} INFO - [2024-12-10T17:22:15.051-0600] {dag.py:3239} INFO - Sync 1 DAGs
[2024-12-10T17:22:15.064-0600] {logging_mixin.py:190} INFO - [2024-12-10T17:22:15.063-0600] {dag.py:4180} INFO - Setting next_dagrun for example_xcom to 2021-01-01 00:00:00+00:00, run_after=2021-01-01 00:00:00+00:00
[2024-12-10T17:22:15.080-0600] {processor.py:208} INFO - Processing /root/airflow_env/lib/python3.12/site-packages/airflow/example_dags/example_xcom.py took 0.055 seconds
[2024-12-10T17:23:11.542-0600] {processor.py:186} INFO - Started process (PID=2392) to work on /root/airflow_env/lib/python3.12/site-packages/airflow/example_dags/example_xcom.py
[2024-12-10T17:23:11.545-0600] {processor.py:914} INFO - Processing file /root/airflow_env/lib/python3.12/site-packages/airflow/example_dags/example_xcom.py for tasks to queue
[2024-12-10T17:23:11.547-0600] {logging_mixin.py:190} INFO - [2024-12-10T17:23:11.546-0600] {dagbag.py:588} INFO - Filling up the DagBag from /root/airflow_env/lib/python3.12/site-packages/airflow/example_dags/example_xcom.py
[2024-12-10T17:23:11.553-0600] {processor.py:925} INFO - DAG(s) 'example_xcom' retrieved from /root/airflow_env/lib/python3.12/site-packages/airflow/example_dags/example_xcom.py
[2024-12-10T17:23:11.564-0600] {logging_mixin.py:190} INFO - [2024-12-10T17:23:11.564-0600] {dag.py:3239} INFO - Sync 1 DAGs
[2024-12-10T17:23:11.576-0600] {logging_mixin.py:190} INFO - [2024-12-10T17:23:11.576-0600] {dag.py:4180} INFO - Setting next_dagrun for example_xcom to 2021-01-01 00:00:00+00:00, run_after=2021-01-01 00:00:00+00:00
[2024-12-10T17:23:11.593-0600] {processor.py:208} INFO - Processing /root/airflow_env/lib/python3.12/site-packages/airflow/example_dags/example_xcom.py took 0.054 seconds
[2024-12-10T17:24:04.242-0600] {processor.py:186} INFO - Started process (PID=2451) to work on /root/airflow_env/lib/python3.12/site-packages/airflow/example_dags/example_xcom.py
[2024-12-10T17:24:04.244-0600] {processor.py:914} INFO - Processing file /root/airflow_env/lib/python3.12/site-packages/airflow/example_dags/example_xcom.py for tasks to queue
[2024-12-10T17:24:04.246-0600] {logging_mixin.py:190} INFO - [2024-12-10T17:24:04.246-0600] {dagbag.py:588} INFO - Filling up the DagBag from /root/airflow_env/lib/python3.12/site-packages/airflow/example_dags/example_xcom.py
[2024-12-10T17:24:04.253-0600] {processor.py:925} INFO - DAG(s) 'example_xcom' retrieved from /root/airflow_env/lib/python3.12/site-packages/airflow/example_dags/example_xcom.py
[2024-12-10T17:24:04.264-0600] {logging_mixin.py:190} INFO - [2024-12-10T17:24:04.264-0600] {dag.py:3239} INFO - Sync 1 DAGs
[2024-12-10T17:24:04.277-0600] {logging_mixin.py:190} INFO - [2024-12-10T17:24:04.277-0600] {dag.py:4180} INFO - Setting next_dagrun for example_xcom to 2021-01-01 00:00:00+00:00, run_after=2021-01-01 00:00:00+00:00
[2024-12-10T17:24:04.294-0600] {processor.py:208} INFO - Processing /root/airflow_env/lib/python3.12/site-packages/airflow/example_dags/example_xcom.py took 0.057 seconds
[2024-12-10T17:24:56.540-0600] {processor.py:186} INFO - Started process (PID=2514) to work on /root/airflow_env/lib/python3.12/site-packages/airflow/example_dags/example_xcom.py
[2024-12-10T17:24:56.542-0600] {processor.py:914} INFO - Processing file /root/airflow_env/lib/python3.12/site-packages/airflow/example_dags/example_xcom.py for tasks to queue
[2024-12-10T17:24:56.544-0600] {logging_mixin.py:190} INFO - [2024-12-10T17:24:56.544-0600] {dagbag.py:588} INFO - Filling up the DagBag from /root/airflow_env/lib/python3.12/site-packages/airflow/example_dags/example_xcom.py
[2024-12-10T17:24:56.551-0600] {processor.py:925} INFO - DAG(s) 'example_xcom' retrieved from /root/airflow_env/lib/python3.12/site-packages/airflow/example_dags/example_xcom.py
[2024-12-10T17:24:56.562-0600] {logging_mixin.py:190} INFO - [2024-12-10T17:24:56.562-0600] {dag.py:3239} INFO - Sync 1 DAGs
[2024-12-10T17:24:56.574-0600] {logging_mixin.py:190} INFO - [2024-12-10T17:24:56.574-0600] {dag.py:4180} INFO - Setting next_dagrun for example_xcom to 2021-01-01 00:00:00+00:00, run_after=2021-01-01 00:00:00+00:00
[2024-12-10T17:24:56.592-0600] {processor.py:208} INFO - Processing /root/airflow_env/lib/python3.12/site-packages/airflow/example_dags/example_xcom.py took 0.056 seconds
[2024-12-10T17:25:48.217-0600] {processor.py:186} INFO - Started process (PID=2573) to work on /root/airflow_env/lib/python3.12/site-packages/airflow/example_dags/example_xcom.py
[2024-12-10T17:25:48.219-0600] {processor.py:914} INFO - Processing file /root/airflow_env/lib/python3.12/site-packages/airflow/example_dags/example_xcom.py for tasks to queue
[2024-12-10T17:25:48.220-0600] {logging_mixin.py:190} INFO - [2024-12-10T17:25:48.220-0600] {dagbag.py:588} INFO - Filling up the DagBag from /root/airflow_env/lib/python3.12/site-packages/airflow/example_dags/example_xcom.py
[2024-12-10T17:25:48.227-0600] {processor.py:925} INFO - DAG(s) 'example_xcom' retrieved from /root/airflow_env/lib/python3.12/site-packages/airflow/example_dags/example_xcom.py
[2024-12-10T17:25:48.239-0600] {logging_mixin.py:190} INFO - [2024-12-10T17:25:48.239-0600] {dag.py:3239} INFO - Sync 1 DAGs
[2024-12-10T17:25:48.251-0600] {logging_mixin.py:190} INFO - [2024-12-10T17:25:48.251-0600] {dag.py:4180} INFO - Setting next_dagrun for example_xcom to 2021-01-01 00:00:00+00:00, run_after=2021-01-01 00:00:00+00:00
[2024-12-10T17:25:48.269-0600] {processor.py:208} INFO - Processing /root/airflow_env/lib/python3.12/site-packages/airflow/example_dags/example_xcom.py took 0.056 seconds
[2024-12-10T17:26:43.472-0600] {processor.py:186} INFO - Started process (PID=2631) to work on /root/airflow_env/lib/python3.12/site-packages/airflow/example_dags/example_xcom.py
[2024-12-10T17:26:43.475-0600] {processor.py:914} INFO - Processing file /root/airflow_env/lib/python3.12/site-packages/airflow/example_dags/example_xcom.py for tasks to queue
[2024-12-10T17:26:43.476-0600] {logging_mixin.py:190} INFO - [2024-12-10T17:26:43.476-0600] {dagbag.py:588} INFO - Filling up the DagBag from /root/airflow_env/lib/python3.12/site-packages/airflow/example_dags/example_xcom.py
[2024-12-10T17:26:43.485-0600] {processor.py:925} INFO - DAG(s) 'example_xcom' retrieved from /root/airflow_env/lib/python3.12/site-packages/airflow/example_dags/example_xcom.py
[2024-12-10T17:26:43.502-0600] {logging_mixin.py:190} INFO - [2024-12-10T17:26:43.502-0600] {dag.py:3239} INFO - Sync 1 DAGs
[2024-12-10T17:26:43.519-0600] {logging_mixin.py:190} INFO - [2024-12-10T17:26:43.519-0600] {dag.py:4180} INFO - Setting next_dagrun for example_xcom to 2021-01-01 00:00:00+00:00, run_after=2021-01-01 00:00:00+00:00
[2024-12-10T17:26:43.544-0600] {processor.py:208} INFO - Processing /root/airflow_env/lib/python3.12/site-packages/airflow/example_dags/example_xcom.py took 0.076 seconds
[2024-12-10T17:27:37.184-0600] {processor.py:186} INFO - Started process (PID=2690) to work on /root/airflow_env/lib/python3.12/site-packages/airflow/example_dags/example_xcom.py
[2024-12-10T17:27:37.187-0600] {processor.py:914} INFO - Processing file /root/airflow_env/lib/python3.12/site-packages/airflow/example_dags/example_xcom.py for tasks to queue
[2024-12-10T17:27:37.189-0600] {logging_mixin.py:190} INFO - [2024-12-10T17:27:37.188-0600] {dagbag.py:588} INFO - Filling up the DagBag from /root/airflow_env/lib/python3.12/site-packages/airflow/example_dags/example_xcom.py
[2024-12-10T17:27:37.195-0600] {processor.py:925} INFO - DAG(s) 'example_xcom' retrieved from /root/airflow_env/lib/python3.12/site-packages/airflow/example_dags/example_xcom.py
[2024-12-10T17:27:37.206-0600] {logging_mixin.py:190} INFO - [2024-12-10T17:27:37.206-0600] {dag.py:3239} INFO - Sync 1 DAGs
[2024-12-10T17:27:37.219-0600] {logging_mixin.py:190} INFO - [2024-12-10T17:27:37.219-0600] {dag.py:4180} INFO - Setting next_dagrun for example_xcom to 2021-01-01 00:00:00+00:00, run_after=2021-01-01 00:00:00+00:00
[2024-12-10T17:27:37.236-0600] {processor.py:208} INFO - Processing /root/airflow_env/lib/python3.12/site-packages/airflow/example_dags/example_xcom.py took 0.055 seconds
[2024-12-10T17:28:27.497-0600] {processor.py:186} INFO - Started process (PID=2745) to work on /root/airflow_env/lib/python3.12/site-packages/airflow/example_dags/example_xcom.py
[2024-12-10T17:28:27.499-0600] {processor.py:914} INFO - Processing file /root/airflow_env/lib/python3.12/site-packages/airflow/example_dags/example_xcom.py for tasks to queue
[2024-12-10T17:28:27.501-0600] {logging_mixin.py:190} INFO - [2024-12-10T17:28:27.501-0600] {dagbag.py:588} INFO - Filling up the DagBag from /root/airflow_env/lib/python3.12/site-packages/airflow/example_dags/example_xcom.py
[2024-12-10T17:28:27.508-0600] {processor.py:925} INFO - DAG(s) 'example_xcom' retrieved from /root/airflow_env/lib/python3.12/site-packages/airflow/example_dags/example_xcom.py
[2024-12-10T17:28:27.520-0600] {logging_mixin.py:190} INFO - [2024-12-10T17:28:27.520-0600] {dag.py:3239} INFO - Sync 1 DAGs
[2024-12-10T17:28:27.534-0600] {logging_mixin.py:190} INFO - [2024-12-10T17:28:27.534-0600] {dag.py:4180} INFO - Setting next_dagrun for example_xcom to 2021-01-01 00:00:00+00:00, run_after=2021-01-01 00:00:00+00:00
[2024-12-10T17:28:27.552-0600] {processor.py:208} INFO - Processing /root/airflow_env/lib/python3.12/site-packages/airflow/example_dags/example_xcom.py took 0.060 seconds
[2024-12-10T17:29:21.890-0600] {processor.py:186} INFO - Started process (PID=2804) to work on /root/airflow_env/lib/python3.12/site-packages/airflow/example_dags/example_xcom.py
[2024-12-10T17:29:21.891-0600] {processor.py:914} INFO - Processing file /root/airflow_env/lib/python3.12/site-packages/airflow/example_dags/example_xcom.py for tasks to queue
[2024-12-10T17:29:21.893-0600] {logging_mixin.py:190} INFO - [2024-12-10T17:29:21.892-0600] {dagbag.py:588} INFO - Filling up the DagBag from /root/airflow_env/lib/python3.12/site-packages/airflow/example_dags/example_xcom.py
[2024-12-10T17:29:21.899-0600] {processor.py:925} INFO - DAG(s) 'example_xcom' retrieved from /root/airflow_env/lib/python3.12/site-packages/airflow/example_dags/example_xcom.py
[2024-12-10T17:29:21.910-0600] {logging_mixin.py:190} INFO - [2024-12-10T17:29:21.910-0600] {dag.py:3239} INFO - Sync 1 DAGs
[2024-12-10T17:29:21.922-0600] {logging_mixin.py:190} INFO - [2024-12-10T17:29:21.921-0600] {dag.py:4180} INFO - Setting next_dagrun for example_xcom to 2021-01-01 00:00:00+00:00, run_after=2021-01-01 00:00:00+00:00
[2024-12-10T17:29:21.938-0600] {processor.py:208} INFO - Processing /root/airflow_env/lib/python3.12/site-packages/airflow/example_dags/example_xcom.py took 0.052 seconds
[2024-12-10T17:30:11.839-0600] {processor.py:186} INFO - Started process (PID=2866) to work on /root/airflow_env/lib/python3.12/site-packages/airflow/example_dags/example_xcom.py
[2024-12-10T17:30:11.841-0600] {processor.py:914} INFO - Processing file /root/airflow_env/lib/python3.12/site-packages/airflow/example_dags/example_xcom.py for tasks to queue
[2024-12-10T17:30:11.843-0600] {logging_mixin.py:190} INFO - [2024-12-10T17:30:11.842-0600] {dagbag.py:588} INFO - Filling up the DagBag from /root/airflow_env/lib/python3.12/site-packages/airflow/example_dags/example_xcom.py
[2024-12-10T17:30:11.849-0600] {processor.py:925} INFO - DAG(s) 'example_xcom' retrieved from /root/airflow_env/lib/python3.12/site-packages/airflow/example_dags/example_xcom.py
[2024-12-10T17:30:11.860-0600] {logging_mixin.py:190} INFO - [2024-12-10T17:30:11.860-0600] {dag.py:3239} INFO - Sync 1 DAGs
[2024-12-10T17:30:11.872-0600] {logging_mixin.py:190} INFO - [2024-12-10T17:30:11.872-0600] {dag.py:4180} INFO - Setting next_dagrun for example_xcom to 2021-01-01 00:00:00+00:00, run_after=2021-01-01 00:00:00+00:00
[2024-12-10T17:30:11.888-0600] {processor.py:208} INFO - Processing /root/airflow_env/lib/python3.12/site-packages/airflow/example_dags/example_xcom.py took 0.053 seconds
[2024-12-10T17:31:02.397-0600] {processor.py:186} INFO - Started process (PID=2922) to work on /root/airflow_env/lib/python3.12/site-packages/airflow/example_dags/example_xcom.py
[2024-12-10T17:31:02.398-0600] {processor.py:914} INFO - Processing file /root/airflow_env/lib/python3.12/site-packages/airflow/example_dags/example_xcom.py for tasks to queue
[2024-12-10T17:31:02.400-0600] {logging_mixin.py:190} INFO - [2024-12-10T17:31:02.400-0600] {dagbag.py:588} INFO - Filling up the DagBag from /root/airflow_env/lib/python3.12/site-packages/airflow/example_dags/example_xcom.py
[2024-12-10T17:31:02.407-0600] {processor.py:925} INFO - DAG(s) 'example_xcom' retrieved from /root/airflow_env/lib/python3.12/site-packages/airflow/example_dags/example_xcom.py
[2024-12-10T17:31:02.419-0600] {logging_mixin.py:190} INFO - [2024-12-10T17:31:02.419-0600] {dag.py:3239} INFO - Sync 1 DAGs
[2024-12-10T17:31:02.432-0600] {logging_mixin.py:190} INFO - [2024-12-10T17:31:02.432-0600] {dag.py:4180} INFO - Setting next_dagrun for example_xcom to 2021-01-01 00:00:00+00:00, run_after=2021-01-01 00:00:00+00:00
[2024-12-10T17:31:02.448-0600] {processor.py:208} INFO - Processing /root/airflow_env/lib/python3.12/site-packages/airflow/example_dags/example_xcom.py took 0.055 seconds
[2024-12-10T17:31:54.099-0600] {processor.py:186} INFO - Started process (PID=2979) to work on /root/airflow_env/lib/python3.12/site-packages/airflow/example_dags/example_xcom.py
[2024-12-10T17:31:54.101-0600] {processor.py:914} INFO - Processing file /root/airflow_env/lib/python3.12/site-packages/airflow/example_dags/example_xcom.py for tasks to queue
[2024-12-10T17:31:54.102-0600] {logging_mixin.py:190} INFO - [2024-12-10T17:31:54.102-0600] {dagbag.py:588} INFO - Filling up the DagBag from /root/airflow_env/lib/python3.12/site-packages/airflow/example_dags/example_xcom.py
[2024-12-10T17:31:54.109-0600] {processor.py:925} INFO - DAG(s) 'example_xcom' retrieved from /root/airflow_env/lib/python3.12/site-packages/airflow/example_dags/example_xcom.py
[2024-12-10T17:31:54.120-0600] {logging_mixin.py:190} INFO - [2024-12-10T17:31:54.120-0600] {dag.py:3239} INFO - Sync 1 DAGs
[2024-12-10T17:31:54.132-0600] {logging_mixin.py:190} INFO - [2024-12-10T17:31:54.132-0600] {dag.py:4180} INFO - Setting next_dagrun for example_xcom to 2021-01-01 00:00:00+00:00, run_after=2021-01-01 00:00:00+00:00
[2024-12-10T17:31:54.150-0600] {processor.py:208} INFO - Processing /root/airflow_env/lib/python3.12/site-packages/airflow/example_dags/example_xcom.py took 0.055 seconds
[2024-12-10T17:32:50.224-0600] {processor.py:186} INFO - Started process (PID=3039) to work on /root/airflow_env/lib/python3.12/site-packages/airflow/example_dags/example_xcom.py
[2024-12-10T17:32:50.227-0600] {processor.py:914} INFO - Processing file /root/airflow_env/lib/python3.12/site-packages/airflow/example_dags/example_xcom.py for tasks to queue
[2024-12-10T17:32:50.228-0600] {logging_mixin.py:190} INFO - [2024-12-10T17:32:50.228-0600] {dagbag.py:588} INFO - Filling up the DagBag from /root/airflow_env/lib/python3.12/site-packages/airflow/example_dags/example_xcom.py
[2024-12-10T17:32:50.235-0600] {processor.py:925} INFO - DAG(s) 'example_xcom' retrieved from /root/airflow_env/lib/python3.12/site-packages/airflow/example_dags/example_xcom.py
[2024-12-10T17:32:50.246-0600] {logging_mixin.py:190} INFO - [2024-12-10T17:32:50.246-0600] {dag.py:3239} INFO - Sync 1 DAGs
[2024-12-10T17:32:50.258-0600] {logging_mixin.py:190} INFO - [2024-12-10T17:32:50.258-0600] {dag.py:4180} INFO - Setting next_dagrun for example_xcom to 2021-01-01 00:00:00+00:00, run_after=2021-01-01 00:00:00+00:00
[2024-12-10T17:32:50.275-0600] {processor.py:208} INFO - Processing /root/airflow_env/lib/python3.12/site-packages/airflow/example_dags/example_xcom.py took 0.055 seconds
[2024-12-10T17:33:43.133-0600] {processor.py:186} INFO - Started process (PID=3096) to work on /root/airflow_env/lib/python3.12/site-packages/airflow/example_dags/example_xcom.py
[2024-12-10T17:33:43.136-0600] {processor.py:914} INFO - Processing file /root/airflow_env/lib/python3.12/site-packages/airflow/example_dags/example_xcom.py for tasks to queue
[2024-12-10T17:33:43.138-0600] {logging_mixin.py:190} INFO - [2024-12-10T17:33:43.138-0600] {dagbag.py:588} INFO - Filling up the DagBag from /root/airflow_env/lib/python3.12/site-packages/airflow/example_dags/example_xcom.py
[2024-12-10T17:33:43.146-0600] {processor.py:925} INFO - DAG(s) 'example_xcom' retrieved from /root/airflow_env/lib/python3.12/site-packages/airflow/example_dags/example_xcom.py
[2024-12-10T17:33:43.158-0600] {logging_mixin.py:190} INFO - [2024-12-10T17:33:43.158-0600] {dag.py:3239} INFO - Sync 1 DAGs
[2024-12-10T17:33:43.173-0600] {logging_mixin.py:190} INFO - [2024-12-10T17:33:43.173-0600] {dag.py:4180} INFO - Setting next_dagrun for example_xcom to 2021-01-01 00:00:00+00:00, run_after=2021-01-01 00:00:00+00:00
[2024-12-10T17:33:43.190-0600] {processor.py:208} INFO - Processing /root/airflow_env/lib/python3.12/site-packages/airflow/example_dags/example_xcom.py took 0.062 seconds
[2024-12-10T17:34:35.498-0600] {processor.py:186} INFO - Started process (PID=3261) to work on /root/airflow_env/lib/python3.12/site-packages/airflow/example_dags/example_xcom.py
[2024-12-10T17:34:35.500-0600] {processor.py:914} INFO - Processing file /root/airflow_env/lib/python3.12/site-packages/airflow/example_dags/example_xcom.py for tasks to queue
[2024-12-10T17:34:35.501-0600] {logging_mixin.py:190} INFO - [2024-12-10T17:34:35.501-0600] {dagbag.py:588} INFO - Filling up the DagBag from /root/airflow_env/lib/python3.12/site-packages/airflow/example_dags/example_xcom.py
[2024-12-10T17:34:35.509-0600] {processor.py:925} INFO - DAG(s) 'example_xcom' retrieved from /root/airflow_env/lib/python3.12/site-packages/airflow/example_dags/example_xcom.py
[2024-12-10T17:34:35.521-0600] {logging_mixin.py:190} INFO - [2024-12-10T17:34:35.521-0600] {dag.py:3239} INFO - Sync 1 DAGs
[2024-12-10T17:34:35.536-0600] {logging_mixin.py:190} INFO - [2024-12-10T17:34:35.535-0600] {dag.py:4180} INFO - Setting next_dagrun for example_xcom to 2021-01-01 00:00:00+00:00, run_after=2021-01-01 00:00:00+00:00
[2024-12-10T17:34:35.554-0600] {processor.py:208} INFO - Processing /root/airflow_env/lib/python3.12/site-packages/airflow/example_dags/example_xcom.py took 0.060 seconds
[2024-12-10T17:35:26.937-0600] {processor.py:186} INFO - Started process (PID=3320) to work on /root/airflow_env/lib/python3.12/site-packages/airflow/example_dags/example_xcom.py
[2024-12-10T17:35:26.938-0600] {processor.py:914} INFO - Processing file /root/airflow_env/lib/python3.12/site-packages/airflow/example_dags/example_xcom.py for tasks to queue
[2024-12-10T17:35:26.940-0600] {logging_mixin.py:190} INFO - [2024-12-10T17:35:26.940-0600] {dagbag.py:588} INFO - Filling up the DagBag from /root/airflow_env/lib/python3.12/site-packages/airflow/example_dags/example_xcom.py
[2024-12-10T17:35:26.947-0600] {processor.py:925} INFO - DAG(s) 'example_xcom' retrieved from /root/airflow_env/lib/python3.12/site-packages/airflow/example_dags/example_xcom.py
[2024-12-10T17:35:26.958-0600] {logging_mixin.py:190} INFO - [2024-12-10T17:35:26.958-0600] {dag.py:3239} INFO - Sync 1 DAGs
[2024-12-10T17:35:26.970-0600] {logging_mixin.py:190} INFO - [2024-12-10T17:35:26.970-0600] {dag.py:4180} INFO - Setting next_dagrun for example_xcom to 2021-01-01 00:00:00+00:00, run_after=2021-01-01 00:00:00+00:00
[2024-12-10T17:35:26.986-0600] {processor.py:208} INFO - Processing /root/airflow_env/lib/python3.12/site-packages/airflow/example_dags/example_xcom.py took 0.054 seconds
[2024-12-10T17:36:17.343-0600] {processor.py:186} INFO - Started process (PID=3376) to work on /root/airflow_env/lib/python3.12/site-packages/airflow/example_dags/example_xcom.py
[2024-12-10T17:36:17.346-0600] {processor.py:914} INFO - Processing file /root/airflow_env/lib/python3.12/site-packages/airflow/example_dags/example_xcom.py for tasks to queue
[2024-12-10T17:36:17.347-0600] {logging_mixin.py:190} INFO - [2024-12-10T17:36:17.347-0600] {dagbag.py:588} INFO - Filling up the DagBag from /root/airflow_env/lib/python3.12/site-packages/airflow/example_dags/example_xcom.py
[2024-12-10T17:36:17.354-0600] {processor.py:925} INFO - DAG(s) 'example_xcom' retrieved from /root/airflow_env/lib/python3.12/site-packages/airflow/example_dags/example_xcom.py
[2024-12-10T17:36:17.365-0600] {logging_mixin.py:190} INFO - [2024-12-10T17:36:17.365-0600] {dag.py:3239} INFO - Sync 1 DAGs
[2024-12-10T17:36:17.378-0600] {logging_mixin.py:190} INFO - [2024-12-10T17:36:17.377-0600] {dag.py:4180} INFO - Setting next_dagrun for example_xcom to 2021-01-01 00:00:00+00:00, run_after=2021-01-01 00:00:00+00:00
[2024-12-10T17:36:17.396-0600] {processor.py:208} INFO - Processing /root/airflow_env/lib/python3.12/site-packages/airflow/example_dags/example_xcom.py took 0.057 seconds
[2024-12-10T17:37:06.827-0600] {processor.py:186} INFO - Started process (PID=3432) to work on /root/airflow_env/lib/python3.12/site-packages/airflow/example_dags/example_xcom.py
[2024-12-10T17:37:06.829-0600] {processor.py:914} INFO - Processing file /root/airflow_env/lib/python3.12/site-packages/airflow/example_dags/example_xcom.py for tasks to queue
[2024-12-10T17:37:06.831-0600] {logging_mixin.py:190} INFO - [2024-12-10T17:37:06.830-0600] {dagbag.py:588} INFO - Filling up the DagBag from /root/airflow_env/lib/python3.12/site-packages/airflow/example_dags/example_xcom.py
[2024-12-10T17:37:06.837-0600] {processor.py:925} INFO - DAG(s) 'example_xcom' retrieved from /root/airflow_env/lib/python3.12/site-packages/airflow/example_dags/example_xcom.py
[2024-12-10T17:37:06.848-0600] {logging_mixin.py:190} INFO - [2024-12-10T17:37:06.848-0600] {dag.py:3239} INFO - Sync 1 DAGs
[2024-12-10T17:37:06.860-0600] {logging_mixin.py:190} INFO - [2024-12-10T17:37:06.860-0600] {dag.py:4180} INFO - Setting next_dagrun for example_xcom to 2021-01-01 00:00:00+00:00, run_after=2021-01-01 00:00:00+00:00
[2024-12-10T17:37:06.876-0600] {processor.py:208} INFO - Processing /root/airflow_env/lib/python3.12/site-packages/airflow/example_dags/example_xcom.py took 0.053 seconds
[2024-12-10T17:37:58.547-0600] {processor.py:186} INFO - Started process (PID=3489) to work on /root/airflow_env/lib/python3.12/site-packages/airflow/example_dags/example_xcom.py
[2024-12-10T17:37:58.550-0600] {processor.py:914} INFO - Processing file /root/airflow_env/lib/python3.12/site-packages/airflow/example_dags/example_xcom.py for tasks to queue
[2024-12-10T17:37:58.551-0600] {logging_mixin.py:190} INFO - [2024-12-10T17:37:58.551-0600] {dagbag.py:588} INFO - Filling up the DagBag from /root/airflow_env/lib/python3.12/site-packages/airflow/example_dags/example_xcom.py
[2024-12-10T17:37:58.558-0600] {processor.py:925} INFO - DAG(s) 'example_xcom' retrieved from /root/airflow_env/lib/python3.12/site-packages/airflow/example_dags/example_xcom.py
[2024-12-10T17:37:58.569-0600] {logging_mixin.py:190} INFO - [2024-12-10T17:37:58.569-0600] {dag.py:3239} INFO - Sync 1 DAGs
[2024-12-10T17:37:58.581-0600] {logging_mixin.py:190} INFO - [2024-12-10T17:37:58.581-0600] {dag.py:4180} INFO - Setting next_dagrun for example_xcom to 2021-01-01 00:00:00+00:00, run_after=2021-01-01 00:00:00+00:00
[2024-12-10T17:37:58.598-0600] {processor.py:208} INFO - Processing /root/airflow_env/lib/python3.12/site-packages/airflow/example_dags/example_xcom.py took 0.054 seconds
[2024-12-10T17:38:49.931-0600] {processor.py:186} INFO - Started process (PID=3545) to work on /root/airflow_env/lib/python3.12/site-packages/airflow/example_dags/example_xcom.py
[2024-12-10T17:38:49.933-0600] {processor.py:914} INFO - Processing file /root/airflow_env/lib/python3.12/site-packages/airflow/example_dags/example_xcom.py for tasks to queue
[2024-12-10T17:38:49.935-0600] {logging_mixin.py:190} INFO - [2024-12-10T17:38:49.935-0600] {dagbag.py:588} INFO - Filling up the DagBag from /root/airflow_env/lib/python3.12/site-packages/airflow/example_dags/example_xcom.py
[2024-12-10T17:38:49.942-0600] {processor.py:925} INFO - DAG(s) 'example_xcom' retrieved from /root/airflow_env/lib/python3.12/site-packages/airflow/example_dags/example_xcom.py
[2024-12-10T17:38:49.955-0600] {logging_mixin.py:190} INFO - [2024-12-10T17:38:49.955-0600] {dag.py:3239} INFO - Sync 1 DAGs
[2024-12-10T17:38:49.968-0600] {logging_mixin.py:190} INFO - [2024-12-10T17:38:49.968-0600] {dag.py:4180} INFO - Setting next_dagrun for example_xcom to 2021-01-01 00:00:00+00:00, run_after=2021-01-01 00:00:00+00:00
[2024-12-10T17:38:49.985-0600] {processor.py:208} INFO - Processing /root/airflow_env/lib/python3.12/site-packages/airflow/example_dags/example_xcom.py took 0.058 seconds
[2024-12-10T17:39:43.534-0600] {processor.py:186} INFO - Started process (PID=3603) to work on /root/airflow_env/lib/python3.12/site-packages/airflow/example_dags/example_xcom.py
[2024-12-10T17:39:43.537-0600] {processor.py:914} INFO - Processing file /root/airflow_env/lib/python3.12/site-packages/airflow/example_dags/example_xcom.py for tasks to queue
[2024-12-10T17:39:43.538-0600] {logging_mixin.py:190} INFO - [2024-12-10T17:39:43.538-0600] {dagbag.py:588} INFO - Filling up the DagBag from /root/airflow_env/lib/python3.12/site-packages/airflow/example_dags/example_xcom.py
[2024-12-10T17:39:43.545-0600] {processor.py:925} INFO - DAG(s) 'example_xcom' retrieved from /root/airflow_env/lib/python3.12/site-packages/airflow/example_dags/example_xcom.py
[2024-12-10T17:39:43.557-0600] {logging_mixin.py:190} INFO - [2024-12-10T17:39:43.556-0600] {dag.py:3239} INFO - Sync 1 DAGs
[2024-12-10T17:39:43.569-0600] {logging_mixin.py:190} INFO - [2024-12-10T17:39:43.569-0600] {dag.py:4180} INFO - Setting next_dagrun for example_xcom to 2021-01-01 00:00:00+00:00, run_after=2021-01-01 00:00:00+00:00
[2024-12-10T17:39:43.586-0600] {processor.py:208} INFO - Processing /root/airflow_env/lib/python3.12/site-packages/airflow/example_dags/example_xcom.py took 0.056 seconds
[2024-12-10T17:40:37.041-0600] {processor.py:186} INFO - Started process (PID=3667) to work on /root/airflow_env/lib/python3.12/site-packages/airflow/example_dags/example_xcom.py
[2024-12-10T17:40:37.044-0600] {processor.py:914} INFO - Processing file /root/airflow_env/lib/python3.12/site-packages/airflow/example_dags/example_xcom.py for tasks to queue
[2024-12-10T17:40:37.046-0600] {logging_mixin.py:190} INFO - [2024-12-10T17:40:37.045-0600] {dagbag.py:588} INFO - Filling up the DagBag from /root/airflow_env/lib/python3.12/site-packages/airflow/example_dags/example_xcom.py
[2024-12-10T17:40:37.052-0600] {processor.py:925} INFO - DAG(s) 'example_xcom' retrieved from /root/airflow_env/lib/python3.12/site-packages/airflow/example_dags/example_xcom.py
[2024-12-10T17:40:37.065-0600] {logging_mixin.py:190} INFO - [2024-12-10T17:40:37.065-0600] {dag.py:3239} INFO - Sync 1 DAGs
[2024-12-10T17:40:37.078-0600] {logging_mixin.py:190} INFO - [2024-12-10T17:40:37.078-0600] {dag.py:4180} INFO - Setting next_dagrun for example_xcom to 2021-01-01 00:00:00+00:00, run_after=2021-01-01 00:00:00+00:00
[2024-12-10T17:40:37.095-0600] {processor.py:208} INFO - Processing /root/airflow_env/lib/python3.12/site-packages/airflow/example_dags/example_xcom.py took 0.058 seconds
[2024-12-10T17:41:32.508-0600] {processor.py:186} INFO - Started process (PID=3727) to work on /root/airflow_env/lib/python3.12/site-packages/airflow/example_dags/example_xcom.py
[2024-12-10T17:41:32.510-0600] {processor.py:914} INFO - Processing file /root/airflow_env/lib/python3.12/site-packages/airflow/example_dags/example_xcom.py for tasks to queue
[2024-12-10T17:41:32.512-0600] {logging_mixin.py:190} INFO - [2024-12-10T17:41:32.512-0600] {dagbag.py:588} INFO - Filling up the DagBag from /root/airflow_env/lib/python3.12/site-packages/airflow/example_dags/example_xcom.py
[2024-12-10T17:41:32.519-0600] {processor.py:925} INFO - DAG(s) 'example_xcom' retrieved from /root/airflow_env/lib/python3.12/site-packages/airflow/example_dags/example_xcom.py
[2024-12-10T17:41:32.531-0600] {logging_mixin.py:190} INFO - [2024-12-10T17:41:32.530-0600] {dag.py:3239} INFO - Sync 1 DAGs
[2024-12-10T17:41:32.544-0600] {logging_mixin.py:190} INFO - [2024-12-10T17:41:32.544-0600] {dag.py:4180} INFO - Setting next_dagrun for example_xcom to 2021-01-01 00:00:00+00:00, run_after=2021-01-01 00:00:00+00:00
[2024-12-10T17:41:32.560-0600] {processor.py:208} INFO - Processing /root/airflow_env/lib/python3.12/site-packages/airflow/example_dags/example_xcom.py took 0.056 seconds
[2024-12-10T17:42:23.326-0600] {processor.py:186} INFO - Started process (PID=3793) to work on /root/airflow_env/lib/python3.12/site-packages/airflow/example_dags/example_xcom.py
[2024-12-10T17:42:23.327-0600] {processor.py:914} INFO - Processing file /root/airflow_env/lib/python3.12/site-packages/airflow/example_dags/example_xcom.py for tasks to queue
[2024-12-10T17:42:23.329-0600] {logging_mixin.py:190} INFO - [2024-12-10T17:42:23.329-0600] {dagbag.py:588} INFO - Filling up the DagBag from /root/airflow_env/lib/python3.12/site-packages/airflow/example_dags/example_xcom.py
[2024-12-10T17:42:23.337-0600] {processor.py:925} INFO - DAG(s) 'example_xcom' retrieved from /root/airflow_env/lib/python3.12/site-packages/airflow/example_dags/example_xcom.py
[2024-12-10T17:42:23.351-0600] {logging_mixin.py:190} INFO - [2024-12-10T17:42:23.351-0600] {dag.py:3239} INFO - Sync 1 DAGs
[2024-12-10T17:42:23.369-0600] {logging_mixin.py:190} INFO - [2024-12-10T17:42:23.369-0600] {dag.py:4180} INFO - Setting next_dagrun for example_xcom to 2021-01-01 00:00:00+00:00, run_after=2021-01-01 00:00:00+00:00
[2024-12-10T17:42:23.392-0600] {processor.py:208} INFO - Processing /root/airflow_env/lib/python3.12/site-packages/airflow/example_dags/example_xcom.py took 0.072 seconds
[2024-12-10T17:43:17.650-0600] {processor.py:186} INFO - Started process (PID=3861) to work on /root/airflow_env/lib/python3.12/site-packages/airflow/example_dags/example_xcom.py
[2024-12-10T17:43:17.652-0600] {processor.py:914} INFO - Processing file /root/airflow_env/lib/python3.12/site-packages/airflow/example_dags/example_xcom.py for tasks to queue
[2024-12-10T17:43:17.653-0600] {logging_mixin.py:190} INFO - [2024-12-10T17:43:17.653-0600] {dagbag.py:588} INFO - Filling up the DagBag from /root/airflow_env/lib/python3.12/site-packages/airflow/example_dags/example_xcom.py
[2024-12-10T17:43:17.660-0600] {processor.py:925} INFO - DAG(s) 'example_xcom' retrieved from /root/airflow_env/lib/python3.12/site-packages/airflow/example_dags/example_xcom.py
[2024-12-10T17:43:17.672-0600] {logging_mixin.py:190} INFO - [2024-12-10T17:43:17.672-0600] {dag.py:3239} INFO - Sync 1 DAGs
[2024-12-10T17:43:17.686-0600] {logging_mixin.py:190} INFO - [2024-12-10T17:43:17.686-0600] {dag.py:4180} INFO - Setting next_dagrun for example_xcom to 2021-01-01 00:00:00+00:00, run_after=2021-01-01 00:00:00+00:00
[2024-12-10T17:43:17.702-0600] {processor.py:208} INFO - Processing /root/airflow_env/lib/python3.12/site-packages/airflow/example_dags/example_xcom.py took 0.056 seconds
[2024-12-10T17:44:08.083-0600] {processor.py:186} INFO - Started process (PID=3917) to work on /root/airflow_env/lib/python3.12/site-packages/airflow/example_dags/example_xcom.py
[2024-12-10T17:44:08.086-0600] {processor.py:914} INFO - Processing file /root/airflow_env/lib/python3.12/site-packages/airflow/example_dags/example_xcom.py for tasks to queue
[2024-12-10T17:44:08.087-0600] {logging_mixin.py:190} INFO - [2024-12-10T17:44:08.087-0600] {dagbag.py:588} INFO - Filling up the DagBag from /root/airflow_env/lib/python3.12/site-packages/airflow/example_dags/example_xcom.py
[2024-12-10T17:44:08.094-0600] {processor.py:925} INFO - DAG(s) 'example_xcom' retrieved from /root/airflow_env/lib/python3.12/site-packages/airflow/example_dags/example_xcom.py
[2024-12-10T17:44:08.105-0600] {logging_mixin.py:190} INFO - [2024-12-10T17:44:08.105-0600] {dag.py:3239} INFO - Sync 1 DAGs
[2024-12-10T17:44:08.117-0600] {logging_mixin.py:190} INFO - [2024-12-10T17:44:08.117-0600] {dag.py:4180} INFO - Setting next_dagrun for example_xcom to 2021-01-01 00:00:00+00:00, run_after=2021-01-01 00:00:00+00:00
[2024-12-10T17:44:08.136-0600] {processor.py:208} INFO - Processing /root/airflow_env/lib/python3.12/site-packages/airflow/example_dags/example_xcom.py took 0.057 seconds
[2024-12-10T17:45:02.118-0600] {processor.py:186} INFO - Started process (PID=3978) to work on /root/airflow_env/lib/python3.12/site-packages/airflow/example_dags/example_xcom.py
[2024-12-10T17:45:02.120-0600] {processor.py:914} INFO - Processing file /root/airflow_env/lib/python3.12/site-packages/airflow/example_dags/example_xcom.py for tasks to queue
[2024-12-10T17:45:02.121-0600] {logging_mixin.py:190} INFO - [2024-12-10T17:45:02.121-0600] {dagbag.py:588} INFO - Filling up the DagBag from /root/airflow_env/lib/python3.12/site-packages/airflow/example_dags/example_xcom.py
[2024-12-10T17:45:02.128-0600] {processor.py:925} INFO - DAG(s) 'example_xcom' retrieved from /root/airflow_env/lib/python3.12/site-packages/airflow/example_dags/example_xcom.py
[2024-12-10T17:45:02.139-0600] {logging_mixin.py:190} INFO - [2024-12-10T17:45:02.139-0600] {dag.py:3239} INFO - Sync 1 DAGs
[2024-12-10T17:45:02.152-0600] {logging_mixin.py:190} INFO - [2024-12-10T17:45:02.151-0600] {dag.py:4180} INFO - Setting next_dagrun for example_xcom to 2021-01-01 00:00:00+00:00, run_after=2021-01-01 00:00:00+00:00
[2024-12-10T17:45:02.168-0600] {processor.py:208} INFO - Processing /root/airflow_env/lib/python3.12/site-packages/airflow/example_dags/example_xcom.py took 0.054 seconds
[2024-12-10T17:45:55.371-0600] {processor.py:186} INFO - Started process (PID=4035) to work on /root/airflow_env/lib/python3.12/site-packages/airflow/example_dags/example_xcom.py
[2024-12-10T17:45:55.374-0600] {processor.py:914} INFO - Processing file /root/airflow_env/lib/python3.12/site-packages/airflow/example_dags/example_xcom.py for tasks to queue
[2024-12-10T17:45:55.376-0600] {logging_mixin.py:190} INFO - [2024-12-10T17:45:55.375-0600] {dagbag.py:588} INFO - Filling up the DagBag from /root/airflow_env/lib/python3.12/site-packages/airflow/example_dags/example_xcom.py
[2024-12-10T17:45:55.382-0600] {processor.py:925} INFO - DAG(s) 'example_xcom' retrieved from /root/airflow_env/lib/python3.12/site-packages/airflow/example_dags/example_xcom.py
[2024-12-10T17:45:55.393-0600] {logging_mixin.py:190} INFO - [2024-12-10T17:45:55.393-0600] {dag.py:3239} INFO - Sync 1 DAGs
[2024-12-10T17:45:55.405-0600] {logging_mixin.py:190} INFO - [2024-12-10T17:45:55.405-0600] {dag.py:4180} INFO - Setting next_dagrun for example_xcom to 2021-01-01 00:00:00+00:00, run_after=2021-01-01 00:00:00+00:00
[2024-12-10T17:45:55.422-0600] {processor.py:208} INFO - Processing /root/airflow_env/lib/python3.12/site-packages/airflow/example_dags/example_xcom.py took 0.054 seconds
[2024-12-10T17:46:55.888-0600] {processor.py:186} INFO - Started process (PID=4098) to work on /root/airflow_env/lib/python3.12/site-packages/airflow/example_dags/example_xcom.py
[2024-12-10T17:46:55.891-0600] {processor.py:914} INFO - Processing file /root/airflow_env/lib/python3.12/site-packages/airflow/example_dags/example_xcom.py for tasks to queue
[2024-12-10T17:46:55.893-0600] {logging_mixin.py:190} INFO - [2024-12-10T17:46:55.892-0600] {dagbag.py:588} INFO - Filling up the DagBag from /root/airflow_env/lib/python3.12/site-packages/airflow/example_dags/example_xcom.py
[2024-12-10T17:46:55.900-0600] {processor.py:925} INFO - DAG(s) 'example_xcom' retrieved from /root/airflow_env/lib/python3.12/site-packages/airflow/example_dags/example_xcom.py
[2024-12-10T17:46:55.911-0600] {logging_mixin.py:190} INFO - [2024-12-10T17:46:55.911-0600] {dag.py:3239} INFO - Sync 1 DAGs
[2024-12-10T17:46:55.923-0600] {logging_mixin.py:190} INFO - [2024-12-10T17:46:55.923-0600] {dag.py:4180} INFO - Setting next_dagrun for example_xcom to 2021-01-01 00:00:00+00:00, run_after=2021-01-01 00:00:00+00:00
[2024-12-10T17:46:55.940-0600] {processor.py:208} INFO - Processing /root/airflow_env/lib/python3.12/site-packages/airflow/example_dags/example_xcom.py took 0.056 seconds
[2024-12-10T17:47:54.442-0600] {processor.py:186} INFO - Started process (PID=4159) to work on /root/airflow_env/lib/python3.12/site-packages/airflow/example_dags/example_xcom.py
[2024-12-10T17:47:54.445-0600] {processor.py:914} INFO - Processing file /root/airflow_env/lib/python3.12/site-packages/airflow/example_dags/example_xcom.py for tasks to queue
[2024-12-10T17:47:54.447-0600] {logging_mixin.py:190} INFO - [2024-12-10T17:47:54.446-0600] {dagbag.py:588} INFO - Filling up the DagBag from /root/airflow_env/lib/python3.12/site-packages/airflow/example_dags/example_xcom.py
[2024-12-10T17:47:54.454-0600] {processor.py:925} INFO - DAG(s) 'example_xcom' retrieved from /root/airflow_env/lib/python3.12/site-packages/airflow/example_dags/example_xcom.py
[2024-12-10T17:47:54.466-0600] {logging_mixin.py:190} INFO - [2024-12-10T17:47:54.465-0600] {dag.py:3239} INFO - Sync 1 DAGs
[2024-12-10T17:47:54.564-0600] {logging_mixin.py:190} INFO - [2024-12-10T17:47:54.564-0600] {dag.py:4180} INFO - Setting next_dagrun for example_xcom to 2021-01-01 00:00:00+00:00, run_after=2021-01-01 00:00:00+00:00
[2024-12-10T17:47:54.580-0600] {processor.py:208} INFO - Processing /root/airflow_env/lib/python3.12/site-packages/airflow/example_dags/example_xcom.py took 0.142 seconds
[2024-12-10T17:48:48.868-0600] {processor.py:186} INFO - Started process (PID=4217) to work on /root/airflow_env/lib/python3.12/site-packages/airflow/example_dags/example_xcom.py
[2024-12-10T17:48:48.870-0600] {processor.py:914} INFO - Processing file /root/airflow_env/lib/python3.12/site-packages/airflow/example_dags/example_xcom.py for tasks to queue
[2024-12-10T17:48:48.872-0600] {logging_mixin.py:190} INFO - [2024-12-10T17:48:48.871-0600] {dagbag.py:588} INFO - Filling up the DagBag from /root/airflow_env/lib/python3.12/site-packages/airflow/example_dags/example_xcom.py
[2024-12-10T17:48:48.879-0600] {processor.py:925} INFO - DAG(s) 'example_xcom' retrieved from /root/airflow_env/lib/python3.12/site-packages/airflow/example_dags/example_xcom.py
[2024-12-10T17:48:48.890-0600] {logging_mixin.py:190} INFO - [2024-12-10T17:48:48.890-0600] {dag.py:3239} INFO - Sync 1 DAGs
[2024-12-10T17:48:48.903-0600] {logging_mixin.py:190} INFO - [2024-12-10T17:48:48.902-0600] {dag.py:4180} INFO - Setting next_dagrun for example_xcom to 2021-01-01 00:00:00+00:00, run_after=2021-01-01 00:00:00+00:00
[2024-12-10T17:48:49.017-0600] {processor.py:208} INFO - Processing /root/airflow_env/lib/python3.12/site-packages/airflow/example_dags/example_xcom.py took 0.152 seconds
[2024-12-10T17:49:45.937-0600] {processor.py:186} INFO - Started process (PID=4276) to work on /root/airflow_env/lib/python3.12/site-packages/airflow/example_dags/example_xcom.py
[2024-12-10T17:49:45.938-0600] {processor.py:914} INFO - Processing file /root/airflow_env/lib/python3.12/site-packages/airflow/example_dags/example_xcom.py for tasks to queue
[2024-12-10T17:49:45.940-0600] {logging_mixin.py:190} INFO - [2024-12-10T17:49:45.939-0600] {dagbag.py:588} INFO - Filling up the DagBag from /root/airflow_env/lib/python3.12/site-packages/airflow/example_dags/example_xcom.py
[2024-12-10T17:49:45.947-0600] {processor.py:925} INFO - DAG(s) 'example_xcom' retrieved from /root/airflow_env/lib/python3.12/site-packages/airflow/example_dags/example_xcom.py
[2024-12-10T17:49:45.958-0600] {logging_mixin.py:190} INFO - [2024-12-10T17:49:45.958-0600] {dag.py:3239} INFO - Sync 1 DAGs
[2024-12-10T17:49:45.970-0600] {logging_mixin.py:190} INFO - [2024-12-10T17:49:45.970-0600] {dag.py:4180} INFO - Setting next_dagrun for example_xcom to 2021-01-01 00:00:00+00:00, run_after=2021-01-01 00:00:00+00:00
[2024-12-10T17:49:45.988-0600] {processor.py:208} INFO - Processing /root/airflow_env/lib/python3.12/site-packages/airflow/example_dags/example_xcom.py took 0.055 seconds
[2024-12-10T17:50:37.364-0600] {processor.py:186} INFO - Started process (PID=4341) to work on /root/airflow_env/lib/python3.12/site-packages/airflow/example_dags/example_xcom.py
[2024-12-10T17:50:37.367-0600] {processor.py:914} INFO - Processing file /root/airflow_env/lib/python3.12/site-packages/airflow/example_dags/example_xcom.py for tasks to queue
[2024-12-10T17:50:37.369-0600] {logging_mixin.py:190} INFO - [2024-12-10T17:50:37.369-0600] {dagbag.py:588} INFO - Filling up the DagBag from /root/airflow_env/lib/python3.12/site-packages/airflow/example_dags/example_xcom.py
[2024-12-10T17:50:37.375-0600] {processor.py:925} INFO - DAG(s) 'example_xcom' retrieved from /root/airflow_env/lib/python3.12/site-packages/airflow/example_dags/example_xcom.py
[2024-12-10T17:50:37.386-0600] {logging_mixin.py:190} INFO - [2024-12-10T17:50:37.386-0600] {dag.py:3239} INFO - Sync 1 DAGs
[2024-12-10T17:50:37.399-0600] {logging_mixin.py:190} INFO - [2024-12-10T17:50:37.398-0600] {dag.py:4180} INFO - Setting next_dagrun for example_xcom to 2021-01-01 00:00:00+00:00, run_after=2021-01-01 00:00:00+00:00
[2024-12-10T17:50:37.415-0600] {processor.py:208} INFO - Processing /root/airflow_env/lib/python3.12/site-packages/airflow/example_dags/example_xcom.py took 0.055 seconds
[2024-12-10T17:52:19.520-0600] {processor.py:186} INFO - Started process (PID=4408) to work on /root/airflow_env/lib/python3.12/site-packages/airflow/example_dags/example_xcom.py
[2024-12-10T17:52:19.521-0600] {processor.py:914} INFO - Processing file /root/airflow_env/lib/python3.12/site-packages/airflow/example_dags/example_xcom.py for tasks to queue
[2024-12-10T17:52:19.523-0600] {logging_mixin.py:190} INFO - [2024-12-10T17:52:19.522-0600] {dagbag.py:588} INFO - Filling up the DagBag from /root/airflow_env/lib/python3.12/site-packages/airflow/example_dags/example_xcom.py
[2024-12-10T17:52:19.533-0600] {processor.py:925} INFO - DAG(s) 'example_xcom' retrieved from /root/airflow_env/lib/python3.12/site-packages/airflow/example_dags/example_xcom.py
[2024-12-10T17:52:19.554-0600] {logging_mixin.py:190} INFO - [2024-12-10T17:52:19.554-0600] {dag.py:3239} INFO - Sync 1 DAGs
[2024-12-10T17:52:19.573-0600] {logging_mixin.py:190} INFO - [2024-12-10T17:52:19.573-0600] {dag.py:4180} INFO - Setting next_dagrun for example_xcom to 2021-01-01 00:00:00+00:00, run_after=2021-01-01 00:00:00+00:00
[2024-12-10T17:52:19.594-0600] {processor.py:208} INFO - Processing /root/airflow_env/lib/python3.12/site-packages/airflow/example_dags/example_xcom.py took 0.081 seconds
[2024-12-10T17:55:17.715-0600] {processor.py:186} INFO - Started process (PID=4607) to work on /root/airflow_env/lib/python3.12/site-packages/airflow/example_dags/example_xcom.py
[2024-12-10T17:55:17.717-0600] {processor.py:914} INFO - Processing file /root/airflow_env/lib/python3.12/site-packages/airflow/example_dags/example_xcom.py for tasks to queue
[2024-12-10T17:55:17.719-0600] {logging_mixin.py:190} INFO - [2024-12-10T17:55:17.719-0600] {dagbag.py:588} INFO - Filling up the DagBag from /root/airflow_env/lib/python3.12/site-packages/airflow/example_dags/example_xcom.py
[2024-12-10T17:55:17.725-0600] {processor.py:925} INFO - DAG(s) 'example_xcom' retrieved from /root/airflow_env/lib/python3.12/site-packages/airflow/example_dags/example_xcom.py
[2024-12-10T17:55:17.738-0600] {logging_mixin.py:190} INFO - [2024-12-10T17:55:17.737-0600] {dag.py:3239} INFO - Sync 1 DAGs
[2024-12-10T17:55:17.750-0600] {logging_mixin.py:190} INFO - [2024-12-10T17:55:17.750-0600] {dag.py:4180} INFO - Setting next_dagrun for example_xcom to 2021-01-01 00:00:00+00:00, run_after=2021-01-01 00:00:00+00:00
[2024-12-10T17:55:17.767-0600] {processor.py:208} INFO - Processing /root/airflow_env/lib/python3.12/site-packages/airflow/example_dags/example_xcom.py took 0.055 seconds
[2024-12-10T17:56:15.565-0600] {processor.py:186} INFO - Started process (PID=4683) to work on /root/airflow_env/lib/python3.12/site-packages/airflow/example_dags/example_xcom.py
[2024-12-10T17:56:15.568-0600] {processor.py:914} INFO - Processing file /root/airflow_env/lib/python3.12/site-packages/airflow/example_dags/example_xcom.py for tasks to queue
[2024-12-10T17:56:15.569-0600] {logging_mixin.py:190} INFO - [2024-12-10T17:56:15.569-0600] {dagbag.py:588} INFO - Filling up the DagBag from /root/airflow_env/lib/python3.12/site-packages/airflow/example_dags/example_xcom.py
[2024-12-10T17:56:15.577-0600] {processor.py:925} INFO - DAG(s) 'example_xcom' retrieved from /root/airflow_env/lib/python3.12/site-packages/airflow/example_dags/example_xcom.py
[2024-12-10T17:56:15.588-0600] {logging_mixin.py:190} INFO - [2024-12-10T17:56:15.587-0600] {dag.py:3239} INFO - Sync 1 DAGs
[2024-12-10T17:56:15.601-0600] {logging_mixin.py:190} INFO - [2024-12-10T17:56:15.600-0600] {dag.py:4180} INFO - Setting next_dagrun for example_xcom to 2021-01-01 00:00:00+00:00, run_after=2021-01-01 00:00:00+00:00
[2024-12-10T17:56:15.617-0600] {processor.py:208} INFO - Processing /root/airflow_env/lib/python3.12/site-packages/airflow/example_dags/example_xcom.py took 0.056 seconds
[2024-12-10T17:57:10.076-0600] {processor.py:186} INFO - Started process (PID=4756) to work on /root/airflow_env/lib/python3.12/site-packages/airflow/example_dags/example_xcom.py
[2024-12-10T17:57:10.079-0600] {processor.py:914} INFO - Processing file /root/airflow_env/lib/python3.12/site-packages/airflow/example_dags/example_xcom.py for tasks to queue
[2024-12-10T17:57:10.080-0600] {logging_mixin.py:190} INFO - [2024-12-10T17:57:10.080-0600] {dagbag.py:588} INFO - Filling up the DagBag from /root/airflow_env/lib/python3.12/site-packages/airflow/example_dags/example_xcom.py
[2024-12-10T17:57:10.087-0600] {processor.py:925} INFO - DAG(s) 'example_xcom' retrieved from /root/airflow_env/lib/python3.12/site-packages/airflow/example_dags/example_xcom.py
[2024-12-10T17:57:10.099-0600] {logging_mixin.py:190} INFO - [2024-12-10T17:57:10.099-0600] {dag.py:3239} INFO - Sync 1 DAGs
[2024-12-10T17:57:10.112-0600] {logging_mixin.py:190} INFO - [2024-12-10T17:57:10.112-0600] {dag.py:4180} INFO - Setting next_dagrun for example_xcom to 2021-01-01 00:00:00+00:00, run_after=2021-01-01 00:00:00+00:00
[2024-12-10T17:57:10.131-0600] {processor.py:208} INFO - Processing /root/airflow_env/lib/python3.12/site-packages/airflow/example_dags/example_xcom.py took 0.060 seconds
[2024-12-10T17:58:04.896-0600] {processor.py:186} INFO - Started process (PID=4824) to work on /root/airflow_env/lib/python3.12/site-packages/airflow/example_dags/example_xcom.py
[2024-12-10T17:58:04.898-0600] {processor.py:914} INFO - Processing file /root/airflow_env/lib/python3.12/site-packages/airflow/example_dags/example_xcom.py for tasks to queue
[2024-12-10T17:58:04.900-0600] {logging_mixin.py:190} INFO - [2024-12-10T17:58:04.900-0600] {dagbag.py:588} INFO - Filling up the DagBag from /root/airflow_env/lib/python3.12/site-packages/airflow/example_dags/example_xcom.py
[2024-12-10T17:58:04.907-0600] {processor.py:925} INFO - DAG(s) 'example_xcom' retrieved from /root/airflow_env/lib/python3.12/site-packages/airflow/example_dags/example_xcom.py
[2024-12-10T17:58:04.920-0600] {logging_mixin.py:190} INFO - [2024-12-10T17:58:04.920-0600] {dag.py:3239} INFO - Sync 1 DAGs
[2024-12-10T17:58:04.933-0600] {logging_mixin.py:190} INFO - [2024-12-10T17:58:04.933-0600] {dag.py:4180} INFO - Setting next_dagrun for example_xcom to 2021-01-01 00:00:00+00:00, run_after=2021-01-01 00:00:00+00:00
[2024-12-10T17:58:04.950-0600] {processor.py:208} INFO - Processing /root/airflow_env/lib/python3.12/site-packages/airflow/example_dags/example_xcom.py took 0.058 seconds
[2024-12-10T17:59:18.952-0600] {processor.py:186} INFO - Started process (PID=4939) to work on /root/airflow_env/lib/python3.12/site-packages/airflow/example_dags/example_xcom.py
[2024-12-10T17:59:18.955-0600] {processor.py:914} INFO - Processing file /root/airflow_env/lib/python3.12/site-packages/airflow/example_dags/example_xcom.py for tasks to queue
[2024-12-10T17:59:18.956-0600] {logging_mixin.py:190} INFO - [2024-12-10T17:59:18.956-0600] {dagbag.py:588} INFO - Filling up the DagBag from /root/airflow_env/lib/python3.12/site-packages/airflow/example_dags/example_xcom.py
[2024-12-10T17:59:18.963-0600] {processor.py:925} INFO - DAG(s) 'example_xcom' retrieved from /root/airflow_env/lib/python3.12/site-packages/airflow/example_dags/example_xcom.py
[2024-12-10T17:59:18.978-0600] {logging_mixin.py:190} INFO - [2024-12-10T17:59:18.978-0600] {dag.py:3239} INFO - Sync 1 DAGs
[2024-12-10T17:59:18.992-0600] {logging_mixin.py:190} INFO - [2024-12-10T17:59:18.992-0600] {dag.py:4180} INFO - Setting next_dagrun for example_xcom to 2021-01-01 00:00:00+00:00, run_after=2021-01-01 00:00:00+00:00
[2024-12-10T17:59:19.011-0600] {processor.py:208} INFO - Processing /root/airflow_env/lib/python3.12/site-packages/airflow/example_dags/example_xcom.py took 0.063 seconds
