[2024-12-10T16:59:59.136-0600] {processor.py:186} INFO - Started process (PID=687) to work on /root/airflow_env/lib/python3.12/site-packages/airflow/example_dags/example_bash_operator.py
[2024-12-10T16:59:59.137-0600] {processor.py:914} INFO - Processing file /root/airflow_env/lib/python3.12/site-packages/airflow/example_dags/example_bash_operator.py for tasks to queue
[2024-12-10T16:59:59.138-0600] {logging_mixin.py:190} INFO - [2024-12-10T16:59:59.138-0600] {dagbag.py:588} INFO - Filling up the DagBag from /root/airflow_env/lib/python3.12/site-packages/airflow/example_dags/example_bash_operator.py
[2024-12-10T16:59:59.157-0600] {processor.py:925} INFO - DAG(s) 'example_bash_operator' retrieved from /root/airflow_env/lib/python3.12/site-packages/airflow/example_dags/example_bash_operator.py
[2024-12-10T16:59:59.181-0600] {logging_mixin.py:190} INFO - [2024-12-10T16:59:59.180-0600] {dag.py:3239} INFO - Sync 1 DAGs
[2024-12-10T16:59:59.200-0600] {logging_mixin.py:190} INFO - [2024-12-10T16:59:59.200-0600] {dag.py:4180} INFO - Setting next_dagrun for example_bash_operator to 2024-12-09 00:00:00+00:00, run_after=2024-12-10 00:00:00+00:00
[2024-12-10T16:59:59.252-0600] {processor.py:208} INFO - Processing /root/airflow_env/lib/python3.12/site-packages/airflow/example_dags/example_bash_operator.py took 0.121 seconds
[2024-12-10T17:00:56.195-0600] {processor.py:186} INFO - Started process (PID=759) to work on /root/airflow_env/lib/python3.12/site-packages/airflow/example_dags/example_bash_operator.py
[2024-12-10T17:00:56.196-0600] {processor.py:914} INFO - Processing file /root/airflow_env/lib/python3.12/site-packages/airflow/example_dags/example_bash_operator.py for tasks to queue
[2024-12-10T17:00:56.198-0600] {logging_mixin.py:190} INFO - [2024-12-10T17:00:56.197-0600] {dagbag.py:588} INFO - Filling up the DagBag from /root/airflow_env/lib/python3.12/site-packages/airflow/example_dags/example_bash_operator.py
[2024-12-10T17:00:56.209-0600] {processor.py:925} INFO - DAG(s) 'example_bash_operator' retrieved from /root/airflow_env/lib/python3.12/site-packages/airflow/example_dags/example_bash_operator.py
[2024-12-10T17:00:56.225-0600] {logging_mixin.py:190} INFO - [2024-12-10T17:00:56.225-0600] {dag.py:3239} INFO - Sync 1 DAGs
[2024-12-10T17:00:56.243-0600] {logging_mixin.py:190} INFO - [2024-12-10T17:00:56.243-0600] {dag.py:4180} INFO - Setting next_dagrun for example_bash_operator to 2024-12-09 00:00:00+00:00, run_after=2024-12-10 00:00:00+00:00
[2024-12-10T17:00:56.262-0600] {processor.py:208} INFO - Processing /root/airflow_env/lib/python3.12/site-packages/airflow/example_dags/example_bash_operator.py took 0.072 seconds
[2024-12-10T17:02:09.878-0600] {processor.py:186} INFO - Started process (PID=897) to work on /root/airflow_env/lib/python3.12/site-packages/airflow/example_dags/example_bash_operator.py
[2024-12-10T17:02:09.880-0600] {processor.py:914} INFO - Processing file /root/airflow_env/lib/python3.12/site-packages/airflow/example_dags/example_bash_operator.py for tasks to queue
[2024-12-10T17:02:09.883-0600] {logging_mixin.py:190} INFO - [2024-12-10T17:02:09.882-0600] {dagbag.py:588} INFO - Filling up the DagBag from /root/airflow_env/lib/python3.12/site-packages/airflow/example_dags/example_bash_operator.py
[2024-12-10T17:02:09.907-0600] {processor.py:925} INFO - DAG(s) 'example_bash_operator' retrieved from /root/airflow_env/lib/python3.12/site-packages/airflow/example_dags/example_bash_operator.py
[2024-12-10T17:02:09.948-0600] {logging_mixin.py:190} INFO - [2024-12-10T17:02:09.948-0600] {dag.py:3239} INFO - Sync 1 DAGs
[2024-12-10T17:02:09.983-0600] {logging_mixin.py:190} INFO - [2024-12-10T17:02:09.983-0600] {dag.py:4180} INFO - Setting next_dagrun for example_bash_operator to 2024-12-09 00:00:00+00:00, run_after=2024-12-10 00:00:00+00:00
[2024-12-10T17:02:10.027-0600] {processor.py:208} INFO - Processing /root/airflow_env/lib/python3.12/site-packages/airflow/example_dags/example_bash_operator.py took 0.159 seconds
[2024-12-10T17:03:07.218-0600] {processor.py:186} INFO - Started process (PID=968) to work on /root/airflow_env/lib/python3.12/site-packages/airflow/example_dags/example_bash_operator.py
[2024-12-10T17:03:07.219-0600] {processor.py:914} INFO - Processing file /root/airflow_env/lib/python3.12/site-packages/airflow/example_dags/example_bash_operator.py for tasks to queue
[2024-12-10T17:03:07.220-0600] {logging_mixin.py:190} INFO - [2024-12-10T17:03:07.220-0600] {dagbag.py:588} INFO - Filling up the DagBag from /root/airflow_env/lib/python3.12/site-packages/airflow/example_dags/example_bash_operator.py
[2024-12-10T17:03:07.230-0600] {processor.py:925} INFO - DAG(s) 'example_bash_operator' retrieved from /root/airflow_env/lib/python3.12/site-packages/airflow/example_dags/example_bash_operator.py
[2024-12-10T17:03:07.245-0600] {logging_mixin.py:190} INFO - [2024-12-10T17:03:07.245-0600] {dag.py:3239} INFO - Sync 1 DAGs
[2024-12-10T17:03:07.260-0600] {logging_mixin.py:190} INFO - [2024-12-10T17:03:07.260-0600] {dag.py:4180} INFO - Setting next_dagrun for example_bash_operator to 2024-12-09 00:00:00+00:00, run_after=2024-12-10 00:00:00+00:00
[2024-12-10T17:03:07.277-0600] {processor.py:208} INFO - Processing /root/airflow_env/lib/python3.12/site-packages/airflow/example_dags/example_bash_operator.py took 0.064 seconds
[2024-12-10T17:03:58.699-0600] {processor.py:186} INFO - Started process (PID=1030) to work on /root/airflow_env/lib/python3.12/site-packages/airflow/example_dags/example_bash_operator.py
[2024-12-10T17:03:58.700-0600] {processor.py:914} INFO - Processing file /root/airflow_env/lib/python3.12/site-packages/airflow/example_dags/example_bash_operator.py for tasks to queue
[2024-12-10T17:03:58.702-0600] {logging_mixin.py:190} INFO - [2024-12-10T17:03:58.702-0600] {dagbag.py:588} INFO - Filling up the DagBag from /root/airflow_env/lib/python3.12/site-packages/airflow/example_dags/example_bash_operator.py
[2024-12-10T17:03:58.713-0600] {processor.py:925} INFO - DAG(s) 'example_bash_operator' retrieved from /root/airflow_env/lib/python3.12/site-packages/airflow/example_dags/example_bash_operator.py
[2024-12-10T17:03:58.729-0600] {logging_mixin.py:190} INFO - [2024-12-10T17:03:58.729-0600] {dag.py:3239} INFO - Sync 1 DAGs
[2024-12-10T17:03:58.744-0600] {logging_mixin.py:190} INFO - [2024-12-10T17:03:58.744-0600] {dag.py:4180} INFO - Setting next_dagrun for example_bash_operator to 2024-12-09 00:00:00+00:00, run_after=2024-12-10 00:00:00+00:00
[2024-12-10T17:03:58.763-0600] {processor.py:208} INFO - Processing /root/airflow_env/lib/python3.12/site-packages/airflow/example_dags/example_bash_operator.py took 0.070 seconds
[2024-12-10T17:04:54.456-0600] {processor.py:186} INFO - Started process (PID=1089) to work on /root/airflow_env/lib/python3.12/site-packages/airflow/example_dags/example_bash_operator.py
[2024-12-10T17:04:54.457-0600] {processor.py:914} INFO - Processing file /root/airflow_env/lib/python3.12/site-packages/airflow/example_dags/example_bash_operator.py for tasks to queue
[2024-12-10T17:04:54.459-0600] {logging_mixin.py:190} INFO - [2024-12-10T17:04:54.459-0600] {dagbag.py:588} INFO - Filling up the DagBag from /root/airflow_env/lib/python3.12/site-packages/airflow/example_dags/example_bash_operator.py
[2024-12-10T17:04:54.475-0600] {processor.py:925} INFO - DAG(s) 'example_bash_operator' retrieved from /root/airflow_env/lib/python3.12/site-packages/airflow/example_dags/example_bash_operator.py
[2024-12-10T17:04:54.502-0600] {logging_mixin.py:190} INFO - [2024-12-10T17:04:54.502-0600] {dag.py:3239} INFO - Sync 1 DAGs
[2024-12-10T17:04:54.525-0600] {logging_mixin.py:190} INFO - [2024-12-10T17:04:54.524-0600] {dag.py:4180} INFO - Setting next_dagrun for example_bash_operator to 2024-12-09 00:00:00+00:00, run_after=2024-12-10 00:00:00+00:00
[2024-12-10T17:04:54.547-0600] {processor.py:208} INFO - Processing /root/airflow_env/lib/python3.12/site-packages/airflow/example_dags/example_bash_operator.py took 0.097 seconds
[2024-12-10T17:05:47.118-0600] {processor.py:186} INFO - Started process (PID=1151) to work on /root/airflow_env/lib/python3.12/site-packages/airflow/example_dags/example_bash_operator.py
[2024-12-10T17:05:47.126-0600] {processor.py:914} INFO - Processing file /root/airflow_env/lib/python3.12/site-packages/airflow/example_dags/example_bash_operator.py for tasks to queue
[2024-12-10T17:05:47.128-0600] {logging_mixin.py:190} INFO - [2024-12-10T17:05:47.128-0600] {dagbag.py:588} INFO - Filling up the DagBag from /root/airflow_env/lib/python3.12/site-packages/airflow/example_dags/example_bash_operator.py
[2024-12-10T17:05:47.150-0600] {processor.py:925} INFO - DAG(s) 'example_bash_operator' retrieved from /root/airflow_env/lib/python3.12/site-packages/airflow/example_dags/example_bash_operator.py
[2024-12-10T17:05:47.168-0600] {logging_mixin.py:190} INFO - [2024-12-10T17:05:47.168-0600] {dag.py:3239} INFO - Sync 1 DAGs
[2024-12-10T17:05:47.191-0600] {logging_mixin.py:190} INFO - [2024-12-10T17:05:47.191-0600] {dag.py:4180} INFO - Setting next_dagrun for example_bash_operator to 2024-12-09 00:00:00+00:00, run_after=2024-12-10 00:00:00+00:00
[2024-12-10T17:05:47.218-0600] {processor.py:208} INFO - Processing /root/airflow_env/lib/python3.12/site-packages/airflow/example_dags/example_bash_operator.py took 0.104 seconds
[2024-12-10T17:06:41.046-0600] {processor.py:186} INFO - Started process (PID=1214) to work on /root/airflow_env/lib/python3.12/site-packages/airflow/example_dags/example_bash_operator.py
[2024-12-10T17:06:41.048-0600] {processor.py:914} INFO - Processing file /root/airflow_env/lib/python3.12/site-packages/airflow/example_dags/example_bash_operator.py for tasks to queue
[2024-12-10T17:06:41.051-0600] {logging_mixin.py:190} INFO - [2024-12-10T17:06:41.049-0600] {dagbag.py:588} INFO - Filling up the DagBag from /root/airflow_env/lib/python3.12/site-packages/airflow/example_dags/example_bash_operator.py
[2024-12-10T17:06:41.070-0600] {processor.py:925} INFO - DAG(s) 'example_bash_operator' retrieved from /root/airflow_env/lib/python3.12/site-packages/airflow/example_dags/example_bash_operator.py
[2024-12-10T17:06:41.090-0600] {logging_mixin.py:190} INFO - [2024-12-10T17:06:41.090-0600] {dag.py:3239} INFO - Sync 1 DAGs
[2024-12-10T17:06:41.109-0600] {logging_mixin.py:190} INFO - [2024-12-10T17:06:41.108-0600] {dag.py:4180} INFO - Setting next_dagrun for example_bash_operator to 2024-12-09 00:00:00+00:00, run_after=2024-12-10 00:00:00+00:00
[2024-12-10T17:06:41.133-0600] {processor.py:208} INFO - Processing /root/airflow_env/lib/python3.12/site-packages/airflow/example_dags/example_bash_operator.py took 0.094 seconds
[2024-12-10T17:07:35.357-0600] {processor.py:186} INFO - Started process (PID=1275) to work on /root/airflow_env/lib/python3.12/site-packages/airflow/example_dags/example_bash_operator.py
[2024-12-10T17:07:35.359-0600] {processor.py:914} INFO - Processing file /root/airflow_env/lib/python3.12/site-packages/airflow/example_dags/example_bash_operator.py for tasks to queue
[2024-12-10T17:07:35.360-0600] {logging_mixin.py:190} INFO - [2024-12-10T17:07:35.360-0600] {dagbag.py:588} INFO - Filling up the DagBag from /root/airflow_env/lib/python3.12/site-packages/airflow/example_dags/example_bash_operator.py
[2024-12-10T17:07:35.370-0600] {processor.py:925} INFO - DAG(s) 'example_bash_operator' retrieved from /root/airflow_env/lib/python3.12/site-packages/airflow/example_dags/example_bash_operator.py
[2024-12-10T17:07:35.384-0600] {logging_mixin.py:190} INFO - [2024-12-10T17:07:35.384-0600] {dag.py:3239} INFO - Sync 1 DAGs
[2024-12-10T17:07:35.398-0600] {logging_mixin.py:190} INFO - [2024-12-10T17:07:35.398-0600] {dag.py:4180} INFO - Setting next_dagrun for example_bash_operator to 2024-12-09 00:00:00+00:00, run_after=2024-12-10 00:00:00+00:00
[2024-12-10T17:07:35.415-0600] {processor.py:208} INFO - Processing /root/airflow_env/lib/python3.12/site-packages/airflow/example_dags/example_bash_operator.py took 0.062 seconds
[2024-12-10T17:08:24.905-0600] {processor.py:186} INFO - Started process (PID=1375) to work on /root/airflow_env/lib/python3.12/site-packages/airflow/example_dags/example_bash_operator.py
[2024-12-10T17:08:24.907-0600] {processor.py:914} INFO - Processing file /root/airflow_env/lib/python3.12/site-packages/airflow/example_dags/example_bash_operator.py for tasks to queue
[2024-12-10T17:08:24.908-0600] {logging_mixin.py:190} INFO - [2024-12-10T17:08:24.908-0600] {dagbag.py:588} INFO - Filling up the DagBag from /root/airflow_env/lib/python3.12/site-packages/airflow/example_dags/example_bash_operator.py
[2024-12-10T17:08:24.918-0600] {processor.py:925} INFO - DAG(s) 'example_bash_operator' retrieved from /root/airflow_env/lib/python3.12/site-packages/airflow/example_dags/example_bash_operator.py
[2024-12-10T17:08:24.933-0600] {logging_mixin.py:190} INFO - [2024-12-10T17:08:24.933-0600] {dag.py:3239} INFO - Sync 1 DAGs
[2024-12-10T17:08:24.947-0600] {logging_mixin.py:190} INFO - [2024-12-10T17:08:24.947-0600] {dag.py:4180} INFO - Setting next_dagrun for example_bash_operator to 2024-12-09 00:00:00+00:00, run_after=2024-12-10 00:00:00+00:00
[2024-12-10T17:08:24.966-0600] {processor.py:208} INFO - Processing /root/airflow_env/lib/python3.12/site-packages/airflow/example_dags/example_bash_operator.py took 0.064 seconds
[2024-12-10T17:09:14.449-0600] {processor.py:186} INFO - Started process (PID=1438) to work on /root/airflow_env/lib/python3.12/site-packages/airflow/example_dags/example_bash_operator.py
[2024-12-10T17:09:14.451-0600] {processor.py:914} INFO - Processing file /root/airflow_env/lib/python3.12/site-packages/airflow/example_dags/example_bash_operator.py for tasks to queue
[2024-12-10T17:09:14.452-0600] {logging_mixin.py:190} INFO - [2024-12-10T17:09:14.452-0600] {dagbag.py:588} INFO - Filling up the DagBag from /root/airflow_env/lib/python3.12/site-packages/airflow/example_dags/example_bash_operator.py
[2024-12-10T17:09:14.462-0600] {processor.py:925} INFO - DAG(s) 'example_bash_operator' retrieved from /root/airflow_env/lib/python3.12/site-packages/airflow/example_dags/example_bash_operator.py
[2024-12-10T17:09:14.477-0600] {logging_mixin.py:190} INFO - [2024-12-10T17:09:14.476-0600] {dag.py:3239} INFO - Sync 1 DAGs
[2024-12-10T17:09:14.492-0600] {logging_mixin.py:190} INFO - [2024-12-10T17:09:14.492-0600] {dag.py:4180} INFO - Setting next_dagrun for example_bash_operator to 2024-12-09 00:00:00+00:00, run_after=2024-12-10 00:00:00+00:00
[2024-12-10T17:09:14.509-0600] {processor.py:208} INFO - Processing /root/airflow_env/lib/python3.12/site-packages/airflow/example_dags/example_bash_operator.py took 0.064 seconds
[2024-12-10T17:10:08.329-0600] {processor.py:186} INFO - Started process (PID=1505) to work on /root/airflow_env/lib/python3.12/site-packages/airflow/example_dags/example_bash_operator.py
[2024-12-10T17:10:08.331-0600] {processor.py:914} INFO - Processing file /root/airflow_env/lib/python3.12/site-packages/airflow/example_dags/example_bash_operator.py for tasks to queue
[2024-12-10T17:10:08.333-0600] {logging_mixin.py:190} INFO - [2024-12-10T17:10:08.332-0600] {dagbag.py:588} INFO - Filling up the DagBag from /root/airflow_env/lib/python3.12/site-packages/airflow/example_dags/example_bash_operator.py
[2024-12-10T17:10:08.342-0600] {processor.py:925} INFO - DAG(s) 'example_bash_operator' retrieved from /root/airflow_env/lib/python3.12/site-packages/airflow/example_dags/example_bash_operator.py
[2024-12-10T17:10:08.357-0600] {logging_mixin.py:190} INFO - [2024-12-10T17:10:08.357-0600] {dag.py:3239} INFO - Sync 1 DAGs
[2024-12-10T17:10:08.371-0600] {logging_mixin.py:190} INFO - [2024-12-10T17:10:08.371-0600] {dag.py:4180} INFO - Setting next_dagrun for example_bash_operator to 2024-12-09 00:00:00+00:00, run_after=2024-12-10 00:00:00+00:00
[2024-12-10T17:10:08.388-0600] {processor.py:208} INFO - Processing /root/airflow_env/lib/python3.12/site-packages/airflow/example_dags/example_bash_operator.py took 0.062 seconds
[2024-12-10T17:10:57.156-0600] {processor.py:186} INFO - Started process (PID=1563) to work on /root/airflow_env/lib/python3.12/site-packages/airflow/example_dags/example_bash_operator.py
[2024-12-10T17:10:57.158-0600] {processor.py:914} INFO - Processing file /root/airflow_env/lib/python3.12/site-packages/airflow/example_dags/example_bash_operator.py for tasks to queue
[2024-12-10T17:10:57.159-0600] {logging_mixin.py:190} INFO - [2024-12-10T17:10:57.159-0600] {dagbag.py:588} INFO - Filling up the DagBag from /root/airflow_env/lib/python3.12/site-packages/airflow/example_dags/example_bash_operator.py
[2024-12-10T17:10:57.170-0600] {processor.py:925} INFO - DAG(s) 'example_bash_operator' retrieved from /root/airflow_env/lib/python3.12/site-packages/airflow/example_dags/example_bash_operator.py
[2024-12-10T17:10:57.184-0600] {logging_mixin.py:190} INFO - [2024-12-10T17:10:57.184-0600] {dag.py:3239} INFO - Sync 1 DAGs
[2024-12-10T17:10:57.197-0600] {logging_mixin.py:190} INFO - [2024-12-10T17:10:57.197-0600] {dag.py:4180} INFO - Setting next_dagrun for example_bash_operator to 2024-12-09 00:00:00+00:00, run_after=2024-12-10 00:00:00+00:00
[2024-12-10T17:10:57.215-0600] {processor.py:208} INFO - Processing /root/airflow_env/lib/python3.12/site-packages/airflow/example_dags/example_bash_operator.py took 0.063 seconds
[2024-12-10T17:11:47.493-0600] {processor.py:186} INFO - Started process (PID=1624) to work on /root/airflow_env/lib/python3.12/site-packages/airflow/example_dags/example_bash_operator.py
[2024-12-10T17:11:47.495-0600] {processor.py:914} INFO - Processing file /root/airflow_env/lib/python3.12/site-packages/airflow/example_dags/example_bash_operator.py for tasks to queue
[2024-12-10T17:11:47.497-0600] {logging_mixin.py:190} INFO - [2024-12-10T17:11:47.496-0600] {dagbag.py:588} INFO - Filling up the DagBag from /root/airflow_env/lib/python3.12/site-packages/airflow/example_dags/example_bash_operator.py
[2024-12-10T17:11:47.507-0600] {processor.py:925} INFO - DAG(s) 'example_bash_operator' retrieved from /root/airflow_env/lib/python3.12/site-packages/airflow/example_dags/example_bash_operator.py
[2024-12-10T17:11:47.522-0600] {logging_mixin.py:190} INFO - [2024-12-10T17:11:47.522-0600] {dag.py:3239} INFO - Sync 1 DAGs
[2024-12-10T17:11:47.535-0600] {logging_mixin.py:190} INFO - [2024-12-10T17:11:47.535-0600] {dag.py:4180} INFO - Setting next_dagrun for example_bash_operator to 2024-12-09 00:00:00+00:00, run_after=2024-12-10 00:00:00+00:00
[2024-12-10T17:11:47.553-0600] {processor.py:208} INFO - Processing /root/airflow_env/lib/python3.12/site-packages/airflow/example_dags/example_bash_operator.py took 0.064 seconds
[2024-12-10T17:12:38.920-0600] {processor.py:186} INFO - Started process (PID=1683) to work on /root/airflow_env/lib/python3.12/site-packages/airflow/example_dags/example_bash_operator.py
[2024-12-10T17:12:38.923-0600] {processor.py:914} INFO - Processing file /root/airflow_env/lib/python3.12/site-packages/airflow/example_dags/example_bash_operator.py for tasks to queue
[2024-12-10T17:12:38.924-0600] {logging_mixin.py:190} INFO - [2024-12-10T17:12:38.924-0600] {dagbag.py:588} INFO - Filling up the DagBag from /root/airflow_env/lib/python3.12/site-packages/airflow/example_dags/example_bash_operator.py
[2024-12-10T17:12:38.933-0600] {processor.py:925} INFO - DAG(s) 'example_bash_operator' retrieved from /root/airflow_env/lib/python3.12/site-packages/airflow/example_dags/example_bash_operator.py
[2024-12-10T17:12:38.947-0600] {logging_mixin.py:190} INFO - [2024-12-10T17:12:38.947-0600] {dag.py:3239} INFO - Sync 1 DAGs
[2024-12-10T17:12:38.961-0600] {logging_mixin.py:190} INFO - [2024-12-10T17:12:38.961-0600] {dag.py:4180} INFO - Setting next_dagrun for example_bash_operator to 2024-12-09 00:00:00+00:00, run_after=2024-12-10 00:00:00+00:00
[2024-12-10T17:12:38.978-0600] {processor.py:208} INFO - Processing /root/airflow_env/lib/python3.12/site-packages/airflow/example_dags/example_bash_operator.py took 0.061 seconds
[2024-12-10T17:13:31.412-0600] {processor.py:186} INFO - Started process (PID=1739) to work on /root/airflow_env/lib/python3.12/site-packages/airflow/example_dags/example_bash_operator.py
[2024-12-10T17:13:31.413-0600] {processor.py:914} INFO - Processing file /root/airflow_env/lib/python3.12/site-packages/airflow/example_dags/example_bash_operator.py for tasks to queue
[2024-12-10T17:13:31.415-0600] {logging_mixin.py:190} INFO - [2024-12-10T17:13:31.415-0600] {dagbag.py:588} INFO - Filling up the DagBag from /root/airflow_env/lib/python3.12/site-packages/airflow/example_dags/example_bash_operator.py
[2024-12-10T17:13:31.424-0600] {processor.py:925} INFO - DAG(s) 'example_bash_operator' retrieved from /root/airflow_env/lib/python3.12/site-packages/airflow/example_dags/example_bash_operator.py
[2024-12-10T17:13:31.439-0600] {logging_mixin.py:190} INFO - [2024-12-10T17:13:31.439-0600] {dag.py:3239} INFO - Sync 1 DAGs
[2024-12-10T17:13:31.460-0600] {logging_mixin.py:190} INFO - [2024-12-10T17:13:31.460-0600] {dag.py:4180} INFO - Setting next_dagrun for example_bash_operator to 2024-12-09 00:00:00+00:00, run_after=2024-12-10 00:00:00+00:00
[2024-12-10T17:13:31.478-0600] {processor.py:208} INFO - Processing /root/airflow_env/lib/python3.12/site-packages/airflow/example_dags/example_bash_operator.py took 0.070 seconds
[2024-12-10T17:14:21.714-0600] {processor.py:186} INFO - Started process (PID=1794) to work on /root/airflow_env/lib/python3.12/site-packages/airflow/example_dags/example_bash_operator.py
[2024-12-10T17:14:21.717-0600] {processor.py:914} INFO - Processing file /root/airflow_env/lib/python3.12/site-packages/airflow/example_dags/example_bash_operator.py for tasks to queue
[2024-12-10T17:14:21.719-0600] {logging_mixin.py:190} INFO - [2024-12-10T17:14:21.718-0600] {dagbag.py:588} INFO - Filling up the DagBag from /root/airflow_env/lib/python3.12/site-packages/airflow/example_dags/example_bash_operator.py
[2024-12-10T17:14:21.728-0600] {processor.py:925} INFO - DAG(s) 'example_bash_operator' retrieved from /root/airflow_env/lib/python3.12/site-packages/airflow/example_dags/example_bash_operator.py
[2024-12-10T17:14:21.744-0600] {logging_mixin.py:190} INFO - [2024-12-10T17:14:21.744-0600] {dag.py:3239} INFO - Sync 1 DAGs
[2024-12-10T17:14:21.757-0600] {logging_mixin.py:190} INFO - [2024-12-10T17:14:21.757-0600] {dag.py:4180} INFO - Setting next_dagrun for example_bash_operator to 2024-12-09 00:00:00+00:00, run_after=2024-12-10 00:00:00+00:00
[2024-12-10T17:14:21.775-0600] {processor.py:208} INFO - Processing /root/airflow_env/lib/python3.12/site-packages/airflow/example_dags/example_bash_operator.py took 0.065 seconds
[2024-12-10T17:15:15.770-0600] {processor.py:186} INFO - Started process (PID=1864) to work on /root/airflow_env/lib/python3.12/site-packages/airflow/example_dags/example_bash_operator.py
[2024-12-10T17:15:15.771-0600] {processor.py:914} INFO - Processing file /root/airflow_env/lib/python3.12/site-packages/airflow/example_dags/example_bash_operator.py for tasks to queue
[2024-12-10T17:15:15.773-0600] {logging_mixin.py:190} INFO - [2024-12-10T17:15:15.773-0600] {dagbag.py:588} INFO - Filling up the DagBag from /root/airflow_env/lib/python3.12/site-packages/airflow/example_dags/example_bash_operator.py
[2024-12-10T17:15:15.783-0600] {processor.py:925} INFO - DAG(s) 'example_bash_operator' retrieved from /root/airflow_env/lib/python3.12/site-packages/airflow/example_dags/example_bash_operator.py
[2024-12-10T17:15:15.800-0600] {logging_mixin.py:190} INFO - [2024-12-10T17:15:15.800-0600] {dag.py:3239} INFO - Sync 1 DAGs
[2024-12-10T17:15:15.815-0600] {logging_mixin.py:190} INFO - [2024-12-10T17:15:15.814-0600] {dag.py:4180} INFO - Setting next_dagrun for example_bash_operator to 2024-12-09 00:00:00+00:00, run_after=2024-12-10 00:00:00+00:00
[2024-12-10T17:15:15.834-0600] {processor.py:208} INFO - Processing /root/airflow_env/lib/python3.12/site-packages/airflow/example_dags/example_bash_operator.py took 0.068 seconds
[2024-12-10T17:16:06.116-0600] {processor.py:186} INFO - Started process (PID=1925) to work on /root/airflow_env/lib/python3.12/site-packages/airflow/example_dags/example_bash_operator.py
[2024-12-10T17:16:06.119-0600] {processor.py:914} INFO - Processing file /root/airflow_env/lib/python3.12/site-packages/airflow/example_dags/example_bash_operator.py for tasks to queue
[2024-12-10T17:16:06.120-0600] {logging_mixin.py:190} INFO - [2024-12-10T17:16:06.120-0600] {dagbag.py:588} INFO - Filling up the DagBag from /root/airflow_env/lib/python3.12/site-packages/airflow/example_dags/example_bash_operator.py
[2024-12-10T17:16:06.130-0600] {processor.py:925} INFO - DAG(s) 'example_bash_operator' retrieved from /root/airflow_env/lib/python3.12/site-packages/airflow/example_dags/example_bash_operator.py
[2024-12-10T17:16:06.144-0600] {logging_mixin.py:190} INFO - [2024-12-10T17:16:06.144-0600] {dag.py:3239} INFO - Sync 1 DAGs
[2024-12-10T17:16:06.158-0600] {logging_mixin.py:190} INFO - [2024-12-10T17:16:06.157-0600] {dag.py:4180} INFO - Setting next_dagrun for example_bash_operator to 2024-12-09 00:00:00+00:00, run_after=2024-12-10 00:00:00+00:00
[2024-12-10T17:16:06.174-0600] {processor.py:208} INFO - Processing /root/airflow_env/lib/python3.12/site-packages/airflow/example_dags/example_bash_operator.py took 0.061 seconds
[2024-12-10T17:16:58.646-0600] {processor.py:186} INFO - Started process (PID=1985) to work on /root/airflow_env/lib/python3.12/site-packages/airflow/example_dags/example_bash_operator.py
[2024-12-10T17:16:58.649-0600] {processor.py:914} INFO - Processing file /root/airflow_env/lib/python3.12/site-packages/airflow/example_dags/example_bash_operator.py for tasks to queue
[2024-12-10T17:16:58.650-0600] {logging_mixin.py:190} INFO - [2024-12-10T17:16:58.650-0600] {dagbag.py:588} INFO - Filling up the DagBag from /root/airflow_env/lib/python3.12/site-packages/airflow/example_dags/example_bash_operator.py
[2024-12-10T17:16:58.659-0600] {processor.py:925} INFO - DAG(s) 'example_bash_operator' retrieved from /root/airflow_env/lib/python3.12/site-packages/airflow/example_dags/example_bash_operator.py
[2024-12-10T17:16:58.674-0600] {logging_mixin.py:190} INFO - [2024-12-10T17:16:58.673-0600] {dag.py:3239} INFO - Sync 1 DAGs
[2024-12-10T17:16:58.687-0600] {logging_mixin.py:190} INFO - [2024-12-10T17:16:58.686-0600] {dag.py:4180} INFO - Setting next_dagrun for example_bash_operator to 2024-12-09 00:00:00+00:00, run_after=2024-12-10 00:00:00+00:00
[2024-12-10T17:16:58.702-0600] {processor.py:208} INFO - Processing /root/airflow_env/lib/python3.12/site-packages/airflow/example_dags/example_bash_operator.py took 0.060 seconds
[2024-12-10T17:17:50.043-0600] {processor.py:186} INFO - Started process (PID=2045) to work on /root/airflow_env/lib/python3.12/site-packages/airflow/example_dags/example_bash_operator.py
[2024-12-10T17:17:50.046-0600] {processor.py:914} INFO - Processing file /root/airflow_env/lib/python3.12/site-packages/airflow/example_dags/example_bash_operator.py for tasks to queue
[2024-12-10T17:17:50.047-0600] {logging_mixin.py:190} INFO - [2024-12-10T17:17:50.047-0600] {dagbag.py:588} INFO - Filling up the DagBag from /root/airflow_env/lib/python3.12/site-packages/airflow/example_dags/example_bash_operator.py
[2024-12-10T17:17:50.056-0600] {processor.py:925} INFO - DAG(s) 'example_bash_operator' retrieved from /root/airflow_env/lib/python3.12/site-packages/airflow/example_dags/example_bash_operator.py
[2024-12-10T17:17:50.071-0600] {logging_mixin.py:190} INFO - [2024-12-10T17:17:50.071-0600] {dag.py:3239} INFO - Sync 1 DAGs
[2024-12-10T17:17:50.084-0600] {logging_mixin.py:190} INFO - [2024-12-10T17:17:50.084-0600] {dag.py:4180} INFO - Setting next_dagrun for example_bash_operator to 2024-12-09 00:00:00+00:00, run_after=2024-12-10 00:00:00+00:00
[2024-12-10T17:17:50.101-0600] {processor.py:208} INFO - Processing /root/airflow_env/lib/python3.12/site-packages/airflow/example_dags/example_bash_operator.py took 0.062 seconds
[2024-12-10T17:18:42.862-0600] {processor.py:186} INFO - Started process (PID=2101) to work on /root/airflow_env/lib/python3.12/site-packages/airflow/example_dags/example_bash_operator.py
[2024-12-10T17:18:42.865-0600] {processor.py:914} INFO - Processing file /root/airflow_env/lib/python3.12/site-packages/airflow/example_dags/example_bash_operator.py for tasks to queue
[2024-12-10T17:18:42.866-0600] {logging_mixin.py:190} INFO - [2024-12-10T17:18:42.866-0600] {dagbag.py:588} INFO - Filling up the DagBag from /root/airflow_env/lib/python3.12/site-packages/airflow/example_dags/example_bash_operator.py
[2024-12-10T17:18:42.875-0600] {processor.py:925} INFO - DAG(s) 'example_bash_operator' retrieved from /root/airflow_env/lib/python3.12/site-packages/airflow/example_dags/example_bash_operator.py
[2024-12-10T17:18:42.889-0600] {logging_mixin.py:190} INFO - [2024-12-10T17:18:42.889-0600] {dag.py:3239} INFO - Sync 1 DAGs
[2024-12-10T17:18:42.903-0600] {logging_mixin.py:190} INFO - [2024-12-10T17:18:42.903-0600] {dag.py:4180} INFO - Setting next_dagrun for example_bash_operator to 2024-12-09 00:00:00+00:00, run_after=2024-12-10 00:00:00+00:00
[2024-12-10T17:18:42.919-0600] {processor.py:208} INFO - Processing /root/airflow_env/lib/python3.12/site-packages/airflow/example_dags/example_bash_operator.py took 0.061 seconds
[2024-12-10T17:19:36.819-0600] {processor.py:186} INFO - Started process (PID=2159) to work on /root/airflow_env/lib/python3.12/site-packages/airflow/example_dags/example_bash_operator.py
[2024-12-10T17:19:36.822-0600] {processor.py:914} INFO - Processing file /root/airflow_env/lib/python3.12/site-packages/airflow/example_dags/example_bash_operator.py for tasks to queue
[2024-12-10T17:19:36.823-0600] {logging_mixin.py:190} INFO - [2024-12-10T17:19:36.823-0600] {dagbag.py:588} INFO - Filling up the DagBag from /root/airflow_env/lib/python3.12/site-packages/airflow/example_dags/example_bash_operator.py
[2024-12-10T17:19:36.833-0600] {processor.py:925} INFO - DAG(s) 'example_bash_operator' retrieved from /root/airflow_env/lib/python3.12/site-packages/airflow/example_dags/example_bash_operator.py
[2024-12-10T17:19:36.847-0600] {logging_mixin.py:190} INFO - [2024-12-10T17:19:36.847-0600] {dag.py:3239} INFO - Sync 1 DAGs
[2024-12-10T17:19:36.860-0600] {logging_mixin.py:190} INFO - [2024-12-10T17:19:36.860-0600] {dag.py:4180} INFO - Setting next_dagrun for example_bash_operator to 2024-12-09 00:00:00+00:00, run_after=2024-12-10 00:00:00+00:00
[2024-12-10T17:19:36.879-0600] {processor.py:208} INFO - Processing /root/airflow_env/lib/python3.12/site-packages/airflow/example_dags/example_bash_operator.py took 0.063 seconds
[2024-12-10T17:20:26.492-0600] {processor.py:186} INFO - Started process (PID=2215) to work on /root/airflow_env/lib/python3.12/site-packages/airflow/example_dags/example_bash_operator.py
[2024-12-10T17:20:26.497-0600] {processor.py:914} INFO - Processing file /root/airflow_env/lib/python3.12/site-packages/airflow/example_dags/example_bash_operator.py for tasks to queue
[2024-12-10T17:20:26.498-0600] {logging_mixin.py:190} INFO - [2024-12-10T17:20:26.498-0600] {dagbag.py:588} INFO - Filling up the DagBag from /root/airflow_env/lib/python3.12/site-packages/airflow/example_dags/example_bash_operator.py
[2024-12-10T17:20:26.507-0600] {processor.py:925} INFO - DAG(s) 'example_bash_operator' retrieved from /root/airflow_env/lib/python3.12/site-packages/airflow/example_dags/example_bash_operator.py
[2024-12-10T17:20:26.522-0600] {logging_mixin.py:190} INFO - [2024-12-10T17:20:26.522-0600] {dag.py:3239} INFO - Sync 1 DAGs
[2024-12-10T17:20:26.535-0600] {logging_mixin.py:190} INFO - [2024-12-10T17:20:26.535-0600] {dag.py:4180} INFO - Setting next_dagrun for example_bash_operator to 2024-12-09 00:00:00+00:00, run_after=2024-12-10 00:00:00+00:00
[2024-12-10T17:20:26.552-0600] {processor.py:208} INFO - Processing /root/airflow_env/lib/python3.12/site-packages/airflow/example_dags/example_bash_operator.py took 0.064 seconds
[2024-12-10T17:21:20.724-0600] {processor.py:186} INFO - Started process (PID=2273) to work on /root/airflow_env/lib/python3.12/site-packages/airflow/example_dags/example_bash_operator.py
[2024-12-10T17:21:20.726-0600] {processor.py:914} INFO - Processing file /root/airflow_env/lib/python3.12/site-packages/airflow/example_dags/example_bash_operator.py for tasks to queue
[2024-12-10T17:21:20.728-0600] {logging_mixin.py:190} INFO - [2024-12-10T17:21:20.728-0600] {dagbag.py:588} INFO - Filling up the DagBag from /root/airflow_env/lib/python3.12/site-packages/airflow/example_dags/example_bash_operator.py
[2024-12-10T17:21:20.737-0600] {processor.py:925} INFO - DAG(s) 'example_bash_operator' retrieved from /root/airflow_env/lib/python3.12/site-packages/airflow/example_dags/example_bash_operator.py
[2024-12-10T17:21:20.752-0600] {logging_mixin.py:190} INFO - [2024-12-10T17:21:20.752-0600] {dag.py:3239} INFO - Sync 1 DAGs
[2024-12-10T17:21:20.765-0600] {logging_mixin.py:190} INFO - [2024-12-10T17:21:20.765-0600] {dag.py:4180} INFO - Setting next_dagrun for example_bash_operator to 2024-12-09 00:00:00+00:00, run_after=2024-12-10 00:00:00+00:00
[2024-12-10T17:21:20.782-0600] {processor.py:208} INFO - Processing /root/airflow_env/lib/python3.12/site-packages/airflow/example_dags/example_bash_operator.py took 0.061 seconds
[2024-12-10T17:22:13.604-0600] {processor.py:186} INFO - Started process (PID=2332) to work on /root/airflow_env/lib/python3.12/site-packages/airflow/example_dags/example_bash_operator.py
[2024-12-10T17:22:13.605-0600] {processor.py:914} INFO - Processing file /root/airflow_env/lib/python3.12/site-packages/airflow/example_dags/example_bash_operator.py for tasks to queue
[2024-12-10T17:22:13.607-0600] {logging_mixin.py:190} INFO - [2024-12-10T17:22:13.607-0600] {dagbag.py:588} INFO - Filling up the DagBag from /root/airflow_env/lib/python3.12/site-packages/airflow/example_dags/example_bash_operator.py
[2024-12-10T17:22:13.616-0600] {processor.py:925} INFO - DAG(s) 'example_bash_operator' retrieved from /root/airflow_env/lib/python3.12/site-packages/airflow/example_dags/example_bash_operator.py
[2024-12-10T17:22:13.631-0600] {logging_mixin.py:190} INFO - [2024-12-10T17:22:13.630-0600] {dag.py:3239} INFO - Sync 1 DAGs
[2024-12-10T17:22:13.644-0600] {logging_mixin.py:190} INFO - [2024-12-10T17:22:13.644-0600] {dag.py:4180} INFO - Setting next_dagrun for example_bash_operator to 2024-12-09 00:00:00+00:00, run_after=2024-12-10 00:00:00+00:00
[2024-12-10T17:22:13.661-0600] {processor.py:208} INFO - Processing /root/airflow_env/lib/python3.12/site-packages/airflow/example_dags/example_bash_operator.py took 0.060 seconds
[2024-12-10T17:23:09.813-0600] {processor.py:186} INFO - Started process (PID=2390) to work on /root/airflow_env/lib/python3.12/site-packages/airflow/example_dags/example_bash_operator.py
[2024-12-10T17:23:09.816-0600] {processor.py:914} INFO - Processing file /root/airflow_env/lib/python3.12/site-packages/airflow/example_dags/example_bash_operator.py for tasks to queue
[2024-12-10T17:23:09.817-0600] {logging_mixin.py:190} INFO - [2024-12-10T17:23:09.817-0600] {dagbag.py:588} INFO - Filling up the DagBag from /root/airflow_env/lib/python3.12/site-packages/airflow/example_dags/example_bash_operator.py
[2024-12-10T17:23:09.827-0600] {processor.py:925} INFO - DAG(s) 'example_bash_operator' retrieved from /root/airflow_env/lib/python3.12/site-packages/airflow/example_dags/example_bash_operator.py
[2024-12-10T17:23:09.841-0600] {logging_mixin.py:190} INFO - [2024-12-10T17:23:09.841-0600] {dag.py:3239} INFO - Sync 1 DAGs
[2024-12-10T17:23:09.854-0600] {logging_mixin.py:190} INFO - [2024-12-10T17:23:09.854-0600] {dag.py:4180} INFO - Setting next_dagrun for example_bash_operator to 2024-12-09 00:00:00+00:00, run_after=2024-12-10 00:00:00+00:00
[2024-12-10T17:23:09.870-0600] {processor.py:208} INFO - Processing /root/airflow_env/lib/python3.12/site-packages/airflow/example_dags/example_bash_operator.py took 0.061 seconds
[2024-12-10T17:24:02.948-0600] {processor.py:186} INFO - Started process (PID=2449) to work on /root/airflow_env/lib/python3.12/site-packages/airflow/example_dags/example_bash_operator.py
[2024-12-10T17:24:02.951-0600] {processor.py:914} INFO - Processing file /root/airflow_env/lib/python3.12/site-packages/airflow/example_dags/example_bash_operator.py for tasks to queue
[2024-12-10T17:24:02.952-0600] {logging_mixin.py:190} INFO - [2024-12-10T17:24:02.952-0600] {dagbag.py:588} INFO - Filling up the DagBag from /root/airflow_env/lib/python3.12/site-packages/airflow/example_dags/example_bash_operator.py
[2024-12-10T17:24:02.961-0600] {processor.py:925} INFO - DAG(s) 'example_bash_operator' retrieved from /root/airflow_env/lib/python3.12/site-packages/airflow/example_dags/example_bash_operator.py
[2024-12-10T17:24:02.975-0600] {logging_mixin.py:190} INFO - [2024-12-10T17:24:02.975-0600] {dag.py:3239} INFO - Sync 1 DAGs
[2024-12-10T17:24:02.989-0600] {logging_mixin.py:190} INFO - [2024-12-10T17:24:02.989-0600] {dag.py:4180} INFO - Setting next_dagrun for example_bash_operator to 2024-12-09 00:00:00+00:00, run_after=2024-12-10 00:00:00+00:00
[2024-12-10T17:24:03.005-0600] {processor.py:208} INFO - Processing /root/airflow_env/lib/python3.12/site-packages/airflow/example_dags/example_bash_operator.py took 0.061 seconds
[2024-12-10T17:24:54.365-0600] {processor.py:186} INFO - Started process (PID=2512) to work on /root/airflow_env/lib/python3.12/site-packages/airflow/example_dags/example_bash_operator.py
[2024-12-10T17:24:54.368-0600] {processor.py:914} INFO - Processing file /root/airflow_env/lib/python3.12/site-packages/airflow/example_dags/example_bash_operator.py for tasks to queue
[2024-12-10T17:24:54.369-0600] {logging_mixin.py:190} INFO - [2024-12-10T17:24:54.369-0600] {dagbag.py:588} INFO - Filling up the DagBag from /root/airflow_env/lib/python3.12/site-packages/airflow/example_dags/example_bash_operator.py
[2024-12-10T17:24:54.378-0600] {processor.py:925} INFO - DAG(s) 'example_bash_operator' retrieved from /root/airflow_env/lib/python3.12/site-packages/airflow/example_dags/example_bash_operator.py
[2024-12-10T17:24:54.393-0600] {logging_mixin.py:190} INFO - [2024-12-10T17:24:54.393-0600] {dag.py:3239} INFO - Sync 1 DAGs
[2024-12-10T17:24:54.406-0600] {logging_mixin.py:190} INFO - [2024-12-10T17:24:54.406-0600] {dag.py:4180} INFO - Setting next_dagrun for example_bash_operator to 2024-12-09 00:00:00+00:00, run_after=2024-12-10 00:00:00+00:00
[2024-12-10T17:24:54.423-0600] {processor.py:208} INFO - Processing /root/airflow_env/lib/python3.12/site-packages/airflow/example_dags/example_bash_operator.py took 0.062 seconds
[2024-12-10T17:25:46.710-0600] {processor.py:186} INFO - Started process (PID=2571) to work on /root/airflow_env/lib/python3.12/site-packages/airflow/example_dags/example_bash_operator.py
[2024-12-10T17:25:46.712-0600] {processor.py:914} INFO - Processing file /root/airflow_env/lib/python3.12/site-packages/airflow/example_dags/example_bash_operator.py for tasks to queue
[2024-12-10T17:25:46.714-0600] {logging_mixin.py:190} INFO - [2024-12-10T17:25:46.714-0600] {dagbag.py:588} INFO - Filling up the DagBag from /root/airflow_env/lib/python3.12/site-packages/airflow/example_dags/example_bash_operator.py
[2024-12-10T17:25:46.723-0600] {processor.py:925} INFO - DAG(s) 'example_bash_operator' retrieved from /root/airflow_env/lib/python3.12/site-packages/airflow/example_dags/example_bash_operator.py
[2024-12-10T17:25:46.737-0600] {logging_mixin.py:190} INFO - [2024-12-10T17:25:46.737-0600] {dag.py:3239} INFO - Sync 1 DAGs
[2024-12-10T17:25:46.750-0600] {logging_mixin.py:190} INFO - [2024-12-10T17:25:46.750-0600] {dag.py:4180} INFO - Setting next_dagrun for example_bash_operator to 2024-12-09 00:00:00+00:00, run_after=2024-12-10 00:00:00+00:00
[2024-12-10T17:25:46.767-0600] {processor.py:208} INFO - Processing /root/airflow_env/lib/python3.12/site-packages/airflow/example_dags/example_bash_operator.py took 0.061 seconds
[2024-12-10T17:26:41.198-0600] {processor.py:186} INFO - Started process (PID=2629) to work on /root/airflow_env/lib/python3.12/site-packages/airflow/example_dags/example_bash_operator.py
[2024-12-10T17:26:41.201-0600] {processor.py:914} INFO - Processing file /root/airflow_env/lib/python3.12/site-packages/airflow/example_dags/example_bash_operator.py for tasks to queue
[2024-12-10T17:26:41.206-0600] {logging_mixin.py:190} INFO - [2024-12-10T17:26:41.205-0600] {dagbag.py:588} INFO - Filling up the DagBag from /root/airflow_env/lib/python3.12/site-packages/airflow/example_dags/example_bash_operator.py
[2024-12-10T17:26:41.220-0600] {processor.py:925} INFO - DAG(s) 'example_bash_operator' retrieved from /root/airflow_env/lib/python3.12/site-packages/airflow/example_dags/example_bash_operator.py
[2024-12-10T17:26:41.239-0600] {logging_mixin.py:190} INFO - [2024-12-10T17:26:41.239-0600] {dag.py:3239} INFO - Sync 1 DAGs
[2024-12-10T17:26:41.255-0600] {logging_mixin.py:190} INFO - [2024-12-10T17:26:41.254-0600] {dag.py:4180} INFO - Setting next_dagrun for example_bash_operator to 2024-12-09 00:00:00+00:00, run_after=2024-12-10 00:00:00+00:00
[2024-12-10T17:26:41.274-0600] {processor.py:208} INFO - Processing /root/airflow_env/lib/python3.12/site-packages/airflow/example_dags/example_bash_operator.py took 0.081 seconds
[2024-12-10T17:27:34.910-0600] {processor.py:186} INFO - Started process (PID=2688) to work on /root/airflow_env/lib/python3.12/site-packages/airflow/example_dags/example_bash_operator.py
[2024-12-10T17:27:34.913-0600] {processor.py:914} INFO - Processing file /root/airflow_env/lib/python3.12/site-packages/airflow/example_dags/example_bash_operator.py for tasks to queue
[2024-12-10T17:27:34.914-0600] {logging_mixin.py:190} INFO - [2024-12-10T17:27:34.914-0600] {dagbag.py:588} INFO - Filling up the DagBag from /root/airflow_env/lib/python3.12/site-packages/airflow/example_dags/example_bash_operator.py
[2024-12-10T17:27:34.924-0600] {processor.py:925} INFO - DAG(s) 'example_bash_operator' retrieved from /root/airflow_env/lib/python3.12/site-packages/airflow/example_dags/example_bash_operator.py
[2024-12-10T17:27:34.939-0600] {logging_mixin.py:190} INFO - [2024-12-10T17:27:34.938-0600] {dag.py:3239} INFO - Sync 1 DAGs
[2024-12-10T17:27:34.952-0600] {logging_mixin.py:190} INFO - [2024-12-10T17:27:34.952-0600] {dag.py:4180} INFO - Setting next_dagrun for example_bash_operator to 2024-12-09 00:00:00+00:00, run_after=2024-12-10 00:00:00+00:00
[2024-12-10T17:27:34.969-0600] {processor.py:208} INFO - Processing /root/airflow_env/lib/python3.12/site-packages/airflow/example_dags/example_bash_operator.py took 0.063 seconds
[2024-12-10T17:28:25.214-0600] {processor.py:186} INFO - Started process (PID=2743) to work on /root/airflow_env/lib/python3.12/site-packages/airflow/example_dags/example_bash_operator.py
[2024-12-10T17:28:25.217-0600] {processor.py:914} INFO - Processing file /root/airflow_env/lib/python3.12/site-packages/airflow/example_dags/example_bash_operator.py for tasks to queue
[2024-12-10T17:28:25.218-0600] {logging_mixin.py:190} INFO - [2024-12-10T17:28:25.218-0600] {dagbag.py:588} INFO - Filling up the DagBag from /root/airflow_env/lib/python3.12/site-packages/airflow/example_dags/example_bash_operator.py
[2024-12-10T17:28:25.227-0600] {processor.py:925} INFO - DAG(s) 'example_bash_operator' retrieved from /root/airflow_env/lib/python3.12/site-packages/airflow/example_dags/example_bash_operator.py
[2024-12-10T17:28:25.241-0600] {logging_mixin.py:190} INFO - [2024-12-10T17:28:25.241-0600] {dag.py:3239} INFO - Sync 1 DAGs
[2024-12-10T17:28:25.255-0600] {logging_mixin.py:190} INFO - [2024-12-10T17:28:25.255-0600] {dag.py:4180} INFO - Setting next_dagrun for example_bash_operator to 2024-12-09 00:00:00+00:00, run_after=2024-12-10 00:00:00+00:00
[2024-12-10T17:28:25.271-0600] {processor.py:208} INFO - Processing /root/airflow_env/lib/python3.12/site-packages/airflow/example_dags/example_bash_operator.py took 0.061 seconds
[2024-12-10T17:29:20.019-0600] {processor.py:186} INFO - Started process (PID=2802) to work on /root/airflow_env/lib/python3.12/site-packages/airflow/example_dags/example_bash_operator.py
[2024-12-10T17:29:20.022-0600] {processor.py:914} INFO - Processing file /root/airflow_env/lib/python3.12/site-packages/airflow/example_dags/example_bash_operator.py for tasks to queue
[2024-12-10T17:29:20.023-0600] {logging_mixin.py:190} INFO - [2024-12-10T17:29:20.023-0600] {dagbag.py:588} INFO - Filling up the DagBag from /root/airflow_env/lib/python3.12/site-packages/airflow/example_dags/example_bash_operator.py
[2024-12-10T17:29:20.033-0600] {processor.py:925} INFO - DAG(s) 'example_bash_operator' retrieved from /root/airflow_env/lib/python3.12/site-packages/airflow/example_dags/example_bash_operator.py
[2024-12-10T17:29:20.048-0600] {logging_mixin.py:190} INFO - [2024-12-10T17:29:20.048-0600] {dag.py:3239} INFO - Sync 1 DAGs
[2024-12-10T17:29:20.062-0600] {logging_mixin.py:190} INFO - [2024-12-10T17:29:20.061-0600] {dag.py:4180} INFO - Setting next_dagrun for example_bash_operator to 2024-12-09 00:00:00+00:00, run_after=2024-12-10 00:00:00+00:00
[2024-12-10T17:29:20.079-0600] {processor.py:208} INFO - Processing /root/airflow_env/lib/python3.12/site-packages/airflow/example_dags/example_bash_operator.py took 0.065 seconds
[2024-12-10T17:30:10.416-0600] {processor.py:186} INFO - Started process (PID=2861) to work on /root/airflow_env/lib/python3.12/site-packages/airflow/example_dags/example_bash_operator.py
[2024-12-10T17:30:10.418-0600] {processor.py:914} INFO - Processing file /root/airflow_env/lib/python3.12/site-packages/airflow/example_dags/example_bash_operator.py for tasks to queue
[2024-12-10T17:30:10.419-0600] {logging_mixin.py:190} INFO - [2024-12-10T17:30:10.419-0600] {dagbag.py:588} INFO - Filling up the DagBag from /root/airflow_env/lib/python3.12/site-packages/airflow/example_dags/example_bash_operator.py
[2024-12-10T17:30:10.429-0600] {processor.py:925} INFO - DAG(s) 'example_bash_operator' retrieved from /root/airflow_env/lib/python3.12/site-packages/airflow/example_dags/example_bash_operator.py
[2024-12-10T17:30:10.443-0600] {logging_mixin.py:190} INFO - [2024-12-10T17:30:10.442-0600] {dag.py:3239} INFO - Sync 1 DAGs
[2024-12-10T17:30:10.456-0600] {logging_mixin.py:190} INFO - [2024-12-10T17:30:10.456-0600] {dag.py:4180} INFO - Setting next_dagrun for example_bash_operator to 2024-12-09 00:00:00+00:00, run_after=2024-12-10 00:00:00+00:00
[2024-12-10T17:30:10.472-0600] {processor.py:208} INFO - Processing /root/airflow_env/lib/python3.12/site-packages/airflow/example_dags/example_bash_operator.py took 0.060 seconds
[2024-12-10T17:31:00.740-0600] {processor.py:186} INFO - Started process (PID=2920) to work on /root/airflow_env/lib/python3.12/site-packages/airflow/example_dags/example_bash_operator.py
[2024-12-10T17:31:00.742-0600] {processor.py:914} INFO - Processing file /root/airflow_env/lib/python3.12/site-packages/airflow/example_dags/example_bash_operator.py for tasks to queue
[2024-12-10T17:31:00.744-0600] {logging_mixin.py:190} INFO - [2024-12-10T17:31:00.743-0600] {dagbag.py:588} INFO - Filling up the DagBag from /root/airflow_env/lib/python3.12/site-packages/airflow/example_dags/example_bash_operator.py
[2024-12-10T17:31:00.753-0600] {processor.py:925} INFO - DAG(s) 'example_bash_operator' retrieved from /root/airflow_env/lib/python3.12/site-packages/airflow/example_dags/example_bash_operator.py
[2024-12-10T17:31:00.767-0600] {logging_mixin.py:190} INFO - [2024-12-10T17:31:00.767-0600] {dag.py:3239} INFO - Sync 1 DAGs
[2024-12-10T17:31:00.780-0600] {logging_mixin.py:190} INFO - [2024-12-10T17:31:00.780-0600] {dag.py:4180} INFO - Setting next_dagrun for example_bash_operator to 2024-12-09 00:00:00+00:00, run_after=2024-12-10 00:00:00+00:00
[2024-12-10T17:31:00.796-0600] {processor.py:208} INFO - Processing /root/airflow_env/lib/python3.12/site-packages/airflow/example_dags/example_bash_operator.py took 0.060 seconds
[2024-12-10T17:31:51.822-0600] {processor.py:186} INFO - Started process (PID=2976) to work on /root/airflow_env/lib/python3.12/site-packages/airflow/example_dags/example_bash_operator.py
[2024-12-10T17:31:51.825-0600] {processor.py:914} INFO - Processing file /root/airflow_env/lib/python3.12/site-packages/airflow/example_dags/example_bash_operator.py for tasks to queue
[2024-12-10T17:31:51.826-0600] {logging_mixin.py:190} INFO - [2024-12-10T17:31:51.826-0600] {dagbag.py:588} INFO - Filling up the DagBag from /root/airflow_env/lib/python3.12/site-packages/airflow/example_dags/example_bash_operator.py
[2024-12-10T17:31:51.836-0600] {processor.py:925} INFO - DAG(s) 'example_bash_operator' retrieved from /root/airflow_env/lib/python3.12/site-packages/airflow/example_dags/example_bash_operator.py
[2024-12-10T17:31:51.850-0600] {logging_mixin.py:190} INFO - [2024-12-10T17:31:51.849-0600] {dag.py:3239} INFO - Sync 1 DAGs
[2024-12-10T17:31:51.863-0600] {logging_mixin.py:190} INFO - [2024-12-10T17:31:51.863-0600] {dag.py:4180} INFO - Setting next_dagrun for example_bash_operator to 2024-12-09 00:00:00+00:00, run_after=2024-12-10 00:00:00+00:00
[2024-12-10T17:31:51.881-0600] {processor.py:208} INFO - Processing /root/airflow_env/lib/python3.12/site-packages/airflow/example_dags/example_bash_operator.py took 0.063 seconds
[2024-12-10T17:32:48.373-0600] {processor.py:186} INFO - Started process (PID=3037) to work on /root/airflow_env/lib/python3.12/site-packages/airflow/example_dags/example_bash_operator.py
[2024-12-10T17:32:48.375-0600] {processor.py:914} INFO - Processing file /root/airflow_env/lib/python3.12/site-packages/airflow/example_dags/example_bash_operator.py for tasks to queue
[2024-12-10T17:32:48.377-0600] {logging_mixin.py:190} INFO - [2024-12-10T17:32:48.377-0600] {dagbag.py:588} INFO - Filling up the DagBag from /root/airflow_env/lib/python3.12/site-packages/airflow/example_dags/example_bash_operator.py
[2024-12-10T17:32:48.387-0600] {processor.py:925} INFO - DAG(s) 'example_bash_operator' retrieved from /root/airflow_env/lib/python3.12/site-packages/airflow/example_dags/example_bash_operator.py
[2024-12-10T17:32:48.401-0600] {logging_mixin.py:190} INFO - [2024-12-10T17:32:48.401-0600] {dag.py:3239} INFO - Sync 1 DAGs
[2024-12-10T17:32:48.414-0600] {logging_mixin.py:190} INFO - [2024-12-10T17:32:48.414-0600] {dag.py:4180} INFO - Setting next_dagrun for example_bash_operator to 2024-12-09 00:00:00+00:00, run_after=2024-12-10 00:00:00+00:00
[2024-12-10T17:32:48.432-0600] {processor.py:208} INFO - Processing /root/airflow_env/lib/python3.12/site-packages/airflow/example_dags/example_bash_operator.py took 0.062 seconds
[2024-12-10T17:33:41.244-0600] {processor.py:186} INFO - Started process (PID=3094) to work on /root/airflow_env/lib/python3.12/site-packages/airflow/example_dags/example_bash_operator.py
[2024-12-10T17:33:41.247-0600] {processor.py:914} INFO - Processing file /root/airflow_env/lib/python3.12/site-packages/airflow/example_dags/example_bash_operator.py for tasks to queue
[2024-12-10T17:33:41.249-0600] {logging_mixin.py:190} INFO - [2024-12-10T17:33:41.249-0600] {dagbag.py:588} INFO - Filling up the DagBag from /root/airflow_env/lib/python3.12/site-packages/airflow/example_dags/example_bash_operator.py
[2024-12-10T17:33:41.258-0600] {processor.py:925} INFO - DAG(s) 'example_bash_operator' retrieved from /root/airflow_env/lib/python3.12/site-packages/airflow/example_dags/example_bash_operator.py
[2024-12-10T17:33:41.273-0600] {logging_mixin.py:190} INFO - [2024-12-10T17:33:41.273-0600] {dag.py:3239} INFO - Sync 1 DAGs
[2024-12-10T17:33:41.288-0600] {logging_mixin.py:190} INFO - [2024-12-10T17:33:41.287-0600] {dag.py:4180} INFO - Setting next_dagrun for example_bash_operator to 2024-12-09 00:00:00+00:00, run_after=2024-12-10 00:00:00+00:00
[2024-12-10T17:33:41.305-0600] {processor.py:208} INFO - Processing /root/airflow_env/lib/python3.12/site-packages/airflow/example_dags/example_bash_operator.py took 0.065 seconds
[2024-12-10T17:34:33.805-0600] {processor.py:186} INFO - Started process (PID=3258) to work on /root/airflow_env/lib/python3.12/site-packages/airflow/example_dags/example_bash_operator.py
[2024-12-10T17:34:33.807-0600] {processor.py:914} INFO - Processing file /root/airflow_env/lib/python3.12/site-packages/airflow/example_dags/example_bash_operator.py for tasks to queue
[2024-12-10T17:34:33.809-0600] {logging_mixin.py:190} INFO - [2024-12-10T17:34:33.808-0600] {dagbag.py:588} INFO - Filling up the DagBag from /root/airflow_env/lib/python3.12/site-packages/airflow/example_dags/example_bash_operator.py
[2024-12-10T17:34:33.820-0600] {processor.py:925} INFO - DAG(s) 'example_bash_operator' retrieved from /root/airflow_env/lib/python3.12/site-packages/airflow/example_dags/example_bash_operator.py
[2024-12-10T17:34:33.836-0600] {logging_mixin.py:190} INFO - [2024-12-10T17:34:33.836-0600] {dag.py:3239} INFO - Sync 1 DAGs
[2024-12-10T17:34:33.851-0600] {logging_mixin.py:190} INFO - [2024-12-10T17:34:33.851-0600] {dag.py:4180} INFO - Setting next_dagrun for example_bash_operator to 2024-12-09 00:00:00+00:00, run_after=2024-12-10 00:00:00+00:00
[2024-12-10T17:34:33.869-0600] {processor.py:208} INFO - Processing /root/airflow_env/lib/python3.12/site-packages/airflow/example_dags/example_bash_operator.py took 0.069 seconds
[2024-12-10T17:35:25.641-0600] {processor.py:186} INFO - Started process (PID=3318) to work on /root/airflow_env/lib/python3.12/site-packages/airflow/example_dags/example_bash_operator.py
[2024-12-10T17:35:25.644-0600] {processor.py:914} INFO - Processing file /root/airflow_env/lib/python3.12/site-packages/airflow/example_dags/example_bash_operator.py for tasks to queue
[2024-12-10T17:35:25.645-0600] {logging_mixin.py:190} INFO - [2024-12-10T17:35:25.645-0600] {dagbag.py:588} INFO - Filling up the DagBag from /root/airflow_env/lib/python3.12/site-packages/airflow/example_dags/example_bash_operator.py
[2024-12-10T17:35:25.654-0600] {processor.py:925} INFO - DAG(s) 'example_bash_operator' retrieved from /root/airflow_env/lib/python3.12/site-packages/airflow/example_dags/example_bash_operator.py
[2024-12-10T17:35:25.668-0600] {logging_mixin.py:190} INFO - [2024-12-10T17:35:25.668-0600] {dag.py:3239} INFO - Sync 1 DAGs
[2024-12-10T17:35:25.681-0600] {logging_mixin.py:190} INFO - [2024-12-10T17:35:25.680-0600] {dag.py:4180} INFO - Setting next_dagrun for example_bash_operator to 2024-12-09 00:00:00+00:00, run_after=2024-12-10 00:00:00+00:00
[2024-12-10T17:35:25.698-0600] {processor.py:208} INFO - Processing /root/airflow_env/lib/python3.12/site-packages/airflow/example_dags/example_bash_operator.py took 0.060 seconds
[2024-12-10T17:36:15.073-0600] {processor.py:186} INFO - Started process (PID=3374) to work on /root/airflow_env/lib/python3.12/site-packages/airflow/example_dags/example_bash_operator.py
[2024-12-10T17:36:15.076-0600] {processor.py:914} INFO - Processing file /root/airflow_env/lib/python3.12/site-packages/airflow/example_dags/example_bash_operator.py for tasks to queue
[2024-12-10T17:36:15.077-0600] {logging_mixin.py:190} INFO - [2024-12-10T17:36:15.077-0600] {dagbag.py:588} INFO - Filling up the DagBag from /root/airflow_env/lib/python3.12/site-packages/airflow/example_dags/example_bash_operator.py
[2024-12-10T17:36:15.088-0600] {processor.py:925} INFO - DAG(s) 'example_bash_operator' retrieved from /root/airflow_env/lib/python3.12/site-packages/airflow/example_dags/example_bash_operator.py
[2024-12-10T17:36:15.102-0600] {logging_mixin.py:190} INFO - [2024-12-10T17:36:15.102-0600] {dag.py:3239} INFO - Sync 1 DAGs
[2024-12-10T17:36:15.116-0600] {logging_mixin.py:190} INFO - [2024-12-10T17:36:15.116-0600] {dag.py:4180} INFO - Setting next_dagrun for example_bash_operator to 2024-12-09 00:00:00+00:00, run_after=2024-12-10 00:00:00+00:00
[2024-12-10T17:36:15.133-0600] {processor.py:208} INFO - Processing /root/airflow_env/lib/python3.12/site-packages/airflow/example_dags/example_bash_operator.py took 0.063 seconds
[2024-12-10T17:37:05.408-0600] {processor.py:186} INFO - Started process (PID=3430) to work on /root/airflow_env/lib/python3.12/site-packages/airflow/example_dags/example_bash_operator.py
[2024-12-10T17:37:05.411-0600] {processor.py:914} INFO - Processing file /root/airflow_env/lib/python3.12/site-packages/airflow/example_dags/example_bash_operator.py for tasks to queue
[2024-12-10T17:37:05.412-0600] {logging_mixin.py:190} INFO - [2024-12-10T17:37:05.412-0600] {dagbag.py:588} INFO - Filling up the DagBag from /root/airflow_env/lib/python3.12/site-packages/airflow/example_dags/example_bash_operator.py
[2024-12-10T17:37:05.421-0600] {processor.py:925} INFO - DAG(s) 'example_bash_operator' retrieved from /root/airflow_env/lib/python3.12/site-packages/airflow/example_dags/example_bash_operator.py
[2024-12-10T17:37:05.437-0600] {logging_mixin.py:190} INFO - [2024-12-10T17:37:05.436-0600] {dag.py:3239} INFO - Sync 1 DAGs
[2024-12-10T17:37:05.456-0600] {logging_mixin.py:190} INFO - [2024-12-10T17:37:05.455-0600] {dag.py:4180} INFO - Setting next_dagrun for example_bash_operator to 2024-12-09 00:00:00+00:00, run_after=2024-12-10 00:00:00+00:00
[2024-12-10T17:37:05.478-0600] {processor.py:208} INFO - Processing /root/airflow_env/lib/python3.12/site-packages/airflow/example_dags/example_bash_operator.py took 0.074 seconds
[2024-12-10T17:37:56.263-0600] {processor.py:186} INFO - Started process (PID=3487) to work on /root/airflow_env/lib/python3.12/site-packages/airflow/example_dags/example_bash_operator.py
[2024-12-10T17:37:56.266-0600] {processor.py:914} INFO - Processing file /root/airflow_env/lib/python3.12/site-packages/airflow/example_dags/example_bash_operator.py for tasks to queue
[2024-12-10T17:37:56.267-0600] {logging_mixin.py:190} INFO - [2024-12-10T17:37:56.267-0600] {dagbag.py:588} INFO - Filling up the DagBag from /root/airflow_env/lib/python3.12/site-packages/airflow/example_dags/example_bash_operator.py
[2024-12-10T17:37:56.276-0600] {processor.py:925} INFO - DAG(s) 'example_bash_operator' retrieved from /root/airflow_env/lib/python3.12/site-packages/airflow/example_dags/example_bash_operator.py
[2024-12-10T17:37:56.290-0600] {logging_mixin.py:190} INFO - [2024-12-10T17:37:56.290-0600] {dag.py:3239} INFO - Sync 1 DAGs
[2024-12-10T17:37:56.303-0600] {logging_mixin.py:190} INFO - [2024-12-10T17:37:56.303-0600] {dag.py:4180} INFO - Setting next_dagrun for example_bash_operator to 2024-12-09 00:00:00+00:00, run_after=2024-12-10 00:00:00+00:00
[2024-12-10T17:37:56.320-0600] {processor.py:208} INFO - Processing /root/airflow_env/lib/python3.12/site-packages/airflow/example_dags/example_bash_operator.py took 0.060 seconds
[2024-12-10T17:38:47.829-0600] {processor.py:186} INFO - Started process (PID=3543) to work on /root/airflow_env/lib/python3.12/site-packages/airflow/example_dags/example_bash_operator.py
[2024-12-10T17:38:47.832-0600] {processor.py:914} INFO - Processing file /root/airflow_env/lib/python3.12/site-packages/airflow/example_dags/example_bash_operator.py for tasks to queue
[2024-12-10T17:38:47.833-0600] {logging_mixin.py:190} INFO - [2024-12-10T17:38:47.833-0600] {dagbag.py:588} INFO - Filling up the DagBag from /root/airflow_env/lib/python3.12/site-packages/airflow/example_dags/example_bash_operator.py
[2024-12-10T17:38:47.843-0600] {processor.py:925} INFO - DAG(s) 'example_bash_operator' retrieved from /root/airflow_env/lib/python3.12/site-packages/airflow/example_dags/example_bash_operator.py
[2024-12-10T17:38:47.857-0600] {logging_mixin.py:190} INFO - [2024-12-10T17:38:47.856-0600] {dag.py:3239} INFO - Sync 1 DAGs
[2024-12-10T17:38:47.869-0600] {logging_mixin.py:190} INFO - [2024-12-10T17:38:47.869-0600] {dag.py:4180} INFO - Setting next_dagrun for example_bash_operator to 2024-12-09 00:00:00+00:00, run_after=2024-12-10 00:00:00+00:00
[2024-12-10T17:38:47.886-0600] {processor.py:208} INFO - Processing /root/airflow_env/lib/python3.12/site-packages/airflow/example_dags/example_bash_operator.py took 0.060 seconds
[2024-12-10T17:39:41.266-0600] {processor.py:186} INFO - Started process (PID=3601) to work on /root/airflow_env/lib/python3.12/site-packages/airflow/example_dags/example_bash_operator.py
[2024-12-10T17:39:41.268-0600] {processor.py:914} INFO - Processing file /root/airflow_env/lib/python3.12/site-packages/airflow/example_dags/example_bash_operator.py for tasks to queue
[2024-12-10T17:39:41.270-0600] {logging_mixin.py:190} INFO - [2024-12-10T17:39:41.270-0600] {dagbag.py:588} INFO - Filling up the DagBag from /root/airflow_env/lib/python3.12/site-packages/airflow/example_dags/example_bash_operator.py
[2024-12-10T17:39:41.280-0600] {processor.py:925} INFO - DAG(s) 'example_bash_operator' retrieved from /root/airflow_env/lib/python3.12/site-packages/airflow/example_dags/example_bash_operator.py
[2024-12-10T17:39:41.295-0600] {logging_mixin.py:190} INFO - [2024-12-10T17:39:41.295-0600] {dag.py:3239} INFO - Sync 1 DAGs
[2024-12-10T17:39:41.309-0600] {logging_mixin.py:190} INFO - [2024-12-10T17:39:41.309-0600] {dag.py:4180} INFO - Setting next_dagrun for example_bash_operator to 2024-12-09 00:00:00+00:00, run_after=2024-12-10 00:00:00+00:00
[2024-12-10T17:39:41.327-0600] {processor.py:208} INFO - Processing /root/airflow_env/lib/python3.12/site-packages/airflow/example_dags/example_bash_operator.py took 0.065 seconds
[2024-12-10T17:40:35.311-0600] {processor.py:186} INFO - Started process (PID=3665) to work on /root/airflow_env/lib/python3.12/site-packages/airflow/example_dags/example_bash_operator.py
[2024-12-10T17:40:35.314-0600] {processor.py:914} INFO - Processing file /root/airflow_env/lib/python3.12/site-packages/airflow/example_dags/example_bash_operator.py for tasks to queue
[2024-12-10T17:40:35.315-0600] {logging_mixin.py:190} INFO - [2024-12-10T17:40:35.315-0600] {dagbag.py:588} INFO - Filling up the DagBag from /root/airflow_env/lib/python3.12/site-packages/airflow/example_dags/example_bash_operator.py
[2024-12-10T17:40:35.326-0600] {processor.py:925} INFO - DAG(s) 'example_bash_operator' retrieved from /root/airflow_env/lib/python3.12/site-packages/airflow/example_dags/example_bash_operator.py
[2024-12-10T17:40:35.344-0600] {logging_mixin.py:190} INFO - [2024-12-10T17:40:35.344-0600] {dag.py:3239} INFO - Sync 1 DAGs
[2024-12-10T17:40:35.358-0600] {logging_mixin.py:190} INFO - [2024-12-10T17:40:35.358-0600] {dag.py:4180} INFO - Setting next_dagrun for example_bash_operator to 2024-12-09 00:00:00+00:00, run_after=2024-12-10 00:00:00+00:00
[2024-12-10T17:40:35.376-0600] {processor.py:208} INFO - Processing /root/airflow_env/lib/python3.12/site-packages/airflow/example_dags/example_bash_operator.py took 0.069 seconds
[2024-12-10T17:41:30.419-0600] {processor.py:186} INFO - Started process (PID=3725) to work on /root/airflow_env/lib/python3.12/site-packages/airflow/example_dags/example_bash_operator.py
[2024-12-10T17:41:30.422-0600] {processor.py:914} INFO - Processing file /root/airflow_env/lib/python3.12/site-packages/airflow/example_dags/example_bash_operator.py for tasks to queue
[2024-12-10T17:41:30.424-0600] {logging_mixin.py:190} INFO - [2024-12-10T17:41:30.424-0600] {dagbag.py:588} INFO - Filling up the DagBag from /root/airflow_env/lib/python3.12/site-packages/airflow/example_dags/example_bash_operator.py
[2024-12-10T17:41:30.434-0600] {processor.py:925} INFO - DAG(s) 'example_bash_operator' retrieved from /root/airflow_env/lib/python3.12/site-packages/airflow/example_dags/example_bash_operator.py
[2024-12-10T17:41:30.448-0600] {logging_mixin.py:190} INFO - [2024-12-10T17:41:30.448-0600] {dag.py:3239} INFO - Sync 1 DAGs
[2024-12-10T17:41:30.463-0600] {logging_mixin.py:190} INFO - [2024-12-10T17:41:30.463-0600] {dag.py:4180} INFO - Setting next_dagrun for example_bash_operator to 2024-12-09 00:00:00+00:00, run_after=2024-12-10 00:00:00+00:00
[2024-12-10T17:41:30.480-0600] {processor.py:208} INFO - Processing /root/airflow_env/lib/python3.12/site-packages/airflow/example_dags/example_bash_operator.py took 0.065 seconds
[2024-12-10T17:42:21.130-0600] {processor.py:186} INFO - Started process (PID=3791) to work on /root/airflow_env/lib/python3.12/site-packages/airflow/example_dags/example_bash_operator.py
[2024-12-10T17:42:21.136-0600] {processor.py:914} INFO - Processing file /root/airflow_env/lib/python3.12/site-packages/airflow/example_dags/example_bash_operator.py for tasks to queue
[2024-12-10T17:42:21.140-0600] {logging_mixin.py:190} INFO - [2024-12-10T17:42:21.139-0600] {dagbag.py:588} INFO - Filling up the DagBag from /root/airflow_env/lib/python3.12/site-packages/airflow/example_dags/example_bash_operator.py
[2024-12-10T17:42:21.154-0600] {processor.py:925} INFO - DAG(s) 'example_bash_operator' retrieved from /root/airflow_env/lib/python3.12/site-packages/airflow/example_dags/example_bash_operator.py
[2024-12-10T17:42:21.180-0600] {logging_mixin.py:190} INFO - [2024-12-10T17:42:21.180-0600] {dag.py:3239} INFO - Sync 1 DAGs
[2024-12-10T17:42:21.207-0600] {logging_mixin.py:190} INFO - [2024-12-10T17:42:21.207-0600] {dag.py:4180} INFO - Setting next_dagrun for example_bash_operator to 2024-12-09 00:00:00+00:00, run_after=2024-12-10 00:00:00+00:00
[2024-12-10T17:42:21.233-0600] {processor.py:208} INFO - Processing /root/airflow_env/lib/python3.12/site-packages/airflow/example_dags/example_bash_operator.py took 0.109 seconds
[2024-12-10T17:43:15.371-0600] {processor.py:186} INFO - Started process (PID=3859) to work on /root/airflow_env/lib/python3.12/site-packages/airflow/example_dags/example_bash_operator.py
[2024-12-10T17:43:15.373-0600] {processor.py:914} INFO - Processing file /root/airflow_env/lib/python3.12/site-packages/airflow/example_dags/example_bash_operator.py for tasks to queue
[2024-12-10T17:43:15.375-0600] {logging_mixin.py:190} INFO - [2024-12-10T17:43:15.375-0600] {dagbag.py:588} INFO - Filling up the DagBag from /root/airflow_env/lib/python3.12/site-packages/airflow/example_dags/example_bash_operator.py
[2024-12-10T17:43:15.386-0600] {processor.py:925} INFO - DAG(s) 'example_bash_operator' retrieved from /root/airflow_env/lib/python3.12/site-packages/airflow/example_dags/example_bash_operator.py
[2024-12-10T17:43:15.402-0600] {logging_mixin.py:190} INFO - [2024-12-10T17:43:15.402-0600] {dag.py:3239} INFO - Sync 1 DAGs
[2024-12-10T17:43:15.417-0600] {logging_mixin.py:190} INFO - [2024-12-10T17:43:15.417-0600] {dag.py:4180} INFO - Setting next_dagrun for example_bash_operator to 2024-12-09 00:00:00+00:00, run_after=2024-12-10 00:00:00+00:00
[2024-12-10T17:43:15.434-0600] {processor.py:208} INFO - Processing /root/airflow_env/lib/python3.12/site-packages/airflow/example_dags/example_bash_operator.py took 0.066 seconds
[2024-12-10T17:44:06.342-0600] {processor.py:186} INFO - Started process (PID=3915) to work on /root/airflow_env/lib/python3.12/site-packages/airflow/example_dags/example_bash_operator.py
[2024-12-10T17:44:06.345-0600] {processor.py:914} INFO - Processing file /root/airflow_env/lib/python3.12/site-packages/airflow/example_dags/example_bash_operator.py for tasks to queue
[2024-12-10T17:44:06.346-0600] {logging_mixin.py:190} INFO - [2024-12-10T17:44:06.346-0600] {dagbag.py:588} INFO - Filling up the DagBag from /root/airflow_env/lib/python3.12/site-packages/airflow/example_dags/example_bash_operator.py
[2024-12-10T17:44:06.355-0600] {processor.py:925} INFO - DAG(s) 'example_bash_operator' retrieved from /root/airflow_env/lib/python3.12/site-packages/airflow/example_dags/example_bash_operator.py
[2024-12-10T17:44:06.370-0600] {logging_mixin.py:190} INFO - [2024-12-10T17:44:06.370-0600] {dag.py:3239} INFO - Sync 1 DAGs
[2024-12-10T17:44:06.384-0600] {logging_mixin.py:190} INFO - [2024-12-10T17:44:06.384-0600] {dag.py:4180} INFO - Setting next_dagrun for example_bash_operator to 2024-12-09 00:00:00+00:00, run_after=2024-12-10 00:00:00+00:00
[2024-12-10T17:44:06.486-0600] {processor.py:208} INFO - Processing /root/airflow_env/lib/python3.12/site-packages/airflow/example_dags/example_bash_operator.py took 0.148 seconds
[2024-12-10T17:44:59.852-0600] {processor.py:186} INFO - Started process (PID=3973) to work on /root/airflow_env/lib/python3.12/site-packages/airflow/example_dags/example_bash_operator.py
[2024-12-10T17:44:59.855-0600] {processor.py:914} INFO - Processing file /root/airflow_env/lib/python3.12/site-packages/airflow/example_dags/example_bash_operator.py for tasks to queue
[2024-12-10T17:44:59.857-0600] {logging_mixin.py:190} INFO - [2024-12-10T17:44:59.856-0600] {dagbag.py:588} INFO - Filling up the DagBag from /root/airflow_env/lib/python3.12/site-packages/airflow/example_dags/example_bash_operator.py
[2024-12-10T17:44:59.866-0600] {processor.py:925} INFO - DAG(s) 'example_bash_operator' retrieved from /root/airflow_env/lib/python3.12/site-packages/airflow/example_dags/example_bash_operator.py
[2024-12-10T17:44:59.881-0600] {logging_mixin.py:190} INFO - [2024-12-10T17:44:59.881-0600] {dag.py:3239} INFO - Sync 1 DAGs
[2024-12-10T17:44:59.894-0600] {logging_mixin.py:190} INFO - [2024-12-10T17:44:59.894-0600] {dag.py:4180} INFO - Setting next_dagrun for example_bash_operator to 2024-12-09 00:00:00+00:00, run_after=2024-12-10 00:00:00+00:00
[2024-12-10T17:44:59.911-0600] {processor.py:208} INFO - Processing /root/airflow_env/lib/python3.12/site-packages/airflow/example_dags/example_bash_operator.py took 0.062 seconds
[2024-12-10T17:45:53.096-0600] {processor.py:186} INFO - Started process (PID=4032) to work on /root/airflow_env/lib/python3.12/site-packages/airflow/example_dags/example_bash_operator.py
[2024-12-10T17:45:53.098-0600] {processor.py:914} INFO - Processing file /root/airflow_env/lib/python3.12/site-packages/airflow/example_dags/example_bash_operator.py for tasks to queue
[2024-12-10T17:45:53.099-0600] {logging_mixin.py:190} INFO - [2024-12-10T17:45:53.099-0600] {dagbag.py:588} INFO - Filling up the DagBag from /root/airflow_env/lib/python3.12/site-packages/airflow/example_dags/example_bash_operator.py
[2024-12-10T17:45:53.109-0600] {processor.py:925} INFO - DAG(s) 'example_bash_operator' retrieved from /root/airflow_env/lib/python3.12/site-packages/airflow/example_dags/example_bash_operator.py
[2024-12-10T17:45:53.123-0600] {logging_mixin.py:190} INFO - [2024-12-10T17:45:53.123-0600] {dag.py:3239} INFO - Sync 1 DAGs
[2024-12-10T17:45:53.136-0600] {logging_mixin.py:190} INFO - [2024-12-10T17:45:53.136-0600] {dag.py:4180} INFO - Setting next_dagrun for example_bash_operator to 2024-12-09 00:00:00+00:00, run_after=2024-12-10 00:00:00+00:00
[2024-12-10T17:45:53.154-0600] {processor.py:208} INFO - Processing /root/airflow_env/lib/python3.12/site-packages/airflow/example_dags/example_bash_operator.py took 0.061 seconds
[2024-12-10T17:46:53.760-0600] {processor.py:186} INFO - Started process (PID=4095) to work on /root/airflow_env/lib/python3.12/site-packages/airflow/example_dags/example_bash_operator.py
[2024-12-10T17:46:53.762-0600] {processor.py:914} INFO - Processing file /root/airflow_env/lib/python3.12/site-packages/airflow/example_dags/example_bash_operator.py for tasks to queue
[2024-12-10T17:46:53.764-0600] {logging_mixin.py:190} INFO - [2024-12-10T17:46:53.764-0600] {dagbag.py:588} INFO - Filling up the DagBag from /root/airflow_env/lib/python3.12/site-packages/airflow/example_dags/example_bash_operator.py
[2024-12-10T17:46:53.773-0600] {processor.py:925} INFO - DAG(s) 'example_bash_operator' retrieved from /root/airflow_env/lib/python3.12/site-packages/airflow/example_dags/example_bash_operator.py
[2024-12-10T17:46:53.788-0600] {logging_mixin.py:190} INFO - [2024-12-10T17:46:53.788-0600] {dag.py:3239} INFO - Sync 1 DAGs
[2024-12-10T17:46:53.801-0600] {logging_mixin.py:190} INFO - [2024-12-10T17:46:53.801-0600] {dag.py:4180} INFO - Setting next_dagrun for example_bash_operator to 2024-12-09 00:00:00+00:00, run_after=2024-12-10 00:00:00+00:00
[2024-12-10T17:46:53.817-0600] {processor.py:208} INFO - Processing /root/airflow_env/lib/python3.12/site-packages/airflow/example_dags/example_bash_operator.py took 0.062 seconds
[2024-12-10T17:47:52.228-0600] {processor.py:186} INFO - Started process (PID=4156) to work on /root/airflow_env/lib/python3.12/site-packages/airflow/example_dags/example_bash_operator.py
[2024-12-10T17:47:52.231-0600] {processor.py:914} INFO - Processing file /root/airflow_env/lib/python3.12/site-packages/airflow/example_dags/example_bash_operator.py for tasks to queue
[2024-12-10T17:47:52.233-0600] {logging_mixin.py:190} INFO - [2024-12-10T17:47:52.233-0600] {dagbag.py:588} INFO - Filling up the DagBag from /root/airflow_env/lib/python3.12/site-packages/airflow/example_dags/example_bash_operator.py
[2024-12-10T17:47:52.244-0600] {processor.py:925} INFO - DAG(s) 'example_bash_operator' retrieved from /root/airflow_env/lib/python3.12/site-packages/airflow/example_dags/example_bash_operator.py
[2024-12-10T17:47:52.259-0600] {logging_mixin.py:190} INFO - [2024-12-10T17:47:52.258-0600] {dag.py:3239} INFO - Sync 1 DAGs
[2024-12-10T17:47:52.371-0600] {logging_mixin.py:190} INFO - [2024-12-10T17:47:52.370-0600] {dag.py:4180} INFO - Setting next_dagrun for example_bash_operator to 2024-12-09 00:00:00+00:00, run_after=2024-12-10 00:00:00+00:00
[2024-12-10T17:47:52.402-0600] {processor.py:208} INFO - Processing /root/airflow_env/lib/python3.12/site-packages/airflow/example_dags/example_bash_operator.py took 0.179 seconds
[2024-12-10T17:48:46.384-0600] {processor.py:186} INFO - Started process (PID=4215) to work on /root/airflow_env/lib/python3.12/site-packages/airflow/example_dags/example_bash_operator.py
[2024-12-10T17:48:46.387-0600] {processor.py:914} INFO - Processing file /root/airflow_env/lib/python3.12/site-packages/airflow/example_dags/example_bash_operator.py for tasks to queue
[2024-12-10T17:48:46.388-0600] {logging_mixin.py:190} INFO - [2024-12-10T17:48:46.388-0600] {dagbag.py:588} INFO - Filling up the DagBag from /root/airflow_env/lib/python3.12/site-packages/airflow/example_dags/example_bash_operator.py
[2024-12-10T17:48:46.398-0600] {processor.py:925} INFO - DAG(s) 'example_bash_operator' retrieved from /root/airflow_env/lib/python3.12/site-packages/airflow/example_dags/example_bash_operator.py
[2024-12-10T17:48:46.413-0600] {logging_mixin.py:190} INFO - [2024-12-10T17:48:46.413-0600] {dag.py:3239} INFO - Sync 1 DAGs
[2024-12-10T17:48:46.427-0600] {logging_mixin.py:190} INFO - [2024-12-10T17:48:46.427-0600] {dag.py:4180} INFO - Setting next_dagrun for example_bash_operator to 2024-12-09 00:00:00+00:00, run_after=2024-12-10 00:00:00+00:00
[2024-12-10T17:48:46.532-0600] {processor.py:208} INFO - Processing /root/airflow_env/lib/python3.12/site-packages/airflow/example_dags/example_bash_operator.py took 0.152 seconds
[2024-12-10T17:49:43.640-0600] {processor.py:186} INFO - Started process (PID=4274) to work on /root/airflow_env/lib/python3.12/site-packages/airflow/example_dags/example_bash_operator.py
[2024-12-10T17:49:43.642-0600] {processor.py:914} INFO - Processing file /root/airflow_env/lib/python3.12/site-packages/airflow/example_dags/example_bash_operator.py for tasks to queue
[2024-12-10T17:49:43.644-0600] {logging_mixin.py:190} INFO - [2024-12-10T17:49:43.644-0600] {dagbag.py:588} INFO - Filling up the DagBag from /root/airflow_env/lib/python3.12/site-packages/airflow/example_dags/example_bash_operator.py
[2024-12-10T17:49:43.654-0600] {processor.py:925} INFO - DAG(s) 'example_bash_operator' retrieved from /root/airflow_env/lib/python3.12/site-packages/airflow/example_dags/example_bash_operator.py
[2024-12-10T17:49:43.669-0600] {logging_mixin.py:190} INFO - [2024-12-10T17:49:43.669-0600] {dag.py:3239} INFO - Sync 1 DAGs
[2024-12-10T17:49:43.684-0600] {logging_mixin.py:190} INFO - [2024-12-10T17:49:43.684-0600] {dag.py:4180} INFO - Setting next_dagrun for example_bash_operator to 2024-12-09 00:00:00+00:00, run_after=2024-12-10 00:00:00+00:00
[2024-12-10T17:49:43.701-0600] {processor.py:208} INFO - Processing /root/airflow_env/lib/python3.12/site-packages/airflow/example_dags/example_bash_operator.py took 0.064 seconds
[2024-12-10T17:50:35.082-0600] {processor.py:186} INFO - Started process (PID=4336) to work on /root/airflow_env/lib/python3.12/site-packages/airflow/example_dags/example_bash_operator.py
[2024-12-10T17:50:35.084-0600] {processor.py:914} INFO - Processing file /root/airflow_env/lib/python3.12/site-packages/airflow/example_dags/example_bash_operator.py for tasks to queue
[2024-12-10T17:50:35.086-0600] {logging_mixin.py:190} INFO - [2024-12-10T17:50:35.085-0600] {dagbag.py:588} INFO - Filling up the DagBag from /root/airflow_env/lib/python3.12/site-packages/airflow/example_dags/example_bash_operator.py
[2024-12-10T17:50:35.095-0600] {processor.py:925} INFO - DAG(s) 'example_bash_operator' retrieved from /root/airflow_env/lib/python3.12/site-packages/airflow/example_dags/example_bash_operator.py
[2024-12-10T17:50:35.116-0600] {logging_mixin.py:190} INFO - [2024-12-10T17:50:35.116-0600] {dag.py:3239} INFO - Sync 1 DAGs
[2024-12-10T17:50:35.129-0600] {logging_mixin.py:190} INFO - [2024-12-10T17:50:35.129-0600] {dag.py:4180} INFO - Setting next_dagrun for example_bash_operator to 2024-12-09 00:00:00+00:00, run_after=2024-12-10 00:00:00+00:00
[2024-12-10T17:50:35.146-0600] {processor.py:208} INFO - Processing /root/airflow_env/lib/python3.12/site-packages/airflow/example_dags/example_bash_operator.py took 0.068 seconds
[2024-12-10T17:52:17.930-0600] {processor.py:186} INFO - Started process (PID=4404) to work on /root/airflow_env/lib/python3.12/site-packages/airflow/example_dags/example_bash_operator.py
[2024-12-10T17:52:17.933-0600] {processor.py:914} INFO - Processing file /root/airflow_env/lib/python3.12/site-packages/airflow/example_dags/example_bash_operator.py for tasks to queue
[2024-12-10T17:52:17.934-0600] {logging_mixin.py:190} INFO - [2024-12-10T17:52:17.934-0600] {dagbag.py:588} INFO - Filling up the DagBag from /root/airflow_env/lib/python3.12/site-packages/airflow/example_dags/example_bash_operator.py
[2024-12-10T17:52:17.944-0600] {processor.py:925} INFO - DAG(s) 'example_bash_operator' retrieved from /root/airflow_env/lib/python3.12/site-packages/airflow/example_dags/example_bash_operator.py
[2024-12-10T17:52:17.959-0600] {logging_mixin.py:190} INFO - [2024-12-10T17:52:17.959-0600] {dag.py:3239} INFO - Sync 1 DAGs
[2024-12-10T17:52:17.973-0600] {logging_mixin.py:190} INFO - [2024-12-10T17:52:17.972-0600] {dag.py:4180} INFO - Setting next_dagrun for example_bash_operator to 2024-12-09 00:00:00+00:00, run_after=2024-12-10 00:00:00+00:00
[2024-12-10T17:52:17.989-0600] {processor.py:208} INFO - Processing /root/airflow_env/lib/python3.12/site-packages/airflow/example_dags/example_bash_operator.py took 0.062 seconds
[2024-12-10T17:55:16.404-0600] {processor.py:186} INFO - Started process (PID=4605) to work on /root/airflow_env/lib/python3.12/site-packages/airflow/example_dags/example_bash_operator.py
[2024-12-10T17:55:16.406-0600] {processor.py:914} INFO - Processing file /root/airflow_env/lib/python3.12/site-packages/airflow/example_dags/example_bash_operator.py for tasks to queue
[2024-12-10T17:55:16.407-0600] {logging_mixin.py:190} INFO - [2024-12-10T17:55:16.407-0600] {dagbag.py:588} INFO - Filling up the DagBag from /root/airflow_env/lib/python3.12/site-packages/airflow/example_dags/example_bash_operator.py
[2024-12-10T17:55:16.416-0600] {processor.py:925} INFO - DAG(s) 'example_bash_operator' retrieved from /root/airflow_env/lib/python3.12/site-packages/airflow/example_dags/example_bash_operator.py
[2024-12-10T17:55:16.432-0600] {logging_mixin.py:190} INFO - [2024-12-10T17:55:16.431-0600] {dag.py:3239} INFO - Sync 1 DAGs
[2024-12-10T17:55:16.445-0600] {logging_mixin.py:190} INFO - [2024-12-10T17:55:16.445-0600] {dag.py:4180} INFO - Setting next_dagrun for example_bash_operator to 2024-12-09 00:00:00+00:00, run_after=2024-12-10 00:00:00+00:00
[2024-12-10T17:55:16.461-0600] {processor.py:208} INFO - Processing /root/airflow_env/lib/python3.12/site-packages/airflow/example_dags/example_bash_operator.py took 0.061 seconds
[2024-12-10T17:56:13.262-0600] {processor.py:186} INFO - Started process (PID=4680) to work on /root/airflow_env/lib/python3.12/site-packages/airflow/example_dags/example_bash_operator.py
[2024-12-10T17:56:13.263-0600] {processor.py:914} INFO - Processing file /root/airflow_env/lib/python3.12/site-packages/airflow/example_dags/example_bash_operator.py for tasks to queue
[2024-12-10T17:56:13.265-0600] {logging_mixin.py:190} INFO - [2024-12-10T17:56:13.265-0600] {dagbag.py:588} INFO - Filling up the DagBag from /root/airflow_env/lib/python3.12/site-packages/airflow/example_dags/example_bash_operator.py
[2024-12-10T17:56:13.274-0600] {processor.py:925} INFO - DAG(s) 'example_bash_operator' retrieved from /root/airflow_env/lib/python3.12/site-packages/airflow/example_dags/example_bash_operator.py
[2024-12-10T17:56:13.289-0600] {logging_mixin.py:190} INFO - [2024-12-10T17:56:13.288-0600] {dag.py:3239} INFO - Sync 1 DAGs
[2024-12-10T17:56:13.304-0600] {logging_mixin.py:190} INFO - [2024-12-10T17:56:13.303-0600] {dag.py:4180} INFO - Setting next_dagrun for example_bash_operator to 2024-12-09 00:00:00+00:00, run_after=2024-12-10 00:00:00+00:00
[2024-12-10T17:56:13.321-0600] {processor.py:208} INFO - Processing /root/airflow_env/lib/python3.12/site-packages/airflow/example_dags/example_bash_operator.py took 0.063 seconds
[2024-12-10T17:57:08.925-0600] {processor.py:186} INFO - Started process (PID=4754) to work on /root/airflow_env/lib/python3.12/site-packages/airflow/example_dags/example_bash_operator.py
[2024-12-10T17:57:08.926-0600] {processor.py:914} INFO - Processing file /root/airflow_env/lib/python3.12/site-packages/airflow/example_dags/example_bash_operator.py for tasks to queue
[2024-12-10T17:57:08.928-0600] {logging_mixin.py:190} INFO - [2024-12-10T17:57:08.928-0600] {dagbag.py:588} INFO - Filling up the DagBag from /root/airflow_env/lib/python3.12/site-packages/airflow/example_dags/example_bash_operator.py
[2024-12-10T17:57:08.937-0600] {processor.py:925} INFO - DAG(s) 'example_bash_operator' retrieved from /root/airflow_env/lib/python3.12/site-packages/airflow/example_dags/example_bash_operator.py
[2024-12-10T17:57:08.951-0600] {logging_mixin.py:190} INFO - [2024-12-10T17:57:08.951-0600] {dag.py:3239} INFO - Sync 1 DAGs
[2024-12-10T17:57:08.965-0600] {logging_mixin.py:190} INFO - [2024-12-10T17:57:08.965-0600] {dag.py:4180} INFO - Setting next_dagrun for example_bash_operator to 2024-12-09 00:00:00+00:00, run_after=2024-12-10 00:00:00+00:00
[2024-12-10T17:57:08.982-0600] {processor.py:208} INFO - Processing /root/airflow_env/lib/python3.12/site-packages/airflow/example_dags/example_bash_operator.py took 0.062 seconds
[2024-12-10T17:58:02.608-0600] {processor.py:186} INFO - Started process (PID=4822) to work on /root/airflow_env/lib/python3.12/site-packages/airflow/example_dags/example_bash_operator.py
[2024-12-10T17:58:02.611-0600] {processor.py:914} INFO - Processing file /root/airflow_env/lib/python3.12/site-packages/airflow/example_dags/example_bash_operator.py for tasks to queue
[2024-12-10T17:58:02.613-0600] {logging_mixin.py:190} INFO - [2024-12-10T17:58:02.613-0600] {dagbag.py:588} INFO - Filling up the DagBag from /root/airflow_env/lib/python3.12/site-packages/airflow/example_dags/example_bash_operator.py
[2024-12-10T17:58:02.623-0600] {processor.py:925} INFO - DAG(s) 'example_bash_operator' retrieved from /root/airflow_env/lib/python3.12/site-packages/airflow/example_dags/example_bash_operator.py
[2024-12-10T17:58:02.639-0600] {logging_mixin.py:190} INFO - [2024-12-10T17:58:02.639-0600] {dag.py:3239} INFO - Sync 1 DAGs
[2024-12-10T17:58:02.654-0600] {logging_mixin.py:190} INFO - [2024-12-10T17:58:02.654-0600] {dag.py:4180} INFO - Setting next_dagrun for example_bash_operator to 2024-12-09 00:00:00+00:00, run_after=2024-12-10 00:00:00+00:00
[2024-12-10T17:58:02.672-0600] {processor.py:208} INFO - Processing /root/airflow_env/lib/python3.12/site-packages/airflow/example_dags/example_bash_operator.py took 0.068 seconds
[2024-12-10T17:59:17.245-0600] {processor.py:186} INFO - Started process (PID=4937) to work on /root/airflow_env/lib/python3.12/site-packages/airflow/example_dags/example_bash_operator.py
[2024-12-10T17:59:17.247-0600] {processor.py:914} INFO - Processing file /root/airflow_env/lib/python3.12/site-packages/airflow/example_dags/example_bash_operator.py for tasks to queue
[2024-12-10T17:59:17.248-0600] {logging_mixin.py:190} INFO - [2024-12-10T17:59:17.248-0600] {dagbag.py:588} INFO - Filling up the DagBag from /root/airflow_env/lib/python3.12/site-packages/airflow/example_dags/example_bash_operator.py
[2024-12-10T17:59:17.257-0600] {processor.py:925} INFO - DAG(s) 'example_bash_operator' retrieved from /root/airflow_env/lib/python3.12/site-packages/airflow/example_dags/example_bash_operator.py
[2024-12-10T17:59:17.273-0600] {logging_mixin.py:190} INFO - [2024-12-10T17:59:17.273-0600] {dag.py:3239} INFO - Sync 1 DAGs
[2024-12-10T17:59:17.288-0600] {logging_mixin.py:190} INFO - [2024-12-10T17:59:17.288-0600] {dag.py:4180} INFO - Setting next_dagrun for example_bash_operator to 2024-12-09 00:00:00+00:00, run_after=2024-12-10 00:00:00+00:00
[2024-12-10T17:59:17.304-0600] {processor.py:208} INFO - Processing /root/airflow_env/lib/python3.12/site-packages/airflow/example_dags/example_bash_operator.py took 0.063 seconds
