[2024-12-10T17:00:00.374-0600] {processor.py:186} INFO - Started process (PID=688) to work on /root/airflow_env/lib/python3.12/site-packages/airflow/example_dags/example_latest_only_with_trigger.py
[2024-12-10T17:00:00.375-0600] {processor.py:914} INFO - Processing file /root/airflow_env/lib/python3.12/site-packages/airflow/example_dags/example_latest_only_with_trigger.py for tasks to queue
[2024-12-10T17:00:00.376-0600] {logging_mixin.py:190} INFO - [2024-12-10T17:00:00.376-0600] {dagbag.py:588} INFO - Filling up the DagBag from /root/airflow_env/lib/python3.12/site-packages/airflow/example_dags/example_latest_only_with_trigger.py
[2024-12-10T17:00:00.387-0600] {processor.py:925} INFO - DAG(s) 'latest_only_with_trigger' retrieved from /root/airflow_env/lib/python3.12/site-packages/airflow/example_dags/example_latest_only_with_trigger.py
[2024-12-10T17:00:00.406-0600] {logging_mixin.py:190} INFO - [2024-12-10T17:00:00.406-0600] {dag.py:3239} INFO - Sync 1 DAGs
[2024-12-10T17:00:00.424-0600] {logging_mixin.py:190} INFO - [2024-12-10T17:00:00.424-0600] {dag.py:4180} INFO - Setting next_dagrun for latest_only_with_trigger to 2024-12-10 16:00:00+00:00, run_after=2024-12-10 20:00:00+00:00
[2024-12-10T17:00:00.445-0600] {processor.py:208} INFO - Processing /root/airflow_env/lib/python3.12/site-packages/airflow/example_dags/example_latest_only_with_trigger.py took 0.076 seconds
[2024-12-10T17:00:57.324-0600] {processor.py:186} INFO - Started process (PID=760) to work on /root/airflow_env/lib/python3.12/site-packages/airflow/example_dags/example_latest_only_with_trigger.py
[2024-12-10T17:00:57.325-0600] {processor.py:914} INFO - Processing file /root/airflow_env/lib/python3.12/site-packages/airflow/example_dags/example_latest_only_with_trigger.py for tasks to queue
[2024-12-10T17:00:57.327-0600] {logging_mixin.py:190} INFO - [2024-12-10T17:00:57.326-0600] {dagbag.py:588} INFO - Filling up the DagBag from /root/airflow_env/lib/python3.12/site-packages/airflow/example_dags/example_latest_only_with_trigger.py
[2024-12-10T17:00:57.333-0600] {processor.py:925} INFO - DAG(s) 'latest_only_with_trigger' retrieved from /root/airflow_env/lib/python3.12/site-packages/airflow/example_dags/example_latest_only_with_trigger.py
[2024-12-10T17:00:57.345-0600] {logging_mixin.py:190} INFO - [2024-12-10T17:00:57.344-0600] {dag.py:3239} INFO - Sync 1 DAGs
[2024-12-10T17:00:57.371-0600] {logging_mixin.py:190} INFO - [2024-12-10T17:00:57.371-0600] {dag.py:4180} INFO - Setting next_dagrun for latest_only_with_trigger to 2024-12-10 16:00:00+00:00, run_after=2024-12-10 20:00:00+00:00
[2024-12-10T17:00:57.388-0600] {processor.py:208} INFO - Processing /root/airflow_env/lib/python3.12/site-packages/airflow/example_dags/example_latest_only_with_trigger.py took 0.068 seconds
[2024-12-10T17:02:10.914-0600] {processor.py:186} INFO - Started process (PID=898) to work on /root/airflow_env/lib/python3.12/site-packages/airflow/example_dags/example_latest_only_with_trigger.py
[2024-12-10T17:02:10.916-0600] {processor.py:914} INFO - Processing file /root/airflow_env/lib/python3.12/site-packages/airflow/example_dags/example_latest_only_with_trigger.py for tasks to queue
[2024-12-10T17:02:10.920-0600] {logging_mixin.py:190} INFO - [2024-12-10T17:02:10.919-0600] {dagbag.py:588} INFO - Filling up the DagBag from /root/airflow_env/lib/python3.12/site-packages/airflow/example_dags/example_latest_only_with_trigger.py
[2024-12-10T17:02:10.930-0600] {processor.py:925} INFO - DAG(s) 'latest_only_with_trigger' retrieved from /root/airflow_env/lib/python3.12/site-packages/airflow/example_dags/example_latest_only_with_trigger.py
[2024-12-10T17:02:10.955-0600] {logging_mixin.py:190} INFO - [2024-12-10T17:02:10.955-0600] {dag.py:3239} INFO - Sync 1 DAGs
[2024-12-10T17:02:10.987-0600] {logging_mixin.py:190} INFO - [2024-12-10T17:02:10.987-0600] {dag.py:4180} INFO - Setting next_dagrun for latest_only_with_trigger to 2024-12-10 16:00:00+00:00, run_after=2024-12-10 20:00:00+00:00
[2024-12-10T17:02:11.033-0600] {processor.py:208} INFO - Processing /root/airflow_env/lib/python3.12/site-packages/airflow/example_dags/example_latest_only_with_trigger.py took 0.127 seconds
[2024-12-10T17:03:07.804-0600] {processor.py:186} INFO - Started process (PID=969) to work on /root/airflow_env/lib/python3.12/site-packages/airflow/example_dags/example_latest_only_with_trigger.py
[2024-12-10T17:03:07.805-0600] {processor.py:914} INFO - Processing file /root/airflow_env/lib/python3.12/site-packages/airflow/example_dags/example_latest_only_with_trigger.py for tasks to queue
[2024-12-10T17:03:07.806-0600] {logging_mixin.py:190} INFO - [2024-12-10T17:03:07.806-0600] {dagbag.py:588} INFO - Filling up the DagBag from /root/airflow_env/lib/python3.12/site-packages/airflow/example_dags/example_latest_only_with_trigger.py
[2024-12-10T17:03:07.813-0600] {processor.py:925} INFO - DAG(s) 'latest_only_with_trigger' retrieved from /root/airflow_env/lib/python3.12/site-packages/airflow/example_dags/example_latest_only_with_trigger.py
[2024-12-10T17:03:07.831-0600] {logging_mixin.py:190} INFO - [2024-12-10T17:03:07.830-0600] {dag.py:3239} INFO - Sync 1 DAGs
[2024-12-10T17:03:07.846-0600] {logging_mixin.py:190} INFO - [2024-12-10T17:03:07.845-0600] {dag.py:4180} INFO - Setting next_dagrun for latest_only_with_trigger to 2024-12-10 16:00:00+00:00, run_after=2024-12-10 20:00:00+00:00
[2024-12-10T17:03:07.864-0600] {processor.py:208} INFO - Processing /root/airflow_env/lib/python3.12/site-packages/airflow/example_dags/example_latest_only_with_trigger.py took 0.065 seconds
[2024-12-10T17:03:59.285-0600] {processor.py:186} INFO - Started process (PID=1031) to work on /root/airflow_env/lib/python3.12/site-packages/airflow/example_dags/example_latest_only_with_trigger.py
[2024-12-10T17:03:59.286-0600] {processor.py:914} INFO - Processing file /root/airflow_env/lib/python3.12/site-packages/airflow/example_dags/example_latest_only_with_trigger.py for tasks to queue
[2024-12-10T17:03:59.289-0600] {logging_mixin.py:190} INFO - [2024-12-10T17:03:59.289-0600] {dagbag.py:588} INFO - Filling up the DagBag from /root/airflow_env/lib/python3.12/site-packages/airflow/example_dags/example_latest_only_with_trigger.py
[2024-12-10T17:03:59.303-0600] {processor.py:925} INFO - DAG(s) 'latest_only_with_trigger' retrieved from /root/airflow_env/lib/python3.12/site-packages/airflow/example_dags/example_latest_only_with_trigger.py
[2024-12-10T17:03:59.317-0600] {logging_mixin.py:190} INFO - [2024-12-10T17:03:59.316-0600] {dag.py:3239} INFO - Sync 1 DAGs
[2024-12-10T17:03:59.332-0600] {logging_mixin.py:190} INFO - [2024-12-10T17:03:59.331-0600] {dag.py:4180} INFO - Setting next_dagrun for latest_only_with_trigger to 2024-12-10 16:00:00+00:00, run_after=2024-12-10 20:00:00+00:00
[2024-12-10T17:03:59.356-0600] {processor.py:208} INFO - Processing /root/airflow_env/lib/python3.12/site-packages/airflow/example_dags/example_latest_only_with_trigger.py took 0.076 seconds
[2024-12-10T17:04:55.606-0600] {processor.py:186} INFO - Started process (PID=1090) to work on /root/airflow_env/lib/python3.12/site-packages/airflow/example_dags/example_latest_only_with_trigger.py
[2024-12-10T17:04:55.607-0600] {processor.py:914} INFO - Processing file /root/airflow_env/lib/python3.12/site-packages/airflow/example_dags/example_latest_only_with_trigger.py for tasks to queue
[2024-12-10T17:04:55.610-0600] {logging_mixin.py:190} INFO - [2024-12-10T17:04:55.609-0600] {dagbag.py:588} INFO - Filling up the DagBag from /root/airflow_env/lib/python3.12/site-packages/airflow/example_dags/example_latest_only_with_trigger.py
[2024-12-10T17:04:55.617-0600] {processor.py:925} INFO - DAG(s) 'latest_only_with_trigger' retrieved from /root/airflow_env/lib/python3.12/site-packages/airflow/example_dags/example_latest_only_with_trigger.py
[2024-12-10T17:04:55.640-0600] {logging_mixin.py:190} INFO - [2024-12-10T17:04:55.640-0600] {dag.py:3239} INFO - Sync 1 DAGs
[2024-12-10T17:04:55.660-0600] {logging_mixin.py:190} INFO - [2024-12-10T17:04:55.659-0600] {dag.py:4180} INFO - Setting next_dagrun for latest_only_with_trigger to 2024-12-10 16:00:00+00:00, run_after=2024-12-10 20:00:00+00:00
[2024-12-10T17:04:55.695-0600] {processor.py:208} INFO - Processing /root/airflow_env/lib/python3.12/site-packages/airflow/example_dags/example_latest_only_with_trigger.py took 0.097 seconds
[2024-12-10T17:05:48.362-0600] {processor.py:186} INFO - Started process (PID=1152) to work on /root/airflow_env/lib/python3.12/site-packages/airflow/example_dags/example_latest_only_with_trigger.py
[2024-12-10T17:05:48.364-0600] {processor.py:914} INFO - Processing file /root/airflow_env/lib/python3.12/site-packages/airflow/example_dags/example_latest_only_with_trigger.py for tasks to queue
[2024-12-10T17:05:48.366-0600] {logging_mixin.py:190} INFO - [2024-12-10T17:05:48.365-0600] {dagbag.py:588} INFO - Filling up the DagBag from /root/airflow_env/lib/python3.12/site-packages/airflow/example_dags/example_latest_only_with_trigger.py
[2024-12-10T17:05:48.371-0600] {processor.py:925} INFO - DAG(s) 'latest_only_with_trigger' retrieved from /root/airflow_env/lib/python3.12/site-packages/airflow/example_dags/example_latest_only_with_trigger.py
[2024-12-10T17:05:48.383-0600] {logging_mixin.py:190} INFO - [2024-12-10T17:05:48.383-0600] {dag.py:3239} INFO - Sync 1 DAGs
[2024-12-10T17:05:48.397-0600] {logging_mixin.py:190} INFO - [2024-12-10T17:05:48.396-0600] {dag.py:4180} INFO - Setting next_dagrun for latest_only_with_trigger to 2024-12-10 16:00:00+00:00, run_after=2024-12-10 20:00:00+00:00
[2024-12-10T17:05:48.413-0600] {processor.py:208} INFO - Processing /root/airflow_env/lib/python3.12/site-packages/airflow/example_dags/example_latest_only_with_trigger.py took 0.055 seconds
[2024-12-10T17:06:42.179-0600] {processor.py:186} INFO - Started process (PID=1215) to work on /root/airflow_env/lib/python3.12/site-packages/airflow/example_dags/example_latest_only_with_trigger.py
[2024-12-10T17:06:42.181-0600] {processor.py:914} INFO - Processing file /root/airflow_env/lib/python3.12/site-packages/airflow/example_dags/example_latest_only_with_trigger.py for tasks to queue
[2024-12-10T17:06:42.183-0600] {logging_mixin.py:190} INFO - [2024-12-10T17:06:42.182-0600] {dagbag.py:588} INFO - Filling up the DagBag from /root/airflow_env/lib/python3.12/site-packages/airflow/example_dags/example_latest_only_with_trigger.py
[2024-12-10T17:06:42.189-0600] {processor.py:925} INFO - DAG(s) 'latest_only_with_trigger' retrieved from /root/airflow_env/lib/python3.12/site-packages/airflow/example_dags/example_latest_only_with_trigger.py
[2024-12-10T17:06:42.203-0600] {logging_mixin.py:190} INFO - [2024-12-10T17:06:42.202-0600] {dag.py:3239} INFO - Sync 1 DAGs
[2024-12-10T17:06:42.217-0600] {logging_mixin.py:190} INFO - [2024-12-10T17:06:42.216-0600] {dag.py:4180} INFO - Setting next_dagrun for latest_only_with_trigger to 2024-12-10 16:00:00+00:00, run_after=2024-12-10 20:00:00+00:00
[2024-12-10T17:06:42.234-0600] {processor.py:208} INFO - Processing /root/airflow_env/lib/python3.12/site-packages/airflow/example_dags/example_latest_only_with_trigger.py took 0.059 seconds
[2024-12-10T17:07:36.502-0600] {processor.py:186} INFO - Started process (PID=1276) to work on /root/airflow_env/lib/python3.12/site-packages/airflow/example_dags/example_latest_only_with_trigger.py
[2024-12-10T17:07:36.505-0600] {processor.py:914} INFO - Processing file /root/airflow_env/lib/python3.12/site-packages/airflow/example_dags/example_latest_only_with_trigger.py for tasks to queue
[2024-12-10T17:07:36.506-0600] {logging_mixin.py:190} INFO - [2024-12-10T17:07:36.506-0600] {dagbag.py:588} INFO - Filling up the DagBag from /root/airflow_env/lib/python3.12/site-packages/airflow/example_dags/example_latest_only_with_trigger.py
[2024-12-10T17:07:36.512-0600] {processor.py:925} INFO - DAG(s) 'latest_only_with_trigger' retrieved from /root/airflow_env/lib/python3.12/site-packages/airflow/example_dags/example_latest_only_with_trigger.py
[2024-12-10T17:07:36.524-0600] {logging_mixin.py:190} INFO - [2024-12-10T17:07:36.524-0600] {dag.py:3239} INFO - Sync 1 DAGs
[2024-12-10T17:07:36.537-0600] {logging_mixin.py:190} INFO - [2024-12-10T17:07:36.537-0600] {dag.py:4180} INFO - Setting next_dagrun for latest_only_with_trigger to 2024-12-10 16:00:00+00:00, run_after=2024-12-10 20:00:00+00:00
[2024-12-10T17:07:36.555-0600] {processor.py:208} INFO - Processing /root/airflow_env/lib/python3.12/site-packages/airflow/example_dags/example_latest_only_with_trigger.py took 0.058 seconds
[2024-12-10T17:08:26.038-0600] {processor.py:186} INFO - Started process (PID=1376) to work on /root/airflow_env/lib/python3.12/site-packages/airflow/example_dags/example_latest_only_with_trigger.py
[2024-12-10T17:08:26.041-0600] {processor.py:914} INFO - Processing file /root/airflow_env/lib/python3.12/site-packages/airflow/example_dags/example_latest_only_with_trigger.py for tasks to queue
[2024-12-10T17:08:26.042-0600] {logging_mixin.py:190} INFO - [2024-12-10T17:08:26.042-0600] {dagbag.py:588} INFO - Filling up the DagBag from /root/airflow_env/lib/python3.12/site-packages/airflow/example_dags/example_latest_only_with_trigger.py
[2024-12-10T17:08:26.048-0600] {processor.py:925} INFO - DAG(s) 'latest_only_with_trigger' retrieved from /root/airflow_env/lib/python3.12/site-packages/airflow/example_dags/example_latest_only_with_trigger.py
[2024-12-10T17:08:26.060-0600] {logging_mixin.py:190} INFO - [2024-12-10T17:08:26.060-0600] {dag.py:3239} INFO - Sync 1 DAGs
[2024-12-10T17:08:26.075-0600] {logging_mixin.py:190} INFO - [2024-12-10T17:08:26.075-0600] {dag.py:4180} INFO - Setting next_dagrun for latest_only_with_trigger to 2024-12-10 16:00:00+00:00, run_after=2024-12-10 20:00:00+00:00
[2024-12-10T17:08:26.097-0600] {processor.py:208} INFO - Processing /root/airflow_env/lib/python3.12/site-packages/airflow/example_dags/example_latest_only_with_trigger.py took 0.063 seconds
[2024-12-10T17:09:15.586-0600] {processor.py:186} INFO - Started process (PID=1439) to work on /root/airflow_env/lib/python3.12/site-packages/airflow/example_dags/example_latest_only_with_trigger.py
[2024-12-10T17:09:15.588-0600] {processor.py:914} INFO - Processing file /root/airflow_env/lib/python3.12/site-packages/airflow/example_dags/example_latest_only_with_trigger.py for tasks to queue
[2024-12-10T17:09:15.589-0600] {logging_mixin.py:190} INFO - [2024-12-10T17:09:15.589-0600] {dagbag.py:588} INFO - Filling up the DagBag from /root/airflow_env/lib/python3.12/site-packages/airflow/example_dags/example_latest_only_with_trigger.py
[2024-12-10T17:09:15.595-0600] {processor.py:925} INFO - DAG(s) 'latest_only_with_trigger' retrieved from /root/airflow_env/lib/python3.12/site-packages/airflow/example_dags/example_latest_only_with_trigger.py
[2024-12-10T17:09:15.607-0600] {logging_mixin.py:190} INFO - [2024-12-10T17:09:15.606-0600] {dag.py:3239} INFO - Sync 1 DAGs
[2024-12-10T17:09:15.620-0600] {logging_mixin.py:190} INFO - [2024-12-10T17:09:15.620-0600] {dag.py:4180} INFO - Setting next_dagrun for latest_only_with_trigger to 2024-12-10 16:00:00+00:00, run_after=2024-12-10 20:00:00+00:00
[2024-12-10T17:09:15.637-0600] {processor.py:208} INFO - Processing /root/airflow_env/lib/python3.12/site-packages/airflow/example_dags/example_latest_only_with_trigger.py took 0.054 seconds
[2024-12-10T17:10:09.462-0600] {processor.py:186} INFO - Started process (PID=1506) to work on /root/airflow_env/lib/python3.12/site-packages/airflow/example_dags/example_latest_only_with_trigger.py
[2024-12-10T17:10:09.465-0600] {processor.py:914} INFO - Processing file /root/airflow_env/lib/python3.12/site-packages/airflow/example_dags/example_latest_only_with_trigger.py for tasks to queue
[2024-12-10T17:10:09.466-0600] {logging_mixin.py:190} INFO - [2024-12-10T17:10:09.466-0600] {dagbag.py:588} INFO - Filling up the DagBag from /root/airflow_env/lib/python3.12/site-packages/airflow/example_dags/example_latest_only_with_trigger.py
[2024-12-10T17:10:09.472-0600] {processor.py:925} INFO - DAG(s) 'latest_only_with_trigger' retrieved from /root/airflow_env/lib/python3.12/site-packages/airflow/example_dags/example_latest_only_with_trigger.py
[2024-12-10T17:10:09.485-0600] {logging_mixin.py:190} INFO - [2024-12-10T17:10:09.484-0600] {dag.py:3239} INFO - Sync 1 DAGs
[2024-12-10T17:10:09.500-0600] {logging_mixin.py:190} INFO - [2024-12-10T17:10:09.500-0600] {dag.py:4180} INFO - Setting next_dagrun for latest_only_with_trigger to 2024-12-10 16:00:00+00:00, run_after=2024-12-10 20:00:00+00:00
[2024-12-10T17:10:09.518-0600] {processor.py:208} INFO - Processing /root/airflow_env/lib/python3.12/site-packages/airflow/example_dags/example_latest_only_with_trigger.py took 0.059 seconds
[2024-12-10T17:10:58.293-0600] {processor.py:186} INFO - Started process (PID=1564) to work on /root/airflow_env/lib/python3.12/site-packages/airflow/example_dags/example_latest_only_with_trigger.py
[2024-12-10T17:10:58.295-0600] {processor.py:914} INFO - Processing file /root/airflow_env/lib/python3.12/site-packages/airflow/example_dags/example_latest_only_with_trigger.py for tasks to queue
[2024-12-10T17:10:58.296-0600] {logging_mixin.py:190} INFO - [2024-12-10T17:10:58.296-0600] {dagbag.py:588} INFO - Filling up the DagBag from /root/airflow_env/lib/python3.12/site-packages/airflow/example_dags/example_latest_only_with_trigger.py
[2024-12-10T17:10:58.304-0600] {processor.py:925} INFO - DAG(s) 'latest_only_with_trigger' retrieved from /root/airflow_env/lib/python3.12/site-packages/airflow/example_dags/example_latest_only_with_trigger.py
[2024-12-10T17:10:58.315-0600] {logging_mixin.py:190} INFO - [2024-12-10T17:10:58.315-0600] {dag.py:3239} INFO - Sync 1 DAGs
[2024-12-10T17:10:58.329-0600] {logging_mixin.py:190} INFO - [2024-12-10T17:10:58.329-0600] {dag.py:4180} INFO - Setting next_dagrun for latest_only_with_trigger to 2024-12-10 16:00:00+00:00, run_after=2024-12-10 20:00:00+00:00
[2024-12-10T17:10:58.349-0600] {processor.py:208} INFO - Processing /root/airflow_env/lib/python3.12/site-packages/airflow/example_dags/example_latest_only_with_trigger.py took 0.061 seconds
[2024-12-10T17:11:48.636-0600] {processor.py:186} INFO - Started process (PID=1625) to work on /root/airflow_env/lib/python3.12/site-packages/airflow/example_dags/example_latest_only_with_trigger.py
[2024-12-10T17:11:48.639-0600] {processor.py:914} INFO - Processing file /root/airflow_env/lib/python3.12/site-packages/airflow/example_dags/example_latest_only_with_trigger.py for tasks to queue
[2024-12-10T17:11:48.640-0600] {logging_mixin.py:190} INFO - [2024-12-10T17:11:48.640-0600] {dagbag.py:588} INFO - Filling up the DagBag from /root/airflow_env/lib/python3.12/site-packages/airflow/example_dags/example_latest_only_with_trigger.py
[2024-12-10T17:11:48.646-0600] {processor.py:925} INFO - DAG(s) 'latest_only_with_trigger' retrieved from /root/airflow_env/lib/python3.12/site-packages/airflow/example_dags/example_latest_only_with_trigger.py
[2024-12-10T17:11:48.657-0600] {logging_mixin.py:190} INFO - [2024-12-10T17:11:48.657-0600] {dag.py:3239} INFO - Sync 1 DAGs
[2024-12-10T17:11:48.669-0600] {logging_mixin.py:190} INFO - [2024-12-10T17:11:48.669-0600] {dag.py:4180} INFO - Setting next_dagrun for latest_only_with_trigger to 2024-12-10 16:00:00+00:00, run_after=2024-12-10 20:00:00+00:00
[2024-12-10T17:11:48.687-0600] {processor.py:208} INFO - Processing /root/airflow_env/lib/python3.12/site-packages/airflow/example_dags/example_latest_only_with_trigger.py took 0.054 seconds
[2024-12-10T17:12:40.066-0600] {processor.py:186} INFO - Started process (PID=1684) to work on /root/airflow_env/lib/python3.12/site-packages/airflow/example_dags/example_latest_only_with_trigger.py
[2024-12-10T17:12:40.068-0600] {processor.py:914} INFO - Processing file /root/airflow_env/lib/python3.12/site-packages/airflow/example_dags/example_latest_only_with_trigger.py for tasks to queue
[2024-12-10T17:12:40.070-0600] {logging_mixin.py:190} INFO - [2024-12-10T17:12:40.069-0600] {dagbag.py:588} INFO - Filling up the DagBag from /root/airflow_env/lib/python3.12/site-packages/airflow/example_dags/example_latest_only_with_trigger.py
[2024-12-10T17:12:40.075-0600] {processor.py:925} INFO - DAG(s) 'latest_only_with_trigger' retrieved from /root/airflow_env/lib/python3.12/site-packages/airflow/example_dags/example_latest_only_with_trigger.py
[2024-12-10T17:12:40.088-0600] {logging_mixin.py:190} INFO - [2024-12-10T17:12:40.087-0600] {dag.py:3239} INFO - Sync 1 DAGs
[2024-12-10T17:12:40.101-0600] {logging_mixin.py:190} INFO - [2024-12-10T17:12:40.101-0600] {dag.py:4180} INFO - Setting next_dagrun for latest_only_with_trigger to 2024-12-10 16:00:00+00:00, run_after=2024-12-10 20:00:00+00:00
[2024-12-10T17:12:40.118-0600] {processor.py:208} INFO - Processing /root/airflow_env/lib/python3.12/site-packages/airflow/example_dags/example_latest_only_with_trigger.py took 0.056 seconds
[2024-12-10T17:13:32.542-0600] {processor.py:186} INFO - Started process (PID=1740) to work on /root/airflow_env/lib/python3.12/site-packages/airflow/example_dags/example_latest_only_with_trigger.py
[2024-12-10T17:13:32.544-0600] {processor.py:914} INFO - Processing file /root/airflow_env/lib/python3.12/site-packages/airflow/example_dags/example_latest_only_with_trigger.py for tasks to queue
[2024-12-10T17:13:32.546-0600] {logging_mixin.py:190} INFO - [2024-12-10T17:13:32.546-0600] {dagbag.py:588} INFO - Filling up the DagBag from /root/airflow_env/lib/python3.12/site-packages/airflow/example_dags/example_latest_only_with_trigger.py
[2024-12-10T17:13:32.552-0600] {processor.py:925} INFO - DAG(s) 'latest_only_with_trigger' retrieved from /root/airflow_env/lib/python3.12/site-packages/airflow/example_dags/example_latest_only_with_trigger.py
[2024-12-10T17:13:32.563-0600] {logging_mixin.py:190} INFO - [2024-12-10T17:13:32.563-0600] {dag.py:3239} INFO - Sync 1 DAGs
[2024-12-10T17:13:32.576-0600] {logging_mixin.py:190} INFO - [2024-12-10T17:13:32.575-0600] {dag.py:4180} INFO - Setting next_dagrun for latest_only_with_trigger to 2024-12-10 16:00:00+00:00, run_after=2024-12-10 20:00:00+00:00
[2024-12-10T17:13:32.592-0600] {processor.py:208} INFO - Processing /root/airflow_env/lib/python3.12/site-packages/airflow/example_dags/example_latest_only_with_trigger.py took 0.055 seconds
[2024-12-10T17:14:21.956-0600] {processor.py:186} INFO - Started process (PID=1795) to work on /root/airflow_env/lib/python3.12/site-packages/airflow/example_dags/example_latest_only_with_trigger.py
[2024-12-10T17:14:21.958-0600] {processor.py:914} INFO - Processing file /root/airflow_env/lib/python3.12/site-packages/airflow/example_dags/example_latest_only_with_trigger.py for tasks to queue
[2024-12-10T17:14:21.960-0600] {logging_mixin.py:190} INFO - [2024-12-10T17:14:21.959-0600] {dagbag.py:588} INFO - Filling up the DagBag from /root/airflow_env/lib/python3.12/site-packages/airflow/example_dags/example_latest_only_with_trigger.py
[2024-12-10T17:14:21.966-0600] {processor.py:925} INFO - DAG(s) 'latest_only_with_trigger' retrieved from /root/airflow_env/lib/python3.12/site-packages/airflow/example_dags/example_latest_only_with_trigger.py
[2024-12-10T17:14:21.977-0600] {logging_mixin.py:190} INFO - [2024-12-10T17:14:21.977-0600] {dag.py:3239} INFO - Sync 1 DAGs
[2024-12-10T17:14:21.990-0600] {logging_mixin.py:190} INFO - [2024-12-10T17:14:21.990-0600] {dag.py:4180} INFO - Setting next_dagrun for latest_only_with_trigger to 2024-12-10 16:00:00+00:00, run_after=2024-12-10 20:00:00+00:00
[2024-12-10T17:14:22.006-0600] {processor.py:208} INFO - Processing /root/airflow_env/lib/python3.12/site-packages/airflow/example_dags/example_latest_only_with_trigger.py took 0.060 seconds
[2024-12-10T17:15:16.901-0600] {processor.py:186} INFO - Started process (PID=1865) to work on /root/airflow_env/lib/python3.12/site-packages/airflow/example_dags/example_latest_only_with_trigger.py
[2024-12-10T17:15:16.904-0600] {processor.py:914} INFO - Processing file /root/airflow_env/lib/python3.12/site-packages/airflow/example_dags/example_latest_only_with_trigger.py for tasks to queue
[2024-12-10T17:15:16.905-0600] {logging_mixin.py:190} INFO - [2024-12-10T17:15:16.905-0600] {dagbag.py:588} INFO - Filling up the DagBag from /root/airflow_env/lib/python3.12/site-packages/airflow/example_dags/example_latest_only_with_trigger.py
[2024-12-10T17:15:16.912-0600] {processor.py:925} INFO - DAG(s) 'latest_only_with_trigger' retrieved from /root/airflow_env/lib/python3.12/site-packages/airflow/example_dags/example_latest_only_with_trigger.py
[2024-12-10T17:15:16.923-0600] {logging_mixin.py:190} INFO - [2024-12-10T17:15:16.923-0600] {dag.py:3239} INFO - Sync 1 DAGs
[2024-12-10T17:15:16.937-0600] {logging_mixin.py:190} INFO - [2024-12-10T17:15:16.937-0600] {dag.py:4180} INFO - Setting next_dagrun for latest_only_with_trigger to 2024-12-10 16:00:00+00:00, run_after=2024-12-10 20:00:00+00:00
[2024-12-10T17:15:16.955-0600] {processor.py:208} INFO - Processing /root/airflow_env/lib/python3.12/site-packages/airflow/example_dags/example_latest_only_with_trigger.py took 0.058 seconds
[2024-12-10T17:16:07.248-0600] {processor.py:186} INFO - Started process (PID=1926) to work on /root/airflow_env/lib/python3.12/site-packages/airflow/example_dags/example_latest_only_with_trigger.py
[2024-12-10T17:16:07.251-0600] {processor.py:914} INFO - Processing file /root/airflow_env/lib/python3.12/site-packages/airflow/example_dags/example_latest_only_with_trigger.py for tasks to queue
[2024-12-10T17:16:07.252-0600] {logging_mixin.py:190} INFO - [2024-12-10T17:16:07.252-0600] {dagbag.py:588} INFO - Filling up the DagBag from /root/airflow_env/lib/python3.12/site-packages/airflow/example_dags/example_latest_only_with_trigger.py
[2024-12-10T17:16:07.258-0600] {processor.py:925} INFO - DAG(s) 'latest_only_with_trigger' retrieved from /root/airflow_env/lib/python3.12/site-packages/airflow/example_dags/example_latest_only_with_trigger.py
[2024-12-10T17:16:07.270-0600] {logging_mixin.py:190} INFO - [2024-12-10T17:16:07.270-0600] {dag.py:3239} INFO - Sync 1 DAGs
[2024-12-10T17:16:07.284-0600] {logging_mixin.py:190} INFO - [2024-12-10T17:16:07.284-0600] {dag.py:4180} INFO - Setting next_dagrun for latest_only_with_trigger to 2024-12-10 16:00:00+00:00, run_after=2024-12-10 20:00:00+00:00
[2024-12-10T17:16:07.301-0600] {processor.py:208} INFO - Processing /root/airflow_env/lib/python3.12/site-packages/airflow/example_dags/example_latest_only_with_trigger.py took 0.057 seconds
[2024-12-10T17:16:59.779-0600] {processor.py:186} INFO - Started process (PID=1986) to work on /root/airflow_env/lib/python3.12/site-packages/airflow/example_dags/example_latest_only_with_trigger.py
[2024-12-10T17:16:59.782-0600] {processor.py:914} INFO - Processing file /root/airflow_env/lib/python3.12/site-packages/airflow/example_dags/example_latest_only_with_trigger.py for tasks to queue
[2024-12-10T17:16:59.783-0600] {logging_mixin.py:190} INFO - [2024-12-10T17:16:59.783-0600] {dagbag.py:588} INFO - Filling up the DagBag from /root/airflow_env/lib/python3.12/site-packages/airflow/example_dags/example_latest_only_with_trigger.py
[2024-12-10T17:16:59.789-0600] {processor.py:925} INFO - DAG(s) 'latest_only_with_trigger' retrieved from /root/airflow_env/lib/python3.12/site-packages/airflow/example_dags/example_latest_only_with_trigger.py
[2024-12-10T17:16:59.800-0600] {logging_mixin.py:190} INFO - [2024-12-10T17:16:59.800-0600] {dag.py:3239} INFO - Sync 1 DAGs
[2024-12-10T17:16:59.812-0600] {logging_mixin.py:190} INFO - [2024-12-10T17:16:59.812-0600] {dag.py:4180} INFO - Setting next_dagrun for latest_only_with_trigger to 2024-12-10 16:00:00+00:00, run_after=2024-12-10 20:00:00+00:00
[2024-12-10T17:16:59.829-0600] {processor.py:208} INFO - Processing /root/airflow_env/lib/python3.12/site-packages/airflow/example_dags/example_latest_only_with_trigger.py took 0.055 seconds
[2024-12-10T17:17:51.033-0600] {processor.py:186} INFO - Started process (PID=2046) to work on /root/airflow_env/lib/python3.12/site-packages/airflow/example_dags/example_latest_only_with_trigger.py
[2024-12-10T17:17:51.036-0600] {processor.py:914} INFO - Processing file /root/airflow_env/lib/python3.12/site-packages/airflow/example_dags/example_latest_only_with_trigger.py for tasks to queue
[2024-12-10T17:17:51.037-0600] {logging_mixin.py:190} INFO - [2024-12-10T17:17:51.037-0600] {dagbag.py:588} INFO - Filling up the DagBag from /root/airflow_env/lib/python3.12/site-packages/airflow/example_dags/example_latest_only_with_trigger.py
[2024-12-10T17:17:51.043-0600] {processor.py:925} INFO - DAG(s) 'latest_only_with_trigger' retrieved from /root/airflow_env/lib/python3.12/site-packages/airflow/example_dags/example_latest_only_with_trigger.py
[2024-12-10T17:17:51.054-0600] {logging_mixin.py:190} INFO - [2024-12-10T17:17:51.054-0600] {dag.py:3239} INFO - Sync 1 DAGs
[2024-12-10T17:17:51.067-0600] {logging_mixin.py:190} INFO - [2024-12-10T17:17:51.067-0600] {dag.py:4180} INFO - Setting next_dagrun for latest_only_with_trigger to 2024-12-10 16:00:00+00:00, run_after=2024-12-10 20:00:00+00:00
[2024-12-10T17:17:51.084-0600] {processor.py:208} INFO - Processing /root/airflow_env/lib/python3.12/site-packages/airflow/example_dags/example_latest_only_with_trigger.py took 0.055 seconds
[2024-12-10T17:18:43.994-0600] {processor.py:186} INFO - Started process (PID=2102) to work on /root/airflow_env/lib/python3.12/site-packages/airflow/example_dags/example_latest_only_with_trigger.py
[2024-12-10T17:18:43.997-0600] {processor.py:914} INFO - Processing file /root/airflow_env/lib/python3.12/site-packages/airflow/example_dags/example_latest_only_with_trigger.py for tasks to queue
[2024-12-10T17:18:43.999-0600] {logging_mixin.py:190} INFO - [2024-12-10T17:18:43.998-0600] {dagbag.py:588} INFO - Filling up the DagBag from /root/airflow_env/lib/python3.12/site-packages/airflow/example_dags/example_latest_only_with_trigger.py
[2024-12-10T17:18:44.004-0600] {processor.py:925} INFO - DAG(s) 'latest_only_with_trigger' retrieved from /root/airflow_env/lib/python3.12/site-packages/airflow/example_dags/example_latest_only_with_trigger.py
[2024-12-10T17:18:44.015-0600] {logging_mixin.py:190} INFO - [2024-12-10T17:18:44.015-0600] {dag.py:3239} INFO - Sync 1 DAGs
[2024-12-10T17:18:44.028-0600] {logging_mixin.py:190} INFO - [2024-12-10T17:18:44.028-0600] {dag.py:4180} INFO - Setting next_dagrun for latest_only_with_trigger to 2024-12-10 16:00:00+00:00, run_after=2024-12-10 20:00:00+00:00
[2024-12-10T17:18:44.045-0600] {processor.py:208} INFO - Processing /root/airflow_env/lib/python3.12/site-packages/airflow/example_dags/example_latest_only_with_trigger.py took 0.055 seconds
[2024-12-10T17:19:37.955-0600] {processor.py:186} INFO - Started process (PID=2160) to work on /root/airflow_env/lib/python3.12/site-packages/airflow/example_dags/example_latest_only_with_trigger.py
[2024-12-10T17:19:37.957-0600] {processor.py:914} INFO - Processing file /root/airflow_env/lib/python3.12/site-packages/airflow/example_dags/example_latest_only_with_trigger.py for tasks to queue
[2024-12-10T17:19:37.959-0600] {logging_mixin.py:190} INFO - [2024-12-10T17:19:37.958-0600] {dagbag.py:588} INFO - Filling up the DagBag from /root/airflow_env/lib/python3.12/site-packages/airflow/example_dags/example_latest_only_with_trigger.py
[2024-12-10T17:19:37.964-0600] {processor.py:925} INFO - DAG(s) 'latest_only_with_trigger' retrieved from /root/airflow_env/lib/python3.12/site-packages/airflow/example_dags/example_latest_only_with_trigger.py
[2024-12-10T17:19:37.975-0600] {logging_mixin.py:190} INFO - [2024-12-10T17:19:37.975-0600] {dag.py:3239} INFO - Sync 1 DAGs
[2024-12-10T17:19:37.987-0600] {logging_mixin.py:190} INFO - [2024-12-10T17:19:37.987-0600] {dag.py:4180} INFO - Setting next_dagrun for latest_only_with_trigger to 2024-12-10 16:00:00+00:00, run_after=2024-12-10 20:00:00+00:00
[2024-12-10T17:19:38.005-0600] {processor.py:208} INFO - Processing /root/airflow_env/lib/python3.12/site-packages/airflow/example_dags/example_latest_only_with_trigger.py took 0.054 seconds
[2024-12-10T17:20:27.087-0600] {processor.py:186} INFO - Started process (PID=2216) to work on /root/airflow_env/lib/python3.12/site-packages/airflow/example_dags/example_latest_only_with_trigger.py
[2024-12-10T17:20:27.089-0600] {processor.py:914} INFO - Processing file /root/airflow_env/lib/python3.12/site-packages/airflow/example_dags/example_latest_only_with_trigger.py for tasks to queue
[2024-12-10T17:20:27.091-0600] {logging_mixin.py:190} INFO - [2024-12-10T17:20:27.090-0600] {dagbag.py:588} INFO - Filling up the DagBag from /root/airflow_env/lib/python3.12/site-packages/airflow/example_dags/example_latest_only_with_trigger.py
[2024-12-10T17:20:27.097-0600] {processor.py:925} INFO - DAG(s) 'latest_only_with_trigger' retrieved from /root/airflow_env/lib/python3.12/site-packages/airflow/example_dags/example_latest_only_with_trigger.py
[2024-12-10T17:20:27.107-0600] {logging_mixin.py:190} INFO - [2024-12-10T17:20:27.107-0600] {dag.py:3239} INFO - Sync 1 DAGs
[2024-12-10T17:20:27.120-0600] {logging_mixin.py:190} INFO - [2024-12-10T17:20:27.120-0600] {dag.py:4180} INFO - Setting next_dagrun for latest_only_with_trigger to 2024-12-10 16:00:00+00:00, run_after=2024-12-10 20:00:00+00:00
[2024-12-10T17:20:27.137-0600] {processor.py:208} INFO - Processing /root/airflow_env/lib/python3.12/site-packages/airflow/example_dags/example_latest_only_with_trigger.py took 0.053 seconds
[2024-12-10T17:21:21.858-0600] {processor.py:186} INFO - Started process (PID=2274) to work on /root/airflow_env/lib/python3.12/site-packages/airflow/example_dags/example_latest_only_with_trigger.py
[2024-12-10T17:21:21.860-0600] {processor.py:914} INFO - Processing file /root/airflow_env/lib/python3.12/site-packages/airflow/example_dags/example_latest_only_with_trigger.py for tasks to queue
[2024-12-10T17:21:21.861-0600] {logging_mixin.py:190} INFO - [2024-12-10T17:21:21.861-0600] {dagbag.py:588} INFO - Filling up the DagBag from /root/airflow_env/lib/python3.12/site-packages/airflow/example_dags/example_latest_only_with_trigger.py
[2024-12-10T17:21:21.867-0600] {processor.py:925} INFO - DAG(s) 'latest_only_with_trigger' retrieved from /root/airflow_env/lib/python3.12/site-packages/airflow/example_dags/example_latest_only_with_trigger.py
[2024-12-10T17:21:21.878-0600] {logging_mixin.py:190} INFO - [2024-12-10T17:21:21.878-0600] {dag.py:3239} INFO - Sync 1 DAGs
[2024-12-10T17:21:21.891-0600] {logging_mixin.py:190} INFO - [2024-12-10T17:21:21.890-0600] {dag.py:4180} INFO - Setting next_dagrun for latest_only_with_trigger to 2024-12-10 16:00:00+00:00, run_after=2024-12-10 20:00:00+00:00
[2024-12-10T17:21:21.907-0600] {processor.py:208} INFO - Processing /root/airflow_env/lib/python3.12/site-packages/airflow/example_dags/example_latest_only_with_trigger.py took 0.053 seconds
[2024-12-10T17:22:14.574-0600] {processor.py:186} INFO - Started process (PID=2334) to work on /root/airflow_env/lib/python3.12/site-packages/airflow/example_dags/example_latest_only_with_trigger.py
[2024-12-10T17:22:14.577-0600] {processor.py:914} INFO - Processing file /root/airflow_env/lib/python3.12/site-packages/airflow/example_dags/example_latest_only_with_trigger.py for tasks to queue
[2024-12-10T17:22:14.579-0600] {logging_mixin.py:190} INFO - [2024-12-10T17:22:14.578-0600] {dagbag.py:588} INFO - Filling up the DagBag from /root/airflow_env/lib/python3.12/site-packages/airflow/example_dags/example_latest_only_with_trigger.py
[2024-12-10T17:22:14.584-0600] {processor.py:925} INFO - DAG(s) 'latest_only_with_trigger' retrieved from /root/airflow_env/lib/python3.12/site-packages/airflow/example_dags/example_latest_only_with_trigger.py
[2024-12-10T17:22:14.595-0600] {logging_mixin.py:190} INFO - [2024-12-10T17:22:14.595-0600] {dag.py:3239} INFO - Sync 1 DAGs
[2024-12-10T17:22:14.608-0600] {logging_mixin.py:190} INFO - [2024-12-10T17:22:14.608-0600] {dag.py:4180} INFO - Setting next_dagrun for latest_only_with_trigger to 2024-12-10 16:00:00+00:00, run_after=2024-12-10 20:00:00+00:00
[2024-12-10T17:22:14.624-0600] {processor.py:208} INFO - Processing /root/airflow_env/lib/python3.12/site-packages/airflow/example_dags/example_latest_only_with_trigger.py took 0.054 seconds
[2024-12-10T17:23:10.947-0600] {processor.py:186} INFO - Started process (PID=2391) to work on /root/airflow_env/lib/python3.12/site-packages/airflow/example_dags/example_latest_only_with_trigger.py
[2024-12-10T17:23:10.949-0600] {processor.py:914} INFO - Processing file /root/airflow_env/lib/python3.12/site-packages/airflow/example_dags/example_latest_only_with_trigger.py for tasks to queue
[2024-12-10T17:23:10.951-0600] {logging_mixin.py:190} INFO - [2024-12-10T17:23:10.950-0600] {dagbag.py:588} INFO - Filling up the DagBag from /root/airflow_env/lib/python3.12/site-packages/airflow/example_dags/example_latest_only_with_trigger.py
[2024-12-10T17:23:10.956-0600] {processor.py:925} INFO - DAG(s) 'latest_only_with_trigger' retrieved from /root/airflow_env/lib/python3.12/site-packages/airflow/example_dags/example_latest_only_with_trigger.py
[2024-12-10T17:23:10.968-0600] {logging_mixin.py:190} INFO - [2024-12-10T17:23:10.968-0600] {dag.py:3239} INFO - Sync 1 DAGs
[2024-12-10T17:23:10.981-0600] {logging_mixin.py:190} INFO - [2024-12-10T17:23:10.980-0600] {dag.py:4180} INFO - Setting next_dagrun for latest_only_with_trigger to 2024-12-10 16:00:00+00:00, run_after=2024-12-10 20:00:00+00:00
[2024-12-10T17:23:11.001-0600] {processor.py:208} INFO - Processing /root/airflow_env/lib/python3.12/site-packages/airflow/example_dags/example_latest_only_with_trigger.py took 0.058 seconds
[2024-12-10T17:24:03.092-0600] {processor.py:186} INFO - Started process (PID=2450) to work on /root/airflow_env/lib/python3.12/site-packages/airflow/example_dags/example_latest_only_with_trigger.py
[2024-12-10T17:24:03.094-0600] {processor.py:914} INFO - Processing file /root/airflow_env/lib/python3.12/site-packages/airflow/example_dags/example_latest_only_with_trigger.py for tasks to queue
[2024-12-10T17:24:03.096-0600] {logging_mixin.py:190} INFO - [2024-12-10T17:24:03.096-0600] {dagbag.py:588} INFO - Filling up the DagBag from /root/airflow_env/lib/python3.12/site-packages/airflow/example_dags/example_latest_only_with_trigger.py
[2024-12-10T17:24:03.102-0600] {processor.py:925} INFO - DAG(s) 'latest_only_with_trigger' retrieved from /root/airflow_env/lib/python3.12/site-packages/airflow/example_dags/example_latest_only_with_trigger.py
[2024-12-10T17:24:03.113-0600] {logging_mixin.py:190} INFO - [2024-12-10T17:24:03.113-0600] {dag.py:3239} INFO - Sync 1 DAGs
[2024-12-10T17:24:03.125-0600] {logging_mixin.py:190} INFO - [2024-12-10T17:24:03.125-0600] {dag.py:4180} INFO - Setting next_dagrun for latest_only_with_trigger to 2024-12-10 16:00:00+00:00, run_after=2024-12-10 20:00:00+00:00
[2024-12-10T17:24:03.142-0600] {processor.py:208} INFO - Processing /root/airflow_env/lib/python3.12/site-packages/airflow/example_dags/example_latest_only_with_trigger.py took 0.053 seconds
[2024-12-10T17:24:55.514-0600] {processor.py:186} INFO - Started process (PID=2513) to work on /root/airflow_env/lib/python3.12/site-packages/airflow/example_dags/example_latest_only_with_trigger.py
[2024-12-10T17:24:55.517-0600] {processor.py:914} INFO - Processing file /root/airflow_env/lib/python3.12/site-packages/airflow/example_dags/example_latest_only_with_trigger.py for tasks to queue
[2024-12-10T17:24:55.518-0600] {logging_mixin.py:190} INFO - [2024-12-10T17:24:55.518-0600] {dagbag.py:588} INFO - Filling up the DagBag from /root/airflow_env/lib/python3.12/site-packages/airflow/example_dags/example_latest_only_with_trigger.py
[2024-12-10T17:24:55.524-0600] {processor.py:925} INFO - DAG(s) 'latest_only_with_trigger' retrieved from /root/airflow_env/lib/python3.12/site-packages/airflow/example_dags/example_latest_only_with_trigger.py
[2024-12-10T17:24:55.535-0600] {logging_mixin.py:190} INFO - [2024-12-10T17:24:55.535-0600] {dag.py:3239} INFO - Sync 1 DAGs
[2024-12-10T17:24:55.548-0600] {logging_mixin.py:190} INFO - [2024-12-10T17:24:55.548-0600] {dag.py:4180} INFO - Setting next_dagrun for latest_only_with_trigger to 2024-12-10 16:00:00+00:00, run_after=2024-12-10 20:00:00+00:00
[2024-12-10T17:24:55.566-0600] {processor.py:208} INFO - Processing /root/airflow_env/lib/python3.12/site-packages/airflow/example_dags/example_latest_only_with_trigger.py took 0.055 seconds
[2024-12-10T17:25:47.230-0600] {processor.py:186} INFO - Started process (PID=2572) to work on /root/airflow_env/lib/python3.12/site-packages/airflow/example_dags/example_latest_only_with_trigger.py
[2024-12-10T17:25:47.233-0600] {processor.py:914} INFO - Processing file /root/airflow_env/lib/python3.12/site-packages/airflow/example_dags/example_latest_only_with_trigger.py for tasks to queue
[2024-12-10T17:25:47.234-0600] {logging_mixin.py:190} INFO - [2024-12-10T17:25:47.234-0600] {dagbag.py:588} INFO - Filling up the DagBag from /root/airflow_env/lib/python3.12/site-packages/airflow/example_dags/example_latest_only_with_trigger.py
[2024-12-10T17:25:47.239-0600] {processor.py:925} INFO - DAG(s) 'latest_only_with_trigger' retrieved from /root/airflow_env/lib/python3.12/site-packages/airflow/example_dags/example_latest_only_with_trigger.py
[2024-12-10T17:25:47.251-0600] {logging_mixin.py:190} INFO - [2024-12-10T17:25:47.251-0600] {dag.py:3239} INFO - Sync 1 DAGs
[2024-12-10T17:25:47.263-0600] {logging_mixin.py:190} INFO - [2024-12-10T17:25:47.263-0600] {dag.py:4180} INFO - Setting next_dagrun for latest_only_with_trigger to 2024-12-10 16:00:00+00:00, run_after=2024-12-10 20:00:00+00:00
[2024-12-10T17:25:47.280-0600] {processor.py:208} INFO - Processing /root/airflow_env/lib/python3.12/site-packages/airflow/example_dags/example_latest_only_with_trigger.py took 0.054 seconds
[2024-12-10T17:26:42.327-0600] {processor.py:186} INFO - Started process (PID=2630) to work on /root/airflow_env/lib/python3.12/site-packages/airflow/example_dags/example_latest_only_with_trigger.py
[2024-12-10T17:26:42.328-0600] {processor.py:914} INFO - Processing file /root/airflow_env/lib/python3.12/site-packages/airflow/example_dags/example_latest_only_with_trigger.py for tasks to queue
[2024-12-10T17:26:42.330-0600] {logging_mixin.py:190} INFO - [2024-12-10T17:26:42.329-0600] {dagbag.py:588} INFO - Filling up the DagBag from /root/airflow_env/lib/python3.12/site-packages/airflow/example_dags/example_latest_only_with_trigger.py
[2024-12-10T17:26:42.337-0600] {processor.py:925} INFO - DAG(s) 'latest_only_with_trigger' retrieved from /root/airflow_env/lib/python3.12/site-packages/airflow/example_dags/example_latest_only_with_trigger.py
[2024-12-10T17:26:42.356-0600] {logging_mixin.py:190} INFO - [2024-12-10T17:26:42.355-0600] {dag.py:3239} INFO - Sync 1 DAGs
[2024-12-10T17:26:42.371-0600] {logging_mixin.py:190} INFO - [2024-12-10T17:26:42.371-0600] {dag.py:4180} INFO - Setting next_dagrun for latest_only_with_trigger to 2024-12-10 16:00:00+00:00, run_after=2024-12-10 20:00:00+00:00
[2024-12-10T17:26:42.392-0600] {processor.py:208} INFO - Processing /root/airflow_env/lib/python3.12/site-packages/airflow/example_dags/example_latest_only_with_trigger.py took 0.069 seconds
[2024-12-10T17:27:36.046-0600] {processor.py:186} INFO - Started process (PID=2689) to work on /root/airflow_env/lib/python3.12/site-packages/airflow/example_dags/example_latest_only_with_trigger.py
[2024-12-10T17:27:36.049-0600] {processor.py:914} INFO - Processing file /root/airflow_env/lib/python3.12/site-packages/airflow/example_dags/example_latest_only_with_trigger.py for tasks to queue
[2024-12-10T17:27:36.050-0600] {logging_mixin.py:190} INFO - [2024-12-10T17:27:36.050-0600] {dagbag.py:588} INFO - Filling up the DagBag from /root/airflow_env/lib/python3.12/site-packages/airflow/example_dags/example_latest_only_with_trigger.py
[2024-12-10T17:27:36.056-0600] {processor.py:925} INFO - DAG(s) 'latest_only_with_trigger' retrieved from /root/airflow_env/lib/python3.12/site-packages/airflow/example_dags/example_latest_only_with_trigger.py
[2024-12-10T17:27:36.067-0600] {logging_mixin.py:190} INFO - [2024-12-10T17:27:36.067-0600] {dag.py:3239} INFO - Sync 1 DAGs
[2024-12-10T17:27:36.080-0600] {logging_mixin.py:190} INFO - [2024-12-10T17:27:36.080-0600] {dag.py:4180} INFO - Setting next_dagrun for latest_only_with_trigger to 2024-12-10 16:00:00+00:00, run_after=2024-12-10 20:00:00+00:00
[2024-12-10T17:27:36.098-0600] {processor.py:208} INFO - Processing /root/airflow_env/lib/python3.12/site-packages/airflow/example_dags/example_latest_only_with_trigger.py took 0.056 seconds
[2024-12-10T17:28:26.360-0600] {processor.py:186} INFO - Started process (PID=2744) to work on /root/airflow_env/lib/python3.12/site-packages/airflow/example_dags/example_latest_only_with_trigger.py
[2024-12-10T17:28:26.362-0600] {processor.py:914} INFO - Processing file /root/airflow_env/lib/python3.12/site-packages/airflow/example_dags/example_latest_only_with_trigger.py for tasks to queue
[2024-12-10T17:28:26.364-0600] {logging_mixin.py:190} INFO - [2024-12-10T17:28:26.363-0600] {dagbag.py:588} INFO - Filling up the DagBag from /root/airflow_env/lib/python3.12/site-packages/airflow/example_dags/example_latest_only_with_trigger.py
[2024-12-10T17:28:26.369-0600] {processor.py:925} INFO - DAG(s) 'latest_only_with_trigger' retrieved from /root/airflow_env/lib/python3.12/site-packages/airflow/example_dags/example_latest_only_with_trigger.py
[2024-12-10T17:28:26.380-0600] {logging_mixin.py:190} INFO - [2024-12-10T17:28:26.380-0600] {dag.py:3239} INFO - Sync 1 DAGs
[2024-12-10T17:28:26.393-0600] {logging_mixin.py:190} INFO - [2024-12-10T17:28:26.393-0600] {dag.py:4180} INFO - Setting next_dagrun for latest_only_with_trigger to 2024-12-10 16:00:00+00:00, run_after=2024-12-10 20:00:00+00:00
[2024-12-10T17:28:26.409-0600] {processor.py:208} INFO - Processing /root/airflow_env/lib/python3.12/site-packages/airflow/example_dags/example_latest_only_with_trigger.py took 0.054 seconds
[2024-12-10T17:29:21.150-0600] {processor.py:186} INFO - Started process (PID=2803) to work on /root/airflow_env/lib/python3.12/site-packages/airflow/example_dags/example_latest_only_with_trigger.py
[2024-12-10T17:29:21.153-0600] {processor.py:914} INFO - Processing file /root/airflow_env/lib/python3.12/site-packages/airflow/example_dags/example_latest_only_with_trigger.py for tasks to queue
[2024-12-10T17:29:21.154-0600] {logging_mixin.py:190} INFO - [2024-12-10T17:29:21.154-0600] {dagbag.py:588} INFO - Filling up the DagBag from /root/airflow_env/lib/python3.12/site-packages/airflow/example_dags/example_latest_only_with_trigger.py
[2024-12-10T17:29:21.160-0600] {processor.py:925} INFO - DAG(s) 'latest_only_with_trigger' retrieved from /root/airflow_env/lib/python3.12/site-packages/airflow/example_dags/example_latest_only_with_trigger.py
[2024-12-10T17:29:21.171-0600] {logging_mixin.py:190} INFO - [2024-12-10T17:29:21.170-0600] {dag.py:3239} INFO - Sync 1 DAGs
[2024-12-10T17:29:21.183-0600] {logging_mixin.py:190} INFO - [2024-12-10T17:29:21.183-0600] {dag.py:4180} INFO - Setting next_dagrun for latest_only_with_trigger to 2024-12-10 16:00:00+00:00, run_after=2024-12-10 20:00:00+00:00
[2024-12-10T17:29:21.198-0600] {processor.py:208} INFO - Processing /root/airflow_env/lib/python3.12/site-packages/airflow/example_dags/example_latest_only_with_trigger.py took 0.052 seconds
[2024-12-10T17:30:10.701-0600] {processor.py:186} INFO - Started process (PID=2862) to work on /root/airflow_env/lib/python3.12/site-packages/airflow/example_dags/example_latest_only_with_trigger.py
[2024-12-10T17:30:10.704-0600] {processor.py:914} INFO - Processing file /root/airflow_env/lib/python3.12/site-packages/airflow/example_dags/example_latest_only_with_trigger.py for tasks to queue
[2024-12-10T17:30:10.705-0600] {logging_mixin.py:190} INFO - [2024-12-10T17:30:10.705-0600] {dagbag.py:588} INFO - Filling up the DagBag from /root/airflow_env/lib/python3.12/site-packages/airflow/example_dags/example_latest_only_with_trigger.py
[2024-12-10T17:30:10.711-0600] {processor.py:925} INFO - DAG(s) 'latest_only_with_trigger' retrieved from /root/airflow_env/lib/python3.12/site-packages/airflow/example_dags/example_latest_only_with_trigger.py
[2024-12-10T17:30:10.722-0600] {logging_mixin.py:190} INFO - [2024-12-10T17:30:10.721-0600] {dag.py:3239} INFO - Sync 1 DAGs
[2024-12-10T17:30:10.734-0600] {logging_mixin.py:190} INFO - [2024-12-10T17:30:10.734-0600] {dag.py:4180} INFO - Setting next_dagrun for latest_only_with_trigger to 2024-12-10 16:00:00+00:00, run_after=2024-12-10 20:00:00+00:00
[2024-12-10T17:30:10.750-0600] {processor.py:208} INFO - Processing /root/airflow_env/lib/python3.12/site-packages/airflow/example_dags/example_latest_only_with_trigger.py took 0.052 seconds
[2024-12-10T17:31:01.260-0600] {processor.py:186} INFO - Started process (PID=2921) to work on /root/airflow_env/lib/python3.12/site-packages/airflow/example_dags/example_latest_only_with_trigger.py
[2024-12-10T17:31:01.263-0600] {processor.py:914} INFO - Processing file /root/airflow_env/lib/python3.12/site-packages/airflow/example_dags/example_latest_only_with_trigger.py for tasks to queue
[2024-12-10T17:31:01.264-0600] {logging_mixin.py:190} INFO - [2024-12-10T17:31:01.264-0600] {dagbag.py:588} INFO - Filling up the DagBag from /root/airflow_env/lib/python3.12/site-packages/airflow/example_dags/example_latest_only_with_trigger.py
[2024-12-10T17:31:01.269-0600] {processor.py:925} INFO - DAG(s) 'latest_only_with_trigger' retrieved from /root/airflow_env/lib/python3.12/site-packages/airflow/example_dags/example_latest_only_with_trigger.py
[2024-12-10T17:31:01.280-0600] {logging_mixin.py:190} INFO - [2024-12-10T17:31:01.280-0600] {dag.py:3239} INFO - Sync 1 DAGs
[2024-12-10T17:31:01.292-0600] {logging_mixin.py:190} INFO - [2024-12-10T17:31:01.292-0600] {dag.py:4180} INFO - Setting next_dagrun for latest_only_with_trigger to 2024-12-10 16:00:00+00:00, run_after=2024-12-10 20:00:00+00:00
[2024-12-10T17:31:01.309-0600] {processor.py:208} INFO - Processing /root/airflow_env/lib/python3.12/site-packages/airflow/example_dags/example_latest_only_with_trigger.py took 0.052 seconds
[2024-12-10T17:31:52.964-0600] {processor.py:186} INFO - Started process (PID=2977) to work on /root/airflow_env/lib/python3.12/site-packages/airflow/example_dags/example_latest_only_with_trigger.py
[2024-12-10T17:31:52.966-0600] {processor.py:914} INFO - Processing file /root/airflow_env/lib/python3.12/site-packages/airflow/example_dags/example_latest_only_with_trigger.py for tasks to queue
[2024-12-10T17:31:52.968-0600] {logging_mixin.py:190} INFO - [2024-12-10T17:31:52.967-0600] {dagbag.py:588} INFO - Filling up the DagBag from /root/airflow_env/lib/python3.12/site-packages/airflow/example_dags/example_latest_only_with_trigger.py
[2024-12-10T17:31:52.973-0600] {processor.py:925} INFO - DAG(s) 'latest_only_with_trigger' retrieved from /root/airflow_env/lib/python3.12/site-packages/airflow/example_dags/example_latest_only_with_trigger.py
[2024-12-10T17:31:52.984-0600] {logging_mixin.py:190} INFO - [2024-12-10T17:31:52.984-0600] {dag.py:3239} INFO - Sync 1 DAGs
[2024-12-10T17:31:52.997-0600] {logging_mixin.py:190} INFO - [2024-12-10T17:31:52.997-0600] {dag.py:4180} INFO - Setting next_dagrun for latest_only_with_trigger to 2024-12-10 16:00:00+00:00, run_after=2024-12-10 20:00:00+00:00
[2024-12-10T17:31:53.015-0600] {processor.py:208} INFO - Processing /root/airflow_env/lib/python3.12/site-packages/airflow/example_dags/example_latest_only_with_trigger.py took 0.055 seconds
[2024-12-10T17:32:49.085-0600] {processor.py:186} INFO - Started process (PID=3038) to work on /root/airflow_env/lib/python3.12/site-packages/airflow/example_dags/example_latest_only_with_trigger.py
[2024-12-10T17:32:49.086-0600] {processor.py:914} INFO - Processing file /root/airflow_env/lib/python3.12/site-packages/airflow/example_dags/example_latest_only_with_trigger.py for tasks to queue
[2024-12-10T17:32:49.087-0600] {logging_mixin.py:190} INFO - [2024-12-10T17:32:49.087-0600] {dagbag.py:588} INFO - Filling up the DagBag from /root/airflow_env/lib/python3.12/site-packages/airflow/example_dags/example_latest_only_with_trigger.py
[2024-12-10T17:32:49.093-0600] {processor.py:925} INFO - DAG(s) 'latest_only_with_trigger' retrieved from /root/airflow_env/lib/python3.12/site-packages/airflow/example_dags/example_latest_only_with_trigger.py
[2024-12-10T17:32:49.104-0600] {logging_mixin.py:190} INFO - [2024-12-10T17:32:49.104-0600] {dag.py:3239} INFO - Sync 1 DAGs
[2024-12-10T17:32:49.118-0600] {logging_mixin.py:190} INFO - [2024-12-10T17:32:49.118-0600] {dag.py:4180} INFO - Setting next_dagrun for latest_only_with_trigger to 2024-12-10 16:00:00+00:00, run_after=2024-12-10 20:00:00+00:00
[2024-12-10T17:32:49.134-0600] {processor.py:208} INFO - Processing /root/airflow_env/lib/python3.12/site-packages/airflow/example_dags/example_latest_only_with_trigger.py took 0.053 seconds
[2024-12-10T17:33:42.372-0600] {processor.py:186} INFO - Started process (PID=3095) to work on /root/airflow_env/lib/python3.12/site-packages/airflow/example_dags/example_latest_only_with_trigger.py
[2024-12-10T17:33:42.375-0600] {processor.py:914} INFO - Processing file /root/airflow_env/lib/python3.12/site-packages/airflow/example_dags/example_latest_only_with_trigger.py for tasks to queue
[2024-12-10T17:33:42.376-0600] {logging_mixin.py:190} INFO - [2024-12-10T17:33:42.376-0600] {dagbag.py:588} INFO - Filling up the DagBag from /root/airflow_env/lib/python3.12/site-packages/airflow/example_dags/example_latest_only_with_trigger.py
[2024-12-10T17:33:42.382-0600] {processor.py:925} INFO - DAG(s) 'latest_only_with_trigger' retrieved from /root/airflow_env/lib/python3.12/site-packages/airflow/example_dags/example_latest_only_with_trigger.py
[2024-12-10T17:33:42.393-0600] {logging_mixin.py:190} INFO - [2024-12-10T17:33:42.393-0600] {dag.py:3239} INFO - Sync 1 DAGs
[2024-12-10T17:33:42.406-0600] {logging_mixin.py:190} INFO - [2024-12-10T17:33:42.405-0600] {dag.py:4180} INFO - Setting next_dagrun for latest_only_with_trigger to 2024-12-10 16:00:00+00:00, run_after=2024-12-10 20:00:00+00:00
[2024-12-10T17:33:42.422-0600] {processor.py:208} INFO - Processing /root/airflow_env/lib/python3.12/site-packages/airflow/example_dags/example_latest_only_with_trigger.py took 0.053 seconds
[2024-12-10T17:34:34.362-0600] {processor.py:186} INFO - Started process (PID=3260) to work on /root/airflow_env/lib/python3.12/site-packages/airflow/example_dags/example_latest_only_with_trigger.py
[2024-12-10T17:34:34.364-0600] {processor.py:914} INFO - Processing file /root/airflow_env/lib/python3.12/site-packages/airflow/example_dags/example_latest_only_with_trigger.py for tasks to queue
[2024-12-10T17:34:34.365-0600] {logging_mixin.py:190} INFO - [2024-12-10T17:34:34.365-0600] {dagbag.py:588} INFO - Filling up the DagBag from /root/airflow_env/lib/python3.12/site-packages/airflow/example_dags/example_latest_only_with_trigger.py
[2024-12-10T17:34:34.371-0600] {processor.py:925} INFO - DAG(s) 'latest_only_with_trigger' retrieved from /root/airflow_env/lib/python3.12/site-packages/airflow/example_dags/example_latest_only_with_trigger.py
[2024-12-10T17:34:34.383-0600] {logging_mixin.py:190} INFO - [2024-12-10T17:34:34.382-0600] {dag.py:3239} INFO - Sync 1 DAGs
[2024-12-10T17:34:34.396-0600] {logging_mixin.py:190} INFO - [2024-12-10T17:34:34.396-0600] {dag.py:4180} INFO - Setting next_dagrun for latest_only_with_trigger to 2024-12-10 16:00:00+00:00, run_after=2024-12-10 20:00:00+00:00
[2024-12-10T17:34:34.415-0600] {processor.py:208} INFO - Processing /root/airflow_env/lib/python3.12/site-packages/airflow/example_dags/example_latest_only_with_trigger.py took 0.057 seconds
[2024-12-10T17:35:26.773-0600] {processor.py:186} INFO - Started process (PID=3319) to work on /root/airflow_env/lib/python3.12/site-packages/airflow/example_dags/example_latest_only_with_trigger.py
[2024-12-10T17:35:26.776-0600] {processor.py:914} INFO - Processing file /root/airflow_env/lib/python3.12/site-packages/airflow/example_dags/example_latest_only_with_trigger.py for tasks to queue
[2024-12-10T17:35:26.777-0600] {logging_mixin.py:190} INFO - [2024-12-10T17:35:26.777-0600] {dagbag.py:588} INFO - Filling up the DagBag from /root/airflow_env/lib/python3.12/site-packages/airflow/example_dags/example_latest_only_with_trigger.py
[2024-12-10T17:35:26.783-0600] {processor.py:925} INFO - DAG(s) 'latest_only_with_trigger' retrieved from /root/airflow_env/lib/python3.12/site-packages/airflow/example_dags/example_latest_only_with_trigger.py
[2024-12-10T17:35:26.793-0600] {logging_mixin.py:190} INFO - [2024-12-10T17:35:26.793-0600] {dag.py:3239} INFO - Sync 1 DAGs
[2024-12-10T17:35:26.805-0600] {logging_mixin.py:190} INFO - [2024-12-10T17:35:26.805-0600] {dag.py:4180} INFO - Setting next_dagrun for latest_only_with_trigger to 2024-12-10 16:00:00+00:00, run_after=2024-12-10 20:00:00+00:00
[2024-12-10T17:35:26.822-0600] {processor.py:208} INFO - Processing /root/airflow_env/lib/python3.12/site-packages/airflow/example_dags/example_latest_only_with_trigger.py took 0.052 seconds
[2024-12-10T17:36:16.209-0600] {processor.py:186} INFO - Started process (PID=3375) to work on /root/airflow_env/lib/python3.12/site-packages/airflow/example_dags/example_latest_only_with_trigger.py
[2024-12-10T17:36:16.213-0600] {processor.py:914} INFO - Processing file /root/airflow_env/lib/python3.12/site-packages/airflow/example_dags/example_latest_only_with_trigger.py for tasks to queue
[2024-12-10T17:36:16.214-0600] {logging_mixin.py:190} INFO - [2024-12-10T17:36:16.214-0600] {dagbag.py:588} INFO - Filling up the DagBag from /root/airflow_env/lib/python3.12/site-packages/airflow/example_dags/example_latest_only_with_trigger.py
[2024-12-10T17:36:16.220-0600] {processor.py:925} INFO - DAG(s) 'latest_only_with_trigger' retrieved from /root/airflow_env/lib/python3.12/site-packages/airflow/example_dags/example_latest_only_with_trigger.py
[2024-12-10T17:36:16.233-0600] {logging_mixin.py:190} INFO - [2024-12-10T17:36:16.233-0600] {dag.py:3239} INFO - Sync 1 DAGs
[2024-12-10T17:36:16.248-0600] {logging_mixin.py:190} INFO - [2024-12-10T17:36:16.248-0600] {dag.py:4180} INFO - Setting next_dagrun for latest_only_with_trigger to 2024-12-10 16:00:00+00:00, run_after=2024-12-10 20:00:00+00:00
[2024-12-10T17:36:16.265-0600] {processor.py:208} INFO - Processing /root/airflow_env/lib/python3.12/site-packages/airflow/example_dags/example_latest_only_with_trigger.py took 0.061 seconds
[2024-12-10T17:37:05.692-0600] {processor.py:186} INFO - Started process (PID=3431) to work on /root/airflow_env/lib/python3.12/site-packages/airflow/example_dags/example_latest_only_with_trigger.py
[2024-12-10T17:37:05.694-0600] {processor.py:914} INFO - Processing file /root/airflow_env/lib/python3.12/site-packages/airflow/example_dags/example_latest_only_with_trigger.py for tasks to queue
[2024-12-10T17:37:05.695-0600] {logging_mixin.py:190} INFO - [2024-12-10T17:37:05.695-0600] {dagbag.py:588} INFO - Filling up the DagBag from /root/airflow_env/lib/python3.12/site-packages/airflow/example_dags/example_latest_only_with_trigger.py
[2024-12-10T17:37:05.701-0600] {processor.py:925} INFO - DAG(s) 'latest_only_with_trigger' retrieved from /root/airflow_env/lib/python3.12/site-packages/airflow/example_dags/example_latest_only_with_trigger.py
[2024-12-10T17:37:05.712-0600] {logging_mixin.py:190} INFO - [2024-12-10T17:37:05.711-0600] {dag.py:3239} INFO - Sync 1 DAGs
[2024-12-10T17:37:05.724-0600] {logging_mixin.py:190} INFO - [2024-12-10T17:37:05.723-0600] {dag.py:4180} INFO - Setting next_dagrun for latest_only_with_trigger to 2024-12-10 16:00:00+00:00, run_after=2024-12-10 20:00:00+00:00
[2024-12-10T17:37:05.741-0600] {processor.py:208} INFO - Processing /root/airflow_env/lib/python3.12/site-packages/airflow/example_dags/example_latest_only_with_trigger.py took 0.053 seconds
[2024-12-10T17:37:57.408-0600] {processor.py:186} INFO - Started process (PID=3488) to work on /root/airflow_env/lib/python3.12/site-packages/airflow/example_dags/example_latest_only_with_trigger.py
[2024-12-10T17:37:57.410-0600] {processor.py:914} INFO - Processing file /root/airflow_env/lib/python3.12/site-packages/airflow/example_dags/example_latest_only_with_trigger.py for tasks to queue
[2024-12-10T17:37:57.412-0600] {logging_mixin.py:190} INFO - [2024-12-10T17:37:57.412-0600] {dagbag.py:588} INFO - Filling up the DagBag from /root/airflow_env/lib/python3.12/site-packages/airflow/example_dags/example_latest_only_with_trigger.py
[2024-12-10T17:37:57.417-0600] {processor.py:925} INFO - DAG(s) 'latest_only_with_trigger' retrieved from /root/airflow_env/lib/python3.12/site-packages/airflow/example_dags/example_latest_only_with_trigger.py
[2024-12-10T17:37:57.428-0600] {logging_mixin.py:190} INFO - [2024-12-10T17:37:57.428-0600] {dag.py:3239} INFO - Sync 1 DAGs
[2024-12-10T17:37:57.441-0600] {logging_mixin.py:190} INFO - [2024-12-10T17:37:57.440-0600] {dag.py:4180} INFO - Setting next_dagrun for latest_only_with_trigger to 2024-12-10 16:00:00+00:00, run_after=2024-12-10 20:00:00+00:00
[2024-12-10T17:37:57.458-0600] {processor.py:208} INFO - Processing /root/airflow_env/lib/python3.12/site-packages/airflow/example_dags/example_latest_only_with_trigger.py took 0.054 seconds
[2024-12-10T17:38:48.977-0600] {processor.py:186} INFO - Started process (PID=3544) to work on /root/airflow_env/lib/python3.12/site-packages/airflow/example_dags/example_latest_only_with_trigger.py
[2024-12-10T17:38:48.980-0600] {processor.py:914} INFO - Processing file /root/airflow_env/lib/python3.12/site-packages/airflow/example_dags/example_latest_only_with_trigger.py for tasks to queue
[2024-12-10T17:38:48.981-0600] {logging_mixin.py:190} INFO - [2024-12-10T17:38:48.981-0600] {dagbag.py:588} INFO - Filling up the DagBag from /root/airflow_env/lib/python3.12/site-packages/airflow/example_dags/example_latest_only_with_trigger.py
[2024-12-10T17:38:48.987-0600] {processor.py:925} INFO - DAG(s) 'latest_only_with_trigger' retrieved from /root/airflow_env/lib/python3.12/site-packages/airflow/example_dags/example_latest_only_with_trigger.py
[2024-12-10T17:38:48.998-0600] {logging_mixin.py:190} INFO - [2024-12-10T17:38:48.997-0600] {dag.py:3239} INFO - Sync 1 DAGs
[2024-12-10T17:38:49.010-0600] {logging_mixin.py:190} INFO - [2024-12-10T17:38:49.010-0600] {dag.py:4180} INFO - Setting next_dagrun for latest_only_with_trigger to 2024-12-10 16:00:00+00:00, run_after=2024-12-10 20:00:00+00:00
[2024-12-10T17:38:49.027-0600] {processor.py:208} INFO - Processing /root/airflow_env/lib/python3.12/site-packages/airflow/example_dags/example_latest_only_with_trigger.py took 0.053 seconds
[2024-12-10T17:39:42.402-0600] {processor.py:186} INFO - Started process (PID=3602) to work on /root/airflow_env/lib/python3.12/site-packages/airflow/example_dags/example_latest_only_with_trigger.py
[2024-12-10T17:39:42.405-0600] {processor.py:914} INFO - Processing file /root/airflow_env/lib/python3.12/site-packages/airflow/example_dags/example_latest_only_with_trigger.py for tasks to queue
[2024-12-10T17:39:42.406-0600] {logging_mixin.py:190} INFO - [2024-12-10T17:39:42.406-0600] {dagbag.py:588} INFO - Filling up the DagBag from /root/airflow_env/lib/python3.12/site-packages/airflow/example_dags/example_latest_only_with_trigger.py
[2024-12-10T17:39:42.412-0600] {processor.py:925} INFO - DAG(s) 'latest_only_with_trigger' retrieved from /root/airflow_env/lib/python3.12/site-packages/airflow/example_dags/example_latest_only_with_trigger.py
[2024-12-10T17:39:42.427-0600] {logging_mixin.py:190} INFO - [2024-12-10T17:39:42.427-0600] {dag.py:3239} INFO - Sync 1 DAGs
[2024-12-10T17:39:42.441-0600] {logging_mixin.py:190} INFO - [2024-12-10T17:39:42.441-0600] {dag.py:4180} INFO - Setting next_dagrun for latest_only_with_trigger to 2024-12-10 16:00:00+00:00, run_after=2024-12-10 20:00:00+00:00
[2024-12-10T17:39:42.459-0600] {processor.py:208} INFO - Processing /root/airflow_env/lib/python3.12/site-packages/airflow/example_dags/example_latest_only_with_trigger.py took 0.061 seconds
[2024-12-10T17:40:35.897-0600] {processor.py:186} INFO - Started process (PID=3666) to work on /root/airflow_env/lib/python3.12/site-packages/airflow/example_dags/example_latest_only_with_trigger.py
[2024-12-10T17:40:35.898-0600] {processor.py:914} INFO - Processing file /root/airflow_env/lib/python3.12/site-packages/airflow/example_dags/example_latest_only_with_trigger.py for tasks to queue
[2024-12-10T17:40:35.900-0600] {logging_mixin.py:190} INFO - [2024-12-10T17:40:35.900-0600] {dagbag.py:588} INFO - Filling up the DagBag from /root/airflow_env/lib/python3.12/site-packages/airflow/example_dags/example_latest_only_with_trigger.py
[2024-12-10T17:40:35.906-0600] {processor.py:925} INFO - DAG(s) 'latest_only_with_trigger' retrieved from /root/airflow_env/lib/python3.12/site-packages/airflow/example_dags/example_latest_only_with_trigger.py
[2024-12-10T17:40:35.917-0600] {logging_mixin.py:190} INFO - [2024-12-10T17:40:35.917-0600] {dag.py:3239} INFO - Sync 1 DAGs
[2024-12-10T17:40:35.931-0600] {logging_mixin.py:190} INFO - [2024-12-10T17:40:35.931-0600] {dag.py:4180} INFO - Setting next_dagrun for latest_only_with_trigger to 2024-12-10 16:00:00+00:00, run_after=2024-12-10 20:00:00+00:00
[2024-12-10T17:40:35.948-0600] {processor.py:208} INFO - Processing /root/airflow_env/lib/python3.12/site-packages/airflow/example_dags/example_latest_only_with_trigger.py took 0.054 seconds
[2024-12-10T17:41:31.554-0600] {processor.py:186} INFO - Started process (PID=3726) to work on /root/airflow_env/lib/python3.12/site-packages/airflow/example_dags/example_latest_only_with_trigger.py
[2024-12-10T17:41:31.557-0600] {processor.py:914} INFO - Processing file /root/airflow_env/lib/python3.12/site-packages/airflow/example_dags/example_latest_only_with_trigger.py for tasks to queue
[2024-12-10T17:41:31.559-0600] {logging_mixin.py:190} INFO - [2024-12-10T17:41:31.559-0600] {dagbag.py:588} INFO - Filling up the DagBag from /root/airflow_env/lib/python3.12/site-packages/airflow/example_dags/example_latest_only_with_trigger.py
[2024-12-10T17:41:31.565-0600] {processor.py:925} INFO - DAG(s) 'latest_only_with_trigger' retrieved from /root/airflow_env/lib/python3.12/site-packages/airflow/example_dags/example_latest_only_with_trigger.py
[2024-12-10T17:41:31.577-0600] {logging_mixin.py:190} INFO - [2024-12-10T17:41:31.577-0600] {dag.py:3239} INFO - Sync 1 DAGs
[2024-12-10T17:41:31.591-0600] {logging_mixin.py:190} INFO - [2024-12-10T17:41:31.590-0600] {dag.py:4180} INFO - Setting next_dagrun for latest_only_with_trigger to 2024-12-10 16:00:00+00:00, run_after=2024-12-10 20:00:00+00:00
[2024-12-10T17:41:31.608-0600] {processor.py:208} INFO - Processing /root/airflow_env/lib/python3.12/site-packages/airflow/example_dags/example_latest_only_with_trigger.py took 0.058 seconds
[2024-12-10T17:42:22.391-0600] {processor.py:186} INFO - Started process (PID=3792) to work on /root/airflow_env/lib/python3.12/site-packages/airflow/example_dags/example_latest_only_with_trigger.py
[2024-12-10T17:42:22.393-0600] {processor.py:914} INFO - Processing file /root/airflow_env/lib/python3.12/site-packages/airflow/example_dags/example_latest_only_with_trigger.py for tasks to queue
[2024-12-10T17:42:22.396-0600] {logging_mixin.py:190} INFO - [2024-12-10T17:42:22.395-0600] {dagbag.py:588} INFO - Filling up the DagBag from /root/airflow_env/lib/python3.12/site-packages/airflow/example_dags/example_latest_only_with_trigger.py
[2024-12-10T17:42:22.403-0600] {processor.py:925} INFO - DAG(s) 'latest_only_with_trigger' retrieved from /root/airflow_env/lib/python3.12/site-packages/airflow/example_dags/example_latest_only_with_trigger.py
[2024-12-10T17:42:22.416-0600] {logging_mixin.py:190} INFO - [2024-12-10T17:42:22.416-0600] {dag.py:3239} INFO - Sync 1 DAGs
[2024-12-10T17:42:22.432-0600] {logging_mixin.py:190} INFO - [2024-12-10T17:42:22.432-0600] {dag.py:4180} INFO - Setting next_dagrun for latest_only_with_trigger to 2024-12-10 16:00:00+00:00, run_after=2024-12-10 20:00:00+00:00
[2024-12-10T17:42:22.450-0600] {processor.py:208} INFO - Processing /root/airflow_env/lib/python3.12/site-packages/airflow/example_dags/example_latest_only_with_trigger.py took 0.066 seconds
[2024-12-10T17:43:16.515-0600] {processor.py:186} INFO - Started process (PID=3860) to work on /root/airflow_env/lib/python3.12/site-packages/airflow/example_dags/example_latest_only_with_trigger.py
[2024-12-10T17:43:16.518-0600] {processor.py:914} INFO - Processing file /root/airflow_env/lib/python3.12/site-packages/airflow/example_dags/example_latest_only_with_trigger.py for tasks to queue
[2024-12-10T17:43:16.520-0600] {logging_mixin.py:190} INFO - [2024-12-10T17:43:16.520-0600] {dagbag.py:588} INFO - Filling up the DagBag from /root/airflow_env/lib/python3.12/site-packages/airflow/example_dags/example_latest_only_with_trigger.py
[2024-12-10T17:43:16.526-0600] {processor.py:925} INFO - DAG(s) 'latest_only_with_trigger' retrieved from /root/airflow_env/lib/python3.12/site-packages/airflow/example_dags/example_latest_only_with_trigger.py
[2024-12-10T17:43:16.537-0600] {logging_mixin.py:190} INFO - [2024-12-10T17:43:16.537-0600] {dag.py:3239} INFO - Sync 1 DAGs
[2024-12-10T17:43:16.551-0600] {logging_mixin.py:190} INFO - [2024-12-10T17:43:16.550-0600] {dag.py:4180} INFO - Setting next_dagrun for latest_only_with_trigger to 2024-12-10 16:00:00+00:00, run_after=2024-12-10 20:00:00+00:00
[2024-12-10T17:43:16.569-0600] {processor.py:208} INFO - Processing /root/airflow_env/lib/python3.12/site-packages/airflow/example_dags/example_latest_only_with_trigger.py took 0.057 seconds
[2024-12-10T17:44:06.934-0600] {processor.py:186} INFO - Started process (PID=3916) to work on /root/airflow_env/lib/python3.12/site-packages/airflow/example_dags/example_latest_only_with_trigger.py
[2024-12-10T17:44:06.936-0600] {processor.py:914} INFO - Processing file /root/airflow_env/lib/python3.12/site-packages/airflow/example_dags/example_latest_only_with_trigger.py for tasks to queue
[2024-12-10T17:44:06.938-0600] {logging_mixin.py:190} INFO - [2024-12-10T17:44:06.938-0600] {dagbag.py:588} INFO - Filling up the DagBag from /root/airflow_env/lib/python3.12/site-packages/airflow/example_dags/example_latest_only_with_trigger.py
[2024-12-10T17:44:06.944-0600] {processor.py:925} INFO - DAG(s) 'latest_only_with_trigger' retrieved from /root/airflow_env/lib/python3.12/site-packages/airflow/example_dags/example_latest_only_with_trigger.py
[2024-12-10T17:44:06.954-0600] {logging_mixin.py:190} INFO - [2024-12-10T17:44:06.954-0600] {dag.py:3239} INFO - Sync 1 DAGs
[2024-12-10T17:44:06.967-0600] {logging_mixin.py:190} INFO - [2024-12-10T17:44:06.967-0600] {dag.py:4180} INFO - Setting next_dagrun for latest_only_with_trigger to 2024-12-10 16:00:00+00:00, run_after=2024-12-10 20:00:00+00:00
[2024-12-10T17:44:06.985-0600] {processor.py:208} INFO - Processing /root/airflow_env/lib/python3.12/site-packages/airflow/example_dags/example_latest_only_with_trigger.py took 0.054 seconds
[2024-12-10T17:45:00.984-0600] {processor.py:186} INFO - Started process (PID=3974) to work on /root/airflow_env/lib/python3.12/site-packages/airflow/example_dags/example_latest_only_with_trigger.py
[2024-12-10T17:45:00.986-0600] {processor.py:914} INFO - Processing file /root/airflow_env/lib/python3.12/site-packages/airflow/example_dags/example_latest_only_with_trigger.py for tasks to queue
[2024-12-10T17:45:00.988-0600] {logging_mixin.py:190} INFO - [2024-12-10T17:45:00.988-0600] {dagbag.py:588} INFO - Filling up the DagBag from /root/airflow_env/lib/python3.12/site-packages/airflow/example_dags/example_latest_only_with_trigger.py
[2024-12-10T17:45:00.993-0600] {processor.py:925} INFO - DAG(s) 'latest_only_with_trigger' retrieved from /root/airflow_env/lib/python3.12/site-packages/airflow/example_dags/example_latest_only_with_trigger.py
[2024-12-10T17:45:01.004-0600] {logging_mixin.py:190} INFO - [2024-12-10T17:45:01.004-0600] {dag.py:3239} INFO - Sync 1 DAGs
[2024-12-10T17:45:01.017-0600] {logging_mixin.py:190} INFO - [2024-12-10T17:45:01.017-0600] {dag.py:4180} INFO - Setting next_dagrun for latest_only_with_trigger to 2024-12-10 16:00:00+00:00, run_after=2024-12-10 20:00:00+00:00
[2024-12-10T17:45:01.034-0600] {processor.py:208} INFO - Processing /root/airflow_env/lib/python3.12/site-packages/airflow/example_dags/example_latest_only_with_trigger.py took 0.053 seconds
[2024-12-10T17:45:54.235-0600] {processor.py:186} INFO - Started process (PID=4033) to work on /root/airflow_env/lib/python3.12/site-packages/airflow/example_dags/example_latest_only_with_trigger.py
[2024-12-10T17:45:54.237-0600] {processor.py:914} INFO - Processing file /root/airflow_env/lib/python3.12/site-packages/airflow/example_dags/example_latest_only_with_trigger.py for tasks to queue
[2024-12-10T17:45:54.239-0600] {logging_mixin.py:190} INFO - [2024-12-10T17:45:54.238-0600] {dagbag.py:588} INFO - Filling up the DagBag from /root/airflow_env/lib/python3.12/site-packages/airflow/example_dags/example_latest_only_with_trigger.py
[2024-12-10T17:45:54.244-0600] {processor.py:925} INFO - DAG(s) 'latest_only_with_trigger' retrieved from /root/airflow_env/lib/python3.12/site-packages/airflow/example_dags/example_latest_only_with_trigger.py
[2024-12-10T17:45:54.255-0600] {logging_mixin.py:190} INFO - [2024-12-10T17:45:54.255-0600] {dag.py:3239} INFO - Sync 1 DAGs
[2024-12-10T17:45:54.267-0600] {logging_mixin.py:190} INFO - [2024-12-10T17:45:54.267-0600] {dag.py:4180} INFO - Setting next_dagrun for latest_only_with_trigger to 2024-12-10 16:00:00+00:00, run_after=2024-12-10 20:00:00+00:00
[2024-12-10T17:45:54.284-0600] {processor.py:208} INFO - Processing /root/airflow_env/lib/python3.12/site-packages/airflow/example_dags/example_latest_only_with_trigger.py took 0.053 seconds
[2024-12-10T17:46:54.899-0600] {processor.py:186} INFO - Started process (PID=4097) to work on /root/airflow_env/lib/python3.12/site-packages/airflow/example_dags/example_latest_only_with_trigger.py
[2024-12-10T17:46:54.902-0600] {processor.py:914} INFO - Processing file /root/airflow_env/lib/python3.12/site-packages/airflow/example_dags/example_latest_only_with_trigger.py for tasks to queue
[2024-12-10T17:46:54.904-0600] {logging_mixin.py:190} INFO - [2024-12-10T17:46:54.904-0600] {dagbag.py:588} INFO - Filling up the DagBag from /root/airflow_env/lib/python3.12/site-packages/airflow/example_dags/example_latest_only_with_trigger.py
[2024-12-10T17:46:54.911-0600] {processor.py:925} INFO - DAG(s) 'latest_only_with_trigger' retrieved from /root/airflow_env/lib/python3.12/site-packages/airflow/example_dags/example_latest_only_with_trigger.py
[2024-12-10T17:46:54.923-0600] {logging_mixin.py:190} INFO - [2024-12-10T17:46:54.923-0600] {dag.py:3239} INFO - Sync 1 DAGs
[2024-12-10T17:46:54.940-0600] {logging_mixin.py:190} INFO - [2024-12-10T17:46:54.940-0600] {dag.py:4180} INFO - Setting next_dagrun for latest_only_with_trigger to 2024-12-10 16:00:00+00:00, run_after=2024-12-10 20:00:00+00:00
[2024-12-10T17:46:54.959-0600] {processor.py:208} INFO - Processing /root/airflow_env/lib/python3.12/site-packages/airflow/example_dags/example_latest_only_with_trigger.py took 0.065 seconds
[2024-12-10T17:47:53.478-0600] {processor.py:186} INFO - Started process (PID=4157) to work on /root/airflow_env/lib/python3.12/site-packages/airflow/example_dags/example_latest_only_with_trigger.py
[2024-12-10T17:47:53.480-0600] {processor.py:914} INFO - Processing file /root/airflow_env/lib/python3.12/site-packages/airflow/example_dags/example_latest_only_with_trigger.py for tasks to queue
[2024-12-10T17:47:53.483-0600] {logging_mixin.py:190} INFO - [2024-12-10T17:47:53.482-0600] {dagbag.py:588} INFO - Filling up the DagBag from /root/airflow_env/lib/python3.12/site-packages/airflow/example_dags/example_latest_only_with_trigger.py
[2024-12-10T17:47:53.495-0600] {processor.py:925} INFO - DAG(s) 'latest_only_with_trigger' retrieved from /root/airflow_env/lib/python3.12/site-packages/airflow/example_dags/example_latest_only_with_trigger.py
[2024-12-10T17:47:53.510-0600] {logging_mixin.py:190} INFO - [2024-12-10T17:47:53.509-0600] {dag.py:3239} INFO - Sync 1 DAGs
[2024-12-10T17:47:53.616-0600] {logging_mixin.py:190} INFO - [2024-12-10T17:47:53.616-0600] {dag.py:4180} INFO - Setting next_dagrun for latest_only_with_trigger to 2024-12-10 16:00:00+00:00, run_after=2024-12-10 20:00:00+00:00
[2024-12-10T17:47:53.633-0600] {processor.py:208} INFO - Processing /root/airflow_env/lib/python3.12/site-packages/airflow/example_dags/example_latest_only_with_trigger.py took 0.161 seconds
[2024-12-10T17:48:47.631-0600] {processor.py:186} INFO - Started process (PID=4216) to work on /root/airflow_env/lib/python3.12/site-packages/airflow/example_dags/example_latest_only_with_trigger.py
[2024-12-10T17:48:47.634-0600] {processor.py:914} INFO - Processing file /root/airflow_env/lib/python3.12/site-packages/airflow/example_dags/example_latest_only_with_trigger.py for tasks to queue
[2024-12-10T17:48:47.635-0600] {logging_mixin.py:190} INFO - [2024-12-10T17:48:47.635-0600] {dagbag.py:588} INFO - Filling up the DagBag from /root/airflow_env/lib/python3.12/site-packages/airflow/example_dags/example_latest_only_with_trigger.py
[2024-12-10T17:48:47.641-0600] {processor.py:925} INFO - DAG(s) 'latest_only_with_trigger' retrieved from /root/airflow_env/lib/python3.12/site-packages/airflow/example_dags/example_latest_only_with_trigger.py
[2024-12-10T17:48:47.652-0600] {logging_mixin.py:190} INFO - [2024-12-10T17:48:47.652-0600] {dag.py:3239} INFO - Sync 1 DAGs
[2024-12-10T17:48:47.665-0600] {logging_mixin.py:190} INFO - [2024-12-10T17:48:47.665-0600] {dag.py:4180} INFO - Setting next_dagrun for latest_only_with_trigger to 2024-12-10 16:00:00+00:00, run_after=2024-12-10 20:00:00+00:00
[2024-12-10T17:48:47.770-0600] {processor.py:208} INFO - Processing /root/airflow_env/lib/python3.12/site-packages/airflow/example_dags/example_latest_only_with_trigger.py took 0.142 seconds
[2024-12-10T17:49:44.783-0600] {processor.py:186} INFO - Started process (PID=4275) to work on /root/airflow_env/lib/python3.12/site-packages/airflow/example_dags/example_latest_only_with_trigger.py
[2024-12-10T17:49:44.786-0600] {processor.py:914} INFO - Processing file /root/airflow_env/lib/python3.12/site-packages/airflow/example_dags/example_latest_only_with_trigger.py for tasks to queue
[2024-12-10T17:49:44.788-0600] {logging_mixin.py:190} INFO - [2024-12-10T17:49:44.788-0600] {dagbag.py:588} INFO - Filling up the DagBag from /root/airflow_env/lib/python3.12/site-packages/airflow/example_dags/example_latest_only_with_trigger.py
[2024-12-10T17:49:44.793-0600] {processor.py:925} INFO - DAG(s) 'latest_only_with_trigger' retrieved from /root/airflow_env/lib/python3.12/site-packages/airflow/example_dags/example_latest_only_with_trigger.py
[2024-12-10T17:49:44.804-0600] {logging_mixin.py:190} INFO - [2024-12-10T17:49:44.804-0600] {dag.py:3239} INFO - Sync 1 DAGs
[2024-12-10T17:49:44.816-0600] {logging_mixin.py:190} INFO - [2024-12-10T17:49:44.816-0600] {dag.py:4180} INFO - Setting next_dagrun for latest_only_with_trigger to 2024-12-10 16:00:00+00:00, run_after=2024-12-10 20:00:00+00:00
[2024-12-10T17:49:44.832-0600] {processor.py:208} INFO - Processing /root/airflow_env/lib/python3.12/site-packages/airflow/example_dags/example_latest_only_with_trigger.py took 0.052 seconds
[2024-12-10T17:50:36.228-0600] {processor.py:186} INFO - Started process (PID=4340) to work on /root/airflow_env/lib/python3.12/site-packages/airflow/example_dags/example_latest_only_with_trigger.py
[2024-12-10T17:50:36.231-0600] {processor.py:914} INFO - Processing file /root/airflow_env/lib/python3.12/site-packages/airflow/example_dags/example_latest_only_with_trigger.py for tasks to queue
[2024-12-10T17:50:36.233-0600] {logging_mixin.py:190} INFO - [2024-12-10T17:50:36.233-0600] {dagbag.py:588} INFO - Filling up the DagBag from /root/airflow_env/lib/python3.12/site-packages/airflow/example_dags/example_latest_only_with_trigger.py
[2024-12-10T17:50:36.238-0600] {processor.py:925} INFO - DAG(s) 'latest_only_with_trigger' retrieved from /root/airflow_env/lib/python3.12/site-packages/airflow/example_dags/example_latest_only_with_trigger.py
[2024-12-10T17:50:36.249-0600] {logging_mixin.py:190} INFO - [2024-12-10T17:50:36.249-0600] {dag.py:3239} INFO - Sync 1 DAGs
[2024-12-10T17:50:36.262-0600] {logging_mixin.py:190} INFO - [2024-12-10T17:50:36.262-0600] {dag.py:4180} INFO - Setting next_dagrun for latest_only_with_trigger to 2024-12-10 16:00:00+00:00, run_after=2024-12-10 20:00:00+00:00
[2024-12-10T17:50:36.281-0600] {processor.py:208} INFO - Processing /root/airflow_env/lib/python3.12/site-packages/airflow/example_dags/example_latest_only_with_trigger.py took 0.056 seconds
[2024-12-10T17:52:19.066-0600] {processor.py:186} INFO - Started process (PID=4405) to work on /root/airflow_env/lib/python3.12/site-packages/airflow/example_dags/example_latest_only_with_trigger.py
[2024-12-10T17:52:19.068-0600] {processor.py:914} INFO - Processing file /root/airflow_env/lib/python3.12/site-packages/airflow/example_dags/example_latest_only_with_trigger.py for tasks to queue
[2024-12-10T17:52:19.070-0600] {logging_mixin.py:190} INFO - [2024-12-10T17:52:19.069-0600] {dagbag.py:588} INFO - Filling up the DagBag from /root/airflow_env/lib/python3.12/site-packages/airflow/example_dags/example_latest_only_with_trigger.py
[2024-12-10T17:52:19.076-0600] {processor.py:925} INFO - DAG(s) 'latest_only_with_trigger' retrieved from /root/airflow_env/lib/python3.12/site-packages/airflow/example_dags/example_latest_only_with_trigger.py
[2024-12-10T17:52:19.092-0600] {logging_mixin.py:190} INFO - [2024-12-10T17:52:19.092-0600] {dag.py:3239} INFO - Sync 1 DAGs
[2024-12-10T17:52:19.109-0600] {logging_mixin.py:190} INFO - [2024-12-10T17:52:19.109-0600] {dag.py:4180} INFO - Setting next_dagrun for latest_only_with_trigger to 2024-12-10 16:00:00+00:00, run_after=2024-12-10 20:00:00+00:00
[2024-12-10T17:52:19.129-0600] {processor.py:208} INFO - Processing /root/airflow_env/lib/python3.12/site-packages/airflow/example_dags/example_latest_only_with_trigger.py took 0.068 seconds
[2024-12-10T17:55:16.557-0600] {processor.py:186} INFO - Started process (PID=4606) to work on /root/airflow_env/lib/python3.12/site-packages/airflow/example_dags/example_latest_only_with_trigger.py
[2024-12-10T17:55:16.558-0600] {processor.py:914} INFO - Processing file /root/airflow_env/lib/python3.12/site-packages/airflow/example_dags/example_latest_only_with_trigger.py for tasks to queue
[2024-12-10T17:55:16.560-0600] {logging_mixin.py:190} INFO - [2024-12-10T17:55:16.559-0600] {dagbag.py:588} INFO - Filling up the DagBag from /root/airflow_env/lib/python3.12/site-packages/airflow/example_dags/example_latest_only_with_trigger.py
[2024-12-10T17:55:16.566-0600] {processor.py:925} INFO - DAG(s) 'latest_only_with_trigger' retrieved from /root/airflow_env/lib/python3.12/site-packages/airflow/example_dags/example_latest_only_with_trigger.py
[2024-12-10T17:55:16.578-0600] {logging_mixin.py:190} INFO - [2024-12-10T17:55:16.578-0600] {dag.py:3239} INFO - Sync 1 DAGs
[2024-12-10T17:55:16.591-0600] {logging_mixin.py:190} INFO - [2024-12-10T17:55:16.591-0600] {dag.py:4180} INFO - Setting next_dagrun for latest_only_with_trigger to 2024-12-10 16:00:00+00:00, run_after=2024-12-10 20:00:00+00:00
[2024-12-10T17:55:16.609-0600] {processor.py:208} INFO - Processing /root/airflow_env/lib/python3.12/site-packages/airflow/example_dags/example_latest_only_with_trigger.py took 0.055 seconds
[2024-12-10T17:56:14.434-0600] {processor.py:186} INFO - Started process (PID=4681) to work on /root/airflow_env/lib/python3.12/site-packages/airflow/example_dags/example_latest_only_with_trigger.py
[2024-12-10T17:56:14.437-0600] {processor.py:914} INFO - Processing file /root/airflow_env/lib/python3.12/site-packages/airflow/example_dags/example_latest_only_with_trigger.py for tasks to queue
[2024-12-10T17:56:14.439-0600] {logging_mixin.py:190} INFO - [2024-12-10T17:56:14.439-0600] {dagbag.py:588} INFO - Filling up the DagBag from /root/airflow_env/lib/python3.12/site-packages/airflow/example_dags/example_latest_only_with_trigger.py
[2024-12-10T17:56:14.446-0600] {processor.py:925} INFO - DAG(s) 'latest_only_with_trigger' retrieved from /root/airflow_env/lib/python3.12/site-packages/airflow/example_dags/example_latest_only_with_trigger.py
[2024-12-10T17:56:14.457-0600] {logging_mixin.py:190} INFO - [2024-12-10T17:56:14.456-0600] {dag.py:3239} INFO - Sync 1 DAGs
[2024-12-10T17:56:14.470-0600] {logging_mixin.py:190} INFO - [2024-12-10T17:56:14.470-0600] {dag.py:4180} INFO - Setting next_dagrun for latest_only_with_trigger to 2024-12-10 16:00:00+00:00, run_after=2024-12-10 20:00:00+00:00
[2024-12-10T17:56:14.487-0600] {processor.py:208} INFO - Processing /root/airflow_env/lib/python3.12/site-packages/airflow/example_dags/example_latest_only_with_trigger.py took 0.064 seconds
[2024-12-10T17:57:09.425-0600] {processor.py:186} INFO - Started process (PID=4755) to work on /root/airflow_env/lib/python3.12/site-packages/airflow/example_dags/example_latest_only_with_trigger.py
[2024-12-10T17:57:09.427-0600] {processor.py:914} INFO - Processing file /root/airflow_env/lib/python3.12/site-packages/airflow/example_dags/example_latest_only_with_trigger.py for tasks to queue
[2024-12-10T17:57:09.429-0600] {logging_mixin.py:190} INFO - [2024-12-10T17:57:09.429-0600] {dagbag.py:588} INFO - Filling up the DagBag from /root/airflow_env/lib/python3.12/site-packages/airflow/example_dags/example_latest_only_with_trigger.py
[2024-12-10T17:57:09.434-0600] {processor.py:925} INFO - DAG(s) 'latest_only_with_trigger' retrieved from /root/airflow_env/lib/python3.12/site-packages/airflow/example_dags/example_latest_only_with_trigger.py
[2024-12-10T17:57:09.446-0600] {logging_mixin.py:190} INFO - [2024-12-10T17:57:09.446-0600] {dag.py:3239} INFO - Sync 1 DAGs
[2024-12-10T17:57:09.459-0600] {logging_mixin.py:190} INFO - [2024-12-10T17:57:09.459-0600] {dag.py:4180} INFO - Setting next_dagrun for latest_only_with_trigger to 2024-12-10 16:00:00+00:00, run_after=2024-12-10 20:00:00+00:00
[2024-12-10T17:57:09.477-0600] {processor.py:208} INFO - Processing /root/airflow_env/lib/python3.12/site-packages/airflow/example_dags/example_latest_only_with_trigger.py took 0.056 seconds
[2024-12-10T17:58:03.751-0600] {processor.py:186} INFO - Started process (PID=4823) to work on /root/airflow_env/lib/python3.12/site-packages/airflow/example_dags/example_latest_only_with_trigger.py
[2024-12-10T17:58:03.753-0600] {processor.py:914} INFO - Processing file /root/airflow_env/lib/python3.12/site-packages/airflow/example_dags/example_latest_only_with_trigger.py for tasks to queue
[2024-12-10T17:58:03.754-0600] {logging_mixin.py:190} INFO - [2024-12-10T17:58:03.754-0600] {dagbag.py:588} INFO - Filling up the DagBag from /root/airflow_env/lib/python3.12/site-packages/airflow/example_dags/example_latest_only_with_trigger.py
[2024-12-10T17:58:03.761-0600] {processor.py:925} INFO - DAG(s) 'latest_only_with_trigger' retrieved from /root/airflow_env/lib/python3.12/site-packages/airflow/example_dags/example_latest_only_with_trigger.py
[2024-12-10T17:58:03.773-0600] {logging_mixin.py:190} INFO - [2024-12-10T17:58:03.773-0600] {dag.py:3239} INFO - Sync 1 DAGs
[2024-12-10T17:58:03.787-0600] {logging_mixin.py:190} INFO - [2024-12-10T17:58:03.787-0600] {dag.py:4180} INFO - Setting next_dagrun for latest_only_with_trigger to 2024-12-10 16:00:00+00:00, run_after=2024-12-10 20:00:00+00:00
[2024-12-10T17:58:03.805-0600] {processor.py:208} INFO - Processing /root/airflow_env/lib/python3.12/site-packages/airflow/example_dags/example_latest_only_with_trigger.py took 0.057 seconds
[2024-12-10T17:59:17.793-0600] {processor.py:186} INFO - Started process (PID=4938) to work on /root/airflow_env/lib/python3.12/site-packages/airflow/example_dags/example_latest_only_with_trigger.py
[2024-12-10T17:59:17.796-0600] {processor.py:914} INFO - Processing file /root/airflow_env/lib/python3.12/site-packages/airflow/example_dags/example_latest_only_with_trigger.py for tasks to queue
[2024-12-10T17:59:17.797-0600] {logging_mixin.py:190} INFO - [2024-12-10T17:59:17.797-0600] {dagbag.py:588} INFO - Filling up the DagBag from /root/airflow_env/lib/python3.12/site-packages/airflow/example_dags/example_latest_only_with_trigger.py
[2024-12-10T17:59:17.803-0600] {processor.py:925} INFO - DAG(s) 'latest_only_with_trigger' retrieved from /root/airflow_env/lib/python3.12/site-packages/airflow/example_dags/example_latest_only_with_trigger.py
[2024-12-10T17:59:17.815-0600] {logging_mixin.py:190} INFO - [2024-12-10T17:59:17.815-0600] {dag.py:3239} INFO - Sync 1 DAGs
[2024-12-10T17:59:17.829-0600] {logging_mixin.py:190} INFO - [2024-12-10T17:59:17.829-0600] {dag.py:4180} INFO - Setting next_dagrun for latest_only_with_trigger to 2024-12-10 16:00:00+00:00, run_after=2024-12-10 20:00:00+00:00
[2024-12-10T17:59:17.846-0600] {processor.py:208} INFO - Processing /root/airflow_env/lib/python3.12/site-packages/airflow/example_dags/example_latest_only_with_trigger.py took 0.057 seconds
