[2024-12-10T16:59:54.916-0600] {processor.py:186} INFO - Started process (PID=682) to work on /root/airflow_env/lib/python3.12/site-packages/airflow/example_dags/example_sensor_decorator.py
[2024-12-10T16:59:54.917-0600] {processor.py:914} INFO - Processing file /root/airflow_env/lib/python3.12/site-packages/airflow/example_dags/example_sensor_decorator.py for tasks to queue
[2024-12-10T16:59:54.920-0600] {logging_mixin.py:190} INFO - [2024-12-10T16:59:54.920-0600] {dagbag.py:588} INFO - Filling up the DagBag from /root/airflow_env/lib/python3.12/site-packages/airflow/example_dags/example_sensor_decorator.py
[2024-12-10T16:59:54.925-0600] {processor.py:925} INFO - DAG(s) 'example_sensor_decorator' retrieved from /root/airflow_env/lib/python3.12/site-packages/airflow/example_dags/example_sensor_decorator.py
[2024-12-10T16:59:54.938-0600] {logging_mixin.py:190} INFO - [2024-12-10T16:59:54.938-0600] {dag.py:3239} INFO - Sync 1 DAGs
[2024-12-10T16:59:54.947-0600] {logging_mixin.py:190} INFO - [2024-12-10T16:59:54.947-0600] {dag.py:4180} INFO - Setting next_dagrun for example_sensor_decorator to None, run_after=None
[2024-12-10T16:59:55.017-0600] {processor.py:208} INFO - Processing /root/airflow_env/lib/python3.12/site-packages/airflow/example_dags/example_sensor_decorator.py took 0.105 seconds
[2024-12-10T17:00:52.143-0600] {processor.py:186} INFO - Started process (PID=754) to work on /root/airflow_env/lib/python3.12/site-packages/airflow/example_dags/example_sensor_decorator.py
[2024-12-10T17:00:52.144-0600] {processor.py:914} INFO - Processing file /root/airflow_env/lib/python3.12/site-packages/airflow/example_dags/example_sensor_decorator.py for tasks to queue
[2024-12-10T17:00:52.146-0600] {logging_mixin.py:190} INFO - [2024-12-10T17:00:52.146-0600] {dagbag.py:588} INFO - Filling up the DagBag from /root/airflow_env/lib/python3.12/site-packages/airflow/example_dags/example_sensor_decorator.py
[2024-12-10T17:00:52.153-0600] {processor.py:925} INFO - DAG(s) 'example_sensor_decorator' retrieved from /root/airflow_env/lib/python3.12/site-packages/airflow/example_dags/example_sensor_decorator.py
[2024-12-10T17:00:52.165-0600] {logging_mixin.py:190} INFO - [2024-12-10T17:00:52.165-0600] {dag.py:3239} INFO - Sync 1 DAGs
[2024-12-10T17:00:52.175-0600] {logging_mixin.py:190} INFO - [2024-12-10T17:00:52.175-0600] {dag.py:4180} INFO - Setting next_dagrun for example_sensor_decorator to None, run_after=None
[2024-12-10T17:00:52.197-0600] {processor.py:208} INFO - Processing /root/airflow_env/lib/python3.12/site-packages/airflow/example_dags/example_sensor_decorator.py took 0.058 seconds
[2024-12-10T17:02:04.988-0600] {processor.py:186} INFO - Started process (PID=890) to work on /root/airflow_env/lib/python3.12/site-packages/airflow/example_dags/example_sensor_decorator.py
[2024-12-10T17:02:04.990-0600] {processor.py:914} INFO - Processing file /root/airflow_env/lib/python3.12/site-packages/airflow/example_dags/example_sensor_decorator.py for tasks to queue
[2024-12-10T17:02:04.992-0600] {logging_mixin.py:190} INFO - [2024-12-10T17:02:04.991-0600] {dagbag.py:588} INFO - Filling up the DagBag from /root/airflow_env/lib/python3.12/site-packages/airflow/example_dags/example_sensor_decorator.py
[2024-12-10T17:02:05.002-0600] {processor.py:925} INFO - DAG(s) 'example_sensor_decorator' retrieved from /root/airflow_env/lib/python3.12/site-packages/airflow/example_dags/example_sensor_decorator.py
[2024-12-10T17:02:05.019-0600] {logging_mixin.py:190} INFO - [2024-12-10T17:02:05.019-0600] {dag.py:3239} INFO - Sync 1 DAGs
[2024-12-10T17:02:05.033-0600] {logging_mixin.py:190} INFO - [2024-12-10T17:02:05.033-0600] {dag.py:4180} INFO - Setting next_dagrun for example_sensor_decorator to None, run_after=None
[2024-12-10T17:02:05.065-0600] {processor.py:208} INFO - Processing /root/airflow_env/lib/python3.12/site-packages/airflow/example_dags/example_sensor_decorator.py took 0.082 seconds
[2024-12-10T17:02:52.368-0600] {processor.py:186} INFO - Started process (PID=952) to work on /root/airflow_env/lib/python3.12/site-packages/airflow/example_dags/example_sensor_decorator.py
[2024-12-10T17:02:52.369-0600] {processor.py:914} INFO - Processing file /root/airflow_env/lib/python3.12/site-packages/airflow/example_dags/example_sensor_decorator.py for tasks to queue
[2024-12-10T17:02:52.371-0600] {logging_mixin.py:190} INFO - [2024-12-10T17:02:52.370-0600] {dagbag.py:588} INFO - Filling up the DagBag from /root/airflow_env/lib/python3.12/site-packages/airflow/example_dags/example_sensor_decorator.py
[2024-12-10T17:02:52.379-0600] {processor.py:925} INFO - DAG(s) 'example_sensor_decorator' retrieved from /root/airflow_env/lib/python3.12/site-packages/airflow/example_dags/example_sensor_decorator.py
[2024-12-10T17:02:52.393-0600] {logging_mixin.py:190} INFO - [2024-12-10T17:02:52.393-0600] {dag.py:3239} INFO - Sync 1 DAGs
[2024-12-10T17:02:52.403-0600] {logging_mixin.py:190} INFO - [2024-12-10T17:02:52.403-0600] {dag.py:4180} INFO - Setting next_dagrun for example_sensor_decorator to None, run_after=None
[2024-12-10T17:02:52.422-0600] {processor.py:208} INFO - Processing /root/airflow_env/lib/python3.12/site-packages/airflow/example_dags/example_sensor_decorator.py took 0.060 seconds
[2024-12-10T17:03:45.191-0600] {processor.py:186} INFO - Started process (PID=1015) to work on /root/airflow_env/lib/python3.12/site-packages/airflow/example_dags/example_sensor_decorator.py
[2024-12-10T17:03:45.192-0600] {processor.py:914} INFO - Processing file /root/airflow_env/lib/python3.12/site-packages/airflow/example_dags/example_sensor_decorator.py for tasks to queue
[2024-12-10T17:03:45.194-0600] {logging_mixin.py:190} INFO - [2024-12-10T17:03:45.194-0600] {dagbag.py:588} INFO - Filling up the DagBag from /root/airflow_env/lib/python3.12/site-packages/airflow/example_dags/example_sensor_decorator.py
[2024-12-10T17:03:45.202-0600] {processor.py:925} INFO - DAG(s) 'example_sensor_decorator' retrieved from /root/airflow_env/lib/python3.12/site-packages/airflow/example_dags/example_sensor_decorator.py
[2024-12-10T17:03:45.215-0600] {logging_mixin.py:190} INFO - [2024-12-10T17:03:45.215-0600] {dag.py:3239} INFO - Sync 1 DAGs
[2024-12-10T17:03:45.228-0600] {logging_mixin.py:190} INFO - [2024-12-10T17:03:45.228-0600] {dag.py:4180} INFO - Setting next_dagrun for example_sensor_decorator to None, run_after=None
[2024-12-10T17:03:45.248-0600] {processor.py:208} INFO - Processing /root/airflow_env/lib/python3.12/site-packages/airflow/example_dags/example_sensor_decorator.py took 0.061 seconds
[2024-12-10T17:04:40.282-0600] {processor.py:186} INFO - Started process (PID=1073) to work on /root/airflow_env/lib/python3.12/site-packages/airflow/example_dags/example_sensor_decorator.py
[2024-12-10T17:04:40.283-0600] {processor.py:914} INFO - Processing file /root/airflow_env/lib/python3.12/site-packages/airflow/example_dags/example_sensor_decorator.py for tasks to queue
[2024-12-10T17:04:40.285-0600] {logging_mixin.py:190} INFO - [2024-12-10T17:04:40.284-0600] {dagbag.py:588} INFO - Filling up the DagBag from /root/airflow_env/lib/python3.12/site-packages/airflow/example_dags/example_sensor_decorator.py
[2024-12-10T17:04:40.290-0600] {processor.py:925} INFO - DAG(s) 'example_sensor_decorator' retrieved from /root/airflow_env/lib/python3.12/site-packages/airflow/example_dags/example_sensor_decorator.py
[2024-12-10T17:04:40.301-0600] {logging_mixin.py:190} INFO - [2024-12-10T17:04:40.301-0600] {dag.py:3239} INFO - Sync 1 DAGs
[2024-12-10T17:04:40.309-0600] {logging_mixin.py:190} INFO - [2024-12-10T17:04:40.309-0600] {dag.py:4180} INFO - Setting next_dagrun for example_sensor_decorator to None, run_after=None
[2024-12-10T17:04:40.328-0600] {processor.py:208} INFO - Processing /root/airflow_env/lib/python3.12/site-packages/airflow/example_dags/example_sensor_decorator.py took 0.051 seconds
[2024-12-10T17:05:34.559-0600] {processor.py:186} INFO - Started process (PID=1137) to work on /root/airflow_env/lib/python3.12/site-packages/airflow/example_dags/example_sensor_decorator.py
[2024-12-10T17:05:34.561-0600] {processor.py:914} INFO - Processing file /root/airflow_env/lib/python3.12/site-packages/airflow/example_dags/example_sensor_decorator.py for tasks to queue
[2024-12-10T17:05:34.565-0600] {logging_mixin.py:190} INFO - [2024-12-10T17:05:34.564-0600] {dagbag.py:588} INFO - Filling up the DagBag from /root/airflow_env/lib/python3.12/site-packages/airflow/example_dags/example_sensor_decorator.py
[2024-12-10T17:05:34.579-0600] {processor.py:925} INFO - DAG(s) 'example_sensor_decorator' retrieved from /root/airflow_env/lib/python3.12/site-packages/airflow/example_dags/example_sensor_decorator.py
[2024-12-10T17:05:34.599-0600] {logging_mixin.py:190} INFO - [2024-12-10T17:05:34.599-0600] {dag.py:3239} INFO - Sync 1 DAGs
[2024-12-10T17:05:34.615-0600] {logging_mixin.py:190} INFO - [2024-12-10T17:05:34.615-0600] {dag.py:4180} INFO - Setting next_dagrun for example_sensor_decorator to None, run_after=None
[2024-12-10T17:05:34.641-0600] {processor.py:208} INFO - Processing /root/airflow_env/lib/python3.12/site-packages/airflow/example_dags/example_sensor_decorator.py took 0.087 seconds
[2024-12-10T17:06:27.879-0600] {processor.py:186} INFO - Started process (PID=1201) to work on /root/airflow_env/lib/python3.12/site-packages/airflow/example_dags/example_sensor_decorator.py
[2024-12-10T17:06:27.880-0600] {processor.py:914} INFO - Processing file /root/airflow_env/lib/python3.12/site-packages/airflow/example_dags/example_sensor_decorator.py for tasks to queue
[2024-12-10T17:06:27.882-0600] {logging_mixin.py:190} INFO - [2024-12-10T17:06:27.882-0600] {dagbag.py:588} INFO - Filling up the DagBag from /root/airflow_env/lib/python3.12/site-packages/airflow/example_dags/example_sensor_decorator.py
[2024-12-10T17:06:27.893-0600] {processor.py:925} INFO - DAG(s) 'example_sensor_decorator' retrieved from /root/airflow_env/lib/python3.12/site-packages/airflow/example_dags/example_sensor_decorator.py
[2024-12-10T17:06:27.915-0600] {logging_mixin.py:190} INFO - [2024-12-10T17:06:27.915-0600] {dag.py:3239} INFO - Sync 1 DAGs
[2024-12-10T17:06:27.937-0600] {logging_mixin.py:190} INFO - [2024-12-10T17:06:27.936-0600] {dag.py:4180} INFO - Setting next_dagrun for example_sensor_decorator to None, run_after=None
[2024-12-10T17:06:27.971-0600] {processor.py:208} INFO - Processing /root/airflow_env/lib/python3.12/site-packages/airflow/example_dags/example_sensor_decorator.py took 0.097 seconds
[2024-12-10T17:07:22.307-0600] {processor.py:186} INFO - Started process (PID=1260) to work on /root/airflow_env/lib/python3.12/site-packages/airflow/example_dags/example_sensor_decorator.py
[2024-12-10T17:07:22.308-0600] {processor.py:914} INFO - Processing file /root/airflow_env/lib/python3.12/site-packages/airflow/example_dags/example_sensor_decorator.py for tasks to queue
[2024-12-10T17:07:22.310-0600] {logging_mixin.py:190} INFO - [2024-12-10T17:07:22.310-0600] {dagbag.py:588} INFO - Filling up the DagBag from /root/airflow_env/lib/python3.12/site-packages/airflow/example_dags/example_sensor_decorator.py
[2024-12-10T17:07:22.316-0600] {processor.py:925} INFO - DAG(s) 'example_sensor_decorator' retrieved from /root/airflow_env/lib/python3.12/site-packages/airflow/example_dags/example_sensor_decorator.py
[2024-12-10T17:07:22.327-0600] {logging_mixin.py:190} INFO - [2024-12-10T17:07:22.327-0600] {dag.py:3239} INFO - Sync 1 DAGs
[2024-12-10T17:07:22.335-0600] {logging_mixin.py:190} INFO - [2024-12-10T17:07:22.335-0600] {dag.py:4180} INFO - Setting next_dagrun for example_sensor_decorator to None, run_after=None
[2024-12-10T17:07:22.352-0600] {processor.py:208} INFO - Processing /root/airflow_env/lib/python3.12/site-packages/airflow/example_dags/example_sensor_decorator.py took 0.051 seconds
[2024-12-10T17:08:13.632-0600] {processor.py:186} INFO - Started process (PID=1325) to work on /root/airflow_env/lib/python3.12/site-packages/airflow/example_dags/example_sensor_decorator.py
[2024-12-10T17:08:13.635-0600] {processor.py:914} INFO - Processing file /root/airflow_env/lib/python3.12/site-packages/airflow/example_dags/example_sensor_decorator.py for tasks to queue
[2024-12-10T17:08:13.637-0600] {logging_mixin.py:190} INFO - [2024-12-10T17:08:13.636-0600] {dagbag.py:588} INFO - Filling up the DagBag from /root/airflow_env/lib/python3.12/site-packages/airflow/example_dags/example_sensor_decorator.py
[2024-12-10T17:08:13.643-0600] {processor.py:925} INFO - DAG(s) 'example_sensor_decorator' retrieved from /root/airflow_env/lib/python3.12/site-packages/airflow/example_dags/example_sensor_decorator.py
[2024-12-10T17:08:13.657-0600] {logging_mixin.py:190} INFO - [2024-12-10T17:08:13.657-0600] {dag.py:3239} INFO - Sync 1 DAGs
[2024-12-10T17:08:13.667-0600] {logging_mixin.py:190} INFO - [2024-12-10T17:08:13.666-0600] {dag.py:4180} INFO - Setting next_dagrun for example_sensor_decorator to None, run_after=None
[2024-12-10T17:08:13.685-0600] {processor.py:208} INFO - Processing /root/airflow_env/lib/python3.12/site-packages/airflow/example_dags/example_sensor_decorator.py took 0.057 seconds
[2024-12-10T17:09:03.993-0600] {processor.py:186} INFO - Started process (PID=1421) to work on /root/airflow_env/lib/python3.12/site-packages/airflow/example_dags/example_sensor_decorator.py
[2024-12-10T17:09:03.996-0600] {processor.py:914} INFO - Processing file /root/airflow_env/lib/python3.12/site-packages/airflow/example_dags/example_sensor_decorator.py for tasks to queue
[2024-12-10T17:09:03.998-0600] {logging_mixin.py:190} INFO - [2024-12-10T17:09:03.998-0600] {dagbag.py:588} INFO - Filling up the DagBag from /root/airflow_env/lib/python3.12/site-packages/airflow/example_dags/example_sensor_decorator.py
[2024-12-10T17:09:04.010-0600] {processor.py:925} INFO - DAG(s) 'example_sensor_decorator' retrieved from /root/airflow_env/lib/python3.12/site-packages/airflow/example_dags/example_sensor_decorator.py
[2024-12-10T17:09:04.028-0600] {logging_mixin.py:190} INFO - [2024-12-10T17:09:04.028-0600] {dag.py:3239} INFO - Sync 1 DAGs
[2024-12-10T17:09:04.042-0600] {logging_mixin.py:190} INFO - [2024-12-10T17:09:04.042-0600] {dag.py:4180} INFO - Setting next_dagrun for example_sensor_decorator to None, run_after=None
[2024-12-10T17:09:04.074-0600] {processor.py:208} INFO - Processing /root/airflow_env/lib/python3.12/site-packages/airflow/example_dags/example_sensor_decorator.py took 0.090 seconds
[2024-12-10T17:09:54.281-0600] {processor.py:186} INFO - Started process (PID=1489) to work on /root/airflow_env/lib/python3.12/site-packages/airflow/example_dags/example_sensor_decorator.py
[2024-12-10T17:09:54.283-0600] {processor.py:914} INFO - Processing file /root/airflow_env/lib/python3.12/site-packages/airflow/example_dags/example_sensor_decorator.py for tasks to queue
[2024-12-10T17:09:54.285-0600] {logging_mixin.py:190} INFO - [2024-12-10T17:09:54.284-0600] {dagbag.py:588} INFO - Filling up the DagBag from /root/airflow_env/lib/python3.12/site-packages/airflow/example_dags/example_sensor_decorator.py
[2024-12-10T17:09:54.291-0600] {processor.py:925} INFO - DAG(s) 'example_sensor_decorator' retrieved from /root/airflow_env/lib/python3.12/site-packages/airflow/example_dags/example_sensor_decorator.py
[2024-12-10T17:09:54.302-0600] {logging_mixin.py:190} INFO - [2024-12-10T17:09:54.302-0600] {dag.py:3239} INFO - Sync 1 DAGs
[2024-12-10T17:09:54.311-0600] {logging_mixin.py:190} INFO - [2024-12-10T17:09:54.311-0600] {dag.py:4180} INFO - Setting next_dagrun for example_sensor_decorator to None, run_after=None
[2024-12-10T17:09:54.329-0600] {processor.py:208} INFO - Processing /root/airflow_env/lib/python3.12/site-packages/airflow/example_dags/example_sensor_decorator.py took 0.052 seconds
[2024-12-10T17:10:46.069-0600] {processor.py:186} INFO - Started process (PID=1550) to work on /root/airflow_env/lib/python3.12/site-packages/airflow/example_dags/example_sensor_decorator.py
[2024-12-10T17:10:46.072-0600] {processor.py:914} INFO - Processing file /root/airflow_env/lib/python3.12/site-packages/airflow/example_dags/example_sensor_decorator.py for tasks to queue
[2024-12-10T17:10:46.073-0600] {logging_mixin.py:190} INFO - [2024-12-10T17:10:46.073-0600] {dagbag.py:588} INFO - Filling up the DagBag from /root/airflow_env/lib/python3.12/site-packages/airflow/example_dags/example_sensor_decorator.py
[2024-12-10T17:10:46.079-0600] {processor.py:925} INFO - DAG(s) 'example_sensor_decorator' retrieved from /root/airflow_env/lib/python3.12/site-packages/airflow/example_dags/example_sensor_decorator.py
[2024-12-10T17:10:46.090-0600] {logging_mixin.py:190} INFO - [2024-12-10T17:10:46.090-0600] {dag.py:3239} INFO - Sync 1 DAGs
[2024-12-10T17:10:46.099-0600] {logging_mixin.py:190} INFO - [2024-12-10T17:10:46.099-0600] {dag.py:4180} INFO - Setting next_dagrun for example_sensor_decorator to None, run_after=None
[2024-12-10T17:10:46.124-0600] {processor.py:208} INFO - Processing /root/airflow_env/lib/python3.12/site-packages/airflow/example_dags/example_sensor_decorator.py took 0.058 seconds
[2024-12-10T17:11:36.265-0600] {processor.py:186} INFO - Started process (PID=1611) to work on /root/airflow_env/lib/python3.12/site-packages/airflow/example_dags/example_sensor_decorator.py
[2024-12-10T17:11:36.267-0600] {processor.py:914} INFO - Processing file /root/airflow_env/lib/python3.12/site-packages/airflow/example_dags/example_sensor_decorator.py for tasks to queue
[2024-12-10T17:11:36.269-0600] {logging_mixin.py:190} INFO - [2024-12-10T17:11:36.269-0600] {dagbag.py:588} INFO - Filling up the DagBag from /root/airflow_env/lib/python3.12/site-packages/airflow/example_dags/example_sensor_decorator.py
[2024-12-10T17:11:36.275-0600] {processor.py:925} INFO - DAG(s) 'example_sensor_decorator' retrieved from /root/airflow_env/lib/python3.12/site-packages/airflow/example_dags/example_sensor_decorator.py
[2024-12-10T17:11:36.286-0600] {logging_mixin.py:190} INFO - [2024-12-10T17:11:36.286-0600] {dag.py:3239} INFO - Sync 1 DAGs
[2024-12-10T17:11:36.294-0600] {logging_mixin.py:190} INFO - [2024-12-10T17:11:36.294-0600] {dag.py:4180} INFO - Setting next_dagrun for example_sensor_decorator to None, run_after=None
[2024-12-10T17:11:36.312-0600] {processor.py:208} INFO - Processing /root/airflow_env/lib/python3.12/site-packages/airflow/example_dags/example_sensor_decorator.py took 0.052 seconds
[2024-12-10T17:12:26.936-0600] {processor.py:186} INFO - Started process (PID=1669) to work on /root/airflow_env/lib/python3.12/site-packages/airflow/example_dags/example_sensor_decorator.py
[2024-12-10T17:12:26.937-0600] {processor.py:914} INFO - Processing file /root/airflow_env/lib/python3.12/site-packages/airflow/example_dags/example_sensor_decorator.py for tasks to queue
[2024-12-10T17:12:26.938-0600] {logging_mixin.py:190} INFO - [2024-12-10T17:12:26.938-0600] {dagbag.py:588} INFO - Filling up the DagBag from /root/airflow_env/lib/python3.12/site-packages/airflow/example_dags/example_sensor_decorator.py
[2024-12-10T17:12:26.944-0600] {processor.py:925} INFO - DAG(s) 'example_sensor_decorator' retrieved from /root/airflow_env/lib/python3.12/site-packages/airflow/example_dags/example_sensor_decorator.py
[2024-12-10T17:12:26.955-0600] {logging_mixin.py:190} INFO - [2024-12-10T17:12:26.955-0600] {dag.py:3239} INFO - Sync 1 DAGs
[2024-12-10T17:12:26.963-0600] {logging_mixin.py:190} INFO - [2024-12-10T17:12:26.963-0600] {dag.py:4180} INFO - Setting next_dagrun for example_sensor_decorator to None, run_after=None
[2024-12-10T17:12:26.981-0600] {processor.py:208} INFO - Processing /root/airflow_env/lib/python3.12/site-packages/airflow/example_dags/example_sensor_decorator.py took 0.049 seconds
[2024-12-10T17:13:18.761-0600] {processor.py:186} INFO - Started process (PID=1725) to work on /root/airflow_env/lib/python3.12/site-packages/airflow/example_dags/example_sensor_decorator.py
[2024-12-10T17:13:18.764-0600] {processor.py:914} INFO - Processing file /root/airflow_env/lib/python3.12/site-packages/airflow/example_dags/example_sensor_decorator.py for tasks to queue
[2024-12-10T17:13:18.766-0600] {logging_mixin.py:190} INFO - [2024-12-10T17:13:18.765-0600] {dagbag.py:588} INFO - Filling up the DagBag from /root/airflow_env/lib/python3.12/site-packages/airflow/example_dags/example_sensor_decorator.py
[2024-12-10T17:13:18.772-0600] {processor.py:925} INFO - DAG(s) 'example_sensor_decorator' retrieved from /root/airflow_env/lib/python3.12/site-packages/airflow/example_dags/example_sensor_decorator.py
[2024-12-10T17:13:18.782-0600] {logging_mixin.py:190} INFO - [2024-12-10T17:13:18.782-0600] {dag.py:3239} INFO - Sync 1 DAGs
[2024-12-10T17:13:18.790-0600] {logging_mixin.py:190} INFO - [2024-12-10T17:13:18.789-0600] {dag.py:4180} INFO - Setting next_dagrun for example_sensor_decorator to None, run_after=None
[2024-12-10T17:13:18.807-0600] {processor.py:208} INFO - Processing /root/airflow_env/lib/python3.12/site-packages/airflow/example_dags/example_sensor_decorator.py took 0.049 seconds
[2024-12-10T17:14:09.312-0600] {processor.py:186} INFO - Started process (PID=1781) to work on /root/airflow_env/lib/python3.12/site-packages/airflow/example_dags/example_sensor_decorator.py
[2024-12-10T17:14:09.316-0600] {processor.py:914} INFO - Processing file /root/airflow_env/lib/python3.12/site-packages/airflow/example_dags/example_sensor_decorator.py for tasks to queue
[2024-12-10T17:14:09.323-0600] {logging_mixin.py:190} INFO - [2024-12-10T17:14:09.322-0600] {dagbag.py:588} INFO - Filling up the DagBag from /root/airflow_env/lib/python3.12/site-packages/airflow/example_dags/example_sensor_decorator.py
[2024-12-10T17:14:09.333-0600] {processor.py:925} INFO - DAG(s) 'example_sensor_decorator' retrieved from /root/airflow_env/lib/python3.12/site-packages/airflow/example_dags/example_sensor_decorator.py
[2024-12-10T17:14:09.346-0600] {logging_mixin.py:190} INFO - [2024-12-10T17:14:09.345-0600] {dag.py:3239} INFO - Sync 1 DAGs
[2024-12-10T17:14:09.362-0600] {logging_mixin.py:190} INFO - [2024-12-10T17:14:09.362-0600] {dag.py:4180} INFO - Setting next_dagrun for example_sensor_decorator to None, run_after=None
[2024-12-10T17:14:09.390-0600] {processor.py:208} INFO - Processing /root/airflow_env/lib/python3.12/site-packages/airflow/example_dags/example_sensor_decorator.py took 0.084 seconds
[2024-12-10T17:15:03.189-0600] {processor.py:186} INFO - Started process (PID=1850) to work on /root/airflow_env/lib/python3.12/site-packages/airflow/example_dags/example_sensor_decorator.py
[2024-12-10T17:15:03.190-0600] {processor.py:914} INFO - Processing file /root/airflow_env/lib/python3.12/site-packages/airflow/example_dags/example_sensor_decorator.py for tasks to queue
[2024-12-10T17:15:03.193-0600] {logging_mixin.py:190} INFO - [2024-12-10T17:15:03.192-0600] {dagbag.py:588} INFO - Filling up the DagBag from /root/airflow_env/lib/python3.12/site-packages/airflow/example_dags/example_sensor_decorator.py
[2024-12-10T17:15:03.200-0600] {processor.py:925} INFO - DAG(s) 'example_sensor_decorator' retrieved from /root/airflow_env/lib/python3.12/site-packages/airflow/example_dags/example_sensor_decorator.py
[2024-12-10T17:15:03.211-0600] {logging_mixin.py:190} INFO - [2024-12-10T17:15:03.210-0600] {dag.py:3239} INFO - Sync 1 DAGs
[2024-12-10T17:15:03.219-0600] {logging_mixin.py:190} INFO - [2024-12-10T17:15:03.219-0600] {dag.py:4180} INFO - Setting next_dagrun for example_sensor_decorator to None, run_after=None
[2024-12-10T17:15:03.237-0600] {processor.py:208} INFO - Processing /root/airflow_env/lib/python3.12/site-packages/airflow/example_dags/example_sensor_decorator.py took 0.052 seconds
[2024-12-10T17:15:54.077-0600] {processor.py:186} INFO - Started process (PID=1908) to work on /root/airflow_env/lib/python3.12/site-packages/airflow/example_dags/example_sensor_decorator.py
[2024-12-10T17:15:54.080-0600] {processor.py:914} INFO - Processing file /root/airflow_env/lib/python3.12/site-packages/airflow/example_dags/example_sensor_decorator.py for tasks to queue
[2024-12-10T17:15:54.081-0600] {logging_mixin.py:190} INFO - [2024-12-10T17:15:54.081-0600] {dagbag.py:588} INFO - Filling up the DagBag from /root/airflow_env/lib/python3.12/site-packages/airflow/example_dags/example_sensor_decorator.py
[2024-12-10T17:15:54.087-0600] {processor.py:925} INFO - DAG(s) 'example_sensor_decorator' retrieved from /root/airflow_env/lib/python3.12/site-packages/airflow/example_dags/example_sensor_decorator.py
[2024-12-10T17:15:54.097-0600] {logging_mixin.py:190} INFO - [2024-12-10T17:15:54.097-0600] {dag.py:3239} INFO - Sync 1 DAGs
[2024-12-10T17:15:54.105-0600] {logging_mixin.py:190} INFO - [2024-12-10T17:15:54.105-0600] {dag.py:4180} INFO - Setting next_dagrun for example_sensor_decorator to None, run_after=None
[2024-12-10T17:15:54.122-0600] {processor.py:208} INFO - Processing /root/airflow_env/lib/python3.12/site-packages/airflow/example_dags/example_sensor_decorator.py took 0.048 seconds
[2024-12-10T17:16:44.343-0600] {processor.py:186} INFO - Started process (PID=1970) to work on /root/airflow_env/lib/python3.12/site-packages/airflow/example_dags/example_sensor_decorator.py
[2024-12-10T17:16:44.346-0600] {processor.py:914} INFO - Processing file /root/airflow_env/lib/python3.12/site-packages/airflow/example_dags/example_sensor_decorator.py for tasks to queue
[2024-12-10T17:16:44.348-0600] {logging_mixin.py:190} INFO - [2024-12-10T17:16:44.347-0600] {dagbag.py:588} INFO - Filling up the DagBag from /root/airflow_env/lib/python3.12/site-packages/airflow/example_dags/example_sensor_decorator.py
[2024-12-10T17:16:44.354-0600] {processor.py:925} INFO - DAG(s) 'example_sensor_decorator' retrieved from /root/airflow_env/lib/python3.12/site-packages/airflow/example_dags/example_sensor_decorator.py
[2024-12-10T17:16:44.365-0600] {logging_mixin.py:190} INFO - [2024-12-10T17:16:44.365-0600] {dag.py:3239} INFO - Sync 1 DAGs
[2024-12-10T17:16:44.373-0600] {logging_mixin.py:190} INFO - [2024-12-10T17:16:44.373-0600] {dag.py:4180} INFO - Setting next_dagrun for example_sensor_decorator to None, run_after=None
[2024-12-10T17:16:44.391-0600] {processor.py:208} INFO - Processing /root/airflow_env/lib/python3.12/site-packages/airflow/example_dags/example_sensor_decorator.py took 0.052 seconds
[2024-12-10T17:17:38.612-0600] {processor.py:186} INFO - Started process (PID=2032) to work on /root/airflow_env/lib/python3.12/site-packages/airflow/example_dags/example_sensor_decorator.py
[2024-12-10T17:17:38.615-0600] {processor.py:914} INFO - Processing file /root/airflow_env/lib/python3.12/site-packages/airflow/example_dags/example_sensor_decorator.py for tasks to queue
[2024-12-10T17:17:38.616-0600] {logging_mixin.py:190} INFO - [2024-12-10T17:17:38.616-0600] {dagbag.py:588} INFO - Filling up the DagBag from /root/airflow_env/lib/python3.12/site-packages/airflow/example_dags/example_sensor_decorator.py
[2024-12-10T17:17:38.622-0600] {processor.py:925} INFO - DAG(s) 'example_sensor_decorator' retrieved from /root/airflow_env/lib/python3.12/site-packages/airflow/example_dags/example_sensor_decorator.py
[2024-12-10T17:17:38.633-0600] {logging_mixin.py:190} INFO - [2024-12-10T17:17:38.633-0600] {dag.py:3239} INFO - Sync 1 DAGs
[2024-12-10T17:17:38.642-0600] {logging_mixin.py:190} INFO - [2024-12-10T17:17:38.642-0600] {dag.py:4180} INFO - Setting next_dagrun for example_sensor_decorator to None, run_after=None
[2024-12-10T17:17:38.660-0600] {processor.py:208} INFO - Processing /root/airflow_env/lib/python3.12/site-packages/airflow/example_dags/example_sensor_decorator.py took 0.052 seconds
[2024-12-10T17:18:30.008-0600] {processor.py:186} INFO - Started process (PID=2086) to work on /root/airflow_env/lib/python3.12/site-packages/airflow/example_dags/example_sensor_decorator.py
[2024-12-10T17:18:30.010-0600] {processor.py:914} INFO - Processing file /root/airflow_env/lib/python3.12/site-packages/airflow/example_dags/example_sensor_decorator.py for tasks to queue
[2024-12-10T17:18:30.012-0600] {logging_mixin.py:190} INFO - [2024-12-10T17:18:30.012-0600] {dagbag.py:588} INFO - Filling up the DagBag from /root/airflow_env/lib/python3.12/site-packages/airflow/example_dags/example_sensor_decorator.py
[2024-12-10T17:18:30.018-0600] {processor.py:925} INFO - DAG(s) 'example_sensor_decorator' retrieved from /root/airflow_env/lib/python3.12/site-packages/airflow/example_dags/example_sensor_decorator.py
[2024-12-10T17:18:30.029-0600] {logging_mixin.py:190} INFO - [2024-12-10T17:18:30.029-0600] {dag.py:3239} INFO - Sync 1 DAGs
[2024-12-10T17:18:30.037-0600] {logging_mixin.py:190} INFO - [2024-12-10T17:18:30.037-0600] {dag.py:4180} INFO - Setting next_dagrun for example_sensor_decorator to None, run_after=None
[2024-12-10T17:18:30.054-0600] {processor.py:208} INFO - Processing /root/airflow_env/lib/python3.12/site-packages/airflow/example_dags/example_sensor_decorator.py took 0.050 seconds
[2024-12-10T17:19:23.410-0600] {processor.py:186} INFO - Started process (PID=2145) to work on /root/airflow_env/lib/python3.12/site-packages/airflow/example_dags/example_sensor_decorator.py
[2024-12-10T17:19:23.412-0600] {processor.py:914} INFO - Processing file /root/airflow_env/lib/python3.12/site-packages/airflow/example_dags/example_sensor_decorator.py for tasks to queue
[2024-12-10T17:19:23.414-0600] {logging_mixin.py:190} INFO - [2024-12-10T17:19:23.413-0600] {dagbag.py:588} INFO - Filling up the DagBag from /root/airflow_env/lib/python3.12/site-packages/airflow/example_dags/example_sensor_decorator.py
[2024-12-10T17:19:23.420-0600] {processor.py:925} INFO - DAG(s) 'example_sensor_decorator' retrieved from /root/airflow_env/lib/python3.12/site-packages/airflow/example_dags/example_sensor_decorator.py
[2024-12-10T17:19:23.430-0600] {logging_mixin.py:190} INFO - [2024-12-10T17:19:23.430-0600] {dag.py:3239} INFO - Sync 1 DAGs
[2024-12-10T17:19:23.438-0600] {logging_mixin.py:190} INFO - [2024-12-10T17:19:23.438-0600] {dag.py:4180} INFO - Setting next_dagrun for example_sensor_decorator to None, run_after=None
[2024-12-10T17:19:23.454-0600] {processor.py:208} INFO - Processing /root/airflow_env/lib/python3.12/site-packages/airflow/example_dags/example_sensor_decorator.py took 0.048 seconds
[2024-12-10T17:20:14.094-0600] {processor.py:186} INFO - Started process (PID=2203) to work on /root/airflow_env/lib/python3.12/site-packages/airflow/example_dags/example_sensor_decorator.py
[2024-12-10T17:20:14.096-0600] {processor.py:914} INFO - Processing file /root/airflow_env/lib/python3.12/site-packages/airflow/example_dags/example_sensor_decorator.py for tasks to queue
[2024-12-10T17:20:14.098-0600] {logging_mixin.py:190} INFO - [2024-12-10T17:20:14.097-0600] {dagbag.py:588} INFO - Filling up the DagBag from /root/airflow_env/lib/python3.12/site-packages/airflow/example_dags/example_sensor_decorator.py
[2024-12-10T17:20:14.104-0600] {processor.py:925} INFO - DAG(s) 'example_sensor_decorator' retrieved from /root/airflow_env/lib/python3.12/site-packages/airflow/example_dags/example_sensor_decorator.py
[2024-12-10T17:20:14.114-0600] {logging_mixin.py:190} INFO - [2024-12-10T17:20:14.114-0600] {dag.py:3239} INFO - Sync 1 DAGs
[2024-12-10T17:20:14.123-0600] {logging_mixin.py:190} INFO - [2024-12-10T17:20:14.122-0600] {dag.py:4180} INFO - Setting next_dagrun for example_sensor_decorator to None, run_after=None
[2024-12-10T17:20:14.139-0600] {processor.py:208} INFO - Processing /root/airflow_env/lib/python3.12/site-packages/airflow/example_dags/example_sensor_decorator.py took 0.050 seconds
[2024-12-10T17:21:07.045-0600] {processor.py:186} INFO - Started process (PID=2258) to work on /root/airflow_env/lib/python3.12/site-packages/airflow/example_dags/example_sensor_decorator.py
[2024-12-10T17:21:07.048-0600] {processor.py:914} INFO - Processing file /root/airflow_env/lib/python3.12/site-packages/airflow/example_dags/example_sensor_decorator.py for tasks to queue
[2024-12-10T17:21:07.050-0600] {logging_mixin.py:190} INFO - [2024-12-10T17:21:07.049-0600] {dagbag.py:588} INFO - Filling up the DagBag from /root/airflow_env/lib/python3.12/site-packages/airflow/example_dags/example_sensor_decorator.py
[2024-12-10T17:21:07.056-0600] {processor.py:925} INFO - DAG(s) 'example_sensor_decorator' retrieved from /root/airflow_env/lib/python3.12/site-packages/airflow/example_dags/example_sensor_decorator.py
[2024-12-10T17:21:07.066-0600] {logging_mixin.py:190} INFO - [2024-12-10T17:21:07.066-0600] {dag.py:3239} INFO - Sync 1 DAGs
[2024-12-10T17:21:07.074-0600] {logging_mixin.py:190} INFO - [2024-12-10T17:21:07.074-0600] {dag.py:4180} INFO - Setting next_dagrun for example_sensor_decorator to None, run_after=None
[2024-12-10T17:21:07.092-0600] {processor.py:208} INFO - Processing /root/airflow_env/lib/python3.12/site-packages/airflow/example_dags/example_sensor_decorator.py took 0.050 seconds
[2024-12-10T17:22:00.737-0600] {processor.py:186} INFO - Started process (PID=2318) to work on /root/airflow_env/lib/python3.12/site-packages/airflow/example_dags/example_sensor_decorator.py
[2024-12-10T17:22:00.739-0600] {processor.py:914} INFO - Processing file /root/airflow_env/lib/python3.12/site-packages/airflow/example_dags/example_sensor_decorator.py for tasks to queue
[2024-12-10T17:22:00.741-0600] {logging_mixin.py:190} INFO - [2024-12-10T17:22:00.740-0600] {dagbag.py:588} INFO - Filling up the DagBag from /root/airflow_env/lib/python3.12/site-packages/airflow/example_dags/example_sensor_decorator.py
[2024-12-10T17:22:00.747-0600] {processor.py:925} INFO - DAG(s) 'example_sensor_decorator' retrieved from /root/airflow_env/lib/python3.12/site-packages/airflow/example_dags/example_sensor_decorator.py
[2024-12-10T17:22:00.757-0600] {logging_mixin.py:190} INFO - [2024-12-10T17:22:00.757-0600] {dag.py:3239} INFO - Sync 1 DAGs
[2024-12-10T17:22:00.765-0600] {logging_mixin.py:190} INFO - [2024-12-10T17:22:00.765-0600] {dag.py:4180} INFO - Setting next_dagrun for example_sensor_decorator to None, run_after=None
[2024-12-10T17:22:00.782-0600] {processor.py:208} INFO - Processing /root/airflow_env/lib/python3.12/site-packages/airflow/example_dags/example_sensor_decorator.py took 0.049 seconds
[2024-12-10T17:22:55.121-0600] {processor.py:186} INFO - Started process (PID=2376) to work on /root/airflow_env/lib/python3.12/site-packages/airflow/example_dags/example_sensor_decorator.py
[2024-12-10T17:22:55.123-0600] {processor.py:914} INFO - Processing file /root/airflow_env/lib/python3.12/site-packages/airflow/example_dags/example_sensor_decorator.py for tasks to queue
[2024-12-10T17:22:55.124-0600] {logging_mixin.py:190} INFO - [2024-12-10T17:22:55.124-0600] {dagbag.py:588} INFO - Filling up the DagBag from /root/airflow_env/lib/python3.12/site-packages/airflow/example_dags/example_sensor_decorator.py
[2024-12-10T17:22:55.130-0600] {processor.py:925} INFO - DAG(s) 'example_sensor_decorator' retrieved from /root/airflow_env/lib/python3.12/site-packages/airflow/example_dags/example_sensor_decorator.py
[2024-12-10T17:22:55.141-0600] {logging_mixin.py:190} INFO - [2024-12-10T17:22:55.140-0600] {dag.py:3239} INFO - Sync 1 DAGs
[2024-12-10T17:22:55.149-0600] {logging_mixin.py:190} INFO - [2024-12-10T17:22:55.149-0600] {dag.py:4180} INFO - Setting next_dagrun for example_sensor_decorator to None, run_after=None
[2024-12-10T17:22:55.167-0600] {processor.py:208} INFO - Processing /root/airflow_env/lib/python3.12/site-packages/airflow/example_dags/example_sensor_decorator.py took 0.049 seconds
[2024-12-10T17:23:50.118-0600] {processor.py:186} INFO - Started process (PID=2435) to work on /root/airflow_env/lib/python3.12/site-packages/airflow/example_dags/example_sensor_decorator.py
[2024-12-10T17:23:50.121-0600] {processor.py:914} INFO - Processing file /root/airflow_env/lib/python3.12/site-packages/airflow/example_dags/example_sensor_decorator.py for tasks to queue
[2024-12-10T17:23:50.122-0600] {logging_mixin.py:190} INFO - [2024-12-10T17:23:50.122-0600] {dagbag.py:588} INFO - Filling up the DagBag from /root/airflow_env/lib/python3.12/site-packages/airflow/example_dags/example_sensor_decorator.py
[2024-12-10T17:23:50.129-0600] {processor.py:925} INFO - DAG(s) 'example_sensor_decorator' retrieved from /root/airflow_env/lib/python3.12/site-packages/airflow/example_dags/example_sensor_decorator.py
[2024-12-10T17:23:50.139-0600] {logging_mixin.py:190} INFO - [2024-12-10T17:23:50.139-0600] {dag.py:3239} INFO - Sync 1 DAGs
[2024-12-10T17:23:50.148-0600] {logging_mixin.py:190} INFO - [2024-12-10T17:23:50.148-0600] {dag.py:4180} INFO - Setting next_dagrun for example_sensor_decorator to None, run_after=None
[2024-12-10T17:23:50.165-0600] {processor.py:208} INFO - Processing /root/airflow_env/lib/python3.12/site-packages/airflow/example_dags/example_sensor_decorator.py took 0.051 seconds
[2024-12-10T17:24:40.847-0600] {processor.py:186} INFO - Started process (PID=2494) to work on /root/airflow_env/lib/python3.12/site-packages/airflow/example_dags/example_sensor_decorator.py
[2024-12-10T17:24:40.849-0600] {processor.py:914} INFO - Processing file /root/airflow_env/lib/python3.12/site-packages/airflow/example_dags/example_sensor_decorator.py for tasks to queue
[2024-12-10T17:24:40.851-0600] {logging_mixin.py:190} INFO - [2024-12-10T17:24:40.851-0600] {dagbag.py:588} INFO - Filling up the DagBag from /root/airflow_env/lib/python3.12/site-packages/airflow/example_dags/example_sensor_decorator.py
[2024-12-10T17:24:40.857-0600] {processor.py:925} INFO - DAG(s) 'example_sensor_decorator' retrieved from /root/airflow_env/lib/python3.12/site-packages/airflow/example_dags/example_sensor_decorator.py
[2024-12-10T17:24:40.867-0600] {logging_mixin.py:190} INFO - [2024-12-10T17:24:40.867-0600] {dag.py:3239} INFO - Sync 1 DAGs
[2024-12-10T17:24:40.875-0600] {logging_mixin.py:190} INFO - [2024-12-10T17:24:40.875-0600] {dag.py:4180} INFO - Setting next_dagrun for example_sensor_decorator to None, run_after=None
[2024-12-10T17:24:40.891-0600] {processor.py:208} INFO - Processing /root/airflow_env/lib/python3.12/site-packages/airflow/example_dags/example_sensor_decorator.py took 0.049 seconds
[2024-12-10T17:25:34.908-0600] {processor.py:186} INFO - Started process (PID=2557) to work on /root/airflow_env/lib/python3.12/site-packages/airflow/example_dags/example_sensor_decorator.py
[2024-12-10T17:25:34.911-0600] {processor.py:914} INFO - Processing file /root/airflow_env/lib/python3.12/site-packages/airflow/example_dags/example_sensor_decorator.py for tasks to queue
[2024-12-10T17:25:34.913-0600] {logging_mixin.py:190} INFO - [2024-12-10T17:25:34.912-0600] {dagbag.py:588} INFO - Filling up the DagBag from /root/airflow_env/lib/python3.12/site-packages/airflow/example_dags/example_sensor_decorator.py
[2024-12-10T17:25:34.919-0600] {processor.py:925} INFO - DAG(s) 'example_sensor_decorator' retrieved from /root/airflow_env/lib/python3.12/site-packages/airflow/example_dags/example_sensor_decorator.py
[2024-12-10T17:25:34.932-0600] {logging_mixin.py:190} INFO - [2024-12-10T17:25:34.931-0600] {dag.py:3239} INFO - Sync 1 DAGs
[2024-12-10T17:25:34.940-0600] {logging_mixin.py:190} INFO - [2024-12-10T17:25:34.940-0600] {dag.py:4180} INFO - Setting next_dagrun for example_sensor_decorator to None, run_after=None
[2024-12-10T17:25:34.958-0600] {processor.py:208} INFO - Processing /root/airflow_env/lib/python3.12/site-packages/airflow/example_dags/example_sensor_decorator.py took 0.053 seconds
[2024-12-10T17:26:27.642-0600] {processor.py:186} INFO - Started process (PID=2615) to work on /root/airflow_env/lib/python3.12/site-packages/airflow/example_dags/example_sensor_decorator.py
[2024-12-10T17:26:27.644-0600] {processor.py:914} INFO - Processing file /root/airflow_env/lib/python3.12/site-packages/airflow/example_dags/example_sensor_decorator.py for tasks to queue
[2024-12-10T17:26:27.645-0600] {logging_mixin.py:190} INFO - [2024-12-10T17:26:27.645-0600] {dagbag.py:588} INFO - Filling up the DagBag from /root/airflow_env/lib/python3.12/site-packages/airflow/example_dags/example_sensor_decorator.py
[2024-12-10T17:26:27.654-0600] {processor.py:925} INFO - DAG(s) 'example_sensor_decorator' retrieved from /root/airflow_env/lib/python3.12/site-packages/airflow/example_dags/example_sensor_decorator.py
[2024-12-10T17:26:27.667-0600] {logging_mixin.py:190} INFO - [2024-12-10T17:26:27.667-0600] {dag.py:3239} INFO - Sync 1 DAGs
[2024-12-10T17:26:27.676-0600] {logging_mixin.py:190} INFO - [2024-12-10T17:26:27.676-0600] {dag.py:4180} INFO - Setting next_dagrun for example_sensor_decorator to None, run_after=None
[2024-12-10T17:26:27.697-0600] {processor.py:208} INFO - Processing /root/airflow_env/lib/python3.12/site-packages/airflow/example_dags/example_sensor_decorator.py took 0.058 seconds
[2024-12-10T17:27:22.872-0600] {processor.py:186} INFO - Started process (PID=2674) to work on /root/airflow_env/lib/python3.12/site-packages/airflow/example_dags/example_sensor_decorator.py
[2024-12-10T17:27:22.874-0600] {processor.py:914} INFO - Processing file /root/airflow_env/lib/python3.12/site-packages/airflow/example_dags/example_sensor_decorator.py for tasks to queue
[2024-12-10T17:27:22.876-0600] {logging_mixin.py:190} INFO - [2024-12-10T17:27:22.875-0600] {dagbag.py:588} INFO - Filling up the DagBag from /root/airflow_env/lib/python3.12/site-packages/airflow/example_dags/example_sensor_decorator.py
[2024-12-10T17:27:22.882-0600] {processor.py:925} INFO - DAG(s) 'example_sensor_decorator' retrieved from /root/airflow_env/lib/python3.12/site-packages/airflow/example_dags/example_sensor_decorator.py
[2024-12-10T17:27:22.892-0600] {logging_mixin.py:190} INFO - [2024-12-10T17:27:22.892-0600] {dag.py:3239} INFO - Sync 1 DAGs
[2024-12-10T17:27:22.900-0600] {logging_mixin.py:190} INFO - [2024-12-10T17:27:22.900-0600] {dag.py:4180} INFO - Setting next_dagrun for example_sensor_decorator to None, run_after=None
[2024-12-10T17:27:22.918-0600] {processor.py:208} INFO - Processing /root/airflow_env/lib/python3.12/site-packages/airflow/example_dags/example_sensor_decorator.py took 0.049 seconds
[2024-12-10T17:28:13.194-0600] {processor.py:186} INFO - Started process (PID=2730) to work on /root/airflow_env/lib/python3.12/site-packages/airflow/example_dags/example_sensor_decorator.py
[2024-12-10T17:28:13.197-0600] {processor.py:914} INFO - Processing file /root/airflow_env/lib/python3.12/site-packages/airflow/example_dags/example_sensor_decorator.py for tasks to queue
[2024-12-10T17:28:13.199-0600] {logging_mixin.py:190} INFO - [2024-12-10T17:28:13.198-0600] {dagbag.py:588} INFO - Filling up the DagBag from /root/airflow_env/lib/python3.12/site-packages/airflow/example_dags/example_sensor_decorator.py
[2024-12-10T17:28:13.205-0600] {processor.py:925} INFO - DAG(s) 'example_sensor_decorator' retrieved from /root/airflow_env/lib/python3.12/site-packages/airflow/example_dags/example_sensor_decorator.py
[2024-12-10T17:28:13.215-0600] {logging_mixin.py:190} INFO - [2024-12-10T17:28:13.215-0600] {dag.py:3239} INFO - Sync 1 DAGs
[2024-12-10T17:28:13.223-0600] {logging_mixin.py:190} INFO - [2024-12-10T17:28:13.223-0600] {dag.py:4180} INFO - Setting next_dagrun for example_sensor_decorator to None, run_after=None
[2024-12-10T17:28:13.239-0600] {processor.py:208} INFO - Processing /root/airflow_env/lib/python3.12/site-packages/airflow/example_dags/example_sensor_decorator.py took 0.049 seconds
[2024-12-10T17:29:06.453-0600] {processor.py:186} INFO - Started process (PID=2787) to work on /root/airflow_env/lib/python3.12/site-packages/airflow/example_dags/example_sensor_decorator.py
[2024-12-10T17:29:06.454-0600] {processor.py:914} INFO - Processing file /root/airflow_env/lib/python3.12/site-packages/airflow/example_dags/example_sensor_decorator.py for tasks to queue
[2024-12-10T17:29:06.456-0600] {logging_mixin.py:190} INFO - [2024-12-10T17:29:06.456-0600] {dagbag.py:588} INFO - Filling up the DagBag from /root/airflow_env/lib/python3.12/site-packages/airflow/example_dags/example_sensor_decorator.py
[2024-12-10T17:29:06.464-0600] {processor.py:925} INFO - DAG(s) 'example_sensor_decorator' retrieved from /root/airflow_env/lib/python3.12/site-packages/airflow/example_dags/example_sensor_decorator.py
[2024-12-10T17:29:06.476-0600] {logging_mixin.py:190} INFO - [2024-12-10T17:29:06.476-0600] {dag.py:3239} INFO - Sync 1 DAGs
[2024-12-10T17:29:06.486-0600] {logging_mixin.py:190} INFO - [2024-12-10T17:29:06.486-0600] {dag.py:4180} INFO - Setting next_dagrun for example_sensor_decorator to None, run_after=None
[2024-12-10T17:29:06.505-0600] {processor.py:208} INFO - Processing /root/airflow_env/lib/python3.12/site-packages/airflow/example_dags/example_sensor_decorator.py took 0.058 seconds
[2024-12-10T17:29:58.993-0600] {processor.py:186} INFO - Started process (PID=2847) to work on /root/airflow_env/lib/python3.12/site-packages/airflow/example_dags/example_sensor_decorator.py
[2024-12-10T17:29:58.995-0600] {processor.py:914} INFO - Processing file /root/airflow_env/lib/python3.12/site-packages/airflow/example_dags/example_sensor_decorator.py for tasks to queue
[2024-12-10T17:29:58.997-0600] {logging_mixin.py:190} INFO - [2024-12-10T17:29:58.996-0600] {dagbag.py:588} INFO - Filling up the DagBag from /root/airflow_env/lib/python3.12/site-packages/airflow/example_dags/example_sensor_decorator.py
[2024-12-10T17:29:59.003-0600] {processor.py:925} INFO - DAG(s) 'example_sensor_decorator' retrieved from /root/airflow_env/lib/python3.12/site-packages/airflow/example_dags/example_sensor_decorator.py
[2024-12-10T17:29:59.013-0600] {logging_mixin.py:190} INFO - [2024-12-10T17:29:59.013-0600] {dag.py:3239} INFO - Sync 1 DAGs
[2024-12-10T17:29:59.021-0600] {logging_mixin.py:190} INFO - [2024-12-10T17:29:59.020-0600] {dag.py:4180} INFO - Setting next_dagrun for example_sensor_decorator to None, run_after=None
[2024-12-10T17:29:59.038-0600] {processor.py:208} INFO - Processing /root/airflow_env/lib/python3.12/site-packages/airflow/example_dags/example_sensor_decorator.py took 0.048 seconds
[2024-12-10T17:30:48.872-0600] {processor.py:186} INFO - Started process (PID=2907) to work on /root/airflow_env/lib/python3.12/site-packages/airflow/example_dags/example_sensor_decorator.py
[2024-12-10T17:30:48.875-0600] {processor.py:914} INFO - Processing file /root/airflow_env/lib/python3.12/site-packages/airflow/example_dags/example_sensor_decorator.py for tasks to queue
[2024-12-10T17:30:48.876-0600] {logging_mixin.py:190} INFO - [2024-12-10T17:30:48.876-0600] {dagbag.py:588} INFO - Filling up the DagBag from /root/airflow_env/lib/python3.12/site-packages/airflow/example_dags/example_sensor_decorator.py
[2024-12-10T17:30:48.882-0600] {processor.py:925} INFO - DAG(s) 'example_sensor_decorator' retrieved from /root/airflow_env/lib/python3.12/site-packages/airflow/example_dags/example_sensor_decorator.py
[2024-12-10T17:30:48.892-0600] {logging_mixin.py:190} INFO - [2024-12-10T17:30:48.892-0600] {dag.py:3239} INFO - Sync 1 DAGs
[2024-12-10T17:30:48.900-0600] {logging_mixin.py:190} INFO - [2024-12-10T17:30:48.900-0600] {dag.py:4180} INFO - Setting next_dagrun for example_sensor_decorator to None, run_after=None
[2024-12-10T17:30:48.917-0600] {processor.py:208} INFO - Processing /root/airflow_env/lib/python3.12/site-packages/airflow/example_dags/example_sensor_decorator.py took 0.049 seconds
[2024-12-10T17:31:40.099-0600] {processor.py:186} INFO - Started process (PID=2964) to work on /root/airflow_env/lib/python3.12/site-packages/airflow/example_dags/example_sensor_decorator.py
[2024-12-10T17:31:40.102-0600] {processor.py:914} INFO - Processing file /root/airflow_env/lib/python3.12/site-packages/airflow/example_dags/example_sensor_decorator.py for tasks to queue
[2024-12-10T17:31:40.103-0600] {logging_mixin.py:190} INFO - [2024-12-10T17:31:40.103-0600] {dagbag.py:588} INFO - Filling up the DagBag from /root/airflow_env/lib/python3.12/site-packages/airflow/example_dags/example_sensor_decorator.py
[2024-12-10T17:31:40.109-0600] {processor.py:925} INFO - DAG(s) 'example_sensor_decorator' retrieved from /root/airflow_env/lib/python3.12/site-packages/airflow/example_dags/example_sensor_decorator.py
[2024-12-10T17:31:40.119-0600] {logging_mixin.py:190} INFO - [2024-12-10T17:31:40.119-0600] {dag.py:3239} INFO - Sync 1 DAGs
[2024-12-10T17:31:40.127-0600] {logging_mixin.py:190} INFO - [2024-12-10T17:31:40.127-0600] {dag.py:4180} INFO - Setting next_dagrun for example_sensor_decorator to None, run_after=None
[2024-12-10T17:31:40.145-0600] {processor.py:208} INFO - Processing /root/airflow_env/lib/python3.12/site-packages/airflow/example_dags/example_sensor_decorator.py took 0.050 seconds
[2024-12-10T17:32:33.234-0600] {processor.py:186} INFO - Started process (PID=3021) to work on /root/airflow_env/lib/python3.12/site-packages/airflow/example_dags/example_sensor_decorator.py
[2024-12-10T17:32:33.236-0600] {processor.py:914} INFO - Processing file /root/airflow_env/lib/python3.12/site-packages/airflow/example_dags/example_sensor_decorator.py for tasks to queue
[2024-12-10T17:32:33.237-0600] {logging_mixin.py:190} INFO - [2024-12-10T17:32:33.237-0600] {dagbag.py:588} INFO - Filling up the DagBag from /root/airflow_env/lib/python3.12/site-packages/airflow/example_dags/example_sensor_decorator.py
[2024-12-10T17:32:33.243-0600] {processor.py:925} INFO - DAG(s) 'example_sensor_decorator' retrieved from /root/airflow_env/lib/python3.12/site-packages/airflow/example_dags/example_sensor_decorator.py
[2024-12-10T17:32:33.254-0600] {logging_mixin.py:190} INFO - [2024-12-10T17:32:33.253-0600] {dag.py:3239} INFO - Sync 1 DAGs
[2024-12-10T17:32:33.262-0600] {logging_mixin.py:190} INFO - [2024-12-10T17:32:33.261-0600] {dag.py:4180} INFO - Setting next_dagrun for example_sensor_decorator to None, run_after=None
[2024-12-10T17:32:33.279-0600] {processor.py:208} INFO - Processing /root/airflow_env/lib/python3.12/site-packages/airflow/example_dags/example_sensor_decorator.py took 0.049 seconds
[2024-12-10T17:33:28.053-0600] {processor.py:186} INFO - Started process (PID=3080) to work on /root/airflow_env/lib/python3.12/site-packages/airflow/example_dags/example_sensor_decorator.py
[2024-12-10T17:33:28.056-0600] {processor.py:914} INFO - Processing file /root/airflow_env/lib/python3.12/site-packages/airflow/example_dags/example_sensor_decorator.py for tasks to queue
[2024-12-10T17:33:28.057-0600] {logging_mixin.py:190} INFO - [2024-12-10T17:33:28.057-0600] {dagbag.py:588} INFO - Filling up the DagBag from /root/airflow_env/lib/python3.12/site-packages/airflow/example_dags/example_sensor_decorator.py
[2024-12-10T17:33:28.064-0600] {processor.py:925} INFO - DAG(s) 'example_sensor_decorator' retrieved from /root/airflow_env/lib/python3.12/site-packages/airflow/example_dags/example_sensor_decorator.py
[2024-12-10T17:33:28.074-0600] {logging_mixin.py:190} INFO - [2024-12-10T17:33:28.074-0600] {dag.py:3239} INFO - Sync 1 DAGs
[2024-12-10T17:33:28.083-0600] {logging_mixin.py:190} INFO - [2024-12-10T17:33:28.083-0600] {dag.py:4180} INFO - Setting next_dagrun for example_sensor_decorator to None, run_after=None
[2024-12-10T17:33:28.101-0600] {processor.py:208} INFO - Processing /root/airflow_env/lib/python3.12/site-packages/airflow/example_dags/example_sensor_decorator.py took 0.051 seconds
[2024-12-10T17:34:21.251-0600] {processor.py:186} INFO - Started process (PID=3245) to work on /root/airflow_env/lib/python3.12/site-packages/airflow/example_dags/example_sensor_decorator.py
[2024-12-10T17:34:21.253-0600] {processor.py:914} INFO - Processing file /root/airflow_env/lib/python3.12/site-packages/airflow/example_dags/example_sensor_decorator.py for tasks to queue
[2024-12-10T17:34:21.254-0600] {logging_mixin.py:190} INFO - [2024-12-10T17:34:21.254-0600] {dagbag.py:588} INFO - Filling up the DagBag from /root/airflow_env/lib/python3.12/site-packages/airflow/example_dags/example_sensor_decorator.py
[2024-12-10T17:34:21.260-0600] {processor.py:925} INFO - DAG(s) 'example_sensor_decorator' retrieved from /root/airflow_env/lib/python3.12/site-packages/airflow/example_dags/example_sensor_decorator.py
[2024-12-10T17:34:21.270-0600] {logging_mixin.py:190} INFO - [2024-12-10T17:34:21.270-0600] {dag.py:3239} INFO - Sync 1 DAGs
[2024-12-10T17:34:21.278-0600] {logging_mixin.py:190} INFO - [2024-12-10T17:34:21.278-0600] {dag.py:4180} INFO - Setting next_dagrun for example_sensor_decorator to None, run_after=None
[2024-12-10T17:34:21.295-0600] {processor.py:208} INFO - Processing /root/airflow_env/lib/python3.12/site-packages/airflow/example_dags/example_sensor_decorator.py took 0.048 seconds
[2024-12-10T17:35:12.658-0600] {processor.py:186} INFO - Started process (PID=3304) to work on /root/airflow_env/lib/python3.12/site-packages/airflow/example_dags/example_sensor_decorator.py
[2024-12-10T17:35:12.659-0600] {processor.py:914} INFO - Processing file /root/airflow_env/lib/python3.12/site-packages/airflow/example_dags/example_sensor_decorator.py for tasks to queue
[2024-12-10T17:35:12.661-0600] {logging_mixin.py:190} INFO - [2024-12-10T17:35:12.661-0600] {dagbag.py:588} INFO - Filling up the DagBag from /root/airflow_env/lib/python3.12/site-packages/airflow/example_dags/example_sensor_decorator.py
[2024-12-10T17:35:12.667-0600] {processor.py:925} INFO - DAG(s) 'example_sensor_decorator' retrieved from /root/airflow_env/lib/python3.12/site-packages/airflow/example_dags/example_sensor_decorator.py
[2024-12-10T17:35:12.678-0600] {logging_mixin.py:190} INFO - [2024-12-10T17:35:12.678-0600] {dag.py:3239} INFO - Sync 1 DAGs
[2024-12-10T17:35:12.687-0600] {logging_mixin.py:190} INFO - [2024-12-10T17:35:12.686-0600] {dag.py:4180} INFO - Setting next_dagrun for example_sensor_decorator to None, run_after=None
[2024-12-10T17:35:12.703-0600] {processor.py:208} INFO - Processing /root/airflow_env/lib/python3.12/site-packages/airflow/example_dags/example_sensor_decorator.py took 0.050 seconds
[2024-12-10T17:36:04.116-0600] {processor.py:186} INFO - Started process (PID=3362) to work on /root/airflow_env/lib/python3.12/site-packages/airflow/example_dags/example_sensor_decorator.py
[2024-12-10T17:36:04.119-0600] {processor.py:914} INFO - Processing file /root/airflow_env/lib/python3.12/site-packages/airflow/example_dags/example_sensor_decorator.py for tasks to queue
[2024-12-10T17:36:04.121-0600] {logging_mixin.py:190} INFO - [2024-12-10T17:36:04.121-0600] {dagbag.py:588} INFO - Filling up the DagBag from /root/airflow_env/lib/python3.12/site-packages/airflow/example_dags/example_sensor_decorator.py
[2024-12-10T17:36:04.127-0600] {processor.py:925} INFO - DAG(s) 'example_sensor_decorator' retrieved from /root/airflow_env/lib/python3.12/site-packages/airflow/example_dags/example_sensor_decorator.py
[2024-12-10T17:36:04.140-0600] {logging_mixin.py:190} INFO - [2024-12-10T17:36:04.140-0600] {dag.py:3239} INFO - Sync 1 DAGs
[2024-12-10T17:36:04.149-0600] {logging_mixin.py:190} INFO - [2024-12-10T17:36:04.148-0600] {dag.py:4180} INFO - Setting next_dagrun for example_sensor_decorator to None, run_after=None
[2024-12-10T17:36:04.167-0600] {processor.py:208} INFO - Processing /root/airflow_env/lib/python3.12/site-packages/airflow/example_dags/example_sensor_decorator.py took 0.055 seconds
[2024-12-10T17:36:53.684-0600] {processor.py:186} INFO - Started process (PID=3417) to work on /root/airflow_env/lib/python3.12/site-packages/airflow/example_dags/example_sensor_decorator.py
[2024-12-10T17:36:53.688-0600] {processor.py:914} INFO - Processing file /root/airflow_env/lib/python3.12/site-packages/airflow/example_dags/example_sensor_decorator.py for tasks to queue
[2024-12-10T17:36:53.690-0600] {logging_mixin.py:190} INFO - [2024-12-10T17:36:53.690-0600] {dagbag.py:588} INFO - Filling up the DagBag from /root/airflow_env/lib/python3.12/site-packages/airflow/example_dags/example_sensor_decorator.py
[2024-12-10T17:36:53.696-0600] {processor.py:925} INFO - DAG(s) 'example_sensor_decorator' retrieved from /root/airflow_env/lib/python3.12/site-packages/airflow/example_dags/example_sensor_decorator.py
[2024-12-10T17:36:53.708-0600] {logging_mixin.py:190} INFO - [2024-12-10T17:36:53.708-0600] {dag.py:3239} INFO - Sync 1 DAGs
[2024-12-10T17:36:53.716-0600] {logging_mixin.py:190} INFO - [2024-12-10T17:36:53.716-0600] {dag.py:4180} INFO - Setting next_dagrun for example_sensor_decorator to None, run_after=None
[2024-12-10T17:36:53.737-0600] {processor.py:208} INFO - Processing /root/airflow_env/lib/python3.12/site-packages/airflow/example_dags/example_sensor_decorator.py took 0.056 seconds
[2024-12-10T17:37:45.365-0600] {processor.py:186} INFO - Started process (PID=3473) to work on /root/airflow_env/lib/python3.12/site-packages/airflow/example_dags/example_sensor_decorator.py
[2024-12-10T17:37:45.367-0600] {processor.py:914} INFO - Processing file /root/airflow_env/lib/python3.12/site-packages/airflow/example_dags/example_sensor_decorator.py for tasks to queue
[2024-12-10T17:37:45.369-0600] {logging_mixin.py:190} INFO - [2024-12-10T17:37:45.369-0600] {dagbag.py:588} INFO - Filling up the DagBag from /root/airflow_env/lib/python3.12/site-packages/airflow/example_dags/example_sensor_decorator.py
[2024-12-10T17:37:45.375-0600] {processor.py:925} INFO - DAG(s) 'example_sensor_decorator' retrieved from /root/airflow_env/lib/python3.12/site-packages/airflow/example_dags/example_sensor_decorator.py
[2024-12-10T17:37:45.385-0600] {logging_mixin.py:190} INFO - [2024-12-10T17:37:45.385-0600] {dag.py:3239} INFO - Sync 1 DAGs
[2024-12-10T17:37:45.393-0600] {logging_mixin.py:190} INFO - [2024-12-10T17:37:45.392-0600] {dag.py:4180} INFO - Setting next_dagrun for example_sensor_decorator to None, run_after=None
[2024-12-10T17:37:45.410-0600] {processor.py:208} INFO - Processing /root/airflow_env/lib/python3.12/site-packages/airflow/example_dags/example_sensor_decorator.py took 0.049 seconds
[2024-12-10T17:38:35.703-0600] {processor.py:186} INFO - Started process (PID=3530) to work on /root/airflow_env/lib/python3.12/site-packages/airflow/example_dags/example_sensor_decorator.py
[2024-12-10T17:38:35.706-0600] {processor.py:914} INFO - Processing file /root/airflow_env/lib/python3.12/site-packages/airflow/example_dags/example_sensor_decorator.py for tasks to queue
[2024-12-10T17:38:35.707-0600] {logging_mixin.py:190} INFO - [2024-12-10T17:38:35.707-0600] {dagbag.py:588} INFO - Filling up the DagBag from /root/airflow_env/lib/python3.12/site-packages/airflow/example_dags/example_sensor_decorator.py
[2024-12-10T17:38:35.713-0600] {processor.py:925} INFO - DAG(s) 'example_sensor_decorator' retrieved from /root/airflow_env/lib/python3.12/site-packages/airflow/example_dags/example_sensor_decorator.py
[2024-12-10T17:38:35.724-0600] {logging_mixin.py:190} INFO - [2024-12-10T17:38:35.724-0600] {dag.py:3239} INFO - Sync 1 DAGs
[2024-12-10T17:38:35.731-0600] {logging_mixin.py:190} INFO - [2024-12-10T17:38:35.731-0600] {dag.py:4180} INFO - Setting next_dagrun for example_sensor_decorator to None, run_after=None
[2024-12-10T17:38:35.748-0600] {processor.py:208} INFO - Processing /root/airflow_env/lib/python3.12/site-packages/airflow/example_dags/example_sensor_decorator.py took 0.048 seconds
[2024-12-10T17:39:27.523-0600] {processor.py:186} INFO - Started process (PID=3586) to work on /root/airflow_env/lib/python3.12/site-packages/airflow/example_dags/example_sensor_decorator.py
[2024-12-10T17:39:27.527-0600] {processor.py:914} INFO - Processing file /root/airflow_env/lib/python3.12/site-packages/airflow/example_dags/example_sensor_decorator.py for tasks to queue
[2024-12-10T17:39:27.535-0600] {logging_mixin.py:190} INFO - [2024-12-10T17:39:27.533-0600] {dagbag.py:588} INFO - Filling up the DagBag from /root/airflow_env/lib/python3.12/site-packages/airflow/example_dags/example_sensor_decorator.py
[2024-12-10T17:39:27.546-0600] {processor.py:925} INFO - DAG(s) 'example_sensor_decorator' retrieved from /root/airflow_env/lib/python3.12/site-packages/airflow/example_dags/example_sensor_decorator.py
[2024-12-10T17:39:27.561-0600] {logging_mixin.py:190} INFO - [2024-12-10T17:39:27.561-0600] {dag.py:3239} INFO - Sync 1 DAGs
[2024-12-10T17:39:27.575-0600] {logging_mixin.py:190} INFO - [2024-12-10T17:39:27.574-0600] {dag.py:4180} INFO - Setting next_dagrun for example_sensor_decorator to None, run_after=None
[2024-12-10T17:39:27.599-0600] {processor.py:208} INFO - Processing /root/airflow_env/lib/python3.12/site-packages/airflow/example_dags/example_sensor_decorator.py took 0.081 seconds
[2024-12-10T17:40:21.600-0600] {processor.py:186} INFO - Started process (PID=3651) to work on /root/airflow_env/lib/python3.12/site-packages/airflow/example_dags/example_sensor_decorator.py
[2024-12-10T17:40:21.603-0600] {processor.py:914} INFO - Processing file /root/airflow_env/lib/python3.12/site-packages/airflow/example_dags/example_sensor_decorator.py for tasks to queue
[2024-12-10T17:40:21.605-0600] {logging_mixin.py:190} INFO - [2024-12-10T17:40:21.605-0600] {dagbag.py:588} INFO - Filling up the DagBag from /root/airflow_env/lib/python3.12/site-packages/airflow/example_dags/example_sensor_decorator.py
[2024-12-10T17:40:21.611-0600] {processor.py:925} INFO - DAG(s) 'example_sensor_decorator' retrieved from /root/airflow_env/lib/python3.12/site-packages/airflow/example_dags/example_sensor_decorator.py
[2024-12-10T17:40:21.622-0600] {logging_mixin.py:190} INFO - [2024-12-10T17:40:21.622-0600] {dag.py:3239} INFO - Sync 1 DAGs
[2024-12-10T17:40:21.631-0600] {logging_mixin.py:190} INFO - [2024-12-10T17:40:21.631-0600] {dag.py:4180} INFO - Setting next_dagrun for example_sensor_decorator to None, run_after=None
[2024-12-10T17:40:21.648-0600] {processor.py:208} INFO - Processing /root/airflow_env/lib/python3.12/site-packages/airflow/example_dags/example_sensor_decorator.py took 0.052 seconds
[2024-12-10T17:41:17.066-0600] {processor.py:186} INFO - Started process (PID=3711) to work on /root/airflow_env/lib/python3.12/site-packages/airflow/example_dags/example_sensor_decorator.py
[2024-12-10T17:41:17.068-0600] {processor.py:914} INFO - Processing file /root/airflow_env/lib/python3.12/site-packages/airflow/example_dags/example_sensor_decorator.py for tasks to queue
[2024-12-10T17:41:17.069-0600] {logging_mixin.py:190} INFO - [2024-12-10T17:41:17.069-0600] {dagbag.py:588} INFO - Filling up the DagBag from /root/airflow_env/lib/python3.12/site-packages/airflow/example_dags/example_sensor_decorator.py
[2024-12-10T17:41:17.076-0600] {processor.py:925} INFO - DAG(s) 'example_sensor_decorator' retrieved from /root/airflow_env/lib/python3.12/site-packages/airflow/example_dags/example_sensor_decorator.py
[2024-12-10T17:41:17.086-0600] {logging_mixin.py:190} INFO - [2024-12-10T17:41:17.086-0600] {dag.py:3239} INFO - Sync 1 DAGs
[2024-12-10T17:41:17.095-0600] {logging_mixin.py:190} INFO - [2024-12-10T17:41:17.095-0600] {dag.py:4180} INFO - Setting next_dagrun for example_sensor_decorator to None, run_after=None
[2024-12-10T17:41:17.112-0600] {processor.py:208} INFO - Processing /root/airflow_env/lib/python3.12/site-packages/airflow/example_dags/example_sensor_decorator.py took 0.050 seconds
[2024-12-10T17:42:08.477-0600] {processor.py:186} INFO - Started process (PID=3769) to work on /root/airflow_env/lib/python3.12/site-packages/airflow/example_dags/example_sensor_decorator.py
[2024-12-10T17:42:08.480-0600] {processor.py:914} INFO - Processing file /root/airflow_env/lib/python3.12/site-packages/airflow/example_dags/example_sensor_decorator.py for tasks to queue
[2024-12-10T17:42:08.481-0600] {logging_mixin.py:190} INFO - [2024-12-10T17:42:08.481-0600] {dagbag.py:588} INFO - Filling up the DagBag from /root/airflow_env/lib/python3.12/site-packages/airflow/example_dags/example_sensor_decorator.py
[2024-12-10T17:42:08.488-0600] {processor.py:925} INFO - DAG(s) 'example_sensor_decorator' retrieved from /root/airflow_env/lib/python3.12/site-packages/airflow/example_dags/example_sensor_decorator.py
[2024-12-10T17:42:08.498-0600] {logging_mixin.py:190} INFO - [2024-12-10T17:42:08.498-0600] {dag.py:3239} INFO - Sync 1 DAGs
[2024-12-10T17:42:08.506-0600] {logging_mixin.py:190} INFO - [2024-12-10T17:42:08.506-0600] {dag.py:4180} INFO - Setting next_dagrun for example_sensor_decorator to None, run_after=None
[2024-12-10T17:42:08.523-0600] {processor.py:208} INFO - Processing /root/airflow_env/lib/python3.12/site-packages/airflow/example_dags/example_sensor_decorator.py took 0.049 seconds
[2024-12-10T17:43:01.671-0600] {processor.py:186} INFO - Started process (PID=3843) to work on /root/airflow_env/lib/python3.12/site-packages/airflow/example_dags/example_sensor_decorator.py
[2024-12-10T17:43:01.674-0600] {processor.py:914} INFO - Processing file /root/airflow_env/lib/python3.12/site-packages/airflow/example_dags/example_sensor_decorator.py for tasks to queue
[2024-12-10T17:43:01.675-0600] {logging_mixin.py:190} INFO - [2024-12-10T17:43:01.675-0600] {dagbag.py:588} INFO - Filling up the DagBag from /root/airflow_env/lib/python3.12/site-packages/airflow/example_dags/example_sensor_decorator.py
[2024-12-10T17:43:01.682-0600] {processor.py:925} INFO - DAG(s) 'example_sensor_decorator' retrieved from /root/airflow_env/lib/python3.12/site-packages/airflow/example_dags/example_sensor_decorator.py
[2024-12-10T17:43:01.693-0600] {logging_mixin.py:190} INFO - [2024-12-10T17:43:01.693-0600] {dag.py:3239} INFO - Sync 1 DAGs
[2024-12-10T17:43:01.702-0600] {logging_mixin.py:190} INFO - [2024-12-10T17:43:01.701-0600] {dag.py:4180} INFO - Setting next_dagrun for example_sensor_decorator to None, run_after=None
[2024-12-10T17:43:01.722-0600] {processor.py:208} INFO - Processing /root/airflow_env/lib/python3.12/site-packages/airflow/example_dags/example_sensor_decorator.py took 0.055 seconds
[2024-12-10T17:43:53.787-0600] {processor.py:186} INFO - Started process (PID=3901) to work on /root/airflow_env/lib/python3.12/site-packages/airflow/example_dags/example_sensor_decorator.py
[2024-12-10T17:43:53.790-0600] {processor.py:914} INFO - Processing file /root/airflow_env/lib/python3.12/site-packages/airflow/example_dags/example_sensor_decorator.py for tasks to queue
[2024-12-10T17:43:53.791-0600] {logging_mixin.py:190} INFO - [2024-12-10T17:43:53.791-0600] {dagbag.py:588} INFO - Filling up the DagBag from /root/airflow_env/lib/python3.12/site-packages/airflow/example_dags/example_sensor_decorator.py
[2024-12-10T17:43:53.800-0600] {processor.py:925} INFO - DAG(s) 'example_sensor_decorator' retrieved from /root/airflow_env/lib/python3.12/site-packages/airflow/example_dags/example_sensor_decorator.py
[2024-12-10T17:43:53.817-0600] {logging_mixin.py:190} INFO - [2024-12-10T17:43:53.817-0600] {dag.py:3239} INFO - Sync 1 DAGs
[2024-12-10T17:43:53.827-0600] {logging_mixin.py:190} INFO - [2024-12-10T17:43:53.827-0600] {dag.py:4180} INFO - Setting next_dagrun for example_sensor_decorator to None, run_after=None
[2024-12-10T17:43:53.847-0600] {processor.py:208} INFO - Processing /root/airflow_env/lib/python3.12/site-packages/airflow/example_dags/example_sensor_decorator.py took 0.065 seconds
[2024-12-10T17:44:45.351-0600] {processor.py:186} INFO - Started process (PID=3957) to work on /root/airflow_env/lib/python3.12/site-packages/airflow/example_dags/example_sensor_decorator.py
[2024-12-10T17:44:45.353-0600] {processor.py:914} INFO - Processing file /root/airflow_env/lib/python3.12/site-packages/airflow/example_dags/example_sensor_decorator.py for tasks to queue
[2024-12-10T17:44:45.355-0600] {logging_mixin.py:190} INFO - [2024-12-10T17:44:45.355-0600] {dagbag.py:588} INFO - Filling up the DagBag from /root/airflow_env/lib/python3.12/site-packages/airflow/example_dags/example_sensor_decorator.py
[2024-12-10T17:44:45.361-0600] {processor.py:925} INFO - DAG(s) 'example_sensor_decorator' retrieved from /root/airflow_env/lib/python3.12/site-packages/airflow/example_dags/example_sensor_decorator.py
[2024-12-10T17:44:45.371-0600] {logging_mixin.py:190} INFO - [2024-12-10T17:44:45.371-0600] {dag.py:3239} INFO - Sync 1 DAGs
[2024-12-10T17:44:45.380-0600] {logging_mixin.py:190} INFO - [2024-12-10T17:44:45.380-0600] {dag.py:4180} INFO - Setting next_dagrun for example_sensor_decorator to None, run_after=None
[2024-12-10T17:44:45.397-0600] {processor.py:208} INFO - Processing /root/airflow_env/lib/python3.12/site-packages/airflow/example_dags/example_sensor_decorator.py took 0.050 seconds
[2024-12-10T17:45:40.156-0600] {processor.py:186} INFO - Started process (PID=4019) to work on /root/airflow_env/lib/python3.12/site-packages/airflow/example_dags/example_sensor_decorator.py
[2024-12-10T17:45:40.157-0600] {processor.py:914} INFO - Processing file /root/airflow_env/lib/python3.12/site-packages/airflow/example_dags/example_sensor_decorator.py for tasks to queue
[2024-12-10T17:45:40.159-0600] {logging_mixin.py:190} INFO - [2024-12-10T17:45:40.159-0600] {dagbag.py:588} INFO - Filling up the DagBag from /root/airflow_env/lib/python3.12/site-packages/airflow/example_dags/example_sensor_decorator.py
[2024-12-10T17:45:40.165-0600] {processor.py:925} INFO - DAG(s) 'example_sensor_decorator' retrieved from /root/airflow_env/lib/python3.12/site-packages/airflow/example_dags/example_sensor_decorator.py
[2024-12-10T17:45:40.175-0600] {logging_mixin.py:190} INFO - [2024-12-10T17:45:40.175-0600] {dag.py:3239} INFO - Sync 1 DAGs
[2024-12-10T17:45:40.184-0600] {logging_mixin.py:190} INFO - [2024-12-10T17:45:40.183-0600] {dag.py:4180} INFO - Setting next_dagrun for example_sensor_decorator to None, run_after=None
[2024-12-10T17:45:40.285-0600] {processor.py:208} INFO - Processing /root/airflow_env/lib/python3.12/site-packages/airflow/example_dags/example_sensor_decorator.py took 0.134 seconds
[2024-12-10T17:46:37.135-0600] {processor.py:186} INFO - Started process (PID=4079) to work on /root/airflow_env/lib/python3.12/site-packages/airflow/example_dags/example_sensor_decorator.py
[2024-12-10T17:46:37.137-0600] {processor.py:914} INFO - Processing file /root/airflow_env/lib/python3.12/site-packages/airflow/example_dags/example_sensor_decorator.py for tasks to queue
[2024-12-10T17:46:37.140-0600] {logging_mixin.py:190} INFO - [2024-12-10T17:46:37.139-0600] {dagbag.py:588} INFO - Filling up the DagBag from /root/airflow_env/lib/python3.12/site-packages/airflow/example_dags/example_sensor_decorator.py
[2024-12-10T17:46:37.148-0600] {processor.py:925} INFO - DAG(s) 'example_sensor_decorator' retrieved from /root/airflow_env/lib/python3.12/site-packages/airflow/example_dags/example_sensor_decorator.py
[2024-12-10T17:46:37.163-0600] {logging_mixin.py:190} INFO - [2024-12-10T17:46:37.162-0600] {dag.py:3239} INFO - Sync 1 DAGs
[2024-12-10T17:46:37.174-0600] {logging_mixin.py:190} INFO - [2024-12-10T17:46:37.174-0600] {dag.py:4180} INFO - Setting next_dagrun for example_sensor_decorator to None, run_after=None
[2024-12-10T17:46:37.193-0600] {processor.py:208} INFO - Processing /root/airflow_env/lib/python3.12/site-packages/airflow/example_dags/example_sensor_decorator.py took 0.061 seconds
[2024-12-10T17:47:36.582-0600] {processor.py:186} INFO - Started process (PID=4141) to work on /root/airflow_env/lib/python3.12/site-packages/airflow/example_dags/example_sensor_decorator.py
[2024-12-10T17:47:36.584-0600] {processor.py:914} INFO - Processing file /root/airflow_env/lib/python3.12/site-packages/airflow/example_dags/example_sensor_decorator.py for tasks to queue
[2024-12-10T17:47:36.586-0600] {logging_mixin.py:190} INFO - [2024-12-10T17:47:36.585-0600] {dagbag.py:588} INFO - Filling up the DagBag from /root/airflow_env/lib/python3.12/site-packages/airflow/example_dags/example_sensor_decorator.py
[2024-12-10T17:47:36.592-0600] {processor.py:925} INFO - DAG(s) 'example_sensor_decorator' retrieved from /root/airflow_env/lib/python3.12/site-packages/airflow/example_dags/example_sensor_decorator.py
[2024-12-10T17:47:36.602-0600] {logging_mixin.py:190} INFO - [2024-12-10T17:47:36.602-0600] {dag.py:3239} INFO - Sync 1 DAGs
[2024-12-10T17:47:36.610-0600] {logging_mixin.py:190} INFO - [2024-12-10T17:47:36.610-0600] {dag.py:4180} INFO - Setting next_dagrun for example_sensor_decorator to None, run_after=None
[2024-12-10T17:47:36.627-0600] {processor.py:208} INFO - Processing /root/airflow_env/lib/python3.12/site-packages/airflow/example_dags/example_sensor_decorator.py took 0.050 seconds
[2024-12-10T17:48:33.226-0600] {processor.py:186} INFO - Started process (PID=4200) to work on /root/airflow_env/lib/python3.12/site-packages/airflow/example_dags/example_sensor_decorator.py
[2024-12-10T17:48:33.229-0600] {processor.py:914} INFO - Processing file /root/airflow_env/lib/python3.12/site-packages/airflow/example_dags/example_sensor_decorator.py for tasks to queue
[2024-12-10T17:48:33.230-0600] {logging_mixin.py:190} INFO - [2024-12-10T17:48:33.230-0600] {dagbag.py:588} INFO - Filling up the DagBag from /root/airflow_env/lib/python3.12/site-packages/airflow/example_dags/example_sensor_decorator.py
[2024-12-10T17:48:33.236-0600] {processor.py:925} INFO - DAG(s) 'example_sensor_decorator' retrieved from /root/airflow_env/lib/python3.12/site-packages/airflow/example_dags/example_sensor_decorator.py
[2024-12-10T17:48:33.246-0600] {logging_mixin.py:190} INFO - [2024-12-10T17:48:33.246-0600] {dag.py:3239} INFO - Sync 1 DAGs
[2024-12-10T17:48:33.254-0600] {logging_mixin.py:190} INFO - [2024-12-10T17:48:33.254-0600] {dag.py:4180} INFO - Setting next_dagrun for example_sensor_decorator to None, run_after=None
[2024-12-10T17:48:33.271-0600] {processor.py:208} INFO - Processing /root/airflow_env/lib/python3.12/site-packages/airflow/example_dags/example_sensor_decorator.py took 0.050 seconds
[2024-12-10T17:49:29.243-0600] {processor.py:186} INFO - Started process (PID=4258) to work on /root/airflow_env/lib/python3.12/site-packages/airflow/example_dags/example_sensor_decorator.py
[2024-12-10T17:49:29.246-0600] {processor.py:914} INFO - Processing file /root/airflow_env/lib/python3.12/site-packages/airflow/example_dags/example_sensor_decorator.py for tasks to queue
[2024-12-10T17:49:29.247-0600] {logging_mixin.py:190} INFO - [2024-12-10T17:49:29.247-0600] {dagbag.py:588} INFO - Filling up the DagBag from /root/airflow_env/lib/python3.12/site-packages/airflow/example_dags/example_sensor_decorator.py
[2024-12-10T17:49:29.254-0600] {processor.py:925} INFO - DAG(s) 'example_sensor_decorator' retrieved from /root/airflow_env/lib/python3.12/site-packages/airflow/example_dags/example_sensor_decorator.py
[2024-12-10T17:49:29.352-0600] {logging_mixin.py:190} INFO - [2024-12-10T17:49:29.351-0600] {dag.py:3239} INFO - Sync 1 DAGs
[2024-12-10T17:49:29.358-0600] {logging_mixin.py:190} INFO - [2024-12-10T17:49:29.358-0600] {dag.py:4180} INFO - Setting next_dagrun for example_sensor_decorator to None, run_after=None
[2024-12-10T17:49:29.374-0600] {processor.py:208} INFO - Processing /root/airflow_env/lib/python3.12/site-packages/airflow/example_dags/example_sensor_decorator.py took 0.135 seconds
[2024-12-10T17:50:23.057-0600] {processor.py:186} INFO - Started process (PID=4318) to work on /root/airflow_env/lib/python3.12/site-packages/airflow/example_dags/example_sensor_decorator.py
[2024-12-10T17:50:23.058-0600] {processor.py:914} INFO - Processing file /root/airflow_env/lib/python3.12/site-packages/airflow/example_dags/example_sensor_decorator.py for tasks to queue
[2024-12-10T17:50:23.060-0600] {logging_mixin.py:190} INFO - [2024-12-10T17:50:23.060-0600] {dagbag.py:588} INFO - Filling up the DagBag from /root/airflow_env/lib/python3.12/site-packages/airflow/example_dags/example_sensor_decorator.py
[2024-12-10T17:50:23.066-0600] {processor.py:925} INFO - DAG(s) 'example_sensor_decorator' retrieved from /root/airflow_env/lib/python3.12/site-packages/airflow/example_dags/example_sensor_decorator.py
[2024-12-10T17:50:23.076-0600] {logging_mixin.py:190} INFO - [2024-12-10T17:50:23.076-0600] {dag.py:3239} INFO - Sync 1 DAGs
[2024-12-10T17:50:23.085-0600] {logging_mixin.py:190} INFO - [2024-12-10T17:50:23.084-0600] {dag.py:4180} INFO - Setting next_dagrun for example_sensor_decorator to None, run_after=None
[2024-12-10T17:50:23.101-0600] {processor.py:208} INFO - Processing /root/airflow_env/lib/python3.12/site-packages/airflow/example_dags/example_sensor_decorator.py took 0.048 seconds
[2024-12-10T17:52:13.917-0600] {processor.py:186} INFO - Started process (PID=4398) to work on /root/airflow_env/lib/python3.12/site-packages/airflow/example_dags/example_sensor_decorator.py
[2024-12-10T17:52:13.920-0600] {processor.py:914} INFO - Processing file /root/airflow_env/lib/python3.12/site-packages/airflow/example_dags/example_sensor_decorator.py for tasks to queue
[2024-12-10T17:52:13.923-0600] {logging_mixin.py:190} INFO - [2024-12-10T17:52:13.923-0600] {dagbag.py:588} INFO - Filling up the DagBag from /root/airflow_env/lib/python3.12/site-packages/airflow/example_dags/example_sensor_decorator.py
[2024-12-10T17:52:13.928-0600] {processor.py:925} INFO - DAG(s) 'example_sensor_decorator' retrieved from /root/airflow_env/lib/python3.12/site-packages/airflow/example_dags/example_sensor_decorator.py
[2024-12-10T17:52:13.940-0600] {logging_mixin.py:190} INFO - [2024-12-10T17:52:13.939-0600] {dag.py:3239} INFO - Sync 1 DAGs
[2024-12-10T17:52:13.948-0600] {logging_mixin.py:190} INFO - [2024-12-10T17:52:13.948-0600] {dag.py:4180} INFO - Setting next_dagrun for example_sensor_decorator to None, run_after=None
[2024-12-10T17:52:13.964-0600] {processor.py:208} INFO - Processing /root/airflow_env/lib/python3.12/site-packages/airflow/example_dags/example_sensor_decorator.py took 0.050 seconds
[2024-12-10T17:55:11.403-0600] {processor.py:186} INFO - Started process (PID=4597) to work on /root/airflow_env/lib/python3.12/site-packages/airflow/example_dags/example_sensor_decorator.py
[2024-12-10T17:55:11.405-0600] {processor.py:914} INFO - Processing file /root/airflow_env/lib/python3.12/site-packages/airflow/example_dags/example_sensor_decorator.py for tasks to queue
[2024-12-10T17:55:11.406-0600] {logging_mixin.py:190} INFO - [2024-12-10T17:55:11.406-0600] {dagbag.py:588} INFO - Filling up the DagBag from /root/airflow_env/lib/python3.12/site-packages/airflow/example_dags/example_sensor_decorator.py
[2024-12-10T17:55:11.412-0600] {processor.py:925} INFO - DAG(s) 'example_sensor_decorator' retrieved from /root/airflow_env/lib/python3.12/site-packages/airflow/example_dags/example_sensor_decorator.py
[2024-12-10T17:55:11.424-0600] {logging_mixin.py:190} INFO - [2024-12-10T17:55:11.424-0600] {dag.py:3239} INFO - Sync 1 DAGs
[2024-12-10T17:55:11.431-0600] {logging_mixin.py:190} INFO - [2024-12-10T17:55:11.431-0600] {dag.py:4180} INFO - Setting next_dagrun for example_sensor_decorator to None, run_after=None
[2024-12-10T17:55:11.451-0600] {processor.py:208} INFO - Processing /root/airflow_env/lib/python3.12/site-packages/airflow/example_dags/example_sensor_decorator.py took 0.051 seconds
[2024-12-10T17:56:08.103-0600] {processor.py:186} INFO - Started process (PID=4673) to work on /root/airflow_env/lib/python3.12/site-packages/airflow/example_dags/example_sensor_decorator.py
[2024-12-10T17:56:08.105-0600] {processor.py:914} INFO - Processing file /root/airflow_env/lib/python3.12/site-packages/airflow/example_dags/example_sensor_decorator.py for tasks to queue
[2024-12-10T17:56:08.107-0600] {logging_mixin.py:190} INFO - [2024-12-10T17:56:08.107-0600] {dagbag.py:588} INFO - Filling up the DagBag from /root/airflow_env/lib/python3.12/site-packages/airflow/example_dags/example_sensor_decorator.py
[2024-12-10T17:56:08.113-0600] {processor.py:925} INFO - DAG(s) 'example_sensor_decorator' retrieved from /root/airflow_env/lib/python3.12/site-packages/airflow/example_dags/example_sensor_decorator.py
[2024-12-10T17:56:08.125-0600] {logging_mixin.py:190} INFO - [2024-12-10T17:56:08.125-0600] {dag.py:3239} INFO - Sync 1 DAGs
[2024-12-10T17:56:08.134-0600] {logging_mixin.py:190} INFO - [2024-12-10T17:56:08.133-0600] {dag.py:4180} INFO - Setting next_dagrun for example_sensor_decorator to None, run_after=None
[2024-12-10T17:56:08.151-0600] {processor.py:208} INFO - Processing /root/airflow_env/lib/python3.12/site-packages/airflow/example_dags/example_sensor_decorator.py took 0.052 seconds
[2024-12-10T17:57:04.353-0600] {processor.py:186} INFO - Started process (PID=4747) to work on /root/airflow_env/lib/python3.12/site-packages/airflow/example_dags/example_sensor_decorator.py
[2024-12-10T17:57:04.356-0600] {processor.py:914} INFO - Processing file /root/airflow_env/lib/python3.12/site-packages/airflow/example_dags/example_sensor_decorator.py for tasks to queue
[2024-12-10T17:57:04.358-0600] {logging_mixin.py:190} INFO - [2024-12-10T17:57:04.358-0600] {dagbag.py:588} INFO - Filling up the DagBag from /root/airflow_env/lib/python3.12/site-packages/airflow/example_dags/example_sensor_decorator.py
[2024-12-10T17:57:04.364-0600] {processor.py:925} INFO - DAG(s) 'example_sensor_decorator' retrieved from /root/airflow_env/lib/python3.12/site-packages/airflow/example_dags/example_sensor_decorator.py
[2024-12-10T17:57:04.375-0600] {logging_mixin.py:190} INFO - [2024-12-10T17:57:04.375-0600] {dag.py:3239} INFO - Sync 1 DAGs
[2024-12-10T17:57:04.383-0600] {logging_mixin.py:190} INFO - [2024-12-10T17:57:04.383-0600] {dag.py:4180} INFO - Setting next_dagrun for example_sensor_decorator to None, run_after=None
[2024-12-10T17:57:04.401-0600] {processor.py:208} INFO - Processing /root/airflow_env/lib/python3.12/site-packages/airflow/example_dags/example_sensor_decorator.py took 0.051 seconds
[2024-12-10T17:57:57.441-0600] {processor.py:186} INFO - Started process (PID=4815) to work on /root/airflow_env/lib/python3.12/site-packages/airflow/example_dags/example_sensor_decorator.py
[2024-12-10T17:57:57.444-0600] {processor.py:914} INFO - Processing file /root/airflow_env/lib/python3.12/site-packages/airflow/example_dags/example_sensor_decorator.py for tasks to queue
[2024-12-10T17:57:57.445-0600] {logging_mixin.py:190} INFO - [2024-12-10T17:57:57.445-0600] {dagbag.py:588} INFO - Filling up the DagBag from /root/airflow_env/lib/python3.12/site-packages/airflow/example_dags/example_sensor_decorator.py
[2024-12-10T17:57:57.451-0600] {processor.py:925} INFO - DAG(s) 'example_sensor_decorator' retrieved from /root/airflow_env/lib/python3.12/site-packages/airflow/example_dags/example_sensor_decorator.py
[2024-12-10T17:57:57.462-0600] {logging_mixin.py:190} INFO - [2024-12-10T17:57:57.461-0600] {dag.py:3239} INFO - Sync 1 DAGs
[2024-12-10T17:57:57.470-0600] {logging_mixin.py:190} INFO - [2024-12-10T17:57:57.469-0600] {dag.py:4180} INFO - Setting next_dagrun for example_sensor_decorator to None, run_after=None
[2024-12-10T17:57:57.488-0600] {processor.py:208} INFO - Processing /root/airflow_env/lib/python3.12/site-packages/airflow/example_dags/example_sensor_decorator.py took 0.051 seconds
[2024-12-10T17:59:12.235-0600] {processor.py:186} INFO - Started process (PID=4929) to work on /root/airflow_env/lib/python3.12/site-packages/airflow/example_dags/example_sensor_decorator.py
[2024-12-10T17:59:12.237-0600] {processor.py:914} INFO - Processing file /root/airflow_env/lib/python3.12/site-packages/airflow/example_dags/example_sensor_decorator.py for tasks to queue
[2024-12-10T17:59:12.239-0600] {logging_mixin.py:190} INFO - [2024-12-10T17:59:12.238-0600] {dagbag.py:588} INFO - Filling up the DagBag from /root/airflow_env/lib/python3.12/site-packages/airflow/example_dags/example_sensor_decorator.py
[2024-12-10T17:59:12.244-0600] {processor.py:925} INFO - DAG(s) 'example_sensor_decorator' retrieved from /root/airflow_env/lib/python3.12/site-packages/airflow/example_dags/example_sensor_decorator.py
[2024-12-10T17:59:12.256-0600] {logging_mixin.py:190} INFO - [2024-12-10T17:59:12.256-0600] {dag.py:3239} INFO - Sync 1 DAGs
[2024-12-10T17:59:12.264-0600] {logging_mixin.py:190} INFO - [2024-12-10T17:59:12.264-0600] {dag.py:4180} INFO - Setting next_dagrun for example_sensor_decorator to None, run_after=None
[2024-12-10T17:59:12.284-0600] {processor.py:208} INFO - Processing /root/airflow_env/lib/python3.12/site-packages/airflow/example_dags/example_sensor_decorator.py took 0.052 seconds
