[2024-12-10T17:00:26.498-0600] {processor.py:186} INFO - Started process (PID=722) to work on /root/airflow_env/lib/python3.12/site-packages/airflow/example_dags/example_setup_teardown.py
[2024-12-10T17:00:26.500-0600] {processor.py:914} INFO - Processing file /root/airflow_env/lib/python3.12/site-packages/airflow/example_dags/example_setup_teardown.py for tasks to queue
[2024-12-10T17:00:26.506-0600] {logging_mixin.py:190} INFO - [2024-12-10T17:00:26.505-0600] {dagbag.py:588} INFO - Filling up the DagBag from /root/airflow_env/lib/python3.12/site-packages/airflow/example_dags/example_setup_teardown.py
[2024-12-10T17:00:26.528-0600] {processor.py:925} INFO - DAG(s) 'example_setup_teardown' retrieved from /root/airflow_env/lib/python3.12/site-packages/airflow/example_dags/example_setup_teardown.py
[2024-12-10T17:00:26.569-0600] {logging_mixin.py:190} INFO - [2024-12-10T17:00:26.569-0600] {dag.py:3239} INFO - Sync 1 DAGs
[2024-12-10T17:00:26.612-0600] {logging_mixin.py:190} INFO - [2024-12-10T17:00:26.612-0600] {dag.py:4180} INFO - Setting next_dagrun for example_setup_teardown to None, run_after=None
[2024-12-10T17:00:26.682-0600] {processor.py:208} INFO - Processing /root/airflow_env/lib/python3.12/site-packages/airflow/example_dags/example_setup_teardown.py took 0.195 seconds
[2024-12-10T17:01:22.561-0600] {processor.py:186} INFO - Started process (PID=792) to work on /root/airflow_env/lib/python3.12/site-packages/airflow/example_dags/example_setup_teardown.py
[2024-12-10T17:01:22.562-0600] {processor.py:914} INFO - Processing file /root/airflow_env/lib/python3.12/site-packages/airflow/example_dags/example_setup_teardown.py for tasks to queue
[2024-12-10T17:01:22.564-0600] {logging_mixin.py:190} INFO - [2024-12-10T17:01:22.563-0600] {dagbag.py:588} INFO - Filling up the DagBag from /root/airflow_env/lib/python3.12/site-packages/airflow/example_dags/example_setup_teardown.py
[2024-12-10T17:01:22.569-0600] {processor.py:925} INFO - DAG(s) 'example_setup_teardown' retrieved from /root/airflow_env/lib/python3.12/site-packages/airflow/example_dags/example_setup_teardown.py
[2024-12-10T17:01:22.581-0600] {logging_mixin.py:190} INFO - [2024-12-10T17:01:22.580-0600] {dag.py:3239} INFO - Sync 1 DAGs
[2024-12-10T17:01:22.588-0600] {logging_mixin.py:190} INFO - [2024-12-10T17:01:22.588-0600] {dag.py:4180} INFO - Setting next_dagrun for example_setup_teardown to None, run_after=None
[2024-12-10T17:01:22.605-0600] {processor.py:208} INFO - Processing /root/airflow_env/lib/python3.12/site-packages/airflow/example_dags/example_setup_teardown.py took 0.048 seconds
[2024-12-10T17:02:59.413-0600] {processor.py:186} INFO - Started process (PID=960) to work on /root/airflow_env/lib/python3.12/site-packages/airflow/example_dags/example_setup_teardown.py
[2024-12-10T17:02:59.414-0600] {processor.py:914} INFO - Processing file /root/airflow_env/lib/python3.12/site-packages/airflow/example_dags/example_setup_teardown.py for tasks to queue
[2024-12-10T17:02:59.416-0600] {logging_mixin.py:190} INFO - [2024-12-10T17:02:59.415-0600] {dagbag.py:588} INFO - Filling up the DagBag from /root/airflow_env/lib/python3.12/site-packages/airflow/example_dags/example_setup_teardown.py
[2024-12-10T17:02:59.422-0600] {processor.py:925} INFO - DAG(s) 'example_setup_teardown' retrieved from /root/airflow_env/lib/python3.12/site-packages/airflow/example_dags/example_setup_teardown.py
[2024-12-10T17:02:59.434-0600] {logging_mixin.py:190} INFO - [2024-12-10T17:02:59.434-0600] {dag.py:3239} INFO - Sync 1 DAGs
[2024-12-10T17:02:59.443-0600] {logging_mixin.py:190} INFO - [2024-12-10T17:02:59.443-0600] {dag.py:4180} INFO - Setting next_dagrun for example_setup_teardown to None, run_after=None
[2024-12-10T17:02:59.462-0600] {processor.py:208} INFO - Processing /root/airflow_env/lib/python3.12/site-packages/airflow/example_dags/example_setup_teardown.py took 0.055 seconds
[2024-12-10T17:03:52.569-0600] {processor.py:186} INFO - Started process (PID=1022) to work on /root/airflow_env/lib/python3.12/site-packages/airflow/example_dags/example_setup_teardown.py
[2024-12-10T17:03:52.571-0600] {processor.py:914} INFO - Processing file /root/airflow_env/lib/python3.12/site-packages/airflow/example_dags/example_setup_teardown.py for tasks to queue
[2024-12-10T17:03:52.572-0600] {logging_mixin.py:190} INFO - [2024-12-10T17:03:52.572-0600] {dagbag.py:588} INFO - Filling up the DagBag from /root/airflow_env/lib/python3.12/site-packages/airflow/example_dags/example_setup_teardown.py
[2024-12-10T17:03:52.579-0600] {processor.py:925} INFO - DAG(s) 'example_setup_teardown' retrieved from /root/airflow_env/lib/python3.12/site-packages/airflow/example_dags/example_setup_teardown.py
[2024-12-10T17:03:52.594-0600] {logging_mixin.py:190} INFO - [2024-12-10T17:03:52.593-0600] {dag.py:3239} INFO - Sync 1 DAGs
[2024-12-10T17:03:52.606-0600] {logging_mixin.py:190} INFO - [2024-12-10T17:03:52.605-0600] {dag.py:4180} INFO - Setting next_dagrun for example_setup_teardown to None, run_after=None
[2024-12-10T17:03:52.626-0600] {processor.py:208} INFO - Processing /root/airflow_env/lib/python3.12/site-packages/airflow/example_dags/example_setup_teardown.py took 0.061 seconds
[2024-12-10T17:04:49.144-0600] {processor.py:186} INFO - Started process (PID=1082) to work on /root/airflow_env/lib/python3.12/site-packages/airflow/example_dags/example_setup_teardown.py
[2024-12-10T17:04:49.146-0600] {processor.py:914} INFO - Processing file /root/airflow_env/lib/python3.12/site-packages/airflow/example_dags/example_setup_teardown.py for tasks to queue
[2024-12-10T17:04:49.147-0600] {logging_mixin.py:190} INFO - [2024-12-10T17:04:49.147-0600] {dagbag.py:588} INFO - Filling up the DagBag from /root/airflow_env/lib/python3.12/site-packages/airflow/example_dags/example_setup_teardown.py
[2024-12-10T17:04:49.156-0600] {processor.py:925} INFO - DAG(s) 'example_setup_teardown' retrieved from /root/airflow_env/lib/python3.12/site-packages/airflow/example_dags/example_setup_teardown.py
[2024-12-10T17:04:49.168-0600] {logging_mixin.py:190} INFO - [2024-12-10T17:04:49.168-0600] {dag.py:3239} INFO - Sync 1 DAGs
[2024-12-10T17:04:49.178-0600] {logging_mixin.py:190} INFO - [2024-12-10T17:04:49.178-0600] {dag.py:4180} INFO - Setting next_dagrun for example_setup_teardown to None, run_after=None
[2024-12-10T17:04:49.196-0600] {processor.py:208} INFO - Processing /root/airflow_env/lib/python3.12/site-packages/airflow/example_dags/example_setup_teardown.py took 0.056 seconds
[2024-12-10T17:05:43.115-0600] {processor.py:186} INFO - Started process (PID=1146) to work on /root/airflow_env/lib/python3.12/site-packages/airflow/example_dags/example_setup_teardown.py
[2024-12-10T17:05:43.117-0600] {processor.py:914} INFO - Processing file /root/airflow_env/lib/python3.12/site-packages/airflow/example_dags/example_setup_teardown.py for tasks to queue
[2024-12-10T17:05:43.118-0600] {logging_mixin.py:190} INFO - [2024-12-10T17:05:43.118-0600] {dagbag.py:588} INFO - Filling up the DagBag from /root/airflow_env/lib/python3.12/site-packages/airflow/example_dags/example_setup_teardown.py
[2024-12-10T17:05:43.125-0600] {processor.py:925} INFO - DAG(s) 'example_setup_teardown' retrieved from /root/airflow_env/lib/python3.12/site-packages/airflow/example_dags/example_setup_teardown.py
[2024-12-10T17:05:43.136-0600] {logging_mixin.py:190} INFO - [2024-12-10T17:05:43.136-0600] {dag.py:3239} INFO - Sync 1 DAGs
[2024-12-10T17:05:43.145-0600] {logging_mixin.py:190} INFO - [2024-12-10T17:05:43.145-0600] {dag.py:4180} INFO - Setting next_dagrun for example_setup_teardown to None, run_after=None
[2024-12-10T17:05:43.163-0600] {processor.py:208} INFO - Processing /root/airflow_env/lib/python3.12/site-packages/airflow/example_dags/example_setup_teardown.py took 0.051 seconds
[2024-12-10T17:07:02.759-0600] {processor.py:186} INFO - Started process (PID=1240) to work on /root/airflow_env/lib/python3.12/site-packages/airflow/example_dags/example_setup_teardown.py
[2024-12-10T17:07:02.761-0600] {processor.py:914} INFO - Processing file /root/airflow_env/lib/python3.12/site-packages/airflow/example_dags/example_setup_teardown.py for tasks to queue
[2024-12-10T17:07:02.764-0600] {logging_mixin.py:190} INFO - [2024-12-10T17:07:02.763-0600] {dagbag.py:588} INFO - Filling up the DagBag from /root/airflow_env/lib/python3.12/site-packages/airflow/example_dags/example_setup_teardown.py
[2024-12-10T17:07:02.772-0600] {processor.py:925} INFO - DAG(s) 'example_setup_teardown' retrieved from /root/airflow_env/lib/python3.12/site-packages/airflow/example_dags/example_setup_teardown.py
[2024-12-10T17:07:02.786-0600] {logging_mixin.py:190} INFO - [2024-12-10T17:07:02.786-0600] {dag.py:3239} INFO - Sync 1 DAGs
[2024-12-10T17:07:02.795-0600] {logging_mixin.py:190} INFO - [2024-12-10T17:07:02.795-0600] {dag.py:4180} INFO - Setting next_dagrun for example_setup_teardown to None, run_after=None
[2024-12-10T17:07:02.814-0600] {processor.py:208} INFO - Processing /root/airflow_env/lib/python3.12/site-packages/airflow/example_dags/example_setup_teardown.py took 0.060 seconds
[2024-12-10T17:07:57.071-0600] {processor.py:186} INFO - Started process (PID=1303) to work on /root/airflow_env/lib/python3.12/site-packages/airflow/example_dags/example_setup_teardown.py
[2024-12-10T17:07:57.074-0600] {processor.py:914} INFO - Processing file /root/airflow_env/lib/python3.12/site-packages/airflow/example_dags/example_setup_teardown.py for tasks to queue
[2024-12-10T17:07:57.075-0600] {logging_mixin.py:190} INFO - [2024-12-10T17:07:57.075-0600] {dagbag.py:588} INFO - Filling up the DagBag from /root/airflow_env/lib/python3.12/site-packages/airflow/example_dags/example_setup_teardown.py
[2024-12-10T17:07:57.082-0600] {processor.py:925} INFO - DAG(s) 'example_setup_teardown' retrieved from /root/airflow_env/lib/python3.12/site-packages/airflow/example_dags/example_setup_teardown.py
[2024-12-10T17:07:57.093-0600] {logging_mixin.py:190} INFO - [2024-12-10T17:07:57.093-0600] {dag.py:3239} INFO - Sync 1 DAGs
[2024-12-10T17:07:57.102-0600] {logging_mixin.py:190} INFO - [2024-12-10T17:07:57.101-0600] {dag.py:4180} INFO - Setting next_dagrun for example_setup_teardown to None, run_after=None
[2024-12-10T17:07:57.119-0600] {processor.py:208} INFO - Processing /root/airflow_env/lib/python3.12/site-packages/airflow/example_dags/example_setup_teardown.py took 0.052 seconds
[2024-12-10T17:09:11.393-0600] {processor.py:186} INFO - Started process (PID=1433) to work on /root/airflow_env/lib/python3.12/site-packages/airflow/example_dags/example_setup_teardown.py
[2024-12-10T17:09:11.394-0600] {processor.py:914} INFO - Processing file /root/airflow_env/lib/python3.12/site-packages/airflow/example_dags/example_setup_teardown.py for tasks to queue
[2024-12-10T17:09:11.396-0600] {logging_mixin.py:190} INFO - [2024-12-10T17:09:11.395-0600] {dagbag.py:588} INFO - Filling up the DagBag from /root/airflow_env/lib/python3.12/site-packages/airflow/example_dags/example_setup_teardown.py
[2024-12-10T17:09:11.403-0600] {processor.py:925} INFO - DAG(s) 'example_setup_teardown' retrieved from /root/airflow_env/lib/python3.12/site-packages/airflow/example_dags/example_setup_teardown.py
[2024-12-10T17:09:11.414-0600] {logging_mixin.py:190} INFO - [2024-12-10T17:09:11.414-0600] {dag.py:3239} INFO - Sync 1 DAGs
[2024-12-10T17:09:11.423-0600] {logging_mixin.py:190} INFO - [2024-12-10T17:09:11.422-0600] {dag.py:4180} INFO - Setting next_dagrun for example_setup_teardown to None, run_after=None
[2024-12-10T17:09:11.440-0600] {processor.py:208} INFO - Processing /root/airflow_env/lib/python3.12/site-packages/airflow/example_dags/example_setup_teardown.py took 0.051 seconds
[2024-12-10T17:10:02.833-0600] {processor.py:186} INFO - Started process (PID=1497) to work on /root/airflow_env/lib/python3.12/site-packages/airflow/example_dags/example_setup_teardown.py
[2024-12-10T17:10:02.835-0600] {processor.py:914} INFO - Processing file /root/airflow_env/lib/python3.12/site-packages/airflow/example_dags/example_setup_teardown.py for tasks to queue
[2024-12-10T17:10:02.837-0600] {logging_mixin.py:190} INFO - [2024-12-10T17:10:02.836-0600] {dagbag.py:588} INFO - Filling up the DagBag from /root/airflow_env/lib/python3.12/site-packages/airflow/example_dags/example_setup_teardown.py
[2024-12-10T17:10:02.843-0600] {processor.py:925} INFO - DAG(s) 'example_setup_teardown' retrieved from /root/airflow_env/lib/python3.12/site-packages/airflow/example_dags/example_setup_teardown.py
[2024-12-10T17:10:02.855-0600] {logging_mixin.py:190} INFO - [2024-12-10T17:10:02.854-0600] {dag.py:3239} INFO - Sync 1 DAGs
[2024-12-10T17:10:02.863-0600] {logging_mixin.py:190} INFO - [2024-12-10T17:10:02.862-0600] {dag.py:4180} INFO - Setting next_dagrun for example_setup_teardown to None, run_after=None
[2024-12-10T17:10:02.883-0600] {processor.py:208} INFO - Processing /root/airflow_env/lib/python3.12/site-packages/airflow/example_dags/example_setup_teardown.py took 0.054 seconds
[2024-12-10T17:10:53.818-0600] {processor.py:186} INFO - Started process (PID=1559) to work on /root/airflow_env/lib/python3.12/site-packages/airflow/example_dags/example_setup_teardown.py
[2024-12-10T17:10:53.820-0600] {processor.py:914} INFO - Processing file /root/airflow_env/lib/python3.12/site-packages/airflow/example_dags/example_setup_teardown.py for tasks to queue
[2024-12-10T17:10:53.821-0600] {logging_mixin.py:190} INFO - [2024-12-10T17:10:53.821-0600] {dagbag.py:588} INFO - Filling up the DagBag from /root/airflow_env/lib/python3.12/site-packages/airflow/example_dags/example_setup_teardown.py
[2024-12-10T17:10:53.828-0600] {processor.py:925} INFO - DAG(s) 'example_setup_teardown' retrieved from /root/airflow_env/lib/python3.12/site-packages/airflow/example_dags/example_setup_teardown.py
[2024-12-10T17:10:53.838-0600] {logging_mixin.py:190} INFO - [2024-12-10T17:10:53.838-0600] {dag.py:3239} INFO - Sync 1 DAGs
[2024-12-10T17:10:53.849-0600] {logging_mixin.py:190} INFO - [2024-12-10T17:10:53.849-0600] {dag.py:4180} INFO - Setting next_dagrun for example_setup_teardown to None, run_after=None
[2024-12-10T17:10:53.867-0600] {processor.py:208} INFO - Processing /root/airflow_env/lib/python3.12/site-packages/airflow/example_dags/example_setup_teardown.py took 0.053 seconds
[2024-12-10T17:12:09.105-0600] {processor.py:186} INFO - Started process (PID=1649) to work on /root/airflow_env/lib/python3.12/site-packages/airflow/example_dags/example_setup_teardown.py
[2024-12-10T17:12:09.107-0600] {processor.py:914} INFO - Processing file /root/airflow_env/lib/python3.12/site-packages/airflow/example_dags/example_setup_teardown.py for tasks to queue
[2024-12-10T17:12:09.108-0600] {logging_mixin.py:190} INFO - [2024-12-10T17:12:09.108-0600] {dagbag.py:588} INFO - Filling up the DagBag from /root/airflow_env/lib/python3.12/site-packages/airflow/example_dags/example_setup_teardown.py
[2024-12-10T17:12:09.114-0600] {processor.py:925} INFO - DAG(s) 'example_setup_teardown' retrieved from /root/airflow_env/lib/python3.12/site-packages/airflow/example_dags/example_setup_teardown.py
[2024-12-10T17:12:09.125-0600] {logging_mixin.py:190} INFO - [2024-12-10T17:12:09.125-0600] {dag.py:3239} INFO - Sync 1 DAGs
[2024-12-10T17:12:09.133-0600] {logging_mixin.py:190} INFO - [2024-12-10T17:12:09.133-0600] {dag.py:4180} INFO - Setting next_dagrun for example_setup_teardown to None, run_after=None
[2024-12-10T17:12:09.151-0600] {processor.py:208} INFO - Processing /root/airflow_env/lib/python3.12/site-packages/airflow/example_dags/example_setup_teardown.py took 0.049 seconds
[2024-12-10T17:13:27.414-0600] {processor.py:186} INFO - Started process (PID=1734) to work on /root/airflow_env/lib/python3.12/site-packages/airflow/example_dags/example_setup_teardown.py
[2024-12-10T17:13:27.416-0600] {processor.py:914} INFO - Processing file /root/airflow_env/lib/python3.12/site-packages/airflow/example_dags/example_setup_teardown.py for tasks to queue
[2024-12-10T17:13:27.417-0600] {logging_mixin.py:190} INFO - [2024-12-10T17:13:27.417-0600] {dagbag.py:588} INFO - Filling up the DagBag from /root/airflow_env/lib/python3.12/site-packages/airflow/example_dags/example_setup_teardown.py
[2024-12-10T17:13:27.424-0600] {processor.py:925} INFO - DAG(s) 'example_setup_teardown' retrieved from /root/airflow_env/lib/python3.12/site-packages/airflow/example_dags/example_setup_teardown.py
[2024-12-10T17:13:27.435-0600] {logging_mixin.py:190} INFO - [2024-12-10T17:13:27.435-0600] {dag.py:3239} INFO - Sync 1 DAGs
[2024-12-10T17:13:27.443-0600] {logging_mixin.py:190} INFO - [2024-12-10T17:13:27.443-0600] {dag.py:4180} INFO - Setting next_dagrun for example_setup_teardown to None, run_after=None
[2024-12-10T17:13:27.460-0600] {processor.py:208} INFO - Processing /root/airflow_env/lib/python3.12/site-packages/airflow/example_dags/example_setup_teardown.py took 0.050 seconds
[2024-12-10T17:14:42.637-0600] {processor.py:186} INFO - Started process (PID=1826) to work on /root/airflow_env/lib/python3.12/site-packages/airflow/example_dags/example_setup_teardown.py
[2024-12-10T17:14:42.640-0600] {processor.py:914} INFO - Processing file /root/airflow_env/lib/python3.12/site-packages/airflow/example_dags/example_setup_teardown.py for tasks to queue
[2024-12-10T17:14:42.642-0600] {logging_mixin.py:190} INFO - [2024-12-10T17:14:42.641-0600] {dagbag.py:588} INFO - Filling up the DagBag from /root/airflow_env/lib/python3.12/site-packages/airflow/example_dags/example_setup_teardown.py
[2024-12-10T17:14:42.648-0600] {processor.py:925} INFO - DAG(s) 'example_setup_teardown' retrieved from /root/airflow_env/lib/python3.12/site-packages/airflow/example_dags/example_setup_teardown.py
[2024-12-10T17:14:42.660-0600] {logging_mixin.py:190} INFO - [2024-12-10T17:14:42.660-0600] {dag.py:3239} INFO - Sync 1 DAGs
[2024-12-10T17:14:42.669-0600] {logging_mixin.py:190} INFO - [2024-12-10T17:14:42.669-0600] {dag.py:4180} INFO - Setting next_dagrun for example_setup_teardown to None, run_after=None
[2024-12-10T17:14:42.688-0600] {processor.py:208} INFO - Processing /root/airflow_env/lib/python3.12/site-packages/airflow/example_dags/example_setup_teardown.py took 0.055 seconds
[2024-12-10T17:15:37.511-0600] {processor.py:186} INFO - Started process (PID=1888) to work on /root/airflow_env/lib/python3.12/site-packages/airflow/example_dags/example_setup_teardown.py
[2024-12-10T17:15:37.513-0600] {processor.py:914} INFO - Processing file /root/airflow_env/lib/python3.12/site-packages/airflow/example_dags/example_setup_teardown.py for tasks to queue
[2024-12-10T17:15:37.515-0600] {logging_mixin.py:190} INFO - [2024-12-10T17:15:37.515-0600] {dagbag.py:588} INFO - Filling up the DagBag from /root/airflow_env/lib/python3.12/site-packages/airflow/example_dags/example_setup_teardown.py
[2024-12-10T17:15:37.521-0600] {processor.py:925} INFO - DAG(s) 'example_setup_teardown' retrieved from /root/airflow_env/lib/python3.12/site-packages/airflow/example_dags/example_setup_teardown.py
[2024-12-10T17:15:37.531-0600] {logging_mixin.py:190} INFO - [2024-12-10T17:15:37.531-0600] {dag.py:3239} INFO - Sync 1 DAGs
[2024-12-10T17:15:37.539-0600] {logging_mixin.py:190} INFO - [2024-12-10T17:15:37.539-0600] {dag.py:4180} INFO - Setting next_dagrun for example_setup_teardown to None, run_after=None
[2024-12-10T17:15:37.556-0600] {processor.py:208} INFO - Processing /root/airflow_env/lib/python3.12/site-packages/airflow/example_dags/example_setup_teardown.py took 0.049 seconds
[2024-12-10T17:16:53.496-0600] {processor.py:186} INFO - Started process (PID=1979) to work on /root/airflow_env/lib/python3.12/site-packages/airflow/example_dags/example_setup_teardown.py
[2024-12-10T17:16:53.499-0600] {processor.py:914} INFO - Processing file /root/airflow_env/lib/python3.12/site-packages/airflow/example_dags/example_setup_teardown.py for tasks to queue
[2024-12-10T17:16:53.500-0600] {logging_mixin.py:190} INFO - [2024-12-10T17:16:53.500-0600] {dagbag.py:588} INFO - Filling up the DagBag from /root/airflow_env/lib/python3.12/site-packages/airflow/example_dags/example_setup_teardown.py
[2024-12-10T17:16:53.506-0600] {processor.py:925} INFO - DAG(s) 'example_setup_teardown' retrieved from /root/airflow_env/lib/python3.12/site-packages/airflow/example_dags/example_setup_teardown.py
[2024-12-10T17:16:53.518-0600] {logging_mixin.py:190} INFO - [2024-12-10T17:16:53.518-0600] {dag.py:3239} INFO - Sync 1 DAGs
[2024-12-10T17:16:53.527-0600] {logging_mixin.py:190} INFO - [2024-12-10T17:16:53.526-0600] {dag.py:4180} INFO - Setting next_dagrun for example_setup_teardown to None, run_after=None
[2024-12-10T17:16:53.548-0600] {processor.py:208} INFO - Processing /root/airflow_env/lib/python3.12/site-packages/airflow/example_dags/example_setup_teardown.py took 0.057 seconds
[2024-12-10T17:17:46.157-0600] {processor.py:186} INFO - Started process (PID=2041) to work on /root/airflow_env/lib/python3.12/site-packages/airflow/example_dags/example_setup_teardown.py
[2024-12-10T17:17:46.159-0600] {processor.py:914} INFO - Processing file /root/airflow_env/lib/python3.12/site-packages/airflow/example_dags/example_setup_teardown.py for tasks to queue
[2024-12-10T17:17:46.161-0600] {logging_mixin.py:190} INFO - [2024-12-10T17:17:46.161-0600] {dagbag.py:588} INFO - Filling up the DagBag from /root/airflow_env/lib/python3.12/site-packages/airflow/example_dags/example_setup_teardown.py
[2024-12-10T17:17:46.167-0600] {processor.py:925} INFO - DAG(s) 'example_setup_teardown' retrieved from /root/airflow_env/lib/python3.12/site-packages/airflow/example_dags/example_setup_teardown.py
[2024-12-10T17:17:46.179-0600] {logging_mixin.py:190} INFO - [2024-12-10T17:17:46.179-0600] {dag.py:3239} INFO - Sync 1 DAGs
[2024-12-10T17:17:46.187-0600] {logging_mixin.py:190} INFO - [2024-12-10T17:17:46.187-0600] {dag.py:4180} INFO - Setting next_dagrun for example_setup_teardown to None, run_after=None
[2024-12-10T17:17:46.205-0600] {processor.py:208} INFO - Processing /root/airflow_env/lib/python3.12/site-packages/airflow/example_dags/example_setup_teardown.py took 0.052 seconds
[2024-12-10T17:19:04.862-0600] {processor.py:186} INFO - Started process (PID=2125) to work on /root/airflow_env/lib/python3.12/site-packages/airflow/example_dags/example_setup_teardown.py
[2024-12-10T17:19:04.865-0600] {processor.py:914} INFO - Processing file /root/airflow_env/lib/python3.12/site-packages/airflow/example_dags/example_setup_teardown.py for tasks to queue
[2024-12-10T17:19:04.867-0600] {logging_mixin.py:190} INFO - [2024-12-10T17:19:04.866-0600] {dagbag.py:588} INFO - Filling up the DagBag from /root/airflow_env/lib/python3.12/site-packages/airflow/example_dags/example_setup_teardown.py
[2024-12-10T17:19:04.872-0600] {processor.py:925} INFO - DAG(s) 'example_setup_teardown' retrieved from /root/airflow_env/lib/python3.12/site-packages/airflow/example_dags/example_setup_teardown.py
[2024-12-10T17:19:04.883-0600] {logging_mixin.py:190} INFO - [2024-12-10T17:19:04.883-0600] {dag.py:3239} INFO - Sync 1 DAGs
[2024-12-10T17:19:04.891-0600] {logging_mixin.py:190} INFO - [2024-12-10T17:19:04.891-0600] {dag.py:4180} INFO - Setting next_dagrun for example_setup_teardown to None, run_after=None
[2024-12-10T17:19:04.909-0600] {processor.py:208} INFO - Processing /root/airflow_env/lib/python3.12/site-packages/airflow/example_dags/example_setup_teardown.py took 0.051 seconds
[2024-12-10T17:19:57.400-0600] {processor.py:186} INFO - Started process (PID=2183) to work on /root/airflow_env/lib/python3.12/site-packages/airflow/example_dags/example_setup_teardown.py
[2024-12-10T17:19:57.401-0600] {processor.py:914} INFO - Processing file /root/airflow_env/lib/python3.12/site-packages/airflow/example_dags/example_setup_teardown.py for tasks to queue
[2024-12-10T17:19:57.403-0600] {logging_mixin.py:190} INFO - [2024-12-10T17:19:57.403-0600] {dagbag.py:588} INFO - Filling up the DagBag from /root/airflow_env/lib/python3.12/site-packages/airflow/example_dags/example_setup_teardown.py
[2024-12-10T17:19:57.409-0600] {processor.py:925} INFO - DAG(s) 'example_setup_teardown' retrieved from /root/airflow_env/lib/python3.12/site-packages/airflow/example_dags/example_setup_teardown.py
[2024-12-10T17:19:57.420-0600] {logging_mixin.py:190} INFO - [2024-12-10T17:19:57.420-0600] {dag.py:3239} INFO - Sync 1 DAGs
[2024-12-10T17:19:57.428-0600] {logging_mixin.py:190} INFO - [2024-12-10T17:19:57.428-0600] {dag.py:4180} INFO - Setting next_dagrun for example_setup_teardown to None, run_after=None
[2024-12-10T17:19:57.446-0600] {processor.py:208} INFO - Processing /root/airflow_env/lib/python3.12/site-packages/airflow/example_dags/example_setup_teardown.py took 0.050 seconds
[2024-12-10T17:21:15.017-0600] {processor.py:186} INFO - Started process (PID=2268) to work on /root/airflow_env/lib/python3.12/site-packages/airflow/example_dags/example_setup_teardown.py
[2024-12-10T17:21:15.019-0600] {processor.py:914} INFO - Processing file /root/airflow_env/lib/python3.12/site-packages/airflow/example_dags/example_setup_teardown.py for tasks to queue
[2024-12-10T17:21:15.020-0600] {logging_mixin.py:190} INFO - [2024-12-10T17:21:15.020-0600] {dagbag.py:588} INFO - Filling up the DagBag from /root/airflow_env/lib/python3.12/site-packages/airflow/example_dags/example_setup_teardown.py
[2024-12-10T17:21:15.027-0600] {processor.py:925} INFO - DAG(s) 'example_setup_teardown' retrieved from /root/airflow_env/lib/python3.12/site-packages/airflow/example_dags/example_setup_teardown.py
[2024-12-10T17:21:15.038-0600] {logging_mixin.py:190} INFO - [2024-12-10T17:21:15.037-0600] {dag.py:3239} INFO - Sync 1 DAGs
[2024-12-10T17:21:15.046-0600] {logging_mixin.py:190} INFO - [2024-12-10T17:21:15.046-0600] {dag.py:4180} INFO - Setting next_dagrun for example_setup_teardown to None, run_after=None
[2024-12-10T17:21:15.063-0600] {processor.py:208} INFO - Processing /root/airflow_env/lib/python3.12/site-packages/airflow/example_dags/example_setup_teardown.py took 0.050 seconds
[2024-12-10T17:22:09.390-0600] {processor.py:186} INFO - Started process (PID=2327) to work on /root/airflow_env/lib/python3.12/site-packages/airflow/example_dags/example_setup_teardown.py
[2024-12-10T17:22:09.393-0600] {processor.py:914} INFO - Processing file /root/airflow_env/lib/python3.12/site-packages/airflow/example_dags/example_setup_teardown.py for tasks to queue
[2024-12-10T17:22:09.395-0600] {logging_mixin.py:190} INFO - [2024-12-10T17:22:09.395-0600] {dagbag.py:588} INFO - Filling up the DagBag from /root/airflow_env/lib/python3.12/site-packages/airflow/example_dags/example_setup_teardown.py
[2024-12-10T17:22:09.401-0600] {processor.py:925} INFO - DAG(s) 'example_setup_teardown' retrieved from /root/airflow_env/lib/python3.12/site-packages/airflow/example_dags/example_setup_teardown.py
[2024-12-10T17:22:09.412-0600] {logging_mixin.py:190} INFO - [2024-12-10T17:22:09.412-0600] {dag.py:3239} INFO - Sync 1 DAGs
[2024-12-10T17:22:09.420-0600] {logging_mixin.py:190} INFO - [2024-12-10T17:22:09.420-0600] {dag.py:4180} INFO - Setting next_dagrun for example_setup_teardown to None, run_after=None
[2024-12-10T17:22:09.437-0600] {processor.py:208} INFO - Processing /root/airflow_env/lib/python3.12/site-packages/airflow/example_dags/example_setup_teardown.py took 0.051 seconds
[2024-12-10T17:23:04.803-0600] {processor.py:186} INFO - Started process (PID=2385) to work on /root/airflow_env/lib/python3.12/site-packages/airflow/example_dags/example_setup_teardown.py
[2024-12-10T17:23:04.805-0600] {processor.py:914} INFO - Processing file /root/airflow_env/lib/python3.12/site-packages/airflow/example_dags/example_setup_teardown.py for tasks to queue
[2024-12-10T17:23:04.807-0600] {logging_mixin.py:190} INFO - [2024-12-10T17:23:04.807-0600] {dagbag.py:588} INFO - Filling up the DagBag from /root/airflow_env/lib/python3.12/site-packages/airflow/example_dags/example_setup_teardown.py
[2024-12-10T17:23:04.813-0600] {processor.py:925} INFO - DAG(s) 'example_setup_teardown' retrieved from /root/airflow_env/lib/python3.12/site-packages/airflow/example_dags/example_setup_teardown.py
[2024-12-10T17:23:04.824-0600] {logging_mixin.py:190} INFO - [2024-12-10T17:23:04.824-0600] {dag.py:3239} INFO - Sync 1 DAGs
[2024-12-10T17:23:04.832-0600] {logging_mixin.py:190} INFO - [2024-12-10T17:23:04.832-0600] {dag.py:4180} INFO - Setting next_dagrun for example_setup_teardown to None, run_after=None
[2024-12-10T17:23:04.849-0600] {processor.py:208} INFO - Processing /root/airflow_env/lib/python3.12/site-packages/airflow/example_dags/example_setup_teardown.py took 0.050 seconds
[2024-12-10T17:23:58.402-0600] {processor.py:186} INFO - Started process (PID=2445) to work on /root/airflow_env/lib/python3.12/site-packages/airflow/example_dags/example_setup_teardown.py
[2024-12-10T17:23:58.405-0600] {processor.py:914} INFO - Processing file /root/airflow_env/lib/python3.12/site-packages/airflow/example_dags/example_setup_teardown.py for tasks to queue
[2024-12-10T17:23:58.406-0600] {logging_mixin.py:190} INFO - [2024-12-10T17:23:58.406-0600] {dagbag.py:588} INFO - Filling up the DagBag from /root/airflow_env/lib/python3.12/site-packages/airflow/example_dags/example_setup_teardown.py
[2024-12-10T17:23:58.413-0600] {processor.py:925} INFO - DAG(s) 'example_setup_teardown' retrieved from /root/airflow_env/lib/python3.12/site-packages/airflow/example_dags/example_setup_teardown.py
[2024-12-10T17:23:58.425-0600] {logging_mixin.py:190} INFO - [2024-12-10T17:23:58.425-0600] {dag.py:3239} INFO - Sync 1 DAGs
[2024-12-10T17:23:58.433-0600] {logging_mixin.py:190} INFO - [2024-12-10T17:23:58.433-0600] {dag.py:4180} INFO - Setting next_dagrun for example_setup_teardown to None, run_after=None
[2024-12-10T17:23:58.451-0600] {processor.py:208} INFO - Processing /root/airflow_env/lib/python3.12/site-packages/airflow/example_dags/example_setup_teardown.py took 0.053 seconds
[2024-12-10T17:24:49.218-0600] {processor.py:186} INFO - Started process (PID=2506) to work on /root/airflow_env/lib/python3.12/site-packages/airflow/example_dags/example_setup_teardown.py
[2024-12-10T17:24:49.220-0600] {processor.py:914} INFO - Processing file /root/airflow_env/lib/python3.12/site-packages/airflow/example_dags/example_setup_teardown.py for tasks to queue
[2024-12-10T17:24:49.222-0600] {logging_mixin.py:190} INFO - [2024-12-10T17:24:49.221-0600] {dagbag.py:588} INFO - Filling up the DagBag from /root/airflow_env/lib/python3.12/site-packages/airflow/example_dags/example_setup_teardown.py
[2024-12-10T17:24:49.228-0600] {processor.py:925} INFO - DAG(s) 'example_setup_teardown' retrieved from /root/airflow_env/lib/python3.12/site-packages/airflow/example_dags/example_setup_teardown.py
[2024-12-10T17:24:49.239-0600] {logging_mixin.py:190} INFO - [2024-12-10T17:24:49.239-0600] {dag.py:3239} INFO - Sync 1 DAGs
[2024-12-10T17:24:49.247-0600] {logging_mixin.py:190} INFO - [2024-12-10T17:24:49.247-0600] {dag.py:4180} INFO - Setting next_dagrun for example_setup_teardown to None, run_after=None
[2024-12-10T17:24:49.265-0600] {processor.py:208} INFO - Processing /root/airflow_env/lib/python3.12/site-packages/airflow/example_dags/example_setup_teardown.py took 0.051 seconds
[2024-12-10T17:25:43.048-0600] {processor.py:186} INFO - Started process (PID=2566) to work on /root/airflow_env/lib/python3.12/site-packages/airflow/example_dags/example_setup_teardown.py
[2024-12-10T17:25:43.051-0600] {processor.py:914} INFO - Processing file /root/airflow_env/lib/python3.12/site-packages/airflow/example_dags/example_setup_teardown.py for tasks to queue
[2024-12-10T17:25:43.052-0600] {logging_mixin.py:190} INFO - [2024-12-10T17:25:43.052-0600] {dagbag.py:588} INFO - Filling up the DagBag from /root/airflow_env/lib/python3.12/site-packages/airflow/example_dags/example_setup_teardown.py
[2024-12-10T17:25:43.058-0600] {processor.py:925} INFO - DAG(s) 'example_setup_teardown' retrieved from /root/airflow_env/lib/python3.12/site-packages/airflow/example_dags/example_setup_teardown.py
[2024-12-10T17:25:43.069-0600] {logging_mixin.py:190} INFO - [2024-12-10T17:25:43.069-0600] {dag.py:3239} INFO - Sync 1 DAGs
[2024-12-10T17:25:43.077-0600] {logging_mixin.py:190} INFO - [2024-12-10T17:25:43.077-0600] {dag.py:4180} INFO - Setting next_dagrun for example_setup_teardown to None, run_after=None
[2024-12-10T17:25:43.096-0600] {processor.py:208} INFO - Processing /root/airflow_env/lib/python3.12/site-packages/airflow/example_dags/example_setup_teardown.py took 0.051 seconds
[2024-12-10T17:26:37.269-0600] {processor.py:186} INFO - Started process (PID=2625) to work on /root/airflow_env/lib/python3.12/site-packages/airflow/example_dags/example_setup_teardown.py
[2024-12-10T17:26:37.271-0600] {processor.py:914} INFO - Processing file /root/airflow_env/lib/python3.12/site-packages/airflow/example_dags/example_setup_teardown.py for tasks to queue
[2024-12-10T17:26:37.273-0600] {logging_mixin.py:190} INFO - [2024-12-10T17:26:37.273-0600] {dagbag.py:588} INFO - Filling up the DagBag from /root/airflow_env/lib/python3.12/site-packages/airflow/example_dags/example_setup_teardown.py
[2024-12-10T17:26:37.281-0600] {processor.py:925} INFO - DAG(s) 'example_setup_teardown' retrieved from /root/airflow_env/lib/python3.12/site-packages/airflow/example_dags/example_setup_teardown.py
[2024-12-10T17:26:37.296-0600] {logging_mixin.py:190} INFO - [2024-12-10T17:26:37.296-0600] {dag.py:3239} INFO - Sync 1 DAGs
[2024-12-10T17:26:37.306-0600] {logging_mixin.py:190} INFO - [2024-12-10T17:26:37.306-0600] {dag.py:4180} INFO - Setting next_dagrun for example_setup_teardown to None, run_after=None
[2024-12-10T17:26:37.328-0600] {processor.py:208} INFO - Processing /root/airflow_env/lib/python3.12/site-packages/airflow/example_dags/example_setup_teardown.py took 0.064 seconds
[2024-12-10T17:27:30.537-0600] {processor.py:186} INFO - Started process (PID=2683) to work on /root/airflow_env/lib/python3.12/site-packages/airflow/example_dags/example_setup_teardown.py
[2024-12-10T17:27:30.538-0600] {processor.py:914} INFO - Processing file /root/airflow_env/lib/python3.12/site-packages/airflow/example_dags/example_setup_teardown.py for tasks to queue
[2024-12-10T17:27:30.540-0600] {logging_mixin.py:190} INFO - [2024-12-10T17:27:30.539-0600] {dagbag.py:588} INFO - Filling up the DagBag from /root/airflow_env/lib/python3.12/site-packages/airflow/example_dags/example_setup_teardown.py
[2024-12-10T17:27:30.547-0600] {processor.py:925} INFO - DAG(s) 'example_setup_teardown' retrieved from /root/airflow_env/lib/python3.12/site-packages/airflow/example_dags/example_setup_teardown.py
[2024-12-10T17:27:30.558-0600] {logging_mixin.py:190} INFO - [2024-12-10T17:27:30.558-0600] {dag.py:3239} INFO - Sync 1 DAGs
[2024-12-10T17:27:30.567-0600] {logging_mixin.py:190} INFO - [2024-12-10T17:27:30.567-0600] {dag.py:4180} INFO - Setting next_dagrun for example_setup_teardown to None, run_after=None
[2024-12-10T17:27:30.585-0600] {processor.py:208} INFO - Processing /root/airflow_env/lib/python3.12/site-packages/airflow/example_dags/example_setup_teardown.py took 0.053 seconds
[2024-12-10T17:28:49.607-0600] {processor.py:186} INFO - Started process (PID=2768) to work on /root/airflow_env/lib/python3.12/site-packages/airflow/example_dags/example_setup_teardown.py
[2024-12-10T17:28:49.610-0600] {processor.py:914} INFO - Processing file /root/airflow_env/lib/python3.12/site-packages/airflow/example_dags/example_setup_teardown.py for tasks to queue
[2024-12-10T17:28:49.611-0600] {logging_mixin.py:190} INFO - [2024-12-10T17:28:49.611-0600] {dagbag.py:588} INFO - Filling up the DagBag from /root/airflow_env/lib/python3.12/site-packages/airflow/example_dags/example_setup_teardown.py
[2024-12-10T17:28:49.618-0600] {processor.py:925} INFO - DAG(s) 'example_setup_teardown' retrieved from /root/airflow_env/lib/python3.12/site-packages/airflow/example_dags/example_setup_teardown.py
[2024-12-10T17:28:49.629-0600] {logging_mixin.py:190} INFO - [2024-12-10T17:28:49.628-0600] {dag.py:3239} INFO - Sync 1 DAGs
[2024-12-10T17:28:49.637-0600] {logging_mixin.py:190} INFO - [2024-12-10T17:28:49.636-0600] {dag.py:4180} INFO - Setting next_dagrun for example_setup_teardown to None, run_after=None
[2024-12-10T17:28:49.654-0600] {processor.py:208} INFO - Processing /root/airflow_env/lib/python3.12/site-packages/airflow/example_dags/example_setup_teardown.py took 0.050 seconds
[2024-12-10T17:29:42.460-0600] {processor.py:186} INFO - Started process (PID=2828) to work on /root/airflow_env/lib/python3.12/site-packages/airflow/example_dags/example_setup_teardown.py
[2024-12-10T17:29:42.461-0600] {processor.py:914} INFO - Processing file /root/airflow_env/lib/python3.12/site-packages/airflow/example_dags/example_setup_teardown.py for tasks to queue
[2024-12-10T17:29:42.463-0600] {logging_mixin.py:190} INFO - [2024-12-10T17:29:42.463-0600] {dagbag.py:588} INFO - Filling up the DagBag from /root/airflow_env/lib/python3.12/site-packages/airflow/example_dags/example_setup_teardown.py
[2024-12-10T17:29:42.469-0600] {processor.py:925} INFO - DAG(s) 'example_setup_teardown' retrieved from /root/airflow_env/lib/python3.12/site-packages/airflow/example_dags/example_setup_teardown.py
[2024-12-10T17:29:42.480-0600] {logging_mixin.py:190} INFO - [2024-12-10T17:29:42.480-0600] {dag.py:3239} INFO - Sync 1 DAGs
[2024-12-10T17:29:42.488-0600] {logging_mixin.py:190} INFO - [2024-12-10T17:29:42.488-0600] {dag.py:4180} INFO - Setting next_dagrun for example_setup_teardown to None, run_after=None
[2024-12-10T17:29:42.505-0600] {processor.py:208} INFO - Processing /root/airflow_env/lib/python3.12/site-packages/airflow/example_dags/example_setup_teardown.py took 0.049 seconds
[2024-12-10T17:30:57.972-0600] {processor.py:186} INFO - Started process (PID=2917) to work on /root/airflow_env/lib/python3.12/site-packages/airflow/example_dags/example_setup_teardown.py
[2024-12-10T17:30:57.975-0600] {processor.py:914} INFO - Processing file /root/airflow_env/lib/python3.12/site-packages/airflow/example_dags/example_setup_teardown.py for tasks to queue
[2024-12-10T17:30:57.976-0600] {logging_mixin.py:190} INFO - [2024-12-10T17:30:57.976-0600] {dagbag.py:588} INFO - Filling up the DagBag from /root/airflow_env/lib/python3.12/site-packages/airflow/example_dags/example_setup_teardown.py
[2024-12-10T17:30:57.983-0600] {processor.py:925} INFO - DAG(s) 'example_setup_teardown' retrieved from /root/airflow_env/lib/python3.12/site-packages/airflow/example_dags/example_setup_teardown.py
[2024-12-10T17:30:57.993-0600] {logging_mixin.py:190} INFO - [2024-12-10T17:30:57.993-0600] {dag.py:3239} INFO - Sync 1 DAGs
[2024-12-10T17:30:58.002-0600] {logging_mixin.py:190} INFO - [2024-12-10T17:30:58.001-0600] {dag.py:4180} INFO - Setting next_dagrun for example_setup_teardown to None, run_after=None
[2024-12-10T17:30:58.019-0600] {processor.py:208} INFO - Processing /root/airflow_env/lib/python3.12/site-packages/airflow/example_dags/example_setup_teardown.py took 0.050 seconds
[2024-12-10T17:32:17.902-0600] {processor.py:186} INFO - Started process (PID=3003) to work on /root/airflow_env/lib/python3.12/site-packages/airflow/example_dags/example_setup_teardown.py
[2024-12-10T17:32:17.904-0600] {processor.py:914} INFO - Processing file /root/airflow_env/lib/python3.12/site-packages/airflow/example_dags/example_setup_teardown.py for tasks to queue
[2024-12-10T17:32:17.906-0600] {logging_mixin.py:190} INFO - [2024-12-10T17:32:17.906-0600] {dagbag.py:588} INFO - Filling up the DagBag from /root/airflow_env/lib/python3.12/site-packages/airflow/example_dags/example_setup_teardown.py
[2024-12-10T17:32:17.912-0600] {processor.py:925} INFO - DAG(s) 'example_setup_teardown' retrieved from /root/airflow_env/lib/python3.12/site-packages/airflow/example_dags/example_setup_teardown.py
[2024-12-10T17:32:17.923-0600] {logging_mixin.py:190} INFO - [2024-12-10T17:32:17.923-0600] {dag.py:3239} INFO - Sync 1 DAGs
[2024-12-10T17:32:17.932-0600] {logging_mixin.py:190} INFO - [2024-12-10T17:32:17.932-0600] {dag.py:4180} INFO - Setting next_dagrun for example_setup_teardown to None, run_after=None
[2024-12-10T17:32:17.950-0600] {processor.py:208} INFO - Processing /root/airflow_env/lib/python3.12/site-packages/airflow/example_dags/example_setup_teardown.py took 0.051 seconds
[2024-12-10T17:33:12.718-0600] {processor.py:186} INFO - Started process (PID=3063) to work on /root/airflow_env/lib/python3.12/site-packages/airflow/example_dags/example_setup_teardown.py
[2024-12-10T17:33:12.721-0600] {processor.py:914} INFO - Processing file /root/airflow_env/lib/python3.12/site-packages/airflow/example_dags/example_setup_teardown.py for tasks to queue
[2024-12-10T17:33:12.723-0600] {logging_mixin.py:190} INFO - [2024-12-10T17:33:12.722-0600] {dagbag.py:588} INFO - Filling up the DagBag from /root/airflow_env/lib/python3.12/site-packages/airflow/example_dags/example_setup_teardown.py
[2024-12-10T17:33:12.729-0600] {processor.py:925} INFO - DAG(s) 'example_setup_teardown' retrieved from /root/airflow_env/lib/python3.12/site-packages/airflow/example_dags/example_setup_teardown.py
[2024-12-10T17:33:12.740-0600] {logging_mixin.py:190} INFO - [2024-12-10T17:33:12.740-0600] {dag.py:3239} INFO - Sync 1 DAGs
[2024-12-10T17:33:12.748-0600] {logging_mixin.py:190} INFO - [2024-12-10T17:33:12.748-0600] {dag.py:4180} INFO - Setting next_dagrun for example_setup_teardown to None, run_after=None
[2024-12-10T17:33:12.766-0600] {processor.py:208} INFO - Processing /root/airflow_env/lib/python3.12/site-packages/airflow/example_dags/example_setup_teardown.py took 0.051 seconds
[2024-12-10T17:34:28.762-0600] {processor.py:186} INFO - Started process (PID=3253) to work on /root/airflow_env/lib/python3.12/site-packages/airflow/example_dags/example_setup_teardown.py
[2024-12-10T17:34:28.764-0600] {processor.py:914} INFO - Processing file /root/airflow_env/lib/python3.12/site-packages/airflow/example_dags/example_setup_teardown.py for tasks to queue
[2024-12-10T17:34:28.765-0600] {logging_mixin.py:190} INFO - [2024-12-10T17:34:28.765-0600] {dagbag.py:588} INFO - Filling up the DagBag from /root/airflow_env/lib/python3.12/site-packages/airflow/example_dags/example_setup_teardown.py
[2024-12-10T17:34:28.771-0600] {processor.py:925} INFO - DAG(s) 'example_setup_teardown' retrieved from /root/airflow_env/lib/python3.12/site-packages/airflow/example_dags/example_setup_teardown.py
[2024-12-10T17:34:28.783-0600] {logging_mixin.py:190} INFO - [2024-12-10T17:34:28.783-0600] {dag.py:3239} INFO - Sync 1 DAGs
[2024-12-10T17:34:28.791-0600] {logging_mixin.py:190} INFO - [2024-12-10T17:34:28.791-0600] {dag.py:4180} INFO - Setting next_dagrun for example_setup_teardown to None, run_after=None
[2024-12-10T17:34:28.809-0600] {processor.py:208} INFO - Processing /root/airflow_env/lib/python3.12/site-packages/airflow/example_dags/example_setup_teardown.py took 0.051 seconds
[2024-12-10T17:35:20.792-0600] {processor.py:186} INFO - Started process (PID=3313) to work on /root/airflow_env/lib/python3.12/site-packages/airflow/example_dags/example_setup_teardown.py
[2024-12-10T17:35:20.794-0600] {processor.py:914} INFO - Processing file /root/airflow_env/lib/python3.12/site-packages/airflow/example_dags/example_setup_teardown.py for tasks to queue
[2024-12-10T17:35:20.796-0600] {logging_mixin.py:190} INFO - [2024-12-10T17:35:20.795-0600] {dagbag.py:588} INFO - Filling up the DagBag from /root/airflow_env/lib/python3.12/site-packages/airflow/example_dags/example_setup_teardown.py
[2024-12-10T17:35:20.802-0600] {processor.py:925} INFO - DAG(s) 'example_setup_teardown' retrieved from /root/airflow_env/lib/python3.12/site-packages/airflow/example_dags/example_setup_teardown.py
[2024-12-10T17:35:20.812-0600] {logging_mixin.py:190} INFO - [2024-12-10T17:35:20.812-0600] {dag.py:3239} INFO - Sync 1 DAGs
[2024-12-10T17:35:20.820-0600] {logging_mixin.py:190} INFO - [2024-12-10T17:35:20.820-0600] {dag.py:4180} INFO - Setting next_dagrun for example_setup_teardown to None, run_after=None
[2024-12-10T17:35:20.836-0600] {processor.py:208} INFO - Processing /root/airflow_env/lib/python3.12/site-packages/airflow/example_dags/example_setup_teardown.py took 0.048 seconds
[2024-12-10T17:36:35.350-0600] {processor.py:186} INFO - Started process (PID=3398) to work on /root/airflow_env/lib/python3.12/site-packages/airflow/example_dags/example_setup_teardown.py
[2024-12-10T17:36:35.352-0600] {processor.py:914} INFO - Processing file /root/airflow_env/lib/python3.12/site-packages/airflow/example_dags/example_setup_teardown.py for tasks to queue
[2024-12-10T17:36:35.354-0600] {logging_mixin.py:190} INFO - [2024-12-10T17:36:35.354-0600] {dagbag.py:588} INFO - Filling up the DagBag from /root/airflow_env/lib/python3.12/site-packages/airflow/example_dags/example_setup_teardown.py
[2024-12-10T17:36:35.360-0600] {processor.py:925} INFO - DAG(s) 'example_setup_teardown' retrieved from /root/airflow_env/lib/python3.12/site-packages/airflow/example_dags/example_setup_teardown.py
[2024-12-10T17:36:35.371-0600] {logging_mixin.py:190} INFO - [2024-12-10T17:36:35.371-0600] {dag.py:3239} INFO - Sync 1 DAGs
[2024-12-10T17:36:35.379-0600] {logging_mixin.py:190} INFO - [2024-12-10T17:36:35.379-0600] {dag.py:4180} INFO - Setting next_dagrun for example_setup_teardown to None, run_after=None
[2024-12-10T17:36:35.396-0600] {processor.py:208} INFO - Processing /root/airflow_env/lib/python3.12/site-packages/airflow/example_dags/example_setup_teardown.py took 0.049 seconds
[2024-12-10T17:37:51.117-0600] {processor.py:186} INFO - Started process (PID=3481) to work on /root/airflow_env/lib/python3.12/site-packages/airflow/example_dags/example_setup_teardown.py
[2024-12-10T17:37:51.120-0600] {processor.py:914} INFO - Processing file /root/airflow_env/lib/python3.12/site-packages/airflow/example_dags/example_setup_teardown.py for tasks to queue
[2024-12-10T17:37:51.122-0600] {logging_mixin.py:190} INFO - [2024-12-10T17:37:51.121-0600] {dagbag.py:588} INFO - Filling up the DagBag from /root/airflow_env/lib/python3.12/site-packages/airflow/example_dags/example_setup_teardown.py
[2024-12-10T17:37:51.128-0600] {processor.py:925} INFO - DAG(s) 'example_setup_teardown' retrieved from /root/airflow_env/lib/python3.12/site-packages/airflow/example_dags/example_setup_teardown.py
[2024-12-10T17:37:51.141-0600] {logging_mixin.py:190} INFO - [2024-12-10T17:37:51.141-0600] {dag.py:3239} INFO - Sync 1 DAGs
[2024-12-10T17:37:51.151-0600] {logging_mixin.py:190} INFO - [2024-12-10T17:37:51.150-0600] {dag.py:4180} INFO - Setting next_dagrun for example_setup_teardown to None, run_after=None
[2024-12-10T17:37:51.169-0600] {processor.py:208} INFO - Processing /root/airflow_env/lib/python3.12/site-packages/airflow/example_dags/example_setup_teardown.py took 0.056 seconds
[2024-12-10T17:38:43.830-0600] {processor.py:186} INFO - Started process (PID=3539) to work on /root/airflow_env/lib/python3.12/site-packages/airflow/example_dags/example_setup_teardown.py
[2024-12-10T17:38:43.831-0600] {processor.py:914} INFO - Processing file /root/airflow_env/lib/python3.12/site-packages/airflow/example_dags/example_setup_teardown.py for tasks to queue
[2024-12-10T17:38:43.833-0600] {logging_mixin.py:190} INFO - [2024-12-10T17:38:43.833-0600] {dagbag.py:588} INFO - Filling up the DagBag from /root/airflow_env/lib/python3.12/site-packages/airflow/example_dags/example_setup_teardown.py
[2024-12-10T17:38:43.839-0600] {processor.py:925} INFO - DAG(s) 'example_setup_teardown' retrieved from /root/airflow_env/lib/python3.12/site-packages/airflow/example_dags/example_setup_teardown.py
[2024-12-10T17:38:43.850-0600] {logging_mixin.py:190} INFO - [2024-12-10T17:38:43.850-0600] {dag.py:3239} INFO - Sync 1 DAGs
[2024-12-10T17:38:43.859-0600] {logging_mixin.py:190} INFO - [2024-12-10T17:38:43.859-0600] {dag.py:4180} INFO - Setting next_dagrun for example_setup_teardown to None, run_after=None
[2024-12-10T17:38:43.875-0600] {processor.py:208} INFO - Processing /root/airflow_env/lib/python3.12/site-packages/airflow/example_dags/example_setup_teardown.py took 0.049 seconds
[2024-12-10T17:39:36.700-0600] {processor.py:186} INFO - Started process (PID=3596) to work on /root/airflow_env/lib/python3.12/site-packages/airflow/example_dags/example_setup_teardown.py
[2024-12-10T17:39:36.702-0600] {processor.py:914} INFO - Processing file /root/airflow_env/lib/python3.12/site-packages/airflow/example_dags/example_setup_teardown.py for tasks to queue
[2024-12-10T17:39:36.704-0600] {logging_mixin.py:190} INFO - [2024-12-10T17:39:36.704-0600] {dagbag.py:588} INFO - Filling up the DagBag from /root/airflow_env/lib/python3.12/site-packages/airflow/example_dags/example_setup_teardown.py
[2024-12-10T17:39:36.710-0600] {processor.py:925} INFO - DAG(s) 'example_setup_teardown' retrieved from /root/airflow_env/lib/python3.12/site-packages/airflow/example_dags/example_setup_teardown.py
[2024-12-10T17:39:36.722-0600] {logging_mixin.py:190} INFO - [2024-12-10T17:39:36.722-0600] {dag.py:3239} INFO - Sync 1 DAGs
[2024-12-10T17:39:36.731-0600] {logging_mixin.py:190} INFO - [2024-12-10T17:39:36.731-0600] {dag.py:4180} INFO - Setting next_dagrun for example_setup_teardown to None, run_after=None
[2024-12-10T17:39:36.749-0600] {processor.py:208} INFO - Processing /root/airflow_env/lib/python3.12/site-packages/airflow/example_dags/example_setup_teardown.py took 0.053 seconds
[2024-12-10T17:40:30.750-0600] {processor.py:186} INFO - Started process (PID=3660) to work on /root/airflow_env/lib/python3.12/site-packages/airflow/example_dags/example_setup_teardown.py
[2024-12-10T17:40:30.751-0600] {processor.py:914} INFO - Processing file /root/airflow_env/lib/python3.12/site-packages/airflow/example_dags/example_setup_teardown.py for tasks to queue
[2024-12-10T17:40:30.753-0600] {logging_mixin.py:190} INFO - [2024-12-10T17:40:30.753-0600] {dagbag.py:588} INFO - Filling up the DagBag from /root/airflow_env/lib/python3.12/site-packages/airflow/example_dags/example_setup_teardown.py
[2024-12-10T17:40:30.760-0600] {processor.py:925} INFO - DAG(s) 'example_setup_teardown' retrieved from /root/airflow_env/lib/python3.12/site-packages/airflow/example_dags/example_setup_teardown.py
[2024-12-10T17:40:30.772-0600] {logging_mixin.py:190} INFO - [2024-12-10T17:40:30.772-0600] {dag.py:3239} INFO - Sync 1 DAGs
[2024-12-10T17:40:30.780-0600] {logging_mixin.py:190} INFO - [2024-12-10T17:40:30.780-0600] {dag.py:4180} INFO - Setting next_dagrun for example_setup_teardown to None, run_after=None
[2024-12-10T17:40:30.798-0600] {processor.py:208} INFO - Processing /root/airflow_env/lib/python3.12/site-packages/airflow/example_dags/example_setup_teardown.py took 0.051 seconds
[2024-12-10T17:41:26.276-0600] {processor.py:186} INFO - Started process (PID=3720) to work on /root/airflow_env/lib/python3.12/site-packages/airflow/example_dags/example_setup_teardown.py
[2024-12-10T17:41:26.278-0600] {processor.py:914} INFO - Processing file /root/airflow_env/lib/python3.12/site-packages/airflow/example_dags/example_setup_teardown.py for tasks to queue
[2024-12-10T17:41:26.280-0600] {logging_mixin.py:190} INFO - [2024-12-10T17:41:26.280-0600] {dagbag.py:588} INFO - Filling up the DagBag from /root/airflow_env/lib/python3.12/site-packages/airflow/example_dags/example_setup_teardown.py
[2024-12-10T17:41:26.286-0600] {processor.py:925} INFO - DAG(s) 'example_setup_teardown' retrieved from /root/airflow_env/lib/python3.12/site-packages/airflow/example_dags/example_setup_teardown.py
[2024-12-10T17:41:26.298-0600] {logging_mixin.py:190} INFO - [2024-12-10T17:41:26.298-0600] {dag.py:3239} INFO - Sync 1 DAGs
[2024-12-10T17:41:26.308-0600] {logging_mixin.py:190} INFO - [2024-12-10T17:41:26.308-0600] {dag.py:4180} INFO - Setting next_dagrun for example_setup_teardown to None, run_after=None
[2024-12-10T17:41:26.327-0600] {processor.py:208} INFO - Processing /root/airflow_env/lib/python3.12/site-packages/airflow/example_dags/example_setup_teardown.py took 0.055 seconds
[2024-12-10T17:42:17.132-0600] {processor.py:186} INFO - Started process (PID=3781) to work on /root/airflow_env/lib/python3.12/site-packages/airflow/example_dags/example_setup_teardown.py
[2024-12-10T17:42:17.134-0600] {processor.py:914} INFO - Processing file /root/airflow_env/lib/python3.12/site-packages/airflow/example_dags/example_setup_teardown.py for tasks to queue
[2024-12-10T17:42:17.137-0600] {logging_mixin.py:190} INFO - [2024-12-10T17:42:17.136-0600] {dagbag.py:588} INFO - Filling up the DagBag from /root/airflow_env/lib/python3.12/site-packages/airflow/example_dags/example_setup_teardown.py
[2024-12-10T17:42:17.149-0600] {processor.py:925} INFO - DAG(s) 'example_setup_teardown' retrieved from /root/airflow_env/lib/python3.12/site-packages/airflow/example_dags/example_setup_teardown.py
[2024-12-10T17:42:17.166-0600] {logging_mixin.py:190} INFO - [2024-12-10T17:42:17.166-0600] {dag.py:3239} INFO - Sync 1 DAGs
[2024-12-10T17:42:17.181-0600] {logging_mixin.py:190} INFO - [2024-12-10T17:42:17.180-0600] {dag.py:4180} INFO - Setting next_dagrun for example_setup_teardown to None, run_after=None
[2024-12-10T17:42:17.208-0600] {processor.py:208} INFO - Processing /root/airflow_env/lib/python3.12/site-packages/airflow/example_dags/example_setup_teardown.py took 0.081 seconds
[2024-12-10T17:43:10.228-0600] {processor.py:186} INFO - Started process (PID=3852) to work on /root/airflow_env/lib/python3.12/site-packages/airflow/example_dags/example_setup_teardown.py
[2024-12-10T17:43:10.230-0600] {processor.py:914} INFO - Processing file /root/airflow_env/lib/python3.12/site-packages/airflow/example_dags/example_setup_teardown.py for tasks to queue
[2024-12-10T17:43:10.232-0600] {logging_mixin.py:190} INFO - [2024-12-10T17:43:10.232-0600] {dagbag.py:588} INFO - Filling up the DagBag from /root/airflow_env/lib/python3.12/site-packages/airflow/example_dags/example_setup_teardown.py
[2024-12-10T17:43:10.238-0600] {processor.py:925} INFO - DAG(s) 'example_setup_teardown' retrieved from /root/airflow_env/lib/python3.12/site-packages/airflow/example_dags/example_setup_teardown.py
[2024-12-10T17:43:10.249-0600] {logging_mixin.py:190} INFO - [2024-12-10T17:43:10.249-0600] {dag.py:3239} INFO - Sync 1 DAGs
[2024-12-10T17:43:10.257-0600] {logging_mixin.py:190} INFO - [2024-12-10T17:43:10.257-0600] {dag.py:4180} INFO - Setting next_dagrun for example_setup_teardown to None, run_after=None
[2024-12-10T17:43:10.275-0600] {processor.py:208} INFO - Processing /root/airflow_env/lib/python3.12/site-packages/airflow/example_dags/example_setup_teardown.py took 0.050 seconds
[2024-12-10T17:44:01.786-0600] {processor.py:186} INFO - Started process (PID=3911) to work on /root/airflow_env/lib/python3.12/site-packages/airflow/example_dags/example_setup_teardown.py
[2024-12-10T17:44:01.788-0600] {processor.py:914} INFO - Processing file /root/airflow_env/lib/python3.12/site-packages/airflow/example_dags/example_setup_teardown.py for tasks to queue
[2024-12-10T17:44:01.790-0600] {logging_mixin.py:190} INFO - [2024-12-10T17:44:01.789-0600] {dagbag.py:588} INFO - Filling up the DagBag from /root/airflow_env/lib/python3.12/site-packages/airflow/example_dags/example_setup_teardown.py
[2024-12-10T17:44:01.796-0600] {processor.py:925} INFO - DAG(s) 'example_setup_teardown' retrieved from /root/airflow_env/lib/python3.12/site-packages/airflow/example_dags/example_setup_teardown.py
[2024-12-10T17:44:01.809-0600] {logging_mixin.py:190} INFO - [2024-12-10T17:44:01.809-0600] {dag.py:3239} INFO - Sync 1 DAGs
[2024-12-10T17:44:01.818-0600] {logging_mixin.py:190} INFO - [2024-12-10T17:44:01.818-0600] {dag.py:4180} INFO - Setting next_dagrun for example_setup_teardown to None, run_after=None
[2024-12-10T17:44:01.838-0600] {processor.py:208} INFO - Processing /root/airflow_env/lib/python3.12/site-packages/airflow/example_dags/example_setup_teardown.py took 0.056 seconds
[2024-12-10T17:44:54.638-0600] {processor.py:186} INFO - Started process (PID=3968) to work on /root/airflow_env/lib/python3.12/site-packages/airflow/example_dags/example_setup_teardown.py
[2024-12-10T17:44:54.640-0600] {processor.py:914} INFO - Processing file /root/airflow_env/lib/python3.12/site-packages/airflow/example_dags/example_setup_teardown.py for tasks to queue
[2024-12-10T17:44:54.642-0600] {logging_mixin.py:190} INFO - [2024-12-10T17:44:54.642-0600] {dagbag.py:588} INFO - Filling up the DagBag from /root/airflow_env/lib/python3.12/site-packages/airflow/example_dags/example_setup_teardown.py
[2024-12-10T17:44:54.648-0600] {processor.py:925} INFO - DAG(s) 'example_setup_teardown' retrieved from /root/airflow_env/lib/python3.12/site-packages/airflow/example_dags/example_setup_teardown.py
[2024-12-10T17:44:54.659-0600] {logging_mixin.py:190} INFO - [2024-12-10T17:44:54.659-0600] {dag.py:3239} INFO - Sync 1 DAGs
[2024-12-10T17:44:54.667-0600] {logging_mixin.py:190} INFO - [2024-12-10T17:44:54.666-0600] {dag.py:4180} INFO - Setting next_dagrun for example_setup_teardown to None, run_after=None
[2024-12-10T17:44:54.684-0600] {processor.py:208} INFO - Processing /root/airflow_env/lib/python3.12/site-packages/airflow/example_dags/example_setup_teardown.py took 0.050 seconds
[2024-12-10T17:45:50.400-0600] {processor.py:186} INFO - Started process (PID=4029) to work on /root/airflow_env/lib/python3.12/site-packages/airflow/example_dags/example_setup_teardown.py
[2024-12-10T17:45:50.402-0600] {processor.py:914} INFO - Processing file /root/airflow_env/lib/python3.12/site-packages/airflow/example_dags/example_setup_teardown.py for tasks to queue
[2024-12-10T17:45:50.403-0600] {logging_mixin.py:190} INFO - [2024-12-10T17:45:50.403-0600] {dagbag.py:588} INFO - Filling up the DagBag from /root/airflow_env/lib/python3.12/site-packages/airflow/example_dags/example_setup_teardown.py
[2024-12-10T17:45:50.410-0600] {processor.py:925} INFO - DAG(s) 'example_setup_teardown' retrieved from /root/airflow_env/lib/python3.12/site-packages/airflow/example_dags/example_setup_teardown.py
[2024-12-10T17:45:50.420-0600] {logging_mixin.py:190} INFO - [2024-12-10T17:45:50.420-0600] {dag.py:3239} INFO - Sync 1 DAGs
[2024-12-10T17:45:50.428-0600] {logging_mixin.py:190} INFO - [2024-12-10T17:45:50.428-0600] {dag.py:4180} INFO - Setting next_dagrun for example_setup_teardown to None, run_after=None
[2024-12-10T17:45:50.446-0600] {processor.py:208} INFO - Processing /root/airflow_env/lib/python3.12/site-packages/airflow/example_dags/example_setup_teardown.py took 0.049 seconds
[2024-12-10T17:46:47.523-0600] {processor.py:186} INFO - Started process (PID=4089) to work on /root/airflow_env/lib/python3.12/site-packages/airflow/example_dags/example_setup_teardown.py
[2024-12-10T17:46:47.525-0600] {processor.py:914} INFO - Processing file /root/airflow_env/lib/python3.12/site-packages/airflow/example_dags/example_setup_teardown.py for tasks to queue
[2024-12-10T17:46:47.526-0600] {logging_mixin.py:190} INFO - [2024-12-10T17:46:47.526-0600] {dagbag.py:588} INFO - Filling up the DagBag from /root/airflow_env/lib/python3.12/site-packages/airflow/example_dags/example_setup_teardown.py
[2024-12-10T17:46:47.532-0600] {processor.py:925} INFO - DAG(s) 'example_setup_teardown' retrieved from /root/airflow_env/lib/python3.12/site-packages/airflow/example_dags/example_setup_teardown.py
[2024-12-10T17:46:47.544-0600] {logging_mixin.py:190} INFO - [2024-12-10T17:46:47.544-0600] {dag.py:3239} INFO - Sync 1 DAGs
[2024-12-10T17:46:47.552-0600] {logging_mixin.py:190} INFO - [2024-12-10T17:46:47.551-0600] {dag.py:4180} INFO - Setting next_dagrun for example_setup_teardown to None, run_after=None
[2024-12-10T17:46:47.653-0600] {processor.py:208} INFO - Processing /root/airflow_env/lib/python3.12/site-packages/airflow/example_dags/example_setup_teardown.py took 0.134 seconds
[2024-12-10T17:47:46.914-0600] {processor.py:186} INFO - Started process (PID=4151) to work on /root/airflow_env/lib/python3.12/site-packages/airflow/example_dags/example_setup_teardown.py
[2024-12-10T17:47:46.917-0600] {processor.py:914} INFO - Processing file /root/airflow_env/lib/python3.12/site-packages/airflow/example_dags/example_setup_teardown.py for tasks to queue
[2024-12-10T17:47:46.918-0600] {logging_mixin.py:190} INFO - [2024-12-10T17:47:46.918-0600] {dagbag.py:588} INFO - Filling up the DagBag from /root/airflow_env/lib/python3.12/site-packages/airflow/example_dags/example_setup_teardown.py
[2024-12-10T17:47:46.924-0600] {processor.py:925} INFO - DAG(s) 'example_setup_teardown' retrieved from /root/airflow_env/lib/python3.12/site-packages/airflow/example_dags/example_setup_teardown.py
[2024-12-10T17:47:46.935-0600] {logging_mixin.py:190} INFO - [2024-12-10T17:47:46.935-0600] {dag.py:3239} INFO - Sync 1 DAGs
[2024-12-10T17:47:46.943-0600] {logging_mixin.py:190} INFO - [2024-12-10T17:47:46.943-0600] {dag.py:4180} INFO - Setting next_dagrun for example_setup_teardown to None, run_after=None
[2024-12-10T17:47:46.962-0600] {processor.py:208} INFO - Processing /root/airflow_env/lib/python3.12/site-packages/airflow/example_dags/example_setup_teardown.py took 0.052 seconds
[2024-12-10T17:48:43.319-0600] {processor.py:186} INFO - Started process (PID=4211) to work on /root/airflow_env/lib/python3.12/site-packages/airflow/example_dags/example_setup_teardown.py
[2024-12-10T17:48:43.321-0600] {processor.py:914} INFO - Processing file /root/airflow_env/lib/python3.12/site-packages/airflow/example_dags/example_setup_teardown.py for tasks to queue
[2024-12-10T17:48:43.322-0600] {logging_mixin.py:190} INFO - [2024-12-10T17:48:43.322-0600] {dagbag.py:588} INFO - Filling up the DagBag from /root/airflow_env/lib/python3.12/site-packages/airflow/example_dags/example_setup_teardown.py
[2024-12-10T17:48:43.329-0600] {processor.py:925} INFO - DAG(s) 'example_setup_teardown' retrieved from /root/airflow_env/lib/python3.12/site-packages/airflow/example_dags/example_setup_teardown.py
[2024-12-10T17:48:43.342-0600] {logging_mixin.py:190} INFO - [2024-12-10T17:48:43.342-0600] {dag.py:3239} INFO - Sync 1 DAGs
[2024-12-10T17:48:43.354-0600] {logging_mixin.py:190} INFO - [2024-12-10T17:48:43.354-0600] {dag.py:4180} INFO - Setting next_dagrun for example_setup_teardown to None, run_after=None
[2024-12-10T17:48:43.392-0600] {processor.py:208} INFO - Processing /root/airflow_env/lib/python3.12/site-packages/airflow/example_dags/example_setup_teardown.py took 0.078 seconds
[2024-12-10T17:49:39.643-0600] {processor.py:186} INFO - Started process (PID=4269) to work on /root/airflow_env/lib/python3.12/site-packages/airflow/example_dags/example_setup_teardown.py
[2024-12-10T17:49:39.646-0600] {processor.py:914} INFO - Processing file /root/airflow_env/lib/python3.12/site-packages/airflow/example_dags/example_setup_teardown.py for tasks to queue
[2024-12-10T17:49:39.647-0600] {logging_mixin.py:190} INFO - [2024-12-10T17:49:39.647-0600] {dagbag.py:588} INFO - Filling up the DagBag from /root/airflow_env/lib/python3.12/site-packages/airflow/example_dags/example_setup_teardown.py
[2024-12-10T17:49:39.653-0600] {processor.py:925} INFO - DAG(s) 'example_setup_teardown' retrieved from /root/airflow_env/lib/python3.12/site-packages/airflow/example_dags/example_setup_teardown.py
[2024-12-10T17:49:39.665-0600] {logging_mixin.py:190} INFO - [2024-12-10T17:49:39.664-0600] {dag.py:3239} INFO - Sync 1 DAGs
[2024-12-10T17:49:39.672-0600] {logging_mixin.py:190} INFO - [2024-12-10T17:49:39.672-0600] {dag.py:4180} INFO - Setting next_dagrun for example_setup_teardown to None, run_after=None
[2024-12-10T17:49:39.690-0600] {processor.py:208} INFO - Processing /root/airflow_env/lib/python3.12/site-packages/airflow/example_dags/example_setup_teardown.py took 0.051 seconds
[2024-12-10T17:50:32.218-0600] {processor.py:186} INFO - Started process (PID=4332) to work on /root/airflow_env/lib/python3.12/site-packages/airflow/example_dags/example_setup_teardown.py
[2024-12-10T17:50:32.221-0600] {processor.py:914} INFO - Processing file /root/airflow_env/lib/python3.12/site-packages/airflow/example_dags/example_setup_teardown.py for tasks to queue
[2024-12-10T17:50:32.222-0600] {logging_mixin.py:190} INFO - [2024-12-10T17:50:32.222-0600] {dagbag.py:588} INFO - Filling up the DagBag from /root/airflow_env/lib/python3.12/site-packages/airflow/example_dags/example_setup_teardown.py
[2024-12-10T17:50:32.229-0600] {processor.py:925} INFO - DAG(s) 'example_setup_teardown' retrieved from /root/airflow_env/lib/python3.12/site-packages/airflow/example_dags/example_setup_teardown.py
[2024-12-10T17:50:32.243-0600] {logging_mixin.py:190} INFO - [2024-12-10T17:50:32.243-0600] {dag.py:3239} INFO - Sync 1 DAGs
[2024-12-10T17:50:32.251-0600] {logging_mixin.py:190} INFO - [2024-12-10T17:50:32.251-0600] {dag.py:4180} INFO - Setting next_dagrun for example_setup_teardown to None, run_after=None
[2024-12-10T17:50:32.269-0600] {processor.py:208} INFO - Processing /root/airflow_env/lib/python3.12/site-packages/airflow/example_dags/example_setup_teardown.py took 0.056 seconds
[2024-12-10T17:55:42.106-0600] {processor.py:186} INFO - Started process (PID=4643) to work on /root/airflow_env/lib/python3.12/site-packages/airflow/example_dags/example_setup_teardown.py
[2024-12-10T17:55:42.107-0600] {processor.py:914} INFO - Processing file /root/airflow_env/lib/python3.12/site-packages/airflow/example_dags/example_setup_teardown.py for tasks to queue
[2024-12-10T17:55:42.109-0600] {logging_mixin.py:190} INFO - [2024-12-10T17:55:42.108-0600] {dagbag.py:588} INFO - Filling up the DagBag from /root/airflow_env/lib/python3.12/site-packages/airflow/example_dags/example_setup_teardown.py
[2024-12-10T17:55:42.115-0600] {processor.py:925} INFO - DAG(s) 'example_setup_teardown' retrieved from /root/airflow_env/lib/python3.12/site-packages/airflow/example_dags/example_setup_teardown.py
[2024-12-10T17:55:42.126-0600] {logging_mixin.py:190} INFO - [2024-12-10T17:55:42.126-0600] {dag.py:3239} INFO - Sync 1 DAGs
[2024-12-10T17:55:42.134-0600] {logging_mixin.py:190} INFO - [2024-12-10T17:55:42.134-0600] {dag.py:4180} INFO - Setting next_dagrun for example_setup_teardown to None, run_after=None
[2024-12-10T17:55:42.151-0600] {processor.py:208} INFO - Processing /root/airflow_env/lib/python3.12/site-packages/airflow/example_dags/example_setup_teardown.py took 0.050 seconds
[2024-12-10T17:56:40.285-0600] {processor.py:186} INFO - Started process (PID=4716) to work on /root/airflow_env/lib/python3.12/site-packages/airflow/example_dags/example_setup_teardown.py
[2024-12-10T17:56:40.287-0600] {processor.py:914} INFO - Processing file /root/airflow_env/lib/python3.12/site-packages/airflow/example_dags/example_setup_teardown.py for tasks to queue
[2024-12-10T17:56:40.288-0600] {logging_mixin.py:190} INFO - [2024-12-10T17:56:40.288-0600] {dagbag.py:588} INFO - Filling up the DagBag from /root/airflow_env/lib/python3.12/site-packages/airflow/example_dags/example_setup_teardown.py
[2024-12-10T17:56:40.294-0600] {processor.py:925} INFO - DAG(s) 'example_setup_teardown' retrieved from /root/airflow_env/lib/python3.12/site-packages/airflow/example_dags/example_setup_teardown.py
[2024-12-10T17:56:40.305-0600] {logging_mixin.py:190} INFO - [2024-12-10T17:56:40.305-0600] {dag.py:3239} INFO - Sync 1 DAGs
[2024-12-10T17:56:40.313-0600] {logging_mixin.py:190} INFO - [2024-12-10T17:56:40.313-0600] {dag.py:4180} INFO - Setting next_dagrun for example_setup_teardown to None, run_after=None
[2024-12-10T17:56:40.330-0600] {processor.py:208} INFO - Processing /root/airflow_env/lib/python3.12/site-packages/airflow/example_dags/example_setup_teardown.py took 0.049 seconds
[2024-12-10T17:57:35.859-0600] {processor.py:186} INFO - Started process (PID=4793) to work on /root/airflow_env/lib/python3.12/site-packages/airflow/example_dags/example_setup_teardown.py
[2024-12-10T17:57:35.862-0600] {processor.py:914} INFO - Processing file /root/airflow_env/lib/python3.12/site-packages/airflow/example_dags/example_setup_teardown.py for tasks to queue
[2024-12-10T17:57:35.865-0600] {logging_mixin.py:190} INFO - [2024-12-10T17:57:35.865-0600] {dagbag.py:588} INFO - Filling up the DagBag from /root/airflow_env/lib/python3.12/site-packages/airflow/example_dags/example_setup_teardown.py
[2024-12-10T17:57:35.879-0600] {processor.py:925} INFO - DAG(s) 'example_setup_teardown' retrieved from /root/airflow_env/lib/python3.12/site-packages/airflow/example_dags/example_setup_teardown.py
[2024-12-10T17:57:35.894-0600] {logging_mixin.py:190} INFO - [2024-12-10T17:57:35.894-0600] {dag.py:3239} INFO - Sync 1 DAGs
[2024-12-10T17:57:35.904-0600] {logging_mixin.py:190} INFO - [2024-12-10T17:57:35.904-0600] {dag.py:4180} INFO - Setting next_dagrun for example_setup_teardown to None, run_after=None
[2024-12-10T17:57:35.926-0600] {processor.py:208} INFO - Processing /root/airflow_env/lib/python3.12/site-packages/airflow/example_dags/example_setup_teardown.py took 0.076 seconds
[2024-12-10T17:58:32.409-0600] {processor.py:186} INFO - Started process (PID=4866) to work on /root/airflow_env/lib/python3.12/site-packages/airflow/example_dags/example_setup_teardown.py
[2024-12-10T17:58:32.411-0600] {processor.py:914} INFO - Processing file /root/airflow_env/lib/python3.12/site-packages/airflow/example_dags/example_setup_teardown.py for tasks to queue
[2024-12-10T17:58:32.414-0600] {logging_mixin.py:190} INFO - [2024-12-10T17:58:32.413-0600] {dagbag.py:588} INFO - Filling up the DagBag from /root/airflow_env/lib/python3.12/site-packages/airflow/example_dags/example_setup_teardown.py
[2024-12-10T17:58:32.422-0600] {processor.py:925} INFO - DAG(s) 'example_setup_teardown' retrieved from /root/airflow_env/lib/python3.12/site-packages/airflow/example_dags/example_setup_teardown.py
[2024-12-10T17:58:32.434-0600] {logging_mixin.py:190} INFO - [2024-12-10T17:58:32.434-0600] {dag.py:3239} INFO - Sync 1 DAGs
[2024-12-10T17:58:32.444-0600] {logging_mixin.py:190} INFO - [2024-12-10T17:58:32.443-0600] {dag.py:4180} INFO - Setting next_dagrun for example_setup_teardown to None, run_after=None
[2024-12-10T17:58:32.462-0600] {processor.py:208} INFO - Processing /root/airflow_env/lib/python3.12/site-packages/airflow/example_dags/example_setup_teardown.py took 0.058 seconds
[2024-12-10T17:59:42.875-0600] {processor.py:186} INFO - Started process (PID=4965) to work on /root/airflow_env/lib/python3.12/site-packages/airflow/example_dags/example_setup_teardown.py
[2024-12-10T17:59:42.878-0600] {processor.py:914} INFO - Processing file /root/airflow_env/lib/python3.12/site-packages/airflow/example_dags/example_setup_teardown.py for tasks to queue
[2024-12-10T17:59:42.879-0600] {logging_mixin.py:190} INFO - [2024-12-10T17:59:42.879-0600] {dagbag.py:588} INFO - Filling up the DagBag from /root/airflow_env/lib/python3.12/site-packages/airflow/example_dags/example_setup_teardown.py
[2024-12-10T17:59:42.886-0600] {processor.py:925} INFO - DAG(s) 'example_setup_teardown' retrieved from /root/airflow_env/lib/python3.12/site-packages/airflow/example_dags/example_setup_teardown.py
[2024-12-10T17:59:42.897-0600] {logging_mixin.py:190} INFO - [2024-12-10T17:59:42.897-0600] {dag.py:3239} INFO - Sync 1 DAGs
[2024-12-10T17:59:42.906-0600] {logging_mixin.py:190} INFO - [2024-12-10T17:59:42.906-0600] {dag.py:4180} INFO - Setting next_dagrun for example_setup_teardown to None, run_after=None
[2024-12-10T17:59:42.923-0600] {processor.py:208} INFO - Processing /root/airflow_env/lib/python3.12/site-packages/airflow/example_dags/example_setup_teardown.py took 0.052 seconds
