[2024-12-10T16:59:57.999-0600] {processor.py:186} INFO - Started process (PID=686) to work on /root/airflow_env/lib/python3.12/site-packages/airflow/example_dags/example_latest_only.py
[2024-12-10T16:59:58.000-0600] {processor.py:914} INFO - Processing file /root/airflow_env/lib/python3.12/site-packages/airflow/example_dags/example_latest_only.py for tasks to queue
[2024-12-10T16:59:58.001-0600] {logging_mixin.py:190} INFO - [2024-12-10T16:59:58.001-0600] {dagbag.py:588} INFO - Filling up the DagBag from /root/airflow_env/lib/python3.12/site-packages/airflow/example_dags/example_latest_only.py
[2024-12-10T16:59:58.006-0600] {processor.py:925} INFO - DAG(s) 'latest_only' retrieved from /root/airflow_env/lib/python3.12/site-packages/airflow/example_dags/example_latest_only.py
[2024-12-10T16:59:58.018-0600] {logging_mixin.py:190} INFO - [2024-12-10T16:59:58.018-0600] {dag.py:3239} INFO - Sync 1 DAGs
[2024-12-10T16:59:58.031-0600] {logging_mixin.py:190} INFO - [2024-12-10T16:59:58.031-0600] {dag.py:4180} INFO - Setting next_dagrun for latest_only to 2024-12-10 16:00:00+00:00, run_after=2024-12-10 20:00:00+00:00
[2024-12-10T16:59:58.048-0600] {processor.py:208} INFO - Processing /root/airflow_env/lib/python3.12/site-packages/airflow/example_dags/example_latest_only.py took 0.054 seconds
[2024-12-10T17:00:55.760-0600] {processor.py:186} INFO - Started process (PID=758) to work on /root/airflow_env/lib/python3.12/site-packages/airflow/example_dags/example_latest_only.py
[2024-12-10T17:00:55.761-0600] {processor.py:914} INFO - Processing file /root/airflow_env/lib/python3.12/site-packages/airflow/example_dags/example_latest_only.py for tasks to queue
[2024-12-10T17:00:55.763-0600] {logging_mixin.py:190} INFO - [2024-12-10T17:00:55.762-0600] {dagbag.py:588} INFO - Filling up the DagBag from /root/airflow_env/lib/python3.12/site-packages/airflow/example_dags/example_latest_only.py
[2024-12-10T17:00:55.768-0600] {processor.py:925} INFO - DAG(s) 'latest_only' retrieved from /root/airflow_env/lib/python3.12/site-packages/airflow/example_dags/example_latest_only.py
[2024-12-10T17:00:55.781-0600] {logging_mixin.py:190} INFO - [2024-12-10T17:00:55.781-0600] {dag.py:3239} INFO - Sync 1 DAGs
[2024-12-10T17:00:55.797-0600] {logging_mixin.py:190} INFO - [2024-12-10T17:00:55.797-0600] {dag.py:4180} INFO - Setting next_dagrun for latest_only to 2024-12-10 16:00:00+00:00, run_after=2024-12-10 20:00:00+00:00
[2024-12-10T17:00:55.817-0600] {processor.py:208} INFO - Processing /root/airflow_env/lib/python3.12/site-packages/airflow/example_dags/example_latest_only.py took 0.061 seconds
[2024-12-10T17:02:08.622-0600] {processor.py:186} INFO - Started process (PID=896) to work on /root/airflow_env/lib/python3.12/site-packages/airflow/example_dags/example_latest_only.py
[2024-12-10T17:02:08.624-0600] {processor.py:914} INFO - Processing file /root/airflow_env/lib/python3.12/site-packages/airflow/example_dags/example_latest_only.py for tasks to queue
[2024-12-10T17:02:08.628-0600] {logging_mixin.py:190} INFO - [2024-12-10T17:02:08.627-0600] {dagbag.py:588} INFO - Filling up the DagBag from /root/airflow_env/lib/python3.12/site-packages/airflow/example_dags/example_latest_only.py
[2024-12-10T17:02:08.641-0600] {processor.py:925} INFO - DAG(s) 'latest_only' retrieved from /root/airflow_env/lib/python3.12/site-packages/airflow/example_dags/example_latest_only.py
[2024-12-10T17:02:08.671-0600] {logging_mixin.py:190} INFO - [2024-12-10T17:02:08.670-0600] {dag.py:3239} INFO - Sync 1 DAGs
[2024-12-10T17:02:08.702-0600] {logging_mixin.py:190} INFO - [2024-12-10T17:02:08.701-0600] {dag.py:4180} INFO - Setting next_dagrun for latest_only to 2024-12-10 16:00:00+00:00, run_after=2024-12-10 20:00:00+00:00
[2024-12-10T17:02:08.737-0600] {processor.py:208} INFO - Processing /root/airflow_env/lib/python3.12/site-packages/airflow/example_dags/example_latest_only.py took 0.124 seconds
[2024-12-10T17:02:56.899-0600] {processor.py:186} INFO - Started process (PID=957) to work on /root/airflow_env/lib/python3.12/site-packages/airflow/example_dags/example_latest_only.py
[2024-12-10T17:02:56.900-0600] {processor.py:914} INFO - Processing file /root/airflow_env/lib/python3.12/site-packages/airflow/example_dags/example_latest_only.py for tasks to queue
[2024-12-10T17:02:56.902-0600] {logging_mixin.py:190} INFO - [2024-12-10T17:02:56.902-0600] {dagbag.py:588} INFO - Filling up the DagBag from /root/airflow_env/lib/python3.12/site-packages/airflow/example_dags/example_latest_only.py
[2024-12-10T17:02:56.909-0600] {processor.py:925} INFO - DAG(s) 'latest_only' retrieved from /root/airflow_env/lib/python3.12/site-packages/airflow/example_dags/example_latest_only.py
[2024-12-10T17:02:56.920-0600] {logging_mixin.py:190} INFO - [2024-12-10T17:02:56.920-0600] {dag.py:3239} INFO - Sync 1 DAGs
[2024-12-10T17:02:56.936-0600] {logging_mixin.py:190} INFO - [2024-12-10T17:02:56.936-0600] {dag.py:4180} INFO - Setting next_dagrun for latest_only to 2024-12-10 16:00:00+00:00, run_after=2024-12-10 20:00:00+00:00
[2024-12-10T17:02:56.955-0600] {processor.py:208} INFO - Processing /root/airflow_env/lib/python3.12/site-packages/airflow/example_dags/example_latest_only.py took 0.063 seconds
[2024-12-10T17:03:48.994-0600] {processor.py:186} INFO - Started process (PID=1019) to work on /root/airflow_env/lib/python3.12/site-packages/airflow/example_dags/example_latest_only.py
[2024-12-10T17:03:48.996-0600] {processor.py:914} INFO - Processing file /root/airflow_env/lib/python3.12/site-packages/airflow/example_dags/example_latest_only.py for tasks to queue
[2024-12-10T17:03:48.997-0600] {logging_mixin.py:190} INFO - [2024-12-10T17:03:48.997-0600] {dagbag.py:588} INFO - Filling up the DagBag from /root/airflow_env/lib/python3.12/site-packages/airflow/example_dags/example_latest_only.py
[2024-12-10T17:03:49.002-0600] {processor.py:925} INFO - DAG(s) 'latest_only' retrieved from /root/airflow_env/lib/python3.12/site-packages/airflow/example_dags/example_latest_only.py
[2024-12-10T17:03:49.013-0600] {logging_mixin.py:190} INFO - [2024-12-10T17:03:49.013-0600] {dag.py:3239} INFO - Sync 1 DAGs
[2024-12-10T17:03:49.026-0600] {logging_mixin.py:190} INFO - [2024-12-10T17:03:49.026-0600] {dag.py:4180} INFO - Setting next_dagrun for latest_only to 2024-12-10 16:00:00+00:00, run_after=2024-12-10 20:00:00+00:00
[2024-12-10T17:03:49.042-0600] {processor.py:208} INFO - Processing /root/airflow_env/lib/python3.12/site-packages/airflow/example_dags/example_latest_only.py took 0.052 seconds
[2024-12-10T17:04:44.396-0600] {processor.py:186} INFO - Started process (PID=1077) to work on /root/airflow_env/lib/python3.12/site-packages/airflow/example_dags/example_latest_only.py
[2024-12-10T17:04:44.397-0600] {processor.py:914} INFO - Processing file /root/airflow_env/lib/python3.12/site-packages/airflow/example_dags/example_latest_only.py for tasks to queue
[2024-12-10T17:04:44.399-0600] {logging_mixin.py:190} INFO - [2024-12-10T17:04:44.399-0600] {dagbag.py:588} INFO - Filling up the DagBag from /root/airflow_env/lib/python3.12/site-packages/airflow/example_dags/example_latest_only.py
[2024-12-10T17:04:44.405-0600] {processor.py:925} INFO - DAG(s) 'latest_only' retrieved from /root/airflow_env/lib/python3.12/site-packages/airflow/example_dags/example_latest_only.py
[2024-12-10T17:04:44.416-0600] {logging_mixin.py:190} INFO - [2024-12-10T17:04:44.416-0600] {dag.py:3239} INFO - Sync 1 DAGs
[2024-12-10T17:04:44.429-0600] {logging_mixin.py:190} INFO - [2024-12-10T17:04:44.429-0600] {dag.py:4180} INFO - Setting next_dagrun for latest_only to 2024-12-10 16:00:00+00:00, run_after=2024-12-10 20:00:00+00:00
[2024-12-10T17:04:44.446-0600] {processor.py:208} INFO - Processing /root/airflow_env/lib/python3.12/site-packages/airflow/example_dags/example_latest_only.py took 0.054 seconds
[2024-12-10T17:05:39.205-0600] {processor.py:186} INFO - Started process (PID=1141) to work on /root/airflow_env/lib/python3.12/site-packages/airflow/example_dags/example_latest_only.py
[2024-12-10T17:05:39.207-0600] {processor.py:914} INFO - Processing file /root/airflow_env/lib/python3.12/site-packages/airflow/example_dags/example_latest_only.py for tasks to queue
[2024-12-10T17:05:39.208-0600] {logging_mixin.py:190} INFO - [2024-12-10T17:05:39.208-0600] {dagbag.py:588} INFO - Filling up the DagBag from /root/airflow_env/lib/python3.12/site-packages/airflow/example_dags/example_latest_only.py
[2024-12-10T17:05:39.213-0600] {processor.py:925} INFO - DAG(s) 'latest_only' retrieved from /root/airflow_env/lib/python3.12/site-packages/airflow/example_dags/example_latest_only.py
[2024-12-10T17:05:39.224-0600] {logging_mixin.py:190} INFO - [2024-12-10T17:05:39.224-0600] {dag.py:3239} INFO - Sync 1 DAGs
[2024-12-10T17:05:39.238-0600] {logging_mixin.py:190} INFO - [2024-12-10T17:05:39.237-0600] {dag.py:4180} INFO - Setting next_dagrun for latest_only to 2024-12-10 16:00:00+00:00, run_after=2024-12-10 20:00:00+00:00
[2024-12-10T17:05:39.259-0600] {processor.py:208} INFO - Processing /root/airflow_env/lib/python3.12/site-packages/airflow/example_dags/example_latest_only.py took 0.058 seconds
[2024-12-10T17:06:31.912-0600] {processor.py:186} INFO - Started process (PID=1205) to work on /root/airflow_env/lib/python3.12/site-packages/airflow/example_dags/example_latest_only.py
[2024-12-10T17:06:31.914-0600] {processor.py:914} INFO - Processing file /root/airflow_env/lib/python3.12/site-packages/airflow/example_dags/example_latest_only.py for tasks to queue
[2024-12-10T17:06:31.919-0600] {logging_mixin.py:190} INFO - [2024-12-10T17:06:31.919-0600] {dagbag.py:588} INFO - Filling up the DagBag from /root/airflow_env/lib/python3.12/site-packages/airflow/example_dags/example_latest_only.py
[2024-12-10T17:06:31.926-0600] {processor.py:925} INFO - DAG(s) 'latest_only' retrieved from /root/airflow_env/lib/python3.12/site-packages/airflow/example_dags/example_latest_only.py
[2024-12-10T17:06:31.940-0600] {logging_mixin.py:190} INFO - [2024-12-10T17:06:31.940-0600] {dag.py:3239} INFO - Sync 1 DAGs
[2024-12-10T17:06:31.968-0600] {logging_mixin.py:190} INFO - [2024-12-10T17:06:31.968-0600] {dag.py:4180} INFO - Setting next_dagrun for latest_only to 2024-12-10 16:00:00+00:00, run_after=2024-12-10 20:00:00+00:00
[2024-12-10T17:06:31.988-0600] {processor.py:208} INFO - Processing /root/airflow_env/lib/python3.12/site-packages/airflow/example_dags/example_latest_only.py took 0.083 seconds
[2024-12-10T17:07:26.212-0600] {processor.py:186} INFO - Started process (PID=1265) to work on /root/airflow_env/lib/python3.12/site-packages/airflow/example_dags/example_latest_only.py
[2024-12-10T17:07:26.214-0600] {processor.py:914} INFO - Processing file /root/airflow_env/lib/python3.12/site-packages/airflow/example_dags/example_latest_only.py for tasks to queue
[2024-12-10T17:07:26.215-0600] {logging_mixin.py:190} INFO - [2024-12-10T17:07:26.215-0600] {dagbag.py:588} INFO - Filling up the DagBag from /root/airflow_env/lib/python3.12/site-packages/airflow/example_dags/example_latest_only.py
[2024-12-10T17:07:26.221-0600] {processor.py:925} INFO - DAG(s) 'latest_only' retrieved from /root/airflow_env/lib/python3.12/site-packages/airflow/example_dags/example_latest_only.py
[2024-12-10T17:07:26.232-0600] {logging_mixin.py:190} INFO - [2024-12-10T17:07:26.232-0600] {dag.py:3239} INFO - Sync 1 DAGs
[2024-12-10T17:07:26.245-0600] {logging_mixin.py:190} INFO - [2024-12-10T17:07:26.245-0600] {dag.py:4180} INFO - Setting next_dagrun for latest_only to 2024-12-10 16:00:00+00:00, run_after=2024-12-10 20:00:00+00:00
[2024-12-10T17:07:26.262-0600] {processor.py:208} INFO - Processing /root/airflow_env/lib/python3.12/site-packages/airflow/example_dags/example_latest_only.py took 0.054 seconds
[2024-12-10T17:08:17.638-0600] {processor.py:186} INFO - Started process (PID=1366) to work on /root/airflow_env/lib/python3.12/site-packages/airflow/example_dags/example_latest_only.py
[2024-12-10T17:08:17.640-0600] {processor.py:914} INFO - Processing file /root/airflow_env/lib/python3.12/site-packages/airflow/example_dags/example_latest_only.py for tasks to queue
[2024-12-10T17:08:17.642-0600] {logging_mixin.py:190} INFO - [2024-12-10T17:08:17.642-0600] {dagbag.py:588} INFO - Filling up the DagBag from /root/airflow_env/lib/python3.12/site-packages/airflow/example_dags/example_latest_only.py
[2024-12-10T17:08:17.647-0600] {processor.py:925} INFO - DAG(s) 'latest_only' retrieved from /root/airflow_env/lib/python3.12/site-packages/airflow/example_dags/example_latest_only.py
[2024-12-10T17:08:17.658-0600] {logging_mixin.py:190} INFO - [2024-12-10T17:08:17.658-0600] {dag.py:3239} INFO - Sync 1 DAGs
[2024-12-10T17:08:17.672-0600] {logging_mixin.py:190} INFO - [2024-12-10T17:08:17.672-0600] {dag.py:4180} INFO - Setting next_dagrun for latest_only to 2024-12-10 16:00:00+00:00, run_after=2024-12-10 20:00:00+00:00
[2024-12-10T17:08:17.690-0600] {processor.py:208} INFO - Processing /root/airflow_env/lib/python3.12/site-packages/airflow/example_dags/example_latest_only.py took 0.057 seconds
[2024-12-10T17:09:07.838-0600] {processor.py:186} INFO - Started process (PID=1425) to work on /root/airflow_env/lib/python3.12/site-packages/airflow/example_dags/example_latest_only.py
[2024-12-10T17:09:07.839-0600] {processor.py:914} INFO - Processing file /root/airflow_env/lib/python3.12/site-packages/airflow/example_dags/example_latest_only.py for tasks to queue
[2024-12-10T17:09:07.841-0600] {logging_mixin.py:190} INFO - [2024-12-10T17:09:07.841-0600] {dagbag.py:588} INFO - Filling up the DagBag from /root/airflow_env/lib/python3.12/site-packages/airflow/example_dags/example_latest_only.py
[2024-12-10T17:09:07.849-0600] {processor.py:925} INFO - DAG(s) 'latest_only' retrieved from /root/airflow_env/lib/python3.12/site-packages/airflow/example_dags/example_latest_only.py
[2024-12-10T17:09:07.863-0600] {logging_mixin.py:190} INFO - [2024-12-10T17:09:07.863-0600] {dag.py:3239} INFO - Sync 1 DAGs
[2024-12-10T17:09:07.879-0600] {logging_mixin.py:190} INFO - [2024-12-10T17:09:07.879-0600] {dag.py:4180} INFO - Setting next_dagrun for latest_only to 2024-12-10 16:00:00+00:00, run_after=2024-12-10 20:00:00+00:00
[2024-12-10T17:09:07.896-0600] {processor.py:208} INFO - Processing /root/airflow_env/lib/python3.12/site-packages/airflow/example_dags/example_latest_only.py took 0.065 seconds
[2024-12-10T17:09:58.360-0600] {processor.py:186} INFO - Started process (PID=1493) to work on /root/airflow_env/lib/python3.12/site-packages/airflow/example_dags/example_latest_only.py
[2024-12-10T17:09:58.362-0600] {processor.py:914} INFO - Processing file /root/airflow_env/lib/python3.12/site-packages/airflow/example_dags/example_latest_only.py for tasks to queue
[2024-12-10T17:09:58.364-0600] {logging_mixin.py:190} INFO - [2024-12-10T17:09:58.363-0600] {dagbag.py:588} INFO - Filling up the DagBag from /root/airflow_env/lib/python3.12/site-packages/airflow/example_dags/example_latest_only.py
[2024-12-10T17:09:58.370-0600] {processor.py:925} INFO - DAG(s) 'latest_only' retrieved from /root/airflow_env/lib/python3.12/site-packages/airflow/example_dags/example_latest_only.py
[2024-12-10T17:09:58.382-0600] {logging_mixin.py:190} INFO - [2024-12-10T17:09:58.382-0600] {dag.py:3239} INFO - Sync 1 DAGs
[2024-12-10T17:09:58.396-0600] {logging_mixin.py:190} INFO - [2024-12-10T17:09:58.396-0600] {dag.py:4180} INFO - Setting next_dagrun for latest_only to 2024-12-10 16:00:00+00:00, run_after=2024-12-10 20:00:00+00:00
[2024-12-10T17:09:58.418-0600] {processor.py:208} INFO - Processing /root/airflow_env/lib/python3.12/site-packages/airflow/example_dags/example_latest_only.py took 0.062 seconds
[2024-12-10T17:10:50.609-0600] {processor.py:186} INFO - Started process (PID=1554) to work on /root/airflow_env/lib/python3.12/site-packages/airflow/example_dags/example_latest_only.py
[2024-12-10T17:10:50.611-0600] {processor.py:914} INFO - Processing file /root/airflow_env/lib/python3.12/site-packages/airflow/example_dags/example_latest_only.py for tasks to queue
[2024-12-10T17:10:50.613-0600] {logging_mixin.py:190} INFO - [2024-12-10T17:10:50.612-0600] {dagbag.py:588} INFO - Filling up the DagBag from /root/airflow_env/lib/python3.12/site-packages/airflow/example_dags/example_latest_only.py
[2024-12-10T17:10:50.620-0600] {processor.py:925} INFO - DAG(s) 'latest_only' retrieved from /root/airflow_env/lib/python3.12/site-packages/airflow/example_dags/example_latest_only.py
[2024-12-10T17:10:50.631-0600] {logging_mixin.py:190} INFO - [2024-12-10T17:10:50.631-0600] {dag.py:3239} INFO - Sync 1 DAGs
[2024-12-10T17:10:50.645-0600] {logging_mixin.py:190} INFO - [2024-12-10T17:10:50.645-0600] {dag.py:4180} INFO - Setting next_dagrun for latest_only to 2024-12-10 16:00:00+00:00, run_after=2024-12-10 20:00:00+00:00
[2024-12-10T17:10:50.663-0600] {processor.py:208} INFO - Processing /root/airflow_env/lib/python3.12/site-packages/airflow/example_dags/example_latest_only.py took 0.059 seconds
[2024-12-10T17:11:39.470-0600] {processor.py:186} INFO - Started process (PID=1615) to work on /root/airflow_env/lib/python3.12/site-packages/airflow/example_dags/example_latest_only.py
[2024-12-10T17:11:39.472-0600] {processor.py:914} INFO - Processing file /root/airflow_env/lib/python3.12/site-packages/airflow/example_dags/example_latest_only.py for tasks to queue
[2024-12-10T17:11:39.474-0600] {logging_mixin.py:190} INFO - [2024-12-10T17:11:39.473-0600] {dagbag.py:588} INFO - Filling up the DagBag from /root/airflow_env/lib/python3.12/site-packages/airflow/example_dags/example_latest_only.py
[2024-12-10T17:11:39.479-0600] {processor.py:925} INFO - DAG(s) 'latest_only' retrieved from /root/airflow_env/lib/python3.12/site-packages/airflow/example_dags/example_latest_only.py
[2024-12-10T17:11:39.491-0600] {logging_mixin.py:190} INFO - [2024-12-10T17:11:39.491-0600] {dag.py:3239} INFO - Sync 1 DAGs
[2024-12-10T17:11:39.504-0600] {logging_mixin.py:190} INFO - [2024-12-10T17:11:39.504-0600] {dag.py:4180} INFO - Setting next_dagrun for latest_only to 2024-12-10 16:00:00+00:00, run_after=2024-12-10 20:00:00+00:00
[2024-12-10T17:11:39.521-0600] {processor.py:208} INFO - Processing /root/airflow_env/lib/python3.12/site-packages/airflow/example_dags/example_latest_only.py took 0.056 seconds
[2024-12-10T17:12:30.906-0600] {processor.py:186} INFO - Started process (PID=1673) to work on /root/airflow_env/lib/python3.12/site-packages/airflow/example_dags/example_latest_only.py
[2024-12-10T17:12:30.908-0600] {processor.py:914} INFO - Processing file /root/airflow_env/lib/python3.12/site-packages/airflow/example_dags/example_latest_only.py for tasks to queue
[2024-12-10T17:12:30.909-0600] {logging_mixin.py:190} INFO - [2024-12-10T17:12:30.909-0600] {dagbag.py:588} INFO - Filling up the DagBag from /root/airflow_env/lib/python3.12/site-packages/airflow/example_dags/example_latest_only.py
[2024-12-10T17:12:30.915-0600] {processor.py:925} INFO - DAG(s) 'latest_only' retrieved from /root/airflow_env/lib/python3.12/site-packages/airflow/example_dags/example_latest_only.py
[2024-12-10T17:12:30.925-0600] {logging_mixin.py:190} INFO - [2024-12-10T17:12:30.925-0600] {dag.py:3239} INFO - Sync 1 DAGs
[2024-12-10T17:12:30.938-0600] {logging_mixin.py:190} INFO - [2024-12-10T17:12:30.938-0600] {dag.py:4180} INFO - Setting next_dagrun for latest_only to 2024-12-10 16:00:00+00:00, run_after=2024-12-10 20:00:00+00:00
[2024-12-10T17:12:30.955-0600] {processor.py:208} INFO - Processing /root/airflow_env/lib/python3.12/site-packages/airflow/example_dags/example_latest_only.py took 0.053 seconds
[2024-12-10T17:13:22.359-0600] {processor.py:186} INFO - Started process (PID=1729) to work on /root/airflow_env/lib/python3.12/site-packages/airflow/example_dags/example_latest_only.py
[2024-12-10T17:13:22.362-0600] {processor.py:914} INFO - Processing file /root/airflow_env/lib/python3.12/site-packages/airflow/example_dags/example_latest_only.py for tasks to queue
[2024-12-10T17:13:22.363-0600] {logging_mixin.py:190} INFO - [2024-12-10T17:13:22.363-0600] {dagbag.py:588} INFO - Filling up the DagBag from /root/airflow_env/lib/python3.12/site-packages/airflow/example_dags/example_latest_only.py
[2024-12-10T17:13:22.369-0600] {processor.py:925} INFO - DAG(s) 'latest_only' retrieved from /root/airflow_env/lib/python3.12/site-packages/airflow/example_dags/example_latest_only.py
[2024-12-10T17:13:22.379-0600] {logging_mixin.py:190} INFO - [2024-12-10T17:13:22.379-0600] {dag.py:3239} INFO - Sync 1 DAGs
[2024-12-10T17:13:22.392-0600] {logging_mixin.py:190} INFO - [2024-12-10T17:13:22.392-0600] {dag.py:4180} INFO - Setting next_dagrun for latest_only to 2024-12-10 16:00:00+00:00, run_after=2024-12-10 20:00:00+00:00
[2024-12-10T17:13:22.408-0600] {processor.py:208} INFO - Processing /root/airflow_env/lib/python3.12/site-packages/airflow/example_dags/example_latest_only.py took 0.052 seconds
[2024-12-10T17:14:13.970-0600] {processor.py:186} INFO - Started process (PID=1786) to work on /root/airflow_env/lib/python3.12/site-packages/airflow/example_dags/example_latest_only.py
[2024-12-10T17:14:13.971-0600] {processor.py:914} INFO - Processing file /root/airflow_env/lib/python3.12/site-packages/airflow/example_dags/example_latest_only.py for tasks to queue
[2024-12-10T17:14:13.973-0600] {logging_mixin.py:190} INFO - [2024-12-10T17:14:13.973-0600] {dagbag.py:588} INFO - Filling up the DagBag from /root/airflow_env/lib/python3.12/site-packages/airflow/example_dags/example_latest_only.py
[2024-12-10T17:14:13.980-0600] {processor.py:925} INFO - DAG(s) 'latest_only' retrieved from /root/airflow_env/lib/python3.12/site-packages/airflow/example_dags/example_latest_only.py
[2024-12-10T17:14:13.999-0600] {logging_mixin.py:190} INFO - [2024-12-10T17:14:13.999-0600] {dag.py:3239} INFO - Sync 1 DAGs
[2024-12-10T17:14:14.017-0600] {logging_mixin.py:190} INFO - [2024-12-10T17:14:14.017-0600] {dag.py:4180} INFO - Setting next_dagrun for latest_only to 2024-12-10 16:00:00+00:00, run_after=2024-12-10 20:00:00+00:00
[2024-12-10T17:14:14.041-0600] {processor.py:208} INFO - Processing /root/airflow_env/lib/python3.12/site-packages/airflow/example_dags/example_latest_only.py took 0.077 seconds
[2024-12-10T17:15:07.737-0600] {processor.py:186} INFO - Started process (PID=1854) to work on /root/airflow_env/lib/python3.12/site-packages/airflow/example_dags/example_latest_only.py
[2024-12-10T17:15:07.739-0600] {processor.py:914} INFO - Processing file /root/airflow_env/lib/python3.12/site-packages/airflow/example_dags/example_latest_only.py for tasks to queue
[2024-12-10T17:15:07.740-0600] {logging_mixin.py:190} INFO - [2024-12-10T17:15:07.740-0600] {dagbag.py:588} INFO - Filling up the DagBag from /root/airflow_env/lib/python3.12/site-packages/airflow/example_dags/example_latest_only.py
[2024-12-10T17:15:07.746-0600] {processor.py:925} INFO - DAG(s) 'latest_only' retrieved from /root/airflow_env/lib/python3.12/site-packages/airflow/example_dags/example_latest_only.py
[2024-12-10T17:15:07.756-0600] {logging_mixin.py:190} INFO - [2024-12-10T17:15:07.756-0600] {dag.py:3239} INFO - Sync 1 DAGs
[2024-12-10T17:15:07.770-0600] {logging_mixin.py:190} INFO - [2024-12-10T17:15:07.769-0600] {dag.py:4180} INFO - Setting next_dagrun for latest_only to 2024-12-10 16:00:00+00:00, run_after=2024-12-10 20:00:00+00:00
[2024-12-10T17:15:07.787-0600] {processor.py:208} INFO - Processing /root/airflow_env/lib/python3.12/site-packages/airflow/example_dags/example_latest_only.py took 0.054 seconds
[2024-12-10T17:15:58.084-0600] {processor.py:186} INFO - Started process (PID=1916) to work on /root/airflow_env/lib/python3.12/site-packages/airflow/example_dags/example_latest_only.py
[2024-12-10T17:15:58.087-0600] {processor.py:914} INFO - Processing file /root/airflow_env/lib/python3.12/site-packages/airflow/example_dags/example_latest_only.py for tasks to queue
[2024-12-10T17:15:58.088-0600] {logging_mixin.py:190} INFO - [2024-12-10T17:15:58.088-0600] {dagbag.py:588} INFO - Filling up the DagBag from /root/airflow_env/lib/python3.12/site-packages/airflow/example_dags/example_latest_only.py
[2024-12-10T17:15:58.093-0600] {processor.py:925} INFO - DAG(s) 'latest_only' retrieved from /root/airflow_env/lib/python3.12/site-packages/airflow/example_dags/example_latest_only.py
[2024-12-10T17:15:58.103-0600] {logging_mixin.py:190} INFO - [2024-12-10T17:15:58.103-0600] {dag.py:3239} INFO - Sync 1 DAGs
[2024-12-10T17:15:58.115-0600] {logging_mixin.py:190} INFO - [2024-12-10T17:15:58.115-0600] {dag.py:4180} INFO - Setting next_dagrun for latest_only to 2024-12-10 16:00:00+00:00, run_after=2024-12-10 20:00:00+00:00
[2024-12-10T17:15:58.132-0600] {processor.py:208} INFO - Processing /root/airflow_env/lib/python3.12/site-packages/airflow/example_dags/example_latest_only.py took 0.052 seconds
[2024-12-10T17:16:48.034-0600] {processor.py:186} INFO - Started process (PID=1974) to work on /root/airflow_env/lib/python3.12/site-packages/airflow/example_dags/example_latest_only.py
[2024-12-10T17:16:48.037-0600] {processor.py:914} INFO - Processing file /root/airflow_env/lib/python3.12/site-packages/airflow/example_dags/example_latest_only.py for tasks to queue
[2024-12-10T17:16:48.038-0600] {logging_mixin.py:190} INFO - [2024-12-10T17:16:48.038-0600] {dagbag.py:588} INFO - Filling up the DagBag from /root/airflow_env/lib/python3.12/site-packages/airflow/example_dags/example_latest_only.py
[2024-12-10T17:16:48.044-0600] {processor.py:925} INFO - DAG(s) 'latest_only' retrieved from /root/airflow_env/lib/python3.12/site-packages/airflow/example_dags/example_latest_only.py
[2024-12-10T17:16:48.056-0600] {logging_mixin.py:190} INFO - [2024-12-10T17:16:48.056-0600] {dag.py:3239} INFO - Sync 1 DAGs
[2024-12-10T17:16:48.071-0600] {logging_mixin.py:190} INFO - [2024-12-10T17:16:48.070-0600] {dag.py:4180} INFO - Setting next_dagrun for latest_only to 2024-12-10 16:00:00+00:00, run_after=2024-12-10 20:00:00+00:00
[2024-12-10T17:16:48.089-0600] {processor.py:208} INFO - Processing /root/airflow_env/lib/python3.12/site-packages/airflow/example_dags/example_latest_only.py took 0.059 seconds
[2024-12-10T17:17:42.035-0600] {processor.py:186} INFO - Started process (PID=2036) to work on /root/airflow_env/lib/python3.12/site-packages/airflow/example_dags/example_latest_only.py
[2024-12-10T17:17:42.038-0600] {processor.py:914} INFO - Processing file /root/airflow_env/lib/python3.12/site-packages/airflow/example_dags/example_latest_only.py for tasks to queue
[2024-12-10T17:17:42.039-0600] {logging_mixin.py:190} INFO - [2024-12-10T17:17:42.039-0600] {dagbag.py:588} INFO - Filling up the DagBag from /root/airflow_env/lib/python3.12/site-packages/airflow/example_dags/example_latest_only.py
[2024-12-10T17:17:42.046-0600] {processor.py:925} INFO - DAG(s) 'latest_only' retrieved from /root/airflow_env/lib/python3.12/site-packages/airflow/example_dags/example_latest_only.py
[2024-12-10T17:17:42.060-0600] {logging_mixin.py:190} INFO - [2024-12-10T17:17:42.060-0600] {dag.py:3239} INFO - Sync 1 DAGs
[2024-12-10T17:17:42.073-0600] {logging_mixin.py:190} INFO - [2024-12-10T17:17:42.073-0600] {dag.py:4180} INFO - Setting next_dagrun for latest_only to 2024-12-10 16:00:00+00:00, run_after=2024-12-10 20:00:00+00:00
[2024-12-10T17:17:42.092-0600] {processor.py:208} INFO - Processing /root/airflow_env/lib/python3.12/site-packages/airflow/example_dags/example_latest_only.py took 0.061 seconds
[2024-12-10T17:18:33.856-0600] {processor.py:186} INFO - Started process (PID=2091) to work on /root/airflow_env/lib/python3.12/site-packages/airflow/example_dags/example_latest_only.py
[2024-12-10T17:18:33.858-0600] {processor.py:914} INFO - Processing file /root/airflow_env/lib/python3.12/site-packages/airflow/example_dags/example_latest_only.py for tasks to queue
[2024-12-10T17:18:33.860-0600] {logging_mixin.py:190} INFO - [2024-12-10T17:18:33.859-0600] {dagbag.py:588} INFO - Filling up the DagBag from /root/airflow_env/lib/python3.12/site-packages/airflow/example_dags/example_latest_only.py
[2024-12-10T17:18:33.865-0600] {processor.py:925} INFO - DAG(s) 'latest_only' retrieved from /root/airflow_env/lib/python3.12/site-packages/airflow/example_dags/example_latest_only.py
[2024-12-10T17:18:33.875-0600] {logging_mixin.py:190} INFO - [2024-12-10T17:18:33.875-0600] {dag.py:3239} INFO - Sync 1 DAGs
[2024-12-10T17:18:33.888-0600] {logging_mixin.py:190} INFO - [2024-12-10T17:18:33.888-0600] {dag.py:4180} INFO - Setting next_dagrun for latest_only to 2024-12-10 16:00:00+00:00, run_after=2024-12-10 20:00:00+00:00
[2024-12-10T17:18:33.904-0600] {processor.py:208} INFO - Processing /root/airflow_env/lib/python3.12/site-packages/airflow/example_dags/example_latest_only.py took 0.052 seconds
[2024-12-10T17:19:27.133-0600] {processor.py:186} INFO - Started process (PID=2149) to work on /root/airflow_env/lib/python3.12/site-packages/airflow/example_dags/example_latest_only.py
[2024-12-10T17:19:27.136-0600] {processor.py:914} INFO - Processing file /root/airflow_env/lib/python3.12/site-packages/airflow/example_dags/example_latest_only.py for tasks to queue
[2024-12-10T17:19:27.137-0600] {logging_mixin.py:190} INFO - [2024-12-10T17:19:27.137-0600] {dagbag.py:588} INFO - Filling up the DagBag from /root/airflow_env/lib/python3.12/site-packages/airflow/example_dags/example_latest_only.py
[2024-12-10T17:19:27.143-0600] {processor.py:925} INFO - DAG(s) 'latest_only' retrieved from /root/airflow_env/lib/python3.12/site-packages/airflow/example_dags/example_latest_only.py
[2024-12-10T17:19:27.153-0600] {logging_mixin.py:190} INFO - [2024-12-10T17:19:27.153-0600] {dag.py:3239} INFO - Sync 1 DAGs
[2024-12-10T17:19:27.166-0600] {logging_mixin.py:190} INFO - [2024-12-10T17:19:27.166-0600] {dag.py:4180} INFO - Setting next_dagrun for latest_only to 2024-12-10 16:00:00+00:00, run_after=2024-12-10 20:00:00+00:00
[2024-12-10T17:19:27.184-0600] {processor.py:208} INFO - Processing /root/airflow_env/lib/python3.12/site-packages/airflow/example_dags/example_latest_only.py took 0.056 seconds
[2024-12-10T17:20:17.839-0600] {processor.py:186} INFO - Started process (PID=2207) to work on /root/airflow_env/lib/python3.12/site-packages/airflow/example_dags/example_latest_only.py
[2024-12-10T17:20:17.840-0600] {processor.py:914} INFO - Processing file /root/airflow_env/lib/python3.12/site-packages/airflow/example_dags/example_latest_only.py for tasks to queue
[2024-12-10T17:20:17.842-0600] {logging_mixin.py:190} INFO - [2024-12-10T17:20:17.842-0600] {dagbag.py:588} INFO - Filling up the DagBag from /root/airflow_env/lib/python3.12/site-packages/airflow/example_dags/example_latest_only.py
[2024-12-10T17:20:17.847-0600] {processor.py:925} INFO - DAG(s) 'latest_only' retrieved from /root/airflow_env/lib/python3.12/site-packages/airflow/example_dags/example_latest_only.py
[2024-12-10T17:20:17.857-0600] {logging_mixin.py:190} INFO - [2024-12-10T17:20:17.857-0600] {dag.py:3239} INFO - Sync 1 DAGs
[2024-12-10T17:20:17.870-0600] {logging_mixin.py:190} INFO - [2024-12-10T17:20:17.870-0600] {dag.py:4180} INFO - Setting next_dagrun for latest_only to 2024-12-10 16:00:00+00:00, run_after=2024-12-10 20:00:00+00:00
[2024-12-10T17:20:17.887-0600] {processor.py:208} INFO - Processing /root/airflow_env/lib/python3.12/site-packages/airflow/example_dags/example_latest_only.py took 0.052 seconds
[2024-12-10T17:21:11.599-0600] {processor.py:186} INFO - Started process (PID=2262) to work on /root/airflow_env/lib/python3.12/site-packages/airflow/example_dags/example_latest_only.py
[2024-12-10T17:21:11.601-0600] {processor.py:914} INFO - Processing file /root/airflow_env/lib/python3.12/site-packages/airflow/example_dags/example_latest_only.py for tasks to queue
[2024-12-10T17:21:11.602-0600] {logging_mixin.py:190} INFO - [2024-12-10T17:21:11.602-0600] {dagbag.py:588} INFO - Filling up the DagBag from /root/airflow_env/lib/python3.12/site-packages/airflow/example_dags/example_latest_only.py
[2024-12-10T17:21:11.608-0600] {processor.py:925} INFO - DAG(s) 'latest_only' retrieved from /root/airflow_env/lib/python3.12/site-packages/airflow/example_dags/example_latest_only.py
[2024-12-10T17:21:11.618-0600] {logging_mixin.py:190} INFO - [2024-12-10T17:21:11.618-0600] {dag.py:3239} INFO - Sync 1 DAGs
[2024-12-10T17:21:11.632-0600] {logging_mixin.py:190} INFO - [2024-12-10T17:21:11.632-0600] {dag.py:4180} INFO - Setting next_dagrun for latest_only to 2024-12-10 16:00:00+00:00, run_after=2024-12-10 20:00:00+00:00
[2024-12-10T17:21:11.649-0600] {processor.py:208} INFO - Processing /root/airflow_env/lib/python3.12/site-packages/airflow/example_dags/example_latest_only.py took 0.054 seconds
[2024-12-10T17:22:04.438-0600] {processor.py:186} INFO - Started process (PID=2322) to work on /root/airflow_env/lib/python3.12/site-packages/airflow/example_dags/example_latest_only.py
[2024-12-10T17:22:04.441-0600] {processor.py:914} INFO - Processing file /root/airflow_env/lib/python3.12/site-packages/airflow/example_dags/example_latest_only.py for tasks to queue
[2024-12-10T17:22:04.442-0600] {logging_mixin.py:190} INFO - [2024-12-10T17:22:04.442-0600] {dagbag.py:588} INFO - Filling up the DagBag from /root/airflow_env/lib/python3.12/site-packages/airflow/example_dags/example_latest_only.py
[2024-12-10T17:22:04.447-0600] {processor.py:925} INFO - DAG(s) 'latest_only' retrieved from /root/airflow_env/lib/python3.12/site-packages/airflow/example_dags/example_latest_only.py
[2024-12-10T17:22:04.458-0600] {logging_mixin.py:190} INFO - [2024-12-10T17:22:04.457-0600] {dag.py:3239} INFO - Sync 1 DAGs
[2024-12-10T17:22:04.470-0600] {logging_mixin.py:190} INFO - [2024-12-10T17:22:04.470-0600] {dag.py:4180} INFO - Setting next_dagrun for latest_only to 2024-12-10 16:00:00+00:00, run_after=2024-12-10 20:00:00+00:00
[2024-12-10T17:22:04.488-0600] {processor.py:208} INFO - Processing /root/airflow_env/lib/python3.12/site-packages/airflow/example_dags/example_latest_only.py took 0.054 seconds
[2024-12-10T17:22:59.018-0600] {processor.py:186} INFO - Started process (PID=2380) to work on /root/airflow_env/lib/python3.12/site-packages/airflow/example_dags/example_latest_only.py
[2024-12-10T17:22:59.021-0600] {processor.py:914} INFO - Processing file /root/airflow_env/lib/python3.12/site-packages/airflow/example_dags/example_latest_only.py for tasks to queue
[2024-12-10T17:22:59.022-0600] {logging_mixin.py:190} INFO - [2024-12-10T17:22:59.022-0600] {dagbag.py:588} INFO - Filling up the DagBag from /root/airflow_env/lib/python3.12/site-packages/airflow/example_dags/example_latest_only.py
[2024-12-10T17:22:59.027-0600] {processor.py:925} INFO - DAG(s) 'latest_only' retrieved from /root/airflow_env/lib/python3.12/site-packages/airflow/example_dags/example_latest_only.py
[2024-12-10T17:22:59.038-0600] {logging_mixin.py:190} INFO - [2024-12-10T17:22:59.038-0600] {dag.py:3239} INFO - Sync 1 DAGs
[2024-12-10T17:22:59.051-0600] {logging_mixin.py:190} INFO - [2024-12-10T17:22:59.050-0600] {dag.py:4180} INFO - Setting next_dagrun for latest_only to 2024-12-10 16:00:00+00:00, run_after=2024-12-10 20:00:00+00:00
[2024-12-10T17:22:59.067-0600] {processor.py:208} INFO - Processing /root/airflow_env/lib/python3.12/site-packages/airflow/example_dags/example_latest_only.py took 0.052 seconds
[2024-12-10T17:23:53.841-0600] {processor.py:186} INFO - Started process (PID=2439) to work on /root/airflow_env/lib/python3.12/site-packages/airflow/example_dags/example_latest_only.py
[2024-12-10T17:23:53.843-0600] {processor.py:914} INFO - Processing file /root/airflow_env/lib/python3.12/site-packages/airflow/example_dags/example_latest_only.py for tasks to queue
[2024-12-10T17:23:53.845-0600] {logging_mixin.py:190} INFO - [2024-12-10T17:23:53.844-0600] {dagbag.py:588} INFO - Filling up the DagBag from /root/airflow_env/lib/python3.12/site-packages/airflow/example_dags/example_latest_only.py
[2024-12-10T17:23:53.850-0600] {processor.py:925} INFO - DAG(s) 'latest_only' retrieved from /root/airflow_env/lib/python3.12/site-packages/airflow/example_dags/example_latest_only.py
[2024-12-10T17:23:53.861-0600] {logging_mixin.py:190} INFO - [2024-12-10T17:23:53.860-0600] {dag.py:3239} INFO - Sync 1 DAGs
[2024-12-10T17:23:53.874-0600] {logging_mixin.py:190} INFO - [2024-12-10T17:23:53.873-0600] {dag.py:4180} INFO - Setting next_dagrun for latest_only to 2024-12-10 16:00:00+00:00, run_after=2024-12-10 20:00:00+00:00
[2024-12-10T17:23:53.892-0600] {processor.py:208} INFO - Processing /root/airflow_env/lib/python3.12/site-packages/airflow/example_dags/example_latest_only.py took 0.055 seconds
[2024-12-10T17:24:44.125-0600] {processor.py:186} INFO - Started process (PID=2501) to work on /root/airflow_env/lib/python3.12/site-packages/airflow/example_dags/example_latest_only.py
[2024-12-10T17:24:44.128-0600] {processor.py:914} INFO - Processing file /root/airflow_env/lib/python3.12/site-packages/airflow/example_dags/example_latest_only.py for tasks to queue
[2024-12-10T17:24:44.129-0600] {logging_mixin.py:190} INFO - [2024-12-10T17:24:44.129-0600] {dagbag.py:588} INFO - Filling up the DagBag from /root/airflow_env/lib/python3.12/site-packages/airflow/example_dags/example_latest_only.py
[2024-12-10T17:24:44.135-0600] {processor.py:925} INFO - DAG(s) 'latest_only' retrieved from /root/airflow_env/lib/python3.12/site-packages/airflow/example_dags/example_latest_only.py
[2024-12-10T17:24:44.145-0600] {logging_mixin.py:190} INFO - [2024-12-10T17:24:44.145-0600] {dag.py:3239} INFO - Sync 1 DAGs
[2024-12-10T17:24:44.158-0600] {logging_mixin.py:190} INFO - [2024-12-10T17:24:44.158-0600] {dag.py:4180} INFO - Setting next_dagrun for latest_only to 2024-12-10 16:00:00+00:00, run_after=2024-12-10 20:00:00+00:00
[2024-12-10T17:24:44.177-0600] {processor.py:208} INFO - Processing /root/airflow_env/lib/python3.12/site-packages/airflow/example_dags/example_latest_only.py took 0.055 seconds
[2024-12-10T17:25:38.232-0600] {processor.py:186} INFO - Started process (PID=2561) to work on /root/airflow_env/lib/python3.12/site-packages/airflow/example_dags/example_latest_only.py
[2024-12-10T17:25:38.233-0600] {processor.py:914} INFO - Processing file /root/airflow_env/lib/python3.12/site-packages/airflow/example_dags/example_latest_only.py for tasks to queue
[2024-12-10T17:25:38.235-0600] {logging_mixin.py:190} INFO - [2024-12-10T17:25:38.234-0600] {dagbag.py:588} INFO - Filling up the DagBag from /root/airflow_env/lib/python3.12/site-packages/airflow/example_dags/example_latest_only.py
[2024-12-10T17:25:38.240-0600] {processor.py:925} INFO - DAG(s) 'latest_only' retrieved from /root/airflow_env/lib/python3.12/site-packages/airflow/example_dags/example_latest_only.py
[2024-12-10T17:25:38.251-0600] {logging_mixin.py:190} INFO - [2024-12-10T17:25:38.251-0600] {dag.py:3239} INFO - Sync 1 DAGs
[2024-12-10T17:25:38.264-0600] {logging_mixin.py:190} INFO - [2024-12-10T17:25:38.263-0600] {dag.py:4180} INFO - Setting next_dagrun for latest_only to 2024-12-10 16:00:00+00:00, run_after=2024-12-10 20:00:00+00:00
[2024-12-10T17:25:38.281-0600] {processor.py:208} INFO - Processing /root/airflow_env/lib/python3.12/site-packages/airflow/example_dags/example_latest_only.py took 0.054 seconds
[2024-12-10T17:26:32.128-0600] {processor.py:186} INFO - Started process (PID=2619) to work on /root/airflow_env/lib/python3.12/site-packages/airflow/example_dags/example_latest_only.py
[2024-12-10T17:26:32.131-0600] {processor.py:914} INFO - Processing file /root/airflow_env/lib/python3.12/site-packages/airflow/example_dags/example_latest_only.py for tasks to queue
[2024-12-10T17:26:32.133-0600] {logging_mixin.py:190} INFO - [2024-12-10T17:26:32.132-0600] {dagbag.py:588} INFO - Filling up the DagBag from /root/airflow_env/lib/python3.12/site-packages/airflow/example_dags/example_latest_only.py
[2024-12-10T17:26:32.138-0600] {processor.py:925} INFO - DAG(s) 'latest_only' retrieved from /root/airflow_env/lib/python3.12/site-packages/airflow/example_dags/example_latest_only.py
[2024-12-10T17:26:32.154-0600] {logging_mixin.py:190} INFO - [2024-12-10T17:26:32.153-0600] {dag.py:3239} INFO - Sync 1 DAGs
[2024-12-10T17:26:32.173-0600] {logging_mixin.py:190} INFO - [2024-12-10T17:26:32.173-0600] {dag.py:4180} INFO - Setting next_dagrun for latest_only to 2024-12-10 16:00:00+00:00, run_after=2024-12-10 20:00:00+00:00
[2024-12-10T17:26:32.198-0600] {processor.py:208} INFO - Processing /root/airflow_env/lib/python3.12/site-packages/airflow/example_dags/example_latest_only.py took 0.075 seconds
[2024-12-10T17:27:26.891-0600] {processor.py:186} INFO - Started process (PID=2678) to work on /root/airflow_env/lib/python3.12/site-packages/airflow/example_dags/example_latest_only.py
[2024-12-10T17:27:26.895-0600] {processor.py:914} INFO - Processing file /root/airflow_env/lib/python3.12/site-packages/airflow/example_dags/example_latest_only.py for tasks to queue
[2024-12-10T17:27:26.897-0600] {logging_mixin.py:190} INFO - [2024-12-10T17:27:26.896-0600] {dagbag.py:588} INFO - Filling up the DagBag from /root/airflow_env/lib/python3.12/site-packages/airflow/example_dags/example_latest_only.py
[2024-12-10T17:27:26.903-0600] {processor.py:925} INFO - DAG(s) 'latest_only' retrieved from /root/airflow_env/lib/python3.12/site-packages/airflow/example_dags/example_latest_only.py
[2024-12-10T17:27:26.915-0600] {logging_mixin.py:190} INFO - [2024-12-10T17:27:26.915-0600] {dag.py:3239} INFO - Sync 1 DAGs
[2024-12-10T17:27:26.929-0600] {logging_mixin.py:190} INFO - [2024-12-10T17:27:26.929-0600] {dag.py:4180} INFO - Setting next_dagrun for latest_only to 2024-12-10 16:00:00+00:00, run_after=2024-12-10 20:00:00+00:00
[2024-12-10T17:27:26.948-0600] {processor.py:208} INFO - Processing /root/airflow_env/lib/python3.12/site-packages/airflow/example_dags/example_latest_only.py took 0.062 seconds
[2024-12-10T17:28:17.100-0600] {processor.py:186} INFO - Started process (PID=2735) to work on /root/airflow_env/lib/python3.12/site-packages/airflow/example_dags/example_latest_only.py
[2024-12-10T17:28:17.103-0600] {processor.py:914} INFO - Processing file /root/airflow_env/lib/python3.12/site-packages/airflow/example_dags/example_latest_only.py for tasks to queue
[2024-12-10T17:28:17.105-0600] {logging_mixin.py:190} INFO - [2024-12-10T17:28:17.105-0600] {dagbag.py:588} INFO - Filling up the DagBag from /root/airflow_env/lib/python3.12/site-packages/airflow/example_dags/example_latest_only.py
[2024-12-10T17:28:17.110-0600] {processor.py:925} INFO - DAG(s) 'latest_only' retrieved from /root/airflow_env/lib/python3.12/site-packages/airflow/example_dags/example_latest_only.py
[2024-12-10T17:28:17.122-0600] {logging_mixin.py:190} INFO - [2024-12-10T17:28:17.122-0600] {dag.py:3239} INFO - Sync 1 DAGs
[2024-12-10T17:28:17.136-0600] {logging_mixin.py:190} INFO - [2024-12-10T17:28:17.136-0600] {dag.py:4180} INFO - Setting next_dagrun for latest_only to 2024-12-10 16:00:00+00:00, run_after=2024-12-10 20:00:00+00:00
[2024-12-10T17:28:17.154-0600] {processor.py:208} INFO - Processing /root/airflow_env/lib/python3.12/site-packages/airflow/example_dags/example_latest_only.py took 0.057 seconds
[2024-12-10T17:29:11.014-0600] {processor.py:186} INFO - Started process (PID=2791) to work on /root/airflow_env/lib/python3.12/site-packages/airflow/example_dags/example_latest_only.py
[2024-12-10T17:29:11.016-0600] {processor.py:914} INFO - Processing file /root/airflow_env/lib/python3.12/site-packages/airflow/example_dags/example_latest_only.py for tasks to queue
[2024-12-10T17:29:11.017-0600] {logging_mixin.py:190} INFO - [2024-12-10T17:29:11.017-0600] {dagbag.py:588} INFO - Filling up the DagBag from /root/airflow_env/lib/python3.12/site-packages/airflow/example_dags/example_latest_only.py
[2024-12-10T17:29:11.022-0600] {processor.py:925} INFO - DAG(s) 'latest_only' retrieved from /root/airflow_env/lib/python3.12/site-packages/airflow/example_dags/example_latest_only.py
[2024-12-10T17:29:11.033-0600] {logging_mixin.py:190} INFO - [2024-12-10T17:29:11.033-0600] {dag.py:3239} INFO - Sync 1 DAGs
[2024-12-10T17:29:11.045-0600] {logging_mixin.py:190} INFO - [2024-12-10T17:29:11.045-0600] {dag.py:4180} INFO - Setting next_dagrun for latest_only to 2024-12-10 16:00:00+00:00, run_after=2024-12-10 20:00:00+00:00
[2024-12-10T17:29:11.062-0600] {processor.py:208} INFO - Processing /root/airflow_env/lib/python3.12/site-packages/airflow/example_dags/example_latest_only.py took 0.052 seconds
[2024-12-10T17:30:01.880-0600] {processor.py:186} INFO - Started process (PID=2853) to work on /root/airflow_env/lib/python3.12/site-packages/airflow/example_dags/example_latest_only.py
[2024-12-10T17:30:01.881-0600] {processor.py:914} INFO - Processing file /root/airflow_env/lib/python3.12/site-packages/airflow/example_dags/example_latest_only.py for tasks to queue
[2024-12-10T17:30:01.883-0600] {logging_mixin.py:190} INFO - [2024-12-10T17:30:01.882-0600] {dagbag.py:588} INFO - Filling up the DagBag from /root/airflow_env/lib/python3.12/site-packages/airflow/example_dags/example_latest_only.py
[2024-12-10T17:30:01.888-0600] {processor.py:925} INFO - DAG(s) 'latest_only' retrieved from /root/airflow_env/lib/python3.12/site-packages/airflow/example_dags/example_latest_only.py
[2024-12-10T17:30:01.898-0600] {logging_mixin.py:190} INFO - [2024-12-10T17:30:01.898-0600] {dag.py:3239} INFO - Sync 1 DAGs
[2024-12-10T17:30:01.910-0600] {logging_mixin.py:190} INFO - [2024-12-10T17:30:01.910-0600] {dag.py:4180} INFO - Setting next_dagrun for latest_only to 2024-12-10 16:00:00+00:00, run_after=2024-12-10 20:00:00+00:00
[2024-12-10T17:30:01.928-0600] {processor.py:208} INFO - Processing /root/airflow_env/lib/python3.12/site-packages/airflow/example_dags/example_latest_only.py took 0.052 seconds
[2024-12-10T17:30:52.256-0600] {processor.py:186} INFO - Started process (PID=2911) to work on /root/airflow_env/lib/python3.12/site-packages/airflow/example_dags/example_latest_only.py
[2024-12-10T17:30:52.259-0600] {processor.py:914} INFO - Processing file /root/airflow_env/lib/python3.12/site-packages/airflow/example_dags/example_latest_only.py for tasks to queue
[2024-12-10T17:30:52.260-0600] {logging_mixin.py:190} INFO - [2024-12-10T17:30:52.260-0600] {dagbag.py:588} INFO - Filling up the DagBag from /root/airflow_env/lib/python3.12/site-packages/airflow/example_dags/example_latest_only.py
[2024-12-10T17:30:52.266-0600] {processor.py:925} INFO - DAG(s) 'latest_only' retrieved from /root/airflow_env/lib/python3.12/site-packages/airflow/example_dags/example_latest_only.py
[2024-12-10T17:30:52.276-0600] {logging_mixin.py:190} INFO - [2024-12-10T17:30:52.276-0600] {dag.py:3239} INFO - Sync 1 DAGs
[2024-12-10T17:30:52.289-0600] {logging_mixin.py:190} INFO - [2024-12-10T17:30:52.289-0600] {dag.py:4180} INFO - Setting next_dagrun for latest_only to 2024-12-10 16:00:00+00:00, run_after=2024-12-10 20:00:00+00:00
[2024-12-10T17:30:52.306-0600] {processor.py:208} INFO - Processing /root/airflow_env/lib/python3.12/site-packages/airflow/example_dags/example_latest_only.py took 0.053 seconds
[2024-12-10T17:31:43.960-0600] {processor.py:186} INFO - Started process (PID=2968) to work on /root/airflow_env/lib/python3.12/site-packages/airflow/example_dags/example_latest_only.py
[2024-12-10T17:31:43.961-0600] {processor.py:914} INFO - Processing file /root/airflow_env/lib/python3.12/site-packages/airflow/example_dags/example_latest_only.py for tasks to queue
[2024-12-10T17:31:43.963-0600] {logging_mixin.py:190} INFO - [2024-12-10T17:31:43.963-0600] {dagbag.py:588} INFO - Filling up the DagBag from /root/airflow_env/lib/python3.12/site-packages/airflow/example_dags/example_latest_only.py
[2024-12-10T17:31:43.968-0600] {processor.py:925} INFO - DAG(s) 'latest_only' retrieved from /root/airflow_env/lib/python3.12/site-packages/airflow/example_dags/example_latest_only.py
[2024-12-10T17:31:43.979-0600] {logging_mixin.py:190} INFO - [2024-12-10T17:31:43.978-0600] {dag.py:3239} INFO - Sync 1 DAGs
[2024-12-10T17:31:43.991-0600] {logging_mixin.py:190} INFO - [2024-12-10T17:31:43.991-0600] {dag.py:4180} INFO - Setting next_dagrun for latest_only to 2024-12-10 16:00:00+00:00, run_after=2024-12-10 20:00:00+00:00
[2024-12-10T17:31:44.009-0600] {processor.py:208} INFO - Processing /root/airflow_env/lib/python3.12/site-packages/airflow/example_dags/example_latest_only.py took 0.053 seconds
[2024-12-10T17:32:37.324-0600] {processor.py:186} INFO - Started process (PID=3026) to work on /root/airflow_env/lib/python3.12/site-packages/airflow/example_dags/example_latest_only.py
[2024-12-10T17:32:37.326-0600] {processor.py:914} INFO - Processing file /root/airflow_env/lib/python3.12/site-packages/airflow/example_dags/example_latest_only.py for tasks to queue
[2024-12-10T17:32:37.328-0600] {logging_mixin.py:190} INFO - [2024-12-10T17:32:37.328-0600] {dagbag.py:588} INFO - Filling up the DagBag from /root/airflow_env/lib/python3.12/site-packages/airflow/example_dags/example_latest_only.py
[2024-12-10T17:32:37.333-0600] {processor.py:925} INFO - DAG(s) 'latest_only' retrieved from /root/airflow_env/lib/python3.12/site-packages/airflow/example_dags/example_latest_only.py
[2024-12-10T17:32:37.344-0600] {logging_mixin.py:190} INFO - [2024-12-10T17:32:37.344-0600] {dag.py:3239} INFO - Sync 1 DAGs
[2024-12-10T17:32:37.356-0600] {logging_mixin.py:190} INFO - [2024-12-10T17:32:37.356-0600] {dag.py:4180} INFO - Setting next_dagrun for latest_only to 2024-12-10 16:00:00+00:00, run_after=2024-12-10 20:00:00+00:00
[2024-12-10T17:32:37.374-0600] {processor.py:208} INFO - Processing /root/airflow_env/lib/python3.12/site-packages/airflow/example_dags/example_latest_only.py took 0.053 seconds
[2024-12-10T17:33:32.058-0600] {processor.py:186} INFO - Started process (PID=3084) to work on /root/airflow_env/lib/python3.12/site-packages/airflow/example_dags/example_latest_only.py
[2024-12-10T17:33:32.061-0600] {processor.py:914} INFO - Processing file /root/airflow_env/lib/python3.12/site-packages/airflow/example_dags/example_latest_only.py for tasks to queue
[2024-12-10T17:33:32.063-0600] {logging_mixin.py:190} INFO - [2024-12-10T17:33:32.062-0600] {dagbag.py:588} INFO - Filling up the DagBag from /root/airflow_env/lib/python3.12/site-packages/airflow/example_dags/example_latest_only.py
[2024-12-10T17:33:32.068-0600] {processor.py:925} INFO - DAG(s) 'latest_only' retrieved from /root/airflow_env/lib/python3.12/site-packages/airflow/example_dags/example_latest_only.py
[2024-12-10T17:33:32.079-0600] {logging_mixin.py:190} INFO - [2024-12-10T17:33:32.078-0600] {dag.py:3239} INFO - Sync 1 DAGs
[2024-12-10T17:33:32.091-0600] {logging_mixin.py:190} INFO - [2024-12-10T17:33:32.091-0600] {dag.py:4180} INFO - Setting next_dagrun for latest_only to 2024-12-10 16:00:00+00:00, run_after=2024-12-10 20:00:00+00:00
[2024-12-10T17:33:32.108-0600] {processor.py:208} INFO - Processing /root/airflow_env/lib/python3.12/site-packages/airflow/example_dags/example_latest_only.py took 0.054 seconds
[2024-12-10T17:34:24.837-0600] {processor.py:186} INFO - Started process (PID=3249) to work on /root/airflow_env/lib/python3.12/site-packages/airflow/example_dags/example_latest_only.py
[2024-12-10T17:34:24.841-0600] {processor.py:914} INFO - Processing file /root/airflow_env/lib/python3.12/site-packages/airflow/example_dags/example_latest_only.py for tasks to queue
[2024-12-10T17:34:24.845-0600] {logging_mixin.py:190} INFO - [2024-12-10T17:34:24.844-0600] {dagbag.py:588} INFO - Filling up the DagBag from /root/airflow_env/lib/python3.12/site-packages/airflow/example_dags/example_latest_only.py
[2024-12-10T17:34:24.856-0600] {processor.py:925} INFO - DAG(s) 'latest_only' retrieved from /root/airflow_env/lib/python3.12/site-packages/airflow/example_dags/example_latest_only.py
[2024-12-10T17:34:24.879-0600] {logging_mixin.py:190} INFO - [2024-12-10T17:34:24.879-0600] {dag.py:3239} INFO - Sync 1 DAGs
[2024-12-10T17:34:24.911-0600] {logging_mixin.py:190} INFO - [2024-12-10T17:34:24.911-0600] {dag.py:4180} INFO - Setting next_dagrun for latest_only to 2024-12-10 16:00:00+00:00, run_after=2024-12-10 20:00:00+00:00
[2024-12-10T17:34:24.928-0600] {processor.py:208} INFO - Processing /root/airflow_env/lib/python3.12/site-packages/airflow/example_dags/example_latest_only.py took 0.104 seconds
[2024-12-10T17:35:16.633-0600] {processor.py:186} INFO - Started process (PID=3309) to work on /root/airflow_env/lib/python3.12/site-packages/airflow/example_dags/example_latest_only.py
[2024-12-10T17:35:16.635-0600] {processor.py:914} INFO - Processing file /root/airflow_env/lib/python3.12/site-packages/airflow/example_dags/example_latest_only.py for tasks to queue
[2024-12-10T17:35:16.637-0600] {logging_mixin.py:190} INFO - [2024-12-10T17:35:16.637-0600] {dagbag.py:588} INFO - Filling up the DagBag from /root/airflow_env/lib/python3.12/site-packages/airflow/example_dags/example_latest_only.py
[2024-12-10T17:35:16.643-0600] {processor.py:925} INFO - DAG(s) 'latest_only' retrieved from /root/airflow_env/lib/python3.12/site-packages/airflow/example_dags/example_latest_only.py
[2024-12-10T17:35:16.656-0600] {logging_mixin.py:190} INFO - [2024-12-10T17:35:16.655-0600] {dag.py:3239} INFO - Sync 1 DAGs
[2024-12-10T17:35:16.668-0600] {logging_mixin.py:190} INFO - [2024-12-10T17:35:16.668-0600] {dag.py:4180} INFO - Setting next_dagrun for latest_only to 2024-12-10 16:00:00+00:00, run_after=2024-12-10 20:00:00+00:00
[2024-12-10T17:35:16.686-0600] {processor.py:208} INFO - Processing /root/airflow_env/lib/python3.12/site-packages/airflow/example_dags/example_latest_only.py took 0.058 seconds
[2024-12-10T17:36:08.113-0600] {processor.py:186} INFO - Started process (PID=3366) to work on /root/airflow_env/lib/python3.12/site-packages/airflow/example_dags/example_latest_only.py
[2024-12-10T17:36:08.116-0600] {processor.py:914} INFO - Processing file /root/airflow_env/lib/python3.12/site-packages/airflow/example_dags/example_latest_only.py for tasks to queue
[2024-12-10T17:36:08.117-0600] {logging_mixin.py:190} INFO - [2024-12-10T17:36:08.117-0600] {dagbag.py:588} INFO - Filling up the DagBag from /root/airflow_env/lib/python3.12/site-packages/airflow/example_dags/example_latest_only.py
[2024-12-10T17:36:08.123-0600] {processor.py:925} INFO - DAG(s) 'latest_only' retrieved from /root/airflow_env/lib/python3.12/site-packages/airflow/example_dags/example_latest_only.py
[2024-12-10T17:36:08.133-0600] {logging_mixin.py:190} INFO - [2024-12-10T17:36:08.133-0600] {dag.py:3239} INFO - Sync 1 DAGs
[2024-12-10T17:36:08.145-0600] {logging_mixin.py:190} INFO - [2024-12-10T17:36:08.145-0600] {dag.py:4180} INFO - Setting next_dagrun for latest_only to 2024-12-10 16:00:00+00:00, run_after=2024-12-10 20:00:00+00:00
[2024-12-10T17:36:08.162-0600] {processor.py:208} INFO - Processing /root/airflow_env/lib/python3.12/site-packages/airflow/example_dags/example_latest_only.py took 0.052 seconds
[2024-12-10T17:36:57.835-0600] {processor.py:186} INFO - Started process (PID=3422) to work on /root/airflow_env/lib/python3.12/site-packages/airflow/example_dags/example_latest_only.py
[2024-12-10T17:36:57.838-0600] {processor.py:914} INFO - Processing file /root/airflow_env/lib/python3.12/site-packages/airflow/example_dags/example_latest_only.py for tasks to queue
[2024-12-10T17:36:57.839-0600] {logging_mixin.py:190} INFO - [2024-12-10T17:36:57.839-0600] {dagbag.py:588} INFO - Filling up the DagBag from /root/airflow_env/lib/python3.12/site-packages/airflow/example_dags/example_latest_only.py
[2024-12-10T17:36:57.844-0600] {processor.py:925} INFO - DAG(s) 'latest_only' retrieved from /root/airflow_env/lib/python3.12/site-packages/airflow/example_dags/example_latest_only.py
[2024-12-10T17:36:57.855-0600] {logging_mixin.py:190} INFO - [2024-12-10T17:36:57.854-0600] {dag.py:3239} INFO - Sync 1 DAGs
[2024-12-10T17:36:57.867-0600] {logging_mixin.py:190} INFO - [2024-12-10T17:36:57.867-0600] {dag.py:4180} INFO - Setting next_dagrun for latest_only to 2024-12-10 16:00:00+00:00, run_after=2024-12-10 20:00:00+00:00
[2024-12-10T17:36:57.883-0600] {processor.py:208} INFO - Processing /root/airflow_env/lib/python3.12/site-packages/airflow/example_dags/example_latest_only.py took 0.052 seconds
[2024-12-10T17:37:48.510-0600] {processor.py:186} INFO - Started process (PID=3477) to work on /root/airflow_env/lib/python3.12/site-packages/airflow/example_dags/example_latest_only.py
[2024-12-10T17:37:48.513-0600] {processor.py:914} INFO - Processing file /root/airflow_env/lib/python3.12/site-packages/airflow/example_dags/example_latest_only.py for tasks to queue
[2024-12-10T17:37:48.514-0600] {logging_mixin.py:190} INFO - [2024-12-10T17:37:48.514-0600] {dagbag.py:588} INFO - Filling up the DagBag from /root/airflow_env/lib/python3.12/site-packages/airflow/example_dags/example_latest_only.py
[2024-12-10T17:37:48.519-0600] {processor.py:925} INFO - DAG(s) 'latest_only' retrieved from /root/airflow_env/lib/python3.12/site-packages/airflow/example_dags/example_latest_only.py
[2024-12-10T17:37:48.529-0600] {logging_mixin.py:190} INFO - [2024-12-10T17:37:48.529-0600] {dag.py:3239} INFO - Sync 1 DAGs
[2024-12-10T17:37:48.541-0600] {logging_mixin.py:190} INFO - [2024-12-10T17:37:48.541-0600] {dag.py:4180} INFO - Setting next_dagrun for latest_only to 2024-12-10 16:00:00+00:00, run_after=2024-12-10 20:00:00+00:00
[2024-12-10T17:37:48.559-0600] {processor.py:208} INFO - Processing /root/airflow_env/lib/python3.12/site-packages/airflow/example_dags/example_latest_only.py took 0.052 seconds
[2024-12-10T17:38:38.589-0600] {processor.py:186} INFO - Started process (PID=3534) to work on /root/airflow_env/lib/python3.12/site-packages/airflow/example_dags/example_latest_only.py
[2024-12-10T17:38:38.592-0600] {processor.py:914} INFO - Processing file /root/airflow_env/lib/python3.12/site-packages/airflow/example_dags/example_latest_only.py for tasks to queue
[2024-12-10T17:38:38.593-0600] {logging_mixin.py:190} INFO - [2024-12-10T17:38:38.593-0600] {dagbag.py:588} INFO - Filling up the DagBag from /root/airflow_env/lib/python3.12/site-packages/airflow/example_dags/example_latest_only.py
[2024-12-10T17:38:38.598-0600] {processor.py:925} INFO - DAG(s) 'latest_only' retrieved from /root/airflow_env/lib/python3.12/site-packages/airflow/example_dags/example_latest_only.py
[2024-12-10T17:38:38.609-0600] {logging_mixin.py:190} INFO - [2024-12-10T17:38:38.608-0600] {dag.py:3239} INFO - Sync 1 DAGs
[2024-12-10T17:38:38.621-0600] {logging_mixin.py:190} INFO - [2024-12-10T17:38:38.621-0600] {dag.py:4180} INFO - Setting next_dagrun for latest_only to 2024-12-10 16:00:00+00:00, run_after=2024-12-10 20:00:00+00:00
[2024-12-10T17:38:38.637-0600] {processor.py:208} INFO - Processing /root/airflow_env/lib/python3.12/site-packages/airflow/example_dags/example_latest_only.py took 0.051 seconds
[2024-12-10T17:39:31.251-0600] {processor.py:186} INFO - Started process (PID=3590) to work on /root/airflow_env/lib/python3.12/site-packages/airflow/example_dags/example_latest_only.py
[2024-12-10T17:39:31.259-0600] {processor.py:914} INFO - Processing file /root/airflow_env/lib/python3.12/site-packages/airflow/example_dags/example_latest_only.py for tasks to queue
[2024-12-10T17:39:31.261-0600] {logging_mixin.py:190} INFO - [2024-12-10T17:39:31.260-0600] {dagbag.py:588} INFO - Filling up the DagBag from /root/airflow_env/lib/python3.12/site-packages/airflow/example_dags/example_latest_only.py
[2024-12-10T17:39:31.266-0600] {processor.py:925} INFO - DAG(s) 'latest_only' retrieved from /root/airflow_env/lib/python3.12/site-packages/airflow/example_dags/example_latest_only.py
[2024-12-10T17:39:31.277-0600] {logging_mixin.py:190} INFO - [2024-12-10T17:39:31.276-0600] {dag.py:3239} INFO - Sync 1 DAGs
[2024-12-10T17:39:31.289-0600] {logging_mixin.py:190} INFO - [2024-12-10T17:39:31.289-0600] {dag.py:4180} INFO - Setting next_dagrun for latest_only to 2024-12-10 16:00:00+00:00, run_after=2024-12-10 20:00:00+00:00
[2024-12-10T17:39:31.306-0600] {processor.py:208} INFO - Processing /root/airflow_env/lib/python3.12/site-packages/airflow/example_dags/example_latest_only.py took 0.059 seconds
[2024-12-10T17:40:25.601-0600] {processor.py:186} INFO - Started process (PID=3655) to work on /root/airflow_env/lib/python3.12/site-packages/airflow/example_dags/example_latest_only.py
[2024-12-10T17:40:25.602-0600] {processor.py:914} INFO - Processing file /root/airflow_env/lib/python3.12/site-packages/airflow/example_dags/example_latest_only.py for tasks to queue
[2024-12-10T17:40:25.604-0600] {logging_mixin.py:190} INFO - [2024-12-10T17:40:25.604-0600] {dagbag.py:588} INFO - Filling up the DagBag from /root/airflow_env/lib/python3.12/site-packages/airflow/example_dags/example_latest_only.py
[2024-12-10T17:40:25.610-0600] {processor.py:925} INFO - DAG(s) 'latest_only' retrieved from /root/airflow_env/lib/python3.12/site-packages/airflow/example_dags/example_latest_only.py
[2024-12-10T17:40:25.621-0600] {logging_mixin.py:190} INFO - [2024-12-10T17:40:25.621-0600] {dag.py:3239} INFO - Sync 1 DAGs
[2024-12-10T17:40:25.635-0600] {logging_mixin.py:190} INFO - [2024-12-10T17:40:25.635-0600] {dag.py:4180} INFO - Setting next_dagrun for latest_only to 2024-12-10 16:00:00+00:00, run_after=2024-12-10 20:00:00+00:00
[2024-12-10T17:40:25.656-0600] {processor.py:208} INFO - Processing /root/airflow_env/lib/python3.12/site-packages/airflow/example_dags/example_latest_only.py took 0.059 seconds
[2024-12-10T17:41:21.415-0600] {processor.py:186} INFO - Started process (PID=3715) to work on /root/airflow_env/lib/python3.12/site-packages/airflow/example_dags/example_latest_only.py
[2024-12-10T17:41:21.417-0600] {processor.py:914} INFO - Processing file /root/airflow_env/lib/python3.12/site-packages/airflow/example_dags/example_latest_only.py for tasks to queue
[2024-12-10T17:41:21.418-0600] {logging_mixin.py:190} INFO - [2024-12-10T17:41:21.418-0600] {dagbag.py:588} INFO - Filling up the DagBag from /root/airflow_env/lib/python3.12/site-packages/airflow/example_dags/example_latest_only.py
[2024-12-10T17:41:21.424-0600] {processor.py:925} INFO - DAG(s) 'latest_only' retrieved from /root/airflow_env/lib/python3.12/site-packages/airflow/example_dags/example_latest_only.py
[2024-12-10T17:41:21.435-0600] {logging_mixin.py:190} INFO - [2024-12-10T17:41:21.435-0600] {dag.py:3239} INFO - Sync 1 DAGs
[2024-12-10T17:41:21.448-0600] {logging_mixin.py:190} INFO - [2024-12-10T17:41:21.448-0600] {dag.py:4180} INFO - Setting next_dagrun for latest_only to 2024-12-10 16:00:00+00:00, run_after=2024-12-10 20:00:00+00:00
[2024-12-10T17:41:21.465-0600] {processor.py:208} INFO - Processing /root/airflow_env/lib/python3.12/site-packages/airflow/example_dags/example_latest_only.py took 0.054 seconds
[2024-12-10T17:42:12.089-0600] {processor.py:186} INFO - Started process (PID=3773) to work on /root/airflow_env/lib/python3.12/site-packages/airflow/example_dags/example_latest_only.py
[2024-12-10T17:42:12.091-0600] {processor.py:914} INFO - Processing file /root/airflow_env/lib/python3.12/site-packages/airflow/example_dags/example_latest_only.py for tasks to queue
[2024-12-10T17:42:12.092-0600] {logging_mixin.py:190} INFO - [2024-12-10T17:42:12.092-0600] {dagbag.py:588} INFO - Filling up the DagBag from /root/airflow_env/lib/python3.12/site-packages/airflow/example_dags/example_latest_only.py
[2024-12-10T17:42:12.098-0600] {processor.py:925} INFO - DAG(s) 'latest_only' retrieved from /root/airflow_env/lib/python3.12/site-packages/airflow/example_dags/example_latest_only.py
[2024-12-10T17:42:12.108-0600] {logging_mixin.py:190} INFO - [2024-12-10T17:42:12.108-0600] {dag.py:3239} INFO - Sync 1 DAGs
[2024-12-10T17:42:12.120-0600] {logging_mixin.py:190} INFO - [2024-12-10T17:42:12.120-0600] {dag.py:4180} INFO - Setting next_dagrun for latest_only to 2024-12-10 16:00:00+00:00, run_after=2024-12-10 20:00:00+00:00
[2024-12-10T17:42:12.137-0600] {processor.py:208} INFO - Processing /root/airflow_env/lib/python3.12/site-packages/airflow/example_dags/example_latest_only.py took 0.052 seconds
[2024-12-10T17:43:06.224-0600] {processor.py:186} INFO - Started process (PID=3847) to work on /root/airflow_env/lib/python3.12/site-packages/airflow/example_dags/example_latest_only.py
[2024-12-10T17:43:06.226-0600] {processor.py:914} INFO - Processing file /root/airflow_env/lib/python3.12/site-packages/airflow/example_dags/example_latest_only.py for tasks to queue
[2024-12-10T17:43:06.228-0600] {logging_mixin.py:190} INFO - [2024-12-10T17:43:06.228-0600] {dagbag.py:588} INFO - Filling up the DagBag from /root/airflow_env/lib/python3.12/site-packages/airflow/example_dags/example_latest_only.py
[2024-12-10T17:43:06.234-0600] {processor.py:925} INFO - DAG(s) 'latest_only' retrieved from /root/airflow_env/lib/python3.12/site-packages/airflow/example_dags/example_latest_only.py
[2024-12-10T17:43:06.244-0600] {logging_mixin.py:190} INFO - [2024-12-10T17:43:06.244-0600] {dag.py:3239} INFO - Sync 1 DAGs
[2024-12-10T17:43:06.257-0600] {logging_mixin.py:190} INFO - [2024-12-10T17:43:06.257-0600] {dag.py:4180} INFO - Setting next_dagrun for latest_only to 2024-12-10 16:00:00+00:00, run_after=2024-12-10 20:00:00+00:00
[2024-12-10T17:43:06.274-0600] {processor.py:208} INFO - Processing /root/airflow_env/lib/python3.12/site-packages/airflow/example_dags/example_latest_only.py took 0.054 seconds
[2024-12-10T17:43:57.791-0600] {processor.py:186} INFO - Started process (PID=3906) to work on /root/airflow_env/lib/python3.12/site-packages/airflow/example_dags/example_latest_only.py
[2024-12-10T17:43:57.794-0600] {processor.py:914} INFO - Processing file /root/airflow_env/lib/python3.12/site-packages/airflow/example_dags/example_latest_only.py for tasks to queue
[2024-12-10T17:43:57.795-0600] {logging_mixin.py:190} INFO - [2024-12-10T17:43:57.795-0600] {dagbag.py:588} INFO - Filling up the DagBag from /root/airflow_env/lib/python3.12/site-packages/airflow/example_dags/example_latest_only.py
[2024-12-10T17:43:57.801-0600] {processor.py:925} INFO - DAG(s) 'latest_only' retrieved from /root/airflow_env/lib/python3.12/site-packages/airflow/example_dags/example_latest_only.py
[2024-12-10T17:43:57.818-0600] {logging_mixin.py:190} INFO - [2024-12-10T17:43:57.817-0600] {dag.py:3239} INFO - Sync 1 DAGs
[2024-12-10T17:43:57.837-0600] {logging_mixin.py:190} INFO - [2024-12-10T17:43:57.837-0600] {dag.py:4180} INFO - Setting next_dagrun for latest_only to 2024-12-10 16:00:00+00:00, run_after=2024-12-10 20:00:00+00:00
[2024-12-10T17:43:57.858-0600] {processor.py:208} INFO - Processing /root/airflow_env/lib/python3.12/site-packages/airflow/example_dags/example_latest_only.py took 0.072 seconds
[2024-12-10T17:44:49.349-0600] {processor.py:186} INFO - Started process (PID=3961) to work on /root/airflow_env/lib/python3.12/site-packages/airflow/example_dags/example_latest_only.py
[2024-12-10T17:44:49.351-0600] {processor.py:914} INFO - Processing file /root/airflow_env/lib/python3.12/site-packages/airflow/example_dags/example_latest_only.py for tasks to queue
[2024-12-10T17:44:49.352-0600] {logging_mixin.py:190} INFO - [2024-12-10T17:44:49.352-0600] {dagbag.py:588} INFO - Filling up the DagBag from /root/airflow_env/lib/python3.12/site-packages/airflow/example_dags/example_latest_only.py
[2024-12-10T17:44:49.358-0600] {processor.py:925} INFO - DAG(s) 'latest_only' retrieved from /root/airflow_env/lib/python3.12/site-packages/airflow/example_dags/example_latest_only.py
[2024-12-10T17:44:49.370-0600] {logging_mixin.py:190} INFO - [2024-12-10T17:44:49.370-0600] {dag.py:3239} INFO - Sync 1 DAGs
[2024-12-10T17:44:49.385-0600] {logging_mixin.py:190} INFO - [2024-12-10T17:44:49.385-0600] {dag.py:4180} INFO - Setting next_dagrun for latest_only to 2024-12-10 16:00:00+00:00, run_after=2024-12-10 20:00:00+00:00
[2024-12-10T17:44:49.403-0600] {processor.py:208} INFO - Processing /root/airflow_env/lib/python3.12/site-packages/airflow/example_dags/example_latest_only.py took 0.059 seconds
[2024-12-10T17:45:44.147-0600] {processor.py:186} INFO - Started process (PID=4023) to work on /root/airflow_env/lib/python3.12/site-packages/airflow/example_dags/example_latest_only.py
[2024-12-10T17:45:44.149-0600] {processor.py:914} INFO - Processing file /root/airflow_env/lib/python3.12/site-packages/airflow/example_dags/example_latest_only.py for tasks to queue
[2024-12-10T17:45:44.150-0600] {logging_mixin.py:190} INFO - [2024-12-10T17:45:44.150-0600] {dagbag.py:588} INFO - Filling up the DagBag from /root/airflow_env/lib/python3.12/site-packages/airflow/example_dags/example_latest_only.py
[2024-12-10T17:45:44.156-0600] {processor.py:925} INFO - DAG(s) 'latest_only' retrieved from /root/airflow_env/lib/python3.12/site-packages/airflow/example_dags/example_latest_only.py
[2024-12-10T17:45:44.166-0600] {logging_mixin.py:190} INFO - [2024-12-10T17:45:44.166-0600] {dag.py:3239} INFO - Sync 1 DAGs
[2024-12-10T17:45:44.179-0600] {logging_mixin.py:190} INFO - [2024-12-10T17:45:44.179-0600] {dag.py:4180} INFO - Setting next_dagrun for latest_only to 2024-12-10 16:00:00+00:00, run_after=2024-12-10 20:00:00+00:00
[2024-12-10T17:45:44.196-0600] {processor.py:208} INFO - Processing /root/airflow_env/lib/python3.12/site-packages/airflow/example_dags/example_latest_only.py took 0.053 seconds
[2024-12-10T17:46:41.888-0600] {processor.py:186} INFO - Started process (PID=4083) to work on /root/airflow_env/lib/python3.12/site-packages/airflow/example_dags/example_latest_only.py
[2024-12-10T17:46:41.890-0600] {processor.py:914} INFO - Processing file /root/airflow_env/lib/python3.12/site-packages/airflow/example_dags/example_latest_only.py for tasks to queue
[2024-12-10T17:46:41.892-0600] {logging_mixin.py:190} INFO - [2024-12-10T17:46:41.891-0600] {dagbag.py:588} INFO - Filling up the DagBag from /root/airflow_env/lib/python3.12/site-packages/airflow/example_dags/example_latest_only.py
[2024-12-10T17:46:41.898-0600] {processor.py:925} INFO - DAG(s) 'latest_only' retrieved from /root/airflow_env/lib/python3.12/site-packages/airflow/example_dags/example_latest_only.py
[2024-12-10T17:46:41.909-0600] {logging_mixin.py:190} INFO - [2024-12-10T17:46:41.909-0600] {dag.py:3239} INFO - Sync 1 DAGs
[2024-12-10T17:46:41.923-0600] {logging_mixin.py:190} INFO - [2024-12-10T17:46:41.923-0600] {dag.py:4180} INFO - Setting next_dagrun for latest_only to 2024-12-10 16:00:00+00:00, run_after=2024-12-10 20:00:00+00:00
[2024-12-10T17:46:42.047-0600] {processor.py:208} INFO - Processing /root/airflow_env/lib/python3.12/site-packages/airflow/example_dags/example_latest_only.py took 0.163 seconds
[2024-12-10T17:47:41.232-0600] {processor.py:186} INFO - Started process (PID=4145) to work on /root/airflow_env/lib/python3.12/site-packages/airflow/example_dags/example_latest_only.py
[2024-12-10T17:47:41.235-0600] {processor.py:914} INFO - Processing file /root/airflow_env/lib/python3.12/site-packages/airflow/example_dags/example_latest_only.py for tasks to queue
[2024-12-10T17:47:41.236-0600] {logging_mixin.py:190} INFO - [2024-12-10T17:47:41.236-0600] {dagbag.py:588} INFO - Filling up the DagBag from /root/airflow_env/lib/python3.12/site-packages/airflow/example_dags/example_latest_only.py
[2024-12-10T17:47:41.241-0600] {processor.py:925} INFO - DAG(s) 'latest_only' retrieved from /root/airflow_env/lib/python3.12/site-packages/airflow/example_dags/example_latest_only.py
[2024-12-10T17:47:41.252-0600] {logging_mixin.py:190} INFO - [2024-12-10T17:47:41.251-0600] {dag.py:3239} INFO - Sync 1 DAGs
[2024-12-10T17:47:41.264-0600] {logging_mixin.py:190} INFO - [2024-12-10T17:47:41.264-0600] {dag.py:4180} INFO - Setting next_dagrun for latest_only to 2024-12-10 16:00:00+00:00, run_after=2024-12-10 20:00:00+00:00
[2024-12-10T17:47:41.367-0600] {processor.py:208} INFO - Processing /root/airflow_env/lib/python3.12/site-packages/airflow/example_dags/example_latest_only.py took 0.139 seconds
[2024-12-10T17:48:37.232-0600] {processor.py:186} INFO - Started process (PID=4205) to work on /root/airflow_env/lib/python3.12/site-packages/airflow/example_dags/example_latest_only.py
[2024-12-10T17:48:37.235-0600] {processor.py:914} INFO - Processing file /root/airflow_env/lib/python3.12/site-packages/airflow/example_dags/example_latest_only.py for tasks to queue
[2024-12-10T17:48:37.236-0600] {logging_mixin.py:190} INFO - [2024-12-10T17:48:37.236-0600] {dagbag.py:588} INFO - Filling up the DagBag from /root/airflow_env/lib/python3.12/site-packages/airflow/example_dags/example_latest_only.py
[2024-12-10T17:48:37.242-0600] {processor.py:925} INFO - DAG(s) 'latest_only' retrieved from /root/airflow_env/lib/python3.12/site-packages/airflow/example_dags/example_latest_only.py
[2024-12-10T17:48:37.252-0600] {logging_mixin.py:190} INFO - [2024-12-10T17:48:37.252-0600] {dag.py:3239} INFO - Sync 1 DAGs
[2024-12-10T17:48:37.265-0600] {logging_mixin.py:190} INFO - [2024-12-10T17:48:37.265-0600] {dag.py:4180} INFO - Setting next_dagrun for latest_only to 2024-12-10 16:00:00+00:00, run_after=2024-12-10 20:00:00+00:00
[2024-12-10T17:48:37.282-0600] {processor.py:208} INFO - Processing /root/airflow_env/lib/python3.12/site-packages/airflow/example_dags/example_latest_only.py took 0.053 seconds
[2024-12-10T17:49:33.244-0600] {processor.py:186} INFO - Started process (PID=4262) to work on /root/airflow_env/lib/python3.12/site-packages/airflow/example_dags/example_latest_only.py
[2024-12-10T17:49:33.246-0600] {processor.py:914} INFO - Processing file /root/airflow_env/lib/python3.12/site-packages/airflow/example_dags/example_latest_only.py for tasks to queue
[2024-12-10T17:49:33.247-0600] {logging_mixin.py:190} INFO - [2024-12-10T17:49:33.247-0600] {dagbag.py:588} INFO - Filling up the DagBag from /root/airflow_env/lib/python3.12/site-packages/airflow/example_dags/example_latest_only.py
[2024-12-10T17:49:33.252-0600] {processor.py:925} INFO - DAG(s) 'latest_only' retrieved from /root/airflow_env/lib/python3.12/site-packages/airflow/example_dags/example_latest_only.py
[2024-12-10T17:49:33.263-0600] {logging_mixin.py:190} INFO - [2024-12-10T17:49:33.262-0600] {dag.py:3239} INFO - Sync 1 DAGs
[2024-12-10T17:49:33.275-0600] {logging_mixin.py:190} INFO - [2024-12-10T17:49:33.275-0600] {dag.py:4180} INFO - Setting next_dagrun for latest_only to 2024-12-10 16:00:00+00:00, run_after=2024-12-10 20:00:00+00:00
[2024-12-10T17:49:33.292-0600] {processor.py:208} INFO - Processing /root/airflow_env/lib/python3.12/site-packages/airflow/example_dags/example_latest_only.py took 0.052 seconds
[2024-12-10T17:50:27.070-0600] {processor.py:186} INFO - Started process (PID=4326) to work on /root/airflow_env/lib/python3.12/site-packages/airflow/example_dags/example_latest_only.py
[2024-12-10T17:50:27.072-0600] {processor.py:914} INFO - Processing file /root/airflow_env/lib/python3.12/site-packages/airflow/example_dags/example_latest_only.py for tasks to queue
[2024-12-10T17:50:27.074-0600] {logging_mixin.py:190} INFO - [2024-12-10T17:50:27.074-0600] {dagbag.py:588} INFO - Filling up the DagBag from /root/airflow_env/lib/python3.12/site-packages/airflow/example_dags/example_latest_only.py
[2024-12-10T17:50:27.079-0600] {processor.py:925} INFO - DAG(s) 'latest_only' retrieved from /root/airflow_env/lib/python3.12/site-packages/airflow/example_dags/example_latest_only.py
[2024-12-10T17:50:27.090-0600] {logging_mixin.py:190} INFO - [2024-12-10T17:50:27.090-0600] {dag.py:3239} INFO - Sync 1 DAGs
[2024-12-10T17:50:27.103-0600] {logging_mixin.py:190} INFO - [2024-12-10T17:50:27.103-0600] {dag.py:4180} INFO - Setting next_dagrun for latest_only to 2024-12-10 16:00:00+00:00, run_after=2024-12-10 20:00:00+00:00
[2024-12-10T17:50:27.118-0600] {processor.py:208} INFO - Processing /root/airflow_env/lib/python3.12/site-packages/airflow/example_dags/example_latest_only.py took 0.054 seconds
[2024-12-10T17:52:16.795-0600] {processor.py:186} INFO - Started process (PID=4403) to work on /root/airflow_env/lib/python3.12/site-packages/airflow/example_dags/example_latest_only.py
[2024-12-10T17:52:16.797-0600] {processor.py:914} INFO - Processing file /root/airflow_env/lib/python3.12/site-packages/airflow/example_dags/example_latest_only.py for tasks to queue
[2024-12-10T17:52:16.799-0600] {logging_mixin.py:190} INFO - [2024-12-10T17:52:16.798-0600] {dagbag.py:588} INFO - Filling up the DagBag from /root/airflow_env/lib/python3.12/site-packages/airflow/example_dags/example_latest_only.py
[2024-12-10T17:52:16.804-0600] {processor.py:925} INFO - DAG(s) 'latest_only' retrieved from /root/airflow_env/lib/python3.12/site-packages/airflow/example_dags/example_latest_only.py
[2024-12-10T17:52:16.815-0600] {logging_mixin.py:190} INFO - [2024-12-10T17:52:16.815-0600] {dag.py:3239} INFO - Sync 1 DAGs
[2024-12-10T17:52:16.828-0600] {logging_mixin.py:190} INFO - [2024-12-10T17:52:16.827-0600] {dag.py:4180} INFO - Setting next_dagrun for latest_only to 2024-12-10 16:00:00+00:00, run_after=2024-12-10 20:00:00+00:00
[2024-12-10T17:52:16.844-0600] {processor.py:208} INFO - Processing /root/airflow_env/lib/python3.12/site-packages/airflow/example_dags/example_latest_only.py took 0.053 seconds
[2024-12-10T17:55:16.093-0600] {processor.py:186} INFO - Started process (PID=4604) to work on /root/airflow_env/lib/python3.12/site-packages/airflow/example_dags/example_latest_only.py
[2024-12-10T17:55:16.095-0600] {processor.py:914} INFO - Processing file /root/airflow_env/lib/python3.12/site-packages/airflow/example_dags/example_latest_only.py for tasks to queue
[2024-12-10T17:55:16.096-0600] {logging_mixin.py:190} INFO - [2024-12-10T17:55:16.096-0600] {dagbag.py:588} INFO - Filling up the DagBag from /root/airflow_env/lib/python3.12/site-packages/airflow/example_dags/example_latest_only.py
[2024-12-10T17:55:16.101-0600] {processor.py:925} INFO - DAG(s) 'latest_only' retrieved from /root/airflow_env/lib/python3.12/site-packages/airflow/example_dags/example_latest_only.py
[2024-12-10T17:55:16.113-0600] {logging_mixin.py:190} INFO - [2024-12-10T17:55:16.113-0600] {dag.py:3239} INFO - Sync 1 DAGs
[2024-12-10T17:55:16.126-0600] {logging_mixin.py:190} INFO - [2024-12-10T17:55:16.126-0600] {dag.py:4180} INFO - Setting next_dagrun for latest_only to 2024-12-10 16:00:00+00:00, run_after=2024-12-10 20:00:00+00:00
[2024-12-10T17:55:16.143-0600] {processor.py:208} INFO - Processing /root/airflow_env/lib/python3.12/site-packages/airflow/example_dags/example_latest_only.py took 0.054 seconds
[2024-12-10T17:56:12.163-0600] {processor.py:186} INFO - Started process (PID=4677) to work on /root/airflow_env/lib/python3.12/site-packages/airflow/example_dags/example_latest_only.py
[2024-12-10T17:56:12.165-0600] {processor.py:914} INFO - Processing file /root/airflow_env/lib/python3.12/site-packages/airflow/example_dags/example_latest_only.py for tasks to queue
[2024-12-10T17:56:12.167-0600] {logging_mixin.py:190} INFO - [2024-12-10T17:56:12.167-0600] {dagbag.py:588} INFO - Filling up the DagBag from /root/airflow_env/lib/python3.12/site-packages/airflow/example_dags/example_latest_only.py
[2024-12-10T17:56:12.176-0600] {processor.py:925} INFO - DAG(s) 'latest_only' retrieved from /root/airflow_env/lib/python3.12/site-packages/airflow/example_dags/example_latest_only.py
[2024-12-10T17:56:12.199-0600] {logging_mixin.py:190} INFO - [2024-12-10T17:56:12.199-0600] {dag.py:3239} INFO - Sync 1 DAGs
[2024-12-10T17:56:12.236-0600] {logging_mixin.py:190} INFO - [2024-12-10T17:56:12.236-0600] {dag.py:4180} INFO - Setting next_dagrun for latest_only to 2024-12-10 16:00:00+00:00, run_after=2024-12-10 20:00:00+00:00
[2024-12-10T17:56:12.261-0600] {processor.py:208} INFO - Processing /root/airflow_env/lib/python3.12/site-packages/airflow/example_dags/example_latest_only.py took 0.105 seconds
[2024-12-10T17:57:07.777-0600] {processor.py:186} INFO - Started process (PID=4753) to work on /root/airflow_env/lib/python3.12/site-packages/airflow/example_dags/example_latest_only.py
[2024-12-10T17:57:07.778-0600] {processor.py:914} INFO - Processing file /root/airflow_env/lib/python3.12/site-packages/airflow/example_dags/example_latest_only.py for tasks to queue
[2024-12-10T17:57:07.780-0600] {logging_mixin.py:190} INFO - [2024-12-10T17:57:07.780-0600] {dagbag.py:588} INFO - Filling up the DagBag from /root/airflow_env/lib/python3.12/site-packages/airflow/example_dags/example_latest_only.py
[2024-12-10T17:57:07.785-0600] {processor.py:925} INFO - DAG(s) 'latest_only' retrieved from /root/airflow_env/lib/python3.12/site-packages/airflow/example_dags/example_latest_only.py
[2024-12-10T17:57:07.796-0600] {logging_mixin.py:190} INFO - [2024-12-10T17:57:07.796-0600] {dag.py:3239} INFO - Sync 1 DAGs
[2024-12-10T17:57:07.809-0600] {logging_mixin.py:190} INFO - [2024-12-10T17:57:07.809-0600] {dag.py:4180} INFO - Setting next_dagrun for latest_only to 2024-12-10 16:00:00+00:00, run_after=2024-12-10 20:00:00+00:00
[2024-12-10T17:57:07.827-0600] {processor.py:208} INFO - Processing /root/airflow_env/lib/python3.12/site-packages/airflow/example_dags/example_latest_only.py took 0.055 seconds
[2024-12-10T17:58:01.447-0600] {processor.py:186} INFO - Started process (PID=4821) to work on /root/airflow_env/lib/python3.12/site-packages/airflow/example_dags/example_latest_only.py
[2024-12-10T17:58:01.449-0600] {processor.py:914} INFO - Processing file /root/airflow_env/lib/python3.12/site-packages/airflow/example_dags/example_latest_only.py for tasks to queue
[2024-12-10T17:58:01.451-0600] {logging_mixin.py:190} INFO - [2024-12-10T17:58:01.450-0600] {dagbag.py:588} INFO - Filling up the DagBag from /root/airflow_env/lib/python3.12/site-packages/airflow/example_dags/example_latest_only.py
[2024-12-10T17:58:01.456-0600] {processor.py:925} INFO - DAG(s) 'latest_only' retrieved from /root/airflow_env/lib/python3.12/site-packages/airflow/example_dags/example_latest_only.py
[2024-12-10T17:58:01.467-0600] {logging_mixin.py:190} INFO - [2024-12-10T17:58:01.467-0600] {dag.py:3239} INFO - Sync 1 DAGs
[2024-12-10T17:58:01.480-0600] {logging_mixin.py:190} INFO - [2024-12-10T17:58:01.480-0600] {dag.py:4180} INFO - Setting next_dagrun for latest_only to 2024-12-10 16:00:00+00:00, run_after=2024-12-10 20:00:00+00:00
[2024-12-10T17:58:01.497-0600] {processor.py:208} INFO - Processing /root/airflow_env/lib/python3.12/site-packages/airflow/example_dags/example_latest_only.py took 0.054 seconds
[2024-12-10T17:59:16.097-0600] {processor.py:186} INFO - Started process (PID=4934) to work on /root/airflow_env/lib/python3.12/site-packages/airflow/example_dags/example_latest_only.py
[2024-12-10T17:59:16.100-0600] {processor.py:914} INFO - Processing file /root/airflow_env/lib/python3.12/site-packages/airflow/example_dags/example_latest_only.py for tasks to queue
[2024-12-10T17:59:16.101-0600] {logging_mixin.py:190} INFO - [2024-12-10T17:59:16.101-0600] {dagbag.py:588} INFO - Filling up the DagBag from /root/airflow_env/lib/python3.12/site-packages/airflow/example_dags/example_latest_only.py
[2024-12-10T17:59:16.106-0600] {processor.py:925} INFO - DAG(s) 'latest_only' retrieved from /root/airflow_env/lib/python3.12/site-packages/airflow/example_dags/example_latest_only.py
[2024-12-10T17:59:16.118-0600] {logging_mixin.py:190} INFO - [2024-12-10T17:59:16.118-0600] {dag.py:3239} INFO - Sync 1 DAGs
[2024-12-10T17:59:16.131-0600] {logging_mixin.py:190} INFO - [2024-12-10T17:59:16.131-0600] {dag.py:4180} INFO - Setting next_dagrun for latest_only to 2024-12-10 16:00:00+00:00, run_after=2024-12-10 20:00:00+00:00
[2024-12-10T17:59:16.149-0600] {processor.py:208} INFO - Processing /root/airflow_env/lib/python3.12/site-packages/airflow/example_dags/example_latest_only.py took 0.056 seconds
