[2024-12-10T17:00:31.779-0600] {processor.py:186} INFO - Started process (PID=727) to work on /root/airflow_env/lib/python3.12/site-packages/airflow/example_dags/example_branch_python_dop_operator_3.py
[2024-12-10T17:00:31.780-0600] {processor.py:914} INFO - Processing file /root/airflow_env/lib/python3.12/site-packages/airflow/example_dags/example_branch_python_dop_operator_3.py for tasks to queue
[2024-12-10T17:00:31.782-0600] {logging_mixin.py:190} INFO - [2024-12-10T17:00:31.781-0600] {dagbag.py:588} INFO - Filling up the DagBag from /root/airflow_env/lib/python3.12/site-packages/airflow/example_dags/example_branch_python_dop_operator_3.py
[2024-12-10T17:00:31.790-0600] {processor.py:925} INFO - DAG(s) 'example_branch_dop_operator_v3' retrieved from /root/airflow_env/lib/python3.12/site-packages/airflow/example_dags/example_branch_python_dop_operator_3.py
[2024-12-10T17:00:31.803-0600] {logging_mixin.py:190} INFO - [2024-12-10T17:00:31.802-0600] {dag.py:3239} INFO - Sync 1 DAGs
[2024-12-10T17:00:31.821-0600] {logging_mixin.py:190} INFO - [2024-12-10T17:00:31.820-0600] {dag.py:4180} INFO - Setting next_dagrun for example_branch_dop_operator_v3 to 2024-12-10 22:59:00+00:00, run_after=2024-12-10 23:00:00+00:00
[2024-12-10T17:00:31.840-0600] {processor.py:208} INFO - Processing /root/airflow_env/lib/python3.12/site-packages/airflow/example_dags/example_branch_python_dop_operator_3.py took 0.065 seconds
[2024-12-10T17:01:47.371-0600] {processor.py:186} INFO - Started process (PID=871) to work on /root/airflow_env/lib/python3.12/site-packages/airflow/example_dags/example_branch_python_dop_operator_3.py
[2024-12-10T17:01:47.372-0600] {processor.py:914} INFO - Processing file /root/airflow_env/lib/python3.12/site-packages/airflow/example_dags/example_branch_python_dop_operator_3.py for tasks to queue
[2024-12-10T17:01:47.374-0600] {logging_mixin.py:190} INFO - [2024-12-10T17:01:47.374-0600] {dagbag.py:588} INFO - Filling up the DagBag from /root/airflow_env/lib/python3.12/site-packages/airflow/example_dags/example_branch_python_dop_operator_3.py
[2024-12-10T17:01:47.386-0600] {processor.py:925} INFO - DAG(s) 'example_branch_dop_operator_v3' retrieved from /root/airflow_env/lib/python3.12/site-packages/airflow/example_dags/example_branch_python_dop_operator_3.py
[2024-12-10T17:01:47.403-0600] {logging_mixin.py:190} INFO - [2024-12-10T17:01:47.403-0600] {dag.py:3239} INFO - Sync 1 DAGs
[2024-12-10T17:01:47.424-0600] {logging_mixin.py:190} INFO - [2024-12-10T17:01:47.424-0600] {dag.py:4180} INFO - Setting next_dagrun for example_branch_dop_operator_v3 to 2024-12-10 23:00:00+00:00, run_after=2024-12-10 23:01:00+00:00
[2024-12-10T17:01:47.457-0600] {processor.py:208} INFO - Processing /root/airflow_env/lib/python3.12/site-packages/airflow/example_dags/example_branch_python_dop_operator_3.py took 0.092 seconds
[2024-12-10T17:03:03.804-0600] {processor.py:186} INFO - Started process (PID=965) to work on /root/airflow_env/lib/python3.12/site-packages/airflow/example_dags/example_branch_python_dop_operator_3.py
[2024-12-10T17:03:03.805-0600] {processor.py:914} INFO - Processing file /root/airflow_env/lib/python3.12/site-packages/airflow/example_dags/example_branch_python_dop_operator_3.py for tasks to queue
[2024-12-10T17:03:03.806-0600] {logging_mixin.py:190} INFO - [2024-12-10T17:03:03.806-0600] {dagbag.py:588} INFO - Filling up the DagBag from /root/airflow_env/lib/python3.12/site-packages/airflow/example_dags/example_branch_python_dop_operator_3.py
[2024-12-10T17:03:03.814-0600] {processor.py:925} INFO - DAG(s) 'example_branch_dop_operator_v3' retrieved from /root/airflow_env/lib/python3.12/site-packages/airflow/example_dags/example_branch_python_dop_operator_3.py
[2024-12-10T17:03:03.826-0600] {logging_mixin.py:190} INFO - [2024-12-10T17:03:03.826-0600] {dag.py:3239} INFO - Sync 1 DAGs
[2024-12-10T17:03:03.843-0600] {logging_mixin.py:190} INFO - [2024-12-10T17:03:03.843-0600] {dag.py:4180} INFO - Setting next_dagrun for example_branch_dop_operator_v3 to 2024-12-10 23:02:00+00:00, run_after=2024-12-10 23:03:00+00:00
[2024-12-10T17:03:03.859-0600] {processor.py:208} INFO - Processing /root/airflow_env/lib/python3.12/site-packages/airflow/example_dags/example_branch_python_dop_operator_3.py took 0.061 seconds
[2024-12-10T17:04:22.882-0600] {processor.py:186} INFO - Started process (PID=1055) to work on /root/airflow_env/lib/python3.12/site-packages/airflow/example_dags/example_branch_python_dop_operator_3.py
[2024-12-10T17:04:22.883-0600] {processor.py:914} INFO - Processing file /root/airflow_env/lib/python3.12/site-packages/airflow/example_dags/example_branch_python_dop_operator_3.py for tasks to queue
[2024-12-10T17:04:22.885-0600] {logging_mixin.py:190} INFO - [2024-12-10T17:04:22.885-0600] {dagbag.py:588} INFO - Filling up the DagBag from /root/airflow_env/lib/python3.12/site-packages/airflow/example_dags/example_branch_python_dop_operator_3.py
[2024-12-10T17:04:22.893-0600] {processor.py:925} INFO - DAG(s) 'example_branch_dop_operator_v3' retrieved from /root/airflow_env/lib/python3.12/site-packages/airflow/example_dags/example_branch_python_dop_operator_3.py
[2024-12-10T17:04:22.905-0600] {logging_mixin.py:190} INFO - [2024-12-10T17:04:22.905-0600] {dag.py:3239} INFO - Sync 1 DAGs
[2024-12-10T17:04:22.923-0600] {logging_mixin.py:190} INFO - [2024-12-10T17:04:22.922-0600] {dag.py:4180} INFO - Setting next_dagrun for example_branch_dop_operator_v3 to 2024-12-10 23:03:00+00:00, run_after=2024-12-10 23:04:00+00:00
[2024-12-10T17:04:22.943-0600] {processor.py:208} INFO - Processing /root/airflow_env/lib/python3.12/site-packages/airflow/example_dags/example_branch_python_dop_operator_3.py took 0.065 seconds
[2024-12-10T17:05:17.440-0600] {processor.py:186} INFO - Started process (PID=1118) to work on /root/airflow_env/lib/python3.12/site-packages/airflow/example_dags/example_branch_python_dop_operator_3.py
[2024-12-10T17:05:17.441-0600] {processor.py:914} INFO - Processing file /root/airflow_env/lib/python3.12/site-packages/airflow/example_dags/example_branch_python_dop_operator_3.py for tasks to queue
[2024-12-10T17:05:17.443-0600] {logging_mixin.py:190} INFO - [2024-12-10T17:05:17.443-0600] {dagbag.py:588} INFO - Filling up the DagBag from /root/airflow_env/lib/python3.12/site-packages/airflow/example_dags/example_branch_python_dop_operator_3.py
[2024-12-10T17:05:17.452-0600] {processor.py:925} INFO - DAG(s) 'example_branch_dop_operator_v3' retrieved from /root/airflow_env/lib/python3.12/site-packages/airflow/example_dags/example_branch_python_dop_operator_3.py
[2024-12-10T17:05:17.470-0600] {logging_mixin.py:190} INFO - [2024-12-10T17:05:17.469-0600] {dag.py:3239} INFO - Sync 1 DAGs
[2024-12-10T17:05:17.488-0600] {logging_mixin.py:190} INFO - [2024-12-10T17:05:17.488-0600] {dag.py:4180} INFO - Setting next_dagrun for example_branch_dop_operator_v3 to 2024-12-10 23:04:00+00:00, run_after=2024-12-10 23:05:00+00:00
[2024-12-10T17:05:17.509-0600] {processor.py:208} INFO - Processing /root/airflow_env/lib/python3.12/site-packages/airflow/example_dags/example_branch_python_dop_operator_3.py took 0.074 seconds
[2024-12-10T17:06:36.467-0600] {processor.py:186} INFO - Started process (PID=1210) to work on /root/airflow_env/lib/python3.12/site-packages/airflow/example_dags/example_branch_python_dop_operator_3.py
[2024-12-10T17:06:36.468-0600] {processor.py:914} INFO - Processing file /root/airflow_env/lib/python3.12/site-packages/airflow/example_dags/example_branch_python_dop_operator_3.py for tasks to queue
[2024-12-10T17:06:36.470-0600] {logging_mixin.py:190} INFO - [2024-12-10T17:06:36.470-0600] {dagbag.py:588} INFO - Filling up the DagBag from /root/airflow_env/lib/python3.12/site-packages/airflow/example_dags/example_branch_python_dop_operator_3.py
[2024-12-10T17:06:36.478-0600] {processor.py:925} INFO - DAG(s) 'example_branch_dop_operator_v3' retrieved from /root/airflow_env/lib/python3.12/site-packages/airflow/example_dags/example_branch_python_dop_operator_3.py
[2024-12-10T17:06:36.490-0600] {logging_mixin.py:190} INFO - [2024-12-10T17:06:36.490-0600] {dag.py:3239} INFO - Sync 1 DAGs
[2024-12-10T17:06:36.507-0600] {logging_mixin.py:190} INFO - [2024-12-10T17:06:36.506-0600] {dag.py:4180} INFO - Setting next_dagrun for example_branch_dop_operator_v3 to 2024-12-10 23:05:00+00:00, run_after=2024-12-10 23:06:00+00:00
[2024-12-10T17:06:36.523-0600] {processor.py:208} INFO - Processing /root/airflow_env/lib/python3.12/site-packages/airflow/example_dags/example_branch_python_dop_operator_3.py took 0.060 seconds
[2024-12-10T17:07:31.359-0600] {processor.py:186} INFO - Started process (PID=1270) to work on /root/airflow_env/lib/python3.12/site-packages/airflow/example_dags/example_branch_python_dop_operator_3.py
[2024-12-10T17:07:31.361-0600] {processor.py:914} INFO - Processing file /root/airflow_env/lib/python3.12/site-packages/airflow/example_dags/example_branch_python_dop_operator_3.py for tasks to queue
[2024-12-10T17:07:31.362-0600] {logging_mixin.py:190} INFO - [2024-12-10T17:07:31.362-0600] {dagbag.py:588} INFO - Filling up the DagBag from /root/airflow_env/lib/python3.12/site-packages/airflow/example_dags/example_branch_python_dop_operator_3.py
[2024-12-10T17:07:31.370-0600] {processor.py:925} INFO - DAG(s) 'example_branch_dop_operator_v3' retrieved from /root/airflow_env/lib/python3.12/site-packages/airflow/example_dags/example_branch_python_dop_operator_3.py
[2024-12-10T17:07:31.381-0600] {logging_mixin.py:190} INFO - [2024-12-10T17:07:31.381-0600] {dag.py:3239} INFO - Sync 1 DAGs
[2024-12-10T17:07:31.396-0600] {logging_mixin.py:190} INFO - [2024-12-10T17:07:31.396-0600] {dag.py:4180} INFO - Setting next_dagrun for example_branch_dop_operator_v3 to 2024-12-10 23:06:00+00:00, run_after=2024-12-10 23:07:00+00:00
[2024-12-10T17:07:31.415-0600] {processor.py:208} INFO - Processing /root/airflow_env/lib/python3.12/site-packages/airflow/example_dags/example_branch_python_dop_operator_3.py took 0.059 seconds
[2024-12-10T17:08:45.175-0600] {processor.py:186} INFO - Started process (PID=1400) to work on /root/airflow_env/lib/python3.12/site-packages/airflow/example_dags/example_branch_python_dop_operator_3.py
[2024-12-10T17:08:45.178-0600] {processor.py:914} INFO - Processing file /root/airflow_env/lib/python3.12/site-packages/airflow/example_dags/example_branch_python_dop_operator_3.py for tasks to queue
[2024-12-10T17:08:45.179-0600] {logging_mixin.py:190} INFO - [2024-12-10T17:08:45.179-0600] {dagbag.py:588} INFO - Filling up the DagBag from /root/airflow_env/lib/python3.12/site-packages/airflow/example_dags/example_branch_python_dop_operator_3.py
[2024-12-10T17:08:45.186-0600] {processor.py:925} INFO - DAG(s) 'example_branch_dop_operator_v3' retrieved from /root/airflow_env/lib/python3.12/site-packages/airflow/example_dags/example_branch_python_dop_operator_3.py
[2024-12-10T17:08:45.197-0600] {logging_mixin.py:190} INFO - [2024-12-10T17:08:45.197-0600] {dag.py:3239} INFO - Sync 1 DAGs
[2024-12-10T17:08:45.212-0600] {logging_mixin.py:190} INFO - [2024-12-10T17:08:45.212-0600] {dag.py:4180} INFO - Setting next_dagrun for example_branch_dop_operator_v3 to 2024-12-10 23:07:00+00:00, run_after=2024-12-10 23:08:00+00:00
[2024-12-10T17:08:45.229-0600] {processor.py:208} INFO - Processing /root/airflow_env/lib/python3.12/site-packages/airflow/example_dags/example_branch_python_dop_operator_3.py took 0.057 seconds
[2024-12-10T17:10:03.965-0600] {processor.py:186} INFO - Started process (PID=1498) to work on /root/airflow_env/lib/python3.12/site-packages/airflow/example_dags/example_branch_python_dop_operator_3.py
[2024-12-10T17:10:03.966-0600] {processor.py:914} INFO - Processing file /root/airflow_env/lib/python3.12/site-packages/airflow/example_dags/example_branch_python_dop_operator_3.py for tasks to queue
[2024-12-10T17:10:03.968-0600] {logging_mixin.py:190} INFO - [2024-12-10T17:10:03.968-0600] {dagbag.py:588} INFO - Filling up the DagBag from /root/airflow_env/lib/python3.12/site-packages/airflow/example_dags/example_branch_python_dop_operator_3.py
[2024-12-10T17:10:03.975-0600] {processor.py:925} INFO - DAG(s) 'example_branch_dop_operator_v3' retrieved from /root/airflow_env/lib/python3.12/site-packages/airflow/example_dags/example_branch_python_dop_operator_3.py
[2024-12-10T17:10:03.987-0600] {logging_mixin.py:190} INFO - [2024-12-10T17:10:03.986-0600] {dag.py:3239} INFO - Sync 1 DAGs
[2024-12-10T17:10:04.003-0600] {logging_mixin.py:190} INFO - [2024-12-10T17:10:04.003-0600] {dag.py:4180} INFO - Setting next_dagrun for example_branch_dop_operator_v3 to 2024-12-10 23:09:00+00:00, run_after=2024-12-10 23:10:00+00:00
[2024-12-10T17:10:04.021-0600] {processor.py:208} INFO - Processing /root/airflow_env/lib/python3.12/site-packages/airflow/example_dags/example_branch_python_dop_operator_3.py took 0.061 seconds
[2024-12-10T17:11:16.606-0600] {processor.py:186} INFO - Started process (PID=1588) to work on /root/airflow_env/lib/python3.12/site-packages/airflow/example_dags/example_branch_python_dop_operator_3.py
[2024-12-10T17:11:16.609-0600] {processor.py:914} INFO - Processing file /root/airflow_env/lib/python3.12/site-packages/airflow/example_dags/example_branch_python_dop_operator_3.py for tasks to queue
[2024-12-10T17:11:16.611-0600] {logging_mixin.py:190} INFO - [2024-12-10T17:11:16.610-0600] {dagbag.py:588} INFO - Filling up the DagBag from /root/airflow_env/lib/python3.12/site-packages/airflow/example_dags/example_branch_python_dop_operator_3.py
[2024-12-10T17:11:16.618-0600] {processor.py:925} INFO - DAG(s) 'example_branch_dop_operator_v3' retrieved from /root/airflow_env/lib/python3.12/site-packages/airflow/example_dags/example_branch_python_dop_operator_3.py
[2024-12-10T17:11:16.629-0600] {logging_mixin.py:190} INFO - [2024-12-10T17:11:16.629-0600] {dag.py:3239} INFO - Sync 1 DAGs
[2024-12-10T17:11:16.643-0600] {logging_mixin.py:190} INFO - [2024-12-10T17:11:16.643-0600] {dag.py:4180} INFO - Setting next_dagrun for example_branch_dop_operator_v3 to 2024-12-10 23:10:00+00:00, run_after=2024-12-10 23:11:00+00:00
[2024-12-10T17:11:16.661-0600] {processor.py:208} INFO - Processing /root/airflow_env/lib/python3.12/site-packages/airflow/example_dags/example_branch_python_dop_operator_3.py took 0.059 seconds
[2024-12-10T17:12:12.518-0600] {processor.py:186} INFO - Started process (PID=1652) to work on /root/airflow_env/lib/python3.12/site-packages/airflow/example_dags/example_branch_python_dop_operator_3.py
[2024-12-10T17:12:12.520-0600] {processor.py:914} INFO - Processing file /root/airflow_env/lib/python3.12/site-packages/airflow/example_dags/example_branch_python_dop_operator_3.py for tasks to queue
[2024-12-10T17:12:12.522-0600] {logging_mixin.py:190} INFO - [2024-12-10T17:12:12.521-0600] {dagbag.py:588} INFO - Filling up the DagBag from /root/airflow_env/lib/python3.12/site-packages/airflow/example_dags/example_branch_python_dop_operator_3.py
[2024-12-10T17:12:12.529-0600] {processor.py:925} INFO - DAG(s) 'example_branch_dop_operator_v3' retrieved from /root/airflow_env/lib/python3.12/site-packages/airflow/example_dags/example_branch_python_dop_operator_3.py
[2024-12-10T17:12:12.541-0600] {logging_mixin.py:190} INFO - [2024-12-10T17:12:12.540-0600] {dag.py:3239} INFO - Sync 1 DAGs
[2024-12-10T17:12:12.555-0600] {logging_mixin.py:190} INFO - [2024-12-10T17:12:12.555-0600] {dag.py:4180} INFO - Setting next_dagrun for example_branch_dop_operator_v3 to 2024-12-10 23:11:00+00:00, run_after=2024-12-10 23:12:00+00:00
[2024-12-10T17:12:12.571-0600] {processor.py:208} INFO - Processing /root/airflow_env/lib/python3.12/site-packages/airflow/example_dags/example_branch_python_dop_operator_3.py took 0.058 seconds
[2024-12-10T17:13:30.033-0600] {processor.py:186} INFO - Started process (PID=1737) to work on /root/airflow_env/lib/python3.12/site-packages/airflow/example_dags/example_branch_python_dop_operator_3.py
[2024-12-10T17:13:30.036-0600] {processor.py:914} INFO - Processing file /root/airflow_env/lib/python3.12/site-packages/airflow/example_dags/example_branch_python_dop_operator_3.py for tasks to queue
[2024-12-10T17:13:30.037-0600] {logging_mixin.py:190} INFO - [2024-12-10T17:13:30.037-0600] {dagbag.py:588} INFO - Filling up the DagBag from /root/airflow_env/lib/python3.12/site-packages/airflow/example_dags/example_branch_python_dop_operator_3.py
[2024-12-10T17:13:30.044-0600] {processor.py:925} INFO - DAG(s) 'example_branch_dop_operator_v3' retrieved from /root/airflow_env/lib/python3.12/site-packages/airflow/example_dags/example_branch_python_dop_operator_3.py
[2024-12-10T17:13:30.055-0600] {logging_mixin.py:190} INFO - [2024-12-10T17:13:30.055-0600] {dag.py:3239} INFO - Sync 1 DAGs
[2024-12-10T17:13:30.069-0600] {logging_mixin.py:190} INFO - [2024-12-10T17:13:30.069-0600] {dag.py:4180} INFO - Setting next_dagrun for example_branch_dop_operator_v3 to 2024-12-10 23:12:00+00:00, run_after=2024-12-10 23:13:00+00:00
[2024-12-10T17:13:30.086-0600] {processor.py:208} INFO - Processing /root/airflow_env/lib/python3.12/site-packages/airflow/example_dags/example_branch_python_dop_operator_3.py took 0.057 seconds
[2024-12-10T17:14:46.052-0600] {processor.py:186} INFO - Started process (PID=1829) to work on /root/airflow_env/lib/python3.12/site-packages/airflow/example_dags/example_branch_python_dop_operator_3.py
[2024-12-10T17:14:46.054-0600] {processor.py:914} INFO - Processing file /root/airflow_env/lib/python3.12/site-packages/airflow/example_dags/example_branch_python_dop_operator_3.py for tasks to queue
[2024-12-10T17:14:46.056-0600] {logging_mixin.py:190} INFO - [2024-12-10T17:14:46.055-0600] {dagbag.py:588} INFO - Filling up the DagBag from /root/airflow_env/lib/python3.12/site-packages/airflow/example_dags/example_branch_python_dop_operator_3.py
[2024-12-10T17:14:46.063-0600] {processor.py:925} INFO - DAG(s) 'example_branch_dop_operator_v3' retrieved from /root/airflow_env/lib/python3.12/site-packages/airflow/example_dags/example_branch_python_dop_operator_3.py
[2024-12-10T17:14:46.074-0600] {logging_mixin.py:190} INFO - [2024-12-10T17:14:46.073-0600] {dag.py:3239} INFO - Sync 1 DAGs
[2024-12-10T17:14:46.088-0600] {logging_mixin.py:190} INFO - [2024-12-10T17:14:46.088-0600] {dag.py:4180} INFO - Setting next_dagrun for example_branch_dop_operator_v3 to 2024-12-10 23:13:00+00:00, run_after=2024-12-10 23:14:00+00:00
[2024-12-10T17:14:46.106-0600] {processor.py:208} INFO - Processing /root/airflow_env/lib/python3.12/site-packages/airflow/example_dags/example_branch_python_dop_operator_3.py took 0.058 seconds
[2024-12-10T17:16:03.339-0600] {processor.py:186} INFO - Started process (PID=1922) to work on /root/airflow_env/lib/python3.12/site-packages/airflow/example_dags/example_branch_python_dop_operator_3.py
[2024-12-10T17:16:03.341-0600] {processor.py:914} INFO - Processing file /root/airflow_env/lib/python3.12/site-packages/airflow/example_dags/example_branch_python_dop_operator_3.py for tasks to queue
[2024-12-10T17:16:03.343-0600] {logging_mixin.py:190} INFO - [2024-12-10T17:16:03.342-0600] {dagbag.py:588} INFO - Filling up the DagBag from /root/airflow_env/lib/python3.12/site-packages/airflow/example_dags/example_branch_python_dop_operator_3.py
[2024-12-10T17:16:03.350-0600] {processor.py:925} INFO - DAG(s) 'example_branch_dop_operator_v3' retrieved from /root/airflow_env/lib/python3.12/site-packages/airflow/example_dags/example_branch_python_dop_operator_3.py
[2024-12-10T17:16:03.361-0600] {logging_mixin.py:190} INFO - [2024-12-10T17:16:03.361-0600] {dag.py:3239} INFO - Sync 1 DAGs
[2024-12-10T17:16:03.376-0600] {logging_mixin.py:190} INFO - [2024-12-10T17:16:03.376-0600] {dag.py:4180} INFO - Setting next_dagrun for example_branch_dop_operator_v3 to 2024-12-10 23:15:00+00:00, run_after=2024-12-10 23:16:00+00:00
[2024-12-10T17:16:03.394-0600] {processor.py:208} INFO - Processing /root/airflow_env/lib/python3.12/site-packages/airflow/example_dags/example_branch_python_dop_operator_3.py took 0.059 seconds
[2024-12-10T17:17:21.749-0600] {processor.py:186} INFO - Started process (PID=2013) to work on /root/airflow_env/lib/python3.12/site-packages/airflow/example_dags/example_branch_python_dop_operator_3.py
[2024-12-10T17:17:21.751-0600] {processor.py:914} INFO - Processing file /root/airflow_env/lib/python3.12/site-packages/airflow/example_dags/example_branch_python_dop_operator_3.py for tasks to queue
[2024-12-10T17:17:21.753-0600] {logging_mixin.py:190} INFO - [2024-12-10T17:17:21.752-0600] {dagbag.py:588} INFO - Filling up the DagBag from /root/airflow_env/lib/python3.12/site-packages/airflow/example_dags/example_branch_python_dop_operator_3.py
[2024-12-10T17:17:21.760-0600] {processor.py:925} INFO - DAG(s) 'example_branch_dop_operator_v3' retrieved from /root/airflow_env/lib/python3.12/site-packages/airflow/example_dags/example_branch_python_dop_operator_3.py
[2024-12-10T17:17:21.770-0600] {logging_mixin.py:190} INFO - [2024-12-10T17:17:21.770-0600] {dag.py:3239} INFO - Sync 1 DAGs
[2024-12-10T17:17:21.785-0600] {logging_mixin.py:190} INFO - [2024-12-10T17:17:21.785-0600] {dag.py:4180} INFO - Setting next_dagrun for example_branch_dop_operator_v3 to 2024-12-10 23:16:00+00:00, run_after=2024-12-10 23:17:00+00:00
[2024-12-10T17:17:21.803-0600] {processor.py:208} INFO - Processing /root/airflow_env/lib/python3.12/site-packages/airflow/example_dags/example_branch_python_dop_operator_3.py took 0.057 seconds
[2024-12-10T17:18:39.157-0600] {processor.py:186} INFO - Started process (PID=2097) to work on /root/airflow_env/lib/python3.12/site-packages/airflow/example_dags/example_branch_python_dop_operator_3.py
[2024-12-10T17:18:39.160-0600] {processor.py:914} INFO - Processing file /root/airflow_env/lib/python3.12/site-packages/airflow/example_dags/example_branch_python_dop_operator_3.py for tasks to queue
[2024-12-10T17:18:39.162-0600] {logging_mixin.py:190} INFO - [2024-12-10T17:18:39.162-0600] {dagbag.py:588} INFO - Filling up the DagBag from /root/airflow_env/lib/python3.12/site-packages/airflow/example_dags/example_branch_python_dop_operator_3.py
[2024-12-10T17:18:39.169-0600] {processor.py:925} INFO - DAG(s) 'example_branch_dop_operator_v3' retrieved from /root/airflow_env/lib/python3.12/site-packages/airflow/example_dags/example_branch_python_dop_operator_3.py
[2024-12-10T17:18:39.180-0600] {logging_mixin.py:190} INFO - [2024-12-10T17:18:39.179-0600] {dag.py:3239} INFO - Sync 1 DAGs
[2024-12-10T17:18:39.194-0600] {logging_mixin.py:190} INFO - [2024-12-10T17:18:39.194-0600] {dag.py:4180} INFO - Setting next_dagrun for example_branch_dop_operator_v3 to 2024-12-10 23:17:00+00:00, run_after=2024-12-10 23:18:00+00:00
[2024-12-10T17:18:39.212-0600] {processor.py:208} INFO - Processing /root/airflow_env/lib/python3.12/site-packages/airflow/example_dags/example_branch_python_dop_operator_3.py took 0.059 seconds
[2024-12-10T17:19:34.679-0600] {processor.py:186} INFO - Started process (PID=2157) to work on /root/airflow_env/lib/python3.12/site-packages/airflow/example_dags/example_branch_python_dop_operator_3.py
[2024-12-10T17:19:34.682-0600] {processor.py:914} INFO - Processing file /root/airflow_env/lib/python3.12/site-packages/airflow/example_dags/example_branch_python_dop_operator_3.py for tasks to queue
[2024-12-10T17:19:34.683-0600] {logging_mixin.py:190} INFO - [2024-12-10T17:19:34.683-0600] {dagbag.py:588} INFO - Filling up the DagBag from /root/airflow_env/lib/python3.12/site-packages/airflow/example_dags/example_branch_python_dop_operator_3.py
[2024-12-10T17:19:34.690-0600] {processor.py:925} INFO - DAG(s) 'example_branch_dop_operator_v3' retrieved from /root/airflow_env/lib/python3.12/site-packages/airflow/example_dags/example_branch_python_dop_operator_3.py
[2024-12-10T17:19:34.701-0600] {logging_mixin.py:190} INFO - [2024-12-10T17:19:34.701-0600] {dag.py:3239} INFO - Sync 1 DAGs
[2024-12-10T17:19:34.715-0600] {logging_mixin.py:190} INFO - [2024-12-10T17:19:34.715-0600] {dag.py:4180} INFO - Setting next_dagrun for example_branch_dop_operator_v3 to 2024-12-10 23:18:00+00:00, run_after=2024-12-10 23:19:00+00:00
[2024-12-10T17:19:34.732-0600] {processor.py:208} INFO - Processing /root/airflow_env/lib/python3.12/site-packages/airflow/example_dags/example_branch_python_dop_operator_3.py took 0.057 seconds
[2024-12-10T17:20:51.100-0600] {processor.py:186} INFO - Started process (PID=2241) to work on /root/airflow_env/lib/python3.12/site-packages/airflow/example_dags/example_branch_python_dop_operator_3.py
[2024-12-10T17:20:51.103-0600] {processor.py:914} INFO - Processing file /root/airflow_env/lib/python3.12/site-packages/airflow/example_dags/example_branch_python_dop_operator_3.py for tasks to queue
[2024-12-10T17:20:51.104-0600] {logging_mixin.py:190} INFO - [2024-12-10T17:20:51.104-0600] {dagbag.py:588} INFO - Filling up the DagBag from /root/airflow_env/lib/python3.12/site-packages/airflow/example_dags/example_branch_python_dop_operator_3.py
[2024-12-10T17:20:51.112-0600] {processor.py:925} INFO - DAG(s) 'example_branch_dop_operator_v3' retrieved from /root/airflow_env/lib/python3.12/site-packages/airflow/example_dags/example_branch_python_dop_operator_3.py
[2024-12-10T17:20:51.125-0600] {logging_mixin.py:190} INFO - [2024-12-10T17:20:51.125-0600] {dag.py:3239} INFO - Sync 1 DAGs
[2024-12-10T17:20:51.140-0600] {logging_mixin.py:190} INFO - [2024-12-10T17:20:51.140-0600] {dag.py:4180} INFO - Setting next_dagrun for example_branch_dop_operator_v3 to 2024-12-10 23:19:00+00:00, run_after=2024-12-10 23:20:00+00:00
[2024-12-10T17:20:51.158-0600] {processor.py:208} INFO - Processing /root/airflow_env/lib/python3.12/site-packages/airflow/example_dags/example_branch_python_dop_operator_3.py took 0.062 seconds
[2024-12-10T17:22:11.028-0600] {processor.py:186} INFO - Started process (PID=2329) to work on /root/airflow_env/lib/python3.12/site-packages/airflow/example_dags/example_branch_python_dop_operator_3.py
[2024-12-10T17:22:11.030-0600] {processor.py:914} INFO - Processing file /root/airflow_env/lib/python3.12/site-packages/airflow/example_dags/example_branch_python_dop_operator_3.py for tasks to queue
[2024-12-10T17:22:11.032-0600] {logging_mixin.py:190} INFO - [2024-12-10T17:22:11.031-0600] {dagbag.py:588} INFO - Filling up the DagBag from /root/airflow_env/lib/python3.12/site-packages/airflow/example_dags/example_branch_python_dop_operator_3.py
[2024-12-10T17:22:11.039-0600] {processor.py:925} INFO - DAG(s) 'example_branch_dop_operator_v3' retrieved from /root/airflow_env/lib/python3.12/site-packages/airflow/example_dags/example_branch_python_dop_operator_3.py
[2024-12-10T17:22:11.050-0600] {logging_mixin.py:190} INFO - [2024-12-10T17:22:11.049-0600] {dag.py:3239} INFO - Sync 1 DAGs
[2024-12-10T17:22:11.064-0600] {logging_mixin.py:190} INFO - [2024-12-10T17:22:11.064-0600] {dag.py:4180} INFO - Setting next_dagrun for example_branch_dop_operator_v3 to 2024-12-10 23:21:00+00:00, run_after=2024-12-10 23:22:00+00:00
[2024-12-10T17:22:11.082-0600] {processor.py:208} INFO - Processing /root/airflow_env/lib/python3.12/site-packages/airflow/example_dags/example_branch_python_dop_operator_3.py took 0.058 seconds
[2024-12-10T17:23:33.269-0600] {processor.py:186} INFO - Started process (PID=2416) to work on /root/airflow_env/lib/python3.12/site-packages/airflow/example_dags/example_branch_python_dop_operator_3.py
[2024-12-10T17:23:33.272-0600] {processor.py:914} INFO - Processing file /root/airflow_env/lib/python3.12/site-packages/airflow/example_dags/example_branch_python_dop_operator_3.py for tasks to queue
[2024-12-10T17:23:33.274-0600] {logging_mixin.py:190} INFO - [2024-12-10T17:23:33.273-0600] {dagbag.py:588} INFO - Filling up the DagBag from /root/airflow_env/lib/python3.12/site-packages/airflow/example_dags/example_branch_python_dop_operator_3.py
[2024-12-10T17:23:33.281-0600] {processor.py:925} INFO - DAG(s) 'example_branch_dop_operator_v3' retrieved from /root/airflow_env/lib/python3.12/site-packages/airflow/example_dags/example_branch_python_dop_operator_3.py
[2024-12-10T17:23:33.291-0600] {logging_mixin.py:190} INFO - [2024-12-10T17:23:33.291-0600] {dag.py:3239} INFO - Sync 1 DAGs
[2024-12-10T17:23:33.306-0600] {logging_mixin.py:190} INFO - [2024-12-10T17:23:33.305-0600] {dag.py:4180} INFO - Setting next_dagrun for example_branch_dop_operator_v3 to 2024-12-10 23:22:00+00:00, run_after=2024-12-10 23:23:00+00:00
[2024-12-10T17:23:33.325-0600] {processor.py:208} INFO - Processing /root/airflow_env/lib/python3.12/site-packages/airflow/example_dags/example_branch_python_dop_operator_3.py took 0.059 seconds
[2024-12-10T17:24:50.366-0600] {processor.py:186} INFO - Started process (PID=2507) to work on /root/airflow_env/lib/python3.12/site-packages/airflow/example_dags/example_branch_python_dop_operator_3.py
[2024-12-10T17:24:50.369-0600] {processor.py:914} INFO - Processing file /root/airflow_env/lib/python3.12/site-packages/airflow/example_dags/example_branch_python_dop_operator_3.py for tasks to queue
[2024-12-10T17:24:50.370-0600] {logging_mixin.py:190} INFO - [2024-12-10T17:24:50.370-0600] {dagbag.py:588} INFO - Filling up the DagBag from /root/airflow_env/lib/python3.12/site-packages/airflow/example_dags/example_branch_python_dop_operator_3.py
[2024-12-10T17:24:50.377-0600] {processor.py:925} INFO - DAG(s) 'example_branch_dop_operator_v3' retrieved from /root/airflow_env/lib/python3.12/site-packages/airflow/example_dags/example_branch_python_dop_operator_3.py
[2024-12-10T17:24:50.388-0600] {logging_mixin.py:190} INFO - [2024-12-10T17:24:50.388-0600] {dag.py:3239} INFO - Sync 1 DAGs
[2024-12-10T17:24:50.403-0600] {logging_mixin.py:190} INFO - [2024-12-10T17:24:50.403-0600] {dag.py:4180} INFO - Setting next_dagrun for example_branch_dop_operator_v3 to 2024-12-10 23:23:00+00:00, run_after=2024-12-10 23:24:00+00:00
[2024-12-10T17:24:50.420-0600] {processor.py:208} INFO - Processing /root/airflow_env/lib/python3.12/site-packages/airflow/example_dags/example_branch_python_dop_operator_3.py took 0.058 seconds
[2024-12-10T17:26:09.650-0600] {processor.py:186} INFO - Started process (PID=2595) to work on /root/airflow_env/lib/python3.12/site-packages/airflow/example_dags/example_branch_python_dop_operator_3.py
[2024-12-10T17:26:09.651-0600] {processor.py:914} INFO - Processing file /root/airflow_env/lib/python3.12/site-packages/airflow/example_dags/example_branch_python_dop_operator_3.py for tasks to queue
[2024-12-10T17:26:09.653-0600] {logging_mixin.py:190} INFO - [2024-12-10T17:26:09.653-0600] {dagbag.py:588} INFO - Filling up the DagBag from /root/airflow_env/lib/python3.12/site-packages/airflow/example_dags/example_branch_python_dop_operator_3.py
[2024-12-10T17:26:09.660-0600] {processor.py:925} INFO - DAG(s) 'example_branch_dop_operator_v3' retrieved from /root/airflow_env/lib/python3.12/site-packages/airflow/example_dags/example_branch_python_dop_operator_3.py
[2024-12-10T17:26:09.671-0600] {logging_mixin.py:190} INFO - [2024-12-10T17:26:09.671-0600] {dag.py:3239} INFO - Sync 1 DAGs
[2024-12-10T17:26:09.685-0600] {logging_mixin.py:190} INFO - [2024-12-10T17:26:09.685-0600] {dag.py:4180} INFO - Setting next_dagrun for example_branch_dop_operator_v3 to 2024-12-10 23:25:00+00:00, run_after=2024-12-10 23:26:00+00:00
[2024-12-10T17:26:09.702-0600] {processor.py:208} INFO - Processing /root/airflow_env/lib/python3.12/site-packages/airflow/example_dags/example_branch_python_dop_operator_3.py took 0.055 seconds
[2024-12-10T17:27:05.183-0600] {processor.py:186} INFO - Started process (PID=2655) to work on /root/airflow_env/lib/python3.12/site-packages/airflow/example_dags/example_branch_python_dop_operator_3.py
[2024-12-10T17:27:05.185-0600] {processor.py:914} INFO - Processing file /root/airflow_env/lib/python3.12/site-packages/airflow/example_dags/example_branch_python_dop_operator_3.py for tasks to queue
[2024-12-10T17:27:05.187-0600] {logging_mixin.py:190} INFO - [2024-12-10T17:27:05.187-0600] {dagbag.py:588} INFO - Filling up the DagBag from /root/airflow_env/lib/python3.12/site-packages/airflow/example_dags/example_branch_python_dop_operator_3.py
[2024-12-10T17:27:05.194-0600] {processor.py:925} INFO - DAG(s) 'example_branch_dop_operator_v3' retrieved from /root/airflow_env/lib/python3.12/site-packages/airflow/example_dags/example_branch_python_dop_operator_3.py
[2024-12-10T17:27:05.204-0600] {logging_mixin.py:190} INFO - [2024-12-10T17:27:05.204-0600] {dag.py:3239} INFO - Sync 1 DAGs
[2024-12-10T17:27:05.220-0600] {logging_mixin.py:190} INFO - [2024-12-10T17:27:05.220-0600] {dag.py:4180} INFO - Setting next_dagrun for example_branch_dop_operator_v3 to 2024-12-10 23:26:00+00:00, run_after=2024-12-10 23:27:00+00:00
[2024-12-10T17:27:05.238-0600] {processor.py:208} INFO - Processing /root/airflow_env/lib/python3.12/site-packages/airflow/example_dags/example_branch_python_dop_operator_3.py took 0.059 seconds
[2024-12-10T17:28:21.215-0600] {processor.py:186} INFO - Started process (PID=2739) to work on /root/airflow_env/lib/python3.12/site-packages/airflow/example_dags/example_branch_python_dop_operator_3.py
[2024-12-10T17:28:21.218-0600] {processor.py:914} INFO - Processing file /root/airflow_env/lib/python3.12/site-packages/airflow/example_dags/example_branch_python_dop_operator_3.py for tasks to queue
[2024-12-10T17:28:21.220-0600] {logging_mixin.py:190} INFO - [2024-12-10T17:28:21.219-0600] {dagbag.py:588} INFO - Filling up the DagBag from /root/airflow_env/lib/python3.12/site-packages/airflow/example_dags/example_branch_python_dop_operator_3.py
[2024-12-10T17:28:21.227-0600] {processor.py:925} INFO - DAG(s) 'example_branch_dop_operator_v3' retrieved from /root/airflow_env/lib/python3.12/site-packages/airflow/example_dags/example_branch_python_dop_operator_3.py
[2024-12-10T17:28:21.240-0600] {logging_mixin.py:190} INFO - [2024-12-10T17:28:21.239-0600] {dag.py:3239} INFO - Sync 1 DAGs
[2024-12-10T17:28:21.256-0600] {logging_mixin.py:190} INFO - [2024-12-10T17:28:21.256-0600] {dag.py:4180} INFO - Setting next_dagrun for example_branch_dop_operator_v3 to 2024-12-10 23:27:00+00:00, run_after=2024-12-10 23:28:00+00:00
[2024-12-10T17:28:21.275-0600] {processor.py:208} INFO - Processing /root/airflow_env/lib/python3.12/site-packages/airflow/example_dags/example_branch_python_dop_operator_3.py took 0.064 seconds
[2024-12-10T17:29:16.745-0600] {processor.py:186} INFO - Started process (PID=2799) to work on /root/airflow_env/lib/python3.12/site-packages/airflow/example_dags/example_branch_python_dop_operator_3.py
[2024-12-10T17:29:16.747-0600] {processor.py:914} INFO - Processing file /root/airflow_env/lib/python3.12/site-packages/airflow/example_dags/example_branch_python_dop_operator_3.py for tasks to queue
[2024-12-10T17:29:16.748-0600] {logging_mixin.py:190} INFO - [2024-12-10T17:29:16.748-0600] {dagbag.py:588} INFO - Filling up the DagBag from /root/airflow_env/lib/python3.12/site-packages/airflow/example_dags/example_branch_python_dop_operator_3.py
[2024-12-10T17:29:16.758-0600] {processor.py:925} INFO - DAG(s) 'example_branch_dop_operator_v3' retrieved from /root/airflow_env/lib/python3.12/site-packages/airflow/example_dags/example_branch_python_dop_operator_3.py
[2024-12-10T17:29:16.773-0600] {logging_mixin.py:190} INFO - [2024-12-10T17:29:16.773-0600] {dag.py:3239} INFO - Sync 1 DAGs
[2024-12-10T17:29:16.792-0600] {logging_mixin.py:190} INFO - [2024-12-10T17:29:16.791-0600] {dag.py:4180} INFO - Setting next_dagrun for example_branch_dop_operator_v3 to 2024-12-10 23:28:00+00:00, run_after=2024-12-10 23:29:00+00:00
[2024-12-10T17:29:16.808-0600] {processor.py:208} INFO - Processing /root/airflow_env/lib/python3.12/site-packages/airflow/example_dags/example_branch_python_dop_operator_3.py took 0.067 seconds
[2024-12-10T17:30:32.163-0600] {processor.py:186} INFO - Started process (PID=2889) to work on /root/airflow_env/lib/python3.12/site-packages/airflow/example_dags/example_branch_python_dop_operator_3.py
[2024-12-10T17:30:32.165-0600] {processor.py:914} INFO - Processing file /root/airflow_env/lib/python3.12/site-packages/airflow/example_dags/example_branch_python_dop_operator_3.py for tasks to queue
[2024-12-10T17:30:32.167-0600] {logging_mixin.py:190} INFO - [2024-12-10T17:30:32.166-0600] {dagbag.py:588} INFO - Filling up the DagBag from /root/airflow_env/lib/python3.12/site-packages/airflow/example_dags/example_branch_python_dop_operator_3.py
[2024-12-10T17:30:32.174-0600] {processor.py:925} INFO - DAG(s) 'example_branch_dop_operator_v3' retrieved from /root/airflow_env/lib/python3.12/site-packages/airflow/example_dags/example_branch_python_dop_operator_3.py
[2024-12-10T17:30:32.184-0600] {logging_mixin.py:190} INFO - [2024-12-10T17:30:32.184-0600] {dag.py:3239} INFO - Sync 1 DAGs
[2024-12-10T17:30:32.198-0600] {logging_mixin.py:190} INFO - [2024-12-10T17:30:32.198-0600] {dag.py:4180} INFO - Setting next_dagrun for example_branch_dop_operator_v3 to 2024-12-10 23:29:00+00:00, run_after=2024-12-10 23:30:00+00:00
[2024-12-10T17:30:32.215-0600] {processor.py:208} INFO - Processing /root/airflow_env/lib/python3.12/site-packages/airflow/example_dags/example_branch_python_dop_operator_3.py took 0.055 seconds
[2024-12-10T17:31:48.950-0600] {processor.py:186} INFO - Started process (PID=2973) to work on /root/airflow_env/lib/python3.12/site-packages/airflow/example_dags/example_branch_python_dop_operator_3.py
[2024-12-10T17:31:48.951-0600] {processor.py:914} INFO - Processing file /root/airflow_env/lib/python3.12/site-packages/airflow/example_dags/example_branch_python_dop_operator_3.py for tasks to queue
[2024-12-10T17:31:48.953-0600] {logging_mixin.py:190} INFO - [2024-12-10T17:31:48.952-0600] {dagbag.py:588} INFO - Filling up the DagBag from /root/airflow_env/lib/python3.12/site-packages/airflow/example_dags/example_branch_python_dop_operator_3.py
[2024-12-10T17:31:48.960-0600] {processor.py:925} INFO - DAG(s) 'example_branch_dop_operator_v3' retrieved from /root/airflow_env/lib/python3.12/site-packages/airflow/example_dags/example_branch_python_dop_operator_3.py
[2024-12-10T17:31:48.970-0600] {logging_mixin.py:190} INFO - [2024-12-10T17:31:48.970-0600] {dag.py:3239} INFO - Sync 1 DAGs
[2024-12-10T17:31:48.985-0600] {logging_mixin.py:190} INFO - [2024-12-10T17:31:48.985-0600] {dag.py:4180} INFO - Setting next_dagrun for example_branch_dop_operator_v3 to 2024-12-10 23:30:00+00:00, run_after=2024-12-10 23:31:00+00:00
[2024-12-10T17:31:49.002-0600] {processor.py:208} INFO - Processing /root/airflow_env/lib/python3.12/site-packages/airflow/example_dags/example_branch_python_dop_operator_3.py took 0.056 seconds
[2024-12-10T17:32:43.619-0600] {processor.py:186} INFO - Started process (PID=3032) to work on /root/airflow_env/lib/python3.12/site-packages/airflow/example_dags/example_branch_python_dop_operator_3.py
[2024-12-10T17:32:43.621-0600] {processor.py:914} INFO - Processing file /root/airflow_env/lib/python3.12/site-packages/airflow/example_dags/example_branch_python_dop_operator_3.py for tasks to queue
[2024-12-10T17:32:43.622-0600] {logging_mixin.py:190} INFO - [2024-12-10T17:32:43.622-0600] {dagbag.py:588} INFO - Filling up the DagBag from /root/airflow_env/lib/python3.12/site-packages/airflow/example_dags/example_branch_python_dop_operator_3.py
[2024-12-10T17:32:43.630-0600] {processor.py:925} INFO - DAG(s) 'example_branch_dop_operator_v3' retrieved from /root/airflow_env/lib/python3.12/site-packages/airflow/example_dags/example_branch_python_dop_operator_3.py
[2024-12-10T17:32:43.640-0600] {logging_mixin.py:190} INFO - [2024-12-10T17:32:43.640-0600] {dag.py:3239} INFO - Sync 1 DAGs
[2024-12-10T17:32:43.655-0600] {logging_mixin.py:190} INFO - [2024-12-10T17:32:43.655-0600] {dag.py:4180} INFO - Setting next_dagrun for example_branch_dop_operator_v3 to 2024-12-10 23:31:00+00:00, run_after=2024-12-10 23:32:00+00:00
[2024-12-10T17:32:43.671-0600] {processor.py:208} INFO - Processing /root/airflow_env/lib/python3.12/site-packages/airflow/example_dags/example_branch_python_dop_operator_3.py took 0.056 seconds
[2024-12-10T17:33:38.348-0600] {processor.py:186} INFO - Started process (PID=3091) to work on /root/airflow_env/lib/python3.12/site-packages/airflow/example_dags/example_branch_python_dop_operator_3.py
[2024-12-10T17:33:38.350-0600] {processor.py:914} INFO - Processing file /root/airflow_env/lib/python3.12/site-packages/airflow/example_dags/example_branch_python_dop_operator_3.py for tasks to queue
[2024-12-10T17:33:38.352-0600] {logging_mixin.py:190} INFO - [2024-12-10T17:33:38.351-0600] {dagbag.py:588} INFO - Filling up the DagBag from /root/airflow_env/lib/python3.12/site-packages/airflow/example_dags/example_branch_python_dop_operator_3.py
[2024-12-10T17:33:38.359-0600] {processor.py:925} INFO - DAG(s) 'example_branch_dop_operator_v3' retrieved from /root/airflow_env/lib/python3.12/site-packages/airflow/example_dags/example_branch_python_dop_operator_3.py
[2024-12-10T17:33:38.370-0600] {logging_mixin.py:190} INFO - [2024-12-10T17:33:38.369-0600] {dag.py:3239} INFO - Sync 1 DAGs
[2024-12-10T17:33:38.384-0600] {logging_mixin.py:190} INFO - [2024-12-10T17:33:38.384-0600] {dag.py:4180} INFO - Setting next_dagrun for example_branch_dop_operator_v3 to 2024-12-10 23:32:00+00:00, run_after=2024-12-10 23:33:00+00:00
[2024-12-10T17:33:38.401-0600] {processor.py:208} INFO - Processing /root/airflow_env/lib/python3.12/site-packages/airflow/example_dags/example_branch_python_dop_operator_3.py took 0.057 seconds
[2024-12-10T17:34:56.073-0600] {processor.py:186} INFO - Started process (PID=3284) to work on /root/airflow_env/lib/python3.12/site-packages/airflow/example_dags/example_branch_python_dop_operator_3.py
[2024-12-10T17:34:56.075-0600] {processor.py:914} INFO - Processing file /root/airflow_env/lib/python3.12/site-packages/airflow/example_dags/example_branch_python_dop_operator_3.py for tasks to queue
[2024-12-10T17:34:56.077-0600] {logging_mixin.py:190} INFO - [2024-12-10T17:34:56.077-0600] {dagbag.py:588} INFO - Filling up the DagBag from /root/airflow_env/lib/python3.12/site-packages/airflow/example_dags/example_branch_python_dop_operator_3.py
[2024-12-10T17:34:56.086-0600] {processor.py:925} INFO - DAG(s) 'example_branch_dop_operator_v3' retrieved from /root/airflow_env/lib/python3.12/site-packages/airflow/example_dags/example_branch_python_dop_operator_3.py
[2024-12-10T17:34:56.097-0600] {logging_mixin.py:190} INFO - [2024-12-10T17:34:56.097-0600] {dag.py:3239} INFO - Sync 1 DAGs
[2024-12-10T17:34:56.113-0600] {logging_mixin.py:190} INFO - [2024-12-10T17:34:56.113-0600] {dag.py:4180} INFO - Setting next_dagrun for example_branch_dop_operator_v3 to 2024-12-10 23:33:00+00:00, run_after=2024-12-10 23:34:00+00:00
[2024-12-10T17:34:56.132-0600] {processor.py:208} INFO - Processing /root/airflow_env/lib/python3.12/site-packages/airflow/example_dags/example_branch_python_dop_operator_3.py took 0.065 seconds
[2024-12-10T17:36:12.781-0600] {processor.py:186} INFO - Started process (PID=3370) to work on /root/airflow_env/lib/python3.12/site-packages/airflow/example_dags/example_branch_python_dop_operator_3.py
[2024-12-10T17:36:12.783-0600] {processor.py:914} INFO - Processing file /root/airflow_env/lib/python3.12/site-packages/airflow/example_dags/example_branch_python_dop_operator_3.py for tasks to queue
[2024-12-10T17:36:12.785-0600] {logging_mixin.py:190} INFO - [2024-12-10T17:36:12.784-0600] {dagbag.py:588} INFO - Filling up the DagBag from /root/airflow_env/lib/python3.12/site-packages/airflow/example_dags/example_branch_python_dop_operator_3.py
[2024-12-10T17:36:12.792-0600] {processor.py:925} INFO - DAG(s) 'example_branch_dop_operator_v3' retrieved from /root/airflow_env/lib/python3.12/site-packages/airflow/example_dags/example_branch_python_dop_operator_3.py
[2024-12-10T17:36:12.802-0600] {logging_mixin.py:190} INFO - [2024-12-10T17:36:12.802-0600] {dag.py:3239} INFO - Sync 1 DAGs
[2024-12-10T17:36:12.816-0600] {logging_mixin.py:190} INFO - [2024-12-10T17:36:12.816-0600] {dag.py:4180} INFO - Setting next_dagrun for example_branch_dop_operator_v3 to 2024-12-10 23:35:00+00:00, run_after=2024-12-10 23:36:00+00:00
[2024-12-10T17:36:12.832-0600] {processor.py:208} INFO - Processing /root/airflow_env/lib/python3.12/site-packages/airflow/example_dags/example_branch_python_dop_operator_3.py took 0.056 seconds
[2024-12-10T17:37:28.337-0600] {processor.py:186} INFO - Started process (PID=3455) to work on /root/airflow_env/lib/python3.12/site-packages/airflow/example_dags/example_branch_python_dop_operator_3.py
[2024-12-10T17:37:28.339-0600] {processor.py:914} INFO - Processing file /root/airflow_env/lib/python3.12/site-packages/airflow/example_dags/example_branch_python_dop_operator_3.py for tasks to queue
[2024-12-10T17:37:28.342-0600] {logging_mixin.py:190} INFO - [2024-12-10T17:37:28.341-0600] {dagbag.py:588} INFO - Filling up the DagBag from /root/airflow_env/lib/python3.12/site-packages/airflow/example_dags/example_branch_python_dop_operator_3.py
[2024-12-10T17:37:28.350-0600] {processor.py:925} INFO - DAG(s) 'example_branch_dop_operator_v3' retrieved from /root/airflow_env/lib/python3.12/site-packages/airflow/example_dags/example_branch_python_dop_operator_3.py
[2024-12-10T17:37:28.363-0600] {logging_mixin.py:190} INFO - [2024-12-10T17:37:28.363-0600] {dag.py:3239} INFO - Sync 1 DAGs
[2024-12-10T17:37:28.379-0600] {logging_mixin.py:190} INFO - [2024-12-10T17:37:28.379-0600] {dag.py:4180} INFO - Setting next_dagrun for example_branch_dop_operator_v3 to 2024-12-10 23:36:00+00:00, run_after=2024-12-10 23:37:00+00:00
[2024-12-10T17:37:28.397-0600] {processor.py:208} INFO - Processing /root/airflow_env/lib/python3.12/site-packages/airflow/example_dags/example_branch_python_dop_operator_3.py took 0.064 seconds
[2024-12-10T17:38:44.966-0600] {processor.py:186} INFO - Started process (PID=3540) to work on /root/airflow_env/lib/python3.12/site-packages/airflow/example_dags/example_branch_python_dop_operator_3.py
[2024-12-10T17:38:44.969-0600] {processor.py:914} INFO - Processing file /root/airflow_env/lib/python3.12/site-packages/airflow/example_dags/example_branch_python_dop_operator_3.py for tasks to queue
[2024-12-10T17:38:44.970-0600] {logging_mixin.py:190} INFO - [2024-12-10T17:38:44.970-0600] {dagbag.py:588} INFO - Filling up the DagBag from /root/airflow_env/lib/python3.12/site-packages/airflow/example_dags/example_branch_python_dop_operator_3.py
[2024-12-10T17:38:44.979-0600] {processor.py:925} INFO - DAG(s) 'example_branch_dop_operator_v3' retrieved from /root/airflow_env/lib/python3.12/site-packages/airflow/example_dags/example_branch_python_dop_operator_3.py
[2024-12-10T17:38:44.990-0600] {logging_mixin.py:190} INFO - [2024-12-10T17:38:44.990-0600] {dag.py:3239} INFO - Sync 1 DAGs
[2024-12-10T17:38:45.005-0600] {logging_mixin.py:190} INFO - [2024-12-10T17:38:45.005-0600] {dag.py:4180} INFO - Setting next_dagrun for example_branch_dop_operator_v3 to 2024-12-10 23:37:00+00:00, run_after=2024-12-10 23:38:00+00:00
[2024-12-10T17:38:45.023-0600] {processor.py:208} INFO - Processing /root/airflow_env/lib/python3.12/site-packages/airflow/example_dags/example_branch_python_dop_operator_3.py took 0.061 seconds
[2024-12-10T17:40:03.280-0600] {processor.py:186} INFO - Started process (PID=3628) to work on /root/airflow_env/lib/python3.12/site-packages/airflow/example_dags/example_branch_python_dop_operator_3.py
[2024-12-10T17:40:03.282-0600] {processor.py:914} INFO - Processing file /root/airflow_env/lib/python3.12/site-packages/airflow/example_dags/example_branch_python_dop_operator_3.py for tasks to queue
[2024-12-10T17:40:03.284-0600] {logging_mixin.py:190} INFO - [2024-12-10T17:40:03.283-0600] {dagbag.py:588} INFO - Filling up the DagBag from /root/airflow_env/lib/python3.12/site-packages/airflow/example_dags/example_branch_python_dop_operator_3.py
[2024-12-10T17:40:03.291-0600] {processor.py:925} INFO - DAG(s) 'example_branch_dop_operator_v3' retrieved from /root/airflow_env/lib/python3.12/site-packages/airflow/example_dags/example_branch_python_dop_operator_3.py
[2024-12-10T17:40:03.302-0600] {logging_mixin.py:190} INFO - [2024-12-10T17:40:03.302-0600] {dag.py:3239} INFO - Sync 1 DAGs
[2024-12-10T17:40:03.316-0600] {logging_mixin.py:190} INFO - [2024-12-10T17:40:03.316-0600] {dag.py:4180} INFO - Setting next_dagrun for example_branch_dop_operator_v3 to 2024-12-10 23:39:00+00:00, run_after=2024-12-10 23:40:00+00:00
[2024-12-10T17:40:03.333-0600] {processor.py:208} INFO - Processing /root/airflow_env/lib/python3.12/site-packages/airflow/example_dags/example_branch_python_dop_operator_3.py took 0.056 seconds
[2024-12-10T17:41:01.045-0600] {processor.py:186} INFO - Started process (PID=3693) to work on /root/airflow_env/lib/python3.12/site-packages/airflow/example_dags/example_branch_python_dop_operator_3.py
[2024-12-10T17:41:01.046-0600] {processor.py:914} INFO - Processing file /root/airflow_env/lib/python3.12/site-packages/airflow/example_dags/example_branch_python_dop_operator_3.py for tasks to queue
[2024-12-10T17:41:01.048-0600] {logging_mixin.py:190} INFO - [2024-12-10T17:41:01.048-0600] {dagbag.py:588} INFO - Filling up the DagBag from /root/airflow_env/lib/python3.12/site-packages/airflow/example_dags/example_branch_python_dop_operator_3.py
[2024-12-10T17:41:01.056-0600] {processor.py:925} INFO - DAG(s) 'example_branch_dop_operator_v3' retrieved from /root/airflow_env/lib/python3.12/site-packages/airflow/example_dags/example_branch_python_dop_operator_3.py
[2024-12-10T17:41:01.067-0600] {logging_mixin.py:190} INFO - [2024-12-10T17:41:01.067-0600] {dag.py:3239} INFO - Sync 1 DAGs
[2024-12-10T17:41:01.083-0600] {logging_mixin.py:190} INFO - [2024-12-10T17:41:01.083-0600] {dag.py:4180} INFO - Setting next_dagrun for example_branch_dop_operator_v3 to 2024-12-10 23:40:00+00:00, run_after=2024-12-10 23:41:00+00:00
[2024-12-10T17:41:01.101-0600] {processor.py:208} INFO - Processing /root/airflow_env/lib/python3.12/site-packages/airflow/example_dags/example_branch_python_dop_operator_3.py took 0.060 seconds
[2024-12-10T17:42:18.261-0600] {processor.py:186} INFO - Started process (PID=3782) to work on /root/airflow_env/lib/python3.12/site-packages/airflow/example_dags/example_branch_python_dop_operator_3.py
[2024-12-10T17:42:18.263-0600] {processor.py:914} INFO - Processing file /root/airflow_env/lib/python3.12/site-packages/airflow/example_dags/example_branch_python_dop_operator_3.py for tasks to queue
[2024-12-10T17:42:18.265-0600] {logging_mixin.py:190} INFO - [2024-12-10T17:42:18.264-0600] {dagbag.py:588} INFO - Filling up the DagBag from /root/airflow_env/lib/python3.12/site-packages/airflow/example_dags/example_branch_python_dop_operator_3.py
[2024-12-10T17:42:18.273-0600] {processor.py:925} INFO - DAG(s) 'example_branch_dop_operator_v3' retrieved from /root/airflow_env/lib/python3.12/site-packages/airflow/example_dags/example_branch_python_dop_operator_3.py
[2024-12-10T17:42:18.285-0600] {logging_mixin.py:190} INFO - [2024-12-10T17:42:18.284-0600] {dag.py:3239} INFO - Sync 1 DAGs
[2024-12-10T17:42:18.300-0600] {logging_mixin.py:190} INFO - [2024-12-10T17:42:18.300-0600] {dag.py:4180} INFO - Setting next_dagrun for example_branch_dop_operator_v3 to 2024-12-10 23:41:00+00:00, run_after=2024-12-10 23:42:00+00:00
[2024-12-10T17:42:18.318-0600] {processor.py:208} INFO - Processing /root/airflow_env/lib/python3.12/site-packages/airflow/example_dags/example_branch_python_dop_operator_3.py took 0.061 seconds
[2024-12-10T17:43:38.246-0600] {processor.py:186} INFO - Started process (PID=3883) to work on /root/airflow_env/lib/python3.12/site-packages/airflow/example_dags/example_branch_python_dop_operator_3.py
[2024-12-10T17:43:38.249-0600] {processor.py:914} INFO - Processing file /root/airflow_env/lib/python3.12/site-packages/airflow/example_dags/example_branch_python_dop_operator_3.py for tasks to queue
[2024-12-10T17:43:38.250-0600] {logging_mixin.py:190} INFO - [2024-12-10T17:43:38.250-0600] {dagbag.py:588} INFO - Filling up the DagBag from /root/airflow_env/lib/python3.12/site-packages/airflow/example_dags/example_branch_python_dop_operator_3.py
[2024-12-10T17:43:38.257-0600] {processor.py:925} INFO - DAG(s) 'example_branch_dop_operator_v3' retrieved from /root/airflow_env/lib/python3.12/site-packages/airflow/example_dags/example_branch_python_dop_operator_3.py
[2024-12-10T17:43:38.268-0600] {logging_mixin.py:190} INFO - [2024-12-10T17:43:38.268-0600] {dag.py:3239} INFO - Sync 1 DAGs
[2024-12-10T17:43:38.283-0600] {logging_mixin.py:190} INFO - [2024-12-10T17:43:38.283-0600] {dag.py:4180} INFO - Setting next_dagrun for example_branch_dop_operator_v3 to 2024-12-10 23:42:00+00:00, run_after=2024-12-10 23:43:00+00:00
[2024-12-10T17:43:38.300-0600] {processor.py:208} INFO - Processing /root/airflow_env/lib/python3.12/site-packages/airflow/example_dags/example_branch_python_dop_operator_3.py took 0.059 seconds
[2024-12-10T17:44:55.779-0600] {processor.py:186} INFO - Started process (PID=3969) to work on /root/airflow_env/lib/python3.12/site-packages/airflow/example_dags/example_branch_python_dop_operator_3.py
[2024-12-10T17:44:55.781-0600] {processor.py:914} INFO - Processing file /root/airflow_env/lib/python3.12/site-packages/airflow/example_dags/example_branch_python_dop_operator_3.py for tasks to queue
[2024-12-10T17:44:55.783-0600] {logging_mixin.py:190} INFO - [2024-12-10T17:44:55.782-0600] {dagbag.py:588} INFO - Filling up the DagBag from /root/airflow_env/lib/python3.12/site-packages/airflow/example_dags/example_branch_python_dop_operator_3.py
[2024-12-10T17:44:55.790-0600] {processor.py:925} INFO - DAG(s) 'example_branch_dop_operator_v3' retrieved from /root/airflow_env/lib/python3.12/site-packages/airflow/example_dags/example_branch_python_dop_operator_3.py
[2024-12-10T17:44:55.802-0600] {logging_mixin.py:190} INFO - [2024-12-10T17:44:55.801-0600] {dag.py:3239} INFO - Sync 1 DAGs
[2024-12-10T17:44:55.817-0600] {logging_mixin.py:190} INFO - [2024-12-10T17:44:55.817-0600] {dag.py:4180} INFO - Setting next_dagrun for example_branch_dop_operator_v3 to 2024-12-10 23:43:00+00:00, run_after=2024-12-10 23:44:00+00:00
[2024-12-10T17:44:55.835-0600] {processor.py:208} INFO - Processing /root/airflow_env/lib/python3.12/site-packages/airflow/example_dags/example_branch_python_dop_operator_3.py took 0.061 seconds
[2024-12-10T17:46:18.420-0600] {processor.py:186} INFO - Started process (PID=4059) to work on /root/airflow_env/lib/python3.12/site-packages/airflow/example_dags/example_branch_python_dop_operator_3.py
[2024-12-10T17:46:18.423-0600] {processor.py:914} INFO - Processing file /root/airflow_env/lib/python3.12/site-packages/airflow/example_dags/example_branch_python_dop_operator_3.py for tasks to queue
[2024-12-10T17:46:18.425-0600] {logging_mixin.py:190} INFO - [2024-12-10T17:46:18.424-0600] {dagbag.py:588} INFO - Filling up the DagBag from /root/airflow_env/lib/python3.12/site-packages/airflow/example_dags/example_branch_python_dop_operator_3.py
[2024-12-10T17:46:18.432-0600] {processor.py:925} INFO - DAG(s) 'example_branch_dop_operator_v3' retrieved from /root/airflow_env/lib/python3.12/site-packages/airflow/example_dags/example_branch_python_dop_operator_3.py
[2024-12-10T17:46:18.443-0600] {logging_mixin.py:190} INFO - [2024-12-10T17:46:18.442-0600] {dag.py:3239} INFO - Sync 1 DAGs
[2024-12-10T17:46:18.457-0600] {logging_mixin.py:190} INFO - [2024-12-10T17:46:18.457-0600] {dag.py:4180} INFO - Setting next_dagrun for example_branch_dop_operator_v3 to 2024-12-10 23:45:00+00:00, run_after=2024-12-10 23:46:00+00:00
[2024-12-10T17:46:18.475-0600] {processor.py:208} INFO - Processing /root/airflow_env/lib/python3.12/site-packages/airflow/example_dags/example_branch_python_dop_operator_3.py took 0.059 seconds
[2024-12-10T17:47:19.593-0600] {processor.py:186} INFO - Started process (PID=4122) to work on /root/airflow_env/lib/python3.12/site-packages/airflow/example_dags/example_branch_python_dop_operator_3.py
[2024-12-10T17:47:19.595-0600] {processor.py:914} INFO - Processing file /root/airflow_env/lib/python3.12/site-packages/airflow/example_dags/example_branch_python_dop_operator_3.py for tasks to queue
[2024-12-10T17:47:19.596-0600] {logging_mixin.py:190} INFO - [2024-12-10T17:47:19.596-0600] {dagbag.py:588} INFO - Filling up the DagBag from /root/airflow_env/lib/python3.12/site-packages/airflow/example_dags/example_branch_python_dop_operator_3.py
[2024-12-10T17:47:19.603-0600] {processor.py:925} INFO - DAG(s) 'example_branch_dop_operator_v3' retrieved from /root/airflow_env/lib/python3.12/site-packages/airflow/example_dags/example_branch_python_dop_operator_3.py
[2024-12-10T17:47:19.614-0600] {logging_mixin.py:190} INFO - [2024-12-10T17:47:19.614-0600] {dag.py:3239} INFO - Sync 1 DAGs
[2024-12-10T17:47:19.629-0600] {logging_mixin.py:190} INFO - [2024-12-10T17:47:19.629-0600] {dag.py:4180} INFO - Setting next_dagrun for example_branch_dop_operator_v3 to 2024-12-10 23:46:00+00:00, run_after=2024-12-10 23:47:00+00:00
[2024-12-10T17:47:19.647-0600] {processor.py:208} INFO - Processing /root/airflow_env/lib/python3.12/site-packages/airflow/example_dags/example_branch_python_dop_operator_3.py took 0.057 seconds
[2024-12-10T17:48:16.657-0600] {processor.py:186} INFO - Started process (PID=4183) to work on /root/airflow_env/lib/python3.12/site-packages/airflow/example_dags/example_branch_python_dop_operator_3.py
[2024-12-10T17:48:16.659-0600] {processor.py:914} INFO - Processing file /root/airflow_env/lib/python3.12/site-packages/airflow/example_dags/example_branch_python_dop_operator_3.py for tasks to queue
[2024-12-10T17:48:16.661-0600] {logging_mixin.py:190} INFO - [2024-12-10T17:48:16.661-0600] {dagbag.py:588} INFO - Filling up the DagBag from /root/airflow_env/lib/python3.12/site-packages/airflow/example_dags/example_branch_python_dop_operator_3.py
[2024-12-10T17:48:16.668-0600] {processor.py:925} INFO - DAG(s) 'example_branch_dop_operator_v3' retrieved from /root/airflow_env/lib/python3.12/site-packages/airflow/example_dags/example_branch_python_dop_operator_3.py
[2024-12-10T17:48:16.765-0600] {logging_mixin.py:190} INFO - [2024-12-10T17:48:16.765-0600] {dag.py:3239} INFO - Sync 1 DAGs
[2024-12-10T17:48:16.777-0600] {logging_mixin.py:190} INFO - [2024-12-10T17:48:16.777-0600] {dag.py:4180} INFO - Setting next_dagrun for example_branch_dop_operator_v3 to 2024-12-10 23:47:00+00:00, run_after=2024-12-10 23:48:00+00:00
[2024-12-10T17:48:16.793-0600] {processor.py:208} INFO - Processing /root/airflow_env/lib/python3.12/site-packages/airflow/example_dags/example_branch_python_dop_operator_3.py took 0.140 seconds
[2024-12-10T17:49:41.536-0600] {processor.py:186} INFO - Started process (PID=4271) to work on /root/airflow_env/lib/python3.12/site-packages/airflow/example_dags/example_branch_python_dop_operator_3.py
[2024-12-10T17:49:41.539-0600] {processor.py:914} INFO - Processing file /root/airflow_env/lib/python3.12/site-packages/airflow/example_dags/example_branch_python_dop_operator_3.py for tasks to queue
[2024-12-10T17:49:41.540-0600] {logging_mixin.py:190} INFO - [2024-12-10T17:49:41.540-0600] {dagbag.py:588} INFO - Filling up the DagBag from /root/airflow_env/lib/python3.12/site-packages/airflow/example_dags/example_branch_python_dop_operator_3.py
[2024-12-10T17:49:41.549-0600] {processor.py:925} INFO - DAG(s) 'example_branch_dop_operator_v3' retrieved from /root/airflow_env/lib/python3.12/site-packages/airflow/example_dags/example_branch_python_dop_operator_3.py
[2024-12-10T17:49:41.559-0600] {logging_mixin.py:190} INFO - [2024-12-10T17:49:41.559-0600] {dag.py:3239} INFO - Sync 1 DAGs
[2024-12-10T17:49:41.575-0600] {logging_mixin.py:190} INFO - [2024-12-10T17:49:41.575-0600] {dag.py:4180} INFO - Setting next_dagrun for example_branch_dop_operator_v3 to 2024-12-10 23:48:00+00:00, run_after=2024-12-10 23:49:00+00:00
[2024-12-10T17:49:41.595-0600] {processor.py:208} INFO - Processing /root/airflow_env/lib/python3.12/site-packages/airflow/example_dags/example_branch_python_dop_operator_3.py took 0.062 seconds
[2024-12-10T17:55:46.789-0600] {processor.py:186} INFO - Started process (PID=4648) to work on /root/airflow_env/lib/python3.12/site-packages/airflow/example_dags/example_branch_python_dop_operator_3.py
[2024-12-10T17:55:46.791-0600] {processor.py:914} INFO - Processing file /root/airflow_env/lib/python3.12/site-packages/airflow/example_dags/example_branch_python_dop_operator_3.py for tasks to queue
[2024-12-10T17:55:46.793-0600] {logging_mixin.py:190} INFO - [2024-12-10T17:55:46.792-0600] {dagbag.py:588} INFO - Filling up the DagBag from /root/airflow_env/lib/python3.12/site-packages/airflow/example_dags/example_branch_python_dop_operator_3.py
[2024-12-10T17:55:46.800-0600] {processor.py:925} INFO - DAG(s) 'example_branch_dop_operator_v3' retrieved from /root/airflow_env/lib/python3.12/site-packages/airflow/example_dags/example_branch_python_dop_operator_3.py
[2024-12-10T17:55:46.812-0600] {logging_mixin.py:190} INFO - [2024-12-10T17:55:46.812-0600] {dag.py:3239} INFO - Sync 1 DAGs
[2024-12-10T17:55:46.827-0600] {logging_mixin.py:190} INFO - [2024-12-10T17:55:46.827-0600] {dag.py:4180} INFO - Setting next_dagrun for example_branch_dop_operator_v3 to 2024-12-10 23:54:00+00:00, run_after=2024-12-10 23:55:00+00:00
[2024-12-10T17:55:46.845-0600] {processor.py:208} INFO - Processing /root/airflow_env/lib/python3.12/site-packages/airflow/example_dags/example_branch_python_dop_operator_3.py took 0.060 seconds
[2024-12-10T17:56:45.449-0600] {processor.py:186} INFO - Started process (PID=4723) to work on /root/airflow_env/lib/python3.12/site-packages/airflow/example_dags/example_branch_python_dop_operator_3.py
[2024-12-10T17:56:45.451-0600] {processor.py:914} INFO - Processing file /root/airflow_env/lib/python3.12/site-packages/airflow/example_dags/example_branch_python_dop_operator_3.py for tasks to queue
[2024-12-10T17:56:45.452-0600] {logging_mixin.py:190} INFO - [2024-12-10T17:56:45.452-0600] {dagbag.py:588} INFO - Filling up the DagBag from /root/airflow_env/lib/python3.12/site-packages/airflow/example_dags/example_branch_python_dop_operator_3.py
[2024-12-10T17:56:45.460-0600] {processor.py:925} INFO - DAG(s) 'example_branch_dop_operator_v3' retrieved from /root/airflow_env/lib/python3.12/site-packages/airflow/example_dags/example_branch_python_dop_operator_3.py
[2024-12-10T17:56:45.470-0600] {logging_mixin.py:190} INFO - [2024-12-10T17:56:45.470-0600] {dag.py:3239} INFO - Sync 1 DAGs
[2024-12-10T17:56:45.485-0600] {logging_mixin.py:190} INFO - [2024-12-10T17:56:45.485-0600] {dag.py:4180} INFO - Setting next_dagrun for example_branch_dop_operator_v3 to 2024-12-10 23:55:00+00:00, run_after=2024-12-10 23:56:00+00:00
[2024-12-10T17:56:45.502-0600] {processor.py:208} INFO - Processing /root/airflow_env/lib/python3.12/site-packages/airflow/example_dags/example_branch_python_dop_operator_3.py took 0.058 seconds
[2024-12-10T17:57:40.869-0600] {processor.py:186} INFO - Started process (PID=4798) to work on /root/airflow_env/lib/python3.12/site-packages/airflow/example_dags/example_branch_python_dop_operator_3.py
[2024-12-10T17:57:40.872-0600] {processor.py:914} INFO - Processing file /root/airflow_env/lib/python3.12/site-packages/airflow/example_dags/example_branch_python_dop_operator_3.py for tasks to queue
[2024-12-10T17:57:40.874-0600] {logging_mixin.py:190} INFO - [2024-12-10T17:57:40.874-0600] {dagbag.py:588} INFO - Filling up the DagBag from /root/airflow_env/lib/python3.12/site-packages/airflow/example_dags/example_branch_python_dop_operator_3.py
[2024-12-10T17:57:40.884-0600] {processor.py:925} INFO - DAG(s) 'example_branch_dop_operator_v3' retrieved from /root/airflow_env/lib/python3.12/site-packages/airflow/example_dags/example_branch_python_dop_operator_3.py
[2024-12-10T17:57:40.903-0600] {logging_mixin.py:190} INFO - [2024-12-10T17:57:40.903-0600] {dag.py:3239} INFO - Sync 1 DAGs
[2024-12-10T17:57:40.923-0600] {logging_mixin.py:190} INFO - [2024-12-10T17:57:40.923-0600] {dag.py:4180} INFO - Setting next_dagrun for example_branch_dop_operator_v3 to 2024-12-10 23:56:00+00:00, run_after=2024-12-10 23:57:00+00:00
[2024-12-10T17:57:40.952-0600] {processor.py:208} INFO - Processing /root/airflow_env/lib/python3.12/site-packages/airflow/example_dags/example_branch_python_dop_operator_3.py took 0.087 seconds
[2024-12-10T17:59:48.216-0600] {processor.py:186} INFO - Started process (PID=4970) to work on /root/airflow_env/lib/python3.12/site-packages/airflow/example_dags/example_branch_python_dop_operator_3.py
[2024-12-10T17:59:48.219-0600] {processor.py:914} INFO - Processing file /root/airflow_env/lib/python3.12/site-packages/airflow/example_dags/example_branch_python_dop_operator_3.py for tasks to queue
[2024-12-10T17:59:48.220-0600] {logging_mixin.py:190} INFO - [2024-12-10T17:59:48.220-0600] {dagbag.py:588} INFO - Filling up the DagBag from /root/airflow_env/lib/python3.12/site-packages/airflow/example_dags/example_branch_python_dop_operator_3.py
[2024-12-10T17:59:48.228-0600] {processor.py:925} INFO - DAG(s) 'example_branch_dop_operator_v3' retrieved from /root/airflow_env/lib/python3.12/site-packages/airflow/example_dags/example_branch_python_dop_operator_3.py
[2024-12-10T17:59:48.238-0600] {logging_mixin.py:190} INFO - [2024-12-10T17:59:48.238-0600] {dag.py:3239} INFO - Sync 1 DAGs
[2024-12-10T17:59:48.252-0600] {logging_mixin.py:190} INFO - [2024-12-10T17:59:48.252-0600] {dag.py:4180} INFO - Setting next_dagrun for example_branch_dop_operator_v3 to 2024-12-10 23:58:00+00:00, run_after=2024-12-10 23:59:00+00:00
[2024-12-10T17:59:48.269-0600] {processor.py:208} INFO - Processing /root/airflow_env/lib/python3.12/site-packages/airflow/example_dags/example_branch_python_dop_operator_3.py took 0.056 seconds
