[2024-12-10T17:00:10.442-0600] {processor.py:186} INFO - Started process (PID=699) to work on /root/airflow_env/lib/python3.12/site-packages/airflow/example_dags/example_params_trigger_ui.py
[2024-12-10T17:00:10.443-0600] {processor.py:914} INFO - Processing file /root/airflow_env/lib/python3.12/site-packages/airflow/example_dags/example_params_trigger_ui.py for tasks to queue
[2024-12-10T17:00:10.444-0600] {logging_mixin.py:190} INFO - [2024-12-10T17:00:10.444-0600] {dagbag.py:588} INFO - Filling up the DagBag from /root/airflow_env/lib/python3.12/site-packages/airflow/example_dags/example_params_trigger_ui.py
[2024-12-10T17:00:10.452-0600] {processor.py:925} INFO - DAG(s) 'example_params_trigger_ui' retrieved from /root/airflow_env/lib/python3.12/site-packages/airflow/example_dags/example_params_trigger_ui.py
[2024-12-10T17:00:10.477-0600] {logging_mixin.py:190} INFO - [2024-12-10T17:00:10.477-0600] {dag.py:3239} INFO - Sync 1 DAGs
[2024-12-10T17:00:10.486-0600] {logging_mixin.py:190} INFO - [2024-12-10T17:00:10.486-0600] {dag.py:4180} INFO - Setting next_dagrun for example_params_trigger_ui to None, run_after=None
[2024-12-10T17:00:10.504-0600] {processor.py:208} INFO - Processing /root/airflow_env/lib/python3.12/site-packages/airflow/example_dags/example_params_trigger_ui.py took 0.066 seconds
[2024-12-10T17:01:06.059-0600] {processor.py:186} INFO - Started process (PID=770) to work on /root/airflow_env/lib/python3.12/site-packages/airflow/example_dags/example_params_trigger_ui.py
[2024-12-10T17:01:06.061-0600] {processor.py:914} INFO - Processing file /root/airflow_env/lib/python3.12/site-packages/airflow/example_dags/example_params_trigger_ui.py for tasks to queue
[2024-12-10T17:01:06.062-0600] {logging_mixin.py:190} INFO - [2024-12-10T17:01:06.062-0600] {dagbag.py:588} INFO - Filling up the DagBag from /root/airflow_env/lib/python3.12/site-packages/airflow/example_dags/example_params_trigger_ui.py
[2024-12-10T17:01:06.071-0600] {processor.py:925} INFO - DAG(s) 'example_params_trigger_ui' retrieved from /root/airflow_env/lib/python3.12/site-packages/airflow/example_dags/example_params_trigger_ui.py
[2024-12-10T17:01:06.098-0600] {logging_mixin.py:190} INFO - [2024-12-10T17:01:06.098-0600] {dag.py:3239} INFO - Sync 1 DAGs
[2024-12-10T17:01:06.107-0600] {logging_mixin.py:190} INFO - [2024-12-10T17:01:06.107-0600] {dag.py:4180} INFO - Setting next_dagrun for example_params_trigger_ui to None, run_after=None
[2024-12-10T17:01:06.126-0600] {processor.py:208} INFO - Processing /root/airflow_env/lib/python3.12/site-packages/airflow/example_dags/example_params_trigger_ui.py took 0.070 seconds
[2024-12-10T17:02:21.296-0600] {processor.py:186} INFO - Started process (PID=908) to work on /root/airflow_env/lib/python3.12/site-packages/airflow/example_dags/example_params_trigger_ui.py
[2024-12-10T17:02:21.298-0600] {processor.py:914} INFO - Processing file /root/airflow_env/lib/python3.12/site-packages/airflow/example_dags/example_params_trigger_ui.py for tasks to queue
[2024-12-10T17:02:21.302-0600] {logging_mixin.py:190} INFO - [2024-12-10T17:02:21.301-0600] {dagbag.py:588} INFO - Filling up the DagBag from /root/airflow_env/lib/python3.12/site-packages/airflow/example_dags/example_params_trigger_ui.py
[2024-12-10T17:02:21.313-0600] {processor.py:925} INFO - DAG(s) 'example_params_trigger_ui' retrieved from /root/airflow_env/lib/python3.12/site-packages/airflow/example_dags/example_params_trigger_ui.py
[2024-12-10T17:02:21.346-0600] {logging_mixin.py:190} INFO - [2024-12-10T17:02:21.346-0600] {dag.py:3239} INFO - Sync 1 DAGs
[2024-12-10T17:02:21.358-0600] {logging_mixin.py:190} INFO - [2024-12-10T17:02:21.358-0600] {dag.py:4180} INFO - Setting next_dagrun for example_params_trigger_ui to None, run_after=None
[2024-12-10T17:02:21.379-0600] {processor.py:208} INFO - Processing /root/airflow_env/lib/python3.12/site-packages/airflow/example_dags/example_params_trigger_ui.py took 0.090 seconds
[2024-12-10T17:03:18.108-0600] {processor.py:186} INFO - Started process (PID=979) to work on /root/airflow_env/lib/python3.12/site-packages/airflow/example_dags/example_params_trigger_ui.py
[2024-12-10T17:03:18.109-0600] {processor.py:914} INFO - Processing file /root/airflow_env/lib/python3.12/site-packages/airflow/example_dags/example_params_trigger_ui.py for tasks to queue
[2024-12-10T17:03:18.111-0600] {logging_mixin.py:190} INFO - [2024-12-10T17:03:18.110-0600] {dagbag.py:588} INFO - Filling up the DagBag from /root/airflow_env/lib/python3.12/site-packages/airflow/example_dags/example_params_trigger_ui.py
[2024-12-10T17:03:18.121-0600] {processor.py:925} INFO - DAG(s) 'example_params_trigger_ui' retrieved from /root/airflow_env/lib/python3.12/site-packages/airflow/example_dags/example_params_trigger_ui.py
[2024-12-10T17:03:18.148-0600] {logging_mixin.py:190} INFO - [2024-12-10T17:03:18.147-0600] {dag.py:3239} INFO - Sync 1 DAGs
[2024-12-10T17:03:18.156-0600] {logging_mixin.py:190} INFO - [2024-12-10T17:03:18.156-0600] {dag.py:4180} INFO - Setting next_dagrun for example_params_trigger_ui to None, run_after=None
[2024-12-10T17:03:18.175-0600] {processor.py:208} INFO - Processing /root/airflow_env/lib/python3.12/site-packages/airflow/example_dags/example_params_trigger_ui.py took 0.072 seconds
[2024-12-10T17:04:09.576-0600] {processor.py:186} INFO - Started process (PID=1041) to work on /root/airflow_env/lib/python3.12/site-packages/airflow/example_dags/example_params_trigger_ui.py
[2024-12-10T17:04:09.577-0600] {processor.py:914} INFO - Processing file /root/airflow_env/lib/python3.12/site-packages/airflow/example_dags/example_params_trigger_ui.py for tasks to queue
[2024-12-10T17:04:09.579-0600] {logging_mixin.py:190} INFO - [2024-12-10T17:04:09.578-0600] {dagbag.py:588} INFO - Filling up the DagBag from /root/airflow_env/lib/python3.12/site-packages/airflow/example_dags/example_params_trigger_ui.py
[2024-12-10T17:04:09.587-0600] {processor.py:925} INFO - DAG(s) 'example_params_trigger_ui' retrieved from /root/airflow_env/lib/python3.12/site-packages/airflow/example_dags/example_params_trigger_ui.py
[2024-12-10T17:04:09.612-0600] {logging_mixin.py:190} INFO - [2024-12-10T17:04:09.612-0600] {dag.py:3239} INFO - Sync 1 DAGs
[2024-12-10T17:04:09.621-0600] {logging_mixin.py:190} INFO - [2024-12-10T17:04:09.621-0600] {dag.py:4180} INFO - Setting next_dagrun for example_params_trigger_ui to None, run_after=None
[2024-12-10T17:04:09.642-0600] {processor.py:208} INFO - Processing /root/airflow_env/lib/python3.12/site-packages/airflow/example_dags/example_params_trigger_ui.py took 0.070 seconds
[2024-12-10T17:05:05.410-0600] {processor.py:186} INFO - Started process (PID=1103) to work on /root/airflow_env/lib/python3.12/site-packages/airflow/example_dags/example_params_trigger_ui.py
[2024-12-10T17:05:05.411-0600] {processor.py:914} INFO - Processing file /root/airflow_env/lib/python3.12/site-packages/airflow/example_dags/example_params_trigger_ui.py for tasks to queue
[2024-12-10T17:05:05.413-0600] {logging_mixin.py:190} INFO - [2024-12-10T17:05:05.413-0600] {dagbag.py:588} INFO - Filling up the DagBag from /root/airflow_env/lib/python3.12/site-packages/airflow/example_dags/example_params_trigger_ui.py
[2024-12-10T17:05:05.423-0600] {processor.py:925} INFO - DAG(s) 'example_params_trigger_ui' retrieved from /root/airflow_env/lib/python3.12/site-packages/airflow/example_dags/example_params_trigger_ui.py
[2024-12-10T17:05:05.449-0600] {logging_mixin.py:190} INFO - [2024-12-10T17:05:05.449-0600] {dag.py:3239} INFO - Sync 1 DAGs
[2024-12-10T17:05:05.459-0600] {logging_mixin.py:190} INFO - [2024-12-10T17:05:05.458-0600] {dag.py:4180} INFO - Setting next_dagrun for example_params_trigger_ui to None, run_after=None
[2024-12-10T17:05:05.477-0600] {processor.py:208} INFO - Processing /root/airflow_env/lib/python3.12/site-packages/airflow/example_dags/example_params_trigger_ui.py took 0.071 seconds
[2024-12-10T17:05:57.508-0600] {processor.py:186} INFO - Started process (PID=1167) to work on /root/airflow_env/lib/python3.12/site-packages/airflow/example_dags/example_params_trigger_ui.py
[2024-12-10T17:05:57.510-0600] {processor.py:914} INFO - Processing file /root/airflow_env/lib/python3.12/site-packages/airflow/example_dags/example_params_trigger_ui.py for tasks to queue
[2024-12-10T17:05:57.511-0600] {logging_mixin.py:190} INFO - [2024-12-10T17:05:57.511-0600] {dagbag.py:588} INFO - Filling up the DagBag from /root/airflow_env/lib/python3.12/site-packages/airflow/example_dags/example_params_trigger_ui.py
[2024-12-10T17:05:57.519-0600] {processor.py:925} INFO - DAG(s) 'example_params_trigger_ui' retrieved from /root/airflow_env/lib/python3.12/site-packages/airflow/example_dags/example_params_trigger_ui.py
[2024-12-10T17:05:57.545-0600] {logging_mixin.py:190} INFO - [2024-12-10T17:05:57.545-0600] {dag.py:3239} INFO - Sync 1 DAGs
[2024-12-10T17:05:57.553-0600] {logging_mixin.py:190} INFO - [2024-12-10T17:05:57.553-0600] {dag.py:4180} INFO - Setting next_dagrun for example_params_trigger_ui to None, run_after=None
[2024-12-10T17:05:57.570-0600] {processor.py:208} INFO - Processing /root/airflow_env/lib/python3.12/site-packages/airflow/example_dags/example_params_trigger_ui.py took 0.066 seconds
[2024-12-10T17:06:50.368-0600] {processor.py:186} INFO - Started process (PID=1225) to work on /root/airflow_env/lib/python3.12/site-packages/airflow/example_dags/example_params_trigger_ui.py
[2024-12-10T17:06:50.370-0600] {processor.py:914} INFO - Processing file /root/airflow_env/lib/python3.12/site-packages/airflow/example_dags/example_params_trigger_ui.py for tasks to queue
[2024-12-10T17:06:50.372-0600] {logging_mixin.py:190} INFO - [2024-12-10T17:06:50.371-0600] {dagbag.py:588} INFO - Filling up the DagBag from /root/airflow_env/lib/python3.12/site-packages/airflow/example_dags/example_params_trigger_ui.py
[2024-12-10T17:06:50.383-0600] {processor.py:925} INFO - DAG(s) 'example_params_trigger_ui' retrieved from /root/airflow_env/lib/python3.12/site-packages/airflow/example_dags/example_params_trigger_ui.py
[2024-12-10T17:06:50.410-0600] {logging_mixin.py:190} INFO - [2024-12-10T17:06:50.409-0600] {dag.py:3239} INFO - Sync 1 DAGs
[2024-12-10T17:06:50.418-0600] {logging_mixin.py:190} INFO - [2024-12-10T17:06:50.418-0600] {dag.py:4180} INFO - Setting next_dagrun for example_params_trigger_ui to None, run_after=None
[2024-12-10T17:06:50.436-0600] {processor.py:208} INFO - Processing /root/airflow_env/lib/python3.12/site-packages/airflow/example_dags/example_params_trigger_ui.py took 0.072 seconds
[2024-12-10T17:07:45.642-0600] {processor.py:186} INFO - Started process (PID=1286) to work on /root/airflow_env/lib/python3.12/site-packages/airflow/example_dags/example_params_trigger_ui.py
[2024-12-10T17:07:45.644-0600] {processor.py:914} INFO - Processing file /root/airflow_env/lib/python3.12/site-packages/airflow/example_dags/example_params_trigger_ui.py for tasks to queue
[2024-12-10T17:07:45.645-0600] {logging_mixin.py:190} INFO - [2024-12-10T17:07:45.645-0600] {dagbag.py:588} INFO - Filling up the DagBag from /root/airflow_env/lib/python3.12/site-packages/airflow/example_dags/example_params_trigger_ui.py
[2024-12-10T17:07:45.654-0600] {processor.py:925} INFO - DAG(s) 'example_params_trigger_ui' retrieved from /root/airflow_env/lib/python3.12/site-packages/airflow/example_dags/example_params_trigger_ui.py
[2024-12-10T17:07:45.679-0600] {logging_mixin.py:190} INFO - [2024-12-10T17:07:45.678-0600] {dag.py:3239} INFO - Sync 1 DAGs
[2024-12-10T17:07:45.688-0600] {logging_mixin.py:190} INFO - [2024-12-10T17:07:45.688-0600] {dag.py:4180} INFO - Setting next_dagrun for example_params_trigger_ui to None, run_after=None
[2024-12-10T17:07:45.708-0600] {processor.py:208} INFO - Processing /root/airflow_env/lib/python3.12/site-packages/airflow/example_dags/example_params_trigger_ui.py took 0.069 seconds
[2024-12-10T17:08:35.207-0600] {processor.py:186} INFO - Started process (PID=1387) to work on /root/airflow_env/lib/python3.12/site-packages/airflow/example_dags/example_params_trigger_ui.py
[2024-12-10T17:08:35.208-0600] {processor.py:914} INFO - Processing file /root/airflow_env/lib/python3.12/site-packages/airflow/example_dags/example_params_trigger_ui.py for tasks to queue
[2024-12-10T17:08:35.210-0600] {logging_mixin.py:190} INFO - [2024-12-10T17:08:35.209-0600] {dagbag.py:588} INFO - Filling up the DagBag from /root/airflow_env/lib/python3.12/site-packages/airflow/example_dags/example_params_trigger_ui.py
[2024-12-10T17:08:35.219-0600] {processor.py:925} INFO - DAG(s) 'example_params_trigger_ui' retrieved from /root/airflow_env/lib/python3.12/site-packages/airflow/example_dags/example_params_trigger_ui.py
[2024-12-10T17:08:35.248-0600] {logging_mixin.py:190} INFO - [2024-12-10T17:08:35.248-0600] {dag.py:3239} INFO - Sync 1 DAGs
[2024-12-10T17:08:35.261-0600] {logging_mixin.py:190} INFO - [2024-12-10T17:08:35.260-0600] {dag.py:4180} INFO - Setting next_dagrun for example_params_trigger_ui to None, run_after=None
[2024-12-10T17:08:35.282-0600] {processor.py:208} INFO - Processing /root/airflow_env/lib/python3.12/site-packages/airflow/example_dags/example_params_trigger_ui.py took 0.082 seconds
[2024-12-10T17:09:25.695-0600] {processor.py:186} INFO - Started process (PID=1449) to work on /root/airflow_env/lib/python3.12/site-packages/airflow/example_dags/example_params_trigger_ui.py
[2024-12-10T17:09:25.697-0600] {processor.py:914} INFO - Processing file /root/airflow_env/lib/python3.12/site-packages/airflow/example_dags/example_params_trigger_ui.py for tasks to queue
[2024-12-10T17:09:25.699-0600] {logging_mixin.py:190} INFO - [2024-12-10T17:09:25.699-0600] {dagbag.py:588} INFO - Filling up the DagBag from /root/airflow_env/lib/python3.12/site-packages/airflow/example_dags/example_params_trigger_ui.py
[2024-12-10T17:09:25.714-0600] {processor.py:925} INFO - DAG(s) 'example_params_trigger_ui' retrieved from /root/airflow_env/lib/python3.12/site-packages/airflow/example_dags/example_params_trigger_ui.py
[2024-12-10T17:09:25.745-0600] {logging_mixin.py:190} INFO - [2024-12-10T17:09:25.745-0600] {dag.py:3239} INFO - Sync 1 DAGs
[2024-12-10T17:09:25.754-0600] {logging_mixin.py:190} INFO - [2024-12-10T17:09:25.754-0600] {dag.py:4180} INFO - Setting next_dagrun for example_params_trigger_ui to None, run_after=None
[2024-12-10T17:09:25.779-0600] {processor.py:208} INFO - Processing /root/airflow_env/lib/python3.12/site-packages/airflow/example_dags/example_params_trigger_ui.py took 0.088 seconds
[2024-12-10T17:10:18.685-0600] {processor.py:186} INFO - Started process (PID=1517) to work on /root/airflow_env/lib/python3.12/site-packages/airflow/example_dags/example_params_trigger_ui.py
[2024-12-10T17:10:18.687-0600] {processor.py:914} INFO - Processing file /root/airflow_env/lib/python3.12/site-packages/airflow/example_dags/example_params_trigger_ui.py for tasks to queue
[2024-12-10T17:10:18.690-0600] {logging_mixin.py:190} INFO - [2024-12-10T17:10:18.689-0600] {dagbag.py:588} INFO - Filling up the DagBag from /root/airflow_env/lib/python3.12/site-packages/airflow/example_dags/example_params_trigger_ui.py
[2024-12-10T17:10:18.702-0600] {processor.py:925} INFO - DAG(s) 'example_params_trigger_ui' retrieved from /root/airflow_env/lib/python3.12/site-packages/airflow/example_dags/example_params_trigger_ui.py
[2024-12-10T17:10:18.738-0600] {logging_mixin.py:190} INFO - [2024-12-10T17:10:18.738-0600] {dag.py:3239} INFO - Sync 1 DAGs
[2024-12-10T17:10:18.751-0600] {logging_mixin.py:190} INFO - [2024-12-10T17:10:18.751-0600] {dag.py:4180} INFO - Setting next_dagrun for example_params_trigger_ui to None, run_after=None
[2024-12-10T17:10:18.771-0600] {processor.py:208} INFO - Processing /root/airflow_env/lib/python3.12/site-packages/airflow/example_dags/example_params_trigger_ui.py took 0.097 seconds
[2024-12-10T17:11:06.686-0600] {processor.py:186} INFO - Started process (PID=1577) to work on /root/airflow_env/lib/python3.12/site-packages/airflow/example_dags/example_params_trigger_ui.py
[2024-12-10T17:11:06.689-0600] {processor.py:914} INFO - Processing file /root/airflow_env/lib/python3.12/site-packages/airflow/example_dags/example_params_trigger_ui.py for tasks to queue
[2024-12-10T17:11:06.691-0600] {logging_mixin.py:190} INFO - [2024-12-10T17:11:06.690-0600] {dagbag.py:588} INFO - Filling up the DagBag from /root/airflow_env/lib/python3.12/site-packages/airflow/example_dags/example_params_trigger_ui.py
[2024-12-10T17:11:06.704-0600] {processor.py:925} INFO - DAG(s) 'example_params_trigger_ui' retrieved from /root/airflow_env/lib/python3.12/site-packages/airflow/example_dags/example_params_trigger_ui.py
[2024-12-10T17:11:06.738-0600] {logging_mixin.py:190} INFO - [2024-12-10T17:11:06.737-0600] {dag.py:3239} INFO - Sync 1 DAGs
[2024-12-10T17:11:06.750-0600] {logging_mixin.py:190} INFO - [2024-12-10T17:11:06.750-0600] {dag.py:4180} INFO - Setting next_dagrun for example_params_trigger_ui to None, run_after=None
[2024-12-10T17:11:06.770-0600] {processor.py:208} INFO - Processing /root/airflow_env/lib/python3.12/site-packages/airflow/example_dags/example_params_trigger_ui.py took 0.088 seconds
[2024-12-10T17:11:58.833-0600] {processor.py:186} INFO - Started process (PID=1638) to work on /root/airflow_env/lib/python3.12/site-packages/airflow/example_dags/example_params_trigger_ui.py
[2024-12-10T17:11:58.835-0600] {processor.py:914} INFO - Processing file /root/airflow_env/lib/python3.12/site-packages/airflow/example_dags/example_params_trigger_ui.py for tasks to queue
[2024-12-10T17:11:58.837-0600] {logging_mixin.py:190} INFO - [2024-12-10T17:11:58.836-0600] {dagbag.py:588} INFO - Filling up the DagBag from /root/airflow_env/lib/python3.12/site-packages/airflow/example_dags/example_params_trigger_ui.py
[2024-12-10T17:11:58.845-0600] {processor.py:925} INFO - DAG(s) 'example_params_trigger_ui' retrieved from /root/airflow_env/lib/python3.12/site-packages/airflow/example_dags/example_params_trigger_ui.py
[2024-12-10T17:11:58.871-0600] {logging_mixin.py:190} INFO - [2024-12-10T17:11:58.871-0600] {dag.py:3239} INFO - Sync 1 DAGs
[2024-12-10T17:11:58.881-0600] {logging_mixin.py:190} INFO - [2024-12-10T17:11:58.880-0600] {dag.py:4180} INFO - Setting next_dagrun for example_params_trigger_ui to None, run_after=None
[2024-12-10T17:11:58.899-0600] {processor.py:208} INFO - Processing /root/airflow_env/lib/python3.12/site-packages/airflow/example_dags/example_params_trigger_ui.py took 0.071 seconds
[2024-12-10T17:12:50.354-0600] {processor.py:186} INFO - Started process (PID=1694) to work on /root/airflow_env/lib/python3.12/site-packages/airflow/example_dags/example_params_trigger_ui.py
[2024-12-10T17:12:50.357-0600] {processor.py:914} INFO - Processing file /root/airflow_env/lib/python3.12/site-packages/airflow/example_dags/example_params_trigger_ui.py for tasks to queue
[2024-12-10T17:12:50.358-0600] {logging_mixin.py:190} INFO - [2024-12-10T17:12:50.358-0600] {dagbag.py:588} INFO - Filling up the DagBag from /root/airflow_env/lib/python3.12/site-packages/airflow/example_dags/example_params_trigger_ui.py
[2024-12-10T17:12:50.367-0600] {processor.py:925} INFO - DAG(s) 'example_params_trigger_ui' retrieved from /root/airflow_env/lib/python3.12/site-packages/airflow/example_dags/example_params_trigger_ui.py
[2024-12-10T17:12:50.390-0600] {logging_mixin.py:190} INFO - [2024-12-10T17:12:50.390-0600] {dag.py:3239} INFO - Sync 1 DAGs
[2024-12-10T17:12:50.398-0600] {logging_mixin.py:190} INFO - [2024-12-10T17:12:50.398-0600] {dag.py:4180} INFO - Setting next_dagrun for example_params_trigger_ui to None, run_after=None
[2024-12-10T17:12:50.415-0600] {processor.py:208} INFO - Processing /root/airflow_env/lib/python3.12/site-packages/airflow/example_dags/example_params_trigger_ui.py took 0.064 seconds
[2024-12-10T17:13:41.708-0600] {processor.py:186} INFO - Started process (PID=1751) to work on /root/airflow_env/lib/python3.12/site-packages/airflow/example_dags/example_params_trigger_ui.py
[2024-12-10T17:13:41.711-0600] {processor.py:914} INFO - Processing file /root/airflow_env/lib/python3.12/site-packages/airflow/example_dags/example_params_trigger_ui.py for tasks to queue
[2024-12-10T17:13:41.713-0600] {logging_mixin.py:190} INFO - [2024-12-10T17:13:41.712-0600] {dagbag.py:588} INFO - Filling up the DagBag from /root/airflow_env/lib/python3.12/site-packages/airflow/example_dags/example_params_trigger_ui.py
[2024-12-10T17:13:41.721-0600] {processor.py:925} INFO - DAG(s) 'example_params_trigger_ui' retrieved from /root/airflow_env/lib/python3.12/site-packages/airflow/example_dags/example_params_trigger_ui.py
[2024-12-10T17:13:41.746-0600] {logging_mixin.py:190} INFO - [2024-12-10T17:13:41.746-0600] {dag.py:3239} INFO - Sync 1 DAGs
[2024-12-10T17:13:41.754-0600] {logging_mixin.py:190} INFO - [2024-12-10T17:13:41.754-0600] {dag.py:4180} INFO - Setting next_dagrun for example_params_trigger_ui to None, run_after=None
[2024-12-10T17:13:41.772-0600] {processor.py:208} INFO - Processing /root/airflow_env/lib/python3.12/site-packages/airflow/example_dags/example_params_trigger_ui.py took 0.067 seconds
[2024-12-10T17:14:30.712-0600] {processor.py:186} INFO - Started process (PID=1808) to work on /root/airflow_env/lib/python3.12/site-packages/airflow/example_dags/example_params_trigger_ui.py
[2024-12-10T17:14:30.714-0600] {processor.py:914} INFO - Processing file /root/airflow_env/lib/python3.12/site-packages/airflow/example_dags/example_params_trigger_ui.py for tasks to queue
[2024-12-10T17:14:30.715-0600] {logging_mixin.py:190} INFO - [2024-12-10T17:14:30.715-0600] {dagbag.py:588} INFO - Filling up the DagBag from /root/airflow_env/lib/python3.12/site-packages/airflow/example_dags/example_params_trigger_ui.py
[2024-12-10T17:14:30.724-0600] {processor.py:925} INFO - DAG(s) 'example_params_trigger_ui' retrieved from /root/airflow_env/lib/python3.12/site-packages/airflow/example_dags/example_params_trigger_ui.py
[2024-12-10T17:14:30.752-0600] {logging_mixin.py:190} INFO - [2024-12-10T17:14:30.751-0600] {dag.py:3239} INFO - Sync 1 DAGs
[2024-12-10T17:14:30.761-0600] {logging_mixin.py:190} INFO - [2024-12-10T17:14:30.760-0600] {dag.py:4180} INFO - Setting next_dagrun for example_params_trigger_ui to None, run_after=None
[2024-12-10T17:14:30.778-0600] {processor.py:208} INFO - Processing /root/airflow_env/lib/python3.12/site-packages/airflow/example_dags/example_params_trigger_ui.py took 0.070 seconds
[2024-12-10T17:15:26.073-0600] {processor.py:186} INFO - Started process (PID=1875) to work on /root/airflow_env/lib/python3.12/site-packages/airflow/example_dags/example_params_trigger_ui.py
[2024-12-10T17:15:26.075-0600] {processor.py:914} INFO - Processing file /root/airflow_env/lib/python3.12/site-packages/airflow/example_dags/example_params_trigger_ui.py for tasks to queue
[2024-12-10T17:15:26.076-0600] {logging_mixin.py:190} INFO - [2024-12-10T17:15:26.076-0600] {dagbag.py:588} INFO - Filling up the DagBag from /root/airflow_env/lib/python3.12/site-packages/airflow/example_dags/example_params_trigger_ui.py
[2024-12-10T17:15:26.085-0600] {processor.py:925} INFO - DAG(s) 'example_params_trigger_ui' retrieved from /root/airflow_env/lib/python3.12/site-packages/airflow/example_dags/example_params_trigger_ui.py
[2024-12-10T17:15:26.108-0600] {logging_mixin.py:190} INFO - [2024-12-10T17:15:26.108-0600] {dag.py:3239} INFO - Sync 1 DAGs
[2024-12-10T17:15:26.116-0600] {logging_mixin.py:190} INFO - [2024-12-10T17:15:26.116-0600] {dag.py:4180} INFO - Setting next_dagrun for example_params_trigger_ui to None, run_after=None
[2024-12-10T17:15:26.135-0600] {processor.py:208} INFO - Processing /root/airflow_env/lib/python3.12/site-packages/airflow/example_dags/example_params_trigger_ui.py took 0.065 seconds
[2024-12-10T17:16:16.407-0600] {processor.py:186} INFO - Started process (PID=1940) to work on /root/airflow_env/lib/python3.12/site-packages/airflow/example_dags/example_params_trigger_ui.py
[2024-12-10T17:16:16.409-0600] {processor.py:914} INFO - Processing file /root/airflow_env/lib/python3.12/site-packages/airflow/example_dags/example_params_trigger_ui.py for tasks to queue
[2024-12-10T17:16:16.410-0600] {logging_mixin.py:190} INFO - [2024-12-10T17:16:16.410-0600] {dagbag.py:588} INFO - Filling up the DagBag from /root/airflow_env/lib/python3.12/site-packages/airflow/example_dags/example_params_trigger_ui.py
[2024-12-10T17:16:16.419-0600] {processor.py:925} INFO - DAG(s) 'example_params_trigger_ui' retrieved from /root/airflow_env/lib/python3.12/site-packages/airflow/example_dags/example_params_trigger_ui.py
[2024-12-10T17:16:16.442-0600] {logging_mixin.py:190} INFO - [2024-12-10T17:16:16.442-0600] {dag.py:3239} INFO - Sync 1 DAGs
[2024-12-10T17:16:16.450-0600] {logging_mixin.py:190} INFO - [2024-12-10T17:16:16.450-0600] {dag.py:4180} INFO - Setting next_dagrun for example_params_trigger_ui to None, run_after=None
[2024-12-10T17:16:16.467-0600] {processor.py:208} INFO - Processing /root/airflow_env/lib/python3.12/site-packages/airflow/example_dags/example_params_trigger_ui.py took 0.065 seconds
[2024-12-10T17:17:09.764-0600] {processor.py:186} INFO - Started process (PID=1999) to work on /root/airflow_env/lib/python3.12/site-packages/airflow/example_dags/example_params_trigger_ui.py
[2024-12-10T17:17:09.767-0600] {processor.py:914} INFO - Processing file /root/airflow_env/lib/python3.12/site-packages/airflow/example_dags/example_params_trigger_ui.py for tasks to queue
[2024-12-10T17:17:09.769-0600] {logging_mixin.py:190} INFO - [2024-12-10T17:17:09.768-0600] {dagbag.py:588} INFO - Filling up the DagBag from /root/airflow_env/lib/python3.12/site-packages/airflow/example_dags/example_params_trigger_ui.py
[2024-12-10T17:17:09.777-0600] {processor.py:925} INFO - DAG(s) 'example_params_trigger_ui' retrieved from /root/airflow_env/lib/python3.12/site-packages/airflow/example_dags/example_params_trigger_ui.py
[2024-12-10T17:17:09.801-0600] {logging_mixin.py:190} INFO - [2024-12-10T17:17:09.801-0600] {dag.py:3239} INFO - Sync 1 DAGs
[2024-12-10T17:17:09.810-0600] {logging_mixin.py:190} INFO - [2024-12-10T17:17:09.809-0600] {dag.py:4180} INFO - Setting next_dagrun for example_params_trigger_ui to None, run_after=None
[2024-12-10T17:17:09.829-0600] {processor.py:208} INFO - Processing /root/airflow_env/lib/python3.12/site-packages/airflow/example_dags/example_params_trigger_ui.py took 0.069 seconds
[2024-12-10T17:18:01.173-0600] {processor.py:186} INFO - Started process (PID=2057) to work on /root/airflow_env/lib/python3.12/site-packages/airflow/example_dags/example_params_trigger_ui.py
[2024-12-10T17:18:01.174-0600] {processor.py:914} INFO - Processing file /root/airflow_env/lib/python3.12/site-packages/airflow/example_dags/example_params_trigger_ui.py for tasks to queue
[2024-12-10T17:18:01.175-0600] {logging_mixin.py:190} INFO - [2024-12-10T17:18:01.175-0600] {dagbag.py:588} INFO - Filling up the DagBag from /root/airflow_env/lib/python3.12/site-packages/airflow/example_dags/example_params_trigger_ui.py
[2024-12-10T17:18:01.183-0600] {processor.py:925} INFO - DAG(s) 'example_params_trigger_ui' retrieved from /root/airflow_env/lib/python3.12/site-packages/airflow/example_dags/example_params_trigger_ui.py
[2024-12-10T17:18:01.207-0600] {logging_mixin.py:190} INFO - [2024-12-10T17:18:01.207-0600] {dag.py:3239} INFO - Sync 1 DAGs
[2024-12-10T17:18:01.215-0600] {logging_mixin.py:190} INFO - [2024-12-10T17:18:01.215-0600] {dag.py:4180} INFO - Setting next_dagrun for example_params_trigger_ui to None, run_after=None
[2024-12-10T17:18:01.233-0600] {processor.py:208} INFO - Processing /root/airflow_env/lib/python3.12/site-packages/airflow/example_dags/example_params_trigger_ui.py took 0.064 seconds
[2024-12-10T17:18:53.009-0600] {processor.py:186} INFO - Started process (PID=2112) to work on /root/airflow_env/lib/python3.12/site-packages/airflow/example_dags/example_params_trigger_ui.py
[2024-12-10T17:18:53.012-0600] {processor.py:914} INFO - Processing file /root/airflow_env/lib/python3.12/site-packages/airflow/example_dags/example_params_trigger_ui.py for tasks to queue
[2024-12-10T17:18:53.014-0600] {logging_mixin.py:190} INFO - [2024-12-10T17:18:53.013-0600] {dagbag.py:588} INFO - Filling up the DagBag from /root/airflow_env/lib/python3.12/site-packages/airflow/example_dags/example_params_trigger_ui.py
[2024-12-10T17:18:53.021-0600] {processor.py:925} INFO - DAG(s) 'example_params_trigger_ui' retrieved from /root/airflow_env/lib/python3.12/site-packages/airflow/example_dags/example_params_trigger_ui.py
[2024-12-10T17:18:53.046-0600] {logging_mixin.py:190} INFO - [2024-12-10T17:18:53.045-0600] {dag.py:3239} INFO - Sync 1 DAGs
[2024-12-10T17:18:53.053-0600] {logging_mixin.py:190} INFO - [2024-12-10T17:18:53.053-0600] {dag.py:4180} INFO - Setting next_dagrun for example_params_trigger_ui to None, run_after=None
[2024-12-10T17:18:53.071-0600] {processor.py:208} INFO - Processing /root/airflow_env/lib/python3.12/site-packages/airflow/example_dags/example_params_trigger_ui.py took 0.065 seconds
[2024-12-10T17:19:46.295-0600] {processor.py:186} INFO - Started process (PID=2170) to work on /root/airflow_env/lib/python3.12/site-packages/airflow/example_dags/example_params_trigger_ui.py
[2024-12-10T17:19:46.298-0600] {processor.py:914} INFO - Processing file /root/airflow_env/lib/python3.12/site-packages/airflow/example_dags/example_params_trigger_ui.py for tasks to queue
[2024-12-10T17:19:46.299-0600] {logging_mixin.py:190} INFO - [2024-12-10T17:19:46.299-0600] {dagbag.py:588} INFO - Filling up the DagBag from /root/airflow_env/lib/python3.12/site-packages/airflow/example_dags/example_params_trigger_ui.py
[2024-12-10T17:19:46.307-0600] {processor.py:925} INFO - DAG(s) 'example_params_trigger_ui' retrieved from /root/airflow_env/lib/python3.12/site-packages/airflow/example_dags/example_params_trigger_ui.py
[2024-12-10T17:19:46.330-0600] {logging_mixin.py:190} INFO - [2024-12-10T17:19:46.330-0600] {dag.py:3239} INFO - Sync 1 DAGs
[2024-12-10T17:19:46.338-0600] {logging_mixin.py:190} INFO - [2024-12-10T17:19:46.338-0600] {dag.py:4180} INFO - Setting next_dagrun for example_params_trigger_ui to None, run_after=None
[2024-12-10T17:19:46.355-0600] {processor.py:208} INFO - Processing /root/airflow_env/lib/python3.12/site-packages/airflow/example_dags/example_params_trigger_ui.py took 0.064 seconds
[2024-12-10T17:20:37.378-0600] {processor.py:186} INFO - Started process (PID=2227) to work on /root/airflow_env/lib/python3.12/site-packages/airflow/example_dags/example_params_trigger_ui.py
[2024-12-10T17:20:37.380-0600] {processor.py:914} INFO - Processing file /root/airflow_env/lib/python3.12/site-packages/airflow/example_dags/example_params_trigger_ui.py for tasks to queue
[2024-12-10T17:20:37.382-0600] {logging_mixin.py:190} INFO - [2024-12-10T17:20:37.382-0600] {dagbag.py:588} INFO - Filling up the DagBag from /root/airflow_env/lib/python3.12/site-packages/airflow/example_dags/example_params_trigger_ui.py
[2024-12-10T17:20:37.390-0600] {processor.py:925} INFO - DAG(s) 'example_params_trigger_ui' retrieved from /root/airflow_env/lib/python3.12/site-packages/airflow/example_dags/example_params_trigger_ui.py
[2024-12-10T17:20:37.414-0600] {logging_mixin.py:190} INFO - [2024-12-10T17:20:37.413-0600] {dag.py:3239} INFO - Sync 1 DAGs
[2024-12-10T17:20:37.421-0600] {logging_mixin.py:190} INFO - [2024-12-10T17:20:37.421-0600] {dag.py:4180} INFO - Setting next_dagrun for example_params_trigger_ui to None, run_after=None
[2024-12-10T17:20:37.438-0600] {processor.py:208} INFO - Processing /root/airflow_env/lib/python3.12/site-packages/airflow/example_dags/example_params_trigger_ui.py took 0.064 seconds
[2024-12-10T17:21:31.012-0600] {processor.py:186} INFO - Started process (PID=2285) to work on /root/airflow_env/lib/python3.12/site-packages/airflow/example_dags/example_params_trigger_ui.py
[2024-12-10T17:21:31.015-0600] {processor.py:914} INFO - Processing file /root/airflow_env/lib/python3.12/site-packages/airflow/example_dags/example_params_trigger_ui.py for tasks to queue
[2024-12-10T17:21:31.016-0600] {logging_mixin.py:190} INFO - [2024-12-10T17:21:31.016-0600] {dagbag.py:588} INFO - Filling up the DagBag from /root/airflow_env/lib/python3.12/site-packages/airflow/example_dags/example_params_trigger_ui.py
[2024-12-10T17:21:31.024-0600] {processor.py:925} INFO - DAG(s) 'example_params_trigger_ui' retrieved from /root/airflow_env/lib/python3.12/site-packages/airflow/example_dags/example_params_trigger_ui.py
[2024-12-10T17:21:31.048-0600] {logging_mixin.py:190} INFO - [2024-12-10T17:21:31.048-0600] {dag.py:3239} INFO - Sync 1 DAGs
[2024-12-10T17:21:31.056-0600] {logging_mixin.py:190} INFO - [2024-12-10T17:21:31.056-0600] {dag.py:4180} INFO - Setting next_dagrun for example_params_trigger_ui to None, run_after=None
[2024-12-10T17:21:31.073-0600] {processor.py:208} INFO - Processing /root/airflow_env/lib/python3.12/site-packages/airflow/example_dags/example_params_trigger_ui.py took 0.065 seconds
[2024-12-10T17:22:24.712-0600] {processor.py:186} INFO - Started process (PID=2344) to work on /root/airflow_env/lib/python3.12/site-packages/airflow/example_dags/example_params_trigger_ui.py
[2024-12-10T17:22:24.714-0600] {processor.py:914} INFO - Processing file /root/airflow_env/lib/python3.12/site-packages/airflow/example_dags/example_params_trigger_ui.py for tasks to queue
[2024-12-10T17:22:24.716-0600] {logging_mixin.py:190} INFO - [2024-12-10T17:22:24.715-0600] {dagbag.py:588} INFO - Filling up the DagBag from /root/airflow_env/lib/python3.12/site-packages/airflow/example_dags/example_params_trigger_ui.py
[2024-12-10T17:22:24.724-0600] {processor.py:925} INFO - DAG(s) 'example_params_trigger_ui' retrieved from /root/airflow_env/lib/python3.12/site-packages/airflow/example_dags/example_params_trigger_ui.py
[2024-12-10T17:22:24.747-0600] {logging_mixin.py:190} INFO - [2024-12-10T17:22:24.747-0600] {dag.py:3239} INFO - Sync 1 DAGs
[2024-12-10T17:22:24.756-0600] {logging_mixin.py:190} INFO - [2024-12-10T17:22:24.755-0600] {dag.py:4180} INFO - Setting next_dagrun for example_params_trigger_ui to None, run_after=None
[2024-12-10T17:22:24.772-0600] {processor.py:208} INFO - Processing /root/airflow_env/lib/python3.12/site-packages/airflow/example_dags/example_params_trigger_ui.py took 0.064 seconds
[2024-12-10T17:23:20.110-0600] {processor.py:186} INFO - Started process (PID=2402) to work on /root/airflow_env/lib/python3.12/site-packages/airflow/example_dags/example_params_trigger_ui.py
[2024-12-10T17:23:20.112-0600] {processor.py:914} INFO - Processing file /root/airflow_env/lib/python3.12/site-packages/airflow/example_dags/example_params_trigger_ui.py for tasks to queue
[2024-12-10T17:23:20.114-0600] {logging_mixin.py:190} INFO - [2024-12-10T17:23:20.113-0600] {dagbag.py:588} INFO - Filling up the DagBag from /root/airflow_env/lib/python3.12/site-packages/airflow/example_dags/example_params_trigger_ui.py
[2024-12-10T17:23:20.121-0600] {processor.py:925} INFO - DAG(s) 'example_params_trigger_ui' retrieved from /root/airflow_env/lib/python3.12/site-packages/airflow/example_dags/example_params_trigger_ui.py
[2024-12-10T17:23:20.148-0600] {logging_mixin.py:190} INFO - [2024-12-10T17:23:20.147-0600] {dag.py:3239} INFO - Sync 1 DAGs
[2024-12-10T17:23:20.155-0600] {logging_mixin.py:190} INFO - [2024-12-10T17:23:20.155-0600] {dag.py:4180} INFO - Setting next_dagrun for example_params_trigger_ui to None, run_after=None
[2024-12-10T17:23:20.173-0600] {processor.py:208} INFO - Processing /root/airflow_env/lib/python3.12/site-packages/airflow/example_dags/example_params_trigger_ui.py took 0.067 seconds
[2024-12-10T17:24:13.384-0600] {processor.py:186} INFO - Started process (PID=2460) to work on /root/airflow_env/lib/python3.12/site-packages/airflow/example_dags/example_params_trigger_ui.py
[2024-12-10T17:24:13.387-0600] {processor.py:914} INFO - Processing file /root/airflow_env/lib/python3.12/site-packages/airflow/example_dags/example_params_trigger_ui.py for tasks to queue
[2024-12-10T17:24:13.388-0600] {logging_mixin.py:190} INFO - [2024-12-10T17:24:13.388-0600] {dagbag.py:588} INFO - Filling up the DagBag from /root/airflow_env/lib/python3.12/site-packages/airflow/example_dags/example_params_trigger_ui.py
[2024-12-10T17:24:13.397-0600] {processor.py:925} INFO - DAG(s) 'example_params_trigger_ui' retrieved from /root/airflow_env/lib/python3.12/site-packages/airflow/example_dags/example_params_trigger_ui.py
[2024-12-10T17:24:13.422-0600] {logging_mixin.py:190} INFO - [2024-12-10T17:24:13.422-0600] {dag.py:3239} INFO - Sync 1 DAGs
[2024-12-10T17:24:13.431-0600] {logging_mixin.py:190} INFO - [2024-12-10T17:24:13.431-0600] {dag.py:4180} INFO - Setting next_dagrun for example_params_trigger_ui to None, run_after=None
[2024-12-10T17:24:13.448-0600] {processor.py:208} INFO - Processing /root/airflow_env/lib/python3.12/site-packages/airflow/example_dags/example_params_trigger_ui.py took 0.067 seconds
[2024-12-10T17:25:04.656-0600] {processor.py:186} INFO - Started process (PID=2526) to work on /root/airflow_env/lib/python3.12/site-packages/airflow/example_dags/example_params_trigger_ui.py
[2024-12-10T17:25:04.659-0600] {processor.py:914} INFO - Processing file /root/airflow_env/lib/python3.12/site-packages/airflow/example_dags/example_params_trigger_ui.py for tasks to queue
[2024-12-10T17:25:04.660-0600] {logging_mixin.py:190} INFO - [2024-12-10T17:25:04.660-0600] {dagbag.py:588} INFO - Filling up the DagBag from /root/airflow_env/lib/python3.12/site-packages/airflow/example_dags/example_params_trigger_ui.py
[2024-12-10T17:25:04.668-0600] {processor.py:925} INFO - DAG(s) 'example_params_trigger_ui' retrieved from /root/airflow_env/lib/python3.12/site-packages/airflow/example_dags/example_params_trigger_ui.py
[2024-12-10T17:25:04.692-0600] {logging_mixin.py:190} INFO - [2024-12-10T17:25:04.691-0600] {dag.py:3239} INFO - Sync 1 DAGs
[2024-12-10T17:25:04.700-0600] {logging_mixin.py:190} INFO - [2024-12-10T17:25:04.700-0600] {dag.py:4180} INFO - Setting next_dagrun for example_params_trigger_ui to None, run_after=None
[2024-12-10T17:25:04.717-0600] {processor.py:208} INFO - Processing /root/airflow_env/lib/python3.12/site-packages/airflow/example_dags/example_params_trigger_ui.py took 0.065 seconds
[2024-12-10T17:25:57.243-0600] {processor.py:186} INFO - Started process (PID=2583) to work on /root/airflow_env/lib/python3.12/site-packages/airflow/example_dags/example_params_trigger_ui.py
[2024-12-10T17:25:57.246-0600] {processor.py:914} INFO - Processing file /root/airflow_env/lib/python3.12/site-packages/airflow/example_dags/example_params_trigger_ui.py for tasks to queue
[2024-12-10T17:25:57.247-0600] {logging_mixin.py:190} INFO - [2024-12-10T17:25:57.247-0600] {dagbag.py:588} INFO - Filling up the DagBag from /root/airflow_env/lib/python3.12/site-packages/airflow/example_dags/example_params_trigger_ui.py
[2024-12-10T17:25:57.255-0600] {processor.py:925} INFO - DAG(s) 'example_params_trigger_ui' retrieved from /root/airflow_env/lib/python3.12/site-packages/airflow/example_dags/example_params_trigger_ui.py
[2024-12-10T17:25:57.279-0600] {logging_mixin.py:190} INFO - [2024-12-10T17:25:57.279-0600] {dag.py:3239} INFO - Sync 1 DAGs
[2024-12-10T17:25:57.287-0600] {logging_mixin.py:190} INFO - [2024-12-10T17:25:57.287-0600] {dag.py:4180} INFO - Setting next_dagrun for example_params_trigger_ui to None, run_after=None
[2024-12-10T17:25:57.304-0600] {processor.py:208} INFO - Processing /root/airflow_env/lib/python3.12/site-packages/airflow/example_dags/example_params_trigger_ui.py took 0.065 seconds
[2024-12-10T17:26:51.748-0600] {processor.py:186} INFO - Started process (PID=2640) to work on /root/airflow_env/lib/python3.12/site-packages/airflow/example_dags/example_params_trigger_ui.py
[2024-12-10T17:26:51.751-0600] {processor.py:914} INFO - Processing file /root/airflow_env/lib/python3.12/site-packages/airflow/example_dags/example_params_trigger_ui.py for tasks to queue
[2024-12-10T17:26:51.753-0600] {logging_mixin.py:190} INFO - [2024-12-10T17:26:51.753-0600] {dagbag.py:588} INFO - Filling up the DagBag from /root/airflow_env/lib/python3.12/site-packages/airflow/example_dags/example_params_trigger_ui.py
[2024-12-10T17:26:51.764-0600] {processor.py:925} INFO - DAG(s) 'example_params_trigger_ui' retrieved from /root/airflow_env/lib/python3.12/site-packages/airflow/example_dags/example_params_trigger_ui.py
[2024-12-10T17:26:51.800-0600] {logging_mixin.py:190} INFO - [2024-12-10T17:26:51.799-0600] {dag.py:3239} INFO - Sync 1 DAGs
[2024-12-10T17:26:51.811-0600] {logging_mixin.py:190} INFO - [2024-12-10T17:26:51.811-0600] {dag.py:4180} INFO - Setting next_dagrun for example_params_trigger_ui to None, run_after=None
[2024-12-10T17:26:51.832-0600] {processor.py:208} INFO - Processing /root/airflow_env/lib/python3.12/site-packages/airflow/example_dags/example_params_trigger_ui.py took 0.089 seconds
[2024-12-10T17:27:45.205-0600] {processor.py:186} INFO - Started process (PID=2699) to work on /root/airflow_env/lib/python3.12/site-packages/airflow/example_dags/example_params_trigger_ui.py
[2024-12-10T17:27:45.208-0600] {processor.py:914} INFO - Processing file /root/airflow_env/lib/python3.12/site-packages/airflow/example_dags/example_params_trigger_ui.py for tasks to queue
[2024-12-10T17:27:45.209-0600] {logging_mixin.py:190} INFO - [2024-12-10T17:27:45.209-0600] {dagbag.py:588} INFO - Filling up the DagBag from /root/airflow_env/lib/python3.12/site-packages/airflow/example_dags/example_params_trigger_ui.py
[2024-12-10T17:27:45.218-0600] {processor.py:925} INFO - DAG(s) 'example_params_trigger_ui' retrieved from /root/airflow_env/lib/python3.12/site-packages/airflow/example_dags/example_params_trigger_ui.py
[2024-12-10T17:27:45.242-0600] {logging_mixin.py:190} INFO - [2024-12-10T17:27:45.242-0600] {dag.py:3239} INFO - Sync 1 DAGs
[2024-12-10T17:27:45.252-0600] {logging_mixin.py:190} INFO - [2024-12-10T17:27:45.252-0600] {dag.py:4180} INFO - Setting next_dagrun for example_params_trigger_ui to None, run_after=None
[2024-12-10T17:27:45.269-0600] {processor.py:208} INFO - Processing /root/airflow_env/lib/python3.12/site-packages/airflow/example_dags/example_params_trigger_ui.py took 0.067 seconds
[2024-12-10T17:28:36.644-0600] {processor.py:186} INFO - Started process (PID=2755) to work on /root/airflow_env/lib/python3.12/site-packages/airflow/example_dags/example_params_trigger_ui.py
[2024-12-10T17:28:36.646-0600] {processor.py:914} INFO - Processing file /root/airflow_env/lib/python3.12/site-packages/airflow/example_dags/example_params_trigger_ui.py for tasks to queue
[2024-12-10T17:28:36.648-0600] {logging_mixin.py:190} INFO - [2024-12-10T17:28:36.648-0600] {dagbag.py:588} INFO - Filling up the DagBag from /root/airflow_env/lib/python3.12/site-packages/airflow/example_dags/example_params_trigger_ui.py
[2024-12-10T17:28:36.657-0600] {processor.py:925} INFO - DAG(s) 'example_params_trigger_ui' retrieved from /root/airflow_env/lib/python3.12/site-packages/airflow/example_dags/example_params_trigger_ui.py
[2024-12-10T17:28:36.682-0600] {logging_mixin.py:190} INFO - [2024-12-10T17:28:36.682-0600] {dag.py:3239} INFO - Sync 1 DAGs
[2024-12-10T17:28:36.690-0600] {logging_mixin.py:190} INFO - [2024-12-10T17:28:36.690-0600] {dag.py:4180} INFO - Setting next_dagrun for example_params_trigger_ui to None, run_after=None
[2024-12-10T17:28:36.709-0600] {processor.py:208} INFO - Processing /root/airflow_env/lib/python3.12/site-packages/airflow/example_dags/example_params_trigger_ui.py took 0.069 seconds
[2024-12-10T17:29:31.295-0600] {processor.py:186} INFO - Started process (PID=2813) to work on /root/airflow_env/lib/python3.12/site-packages/airflow/example_dags/example_params_trigger_ui.py
[2024-12-10T17:29:31.296-0600] {processor.py:914} INFO - Processing file /root/airflow_env/lib/python3.12/site-packages/airflow/example_dags/example_params_trigger_ui.py for tasks to queue
[2024-12-10T17:29:31.298-0600] {logging_mixin.py:190} INFO - [2024-12-10T17:29:31.297-0600] {dagbag.py:588} INFO - Filling up the DagBag from /root/airflow_env/lib/python3.12/site-packages/airflow/example_dags/example_params_trigger_ui.py
[2024-12-10T17:29:31.305-0600] {processor.py:925} INFO - DAG(s) 'example_params_trigger_ui' retrieved from /root/airflow_env/lib/python3.12/site-packages/airflow/example_dags/example_params_trigger_ui.py
[2024-12-10T17:29:31.329-0600] {logging_mixin.py:190} INFO - [2024-12-10T17:29:31.329-0600] {dag.py:3239} INFO - Sync 1 DAGs
[2024-12-10T17:29:31.337-0600] {logging_mixin.py:190} INFO - [2024-12-10T17:29:31.337-0600] {dag.py:4180} INFO - Setting next_dagrun for example_params_trigger_ui to None, run_after=None
[2024-12-10T17:29:31.353-0600] {processor.py:208} INFO - Processing /root/airflow_env/lib/python3.12/site-packages/airflow/example_dags/example_params_trigger_ui.py took 0.063 seconds
[2024-12-10T17:30:19.568-0600] {processor.py:186} INFO - Started process (PID=2876) to work on /root/airflow_env/lib/python3.12/site-packages/airflow/example_dags/example_params_trigger_ui.py
[2024-12-10T17:30:19.570-0600] {processor.py:914} INFO - Processing file /root/airflow_env/lib/python3.12/site-packages/airflow/example_dags/example_params_trigger_ui.py for tasks to queue
[2024-12-10T17:30:19.572-0600] {logging_mixin.py:190} INFO - [2024-12-10T17:30:19.571-0600] {dagbag.py:588} INFO - Filling up the DagBag from /root/airflow_env/lib/python3.12/site-packages/airflow/example_dags/example_params_trigger_ui.py
[2024-12-10T17:30:19.579-0600] {processor.py:925} INFO - DAG(s) 'example_params_trigger_ui' retrieved from /root/airflow_env/lib/python3.12/site-packages/airflow/example_dags/example_params_trigger_ui.py
[2024-12-10T17:30:19.603-0600] {logging_mixin.py:190} INFO - [2024-12-10T17:30:19.602-0600] {dag.py:3239} INFO - Sync 1 DAGs
[2024-12-10T17:30:19.610-0600] {logging_mixin.py:190} INFO - [2024-12-10T17:30:19.610-0600] {dag.py:4180} INFO - Setting next_dagrun for example_params_trigger_ui to None, run_after=None
[2024-12-10T17:30:19.627-0600] {processor.py:208} INFO - Processing /root/airflow_env/lib/python3.12/site-packages/airflow/example_dags/example_params_trigger_ui.py took 0.063 seconds
[2024-12-10T17:31:11.400-0600] {processor.py:186} INFO - Started process (PID=2931) to work on /root/airflow_env/lib/python3.12/site-packages/airflow/example_dags/example_params_trigger_ui.py
[2024-12-10T17:31:11.402-0600] {processor.py:914} INFO - Processing file /root/airflow_env/lib/python3.12/site-packages/airflow/example_dags/example_params_trigger_ui.py for tasks to queue
[2024-12-10T17:31:11.404-0600] {logging_mixin.py:190} INFO - [2024-12-10T17:31:11.404-0600] {dagbag.py:588} INFO - Filling up the DagBag from /root/airflow_env/lib/python3.12/site-packages/airflow/example_dags/example_params_trigger_ui.py
[2024-12-10T17:31:11.412-0600] {processor.py:925} INFO - DAG(s) 'example_params_trigger_ui' retrieved from /root/airflow_env/lib/python3.12/site-packages/airflow/example_dags/example_params_trigger_ui.py
[2024-12-10T17:31:11.436-0600] {logging_mixin.py:190} INFO - [2024-12-10T17:31:11.436-0600] {dag.py:3239} INFO - Sync 1 DAGs
[2024-12-10T17:31:11.444-0600] {logging_mixin.py:190} INFO - [2024-12-10T17:31:11.444-0600] {dag.py:4180} INFO - Setting next_dagrun for example_params_trigger_ui to None, run_after=None
[2024-12-10T17:31:11.461-0600] {processor.py:208} INFO - Processing /root/airflow_env/lib/python3.12/site-packages/airflow/example_dags/example_params_trigger_ui.py took 0.065 seconds
[2024-12-10T17:32:02.949-0600] {processor.py:186} INFO - Started process (PID=2988) to work on /root/airflow_env/lib/python3.12/site-packages/airflow/example_dags/example_params_trigger_ui.py
[2024-12-10T17:32:02.951-0600] {processor.py:914} INFO - Processing file /root/airflow_env/lib/python3.12/site-packages/airflow/example_dags/example_params_trigger_ui.py for tasks to queue
[2024-12-10T17:32:02.953-0600] {logging_mixin.py:190} INFO - [2024-12-10T17:32:02.952-0600] {dagbag.py:588} INFO - Filling up the DagBag from /root/airflow_env/lib/python3.12/site-packages/airflow/example_dags/example_params_trigger_ui.py
[2024-12-10T17:32:02.961-0600] {processor.py:925} INFO - DAG(s) 'example_params_trigger_ui' retrieved from /root/airflow_env/lib/python3.12/site-packages/airflow/example_dags/example_params_trigger_ui.py
[2024-12-10T17:32:02.984-0600] {logging_mixin.py:190} INFO - [2024-12-10T17:32:02.984-0600] {dag.py:3239} INFO - Sync 1 DAGs
[2024-12-10T17:32:02.992-0600] {logging_mixin.py:190} INFO - [2024-12-10T17:32:02.992-0600] {dag.py:4180} INFO - Setting next_dagrun for example_params_trigger_ui to None, run_after=None
[2024-12-10T17:32:03.009-0600] {processor.py:208} INFO - Processing /root/airflow_env/lib/python3.12/site-packages/airflow/example_dags/example_params_trigger_ui.py took 0.064 seconds
[2024-12-10T17:32:59.058-0600] {processor.py:186} INFO - Started process (PID=3049) to work on /root/airflow_env/lib/python3.12/site-packages/airflow/example_dags/example_params_trigger_ui.py
[2024-12-10T17:32:59.061-0600] {processor.py:914} INFO - Processing file /root/airflow_env/lib/python3.12/site-packages/airflow/example_dags/example_params_trigger_ui.py for tasks to queue
[2024-12-10T17:32:59.062-0600] {logging_mixin.py:190} INFO - [2024-12-10T17:32:59.062-0600] {dagbag.py:588} INFO - Filling up the DagBag from /root/airflow_env/lib/python3.12/site-packages/airflow/example_dags/example_params_trigger_ui.py
[2024-12-10T17:32:59.070-0600] {processor.py:925} INFO - DAG(s) 'example_params_trigger_ui' retrieved from /root/airflow_env/lib/python3.12/site-packages/airflow/example_dags/example_params_trigger_ui.py
[2024-12-10T17:32:59.093-0600] {logging_mixin.py:190} INFO - [2024-12-10T17:32:59.093-0600] {dag.py:3239} INFO - Sync 1 DAGs
[2024-12-10T17:32:59.102-0600] {logging_mixin.py:190} INFO - [2024-12-10T17:32:59.101-0600] {dag.py:4180} INFO - Setting next_dagrun for example_params_trigger_ui to None, run_after=None
[2024-12-10T17:32:59.119-0600] {processor.py:208} INFO - Processing /root/airflow_env/lib/python3.12/site-packages/airflow/example_dags/example_params_trigger_ui.py took 0.065 seconds
[2024-12-10T17:33:51.515-0600] {processor.py:186} INFO - Started process (PID=3212) to work on /root/airflow_env/lib/python3.12/site-packages/airflow/example_dags/example_params_trigger_ui.py
[2024-12-10T17:33:51.518-0600] {processor.py:914} INFO - Processing file /root/airflow_env/lib/python3.12/site-packages/airflow/example_dags/example_params_trigger_ui.py for tasks to queue
[2024-12-10T17:33:51.519-0600] {logging_mixin.py:190} INFO - [2024-12-10T17:33:51.519-0600] {dagbag.py:588} INFO - Filling up the DagBag from /root/airflow_env/lib/python3.12/site-packages/airflow/example_dags/example_params_trigger_ui.py
[2024-12-10T17:33:51.527-0600] {processor.py:925} INFO - DAG(s) 'example_params_trigger_ui' retrieved from /root/airflow_env/lib/python3.12/site-packages/airflow/example_dags/example_params_trigger_ui.py
[2024-12-10T17:33:51.550-0600] {logging_mixin.py:190} INFO - [2024-12-10T17:33:51.550-0600] {dag.py:3239} INFO - Sync 1 DAGs
[2024-12-10T17:33:51.558-0600] {logging_mixin.py:190} INFO - [2024-12-10T17:33:51.558-0600] {dag.py:4180} INFO - Setting next_dagrun for example_params_trigger_ui to None, run_after=None
[2024-12-10T17:33:51.575-0600] {processor.py:208} INFO - Processing /root/airflow_env/lib/python3.12/site-packages/airflow/example_dags/example_params_trigger_ui.py took 0.063 seconds
[2024-12-10T17:34:43.953-0600] {processor.py:186} INFO - Started process (PID=3270) to work on /root/airflow_env/lib/python3.12/site-packages/airflow/example_dags/example_params_trigger_ui.py
[2024-12-10T17:34:43.955-0600] {processor.py:914} INFO - Processing file /root/airflow_env/lib/python3.12/site-packages/airflow/example_dags/example_params_trigger_ui.py for tasks to queue
[2024-12-10T17:34:43.956-0600] {logging_mixin.py:190} INFO - [2024-12-10T17:34:43.956-0600] {dagbag.py:588} INFO - Filling up the DagBag from /root/airflow_env/lib/python3.12/site-packages/airflow/example_dags/example_params_trigger_ui.py
[2024-12-10T17:34:43.964-0600] {processor.py:925} INFO - DAG(s) 'example_params_trigger_ui' retrieved from /root/airflow_env/lib/python3.12/site-packages/airflow/example_dags/example_params_trigger_ui.py
[2024-12-10T17:34:43.988-0600] {logging_mixin.py:190} INFO - [2024-12-10T17:34:43.988-0600] {dag.py:3239} INFO - Sync 1 DAGs
[2024-12-10T17:34:43.996-0600] {logging_mixin.py:190} INFO - [2024-12-10T17:34:43.996-0600] {dag.py:4180} INFO - Setting next_dagrun for example_params_trigger_ui to None, run_after=None
[2024-12-10T17:34:44.013-0600] {processor.py:208} INFO - Processing /root/airflow_env/lib/python3.12/site-packages/airflow/example_dags/example_params_trigger_ui.py took 0.063 seconds
[2024-12-10T17:35:34.790-0600] {processor.py:186} INFO - Started process (PID=3330) to work on /root/airflow_env/lib/python3.12/site-packages/airflow/example_dags/example_params_trigger_ui.py
[2024-12-10T17:35:34.792-0600] {processor.py:914} INFO - Processing file /root/airflow_env/lib/python3.12/site-packages/airflow/example_dags/example_params_trigger_ui.py for tasks to queue
[2024-12-10T17:35:34.794-0600] {logging_mixin.py:190} INFO - [2024-12-10T17:35:34.794-0600] {dagbag.py:588} INFO - Filling up the DagBag from /root/airflow_env/lib/python3.12/site-packages/airflow/example_dags/example_params_trigger_ui.py
[2024-12-10T17:35:34.802-0600] {processor.py:925} INFO - DAG(s) 'example_params_trigger_ui' retrieved from /root/airflow_env/lib/python3.12/site-packages/airflow/example_dags/example_params_trigger_ui.py
[2024-12-10T17:35:34.825-0600] {logging_mixin.py:190} INFO - [2024-12-10T17:35:34.825-0600] {dag.py:3239} INFO - Sync 1 DAGs
[2024-12-10T17:35:34.833-0600] {logging_mixin.py:190} INFO - [2024-12-10T17:35:34.833-0600] {dag.py:4180} INFO - Setting next_dagrun for example_params_trigger_ui to None, run_after=None
[2024-12-10T17:35:34.849-0600] {processor.py:208} INFO - Processing /root/airflow_env/lib/python3.12/site-packages/airflow/example_dags/example_params_trigger_ui.py took 0.063 seconds
[2024-12-10T17:36:25.211-0600] {processor.py:186} INFO - Started process (PID=3385) to work on /root/airflow_env/lib/python3.12/site-packages/airflow/example_dags/example_params_trigger_ui.py
[2024-12-10T17:36:25.214-0600] {processor.py:914} INFO - Processing file /root/airflow_env/lib/python3.12/site-packages/airflow/example_dags/example_params_trigger_ui.py for tasks to queue
[2024-12-10T17:36:25.215-0600] {logging_mixin.py:190} INFO - [2024-12-10T17:36:25.215-0600] {dagbag.py:588} INFO - Filling up the DagBag from /root/airflow_env/lib/python3.12/site-packages/airflow/example_dags/example_params_trigger_ui.py
[2024-12-10T17:36:25.225-0600] {processor.py:925} INFO - DAG(s) 'example_params_trigger_ui' retrieved from /root/airflow_env/lib/python3.12/site-packages/airflow/example_dags/example_params_trigger_ui.py
[2024-12-10T17:36:25.249-0600] {logging_mixin.py:190} INFO - [2024-12-10T17:36:25.249-0600] {dag.py:3239} INFO - Sync 1 DAGs
[2024-12-10T17:36:25.257-0600] {logging_mixin.py:190} INFO - [2024-12-10T17:36:25.257-0600] {dag.py:4180} INFO - Setting next_dagrun for example_params_trigger_ui to None, run_after=None
[2024-12-10T17:36:25.274-0600] {processor.py:208} INFO - Processing /root/airflow_env/lib/python3.12/site-packages/airflow/example_dags/example_params_trigger_ui.py took 0.068 seconds
[2024-12-10T17:37:15.827-0600] {processor.py:186} INFO - Started process (PID=3442) to work on /root/airflow_env/lib/python3.12/site-packages/airflow/example_dags/example_params_trigger_ui.py
[2024-12-10T17:37:15.830-0600] {processor.py:914} INFO - Processing file /root/airflow_env/lib/python3.12/site-packages/airflow/example_dags/example_params_trigger_ui.py for tasks to queue
[2024-12-10T17:37:15.831-0600] {logging_mixin.py:190} INFO - [2024-12-10T17:37:15.831-0600] {dagbag.py:588} INFO - Filling up the DagBag from /root/airflow_env/lib/python3.12/site-packages/airflow/example_dags/example_params_trigger_ui.py
[2024-12-10T17:37:15.839-0600] {processor.py:925} INFO - DAG(s) 'example_params_trigger_ui' retrieved from /root/airflow_env/lib/python3.12/site-packages/airflow/example_dags/example_params_trigger_ui.py
[2024-12-10T17:37:15.862-0600] {logging_mixin.py:190} INFO - [2024-12-10T17:37:15.862-0600] {dag.py:3239} INFO - Sync 1 DAGs
[2024-12-10T17:37:15.869-0600] {logging_mixin.py:190} INFO - [2024-12-10T17:37:15.869-0600] {dag.py:4180} INFO - Setting next_dagrun for example_params_trigger_ui to None, run_after=None
[2024-12-10T17:37:15.886-0600] {processor.py:208} INFO - Processing /root/airflow_env/lib/python3.12/site-packages/airflow/example_dags/example_params_trigger_ui.py took 0.062 seconds
[2024-12-10T17:38:06.551-0600] {processor.py:186} INFO - Started process (PID=3498) to work on /root/airflow_env/lib/python3.12/site-packages/airflow/example_dags/example_params_trigger_ui.py
[2024-12-10T17:38:06.553-0600] {processor.py:914} INFO - Processing file /root/airflow_env/lib/python3.12/site-packages/airflow/example_dags/example_params_trigger_ui.py for tasks to queue
[2024-12-10T17:38:06.554-0600] {logging_mixin.py:190} INFO - [2024-12-10T17:38:06.554-0600] {dagbag.py:588} INFO - Filling up the DagBag from /root/airflow_env/lib/python3.12/site-packages/airflow/example_dags/example_params_trigger_ui.py
[2024-12-10T17:38:06.562-0600] {processor.py:925} INFO - DAG(s) 'example_params_trigger_ui' retrieved from /root/airflow_env/lib/python3.12/site-packages/airflow/example_dags/example_params_trigger_ui.py
[2024-12-10T17:38:06.585-0600] {logging_mixin.py:190} INFO - [2024-12-10T17:38:06.585-0600] {dag.py:3239} INFO - Sync 1 DAGs
[2024-12-10T17:38:06.594-0600] {logging_mixin.py:190} INFO - [2024-12-10T17:38:06.593-0600] {dag.py:4180} INFO - Setting next_dagrun for example_params_trigger_ui to None, run_after=None
[2024-12-10T17:38:06.610-0600] {processor.py:208} INFO - Processing /root/airflow_env/lib/python3.12/site-packages/airflow/example_dags/example_params_trigger_ui.py took 0.062 seconds
[2024-12-10T17:38:58.124-0600] {processor.py:186} INFO - Started process (PID=3555) to work on /root/airflow_env/lib/python3.12/site-packages/airflow/example_dags/example_params_trigger_ui.py
[2024-12-10T17:38:58.126-0600] {processor.py:914} INFO - Processing file /root/airflow_env/lib/python3.12/site-packages/airflow/example_dags/example_params_trigger_ui.py for tasks to queue
[2024-12-10T17:38:58.128-0600] {logging_mixin.py:190} INFO - [2024-12-10T17:38:58.127-0600] {dagbag.py:588} INFO - Filling up the DagBag from /root/airflow_env/lib/python3.12/site-packages/airflow/example_dags/example_params_trigger_ui.py
[2024-12-10T17:38:58.135-0600] {processor.py:925} INFO - DAG(s) 'example_params_trigger_ui' retrieved from /root/airflow_env/lib/python3.12/site-packages/airflow/example_dags/example_params_trigger_ui.py
[2024-12-10T17:38:58.158-0600] {logging_mixin.py:190} INFO - [2024-12-10T17:38:58.158-0600] {dag.py:3239} INFO - Sync 1 DAGs
[2024-12-10T17:38:58.166-0600] {logging_mixin.py:190} INFO - [2024-12-10T17:38:58.166-0600] {dag.py:4180} INFO - Setting next_dagrun for example_params_trigger_ui to None, run_after=None
[2024-12-10T17:38:58.182-0600] {processor.py:208} INFO - Processing /root/airflow_env/lib/python3.12/site-packages/airflow/example_dags/example_params_trigger_ui.py took 0.062 seconds
[2024-12-10T17:39:51.214-0600] {processor.py:186} INFO - Started process (PID=3612) to work on /root/airflow_env/lib/python3.12/site-packages/airflow/example_dags/example_params_trigger_ui.py
[2024-12-10T17:39:51.216-0600] {processor.py:914} INFO - Processing file /root/airflow_env/lib/python3.12/site-packages/airflow/example_dags/example_params_trigger_ui.py for tasks to queue
[2024-12-10T17:39:51.217-0600] {logging_mixin.py:190} INFO - [2024-12-10T17:39:51.217-0600] {dagbag.py:588} INFO - Filling up the DagBag from /root/airflow_env/lib/python3.12/site-packages/airflow/example_dags/example_params_trigger_ui.py
[2024-12-10T17:39:51.225-0600] {processor.py:925} INFO - DAG(s) 'example_params_trigger_ui' retrieved from /root/airflow_env/lib/python3.12/site-packages/airflow/example_dags/example_params_trigger_ui.py
[2024-12-10T17:39:51.248-0600] {logging_mixin.py:190} INFO - [2024-12-10T17:39:51.248-0600] {dag.py:3239} INFO - Sync 1 DAGs
[2024-12-10T17:39:51.256-0600] {logging_mixin.py:190} INFO - [2024-12-10T17:39:51.255-0600] {dag.py:4180} INFO - Setting next_dagrun for example_params_trigger_ui to None, run_after=None
[2024-12-10T17:39:51.272-0600] {processor.py:208} INFO - Processing /root/airflow_env/lib/python3.12/site-packages/airflow/example_dags/example_params_trigger_ui.py took 0.063 seconds
[2024-12-10T17:40:45.592-0600] {processor.py:186} INFO - Started process (PID=3676) to work on /root/airflow_env/lib/python3.12/site-packages/airflow/example_dags/example_params_trigger_ui.py
[2024-12-10T17:40:45.595-0600] {processor.py:914} INFO - Processing file /root/airflow_env/lib/python3.12/site-packages/airflow/example_dags/example_params_trigger_ui.py for tasks to queue
[2024-12-10T17:40:45.597-0600] {logging_mixin.py:190} INFO - [2024-12-10T17:40:45.596-0600] {dagbag.py:588} INFO - Filling up the DagBag from /root/airflow_env/lib/python3.12/site-packages/airflow/example_dags/example_params_trigger_ui.py
[2024-12-10T17:40:45.606-0600] {processor.py:925} INFO - DAG(s) 'example_params_trigger_ui' retrieved from /root/airflow_env/lib/python3.12/site-packages/airflow/example_dags/example_params_trigger_ui.py
[2024-12-10T17:40:45.629-0600] {logging_mixin.py:190} INFO - [2024-12-10T17:40:45.629-0600] {dag.py:3239} INFO - Sync 1 DAGs
[2024-12-10T17:40:45.637-0600] {logging_mixin.py:190} INFO - [2024-12-10T17:40:45.637-0600] {dag.py:4180} INFO - Setting next_dagrun for example_params_trigger_ui to None, run_after=None
[2024-12-10T17:40:45.654-0600] {processor.py:208} INFO - Processing /root/airflow_env/lib/python3.12/site-packages/airflow/example_dags/example_params_trigger_ui.py took 0.066 seconds
[2024-12-10T17:41:40.556-0600] {processor.py:186} INFO - Started process (PID=3737) to work on /root/airflow_env/lib/python3.12/site-packages/airflow/example_dags/example_params_trigger_ui.py
[2024-12-10T17:41:40.558-0600] {processor.py:914} INFO - Processing file /root/airflow_env/lib/python3.12/site-packages/airflow/example_dags/example_params_trigger_ui.py for tasks to queue
[2024-12-10T17:41:40.560-0600] {logging_mixin.py:190} INFO - [2024-12-10T17:41:40.559-0600] {dagbag.py:588} INFO - Filling up the DagBag from /root/airflow_env/lib/python3.12/site-packages/airflow/example_dags/example_params_trigger_ui.py
[2024-12-10T17:41:40.567-0600] {processor.py:925} INFO - DAG(s) 'example_params_trigger_ui' retrieved from /root/airflow_env/lib/python3.12/site-packages/airflow/example_dags/example_params_trigger_ui.py
[2024-12-10T17:41:40.591-0600] {logging_mixin.py:190} INFO - [2024-12-10T17:41:40.591-0600] {dag.py:3239} INFO - Sync 1 DAGs
[2024-12-10T17:41:40.599-0600] {logging_mixin.py:190} INFO - [2024-12-10T17:41:40.598-0600] {dag.py:4180} INFO - Setting next_dagrun for example_params_trigger_ui to None, run_after=None
[2024-12-10T17:41:40.616-0600] {processor.py:208} INFO - Processing /root/airflow_env/lib/python3.12/site-packages/airflow/example_dags/example_params_trigger_ui.py took 0.065 seconds
[2024-12-10T17:42:32.396-0600] {processor.py:186} INFO - Started process (PID=3802) to work on /root/airflow_env/lib/python3.12/site-packages/airflow/example_dags/example_params_trigger_ui.py
[2024-12-10T17:42:32.398-0600] {processor.py:914} INFO - Processing file /root/airflow_env/lib/python3.12/site-packages/airflow/example_dags/example_params_trigger_ui.py for tasks to queue
[2024-12-10T17:42:32.399-0600] {logging_mixin.py:190} INFO - [2024-12-10T17:42:32.399-0600] {dagbag.py:588} INFO - Filling up the DagBag from /root/airflow_env/lib/python3.12/site-packages/airflow/example_dags/example_params_trigger_ui.py
[2024-12-10T17:42:32.407-0600] {processor.py:925} INFO - DAG(s) 'example_params_trigger_ui' retrieved from /root/airflow_env/lib/python3.12/site-packages/airflow/example_dags/example_params_trigger_ui.py
[2024-12-10T17:42:32.430-0600] {logging_mixin.py:190} INFO - [2024-12-10T17:42:32.430-0600] {dag.py:3239} INFO - Sync 1 DAGs
[2024-12-10T17:42:32.438-0600] {logging_mixin.py:190} INFO - [2024-12-10T17:42:32.438-0600] {dag.py:4180} INFO - Setting next_dagrun for example_params_trigger_ui to None, run_after=None
[2024-12-10T17:42:32.455-0600] {processor.py:208} INFO - Processing /root/airflow_env/lib/python3.12/site-packages/airflow/example_dags/example_params_trigger_ui.py took 0.063 seconds
[2024-12-10T17:43:25.688-0600] {processor.py:186} INFO - Started process (PID=3870) to work on /root/airflow_env/lib/python3.12/site-packages/airflow/example_dags/example_params_trigger_ui.py
[2024-12-10T17:43:25.690-0600] {processor.py:914} INFO - Processing file /root/airflow_env/lib/python3.12/site-packages/airflow/example_dags/example_params_trigger_ui.py for tasks to queue
[2024-12-10T17:43:25.692-0600] {logging_mixin.py:190} INFO - [2024-12-10T17:43:25.692-0600] {dagbag.py:588} INFO - Filling up the DagBag from /root/airflow_env/lib/python3.12/site-packages/airflow/example_dags/example_params_trigger_ui.py
[2024-12-10T17:43:25.704-0600] {processor.py:925} INFO - DAG(s) 'example_params_trigger_ui' retrieved from /root/airflow_env/lib/python3.12/site-packages/airflow/example_dags/example_params_trigger_ui.py
[2024-12-10T17:43:25.731-0600] {logging_mixin.py:190} INFO - [2024-12-10T17:43:25.730-0600] {dag.py:3239} INFO - Sync 1 DAGs
[2024-12-10T17:43:25.739-0600] {logging_mixin.py:190} INFO - [2024-12-10T17:43:25.739-0600] {dag.py:4180} INFO - Setting next_dagrun for example_params_trigger_ui to None, run_after=None
[2024-12-10T17:43:25.756-0600] {processor.py:208} INFO - Processing /root/airflow_env/lib/python3.12/site-packages/airflow/example_dags/example_params_trigger_ui.py took 0.076 seconds
[2024-12-10T17:44:16.743-0600] {processor.py:186} INFO - Started process (PID=3927) to work on /root/airflow_env/lib/python3.12/site-packages/airflow/example_dags/example_params_trigger_ui.py
[2024-12-10T17:44:16.746-0600] {processor.py:914} INFO - Processing file /root/airflow_env/lib/python3.12/site-packages/airflow/example_dags/example_params_trigger_ui.py for tasks to queue
[2024-12-10T17:44:16.748-0600] {logging_mixin.py:190} INFO - [2024-12-10T17:44:16.748-0600] {dagbag.py:588} INFO - Filling up the DagBag from /root/airflow_env/lib/python3.12/site-packages/airflow/example_dags/example_params_trigger_ui.py
[2024-12-10T17:44:16.756-0600] {processor.py:925} INFO - DAG(s) 'example_params_trigger_ui' retrieved from /root/airflow_env/lib/python3.12/site-packages/airflow/example_dags/example_params_trigger_ui.py
[2024-12-10T17:44:16.779-0600] {logging_mixin.py:190} INFO - [2024-12-10T17:44:16.779-0600] {dag.py:3239} INFO - Sync 1 DAGs
[2024-12-10T17:44:16.788-0600] {logging_mixin.py:190} INFO - [2024-12-10T17:44:16.788-0600] {dag.py:4180} INFO - Setting next_dagrun for example_params_trigger_ui to None, run_after=None
[2024-12-10T17:44:16.890-0600] {processor.py:208} INFO - Processing /root/airflow_env/lib/python3.12/site-packages/airflow/example_dags/example_params_trigger_ui.py took 0.151 seconds
[2024-12-10T17:45:09.778-0600] {processor.py:186} INFO - Started process (PID=3987) to work on /root/airflow_env/lib/python3.12/site-packages/airflow/example_dags/example_params_trigger_ui.py
[2024-12-10T17:45:09.781-0600] {processor.py:914} INFO - Processing file /root/airflow_env/lib/python3.12/site-packages/airflow/example_dags/example_params_trigger_ui.py for tasks to queue
[2024-12-10T17:45:09.783-0600] {logging_mixin.py:190} INFO - [2024-12-10T17:45:09.782-0600] {dagbag.py:588} INFO - Filling up the DagBag from /root/airflow_env/lib/python3.12/site-packages/airflow/example_dags/example_params_trigger_ui.py
[2024-12-10T17:45:09.791-0600] {processor.py:925} INFO - DAG(s) 'example_params_trigger_ui' retrieved from /root/airflow_env/lib/python3.12/site-packages/airflow/example_dags/example_params_trigger_ui.py
[2024-12-10T17:45:09.816-0600] {logging_mixin.py:190} INFO - [2024-12-10T17:45:09.815-0600] {dag.py:3239} INFO - Sync 1 DAGs
[2024-12-10T17:45:09.825-0600] {logging_mixin.py:190} INFO - [2024-12-10T17:45:09.824-0600] {dag.py:4180} INFO - Setting next_dagrun for example_params_trigger_ui to None, run_after=None
[2024-12-10T17:45:09.843-0600] {processor.py:208} INFO - Processing /root/airflow_env/lib/python3.12/site-packages/airflow/example_dags/example_params_trigger_ui.py took 0.069 seconds
[2024-12-10T17:46:04.368-0600] {processor.py:186} INFO - Started process (PID=4044) to work on /root/airflow_env/lib/python3.12/site-packages/airflow/example_dags/example_params_trigger_ui.py
[2024-12-10T17:46:04.370-0600] {processor.py:914} INFO - Processing file /root/airflow_env/lib/python3.12/site-packages/airflow/example_dags/example_params_trigger_ui.py for tasks to queue
[2024-12-10T17:46:04.371-0600] {logging_mixin.py:190} INFO - [2024-12-10T17:46:04.371-0600] {dagbag.py:588} INFO - Filling up the DagBag from /root/airflow_env/lib/python3.12/site-packages/airflow/example_dags/example_params_trigger_ui.py
[2024-12-10T17:46:04.379-0600] {processor.py:925} INFO - DAG(s) 'example_params_trigger_ui' retrieved from /root/airflow_env/lib/python3.12/site-packages/airflow/example_dags/example_params_trigger_ui.py
[2024-12-10T17:46:04.403-0600] {logging_mixin.py:190} INFO - [2024-12-10T17:46:04.403-0600] {dag.py:3239} INFO - Sync 1 DAGs
[2024-12-10T17:46:04.412-0600] {logging_mixin.py:190} INFO - [2024-12-10T17:46:04.411-0600] {dag.py:4180} INFO - Setting next_dagrun for example_params_trigger_ui to None, run_after=None
[2024-12-10T17:46:04.433-0600] {processor.py:208} INFO - Processing /root/airflow_env/lib/python3.12/site-packages/airflow/example_dags/example_params_trigger_ui.py took 0.069 seconds
[2024-12-10T17:47:05.045-0600] {processor.py:186} INFO - Started process (PID=4107) to work on /root/airflow_env/lib/python3.12/site-packages/airflow/example_dags/example_params_trigger_ui.py
[2024-12-10T17:47:05.048-0600] {processor.py:914} INFO - Processing file /root/airflow_env/lib/python3.12/site-packages/airflow/example_dags/example_params_trigger_ui.py for tasks to queue
[2024-12-10T17:47:05.050-0600] {logging_mixin.py:190} INFO - [2024-12-10T17:47:05.049-0600] {dagbag.py:588} INFO - Filling up the DagBag from /root/airflow_env/lib/python3.12/site-packages/airflow/example_dags/example_params_trigger_ui.py
[2024-12-10T17:47:05.058-0600] {processor.py:925} INFO - DAG(s) 'example_params_trigger_ui' retrieved from /root/airflow_env/lib/python3.12/site-packages/airflow/example_dags/example_params_trigger_ui.py
[2024-12-10T17:47:05.083-0600] {logging_mixin.py:190} INFO - [2024-12-10T17:47:05.082-0600] {dag.py:3239} INFO - Sync 1 DAGs
[2024-12-10T17:47:05.091-0600] {logging_mixin.py:190} INFO - [2024-12-10T17:47:05.090-0600] {dag.py:4180} INFO - Setting next_dagrun for example_params_trigger_ui to None, run_after=None
[2024-12-10T17:47:05.107-0600] {processor.py:208} INFO - Processing /root/airflow_env/lib/python3.12/site-packages/airflow/example_dags/example_params_trigger_ui.py took 0.066 seconds
[2024-12-10T17:48:03.205-0600] {processor.py:186} INFO - Started process (PID=4168) to work on /root/airflow_env/lib/python3.12/site-packages/airflow/example_dags/example_params_trigger_ui.py
[2024-12-10T17:48:03.208-0600] {processor.py:914} INFO - Processing file /root/airflow_env/lib/python3.12/site-packages/airflow/example_dags/example_params_trigger_ui.py for tasks to queue
[2024-12-10T17:48:03.209-0600] {logging_mixin.py:190} INFO - [2024-12-10T17:48:03.209-0600] {dagbag.py:588} INFO - Filling up the DagBag from /root/airflow_env/lib/python3.12/site-packages/airflow/example_dags/example_params_trigger_ui.py
[2024-12-10T17:48:03.217-0600] {processor.py:925} INFO - DAG(s) 'example_params_trigger_ui' retrieved from /root/airflow_env/lib/python3.12/site-packages/airflow/example_dags/example_params_trigger_ui.py
[2024-12-10T17:48:03.329-0600] {logging_mixin.py:190} INFO - [2024-12-10T17:48:03.329-0600] {dag.py:3239} INFO - Sync 1 DAGs
[2024-12-10T17:48:03.336-0600] {logging_mixin.py:190} INFO - [2024-12-10T17:48:03.336-0600] {dag.py:4180} INFO - Setting next_dagrun for example_params_trigger_ui to None, run_after=None
[2024-12-10T17:48:03.351-0600] {processor.py:208} INFO - Processing /root/airflow_env/lib/python3.12/site-packages/airflow/example_dags/example_params_trigger_ui.py took 0.150 seconds
[2024-12-10T17:48:57.322-0600] {processor.py:186} INFO - Started process (PID=4227) to work on /root/airflow_env/lib/python3.12/site-packages/airflow/example_dags/example_params_trigger_ui.py
[2024-12-10T17:48:57.324-0600] {processor.py:914} INFO - Processing file /root/airflow_env/lib/python3.12/site-packages/airflow/example_dags/example_params_trigger_ui.py for tasks to queue
[2024-12-10T17:48:57.326-0600] {logging_mixin.py:190} INFO - [2024-12-10T17:48:57.326-0600] {dagbag.py:588} INFO - Filling up the DagBag from /root/airflow_env/lib/python3.12/site-packages/airflow/example_dags/example_params_trigger_ui.py
[2024-12-10T17:48:57.334-0600] {processor.py:925} INFO - DAG(s) 'example_params_trigger_ui' retrieved from /root/airflow_env/lib/python3.12/site-packages/airflow/example_dags/example_params_trigger_ui.py
[2024-12-10T17:48:57.357-0600] {logging_mixin.py:190} INFO - [2024-12-10T17:48:57.357-0600] {dag.py:3239} INFO - Sync 1 DAGs
[2024-12-10T17:48:57.451-0600] {logging_mixin.py:190} INFO - [2024-12-10T17:48:57.451-0600] {dag.py:4180} INFO - Setting next_dagrun for example_params_trigger_ui to None, run_after=None
[2024-12-10T17:48:57.467-0600] {processor.py:208} INFO - Processing /root/airflow_env/lib/python3.12/site-packages/airflow/example_dags/example_params_trigger_ui.py took 0.149 seconds
[2024-12-10T17:49:53.637-0600] {processor.py:186} INFO - Started process (PID=4285) to work on /root/airflow_env/lib/python3.12/site-packages/airflow/example_dags/example_params_trigger_ui.py
[2024-12-10T17:49:53.640-0600] {processor.py:914} INFO - Processing file /root/airflow_env/lib/python3.12/site-packages/airflow/example_dags/example_params_trigger_ui.py for tasks to queue
[2024-12-10T17:49:53.641-0600] {logging_mixin.py:190} INFO - [2024-12-10T17:49:53.641-0600] {dagbag.py:588} INFO - Filling up the DagBag from /root/airflow_env/lib/python3.12/site-packages/airflow/example_dags/example_params_trigger_ui.py
[2024-12-10T17:49:53.649-0600] {processor.py:925} INFO - DAG(s) 'example_params_trigger_ui' retrieved from /root/airflow_env/lib/python3.12/site-packages/airflow/example_dags/example_params_trigger_ui.py
[2024-12-10T17:49:53.672-0600] {logging_mixin.py:190} INFO - [2024-12-10T17:49:53.672-0600] {dag.py:3239} INFO - Sync 1 DAGs
[2024-12-10T17:49:53.680-0600] {logging_mixin.py:190} INFO - [2024-12-10T17:49:53.680-0600] {dag.py:4180} INFO - Setting next_dagrun for example_params_trigger_ui to None, run_after=None
[2024-12-10T17:49:53.697-0600] {processor.py:208} INFO - Processing /root/airflow_env/lib/python3.12/site-packages/airflow/example_dags/example_params_trigger_ui.py took 0.063 seconds
[2024-12-10T17:55:26.551-0600] {processor.py:186} INFO - Started process (PID=4622) to work on /root/airflow_env/lib/python3.12/site-packages/airflow/example_dags/example_params_trigger_ui.py
[2024-12-10T17:55:26.553-0600] {processor.py:914} INFO - Processing file /root/airflow_env/lib/python3.12/site-packages/airflow/example_dags/example_params_trigger_ui.py for tasks to queue
[2024-12-10T17:55:26.554-0600] {logging_mixin.py:190} INFO - [2024-12-10T17:55:26.554-0600] {dagbag.py:588} INFO - Filling up the DagBag from /root/airflow_env/lib/python3.12/site-packages/airflow/example_dags/example_params_trigger_ui.py
[2024-12-10T17:55:26.563-0600] {processor.py:925} INFO - DAG(s) 'example_params_trigger_ui' retrieved from /root/airflow_env/lib/python3.12/site-packages/airflow/example_dags/example_params_trigger_ui.py
[2024-12-10T17:55:26.593-0600] {logging_mixin.py:190} INFO - [2024-12-10T17:55:26.593-0600] {dag.py:3239} INFO - Sync 1 DAGs
[2024-12-10T17:55:26.602-0600] {logging_mixin.py:190} INFO - [2024-12-10T17:55:26.602-0600] {dag.py:4180} INFO - Setting next_dagrun for example_params_trigger_ui to None, run_after=None
[2024-12-10T17:55:26.622-0600] {processor.py:208} INFO - Processing /root/airflow_env/lib/python3.12/site-packages/airflow/example_dags/example_params_trigger_ui.py took 0.074 seconds
[2024-12-10T17:56:23.872-0600] {processor.py:186} INFO - Started process (PID=4694) to work on /root/airflow_env/lib/python3.12/site-packages/airflow/example_dags/example_params_trigger_ui.py
[2024-12-10T17:56:23.874-0600] {processor.py:914} INFO - Processing file /root/airflow_env/lib/python3.12/site-packages/airflow/example_dags/example_params_trigger_ui.py for tasks to queue
[2024-12-10T17:56:23.875-0600] {logging_mixin.py:190} INFO - [2024-12-10T17:56:23.875-0600] {dagbag.py:588} INFO - Filling up the DagBag from /root/airflow_env/lib/python3.12/site-packages/airflow/example_dags/example_params_trigger_ui.py
[2024-12-10T17:56:23.883-0600] {processor.py:925} INFO - DAG(s) 'example_params_trigger_ui' retrieved from /root/airflow_env/lib/python3.12/site-packages/airflow/example_dags/example_params_trigger_ui.py
[2024-12-10T17:56:23.907-0600] {logging_mixin.py:190} INFO - [2024-12-10T17:56:23.906-0600] {dag.py:3239} INFO - Sync 1 DAGs
[2024-12-10T17:56:23.915-0600] {logging_mixin.py:190} INFO - [2024-12-10T17:56:23.915-0600] {dag.py:4180} INFO - Setting next_dagrun for example_params_trigger_ui to None, run_after=None
[2024-12-10T17:56:23.932-0600] {processor.py:208} INFO - Processing /root/airflow_env/lib/python3.12/site-packages/airflow/example_dags/example_params_trigger_ui.py took 0.063 seconds
[2024-12-10T17:57:20.385-0600] {processor.py:186} INFO - Started process (PID=4770) to work on /root/airflow_env/lib/python3.12/site-packages/airflow/example_dags/example_params_trigger_ui.py
[2024-12-10T17:57:20.387-0600] {processor.py:914} INFO - Processing file /root/airflow_env/lib/python3.12/site-packages/airflow/example_dags/example_params_trigger_ui.py for tasks to queue
[2024-12-10T17:57:20.388-0600] {logging_mixin.py:190} INFO - [2024-12-10T17:57:20.388-0600] {dagbag.py:588} INFO - Filling up the DagBag from /root/airflow_env/lib/python3.12/site-packages/airflow/example_dags/example_params_trigger_ui.py
[2024-12-10T17:57:20.397-0600] {processor.py:925} INFO - DAG(s) 'example_params_trigger_ui' retrieved from /root/airflow_env/lib/python3.12/site-packages/airflow/example_dags/example_params_trigger_ui.py
[2024-12-10T17:57:20.421-0600] {logging_mixin.py:190} INFO - [2024-12-10T17:57:20.421-0600] {dag.py:3239} INFO - Sync 1 DAGs
[2024-12-10T17:57:20.430-0600] {logging_mixin.py:190} INFO - [2024-12-10T17:57:20.430-0600] {dag.py:4180} INFO - Setting next_dagrun for example_params_trigger_ui to None, run_after=None
[2024-12-10T17:57:20.448-0600] {processor.py:208} INFO - Processing /root/airflow_env/lib/python3.12/site-packages/airflow/example_dags/example_params_trigger_ui.py took 0.067 seconds
[2024-12-10T17:58:16.472-0600] {processor.py:186} INFO - Started process (PID=4846) to work on /root/airflow_env/lib/python3.12/site-packages/airflow/example_dags/example_params_trigger_ui.py
[2024-12-10T17:58:16.473-0600] {processor.py:914} INFO - Processing file /root/airflow_env/lib/python3.12/site-packages/airflow/example_dags/example_params_trigger_ui.py for tasks to queue
[2024-12-10T17:58:16.475-0600] {logging_mixin.py:190} INFO - [2024-12-10T17:58:16.474-0600] {dagbag.py:588} INFO - Filling up the DagBag from /root/airflow_env/lib/python3.12/site-packages/airflow/example_dags/example_params_trigger_ui.py
[2024-12-10T17:58:16.483-0600] {processor.py:925} INFO - DAG(s) 'example_params_trigger_ui' retrieved from /root/airflow_env/lib/python3.12/site-packages/airflow/example_dags/example_params_trigger_ui.py
[2024-12-10T17:58:16.508-0600] {logging_mixin.py:190} INFO - [2024-12-10T17:58:16.507-0600] {dag.py:3239} INFO - Sync 1 DAGs
[2024-12-10T17:58:16.516-0600] {logging_mixin.py:190} INFO - [2024-12-10T17:58:16.516-0600] {dag.py:4180} INFO - Setting next_dagrun for example_params_trigger_ui to None, run_after=None
[2024-12-10T17:58:16.534-0600] {processor.py:208} INFO - Processing /root/airflow_env/lib/python3.12/site-packages/airflow/example_dags/example_params_trigger_ui.py took 0.066 seconds
[2024-12-10T17:59:27.954-0600] {processor.py:186} INFO - Started process (PID=4948) to work on /root/airflow_env/lib/python3.12/site-packages/airflow/example_dags/example_params_trigger_ui.py
[2024-12-10T17:59:27.955-0600] {processor.py:914} INFO - Processing file /root/airflow_env/lib/python3.12/site-packages/airflow/example_dags/example_params_trigger_ui.py for tasks to queue
[2024-12-10T17:59:27.957-0600] {logging_mixin.py:190} INFO - [2024-12-10T17:59:27.956-0600] {dagbag.py:588} INFO - Filling up the DagBag from /root/airflow_env/lib/python3.12/site-packages/airflow/example_dags/example_params_trigger_ui.py
[2024-12-10T17:59:27.964-0600] {processor.py:925} INFO - DAG(s) 'example_params_trigger_ui' retrieved from /root/airflow_env/lib/python3.12/site-packages/airflow/example_dags/example_params_trigger_ui.py
[2024-12-10T17:59:27.990-0600] {logging_mixin.py:190} INFO - [2024-12-10T17:59:27.990-0600] {dag.py:3239} INFO - Sync 1 DAGs
[2024-12-10T17:59:27.998-0600] {logging_mixin.py:190} INFO - [2024-12-10T17:59:27.998-0600] {dag.py:4180} INFO - Setting next_dagrun for example_params_trigger_ui to None, run_after=None
[2024-12-10T17:59:28.017-0600] {processor.py:208} INFO - Processing /root/airflow_env/lib/python3.12/site-packages/airflow/example_dags/example_params_trigger_ui.py took 0.067 seconds
