[2024-12-10T17:00:15.596-0600] {processor.py:186} INFO - Started process (PID=707) to work on /root/airflow_env/lib/python3.12/site-packages/airflow/example_dags/example_bash_decorator.py
[2024-12-10T17:00:15.597-0600] {processor.py:914} INFO - Processing file /root/airflow_env/lib/python3.12/site-packages/airflow/example_dags/example_bash_decorator.py for tasks to queue
[2024-12-10T17:00:15.599-0600] {logging_mixin.py:190} INFO - [2024-12-10T17:00:15.598-0600] {dagbag.py:588} INFO - Filling up the DagBag from /root/airflow_env/lib/python3.12/site-packages/airflow/example_dags/example_bash_decorator.py
[2024-12-10T17:00:15.609-0600] {processor.py:925} INFO - DAG(s) 'example_bash_decorator' retrieved from /root/airflow_env/lib/python3.12/site-packages/airflow/example_dags/example_bash_decorator.py
[2024-12-10T17:00:15.673-0600] {logging_mixin.py:190} INFO - [2024-12-10T17:00:15.672-0600] {dag.py:3239} INFO - Sync 1 DAGs
[2024-12-10T17:00:15.680-0600] {logging_mixin.py:190} INFO - [2024-12-10T17:00:15.680-0600] {dag.py:4180} INFO - Setting next_dagrun for example_bash_decorator to None, run_after=None
[2024-12-10T17:00:15.698-0600] {processor.py:208} INFO - Processing /root/airflow_env/lib/python3.12/site-packages/airflow/example_dags/example_bash_decorator.py took 0.106 seconds
[2024-12-10T17:01:11.189-0600] {processor.py:186} INFO - Started process (PID=779) to work on /root/airflow_env/lib/python3.12/site-packages/airflow/example_dags/example_bash_decorator.py
[2024-12-10T17:01:11.190-0600] {processor.py:914} INFO - Processing file /root/airflow_env/lib/python3.12/site-packages/airflow/example_dags/example_bash_decorator.py for tasks to queue
[2024-12-10T17:01:11.192-0600] {logging_mixin.py:190} INFO - [2024-12-10T17:01:11.192-0600] {dagbag.py:588} INFO - Filling up the DagBag from /root/airflow_env/lib/python3.12/site-packages/airflow/example_dags/example_bash_decorator.py
[2024-12-10T17:01:11.204-0600] {processor.py:925} INFO - DAG(s) 'example_bash_decorator' retrieved from /root/airflow_env/lib/python3.12/site-packages/airflow/example_dags/example_bash_decorator.py
[2024-12-10T17:01:11.218-0600] {logging_mixin.py:190} INFO - [2024-12-10T17:01:11.218-0600] {dag.py:3239} INFO - Sync 1 DAGs
[2024-12-10T17:01:11.228-0600] {logging_mixin.py:190} INFO - [2024-12-10T17:01:11.228-0600] {dag.py:4180} INFO - Setting next_dagrun for example_bash_decorator to None, run_after=None
[2024-12-10T17:01:11.245-0600] {processor.py:208} INFO - Processing /root/airflow_env/lib/python3.12/site-packages/airflow/example_dags/example_bash_decorator.py took 0.062 seconds
[2024-12-10T17:02:26.161-0600] {processor.py:186} INFO - Started process (PID=920) to work on /root/airflow_env/lib/python3.12/site-packages/airflow/example_dags/example_bash_decorator.py
[2024-12-10T17:02:26.165-0600] {processor.py:914} INFO - Processing file /root/airflow_env/lib/python3.12/site-packages/airflow/example_dags/example_bash_decorator.py for tasks to queue
[2024-12-10T17:02:26.168-0600] {logging_mixin.py:190} INFO - [2024-12-10T17:02:26.168-0600] {dagbag.py:588} INFO - Filling up the DagBag from /root/airflow_env/lib/python3.12/site-packages/airflow/example_dags/example_bash_decorator.py
[2024-12-10T17:02:26.212-0600] {processor.py:925} INFO - DAG(s) 'example_bash_decorator' retrieved from /root/airflow_env/lib/python3.12/site-packages/airflow/example_dags/example_bash_decorator.py
[2024-12-10T17:02:26.260-0600] {logging_mixin.py:190} INFO - [2024-12-10T17:02:26.259-0600] {dag.py:3239} INFO - Sync 1 DAGs
[2024-12-10T17:02:26.304-0600] {logging_mixin.py:190} INFO - [2024-12-10T17:02:26.303-0600] {dag.py:4180} INFO - Setting next_dagrun for example_bash_decorator to None, run_after=None
[2024-12-10T17:02:26.497-0600] {processor.py:208} INFO - Processing /root/airflow_env/lib/python3.12/site-packages/airflow/example_dags/example_bash_decorator.py took 0.352 seconds
[2024-12-10T17:03:23.084-0600] {processor.py:186} INFO - Started process (PID=984) to work on /root/airflow_env/lib/python3.12/site-packages/airflow/example_dags/example_bash_decorator.py
[2024-12-10T17:03:23.085-0600] {processor.py:914} INFO - Processing file /root/airflow_env/lib/python3.12/site-packages/airflow/example_dags/example_bash_decorator.py for tasks to queue
[2024-12-10T17:03:23.088-0600] {logging_mixin.py:190} INFO - [2024-12-10T17:03:23.088-0600] {dagbag.py:588} INFO - Filling up the DagBag from /root/airflow_env/lib/python3.12/site-packages/airflow/example_dags/example_bash_decorator.py
[2024-12-10T17:03:23.102-0600] {processor.py:925} INFO - DAG(s) 'example_bash_decorator' retrieved from /root/airflow_env/lib/python3.12/site-packages/airflow/example_dags/example_bash_decorator.py
[2024-12-10T17:03:23.119-0600] {logging_mixin.py:190} INFO - [2024-12-10T17:03:23.119-0600] {dag.py:3239} INFO - Sync 1 DAGs
[2024-12-10T17:03:23.133-0600] {logging_mixin.py:190} INFO - [2024-12-10T17:03:23.132-0600] {dag.py:4180} INFO - Setting next_dagrun for example_bash_decorator to None, run_after=None
[2024-12-10T17:03:23.152-0600] {processor.py:208} INFO - Processing /root/airflow_env/lib/python3.12/site-packages/airflow/example_dags/example_bash_decorator.py took 0.075 seconds
[2024-12-10T17:04:14.716-0600] {processor.py:186} INFO - Started process (PID=1046) to work on /root/airflow_env/lib/python3.12/site-packages/airflow/example_dags/example_bash_decorator.py
[2024-12-10T17:04:14.717-0600] {processor.py:914} INFO - Processing file /root/airflow_env/lib/python3.12/site-packages/airflow/example_dags/example_bash_decorator.py for tasks to queue
[2024-12-10T17:04:14.719-0600] {logging_mixin.py:190} INFO - [2024-12-10T17:04:14.719-0600] {dagbag.py:588} INFO - Filling up the DagBag from /root/airflow_env/lib/python3.12/site-packages/airflow/example_dags/example_bash_decorator.py
[2024-12-10T17:04:14.730-0600] {processor.py:925} INFO - DAG(s) 'example_bash_decorator' retrieved from /root/airflow_env/lib/python3.12/site-packages/airflow/example_dags/example_bash_decorator.py
[2024-12-10T17:04:14.744-0600] {logging_mixin.py:190} INFO - [2024-12-10T17:04:14.744-0600] {dag.py:3239} INFO - Sync 1 DAGs
[2024-12-10T17:04:14.754-0600] {logging_mixin.py:190} INFO - [2024-12-10T17:04:14.753-0600] {dag.py:4180} INFO - Setting next_dagrun for example_bash_decorator to None, run_after=None
[2024-12-10T17:04:14.769-0600] {processor.py:208} INFO - Processing /root/airflow_env/lib/python3.12/site-packages/airflow/example_dags/example_bash_decorator.py took 0.057 seconds
[2024-12-10T17:05:10.653-0600] {processor.py:186} INFO - Started process (PID=1108) to work on /root/airflow_env/lib/python3.12/site-packages/airflow/example_dags/example_bash_decorator.py
[2024-12-10T17:05:10.654-0600] {processor.py:914} INFO - Processing file /root/airflow_env/lib/python3.12/site-packages/airflow/example_dags/example_bash_decorator.py for tasks to queue
[2024-12-10T17:05:10.656-0600] {logging_mixin.py:190} INFO - [2024-12-10T17:05:10.656-0600] {dagbag.py:588} INFO - Filling up the DagBag from /root/airflow_env/lib/python3.12/site-packages/airflow/example_dags/example_bash_decorator.py
[2024-12-10T17:05:10.666-0600] {processor.py:925} INFO - DAG(s) 'example_bash_decorator' retrieved from /root/airflow_env/lib/python3.12/site-packages/airflow/example_dags/example_bash_decorator.py
[2024-12-10T17:05:10.680-0600] {logging_mixin.py:190} INFO - [2024-12-10T17:05:10.680-0600] {dag.py:3239} INFO - Sync 1 DAGs
[2024-12-10T17:05:10.688-0600] {logging_mixin.py:190} INFO - [2024-12-10T17:05:10.688-0600] {dag.py:4180} INFO - Setting next_dagrun for example_bash_decorator to None, run_after=None
[2024-12-10T17:05:10.706-0600] {processor.py:208} INFO - Processing /root/airflow_env/lib/python3.12/site-packages/airflow/example_dags/example_bash_decorator.py took 0.058 seconds
[2024-12-10T17:06:02.651-0600] {processor.py:186} INFO - Started process (PID=1172) to work on /root/airflow_env/lib/python3.12/site-packages/airflow/example_dags/example_bash_decorator.py
[2024-12-10T17:06:02.652-0600] {processor.py:914} INFO - Processing file /root/airflow_env/lib/python3.12/site-packages/airflow/example_dags/example_bash_decorator.py for tasks to queue
[2024-12-10T17:06:02.654-0600] {logging_mixin.py:190} INFO - [2024-12-10T17:06:02.654-0600] {dagbag.py:588} INFO - Filling up the DagBag from /root/airflow_env/lib/python3.12/site-packages/airflow/example_dags/example_bash_decorator.py
[2024-12-10T17:06:02.666-0600] {processor.py:925} INFO - DAG(s) 'example_bash_decorator' retrieved from /root/airflow_env/lib/python3.12/site-packages/airflow/example_dags/example_bash_decorator.py
[2024-12-10T17:06:02.678-0600] {logging_mixin.py:190} INFO - [2024-12-10T17:06:02.678-0600] {dag.py:3239} INFO - Sync 1 DAGs
[2024-12-10T17:06:02.687-0600] {logging_mixin.py:190} INFO - [2024-12-10T17:06:02.687-0600] {dag.py:4180} INFO - Setting next_dagrun for example_bash_decorator to None, run_after=None
[2024-12-10T17:06:02.705-0600] {processor.py:208} INFO - Processing /root/airflow_env/lib/python3.12/site-packages/airflow/example_dags/example_bash_decorator.py took 0.057 seconds
[2024-12-10T17:06:55.353-0600] {processor.py:186} INFO - Started process (PID=1233) to work on /root/airflow_env/lib/python3.12/site-packages/airflow/example_dags/example_bash_decorator.py
[2024-12-10T17:06:55.356-0600] {processor.py:914} INFO - Processing file /root/airflow_env/lib/python3.12/site-packages/airflow/example_dags/example_bash_decorator.py for tasks to queue
[2024-12-10T17:06:55.357-0600] {logging_mixin.py:190} INFO - [2024-12-10T17:06:55.357-0600] {dagbag.py:588} INFO - Filling up the DagBag from /root/airflow_env/lib/python3.12/site-packages/airflow/example_dags/example_bash_decorator.py
[2024-12-10T17:06:55.369-0600] {processor.py:925} INFO - DAG(s) 'example_bash_decorator' retrieved from /root/airflow_env/lib/python3.12/site-packages/airflow/example_dags/example_bash_decorator.py
[2024-12-10T17:06:55.383-0600] {logging_mixin.py:190} INFO - [2024-12-10T17:06:55.383-0600] {dag.py:3239} INFO - Sync 1 DAGs
[2024-12-10T17:06:55.392-0600] {logging_mixin.py:190} INFO - [2024-12-10T17:06:55.392-0600] {dag.py:4180} INFO - Setting next_dagrun for example_bash_decorator to None, run_after=None
[2024-12-10T17:06:55.410-0600] {processor.py:208} INFO - Processing /root/airflow_env/lib/python3.12/site-packages/airflow/example_dags/example_bash_decorator.py took 0.061 seconds
[2024-12-10T17:07:50.795-0600] {processor.py:186} INFO - Started process (PID=1291) to work on /root/airflow_env/lib/python3.12/site-packages/airflow/example_dags/example_bash_decorator.py
[2024-12-10T17:07:50.796-0600] {processor.py:914} INFO - Processing file /root/airflow_env/lib/python3.12/site-packages/airflow/example_dags/example_bash_decorator.py for tasks to queue
[2024-12-10T17:07:50.797-0600] {logging_mixin.py:190} INFO - [2024-12-10T17:07:50.797-0600] {dagbag.py:588} INFO - Filling up the DagBag from /root/airflow_env/lib/python3.12/site-packages/airflow/example_dags/example_bash_decorator.py
[2024-12-10T17:07:50.809-0600] {processor.py:925} INFO - DAG(s) 'example_bash_decorator' retrieved from /root/airflow_env/lib/python3.12/site-packages/airflow/example_dags/example_bash_decorator.py
[2024-12-10T17:07:50.822-0600] {logging_mixin.py:190} INFO - [2024-12-10T17:07:50.822-0600] {dag.py:3239} INFO - Sync 1 DAGs
[2024-12-10T17:07:50.831-0600] {logging_mixin.py:190} INFO - [2024-12-10T17:07:50.831-0600] {dag.py:4180} INFO - Setting next_dagrun for example_bash_decorator to None, run_after=None
[2024-12-10T17:07:50.847-0600] {processor.py:208} INFO - Processing /root/airflow_env/lib/python3.12/site-packages/airflow/example_dags/example_bash_decorator.py took 0.056 seconds
[2024-12-10T17:08:40.462-0600] {processor.py:186} INFO - Started process (PID=1392) to work on /root/airflow_env/lib/python3.12/site-packages/airflow/example_dags/example_bash_decorator.py
[2024-12-10T17:08:40.464-0600] {processor.py:914} INFO - Processing file /root/airflow_env/lib/python3.12/site-packages/airflow/example_dags/example_bash_decorator.py for tasks to queue
[2024-12-10T17:08:40.466-0600] {logging_mixin.py:190} INFO - [2024-12-10T17:08:40.466-0600] {dagbag.py:588} INFO - Filling up the DagBag from /root/airflow_env/lib/python3.12/site-packages/airflow/example_dags/example_bash_decorator.py
[2024-12-10T17:08:40.477-0600] {processor.py:925} INFO - DAG(s) 'example_bash_decorator' retrieved from /root/airflow_env/lib/python3.12/site-packages/airflow/example_dags/example_bash_decorator.py
[2024-12-10T17:08:40.490-0600] {logging_mixin.py:190} INFO - [2024-12-10T17:08:40.490-0600] {dag.py:3239} INFO - Sync 1 DAGs
[2024-12-10T17:08:40.499-0600] {logging_mixin.py:190} INFO - [2024-12-10T17:08:40.499-0600] {dag.py:4180} INFO - Setting next_dagrun for example_bash_decorator to None, run_after=None
[2024-12-10T17:08:40.517-0600] {processor.py:208} INFO - Processing /root/airflow_env/lib/python3.12/site-packages/airflow/example_dags/example_bash_decorator.py took 0.059 seconds
[2024-12-10T17:09:30.945-0600] {processor.py:186} INFO - Started process (PID=1454) to work on /root/airflow_env/lib/python3.12/site-packages/airflow/example_dags/example_bash_decorator.py
[2024-12-10T17:09:30.947-0600] {processor.py:914} INFO - Processing file /root/airflow_env/lib/python3.12/site-packages/airflow/example_dags/example_bash_decorator.py for tasks to queue
[2024-12-10T17:09:30.950-0600] {logging_mixin.py:190} INFO - [2024-12-10T17:09:30.949-0600] {dagbag.py:588} INFO - Filling up the DagBag from /root/airflow_env/lib/python3.12/site-packages/airflow/example_dags/example_bash_decorator.py
[2024-12-10T17:09:30.966-0600] {processor.py:925} INFO - DAG(s) 'example_bash_decorator' retrieved from /root/airflow_env/lib/python3.12/site-packages/airflow/example_dags/example_bash_decorator.py
[2024-12-10T17:09:30.992-0600] {logging_mixin.py:190} INFO - [2024-12-10T17:09:30.991-0600] {dag.py:3239} INFO - Sync 1 DAGs
[2024-12-10T17:09:31.007-0600] {logging_mixin.py:190} INFO - [2024-12-10T17:09:31.007-0600] {dag.py:4180} INFO - Setting next_dagrun for example_bash_decorator to None, run_after=None
[2024-12-10T17:09:31.034-0600] {processor.py:208} INFO - Processing /root/airflow_env/lib/python3.12/site-packages/airflow/example_dags/example_bash_decorator.py took 0.096 seconds
[2024-12-10T17:10:23.423-0600] {processor.py:186} INFO - Started process (PID=1522) to work on /root/airflow_env/lib/python3.12/site-packages/airflow/example_dags/example_bash_decorator.py
[2024-12-10T17:10:23.426-0600] {processor.py:914} INFO - Processing file /root/airflow_env/lib/python3.12/site-packages/airflow/example_dags/example_bash_decorator.py for tasks to queue
[2024-12-10T17:10:23.427-0600] {logging_mixin.py:190} INFO - [2024-12-10T17:10:23.427-0600] {dagbag.py:588} INFO - Filling up the DagBag from /root/airflow_env/lib/python3.12/site-packages/airflow/example_dags/example_bash_decorator.py
[2024-12-10T17:10:23.438-0600] {processor.py:925} INFO - DAG(s) 'example_bash_decorator' retrieved from /root/airflow_env/lib/python3.12/site-packages/airflow/example_dags/example_bash_decorator.py
[2024-12-10T17:10:23.452-0600] {logging_mixin.py:190} INFO - [2024-12-10T17:10:23.452-0600] {dag.py:3239} INFO - Sync 1 DAGs
[2024-12-10T17:10:23.460-0600] {logging_mixin.py:190} INFO - [2024-12-10T17:10:23.460-0600] {dag.py:4180} INFO - Setting next_dagrun for example_bash_decorator to None, run_after=None
[2024-12-10T17:10:23.477-0600] {processor.py:208} INFO - Processing /root/airflow_env/lib/python3.12/site-packages/airflow/example_dags/example_bash_decorator.py took 0.058 seconds
[2024-12-10T17:11:11.458-0600] {processor.py:186} INFO - Started process (PID=1582) to work on /root/airflow_env/lib/python3.12/site-packages/airflow/example_dags/example_bash_decorator.py
[2024-12-10T17:11:11.459-0600] {processor.py:914} INFO - Processing file /root/airflow_env/lib/python3.12/site-packages/airflow/example_dags/example_bash_decorator.py for tasks to queue
[2024-12-10T17:11:11.461-0600] {logging_mixin.py:190} INFO - [2024-12-10T17:11:11.461-0600] {dagbag.py:588} INFO - Filling up the DagBag from /root/airflow_env/lib/python3.12/site-packages/airflow/example_dags/example_bash_decorator.py
[2024-12-10T17:11:11.471-0600] {processor.py:925} INFO - DAG(s) 'example_bash_decorator' retrieved from /root/airflow_env/lib/python3.12/site-packages/airflow/example_dags/example_bash_decorator.py
[2024-12-10T17:11:11.484-0600] {logging_mixin.py:190} INFO - [2024-12-10T17:11:11.484-0600] {dag.py:3239} INFO - Sync 1 DAGs
[2024-12-10T17:11:11.492-0600] {logging_mixin.py:190} INFO - [2024-12-10T17:11:11.491-0600] {dag.py:4180} INFO - Setting next_dagrun for example_bash_decorator to None, run_after=None
[2024-12-10T17:11:11.509-0600] {processor.py:208} INFO - Processing /root/airflow_env/lib/python3.12/site-packages/airflow/example_dags/example_bash_decorator.py took 0.055 seconds
[2024-12-10T17:12:03.966-0600] {processor.py:186} INFO - Started process (PID=1643) to work on /root/airflow_env/lib/python3.12/site-packages/airflow/example_dags/example_bash_decorator.py
[2024-12-10T17:12:03.969-0600] {processor.py:914} INFO - Processing file /root/airflow_env/lib/python3.12/site-packages/airflow/example_dags/example_bash_decorator.py for tasks to queue
[2024-12-10T17:12:03.971-0600] {logging_mixin.py:190} INFO - [2024-12-10T17:12:03.971-0600] {dagbag.py:588} INFO - Filling up the DagBag from /root/airflow_env/lib/python3.12/site-packages/airflow/example_dags/example_bash_decorator.py
[2024-12-10T17:12:03.983-0600] {processor.py:925} INFO - DAG(s) 'example_bash_decorator' retrieved from /root/airflow_env/lib/python3.12/site-packages/airflow/example_dags/example_bash_decorator.py
[2024-12-10T17:12:03.996-0600] {logging_mixin.py:190} INFO - [2024-12-10T17:12:03.996-0600] {dag.py:3239} INFO - Sync 1 DAGs
[2024-12-10T17:12:04.005-0600] {logging_mixin.py:190} INFO - [2024-12-10T17:12:04.005-0600] {dag.py:4180} INFO - Setting next_dagrun for example_bash_decorator to None, run_after=None
[2024-12-10T17:12:04.024-0600] {processor.py:208} INFO - Processing /root/airflow_env/lib/python3.12/site-packages/airflow/example_dags/example_bash_decorator.py took 0.061 seconds
[2024-12-10T17:12:55.500-0600] {processor.py:186} INFO - Started process (PID=1700) to work on /root/airflow_env/lib/python3.12/site-packages/airflow/example_dags/example_bash_decorator.py
[2024-12-10T17:12:55.503-0600] {processor.py:914} INFO - Processing file /root/airflow_env/lib/python3.12/site-packages/airflow/example_dags/example_bash_decorator.py for tasks to queue
[2024-12-10T17:12:55.504-0600] {logging_mixin.py:190} INFO - [2024-12-10T17:12:55.504-0600] {dagbag.py:588} INFO - Filling up the DagBag from /root/airflow_env/lib/python3.12/site-packages/airflow/example_dags/example_bash_decorator.py
[2024-12-10T17:12:55.515-0600] {processor.py:925} INFO - DAG(s) 'example_bash_decorator' retrieved from /root/airflow_env/lib/python3.12/site-packages/airflow/example_dags/example_bash_decorator.py
[2024-12-10T17:12:55.527-0600] {logging_mixin.py:190} INFO - [2024-12-10T17:12:55.526-0600] {dag.py:3239} INFO - Sync 1 DAGs
[2024-12-10T17:12:55.535-0600] {logging_mixin.py:190} INFO - [2024-12-10T17:12:55.534-0600] {dag.py:4180} INFO - Setting next_dagrun for example_bash_decorator to None, run_after=None
[2024-12-10T17:12:55.553-0600] {processor.py:208} INFO - Processing /root/airflow_env/lib/python3.12/site-packages/airflow/example_dags/example_bash_decorator.py took 0.057 seconds
[2024-12-10T17:13:45.890-0600] {processor.py:186} INFO - Started process (PID=1756) to work on /root/airflow_env/lib/python3.12/site-packages/airflow/example_dags/example_bash_decorator.py
[2024-12-10T17:13:45.892-0600] {processor.py:914} INFO - Processing file /root/airflow_env/lib/python3.12/site-packages/airflow/example_dags/example_bash_decorator.py for tasks to queue
[2024-12-10T17:13:45.894-0600] {logging_mixin.py:190} INFO - [2024-12-10T17:13:45.893-0600] {dagbag.py:588} INFO - Filling up the DagBag from /root/airflow_env/lib/python3.12/site-packages/airflow/example_dags/example_bash_decorator.py
[2024-12-10T17:13:45.904-0600] {processor.py:925} INFO - DAG(s) 'example_bash_decorator' retrieved from /root/airflow_env/lib/python3.12/site-packages/airflow/example_dags/example_bash_decorator.py
[2024-12-10T17:13:45.917-0600] {logging_mixin.py:190} INFO - [2024-12-10T17:13:45.916-0600] {dag.py:3239} INFO - Sync 1 DAGs
[2024-12-10T17:13:45.925-0600] {logging_mixin.py:190} INFO - [2024-12-10T17:13:45.925-0600] {dag.py:4180} INFO - Setting next_dagrun for example_bash_decorator to None, run_after=None
[2024-12-10T17:13:45.942-0600] {processor.py:208} INFO - Processing /root/airflow_env/lib/python3.12/site-packages/airflow/example_dags/example_bash_decorator.py took 0.055 seconds
[2024-12-10T17:14:36.020-0600] {processor.py:186} INFO - Started process (PID=1819) to work on /root/airflow_env/lib/python3.12/site-packages/airflow/example_dags/example_bash_decorator.py
[2024-12-10T17:14:36.022-0600] {processor.py:914} INFO - Processing file /root/airflow_env/lib/python3.12/site-packages/airflow/example_dags/example_bash_decorator.py for tasks to queue
[2024-12-10T17:14:36.024-0600] {logging_mixin.py:190} INFO - [2024-12-10T17:14:36.024-0600] {dagbag.py:588} INFO - Filling up the DagBag from /root/airflow_env/lib/python3.12/site-packages/airflow/example_dags/example_bash_decorator.py
[2024-12-10T17:14:36.038-0600] {processor.py:925} INFO - DAG(s) 'example_bash_decorator' retrieved from /root/airflow_env/lib/python3.12/site-packages/airflow/example_dags/example_bash_decorator.py
[2024-12-10T17:14:36.055-0600] {logging_mixin.py:190} INFO - [2024-12-10T17:14:36.055-0600] {dag.py:3239} INFO - Sync 1 DAGs
[2024-12-10T17:14:36.072-0600] {logging_mixin.py:190} INFO - [2024-12-10T17:14:36.072-0600] {dag.py:4180} INFO - Setting next_dagrun for example_bash_decorator to None, run_after=None
[2024-12-10T17:14:36.101-0600] {processor.py:208} INFO - Processing /root/airflow_env/lib/python3.12/site-packages/airflow/example_dags/example_bash_decorator.py took 0.087 seconds
[2024-12-10T17:15:30.259-0600] {processor.py:186} INFO - Started process (PID=1880) to work on /root/airflow_env/lib/python3.12/site-packages/airflow/example_dags/example_bash_decorator.py
[2024-12-10T17:15:30.262-0600] {processor.py:914} INFO - Processing file /root/airflow_env/lib/python3.12/site-packages/airflow/example_dags/example_bash_decorator.py for tasks to queue
[2024-12-10T17:15:30.263-0600] {logging_mixin.py:190} INFO - [2024-12-10T17:15:30.263-0600] {dagbag.py:588} INFO - Filling up the DagBag from /root/airflow_env/lib/python3.12/site-packages/airflow/example_dags/example_bash_decorator.py
[2024-12-10T17:15:30.273-0600] {processor.py:925} INFO - DAG(s) 'example_bash_decorator' retrieved from /root/airflow_env/lib/python3.12/site-packages/airflow/example_dags/example_bash_decorator.py
[2024-12-10T17:15:30.285-0600] {logging_mixin.py:190} INFO - [2024-12-10T17:15:30.285-0600] {dag.py:3239} INFO - Sync 1 DAGs
[2024-12-10T17:15:30.294-0600] {logging_mixin.py:190} INFO - [2024-12-10T17:15:30.294-0600] {dag.py:4180} INFO - Setting next_dagrun for example_bash_decorator to None, run_after=None
[2024-12-10T17:15:30.310-0600] {processor.py:208} INFO - Processing /root/airflow_env/lib/python3.12/site-packages/airflow/example_dags/example_bash_decorator.py took 0.055 seconds
[2024-12-10T17:16:21.559-0600] {processor.py:186} INFO - Started process (PID=1945) to work on /root/airflow_env/lib/python3.12/site-packages/airflow/example_dags/example_bash_decorator.py
[2024-12-10T17:16:21.563-0600] {processor.py:914} INFO - Processing file /root/airflow_env/lib/python3.12/site-packages/airflow/example_dags/example_bash_decorator.py for tasks to queue
[2024-12-10T17:16:21.565-0600] {logging_mixin.py:190} INFO - [2024-12-10T17:16:21.564-0600] {dagbag.py:588} INFO - Filling up the DagBag from /root/airflow_env/lib/python3.12/site-packages/airflow/example_dags/example_bash_decorator.py
[2024-12-10T17:16:21.585-0600] {processor.py:925} INFO - DAG(s) 'example_bash_decorator' retrieved from /root/airflow_env/lib/python3.12/site-packages/airflow/example_dags/example_bash_decorator.py
[2024-12-10T17:16:21.602-0600] {logging_mixin.py:190} INFO - [2024-12-10T17:16:21.601-0600] {dag.py:3239} INFO - Sync 1 DAGs
[2024-12-10T17:16:21.615-0600] {logging_mixin.py:190} INFO - [2024-12-10T17:16:21.615-0600] {dag.py:4180} INFO - Setting next_dagrun for example_bash_decorator to None, run_after=None
[2024-12-10T17:16:21.642-0600] {processor.py:208} INFO - Processing /root/airflow_env/lib/python3.12/site-packages/airflow/example_dags/example_bash_decorator.py took 0.088 seconds
[2024-12-10T17:17:14.046-0600] {processor.py:186} INFO - Started process (PID=2005) to work on /root/airflow_env/lib/python3.12/site-packages/airflow/example_dags/example_bash_decorator.py
[2024-12-10T17:17:14.049-0600] {processor.py:914} INFO - Processing file /root/airflow_env/lib/python3.12/site-packages/airflow/example_dags/example_bash_decorator.py for tasks to queue
[2024-12-10T17:17:14.050-0600] {logging_mixin.py:190} INFO - [2024-12-10T17:17:14.050-0600] {dagbag.py:588} INFO - Filling up the DagBag from /root/airflow_env/lib/python3.12/site-packages/airflow/example_dags/example_bash_decorator.py
[2024-12-10T17:17:14.060-0600] {processor.py:925} INFO - DAG(s) 'example_bash_decorator' retrieved from /root/airflow_env/lib/python3.12/site-packages/airflow/example_dags/example_bash_decorator.py
[2024-12-10T17:17:14.072-0600] {logging_mixin.py:190} INFO - [2024-12-10T17:17:14.072-0600] {dag.py:3239} INFO - Sync 1 DAGs
[2024-12-10T17:17:14.080-0600] {logging_mixin.py:190} INFO - [2024-12-10T17:17:14.080-0600] {dag.py:4180} INFO - Setting next_dagrun for example_bash_decorator to None, run_after=None
[2024-12-10T17:17:14.098-0600] {processor.py:208} INFO - Processing /root/airflow_env/lib/python3.12/site-packages/airflow/example_dags/example_bash_decorator.py took 0.057 seconds
[2024-12-10T17:18:06.606-0600] {processor.py:186} INFO - Started process (PID=2062) to work on /root/airflow_env/lib/python3.12/site-packages/airflow/example_dags/example_bash_decorator.py
[2024-12-10T17:18:06.609-0600] {processor.py:914} INFO - Processing file /root/airflow_env/lib/python3.12/site-packages/airflow/example_dags/example_bash_decorator.py for tasks to queue
[2024-12-10T17:18:06.610-0600] {logging_mixin.py:190} INFO - [2024-12-10T17:18:06.610-0600] {dagbag.py:588} INFO - Filling up the DagBag from /root/airflow_env/lib/python3.12/site-packages/airflow/example_dags/example_bash_decorator.py
[2024-12-10T17:18:06.621-0600] {processor.py:925} INFO - DAG(s) 'example_bash_decorator' retrieved from /root/airflow_env/lib/python3.12/site-packages/airflow/example_dags/example_bash_decorator.py
[2024-12-10T17:18:06.633-0600] {logging_mixin.py:190} INFO - [2024-12-10T17:18:06.633-0600] {dag.py:3239} INFO - Sync 1 DAGs
[2024-12-10T17:18:06.641-0600] {logging_mixin.py:190} INFO - [2024-12-10T17:18:06.640-0600] {dag.py:4180} INFO - Setting next_dagrun for example_bash_decorator to None, run_after=None
[2024-12-10T17:18:06.657-0600] {processor.py:208} INFO - Processing /root/airflow_env/lib/python3.12/site-packages/airflow/example_dags/example_bash_decorator.py took 0.055 seconds
[2024-12-10T17:18:58.000-0600] {processor.py:186} INFO - Started process (PID=2118) to work on /root/airflow_env/lib/python3.12/site-packages/airflow/example_dags/example_bash_decorator.py
[2024-12-10T17:18:58.004-0600] {processor.py:914} INFO - Processing file /root/airflow_env/lib/python3.12/site-packages/airflow/example_dags/example_bash_decorator.py for tasks to queue
[2024-12-10T17:18:58.006-0600] {logging_mixin.py:190} INFO - [2024-12-10T17:18:58.006-0600] {dagbag.py:588} INFO - Filling up the DagBag from /root/airflow_env/lib/python3.12/site-packages/airflow/example_dags/example_bash_decorator.py
[2024-12-10T17:18:58.024-0600] {processor.py:925} INFO - DAG(s) 'example_bash_decorator' retrieved from /root/airflow_env/lib/python3.12/site-packages/airflow/example_dags/example_bash_decorator.py
[2024-12-10T17:18:58.039-0600] {logging_mixin.py:190} INFO - [2024-12-10T17:18:58.038-0600] {dag.py:3239} INFO - Sync 1 DAGs
[2024-12-10T17:18:58.047-0600] {logging_mixin.py:190} INFO - [2024-12-10T17:18:58.047-0600] {dag.py:4180} INFO - Setting next_dagrun for example_bash_decorator to None, run_after=None
[2024-12-10T17:18:58.063-0600] {processor.py:208} INFO - Processing /root/airflow_env/lib/python3.12/site-packages/airflow/example_dags/example_bash_decorator.py took 0.068 seconds
[2024-12-10T17:19:50.995-0600] {processor.py:186} INFO - Started process (PID=2175) to work on /root/airflow_env/lib/python3.12/site-packages/airflow/example_dags/example_bash_decorator.py
[2024-12-10T17:19:50.998-0600] {processor.py:914} INFO - Processing file /root/airflow_env/lib/python3.12/site-packages/airflow/example_dags/example_bash_decorator.py for tasks to queue
[2024-12-10T17:19:50.999-0600] {logging_mixin.py:190} INFO - [2024-12-10T17:19:50.999-0600] {dagbag.py:588} INFO - Filling up the DagBag from /root/airflow_env/lib/python3.12/site-packages/airflow/example_dags/example_bash_decorator.py
[2024-12-10T17:19:51.009-0600] {processor.py:925} INFO - DAG(s) 'example_bash_decorator' retrieved from /root/airflow_env/lib/python3.12/site-packages/airflow/example_dags/example_bash_decorator.py
[2024-12-10T17:19:51.022-0600] {logging_mixin.py:190} INFO - [2024-12-10T17:19:51.021-0600] {dag.py:3239} INFO - Sync 1 DAGs
[2024-12-10T17:19:51.030-0600] {logging_mixin.py:190} INFO - [2024-12-10T17:19:51.030-0600] {dag.py:4180} INFO - Setting next_dagrun for example_bash_decorator to None, run_after=None
[2024-12-10T17:19:51.048-0600] {processor.py:208} INFO - Processing /root/airflow_env/lib/python3.12/site-packages/airflow/example_dags/example_bash_decorator.py took 0.057 seconds
[2024-12-10T17:20:42.527-0600] {processor.py:186} INFO - Started process (PID=2232) to work on /root/airflow_env/lib/python3.12/site-packages/airflow/example_dags/example_bash_decorator.py
[2024-12-10T17:20:42.530-0600] {processor.py:914} INFO - Processing file /root/airflow_env/lib/python3.12/site-packages/airflow/example_dags/example_bash_decorator.py for tasks to queue
[2024-12-10T17:20:42.531-0600] {logging_mixin.py:190} INFO - [2024-12-10T17:20:42.531-0600] {dagbag.py:588} INFO - Filling up the DagBag from /root/airflow_env/lib/python3.12/site-packages/airflow/example_dags/example_bash_decorator.py
[2024-12-10T17:20:42.541-0600] {processor.py:925} INFO - DAG(s) 'example_bash_decorator' retrieved from /root/airflow_env/lib/python3.12/site-packages/airflow/example_dags/example_bash_decorator.py
[2024-12-10T17:20:42.554-0600] {logging_mixin.py:190} INFO - [2024-12-10T17:20:42.553-0600] {dag.py:3239} INFO - Sync 1 DAGs
[2024-12-10T17:20:42.561-0600] {logging_mixin.py:190} INFO - [2024-12-10T17:20:42.561-0600] {dag.py:4180} INFO - Setting next_dagrun for example_bash_decorator to None, run_after=None
[2024-12-10T17:20:42.579-0600] {processor.py:208} INFO - Processing /root/airflow_env/lib/python3.12/site-packages/airflow/example_dags/example_bash_decorator.py took 0.056 seconds
[2024-12-10T17:21:35.290-0600] {processor.py:186} INFO - Started process (PID=2291) to work on /root/airflow_env/lib/python3.12/site-packages/airflow/example_dags/example_bash_decorator.py
[2024-12-10T17:21:35.293-0600] {processor.py:914} INFO - Processing file /root/airflow_env/lib/python3.12/site-packages/airflow/example_dags/example_bash_decorator.py for tasks to queue
[2024-12-10T17:21:35.295-0600] {logging_mixin.py:190} INFO - [2024-12-10T17:21:35.294-0600] {dagbag.py:588} INFO - Filling up the DagBag from /root/airflow_env/lib/python3.12/site-packages/airflow/example_dags/example_bash_decorator.py
[2024-12-10T17:21:35.305-0600] {processor.py:925} INFO - DAG(s) 'example_bash_decorator' retrieved from /root/airflow_env/lib/python3.12/site-packages/airflow/example_dags/example_bash_decorator.py
[2024-12-10T17:21:35.318-0600] {logging_mixin.py:190} INFO - [2024-12-10T17:21:35.318-0600] {dag.py:3239} INFO - Sync 1 DAGs
[2024-12-10T17:21:35.326-0600] {logging_mixin.py:190} INFO - [2024-12-10T17:21:35.326-0600] {dag.py:4180} INFO - Setting next_dagrun for example_bash_decorator to None, run_after=None
[2024-12-10T17:21:35.344-0600] {processor.py:208} INFO - Processing /root/airflow_env/lib/python3.12/site-packages/airflow/example_dags/example_bash_decorator.py took 0.058 seconds
[2024-12-10T17:22:29.877-0600] {processor.py:186} INFO - Started process (PID=2349) to work on /root/airflow_env/lib/python3.12/site-packages/airflow/example_dags/example_bash_decorator.py
[2024-12-10T17:22:29.879-0600] {processor.py:914} INFO - Processing file /root/airflow_env/lib/python3.12/site-packages/airflow/example_dags/example_bash_decorator.py for tasks to queue
[2024-12-10T17:22:29.881-0600] {logging_mixin.py:190} INFO - [2024-12-10T17:22:29.881-0600] {dagbag.py:588} INFO - Filling up the DagBag from /root/airflow_env/lib/python3.12/site-packages/airflow/example_dags/example_bash_decorator.py
[2024-12-10T17:22:29.891-0600] {processor.py:925} INFO - DAG(s) 'example_bash_decorator' retrieved from /root/airflow_env/lib/python3.12/site-packages/airflow/example_dags/example_bash_decorator.py
[2024-12-10T17:22:29.904-0600] {logging_mixin.py:190} INFO - [2024-12-10T17:22:29.903-0600] {dag.py:3239} INFO - Sync 1 DAGs
[2024-12-10T17:22:29.912-0600] {logging_mixin.py:190} INFO - [2024-12-10T17:22:29.912-0600] {dag.py:4180} INFO - Setting next_dagrun for example_bash_decorator to None, run_after=None
[2024-12-10T17:22:29.930-0600] {processor.py:208} INFO - Processing /root/airflow_env/lib/python3.12/site-packages/airflow/example_dags/example_bash_decorator.py took 0.057 seconds
[2024-12-10T17:23:25.246-0600] {processor.py:186} INFO - Started process (PID=2407) to work on /root/airflow_env/lib/python3.12/site-packages/airflow/example_dags/example_bash_decorator.py
[2024-12-10T17:23:25.249-0600] {processor.py:914} INFO - Processing file /root/airflow_env/lib/python3.12/site-packages/airflow/example_dags/example_bash_decorator.py for tasks to queue
[2024-12-10T17:23:25.251-0600] {logging_mixin.py:190} INFO - [2024-12-10T17:23:25.250-0600] {dagbag.py:588} INFO - Filling up the DagBag from /root/airflow_env/lib/python3.12/site-packages/airflow/example_dags/example_bash_decorator.py
[2024-12-10T17:23:25.261-0600] {processor.py:925} INFO - DAG(s) 'example_bash_decorator' retrieved from /root/airflow_env/lib/python3.12/site-packages/airflow/example_dags/example_bash_decorator.py
[2024-12-10T17:23:25.273-0600] {logging_mixin.py:190} INFO - [2024-12-10T17:23:25.273-0600] {dag.py:3239} INFO - Sync 1 DAGs
[2024-12-10T17:23:25.281-0600] {logging_mixin.py:190} INFO - [2024-12-10T17:23:25.281-0600] {dag.py:4180} INFO - Setting next_dagrun for example_bash_decorator to None, run_after=None
[2024-12-10T17:23:25.299-0600] {processor.py:208} INFO - Processing /root/airflow_env/lib/python3.12/site-packages/airflow/example_dags/example_bash_decorator.py took 0.056 seconds
[2024-12-10T17:24:17.248-0600] {processor.py:186} INFO - Started process (PID=2466) to work on /root/airflow_env/lib/python3.12/site-packages/airflow/example_dags/example_bash_decorator.py
[2024-12-10T17:24:17.249-0600] {processor.py:914} INFO - Processing file /root/airflow_env/lib/python3.12/site-packages/airflow/example_dags/example_bash_decorator.py for tasks to queue
[2024-12-10T17:24:17.251-0600] {logging_mixin.py:190} INFO - [2024-12-10T17:24:17.251-0600] {dagbag.py:588} INFO - Filling up the DagBag from /root/airflow_env/lib/python3.12/site-packages/airflow/example_dags/example_bash_decorator.py
[2024-12-10T17:24:17.261-0600] {processor.py:925} INFO - DAG(s) 'example_bash_decorator' retrieved from /root/airflow_env/lib/python3.12/site-packages/airflow/example_dags/example_bash_decorator.py
[2024-12-10T17:24:17.273-0600] {logging_mixin.py:190} INFO - [2024-12-10T17:24:17.273-0600] {dag.py:3239} INFO - Sync 1 DAGs
[2024-12-10T17:24:17.281-0600] {logging_mixin.py:190} INFO - [2024-12-10T17:24:17.281-0600] {dag.py:4180} INFO - Setting next_dagrun for example_bash_decorator to None, run_after=None
[2024-12-10T17:24:17.300-0600] {processor.py:208} INFO - Processing /root/airflow_env/lib/python3.12/site-packages/airflow/example_dags/example_bash_decorator.py took 0.056 seconds
[2024-12-10T17:25:09.803-0600] {processor.py:186} INFO - Started process (PID=2531) to work on /root/airflow_env/lib/python3.12/site-packages/airflow/example_dags/example_bash_decorator.py
[2024-12-10T17:25:09.805-0600] {processor.py:914} INFO - Processing file /root/airflow_env/lib/python3.12/site-packages/airflow/example_dags/example_bash_decorator.py for tasks to queue
[2024-12-10T17:25:09.807-0600] {logging_mixin.py:190} INFO - [2024-12-10T17:25:09.806-0600] {dagbag.py:588} INFO - Filling up the DagBag from /root/airflow_env/lib/python3.12/site-packages/airflow/example_dags/example_bash_decorator.py
[2024-12-10T17:25:09.817-0600] {processor.py:925} INFO - DAG(s) 'example_bash_decorator' retrieved from /root/airflow_env/lib/python3.12/site-packages/airflow/example_dags/example_bash_decorator.py
[2024-12-10T17:25:09.830-0600] {logging_mixin.py:190} INFO - [2024-12-10T17:25:09.829-0600] {dag.py:3239} INFO - Sync 1 DAGs
[2024-12-10T17:25:09.837-0600] {logging_mixin.py:190} INFO - [2024-12-10T17:25:09.837-0600] {dag.py:4180} INFO - Setting next_dagrun for example_bash_decorator to None, run_after=None
[2024-12-10T17:25:09.854-0600] {processor.py:208} INFO - Processing /root/airflow_env/lib/python3.12/site-packages/airflow/example_dags/example_bash_decorator.py took 0.055 seconds
[2024-12-10T17:26:02.391-0600] {processor.py:186} INFO - Started process (PID=2588) to work on /root/airflow_env/lib/python3.12/site-packages/airflow/example_dags/example_bash_decorator.py
[2024-12-10T17:26:02.393-0600] {processor.py:914} INFO - Processing file /root/airflow_env/lib/python3.12/site-packages/airflow/example_dags/example_bash_decorator.py for tasks to queue
[2024-12-10T17:26:02.394-0600] {logging_mixin.py:190} INFO - [2024-12-10T17:26:02.394-0600] {dagbag.py:588} INFO - Filling up the DagBag from /root/airflow_env/lib/python3.12/site-packages/airflow/example_dags/example_bash_decorator.py
[2024-12-10T17:26:02.406-0600] {processor.py:925} INFO - DAG(s) 'example_bash_decorator' retrieved from /root/airflow_env/lib/python3.12/site-packages/airflow/example_dags/example_bash_decorator.py
[2024-12-10T17:26:02.420-0600] {logging_mixin.py:190} INFO - [2024-12-10T17:26:02.420-0600] {dag.py:3239} INFO - Sync 1 DAGs
[2024-12-10T17:26:02.430-0600] {logging_mixin.py:190} INFO - [2024-12-10T17:26:02.430-0600] {dag.py:4180} INFO - Setting next_dagrun for example_bash_decorator to None, run_after=None
[2024-12-10T17:26:02.447-0600] {processor.py:208} INFO - Processing /root/airflow_env/lib/python3.12/site-packages/airflow/example_dags/example_bash_decorator.py took 0.060 seconds
[2024-12-10T17:26:57.167-0600] {processor.py:186} INFO - Started process (PID=2646) to work on /root/airflow_env/lib/python3.12/site-packages/airflow/example_dags/example_bash_decorator.py
[2024-12-10T17:26:57.170-0600] {processor.py:914} INFO - Processing file /root/airflow_env/lib/python3.12/site-packages/airflow/example_dags/example_bash_decorator.py for tasks to queue
[2024-12-10T17:26:57.171-0600] {logging_mixin.py:190} INFO - [2024-12-10T17:26:57.171-0600] {dagbag.py:588} INFO - Filling up the DagBag from /root/airflow_env/lib/python3.12/site-packages/airflow/example_dags/example_bash_decorator.py
[2024-12-10T17:26:57.182-0600] {processor.py:925} INFO - DAG(s) 'example_bash_decorator' retrieved from /root/airflow_env/lib/python3.12/site-packages/airflow/example_dags/example_bash_decorator.py
[2024-12-10T17:26:57.194-0600] {logging_mixin.py:190} INFO - [2024-12-10T17:26:57.194-0600] {dag.py:3239} INFO - Sync 1 DAGs
[2024-12-10T17:26:57.202-0600] {logging_mixin.py:190} INFO - [2024-12-10T17:26:57.202-0600] {dag.py:4180} INFO - Setting next_dagrun for example_bash_decorator to None, run_after=None
[2024-12-10T17:26:57.219-0600] {processor.py:208} INFO - Processing /root/airflow_env/lib/python3.12/site-packages/airflow/example_dags/example_bash_decorator.py took 0.055 seconds
[2024-12-10T17:27:48.757-0600] {processor.py:186} INFO - Started process (PID=2704) to work on /root/airflow_env/lib/python3.12/site-packages/airflow/example_dags/example_bash_decorator.py
[2024-12-10T17:27:48.760-0600] {processor.py:914} INFO - Processing file /root/airflow_env/lib/python3.12/site-packages/airflow/example_dags/example_bash_decorator.py for tasks to queue
[2024-12-10T17:27:48.762-0600] {logging_mixin.py:190} INFO - [2024-12-10T17:27:48.761-0600] {dagbag.py:588} INFO - Filling up the DagBag from /root/airflow_env/lib/python3.12/site-packages/airflow/example_dags/example_bash_decorator.py
[2024-12-10T17:27:48.772-0600] {processor.py:925} INFO - DAG(s) 'example_bash_decorator' retrieved from /root/airflow_env/lib/python3.12/site-packages/airflow/example_dags/example_bash_decorator.py
[2024-12-10T17:27:48.784-0600] {logging_mixin.py:190} INFO - [2024-12-10T17:27:48.784-0600] {dag.py:3239} INFO - Sync 1 DAGs
[2024-12-10T17:27:48.792-0600] {logging_mixin.py:190} INFO - [2024-12-10T17:27:48.792-0600] {dag.py:4180} INFO - Setting next_dagrun for example_bash_decorator to None, run_after=None
[2024-12-10T17:27:48.809-0600] {processor.py:208} INFO - Processing /root/airflow_env/lib/python3.12/site-packages/airflow/example_dags/example_bash_decorator.py took 0.055 seconds
[2024-12-10T17:28:41.755-0600] {processor.py:186} INFO - Started process (PID=2760) to work on /root/airflow_env/lib/python3.12/site-packages/airflow/example_dags/example_bash_decorator.py
[2024-12-10T17:28:41.758-0600] {processor.py:914} INFO - Processing file /root/airflow_env/lib/python3.12/site-packages/airflow/example_dags/example_bash_decorator.py for tasks to queue
[2024-12-10T17:28:41.759-0600] {logging_mixin.py:190} INFO - [2024-12-10T17:28:41.759-0600] {dagbag.py:588} INFO - Filling up the DagBag from /root/airflow_env/lib/python3.12/site-packages/airflow/example_dags/example_bash_decorator.py
[2024-12-10T17:28:41.770-0600] {processor.py:925} INFO - DAG(s) 'example_bash_decorator' retrieved from /root/airflow_env/lib/python3.12/site-packages/airflow/example_dags/example_bash_decorator.py
[2024-12-10T17:28:41.782-0600] {logging_mixin.py:190} INFO - [2024-12-10T17:28:41.782-0600] {dag.py:3239} INFO - Sync 1 DAGs
[2024-12-10T17:28:41.790-0600] {logging_mixin.py:190} INFO - [2024-12-10T17:28:41.790-0600] {dag.py:4180} INFO - Setting next_dagrun for example_bash_decorator to None, run_after=None
[2024-12-10T17:28:41.806-0600] {processor.py:208} INFO - Processing /root/airflow_env/lib/python3.12/site-packages/airflow/example_dags/example_bash_decorator.py took 0.054 seconds
[2024-12-10T17:29:35.598-0600] {processor.py:186} INFO - Started process (PID=2820) to work on /root/airflow_env/lib/python3.12/site-packages/airflow/example_dags/example_bash_decorator.py
[2024-12-10T17:29:35.599-0600] {processor.py:914} INFO - Processing file /root/airflow_env/lib/python3.12/site-packages/airflow/example_dags/example_bash_decorator.py for tasks to queue
[2024-12-10T17:29:35.601-0600] {logging_mixin.py:190} INFO - [2024-12-10T17:29:35.600-0600] {dagbag.py:588} INFO - Filling up the DagBag from /root/airflow_env/lib/python3.12/site-packages/airflow/example_dags/example_bash_decorator.py
[2024-12-10T17:29:35.611-0600] {processor.py:925} INFO - DAG(s) 'example_bash_decorator' retrieved from /root/airflow_env/lib/python3.12/site-packages/airflow/example_dags/example_bash_decorator.py
[2024-12-10T17:29:35.623-0600] {logging_mixin.py:190} INFO - [2024-12-10T17:29:35.623-0600] {dag.py:3239} INFO - Sync 1 DAGs
[2024-12-10T17:29:35.631-0600] {logging_mixin.py:190} INFO - [2024-12-10T17:29:35.631-0600] {dag.py:4180} INFO - Setting next_dagrun for example_bash_decorator to None, run_after=None
[2024-12-10T17:29:35.648-0600] {processor.py:208} INFO - Processing /root/airflow_env/lib/python3.12/site-packages/airflow/example_dags/example_bash_decorator.py took 0.054 seconds
[2024-12-10T17:30:24.719-0600] {processor.py:186} INFO - Started process (PID=2881) to work on /root/airflow_env/lib/python3.12/site-packages/airflow/example_dags/example_bash_decorator.py
[2024-12-10T17:30:24.721-0600] {processor.py:914} INFO - Processing file /root/airflow_env/lib/python3.12/site-packages/airflow/example_dags/example_bash_decorator.py for tasks to queue
[2024-12-10T17:30:24.723-0600] {logging_mixin.py:190} INFO - [2024-12-10T17:30:24.722-0600] {dagbag.py:588} INFO - Filling up the DagBag from /root/airflow_env/lib/python3.12/site-packages/airflow/example_dags/example_bash_decorator.py
[2024-12-10T17:30:24.734-0600] {processor.py:925} INFO - DAG(s) 'example_bash_decorator' retrieved from /root/airflow_env/lib/python3.12/site-packages/airflow/example_dags/example_bash_decorator.py
[2024-12-10T17:30:24.747-0600] {logging_mixin.py:190} INFO - [2024-12-10T17:30:24.747-0600] {dag.py:3239} INFO - Sync 1 DAGs
[2024-12-10T17:30:24.755-0600] {logging_mixin.py:190} INFO - [2024-12-10T17:30:24.755-0600] {dag.py:4180} INFO - Setting next_dagrun for example_bash_decorator to None, run_after=None
[2024-12-10T17:30:24.772-0600] {processor.py:208} INFO - Processing /root/airflow_env/lib/python3.12/site-packages/airflow/example_dags/example_bash_decorator.py took 0.057 seconds
[2024-12-10T17:31:16.108-0600] {processor.py:186} INFO - Started process (PID=2937) to work on /root/airflow_env/lib/python3.12/site-packages/airflow/example_dags/example_bash_decorator.py
[2024-12-10T17:31:16.111-0600] {processor.py:914} INFO - Processing file /root/airflow_env/lib/python3.12/site-packages/airflow/example_dags/example_bash_decorator.py for tasks to queue
[2024-12-10T17:31:16.114-0600] {logging_mixin.py:190} INFO - [2024-12-10T17:31:16.113-0600] {dagbag.py:588} INFO - Filling up the DagBag from /root/airflow_env/lib/python3.12/site-packages/airflow/example_dags/example_bash_decorator.py
[2024-12-10T17:31:16.126-0600] {processor.py:925} INFO - DAG(s) 'example_bash_decorator' retrieved from /root/airflow_env/lib/python3.12/site-packages/airflow/example_dags/example_bash_decorator.py
[2024-12-10T17:31:16.140-0600] {logging_mixin.py:190} INFO - [2024-12-10T17:31:16.140-0600] {dag.py:3239} INFO - Sync 1 DAGs
[2024-12-10T17:31:16.149-0600] {logging_mixin.py:190} INFO - [2024-12-10T17:31:16.149-0600] {dag.py:4180} INFO - Setting next_dagrun for example_bash_decorator to None, run_after=None
[2024-12-10T17:31:16.168-0600] {processor.py:208} INFO - Processing /root/airflow_env/lib/python3.12/site-packages/airflow/example_dags/example_bash_decorator.py took 0.064 seconds
[2024-12-10T17:32:08.649-0600] {processor.py:186} INFO - Started process (PID=2993) to work on /root/airflow_env/lib/python3.12/site-packages/airflow/example_dags/example_bash_decorator.py
[2024-12-10T17:32:08.652-0600] {processor.py:914} INFO - Processing file /root/airflow_env/lib/python3.12/site-packages/airflow/example_dags/example_bash_decorator.py for tasks to queue
[2024-12-10T17:32:08.653-0600] {logging_mixin.py:190} INFO - [2024-12-10T17:32:08.653-0600] {dagbag.py:588} INFO - Filling up the DagBag from /root/airflow_env/lib/python3.12/site-packages/airflow/example_dags/example_bash_decorator.py
[2024-12-10T17:32:08.664-0600] {processor.py:925} INFO - DAG(s) 'example_bash_decorator' retrieved from /root/airflow_env/lib/python3.12/site-packages/airflow/example_dags/example_bash_decorator.py
[2024-12-10T17:32:08.675-0600] {logging_mixin.py:190} INFO - [2024-12-10T17:32:08.675-0600] {dag.py:3239} INFO - Sync 1 DAGs
[2024-12-10T17:32:08.684-0600] {logging_mixin.py:190} INFO - [2024-12-10T17:32:08.684-0600] {dag.py:4180} INFO - Setting next_dagrun for example_bash_decorator to None, run_after=None
[2024-12-10T17:32:08.700-0600] {processor.py:208} INFO - Processing /root/airflow_env/lib/python3.12/site-packages/airflow/example_dags/example_bash_decorator.py took 0.054 seconds
[2024-12-10T17:33:03.055-0600] {processor.py:186} INFO - Started process (PID=3054) to work on /root/airflow_env/lib/python3.12/site-packages/airflow/example_dags/example_bash_decorator.py
[2024-12-10T17:33:03.057-0600] {processor.py:914} INFO - Processing file /root/airflow_env/lib/python3.12/site-packages/airflow/example_dags/example_bash_decorator.py for tasks to queue
[2024-12-10T17:33:03.058-0600] {logging_mixin.py:190} INFO - [2024-12-10T17:33:03.058-0600] {dagbag.py:588} INFO - Filling up the DagBag from /root/airflow_env/lib/python3.12/site-packages/airflow/example_dags/example_bash_decorator.py
[2024-12-10T17:33:03.069-0600] {processor.py:925} INFO - DAG(s) 'example_bash_decorator' retrieved from /root/airflow_env/lib/python3.12/site-packages/airflow/example_dags/example_bash_decorator.py
[2024-12-10T17:33:03.081-0600] {logging_mixin.py:190} INFO - [2024-12-10T17:33:03.081-0600] {dag.py:3239} INFO - Sync 1 DAGs
[2024-12-10T17:33:03.089-0600] {logging_mixin.py:190} INFO - [2024-12-10T17:33:03.089-0600] {dag.py:4180} INFO - Setting next_dagrun for example_bash_decorator to None, run_after=None
[2024-12-10T17:33:03.106-0600] {processor.py:208} INFO - Processing /root/airflow_env/lib/python3.12/site-packages/airflow/example_dags/example_bash_decorator.py took 0.055 seconds
[2024-12-10T17:33:56.656-0600] {processor.py:186} INFO - Started process (PID=3218) to work on /root/airflow_env/lib/python3.12/site-packages/airflow/example_dags/example_bash_decorator.py
[2024-12-10T17:33:56.659-0600] {processor.py:914} INFO - Processing file /root/airflow_env/lib/python3.12/site-packages/airflow/example_dags/example_bash_decorator.py for tasks to queue
[2024-12-10T17:33:56.661-0600] {logging_mixin.py:190} INFO - [2024-12-10T17:33:56.661-0600] {dagbag.py:588} INFO - Filling up the DagBag from /root/airflow_env/lib/python3.12/site-packages/airflow/example_dags/example_bash_decorator.py
[2024-12-10T17:33:56.672-0600] {processor.py:925} INFO - DAG(s) 'example_bash_decorator' retrieved from /root/airflow_env/lib/python3.12/site-packages/airflow/example_dags/example_bash_decorator.py
[2024-12-10T17:33:56.686-0600] {logging_mixin.py:190} INFO - [2024-12-10T17:33:56.685-0600] {dag.py:3239} INFO - Sync 1 DAGs
[2024-12-10T17:33:56.695-0600] {logging_mixin.py:190} INFO - [2024-12-10T17:33:56.695-0600] {dag.py:4180} INFO - Setting next_dagrun for example_bash_decorator to None, run_after=None
[2024-12-10T17:33:56.712-0600] {processor.py:208} INFO - Processing /root/airflow_env/lib/python3.12/site-packages/airflow/example_dags/example_bash_decorator.py took 0.060 seconds
[2024-12-10T17:34:49.195-0600] {processor.py:186} INFO - Started process (PID=3275) to work on /root/airflow_env/lib/python3.12/site-packages/airflow/example_dags/example_bash_decorator.py
[2024-12-10T17:34:49.197-0600] {processor.py:914} INFO - Processing file /root/airflow_env/lib/python3.12/site-packages/airflow/example_dags/example_bash_decorator.py for tasks to queue
[2024-12-10T17:34:49.199-0600] {logging_mixin.py:190} INFO - [2024-12-10T17:34:49.198-0600] {dagbag.py:588} INFO - Filling up the DagBag from /root/airflow_env/lib/python3.12/site-packages/airflow/example_dags/example_bash_decorator.py
[2024-12-10T17:34:49.209-0600] {processor.py:925} INFO - DAG(s) 'example_bash_decorator' retrieved from /root/airflow_env/lib/python3.12/site-packages/airflow/example_dags/example_bash_decorator.py
[2024-12-10T17:34:49.221-0600] {logging_mixin.py:190} INFO - [2024-12-10T17:34:49.221-0600] {dag.py:3239} INFO - Sync 1 DAGs
[2024-12-10T17:34:49.229-0600] {logging_mixin.py:190} INFO - [2024-12-10T17:34:49.229-0600] {dag.py:4180} INFO - Setting next_dagrun for example_bash_decorator to None, run_after=None
[2024-12-10T17:34:49.246-0600] {processor.py:208} INFO - Processing /root/airflow_env/lib/python3.12/site-packages/airflow/example_dags/example_bash_decorator.py took 0.055 seconds
[2024-12-10T17:35:39.511-0600] {processor.py:186} INFO - Started process (PID=3335) to work on /root/airflow_env/lib/python3.12/site-packages/airflow/example_dags/example_bash_decorator.py
[2024-12-10T17:35:39.514-0600] {processor.py:914} INFO - Processing file /root/airflow_env/lib/python3.12/site-packages/airflow/example_dags/example_bash_decorator.py for tasks to queue
[2024-12-10T17:35:39.515-0600] {logging_mixin.py:190} INFO - [2024-12-10T17:35:39.515-0600] {dagbag.py:588} INFO - Filling up the DagBag from /root/airflow_env/lib/python3.12/site-packages/airflow/example_dags/example_bash_decorator.py
[2024-12-10T17:35:39.525-0600] {processor.py:925} INFO - DAG(s) 'example_bash_decorator' retrieved from /root/airflow_env/lib/python3.12/site-packages/airflow/example_dags/example_bash_decorator.py
[2024-12-10T17:35:39.537-0600] {logging_mixin.py:190} INFO - [2024-12-10T17:35:39.537-0600] {dag.py:3239} INFO - Sync 1 DAGs
[2024-12-10T17:35:39.545-0600] {logging_mixin.py:190} INFO - [2024-12-10T17:35:39.545-0600] {dag.py:4180} INFO - Setting next_dagrun for example_bash_decorator to None, run_after=None
[2024-12-10T17:35:39.565-0600] {processor.py:208} INFO - Processing /root/airflow_env/lib/python3.12/site-packages/airflow/example_dags/example_bash_decorator.py took 0.058 seconds
[2024-12-10T17:36:29.986-0600] {processor.py:186} INFO - Started process (PID=3391) to work on /root/airflow_env/lib/python3.12/site-packages/airflow/example_dags/example_bash_decorator.py
[2024-12-10T17:36:29.987-0600] {processor.py:914} INFO - Processing file /root/airflow_env/lib/python3.12/site-packages/airflow/example_dags/example_bash_decorator.py for tasks to queue
[2024-12-10T17:36:29.989-0600] {logging_mixin.py:190} INFO - [2024-12-10T17:36:29.988-0600] {dagbag.py:588} INFO - Filling up the DagBag from /root/airflow_env/lib/python3.12/site-packages/airflow/example_dags/example_bash_decorator.py
[2024-12-10T17:36:29.999-0600] {processor.py:925} INFO - DAG(s) 'example_bash_decorator' retrieved from /root/airflow_env/lib/python3.12/site-packages/airflow/example_dags/example_bash_decorator.py
[2024-12-10T17:36:30.012-0600] {logging_mixin.py:190} INFO - [2024-12-10T17:36:30.011-0600] {dag.py:3239} INFO - Sync 1 DAGs
[2024-12-10T17:36:30.020-0600] {logging_mixin.py:190} INFO - [2024-12-10T17:36:30.020-0600] {dag.py:4180} INFO - Setting next_dagrun for example_bash_decorator to None, run_after=None
[2024-12-10T17:36:30.036-0600] {processor.py:208} INFO - Processing /root/airflow_env/lib/python3.12/site-packages/airflow/example_dags/example_bash_decorator.py took 0.055 seconds
[2024-12-10T17:37:20.543-0600] {processor.py:186} INFO - Started process (PID=3447) to work on /root/airflow_env/lib/python3.12/site-packages/airflow/example_dags/example_bash_decorator.py
[2024-12-10T17:37:20.545-0600] {processor.py:914} INFO - Processing file /root/airflow_env/lib/python3.12/site-packages/airflow/example_dags/example_bash_decorator.py for tasks to queue
[2024-12-10T17:37:20.546-0600] {logging_mixin.py:190} INFO - [2024-12-10T17:37:20.546-0600] {dagbag.py:588} INFO - Filling up the DagBag from /root/airflow_env/lib/python3.12/site-packages/airflow/example_dags/example_bash_decorator.py
[2024-12-10T17:37:20.556-0600] {processor.py:925} INFO - DAG(s) 'example_bash_decorator' retrieved from /root/airflow_env/lib/python3.12/site-packages/airflow/example_dags/example_bash_decorator.py
[2024-12-10T17:37:20.568-0600] {logging_mixin.py:190} INFO - [2024-12-10T17:37:20.568-0600] {dag.py:3239} INFO - Sync 1 DAGs
[2024-12-10T17:37:20.576-0600] {logging_mixin.py:190} INFO - [2024-12-10T17:37:20.575-0600] {dag.py:4180} INFO - Setting next_dagrun for example_bash_decorator to None, run_after=None
[2024-12-10T17:37:20.592-0600] {processor.py:208} INFO - Processing /root/airflow_env/lib/python3.12/site-packages/airflow/example_dags/example_bash_decorator.py took 0.052 seconds
[2024-12-10T17:38:11.694-0600] {processor.py:186} INFO - Started process (PID=3503) to work on /root/airflow_env/lib/python3.12/site-packages/airflow/example_dags/example_bash_decorator.py
[2024-12-10T17:38:11.697-0600] {processor.py:914} INFO - Processing file /root/airflow_env/lib/python3.12/site-packages/airflow/example_dags/example_bash_decorator.py for tasks to queue
[2024-12-10T17:38:11.698-0600] {logging_mixin.py:190} INFO - [2024-12-10T17:38:11.698-0600] {dagbag.py:588} INFO - Filling up the DagBag from /root/airflow_env/lib/python3.12/site-packages/airflow/example_dags/example_bash_decorator.py
[2024-12-10T17:38:11.708-0600] {processor.py:925} INFO - DAG(s) 'example_bash_decorator' retrieved from /root/airflow_env/lib/python3.12/site-packages/airflow/example_dags/example_bash_decorator.py
[2024-12-10T17:38:11.720-0600] {logging_mixin.py:190} INFO - [2024-12-10T17:38:11.720-0600] {dag.py:3239} INFO - Sync 1 DAGs
[2024-12-10T17:38:11.728-0600] {logging_mixin.py:190} INFO - [2024-12-10T17:38:11.727-0600] {dag.py:4180} INFO - Setting next_dagrun for example_bash_decorator to None, run_after=None
[2024-12-10T17:38:11.744-0600] {processor.py:208} INFO - Processing /root/airflow_env/lib/python3.12/site-packages/airflow/example_dags/example_bash_decorator.py took 0.054 seconds
[2024-12-10T17:39:03.266-0600] {processor.py:186} INFO - Started process (PID=3560) to work on /root/airflow_env/lib/python3.12/site-packages/airflow/example_dags/example_bash_decorator.py
[2024-12-10T17:39:03.269-0600] {processor.py:914} INFO - Processing file /root/airflow_env/lib/python3.12/site-packages/airflow/example_dags/example_bash_decorator.py for tasks to queue
[2024-12-10T17:39:03.270-0600] {logging_mixin.py:190} INFO - [2024-12-10T17:39:03.270-0600] {dagbag.py:588} INFO - Filling up the DagBag from /root/airflow_env/lib/python3.12/site-packages/airflow/example_dags/example_bash_decorator.py
[2024-12-10T17:39:03.280-0600] {processor.py:925} INFO - DAG(s) 'example_bash_decorator' retrieved from /root/airflow_env/lib/python3.12/site-packages/airflow/example_dags/example_bash_decorator.py
[2024-12-10T17:39:03.293-0600] {logging_mixin.py:190} INFO - [2024-12-10T17:39:03.293-0600] {dag.py:3239} INFO - Sync 1 DAGs
[2024-12-10T17:39:03.301-0600] {logging_mixin.py:190} INFO - [2024-12-10T17:39:03.301-0600] {dag.py:4180} INFO - Setting next_dagrun for example_bash_decorator to None, run_after=None
[2024-12-10T17:39:03.319-0600] {processor.py:208} INFO - Processing /root/airflow_env/lib/python3.12/site-packages/airflow/example_dags/example_bash_decorator.py took 0.056 seconds
[2024-12-10T17:39:55.873-0600] {processor.py:186} INFO - Started process (PID=3621) to work on /root/airflow_env/lib/python3.12/site-packages/airflow/example_dags/example_bash_decorator.py
[2024-12-10T17:39:55.875-0600] {processor.py:914} INFO - Processing file /root/airflow_env/lib/python3.12/site-packages/airflow/example_dags/example_bash_decorator.py for tasks to queue
[2024-12-10T17:39:55.878-0600] {logging_mixin.py:190} INFO - [2024-12-10T17:39:55.877-0600] {dagbag.py:588} INFO - Filling up the DagBag from /root/airflow_env/lib/python3.12/site-packages/airflow/example_dags/example_bash_decorator.py
[2024-12-10T17:39:55.893-0600] {processor.py:925} INFO - DAG(s) 'example_bash_decorator' retrieved from /root/airflow_env/lib/python3.12/site-packages/airflow/example_dags/example_bash_decorator.py
[2024-12-10T17:39:55.907-0600] {logging_mixin.py:190} INFO - [2024-12-10T17:39:55.907-0600] {dag.py:3239} INFO - Sync 1 DAGs
[2024-12-10T17:39:55.916-0600] {logging_mixin.py:190} INFO - [2024-12-10T17:39:55.916-0600] {dag.py:4180} INFO - Setting next_dagrun for example_bash_decorator to None, run_after=None
[2024-12-10T17:39:55.936-0600] {processor.py:208} INFO - Processing /root/airflow_env/lib/python3.12/site-packages/airflow/example_dags/example_bash_decorator.py took 0.071 seconds
[2024-12-10T17:40:49.801-0600] {processor.py:186} INFO - Started process (PID=3681) to work on /root/airflow_env/lib/python3.12/site-packages/airflow/example_dags/example_bash_decorator.py
[2024-12-10T17:40:49.804-0600] {processor.py:914} INFO - Processing file /root/airflow_env/lib/python3.12/site-packages/airflow/example_dags/example_bash_decorator.py for tasks to queue
[2024-12-10T17:40:49.806-0600] {logging_mixin.py:190} INFO - [2024-12-10T17:40:49.806-0600] {dagbag.py:588} INFO - Filling up the DagBag from /root/airflow_env/lib/python3.12/site-packages/airflow/example_dags/example_bash_decorator.py
[2024-12-10T17:40:49.821-0600] {processor.py:925} INFO - DAG(s) 'example_bash_decorator' retrieved from /root/airflow_env/lib/python3.12/site-packages/airflow/example_dags/example_bash_decorator.py
[2024-12-10T17:40:49.834-0600] {logging_mixin.py:190} INFO - [2024-12-10T17:40:49.834-0600] {dag.py:3239} INFO - Sync 1 DAGs
[2024-12-10T17:40:49.843-0600] {logging_mixin.py:190} INFO - [2024-12-10T17:40:49.843-0600] {dag.py:4180} INFO - Setting next_dagrun for example_bash_decorator to None, run_after=None
[2024-12-10T17:40:49.861-0600] {processor.py:208} INFO - Processing /root/airflow_env/lib/python3.12/site-packages/airflow/example_dags/example_bash_decorator.py took 0.064 seconds
[2024-12-10T17:41:46.244-0600] {processor.py:186} INFO - Started process (PID=3742) to work on /root/airflow_env/lib/python3.12/site-packages/airflow/example_dags/example_bash_decorator.py
[2024-12-10T17:41:46.247-0600] {processor.py:914} INFO - Processing file /root/airflow_env/lib/python3.12/site-packages/airflow/example_dags/example_bash_decorator.py for tasks to queue
[2024-12-10T17:41:46.248-0600] {logging_mixin.py:190} INFO - [2024-12-10T17:41:46.248-0600] {dagbag.py:588} INFO - Filling up the DagBag from /root/airflow_env/lib/python3.12/site-packages/airflow/example_dags/example_bash_decorator.py
[2024-12-10T17:41:46.259-0600] {processor.py:925} INFO - DAG(s) 'example_bash_decorator' retrieved from /root/airflow_env/lib/python3.12/site-packages/airflow/example_dags/example_bash_decorator.py
[2024-12-10T17:41:46.271-0600] {logging_mixin.py:190} INFO - [2024-12-10T17:41:46.271-0600] {dag.py:3239} INFO - Sync 1 DAGs
[2024-12-10T17:41:46.279-0600] {logging_mixin.py:190} INFO - [2024-12-10T17:41:46.279-0600] {dag.py:4180} INFO - Setting next_dagrun for example_bash_decorator to None, run_after=None
[2024-12-10T17:41:46.296-0600] {processor.py:208} INFO - Processing /root/airflow_env/lib/python3.12/site-packages/airflow/example_dags/example_bash_decorator.py took 0.056 seconds
[2024-12-10T17:42:37.945-0600] {processor.py:186} INFO - Started process (PID=3813) to work on /root/airflow_env/lib/python3.12/site-packages/airflow/example_dags/example_bash_decorator.py
[2024-12-10T17:42:37.947-0600] {processor.py:914} INFO - Processing file /root/airflow_env/lib/python3.12/site-packages/airflow/example_dags/example_bash_decorator.py for tasks to queue
[2024-12-10T17:42:37.949-0600] {logging_mixin.py:190} INFO - [2024-12-10T17:42:37.949-0600] {dagbag.py:588} INFO - Filling up the DagBag from /root/airflow_env/lib/python3.12/site-packages/airflow/example_dags/example_bash_decorator.py
[2024-12-10T17:42:37.973-0600] {processor.py:925} INFO - DAG(s) 'example_bash_decorator' retrieved from /root/airflow_env/lib/python3.12/site-packages/airflow/example_dags/example_bash_decorator.py
[2024-12-10T17:42:38.011-0600] {logging_mixin.py:190} INFO - [2024-12-10T17:42:38.011-0600] {dag.py:3239} INFO - Sync 1 DAGs
[2024-12-10T17:42:38.025-0600] {logging_mixin.py:190} INFO - [2024-12-10T17:42:38.025-0600] {dag.py:4180} INFO - Setting next_dagrun for example_bash_decorator to None, run_after=None
[2024-12-10T17:42:38.053-0600] {processor.py:208} INFO - Processing /root/airflow_env/lib/python3.12/site-packages/airflow/example_dags/example_bash_decorator.py took 0.123 seconds
[2024-12-10T17:43:30.821-0600] {processor.py:186} INFO - Started process (PID=3875) to work on /root/airflow_env/lib/python3.12/site-packages/airflow/example_dags/example_bash_decorator.py
[2024-12-10T17:43:30.823-0600] {processor.py:914} INFO - Processing file /root/airflow_env/lib/python3.12/site-packages/airflow/example_dags/example_bash_decorator.py for tasks to queue
[2024-12-10T17:43:30.825-0600] {logging_mixin.py:190} INFO - [2024-12-10T17:43:30.825-0600] {dagbag.py:588} INFO - Filling up the DagBag from /root/airflow_env/lib/python3.12/site-packages/airflow/example_dags/example_bash_decorator.py
[2024-12-10T17:43:30.835-0600] {processor.py:925} INFO - DAG(s) 'example_bash_decorator' retrieved from /root/airflow_env/lib/python3.12/site-packages/airflow/example_dags/example_bash_decorator.py
[2024-12-10T17:43:30.849-0600] {logging_mixin.py:190} INFO - [2024-12-10T17:43:30.849-0600] {dag.py:3239} INFO - Sync 1 DAGs
[2024-12-10T17:43:30.857-0600] {logging_mixin.py:190} INFO - [2024-12-10T17:43:30.857-0600] {dag.py:4180} INFO - Setting next_dagrun for example_bash_decorator to None, run_after=None
[2024-12-10T17:43:30.877-0600] {processor.py:208} INFO - Processing /root/airflow_env/lib/python3.12/site-packages/airflow/example_dags/example_bash_decorator.py took 0.059 seconds
[2024-12-10T17:44:21.816-0600] {processor.py:186} INFO - Started process (PID=3932) to work on /root/airflow_env/lib/python3.12/site-packages/airflow/example_dags/example_bash_decorator.py
[2024-12-10T17:44:21.818-0600] {processor.py:914} INFO - Processing file /root/airflow_env/lib/python3.12/site-packages/airflow/example_dags/example_bash_decorator.py for tasks to queue
[2024-12-10T17:44:21.820-0600] {logging_mixin.py:190} INFO - [2024-12-10T17:44:21.819-0600] {dagbag.py:588} INFO - Filling up the DagBag from /root/airflow_env/lib/python3.12/site-packages/airflow/example_dags/example_bash_decorator.py
[2024-12-10T17:44:21.830-0600] {processor.py:925} INFO - DAG(s) 'example_bash_decorator' retrieved from /root/airflow_env/lib/python3.12/site-packages/airflow/example_dags/example_bash_decorator.py
[2024-12-10T17:44:21.842-0600] {logging_mixin.py:190} INFO - [2024-12-10T17:44:21.842-0600] {dag.py:3239} INFO - Sync 1 DAGs
[2024-12-10T17:44:21.850-0600] {logging_mixin.py:190} INFO - [2024-12-10T17:44:21.850-0600] {dag.py:4180} INFO - Setting next_dagrun for example_bash_decorator to None, run_after=None
[2024-12-10T17:44:21.867-0600] {processor.py:208} INFO - Processing /root/airflow_env/lib/python3.12/site-packages/airflow/example_dags/example_bash_decorator.py took 0.055 seconds
[2024-12-10T17:45:14.138-0600] {processor.py:186} INFO - Started process (PID=3992) to work on /root/airflow_env/lib/python3.12/site-packages/airflow/example_dags/example_bash_decorator.py
[2024-12-10T17:45:14.140-0600] {processor.py:914} INFO - Processing file /root/airflow_env/lib/python3.12/site-packages/airflow/example_dags/example_bash_decorator.py for tasks to queue
[2024-12-10T17:45:14.142-0600] {logging_mixin.py:190} INFO - [2024-12-10T17:45:14.142-0600] {dagbag.py:588} INFO - Filling up the DagBag from /root/airflow_env/lib/python3.12/site-packages/airflow/example_dags/example_bash_decorator.py
[2024-12-10T17:45:14.153-0600] {processor.py:925} INFO - DAG(s) 'example_bash_decorator' retrieved from /root/airflow_env/lib/python3.12/site-packages/airflow/example_dags/example_bash_decorator.py
[2024-12-10T17:45:14.166-0600] {logging_mixin.py:190} INFO - [2024-12-10T17:45:14.166-0600] {dag.py:3239} INFO - Sync 1 DAGs
[2024-12-10T17:45:14.174-0600] {logging_mixin.py:190} INFO - [2024-12-10T17:45:14.173-0600] {dag.py:4180} INFO - Setting next_dagrun for example_bash_decorator to None, run_after=None
[2024-12-10T17:45:14.192-0600] {processor.py:208} INFO - Processing /root/airflow_env/lib/python3.12/site-packages/airflow/example_dags/example_bash_decorator.py took 0.058 seconds
[2024-12-10T17:46:09.265-0600] {processor.py:186} INFO - Started process (PID=4049) to work on /root/airflow_env/lib/python3.12/site-packages/airflow/example_dags/example_bash_decorator.py
[2024-12-10T17:46:09.267-0600] {processor.py:914} INFO - Processing file /root/airflow_env/lib/python3.12/site-packages/airflow/example_dags/example_bash_decorator.py for tasks to queue
[2024-12-10T17:46:09.268-0600] {logging_mixin.py:190} INFO - [2024-12-10T17:46:09.268-0600] {dagbag.py:588} INFO - Filling up the DagBag from /root/airflow_env/lib/python3.12/site-packages/airflow/example_dags/example_bash_decorator.py
[2024-12-10T17:46:09.279-0600] {processor.py:925} INFO - DAG(s) 'example_bash_decorator' retrieved from /root/airflow_env/lib/python3.12/site-packages/airflow/example_dags/example_bash_decorator.py
[2024-12-10T17:46:09.291-0600] {logging_mixin.py:190} INFO - [2024-12-10T17:46:09.291-0600] {dag.py:3239} INFO - Sync 1 DAGs
[2024-12-10T17:46:09.299-0600] {logging_mixin.py:190} INFO - [2024-12-10T17:46:09.299-0600] {dag.py:4180} INFO - Setting next_dagrun for example_bash_decorator to None, run_after=None
[2024-12-10T17:46:09.316-0600] {processor.py:208} INFO - Processing /root/airflow_env/lib/python3.12/site-packages/airflow/example_dags/example_bash_decorator.py took 0.057 seconds
[2024-12-10T17:47:10.492-0600] {processor.py:186} INFO - Started process (PID=4112) to work on /root/airflow_env/lib/python3.12/site-packages/airflow/example_dags/example_bash_decorator.py
[2024-12-10T17:47:10.494-0600] {processor.py:914} INFO - Processing file /root/airflow_env/lib/python3.12/site-packages/airflow/example_dags/example_bash_decorator.py for tasks to queue
[2024-12-10T17:47:10.496-0600] {logging_mixin.py:190} INFO - [2024-12-10T17:47:10.496-0600] {dagbag.py:588} INFO - Filling up the DagBag from /root/airflow_env/lib/python3.12/site-packages/airflow/example_dags/example_bash_decorator.py
[2024-12-10T17:47:10.506-0600] {processor.py:925} INFO - DAG(s) 'example_bash_decorator' retrieved from /root/airflow_env/lib/python3.12/site-packages/airflow/example_dags/example_bash_decorator.py
[2024-12-10T17:47:10.518-0600] {logging_mixin.py:190} INFO - [2024-12-10T17:47:10.518-0600] {dag.py:3239} INFO - Sync 1 DAGs
[2024-12-10T17:47:10.526-0600] {logging_mixin.py:190} INFO - [2024-12-10T17:47:10.526-0600] {dag.py:4180} INFO - Setting next_dagrun for example_bash_decorator to None, run_after=None
[2024-12-10T17:47:10.543-0600] {processor.py:208} INFO - Processing /root/airflow_env/lib/python3.12/site-packages/airflow/example_dags/example_bash_decorator.py took 0.056 seconds
[2024-12-10T17:48:08.636-0600] {processor.py:186} INFO - Started process (PID=4173) to work on /root/airflow_env/lib/python3.12/site-packages/airflow/example_dags/example_bash_decorator.py
[2024-12-10T17:48:08.638-0600] {processor.py:914} INFO - Processing file /root/airflow_env/lib/python3.12/site-packages/airflow/example_dags/example_bash_decorator.py for tasks to queue
[2024-12-10T17:48:08.640-0600] {logging_mixin.py:190} INFO - [2024-12-10T17:48:08.640-0600] {dagbag.py:588} INFO - Filling up the DagBag from /root/airflow_env/lib/python3.12/site-packages/airflow/example_dags/example_bash_decorator.py
[2024-12-10T17:48:08.651-0600] {processor.py:925} INFO - DAG(s) 'example_bash_decorator' retrieved from /root/airflow_env/lib/python3.12/site-packages/airflow/example_dags/example_bash_decorator.py
[2024-12-10T17:48:08.748-0600] {logging_mixin.py:190} INFO - [2024-12-10T17:48:08.748-0600] {dag.py:3239} INFO - Sync 1 DAGs
[2024-12-10T17:48:08.754-0600] {logging_mixin.py:190} INFO - [2024-12-10T17:48:08.754-0600] {dag.py:4180} INFO - Setting next_dagrun for example_bash_decorator to None, run_after=None
[2024-12-10T17:48:08.770-0600] {processor.py:208} INFO - Processing /root/airflow_env/lib/python3.12/site-packages/airflow/example_dags/example_bash_decorator.py took 0.137 seconds
[2024-12-10T17:49:03.273-0600] {processor.py:186} INFO - Started process (PID=4232) to work on /root/airflow_env/lib/python3.12/site-packages/airflow/example_dags/example_bash_decorator.py
[2024-12-10T17:49:03.275-0600] {processor.py:914} INFO - Processing file /root/airflow_env/lib/python3.12/site-packages/airflow/example_dags/example_bash_decorator.py for tasks to queue
[2024-12-10T17:49:03.277-0600] {logging_mixin.py:190} INFO - [2024-12-10T17:49:03.277-0600] {dagbag.py:588} INFO - Filling up the DagBag from /root/airflow_env/lib/python3.12/site-packages/airflow/example_dags/example_bash_decorator.py
[2024-12-10T17:49:03.288-0600] {processor.py:925} INFO - DAG(s) 'example_bash_decorator' retrieved from /root/airflow_env/lib/python3.12/site-packages/airflow/example_dags/example_bash_decorator.py
[2024-12-10T17:49:03.300-0600] {logging_mixin.py:190} INFO - [2024-12-10T17:49:03.300-0600] {dag.py:3239} INFO - Sync 1 DAGs
[2024-12-10T17:49:03.394-0600] {logging_mixin.py:190} INFO - [2024-12-10T17:49:03.394-0600] {dag.py:4180} INFO - Setting next_dagrun for example_bash_decorator to None, run_after=None
[2024-12-10T17:49:03.410-0600] {processor.py:208} INFO - Processing /root/airflow_env/lib/python3.12/site-packages/airflow/example_dags/example_bash_decorator.py took 0.141 seconds
[2024-12-10T17:49:58.042-0600] {processor.py:186} INFO - Started process (PID=4291) to work on /root/airflow_env/lib/python3.12/site-packages/airflow/example_dags/example_bash_decorator.py
[2024-12-10T17:49:58.045-0600] {processor.py:914} INFO - Processing file /root/airflow_env/lib/python3.12/site-packages/airflow/example_dags/example_bash_decorator.py for tasks to queue
[2024-12-10T17:49:58.047-0600] {logging_mixin.py:190} INFO - [2024-12-10T17:49:58.046-0600] {dagbag.py:588} INFO - Filling up the DagBag from /root/airflow_env/lib/python3.12/site-packages/airflow/example_dags/example_bash_decorator.py
[2024-12-10T17:49:58.060-0600] {processor.py:925} INFO - DAG(s) 'example_bash_decorator' retrieved from /root/airflow_env/lib/python3.12/site-packages/airflow/example_dags/example_bash_decorator.py
[2024-12-10T17:49:58.075-0600] {logging_mixin.py:190} INFO - [2024-12-10T17:49:58.074-0600] {dag.py:3239} INFO - Sync 1 DAGs
[2024-12-10T17:49:58.083-0600] {logging_mixin.py:190} INFO - [2024-12-10T17:49:58.083-0600] {dag.py:4180} INFO - Setting next_dagrun for example_bash_decorator to None, run_after=None
[2024-12-10T17:49:58.106-0600] {processor.py:208} INFO - Processing /root/airflow_env/lib/python3.12/site-packages/airflow/example_dags/example_bash_decorator.py took 0.069 seconds
[2024-12-10T17:55:31.470-0600] {processor.py:186} INFO - Started process (PID=4627) to work on /root/airflow_env/lib/python3.12/site-packages/airflow/example_dags/example_bash_decorator.py
[2024-12-10T17:55:31.473-0600] {processor.py:914} INFO - Processing file /root/airflow_env/lib/python3.12/site-packages/airflow/example_dags/example_bash_decorator.py for tasks to queue
[2024-12-10T17:55:31.475-0600] {logging_mixin.py:190} INFO - [2024-12-10T17:55:31.475-0600] {dagbag.py:588} INFO - Filling up the DagBag from /root/airflow_env/lib/python3.12/site-packages/airflow/example_dags/example_bash_decorator.py
[2024-12-10T17:55:31.486-0600] {processor.py:925} INFO - DAG(s) 'example_bash_decorator' retrieved from /root/airflow_env/lib/python3.12/site-packages/airflow/example_dags/example_bash_decorator.py
[2024-12-10T17:55:31.575-0600] {logging_mixin.py:190} INFO - [2024-12-10T17:55:31.575-0600] {dag.py:3239} INFO - Sync 1 DAGs
[2024-12-10T17:55:31.584-0600] {logging_mixin.py:190} INFO - [2024-12-10T17:55:31.584-0600] {dag.py:4180} INFO - Setting next_dagrun for example_bash_decorator to None, run_after=None
[2024-12-10T17:55:31.608-0600] {processor.py:208} INFO - Processing /root/airflow_env/lib/python3.12/site-packages/airflow/example_dags/example_bash_decorator.py took 0.142 seconds
[2024-12-10T17:56:28.717-0600] {processor.py:186} INFO - Started process (PID=4699) to work on /root/airflow_env/lib/python3.12/site-packages/airflow/example_dags/example_bash_decorator.py
[2024-12-10T17:56:28.718-0600] {processor.py:914} INFO - Processing file /root/airflow_env/lib/python3.12/site-packages/airflow/example_dags/example_bash_decorator.py for tasks to queue
[2024-12-10T17:56:28.720-0600] {logging_mixin.py:190} INFO - [2024-12-10T17:56:28.720-0600] {dagbag.py:588} INFO - Filling up the DagBag from /root/airflow_env/lib/python3.12/site-packages/airflow/example_dags/example_bash_decorator.py
[2024-12-10T17:56:28.730-0600] {processor.py:925} INFO - DAG(s) 'example_bash_decorator' retrieved from /root/airflow_env/lib/python3.12/site-packages/airflow/example_dags/example_bash_decorator.py
[2024-12-10T17:56:28.743-0600] {logging_mixin.py:190} INFO - [2024-12-10T17:56:28.743-0600] {dag.py:3239} INFO - Sync 1 DAGs
[2024-12-10T17:56:28.753-0600] {logging_mixin.py:190} INFO - [2024-12-10T17:56:28.752-0600] {dag.py:4180} INFO - Setting next_dagrun for example_bash_decorator to None, run_after=None
[2024-12-10T17:56:28.769-0600] {processor.py:208} INFO - Processing /root/airflow_env/lib/python3.12/site-packages/airflow/example_dags/example_bash_decorator.py took 0.056 seconds
[2024-12-10T17:57:25.539-0600] {processor.py:186} INFO - Started process (PID=4777) to work on /root/airflow_env/lib/python3.12/site-packages/airflow/example_dags/example_bash_decorator.py
[2024-12-10T17:57:25.541-0600] {processor.py:914} INFO - Processing file /root/airflow_env/lib/python3.12/site-packages/airflow/example_dags/example_bash_decorator.py for tasks to queue
[2024-12-10T17:57:25.543-0600] {logging_mixin.py:190} INFO - [2024-12-10T17:57:25.542-0600] {dagbag.py:588} INFO - Filling up the DagBag from /root/airflow_env/lib/python3.12/site-packages/airflow/example_dags/example_bash_decorator.py
[2024-12-10T17:57:25.553-0600] {processor.py:925} INFO - DAG(s) 'example_bash_decorator' retrieved from /root/airflow_env/lib/python3.12/site-packages/airflow/example_dags/example_bash_decorator.py
[2024-12-10T17:57:25.566-0600] {logging_mixin.py:190} INFO - [2024-12-10T17:57:25.566-0600] {dag.py:3239} INFO - Sync 1 DAGs
[2024-12-10T17:57:25.576-0600] {logging_mixin.py:190} INFO - [2024-12-10T17:57:25.575-0600] {dag.py:4180} INFO - Setting next_dagrun for example_bash_decorator to None, run_after=None
[2024-12-10T17:57:25.596-0600] {processor.py:208} INFO - Processing /root/airflow_env/lib/python3.12/site-packages/airflow/example_dags/example_bash_decorator.py took 0.060 seconds
[2024-12-10T17:58:21.009-0600] {processor.py:186} INFO - Started process (PID=4851) to work on /root/airflow_env/lib/python3.12/site-packages/airflow/example_dags/example_bash_decorator.py
[2024-12-10T17:58:21.012-0600] {processor.py:914} INFO - Processing file /root/airflow_env/lib/python3.12/site-packages/airflow/example_dags/example_bash_decorator.py for tasks to queue
[2024-12-10T17:58:21.013-0600] {logging_mixin.py:190} INFO - [2024-12-10T17:58:21.013-0600] {dagbag.py:588} INFO - Filling up the DagBag from /root/airflow_env/lib/python3.12/site-packages/airflow/example_dags/example_bash_decorator.py
[2024-12-10T17:58:21.023-0600] {processor.py:925} INFO - DAG(s) 'example_bash_decorator' retrieved from /root/airflow_env/lib/python3.12/site-packages/airflow/example_dags/example_bash_decorator.py
[2024-12-10T17:58:21.035-0600] {logging_mixin.py:190} INFO - [2024-12-10T17:58:21.035-0600] {dag.py:3239} INFO - Sync 1 DAGs
[2024-12-10T17:58:21.043-0600] {logging_mixin.py:190} INFO - [2024-12-10T17:58:21.043-0600] {dag.py:4180} INFO - Setting next_dagrun for example_bash_decorator to None, run_after=None
[2024-12-10T17:58:21.060-0600] {processor.py:208} INFO - Processing /root/airflow_env/lib/python3.12/site-packages/airflow/example_dags/example_bash_decorator.py took 0.055 seconds
[2024-12-10T17:59:32.852-0600] {processor.py:186} INFO - Started process (PID=4953) to work on /root/airflow_env/lib/python3.12/site-packages/airflow/example_dags/example_bash_decorator.py
[2024-12-10T17:59:32.853-0600] {processor.py:914} INFO - Processing file /root/airflow_env/lib/python3.12/site-packages/airflow/example_dags/example_bash_decorator.py for tasks to queue
[2024-12-10T17:59:32.855-0600] {logging_mixin.py:190} INFO - [2024-12-10T17:59:32.855-0600] {dagbag.py:588} INFO - Filling up the DagBag from /root/airflow_env/lib/python3.12/site-packages/airflow/example_dags/example_bash_decorator.py
[2024-12-10T17:59:32.865-0600] {processor.py:925} INFO - DAG(s) 'example_bash_decorator' retrieved from /root/airflow_env/lib/python3.12/site-packages/airflow/example_dags/example_bash_decorator.py
[2024-12-10T17:59:32.931-0600] {logging_mixin.py:190} INFO - [2024-12-10T17:59:32.930-0600] {dag.py:3239} INFO - Sync 1 DAGs
[2024-12-10T17:59:32.937-0600] {logging_mixin.py:190} INFO - [2024-12-10T17:59:32.937-0600] {dag.py:4180} INFO - Setting next_dagrun for example_bash_decorator to None, run_after=None
[2024-12-10T17:59:32.954-0600] {processor.py:208} INFO - Processing /root/airflow_env/lib/python3.12/site-packages/airflow/example_dags/example_bash_decorator.py took 0.106 seconds
