[2024-12-10T17:00:25.009-0600] {processor.py:186} INFO - Started process (PID=719) to work on /root/airflow_env/lib/python3.12/site-packages/airflow/example_dags/tutorial_taskflow_templates.py
[2024-12-10T17:00:25.010-0600] {processor.py:914} INFO - Processing file /root/airflow_env/lib/python3.12/site-packages/airflow/example_dags/tutorial_taskflow_templates.py for tasks to queue
[2024-12-10T17:00:25.016-0600] {logging_mixin.py:190} INFO - [2024-12-10T17:00:25.016-0600] {dagbag.py:588} INFO - Filling up the DagBag from /root/airflow_env/lib/python3.12/site-packages/airflow/example_dags/tutorial_taskflow_templates.py
[2024-12-10T17:00:25.033-0600] {processor.py:925} INFO - DAG(s) 'tutorial_taskflow_templates' retrieved from /root/airflow_env/lib/python3.12/site-packages/airflow/example_dags/tutorial_taskflow_templates.py
[2024-12-10T17:00:25.059-0600] {logging_mixin.py:190} INFO - [2024-12-10T17:00:25.059-0600] {dag.py:3239} INFO - Sync 1 DAGs
[2024-12-10T17:00:25.092-0600] {logging_mixin.py:190} INFO - [2024-12-10T17:00:25.091-0600] {dag.py:4180} INFO - Setting next_dagrun for tutorial_taskflow_templates to 2024-12-09 00:00:00+00:00, run_after=2024-12-10 00:00:00+00:00
[2024-12-10T17:00:25.132-0600] {processor.py:208} INFO - Processing /root/airflow_env/lib/python3.12/site-packages/airflow/example_dags/tutorial_taskflow_templates.py took 0.131 seconds
[2024-12-10T17:01:20.345-0600] {processor.py:186} INFO - Started process (PID=788) to work on /root/airflow_env/lib/python3.12/site-packages/airflow/example_dags/tutorial_taskflow_templates.py
[2024-12-10T17:01:20.347-0600] {processor.py:914} INFO - Processing file /root/airflow_env/lib/python3.12/site-packages/airflow/example_dags/tutorial_taskflow_templates.py for tasks to queue
[2024-12-10T17:01:20.348-0600] {logging_mixin.py:190} INFO - [2024-12-10T17:01:20.348-0600] {dagbag.py:588} INFO - Filling up the DagBag from /root/airflow_env/lib/python3.12/site-packages/airflow/example_dags/tutorial_taskflow_templates.py
[2024-12-10T17:01:20.357-0600] {processor.py:925} INFO - DAG(s) 'tutorial_taskflow_templates' retrieved from /root/airflow_env/lib/python3.12/site-packages/airflow/example_dags/tutorial_taskflow_templates.py
[2024-12-10T17:01:20.368-0600] {logging_mixin.py:190} INFO - [2024-12-10T17:01:20.367-0600] {dag.py:3239} INFO - Sync 1 DAGs
[2024-12-10T17:01:20.381-0600] {logging_mixin.py:190} INFO - [2024-12-10T17:01:20.380-0600] {dag.py:4180} INFO - Setting next_dagrun for tutorial_taskflow_templates to 2024-12-09 00:00:00+00:00, run_after=2024-12-10 00:00:00+00:00
[2024-12-10T17:01:20.398-0600] {processor.py:208} INFO - Processing /root/airflow_env/lib/python3.12/site-packages/airflow/example_dags/tutorial_taskflow_templates.py took 0.057 seconds
[2024-12-10T17:02:57.502-0600] {processor.py:186} INFO - Started process (PID=958) to work on /root/airflow_env/lib/python3.12/site-packages/airflow/example_dags/tutorial_taskflow_templates.py
[2024-12-10T17:02:57.503-0600] {processor.py:914} INFO - Processing file /root/airflow_env/lib/python3.12/site-packages/airflow/example_dags/tutorial_taskflow_templates.py for tasks to queue
[2024-12-10T17:02:57.505-0600] {logging_mixin.py:190} INFO - [2024-12-10T17:02:57.505-0600] {dagbag.py:588} INFO - Filling up the DagBag from /root/airflow_env/lib/python3.12/site-packages/airflow/example_dags/tutorial_taskflow_templates.py
[2024-12-10T17:02:57.514-0600] {processor.py:925} INFO - DAG(s) 'tutorial_taskflow_templates' retrieved from /root/airflow_env/lib/python3.12/site-packages/airflow/example_dags/tutorial_taskflow_templates.py
[2024-12-10T17:02:57.525-0600] {logging_mixin.py:190} INFO - [2024-12-10T17:02:57.525-0600] {dag.py:3239} INFO - Sync 1 DAGs
[2024-12-10T17:02:57.539-0600] {logging_mixin.py:190} INFO - [2024-12-10T17:02:57.539-0600] {dag.py:4180} INFO - Setting next_dagrun for tutorial_taskflow_templates to 2024-12-09 00:00:00+00:00, run_after=2024-12-10 00:00:00+00:00
[2024-12-10T17:02:57.557-0600] {processor.py:208} INFO - Processing /root/airflow_env/lib/python3.12/site-packages/airflow/example_dags/tutorial_taskflow_templates.py took 0.058 seconds
[2024-12-10T17:03:50.094-0600] {processor.py:186} INFO - Started process (PID=1020) to work on /root/airflow_env/lib/python3.12/site-packages/airflow/example_dags/tutorial_taskflow_templates.py
[2024-12-10T17:03:50.095-0600] {processor.py:914} INFO - Processing file /root/airflow_env/lib/python3.12/site-packages/airflow/example_dags/tutorial_taskflow_templates.py for tasks to queue
[2024-12-10T17:03:50.098-0600] {logging_mixin.py:190} INFO - [2024-12-10T17:03:50.097-0600] {dagbag.py:588} INFO - Filling up the DagBag from /root/airflow_env/lib/python3.12/site-packages/airflow/example_dags/tutorial_taskflow_templates.py
[2024-12-10T17:03:50.117-0600] {processor.py:925} INFO - DAG(s) 'tutorial_taskflow_templates' retrieved from /root/airflow_env/lib/python3.12/site-packages/airflow/example_dags/tutorial_taskflow_templates.py
[2024-12-10T17:03:50.140-0600] {logging_mixin.py:190} INFO - [2024-12-10T17:03:50.139-0600] {dag.py:3239} INFO - Sync 1 DAGs
[2024-12-10T17:03:50.175-0600] {logging_mixin.py:190} INFO - [2024-12-10T17:03:50.175-0600] {dag.py:4180} INFO - Setting next_dagrun for tutorial_taskflow_templates to 2024-12-09 00:00:00+00:00, run_after=2024-12-10 00:00:00+00:00
[2024-12-10T17:03:50.208-0600] {processor.py:208} INFO - Processing /root/airflow_env/lib/python3.12/site-packages/airflow/example_dags/tutorial_taskflow_templates.py took 0.121 seconds
[2024-12-10T17:04:47.628-0600] {processor.py:186} INFO - Started process (PID=1080) to work on /root/airflow_env/lib/python3.12/site-packages/airflow/example_dags/tutorial_taskflow_templates.py
[2024-12-10T17:04:47.629-0600] {processor.py:914} INFO - Processing file /root/airflow_env/lib/python3.12/site-packages/airflow/example_dags/tutorial_taskflow_templates.py for tasks to queue
[2024-12-10T17:04:47.631-0600] {logging_mixin.py:190} INFO - [2024-12-10T17:04:47.631-0600] {dagbag.py:588} INFO - Filling up the DagBag from /root/airflow_env/lib/python3.12/site-packages/airflow/example_dags/tutorial_taskflow_templates.py
[2024-12-10T17:04:47.641-0600] {processor.py:925} INFO - DAG(s) 'tutorial_taskflow_templates' retrieved from /root/airflow_env/lib/python3.12/site-packages/airflow/example_dags/tutorial_taskflow_templates.py
[2024-12-10T17:04:47.654-0600] {logging_mixin.py:190} INFO - [2024-12-10T17:04:47.654-0600] {dag.py:3239} INFO - Sync 1 DAGs
[2024-12-10T17:04:47.668-0600] {logging_mixin.py:190} INFO - [2024-12-10T17:04:47.668-0600] {dag.py:4180} INFO - Setting next_dagrun for tutorial_taskflow_templates to 2024-12-09 00:00:00+00:00, run_after=2024-12-10 00:00:00+00:00
[2024-12-10T17:04:47.686-0600] {processor.py:208} INFO - Processing /root/airflow_env/lib/python3.12/site-packages/airflow/example_dags/tutorial_taskflow_templates.py took 0.062 seconds
[2024-12-10T17:05:41.725-0600] {processor.py:186} INFO - Started process (PID=1144) to work on /root/airflow_env/lib/python3.12/site-packages/airflow/example_dags/tutorial_taskflow_templates.py
[2024-12-10T17:05:41.727-0600] {processor.py:914} INFO - Processing file /root/airflow_env/lib/python3.12/site-packages/airflow/example_dags/tutorial_taskflow_templates.py for tasks to queue
[2024-12-10T17:05:41.729-0600] {logging_mixin.py:190} INFO - [2024-12-10T17:05:41.728-0600] {dagbag.py:588} INFO - Filling up the DagBag from /root/airflow_env/lib/python3.12/site-packages/airflow/example_dags/tutorial_taskflow_templates.py
[2024-12-10T17:05:41.738-0600] {processor.py:925} INFO - DAG(s) 'tutorial_taskflow_templates' retrieved from /root/airflow_env/lib/python3.12/site-packages/airflow/example_dags/tutorial_taskflow_templates.py
[2024-12-10T17:05:41.750-0600] {logging_mixin.py:190} INFO - [2024-12-10T17:05:41.750-0600] {dag.py:3239} INFO - Sync 1 DAGs
[2024-12-10T17:05:41.763-0600] {logging_mixin.py:190} INFO - [2024-12-10T17:05:41.763-0600] {dag.py:4180} INFO - Setting next_dagrun for tutorial_taskflow_templates to 2024-12-09 00:00:00+00:00, run_after=2024-12-10 00:00:00+00:00
[2024-12-10T17:05:41.781-0600] {processor.py:208} INFO - Processing /root/airflow_env/lib/python3.12/site-packages/airflow/example_dags/tutorial_taskflow_templates.py took 0.059 seconds
[2024-12-10T17:06:33.999-0600] {processor.py:186} INFO - Started process (PID=1208) to work on /root/airflow_env/lib/python3.12/site-packages/airflow/example_dags/tutorial_taskflow_templates.py
[2024-12-10T17:06:34.004-0600] {processor.py:914} INFO - Processing file /root/airflow_env/lib/python3.12/site-packages/airflow/example_dags/tutorial_taskflow_templates.py for tasks to queue
[2024-12-10T17:06:34.006-0600] {logging_mixin.py:190} INFO - [2024-12-10T17:06:34.006-0600] {dagbag.py:588} INFO - Filling up the DagBag from /root/airflow_env/lib/python3.12/site-packages/airflow/example_dags/tutorial_taskflow_templates.py
[2024-12-10T17:06:34.019-0600] {processor.py:925} INFO - DAG(s) 'tutorial_taskflow_templates' retrieved from /root/airflow_env/lib/python3.12/site-packages/airflow/example_dags/tutorial_taskflow_templates.py
[2024-12-10T17:06:34.035-0600] {logging_mixin.py:190} INFO - [2024-12-10T17:06:34.035-0600] {dag.py:3239} INFO - Sync 1 DAGs
[2024-12-10T17:06:34.064-0600] {logging_mixin.py:190} INFO - [2024-12-10T17:06:34.064-0600] {dag.py:4180} INFO - Setting next_dagrun for tutorial_taskflow_templates to 2024-12-09 00:00:00+00:00, run_after=2024-12-10 00:00:00+00:00
[2024-12-10T17:06:34.093-0600] {processor.py:208} INFO - Processing /root/airflow_env/lib/python3.12/site-packages/airflow/example_dags/tutorial_taskflow_templates.py took 0.109 seconds
[2024-12-10T17:07:29.628-0600] {processor.py:186} INFO - Started process (PID=1268) to work on /root/airflow_env/lib/python3.12/site-packages/airflow/example_dags/tutorial_taskflow_templates.py
[2024-12-10T17:07:29.629-0600] {processor.py:914} INFO - Processing file /root/airflow_env/lib/python3.12/site-packages/airflow/example_dags/tutorial_taskflow_templates.py for tasks to queue
[2024-12-10T17:07:29.633-0600] {logging_mixin.py:190} INFO - [2024-12-10T17:07:29.633-0600] {dagbag.py:588} INFO - Filling up the DagBag from /root/airflow_env/lib/python3.12/site-packages/airflow/example_dags/tutorial_taskflow_templates.py
[2024-12-10T17:07:29.645-0600] {processor.py:925} INFO - DAG(s) 'tutorial_taskflow_templates' retrieved from /root/airflow_env/lib/python3.12/site-packages/airflow/example_dags/tutorial_taskflow_templates.py
[2024-12-10T17:07:29.660-0600] {logging_mixin.py:190} INFO - [2024-12-10T17:07:29.660-0600] {dag.py:3239} INFO - Sync 1 DAGs
[2024-12-10T17:07:29.678-0600] {logging_mixin.py:190} INFO - [2024-12-10T17:07:29.678-0600] {dag.py:4180} INFO - Setting next_dagrun for tutorial_taskflow_templates to 2024-12-09 00:00:00+00:00, run_after=2024-12-10 00:00:00+00:00
[2024-12-10T17:07:29.693-0600] {processor.py:208} INFO - Processing /root/airflow_env/lib/python3.12/site-packages/airflow/example_dags/tutorial_taskflow_templates.py took 0.070 seconds
[2024-12-10T17:08:20.065-0600] {processor.py:186} INFO - Started process (PID=1369) to work on /root/airflow_env/lib/python3.12/site-packages/airflow/example_dags/tutorial_taskflow_templates.py
[2024-12-10T17:08:20.067-0600] {processor.py:914} INFO - Processing file /root/airflow_env/lib/python3.12/site-packages/airflow/example_dags/tutorial_taskflow_templates.py for tasks to queue
[2024-12-10T17:08:20.068-0600] {logging_mixin.py:190} INFO - [2024-12-10T17:08:20.068-0600] {dagbag.py:588} INFO - Filling up the DagBag from /root/airflow_env/lib/python3.12/site-packages/airflow/example_dags/tutorial_taskflow_templates.py
[2024-12-10T17:08:20.079-0600] {processor.py:925} INFO - DAG(s) 'tutorial_taskflow_templates' retrieved from /root/airflow_env/lib/python3.12/site-packages/airflow/example_dags/tutorial_taskflow_templates.py
[2024-12-10T17:08:20.092-0600] {logging_mixin.py:190} INFO - [2024-12-10T17:08:20.091-0600] {dag.py:3239} INFO - Sync 1 DAGs
[2024-12-10T17:08:20.108-0600] {logging_mixin.py:190} INFO - [2024-12-10T17:08:20.108-0600] {dag.py:4180} INFO - Setting next_dagrun for tutorial_taskflow_templates to 2024-12-09 00:00:00+00:00, run_after=2024-12-10 00:00:00+00:00
[2024-12-10T17:08:20.128-0600] {processor.py:208} INFO - Processing /root/airflow_env/lib/python3.12/site-packages/airflow/example_dags/tutorial_taskflow_templates.py took 0.066 seconds
[2024-12-10T17:09:36.925-0600] {processor.py:186} INFO - Started process (PID=1461) to work on /root/airflow_env/lib/python3.12/site-packages/airflow/example_dags/tutorial_taskflow_templates.py
[2024-12-10T17:09:36.927-0600] {processor.py:914} INFO - Processing file /root/airflow_env/lib/python3.12/site-packages/airflow/example_dags/tutorial_taskflow_templates.py for tasks to queue
[2024-12-10T17:09:36.928-0600] {logging_mixin.py:190} INFO - [2024-12-10T17:09:36.928-0600] {dagbag.py:588} INFO - Filling up the DagBag from /root/airflow_env/lib/python3.12/site-packages/airflow/example_dags/tutorial_taskflow_templates.py
[2024-12-10T17:09:36.938-0600] {processor.py:925} INFO - DAG(s) 'tutorial_taskflow_templates' retrieved from /root/airflow_env/lib/python3.12/site-packages/airflow/example_dags/tutorial_taskflow_templates.py
[2024-12-10T17:09:36.949-0600] {logging_mixin.py:190} INFO - [2024-12-10T17:09:36.949-0600] {dag.py:3239} INFO - Sync 1 DAGs
[2024-12-10T17:09:36.963-0600] {logging_mixin.py:190} INFO - [2024-12-10T17:09:36.963-0600] {dag.py:4180} INFO - Setting next_dagrun for tutorial_taskflow_templates to 2024-12-09 00:00:00+00:00, run_after=2024-12-10 00:00:00+00:00
[2024-12-10T17:09:36.981-0600] {processor.py:208} INFO - Processing /root/airflow_env/lib/python3.12/site-packages/airflow/example_dags/tutorial_taskflow_templates.py took 0.059 seconds
[2024-12-10T17:10:28.801-0600] {processor.py:186} INFO - Started process (PID=1528) to work on /root/airflow_env/lib/python3.12/site-packages/airflow/example_dags/tutorial_taskflow_templates.py
[2024-12-10T17:10:28.803-0600] {processor.py:914} INFO - Processing file /root/airflow_env/lib/python3.12/site-packages/airflow/example_dags/tutorial_taskflow_templates.py for tasks to queue
[2024-12-10T17:10:28.805-0600] {logging_mixin.py:190} INFO - [2024-12-10T17:10:28.805-0600] {dagbag.py:588} INFO - Filling up the DagBag from /root/airflow_env/lib/python3.12/site-packages/airflow/example_dags/tutorial_taskflow_templates.py
[2024-12-10T17:10:28.814-0600] {processor.py:925} INFO - DAG(s) 'tutorial_taskflow_templates' retrieved from /root/airflow_env/lib/python3.12/site-packages/airflow/example_dags/tutorial_taskflow_templates.py
[2024-12-10T17:10:28.825-0600] {logging_mixin.py:190} INFO - [2024-12-10T17:10:28.825-0600] {dag.py:3239} INFO - Sync 1 DAGs
[2024-12-10T17:10:28.838-0600] {logging_mixin.py:190} INFO - [2024-12-10T17:10:28.838-0600] {dag.py:4180} INFO - Setting next_dagrun for tutorial_taskflow_templates to 2024-12-09 00:00:00+00:00, run_after=2024-12-10 00:00:00+00:00
[2024-12-10T17:10:28.855-0600] {processor.py:208} INFO - Processing /root/airflow_env/lib/python3.12/site-packages/airflow/example_dags/tutorial_taskflow_templates.py took 0.058 seconds
[2024-12-10T17:11:43.490-0600] {processor.py:186} INFO - Started process (PID=1619) to work on /root/airflow_env/lib/python3.12/site-packages/airflow/example_dags/tutorial_taskflow_templates.py
[2024-12-10T17:11:43.491-0600] {processor.py:914} INFO - Processing file /root/airflow_env/lib/python3.12/site-packages/airflow/example_dags/tutorial_taskflow_templates.py for tasks to queue
[2024-12-10T17:11:43.492-0600] {logging_mixin.py:190} INFO - [2024-12-10T17:11:43.492-0600] {dagbag.py:588} INFO - Filling up the DagBag from /root/airflow_env/lib/python3.12/site-packages/airflow/example_dags/tutorial_taskflow_templates.py
[2024-12-10T17:11:43.502-0600] {processor.py:925} INFO - DAG(s) 'tutorial_taskflow_templates' retrieved from /root/airflow_env/lib/python3.12/site-packages/airflow/example_dags/tutorial_taskflow_templates.py
[2024-12-10T17:11:43.513-0600] {logging_mixin.py:190} INFO - [2024-12-10T17:11:43.513-0600] {dag.py:3239} INFO - Sync 1 DAGs
[2024-12-10T17:11:43.527-0600] {logging_mixin.py:190} INFO - [2024-12-10T17:11:43.527-0600] {dag.py:4180} INFO - Setting next_dagrun for tutorial_taskflow_templates to 2024-12-09 00:00:00+00:00, run_after=2024-12-10 00:00:00+00:00
[2024-12-10T17:11:43.544-0600] {processor.py:208} INFO - Processing /root/airflow_env/lib/python3.12/site-packages/airflow/example_dags/tutorial_taskflow_templates.py took 0.058 seconds
[2024-12-10T17:12:34.916-0600] {processor.py:186} INFO - Started process (PID=1678) to work on /root/airflow_env/lib/python3.12/site-packages/airflow/example_dags/tutorial_taskflow_templates.py
[2024-12-10T17:12:34.919-0600] {processor.py:914} INFO - Processing file /root/airflow_env/lib/python3.12/site-packages/airflow/example_dags/tutorial_taskflow_templates.py for tasks to queue
[2024-12-10T17:12:34.922-0600] {logging_mixin.py:190} INFO - [2024-12-10T17:12:34.922-0600] {dagbag.py:588} INFO - Filling up the DagBag from /root/airflow_env/lib/python3.12/site-packages/airflow/example_dags/tutorial_taskflow_templates.py
[2024-12-10T17:12:34.931-0600] {processor.py:925} INFO - DAG(s) 'tutorial_taskflow_templates' retrieved from /root/airflow_env/lib/python3.12/site-packages/airflow/example_dags/tutorial_taskflow_templates.py
[2024-12-10T17:12:34.945-0600] {logging_mixin.py:190} INFO - [2024-12-10T17:12:34.945-0600] {dag.py:3239} INFO - Sync 1 DAGs
[2024-12-10T17:12:34.959-0600] {logging_mixin.py:190} INFO - [2024-12-10T17:12:34.959-0600] {dag.py:4180} INFO - Setting next_dagrun for tutorial_taskflow_templates to 2024-12-09 00:00:00+00:00, run_after=2024-12-10 00:00:00+00:00
[2024-12-10T17:12:34.976-0600] {processor.py:208} INFO - Processing /root/airflow_env/lib/python3.12/site-packages/airflow/example_dags/tutorial_taskflow_templates.py took 0.065 seconds
[2024-12-10T17:13:26.280-0600] {processor.py:186} INFO - Started process (PID=1733) to work on /root/airflow_env/lib/python3.12/site-packages/airflow/example_dags/tutorial_taskflow_templates.py
[2024-12-10T17:13:26.283-0600] {processor.py:914} INFO - Processing file /root/airflow_env/lib/python3.12/site-packages/airflow/example_dags/tutorial_taskflow_templates.py for tasks to queue
[2024-12-10T17:13:26.284-0600] {logging_mixin.py:190} INFO - [2024-12-10T17:13:26.284-0600] {dagbag.py:588} INFO - Filling up the DagBag from /root/airflow_env/lib/python3.12/site-packages/airflow/example_dags/tutorial_taskflow_templates.py
[2024-12-10T17:13:26.293-0600] {processor.py:925} INFO - DAG(s) 'tutorial_taskflow_templates' retrieved from /root/airflow_env/lib/python3.12/site-packages/airflow/example_dags/tutorial_taskflow_templates.py
[2024-12-10T17:13:26.304-0600] {logging_mixin.py:190} INFO - [2024-12-10T17:13:26.304-0600] {dag.py:3239} INFO - Sync 1 DAGs
[2024-12-10T17:13:26.318-0600] {logging_mixin.py:190} INFO - [2024-12-10T17:13:26.317-0600] {dag.py:4180} INFO - Setting next_dagrun for tutorial_taskflow_templates to 2024-12-09 00:00:00+00:00, run_after=2024-12-10 00:00:00+00:00
[2024-12-10T17:13:26.339-0600] {processor.py:208} INFO - Processing /root/airflow_env/lib/python3.12/site-packages/airflow/example_dags/tutorial_taskflow_templates.py took 0.063 seconds
[2024-12-10T17:14:41.717-0600] {processor.py:186} INFO - Started process (PID=1825) to work on /root/airflow_env/lib/python3.12/site-packages/airflow/example_dags/tutorial_taskflow_templates.py
[2024-12-10T17:14:41.718-0600] {processor.py:914} INFO - Processing file /root/airflow_env/lib/python3.12/site-packages/airflow/example_dags/tutorial_taskflow_templates.py for tasks to queue
[2024-12-10T17:14:41.720-0600] {logging_mixin.py:190} INFO - [2024-12-10T17:14:41.719-0600] {dagbag.py:588} INFO - Filling up the DagBag from /root/airflow_env/lib/python3.12/site-packages/airflow/example_dags/tutorial_taskflow_templates.py
[2024-12-10T17:14:41.729-0600] {processor.py:925} INFO - DAG(s) 'tutorial_taskflow_templates' retrieved from /root/airflow_env/lib/python3.12/site-packages/airflow/example_dags/tutorial_taskflow_templates.py
[2024-12-10T17:14:41.741-0600] {logging_mixin.py:190} INFO - [2024-12-10T17:14:41.741-0600] {dag.py:3239} INFO - Sync 1 DAGs
[2024-12-10T17:14:41.755-0600] {logging_mixin.py:190} INFO - [2024-12-10T17:14:41.755-0600] {dag.py:4180} INFO - Setting next_dagrun for tutorial_taskflow_templates to 2024-12-09 00:00:00+00:00, run_after=2024-12-10 00:00:00+00:00
[2024-12-10T17:14:41.774-0600] {processor.py:208} INFO - Processing /root/airflow_env/lib/python3.12/site-packages/airflow/example_dags/tutorial_taskflow_templates.py took 0.061 seconds
[2024-12-10T17:15:36.375-0600] {processor.py:186} INFO - Started process (PID=1887) to work on /root/airflow_env/lib/python3.12/site-packages/airflow/example_dags/tutorial_taskflow_templates.py
[2024-12-10T17:15:36.378-0600] {processor.py:914} INFO - Processing file /root/airflow_env/lib/python3.12/site-packages/airflow/example_dags/tutorial_taskflow_templates.py for tasks to queue
[2024-12-10T17:15:36.379-0600] {logging_mixin.py:190} INFO - [2024-12-10T17:15:36.379-0600] {dagbag.py:588} INFO - Filling up the DagBag from /root/airflow_env/lib/python3.12/site-packages/airflow/example_dags/tutorial_taskflow_templates.py
[2024-12-10T17:15:36.388-0600] {processor.py:925} INFO - DAG(s) 'tutorial_taskflow_templates' retrieved from /root/airflow_env/lib/python3.12/site-packages/airflow/example_dags/tutorial_taskflow_templates.py
[2024-12-10T17:15:36.399-0600] {logging_mixin.py:190} INFO - [2024-12-10T17:15:36.398-0600] {dag.py:3239} INFO - Sync 1 DAGs
[2024-12-10T17:15:36.412-0600] {logging_mixin.py:190} INFO - [2024-12-10T17:15:36.411-0600] {dag.py:4180} INFO - Setting next_dagrun for tutorial_taskflow_templates to 2024-12-09 00:00:00+00:00, run_after=2024-12-10 00:00:00+00:00
[2024-12-10T17:15:36.427-0600] {processor.py:208} INFO - Processing /root/airflow_env/lib/python3.12/site-packages/airflow/example_dags/tutorial_taskflow_templates.py took 0.056 seconds
[2024-12-10T17:16:52.363-0600] {processor.py:186} INFO - Started process (PID=1978) to work on /root/airflow_env/lib/python3.12/site-packages/airflow/example_dags/tutorial_taskflow_templates.py
[2024-12-10T17:16:52.366-0600] {processor.py:914} INFO - Processing file /root/airflow_env/lib/python3.12/site-packages/airflow/example_dags/tutorial_taskflow_templates.py for tasks to queue
[2024-12-10T17:16:52.368-0600] {logging_mixin.py:190} INFO - [2024-12-10T17:16:52.367-0600] {dagbag.py:588} INFO - Filling up the DagBag from /root/airflow_env/lib/python3.12/site-packages/airflow/example_dags/tutorial_taskflow_templates.py
[2024-12-10T17:16:52.378-0600] {processor.py:925} INFO - DAG(s) 'tutorial_taskflow_templates' retrieved from /root/airflow_env/lib/python3.12/site-packages/airflow/example_dags/tutorial_taskflow_templates.py
[2024-12-10T17:16:52.389-0600] {logging_mixin.py:190} INFO - [2024-12-10T17:16:52.389-0600] {dag.py:3239} INFO - Sync 1 DAGs
[2024-12-10T17:16:52.404-0600] {logging_mixin.py:190} INFO - [2024-12-10T17:16:52.404-0600] {dag.py:4180} INFO - Setting next_dagrun for tutorial_taskflow_templates to 2024-12-09 00:00:00+00:00, run_after=2024-12-10 00:00:00+00:00
[2024-12-10T17:16:52.422-0600] {processor.py:208} INFO - Processing /root/airflow_env/lib/python3.12/site-packages/airflow/example_dags/tutorial_taskflow_templates.py took 0.063 seconds
[2024-12-10T17:17:46.025-0600] {processor.py:186} INFO - Started process (PID=2040) to work on /root/airflow_env/lib/python3.12/site-packages/airflow/example_dags/tutorial_taskflow_templates.py
[2024-12-10T17:17:46.028-0600] {processor.py:914} INFO - Processing file /root/airflow_env/lib/python3.12/site-packages/airflow/example_dags/tutorial_taskflow_templates.py for tasks to queue
[2024-12-10T17:17:46.030-0600] {logging_mixin.py:190} INFO - [2024-12-10T17:17:46.030-0600] {dagbag.py:588} INFO - Filling up the DagBag from /root/airflow_env/lib/python3.12/site-packages/airflow/example_dags/tutorial_taskflow_templates.py
[2024-12-10T17:17:46.041-0600] {processor.py:925} INFO - DAG(s) 'tutorial_taskflow_templates' retrieved from /root/airflow_env/lib/python3.12/site-packages/airflow/example_dags/tutorial_taskflow_templates.py
[2024-12-10T17:17:46.055-0600] {logging_mixin.py:190} INFO - [2024-12-10T17:17:46.054-0600] {dag.py:3239} INFO - Sync 1 DAGs
[2024-12-10T17:17:46.070-0600] {logging_mixin.py:190} INFO - [2024-12-10T17:17:46.069-0600] {dag.py:4180} INFO - Setting next_dagrun for tutorial_taskflow_templates to 2024-12-09 00:00:00+00:00, run_after=2024-12-10 00:00:00+00:00
[2024-12-10T17:17:46.087-0600] {processor.py:208} INFO - Processing /root/airflow_env/lib/python3.12/site-packages/airflow/example_dags/tutorial_taskflow_templates.py took 0.067 seconds
[2024-12-10T17:19:04.269-0600] {processor.py:186} INFO - Started process (PID=2124) to work on /root/airflow_env/lib/python3.12/site-packages/airflow/example_dags/tutorial_taskflow_templates.py
[2024-12-10T17:19:04.272-0600] {processor.py:914} INFO - Processing file /root/airflow_env/lib/python3.12/site-packages/airflow/example_dags/tutorial_taskflow_templates.py for tasks to queue
[2024-12-10T17:19:04.273-0600] {logging_mixin.py:190} INFO - [2024-12-10T17:19:04.273-0600] {dagbag.py:588} INFO - Filling up the DagBag from /root/airflow_env/lib/python3.12/site-packages/airflow/example_dags/tutorial_taskflow_templates.py
[2024-12-10T17:19:04.283-0600] {processor.py:925} INFO - DAG(s) 'tutorial_taskflow_templates' retrieved from /root/airflow_env/lib/python3.12/site-packages/airflow/example_dags/tutorial_taskflow_templates.py
[2024-12-10T17:19:04.294-0600] {logging_mixin.py:190} INFO - [2024-12-10T17:19:04.294-0600] {dag.py:3239} INFO - Sync 1 DAGs
[2024-12-10T17:19:04.307-0600] {logging_mixin.py:190} INFO - [2024-12-10T17:19:04.307-0600] {dag.py:4180} INFO - Setting next_dagrun for tutorial_taskflow_templates to 2024-12-09 00:00:00+00:00, run_after=2024-12-10 00:00:00+00:00
[2024-12-10T17:19:04.323-0600] {processor.py:208} INFO - Processing /root/airflow_env/lib/python3.12/site-packages/airflow/example_dags/tutorial_taskflow_templates.py took 0.057 seconds
[2024-12-10T17:19:56.259-0600] {processor.py:186} INFO - Started process (PID=2182) to work on /root/airflow_env/lib/python3.12/site-packages/airflow/example_dags/tutorial_taskflow_templates.py
[2024-12-10T17:19:56.261-0600] {processor.py:914} INFO - Processing file /root/airflow_env/lib/python3.12/site-packages/airflow/example_dags/tutorial_taskflow_templates.py for tasks to queue
[2024-12-10T17:19:56.262-0600] {logging_mixin.py:190} INFO - [2024-12-10T17:19:56.262-0600] {dagbag.py:588} INFO - Filling up the DagBag from /root/airflow_env/lib/python3.12/site-packages/airflow/example_dags/tutorial_taskflow_templates.py
[2024-12-10T17:19:56.272-0600] {processor.py:925} INFO - DAG(s) 'tutorial_taskflow_templates' retrieved from /root/airflow_env/lib/python3.12/site-packages/airflow/example_dags/tutorial_taskflow_templates.py
[2024-12-10T17:19:56.283-0600] {logging_mixin.py:190} INFO - [2024-12-10T17:19:56.283-0600] {dag.py:3239} INFO - Sync 1 DAGs
[2024-12-10T17:19:56.297-0600] {logging_mixin.py:190} INFO - [2024-12-10T17:19:56.297-0600] {dag.py:4180} INFO - Setting next_dagrun for tutorial_taskflow_templates to 2024-12-09 00:00:00+00:00, run_after=2024-12-10 00:00:00+00:00
[2024-12-10T17:19:56.315-0600] {processor.py:208} INFO - Processing /root/airflow_env/lib/python3.12/site-packages/airflow/example_dags/tutorial_taskflow_templates.py took 0.059 seconds
[2024-12-10T17:20:47.677-0600] {processor.py:186} INFO - Started process (PID=2238) to work on /root/airflow_env/lib/python3.12/site-packages/airflow/example_dags/tutorial_taskflow_templates.py
[2024-12-10T17:20:47.679-0600] {processor.py:914} INFO - Processing file /root/airflow_env/lib/python3.12/site-packages/airflow/example_dags/tutorial_taskflow_templates.py for tasks to queue
[2024-12-10T17:20:47.681-0600] {logging_mixin.py:190} INFO - [2024-12-10T17:20:47.680-0600] {dagbag.py:588} INFO - Filling up the DagBag from /root/airflow_env/lib/python3.12/site-packages/airflow/example_dags/tutorial_taskflow_templates.py
[2024-12-10T17:20:47.689-0600] {processor.py:925} INFO - DAG(s) 'tutorial_taskflow_templates' retrieved from /root/airflow_env/lib/python3.12/site-packages/airflow/example_dags/tutorial_taskflow_templates.py
[2024-12-10T17:20:47.701-0600] {logging_mixin.py:190} INFO - [2024-12-10T17:20:47.700-0600] {dag.py:3239} INFO - Sync 1 DAGs
[2024-12-10T17:20:47.714-0600] {logging_mixin.py:190} INFO - [2024-12-10T17:20:47.713-0600] {dag.py:4180} INFO - Setting next_dagrun for tutorial_taskflow_templates to 2024-12-09 00:00:00+00:00, run_after=2024-12-10 00:00:00+00:00
[2024-12-10T17:20:47.731-0600] {processor.py:208} INFO - Processing /root/airflow_env/lib/python3.12/site-packages/airflow/example_dags/tutorial_taskflow_templates.py took 0.058 seconds
[2024-12-10T17:21:41.293-0600] {processor.py:186} INFO - Started process (PID=2297) to work on /root/airflow_env/lib/python3.12/site-packages/airflow/example_dags/tutorial_taskflow_templates.py
[2024-12-10T17:21:41.296-0600] {processor.py:914} INFO - Processing file /root/airflow_env/lib/python3.12/site-packages/airflow/example_dags/tutorial_taskflow_templates.py for tasks to queue
[2024-12-10T17:21:41.297-0600] {logging_mixin.py:190} INFO - [2024-12-10T17:21:41.297-0600] {dagbag.py:588} INFO - Filling up the DagBag from /root/airflow_env/lib/python3.12/site-packages/airflow/example_dags/tutorial_taskflow_templates.py
[2024-12-10T17:21:41.306-0600] {processor.py:925} INFO - DAG(s) 'tutorial_taskflow_templates' retrieved from /root/airflow_env/lib/python3.12/site-packages/airflow/example_dags/tutorial_taskflow_templates.py
[2024-12-10T17:21:41.317-0600] {logging_mixin.py:190} INFO - [2024-12-10T17:21:41.317-0600] {dag.py:3239} INFO - Sync 1 DAGs
[2024-12-10T17:21:41.330-0600] {logging_mixin.py:190} INFO - [2024-12-10T17:21:41.330-0600] {dag.py:4180} INFO - Setting next_dagrun for tutorial_taskflow_templates to 2024-12-09 00:00:00+00:00, run_after=2024-12-10 00:00:00+00:00
[2024-12-10T17:21:41.347-0600] {processor.py:208} INFO - Processing /root/airflow_env/lib/python3.12/site-packages/airflow/example_dags/tutorial_taskflow_templates.py took 0.058 seconds
[2024-12-10T17:22:35.611-0600] {processor.py:186} INFO - Started process (PID=2356) to work on /root/airflow_env/lib/python3.12/site-packages/airflow/example_dags/tutorial_taskflow_templates.py
[2024-12-10T17:22:35.613-0600] {processor.py:914} INFO - Processing file /root/airflow_env/lib/python3.12/site-packages/airflow/example_dags/tutorial_taskflow_templates.py for tasks to queue
[2024-12-10T17:22:35.614-0600] {logging_mixin.py:190} INFO - [2024-12-10T17:22:35.614-0600] {dagbag.py:588} INFO - Filling up the DagBag from /root/airflow_env/lib/python3.12/site-packages/airflow/example_dags/tutorial_taskflow_templates.py
[2024-12-10T17:22:35.623-0600] {processor.py:925} INFO - DAG(s) 'tutorial_taskflow_templates' retrieved from /root/airflow_env/lib/python3.12/site-packages/airflow/example_dags/tutorial_taskflow_templates.py
[2024-12-10T17:22:35.635-0600] {logging_mixin.py:190} INFO - [2024-12-10T17:22:35.635-0600] {dag.py:3239} INFO - Sync 1 DAGs
[2024-12-10T17:22:35.651-0600] {logging_mixin.py:190} INFO - [2024-12-10T17:22:35.651-0600] {dag.py:4180} INFO - Setting next_dagrun for tutorial_taskflow_templates to 2024-12-09 00:00:00+00:00, run_after=2024-12-10 00:00:00+00:00
[2024-12-10T17:22:35.667-0600] {processor.py:208} INFO - Processing /root/airflow_env/lib/python3.12/site-packages/airflow/example_dags/tutorial_taskflow_templates.py took 0.060 seconds
[2024-12-10T17:23:30.396-0600] {processor.py:186} INFO - Started process (PID=2413) to work on /root/airflow_env/lib/python3.12/site-packages/airflow/example_dags/tutorial_taskflow_templates.py
[2024-12-10T17:23:30.399-0600] {processor.py:914} INFO - Processing file /root/airflow_env/lib/python3.12/site-packages/airflow/example_dags/tutorial_taskflow_templates.py for tasks to queue
[2024-12-10T17:23:30.400-0600] {logging_mixin.py:190} INFO - [2024-12-10T17:23:30.400-0600] {dagbag.py:588} INFO - Filling up the DagBag from /root/airflow_env/lib/python3.12/site-packages/airflow/example_dags/tutorial_taskflow_templates.py
[2024-12-10T17:23:30.409-0600] {processor.py:925} INFO - DAG(s) 'tutorial_taskflow_templates' retrieved from /root/airflow_env/lib/python3.12/site-packages/airflow/example_dags/tutorial_taskflow_templates.py
[2024-12-10T17:23:30.422-0600] {logging_mixin.py:190} INFO - [2024-12-10T17:23:30.421-0600] {dag.py:3239} INFO - Sync 1 DAGs
[2024-12-10T17:23:30.435-0600] {logging_mixin.py:190} INFO - [2024-12-10T17:23:30.435-0600] {dag.py:4180} INFO - Setting next_dagrun for tutorial_taskflow_templates to 2024-12-09 00:00:00+00:00, run_after=2024-12-10 00:00:00+00:00
[2024-12-10T17:23:30.451-0600] {processor.py:208} INFO - Processing /root/airflow_env/lib/python3.12/site-packages/airflow/example_dags/tutorial_taskflow_templates.py took 0.059 seconds
[2024-12-10T17:24:23.533-0600] {processor.py:186} INFO - Started process (PID=2472) to work on /root/airflow_env/lib/python3.12/site-packages/airflow/example_dags/tutorial_taskflow_templates.py
[2024-12-10T17:24:23.536-0600] {processor.py:914} INFO - Processing file /root/airflow_env/lib/python3.12/site-packages/airflow/example_dags/tutorial_taskflow_templates.py for tasks to queue
[2024-12-10T17:24:23.537-0600] {logging_mixin.py:190} INFO - [2024-12-10T17:24:23.537-0600] {dagbag.py:588} INFO - Filling up the DagBag from /root/airflow_env/lib/python3.12/site-packages/airflow/example_dags/tutorial_taskflow_templates.py
[2024-12-10T17:24:23.546-0600] {processor.py:925} INFO - DAG(s) 'tutorial_taskflow_templates' retrieved from /root/airflow_env/lib/python3.12/site-packages/airflow/example_dags/tutorial_taskflow_templates.py
[2024-12-10T17:24:23.557-0600] {logging_mixin.py:190} INFO - [2024-12-10T17:24:23.557-0600] {dag.py:3239} INFO - Sync 1 DAGs
[2024-12-10T17:24:23.572-0600] {logging_mixin.py:190} INFO - [2024-12-10T17:24:23.571-0600] {dag.py:4180} INFO - Setting next_dagrun for tutorial_taskflow_templates to 2024-12-09 00:00:00+00:00, run_after=2024-12-10 00:00:00+00:00
[2024-12-10T17:24:23.588-0600] {processor.py:208} INFO - Processing /root/airflow_env/lib/python3.12/site-packages/airflow/example_dags/tutorial_taskflow_templates.py took 0.058 seconds
[2024-12-10T17:25:16.093-0600] {processor.py:186} INFO - Started process (PID=2538) to work on /root/airflow_env/lib/python3.12/site-packages/airflow/example_dags/tutorial_taskflow_templates.py
[2024-12-10T17:25:16.096-0600] {processor.py:914} INFO - Processing file /root/airflow_env/lib/python3.12/site-packages/airflow/example_dags/tutorial_taskflow_templates.py for tasks to queue
[2024-12-10T17:25:16.097-0600] {logging_mixin.py:190} INFO - [2024-12-10T17:25:16.097-0600] {dagbag.py:588} INFO - Filling up the DagBag from /root/airflow_env/lib/python3.12/site-packages/airflow/example_dags/tutorial_taskflow_templates.py
[2024-12-10T17:25:16.106-0600] {processor.py:925} INFO - DAG(s) 'tutorial_taskflow_templates' retrieved from /root/airflow_env/lib/python3.12/site-packages/airflow/example_dags/tutorial_taskflow_templates.py
[2024-12-10T17:25:16.118-0600] {logging_mixin.py:190} INFO - [2024-12-10T17:25:16.118-0600] {dag.py:3239} INFO - Sync 1 DAGs
[2024-12-10T17:25:16.131-0600] {logging_mixin.py:190} INFO - [2024-12-10T17:25:16.131-0600] {dag.py:4180} INFO - Setting next_dagrun for tutorial_taskflow_templates to 2024-12-09 00:00:00+00:00, run_after=2024-12-10 00:00:00+00:00
[2024-12-10T17:25:16.149-0600] {processor.py:208} INFO - Processing /root/airflow_env/lib/python3.12/site-packages/airflow/example_dags/tutorial_taskflow_templates.py took 0.059 seconds
[2024-12-10T17:26:08.514-0600] {processor.py:186} INFO - Started process (PID=2594) to work on /root/airflow_env/lib/python3.12/site-packages/airflow/example_dags/tutorial_taskflow_templates.py
[2024-12-10T17:26:08.517-0600] {processor.py:914} INFO - Processing file /root/airflow_env/lib/python3.12/site-packages/airflow/example_dags/tutorial_taskflow_templates.py for tasks to queue
[2024-12-10T17:26:08.518-0600] {logging_mixin.py:190} INFO - [2024-12-10T17:26:08.518-0600] {dagbag.py:588} INFO - Filling up the DagBag from /root/airflow_env/lib/python3.12/site-packages/airflow/example_dags/tutorial_taskflow_templates.py
[2024-12-10T17:26:08.527-0600] {processor.py:925} INFO - DAG(s) 'tutorial_taskflow_templates' retrieved from /root/airflow_env/lib/python3.12/site-packages/airflow/example_dags/tutorial_taskflow_templates.py
[2024-12-10T17:26:08.539-0600] {logging_mixin.py:190} INFO - [2024-12-10T17:26:08.539-0600] {dag.py:3239} INFO - Sync 1 DAGs
[2024-12-10T17:26:08.555-0600] {logging_mixin.py:190} INFO - [2024-12-10T17:26:08.555-0600] {dag.py:4180} INFO - Setting next_dagrun for tutorial_taskflow_templates to 2024-12-09 00:00:00+00:00, run_after=2024-12-10 00:00:00+00:00
[2024-12-10T17:26:08.571-0600] {processor.py:208} INFO - Processing /root/airflow_env/lib/python3.12/site-packages/airflow/example_dags/tutorial_taskflow_templates.py took 0.061 seconds
[2024-12-10T17:27:02.541-0600] {processor.py:186} INFO - Started process (PID=2652) to work on /root/airflow_env/lib/python3.12/site-packages/airflow/example_dags/tutorial_taskflow_templates.py
[2024-12-10T17:27:02.543-0600] {processor.py:914} INFO - Processing file /root/airflow_env/lib/python3.12/site-packages/airflow/example_dags/tutorial_taskflow_templates.py for tasks to queue
[2024-12-10T17:27:02.544-0600] {logging_mixin.py:190} INFO - [2024-12-10T17:27:02.544-0600] {dagbag.py:588} INFO - Filling up the DagBag from /root/airflow_env/lib/python3.12/site-packages/airflow/example_dags/tutorial_taskflow_templates.py
[2024-12-10T17:27:02.555-0600] {processor.py:925} INFO - DAG(s) 'tutorial_taskflow_templates' retrieved from /root/airflow_env/lib/python3.12/site-packages/airflow/example_dags/tutorial_taskflow_templates.py
[2024-12-10T17:27:02.566-0600] {logging_mixin.py:190} INFO - [2024-12-10T17:27:02.566-0600] {dag.py:3239} INFO - Sync 1 DAGs
[2024-12-10T17:27:02.579-0600] {logging_mixin.py:190} INFO - [2024-12-10T17:27:02.579-0600] {dag.py:4180} INFO - Setting next_dagrun for tutorial_taskflow_templates to 2024-12-09 00:00:00+00:00, run_after=2024-12-10 00:00:00+00:00
[2024-12-10T17:27:02.597-0600] {processor.py:208} INFO - Processing /root/airflow_env/lib/python3.12/site-packages/airflow/example_dags/tutorial_taskflow_templates.py took 0.060 seconds
[2024-12-10T17:27:54.348-0600] {processor.py:186} INFO - Started process (PID=2711) to work on /root/airflow_env/lib/python3.12/site-packages/airflow/example_dags/tutorial_taskflow_templates.py
[2024-12-10T17:27:54.351-0600] {processor.py:914} INFO - Processing file /root/airflow_env/lib/python3.12/site-packages/airflow/example_dags/tutorial_taskflow_templates.py for tasks to queue
[2024-12-10T17:27:54.352-0600] {logging_mixin.py:190} INFO - [2024-12-10T17:27:54.352-0600] {dagbag.py:588} INFO - Filling up the DagBag from /root/airflow_env/lib/python3.12/site-packages/airflow/example_dags/tutorial_taskflow_templates.py
[2024-12-10T17:27:54.361-0600] {processor.py:925} INFO - DAG(s) 'tutorial_taskflow_templates' retrieved from /root/airflow_env/lib/python3.12/site-packages/airflow/example_dags/tutorial_taskflow_templates.py
[2024-12-10T17:27:54.372-0600] {logging_mixin.py:190} INFO - [2024-12-10T17:27:54.372-0600] {dag.py:3239} INFO - Sync 1 DAGs
[2024-12-10T17:27:54.385-0600] {logging_mixin.py:190} INFO - [2024-12-10T17:27:54.385-0600] {dag.py:4180} INFO - Setting next_dagrun for tutorial_taskflow_templates to 2024-12-09 00:00:00+00:00, run_after=2024-12-10 00:00:00+00:00
[2024-12-10T17:27:54.402-0600] {processor.py:208} INFO - Processing /root/airflow_env/lib/python3.12/site-packages/airflow/example_dags/tutorial_taskflow_templates.py took 0.058 seconds
[2024-12-10T17:28:47.374-0600] {processor.py:186} INFO - Started process (PID=2766) to work on /root/airflow_env/lib/python3.12/site-packages/airflow/example_dags/tutorial_taskflow_templates.py
[2024-12-10T17:28:47.377-0600] {processor.py:914} INFO - Processing file /root/airflow_env/lib/python3.12/site-packages/airflow/example_dags/tutorial_taskflow_templates.py for tasks to queue
[2024-12-10T17:28:47.378-0600] {logging_mixin.py:190} INFO - [2024-12-10T17:28:47.378-0600] {dagbag.py:588} INFO - Filling up the DagBag from /root/airflow_env/lib/python3.12/site-packages/airflow/example_dags/tutorial_taskflow_templates.py
[2024-12-10T17:28:47.387-0600] {processor.py:925} INFO - DAG(s) 'tutorial_taskflow_templates' retrieved from /root/airflow_env/lib/python3.12/site-packages/airflow/example_dags/tutorial_taskflow_templates.py
[2024-12-10T17:28:47.398-0600] {logging_mixin.py:190} INFO - [2024-12-10T17:28:47.398-0600] {dag.py:3239} INFO - Sync 1 DAGs
[2024-12-10T17:28:47.411-0600] {logging_mixin.py:190} INFO - [2024-12-10T17:28:47.411-0600] {dag.py:4180} INFO - Setting next_dagrun for tutorial_taskflow_templates to 2024-12-09 00:00:00+00:00, run_after=2024-12-10 00:00:00+00:00
[2024-12-10T17:28:47.428-0600] {processor.py:208} INFO - Processing /root/airflow_env/lib/python3.12/site-packages/airflow/example_dags/tutorial_taskflow_templates.py took 0.058 seconds
[2024-12-10T17:29:40.987-0600] {processor.py:186} INFO - Started process (PID=2826) to work on /root/airflow_env/lib/python3.12/site-packages/airflow/example_dags/tutorial_taskflow_templates.py
[2024-12-10T17:29:40.989-0600] {processor.py:914} INFO - Processing file /root/airflow_env/lib/python3.12/site-packages/airflow/example_dags/tutorial_taskflow_templates.py for tasks to queue
[2024-12-10T17:29:40.990-0600] {logging_mixin.py:190} INFO - [2024-12-10T17:29:40.990-0600] {dagbag.py:588} INFO - Filling up the DagBag from /root/airflow_env/lib/python3.12/site-packages/airflow/example_dags/tutorial_taskflow_templates.py
[2024-12-10T17:29:40.999-0600] {processor.py:925} INFO - DAG(s) 'tutorial_taskflow_templates' retrieved from /root/airflow_env/lib/python3.12/site-packages/airflow/example_dags/tutorial_taskflow_templates.py
[2024-12-10T17:29:41.010-0600] {logging_mixin.py:190} INFO - [2024-12-10T17:29:41.009-0600] {dag.py:3239} INFO - Sync 1 DAGs
[2024-12-10T17:29:41.023-0600] {logging_mixin.py:190} INFO - [2024-12-10T17:29:41.023-0600] {dag.py:4180} INFO - Setting next_dagrun for tutorial_taskflow_templates to 2024-12-09 00:00:00+00:00, run_after=2024-12-10 00:00:00+00:00
[2024-12-10T17:29:41.039-0600] {processor.py:208} INFO - Processing /root/airflow_env/lib/python3.12/site-packages/airflow/example_dags/tutorial_taskflow_templates.py took 0.056 seconds
[2024-12-10T17:30:55.594-0600] {processor.py:186} INFO - Started process (PID=2915) to work on /root/airflow_env/lib/python3.12/site-packages/airflow/example_dags/tutorial_taskflow_templates.py
[2024-12-10T17:30:55.599-0600] {processor.py:914} INFO - Processing file /root/airflow_env/lib/python3.12/site-packages/airflow/example_dags/tutorial_taskflow_templates.py for tasks to queue
[2024-12-10T17:30:55.607-0600] {logging_mixin.py:190} INFO - [2024-12-10T17:30:55.606-0600] {dagbag.py:588} INFO - Filling up the DagBag from /root/airflow_env/lib/python3.12/site-packages/airflow/example_dags/tutorial_taskflow_templates.py
[2024-12-10T17:30:55.619-0600] {processor.py:925} INFO - DAG(s) 'tutorial_taskflow_templates' retrieved from /root/airflow_env/lib/python3.12/site-packages/airflow/example_dags/tutorial_taskflow_templates.py
[2024-12-10T17:30:55.631-0600] {logging_mixin.py:190} INFO - [2024-12-10T17:30:55.631-0600] {dag.py:3239} INFO - Sync 1 DAGs
[2024-12-10T17:30:55.645-0600] {logging_mixin.py:190} INFO - [2024-12-10T17:30:55.645-0600] {dag.py:4180} INFO - Setting next_dagrun for tutorial_taskflow_templates to 2024-12-09 00:00:00+00:00, run_after=2024-12-10 00:00:00+00:00
[2024-12-10T17:30:55.661-0600] {processor.py:208} INFO - Processing /root/airflow_env/lib/python3.12/site-packages/airflow/example_dags/tutorial_taskflow_templates.py took 0.073 seconds
[2024-12-10T17:32:15.516-0600] {processor.py:186} INFO - Started process (PID=3001) to work on /root/airflow_env/lib/python3.12/site-packages/airflow/example_dags/tutorial_taskflow_templates.py
[2024-12-10T17:32:15.518-0600] {processor.py:914} INFO - Processing file /root/airflow_env/lib/python3.12/site-packages/airflow/example_dags/tutorial_taskflow_templates.py for tasks to queue
[2024-12-10T17:32:15.519-0600] {logging_mixin.py:190} INFO - [2024-12-10T17:32:15.519-0600] {dagbag.py:588} INFO - Filling up the DagBag from /root/airflow_env/lib/python3.12/site-packages/airflow/example_dags/tutorial_taskflow_templates.py
[2024-12-10T17:32:15.528-0600] {processor.py:925} INFO - DAG(s) 'tutorial_taskflow_templates' retrieved from /root/airflow_env/lib/python3.12/site-packages/airflow/example_dags/tutorial_taskflow_templates.py
[2024-12-10T17:32:15.540-0600] {logging_mixin.py:190} INFO - [2024-12-10T17:32:15.539-0600] {dag.py:3239} INFO - Sync 1 DAGs
[2024-12-10T17:32:15.553-0600] {logging_mixin.py:190} INFO - [2024-12-10T17:32:15.553-0600] {dag.py:4180} INFO - Setting next_dagrun for tutorial_taskflow_templates to 2024-12-09 00:00:00+00:00, run_after=2024-12-10 00:00:00+00:00
[2024-12-10T17:32:15.570-0600] {processor.py:208} INFO - Processing /root/airflow_env/lib/python3.12/site-packages/airflow/example_dags/tutorial_taskflow_templates.py took 0.058 seconds
[2024-12-10T17:33:10.343-0600] {processor.py:186} INFO - Started process (PID=3061) to work on /root/airflow_env/lib/python3.12/site-packages/airflow/example_dags/tutorial_taskflow_templates.py
[2024-12-10T17:33:10.346-0600] {processor.py:914} INFO - Processing file /root/airflow_env/lib/python3.12/site-packages/airflow/example_dags/tutorial_taskflow_templates.py for tasks to queue
[2024-12-10T17:33:10.347-0600] {logging_mixin.py:190} INFO - [2024-12-10T17:33:10.347-0600] {dagbag.py:588} INFO - Filling up the DagBag from /root/airflow_env/lib/python3.12/site-packages/airflow/example_dags/tutorial_taskflow_templates.py
[2024-12-10T17:33:10.356-0600] {processor.py:925} INFO - DAG(s) 'tutorial_taskflow_templates' retrieved from /root/airflow_env/lib/python3.12/site-packages/airflow/example_dags/tutorial_taskflow_templates.py
[2024-12-10T17:33:10.368-0600] {logging_mixin.py:190} INFO - [2024-12-10T17:33:10.367-0600] {dag.py:3239} INFO - Sync 1 DAGs
[2024-12-10T17:33:10.381-0600] {logging_mixin.py:190} INFO - [2024-12-10T17:33:10.381-0600] {dag.py:4180} INFO - Setting next_dagrun for tutorial_taskflow_templates to 2024-12-09 00:00:00+00:00, run_after=2024-12-10 00:00:00+00:00
[2024-12-10T17:33:10.399-0600] {processor.py:208} INFO - Processing /root/airflow_env/lib/python3.12/site-packages/airflow/example_dags/tutorial_taskflow_templates.py took 0.059 seconds
[2024-12-10T17:34:03.402-0600] {processor.py:186} INFO - Started process (PID=3225) to work on /root/airflow_env/lib/python3.12/site-packages/airflow/example_dags/tutorial_taskflow_templates.py
[2024-12-10T17:34:03.404-0600] {processor.py:914} INFO - Processing file /root/airflow_env/lib/python3.12/site-packages/airflow/example_dags/tutorial_taskflow_templates.py for tasks to queue
[2024-12-10T17:34:03.406-0600] {logging_mixin.py:190} INFO - [2024-12-10T17:34:03.405-0600] {dagbag.py:588} INFO - Filling up the DagBag from /root/airflow_env/lib/python3.12/site-packages/airflow/example_dags/tutorial_taskflow_templates.py
[2024-12-10T17:34:03.415-0600] {processor.py:925} INFO - DAG(s) 'tutorial_taskflow_templates' retrieved from /root/airflow_env/lib/python3.12/site-packages/airflow/example_dags/tutorial_taskflow_templates.py
[2024-12-10T17:34:03.427-0600] {logging_mixin.py:190} INFO - [2024-12-10T17:34:03.426-0600] {dag.py:3239} INFO - Sync 1 DAGs
[2024-12-10T17:34:03.441-0600] {logging_mixin.py:190} INFO - [2024-12-10T17:34:03.440-0600] {dag.py:4180} INFO - Setting next_dagrun for tutorial_taskflow_templates to 2024-12-09 00:00:00+00:00, run_after=2024-12-10 00:00:00+00:00
[2024-12-10T17:34:03.458-0600] {processor.py:208} INFO - Processing /root/airflow_env/lib/python3.12/site-packages/airflow/example_dags/tutorial_taskflow_templates.py took 0.060 seconds
[2024-12-10T17:34:55.226-0600] {processor.py:186} INFO - Started process (PID=3283) to work on /root/airflow_env/lib/python3.12/site-packages/airflow/example_dags/tutorial_taskflow_templates.py
[2024-12-10T17:34:55.228-0600] {processor.py:914} INFO - Processing file /root/airflow_env/lib/python3.12/site-packages/airflow/example_dags/tutorial_taskflow_templates.py for tasks to queue
[2024-12-10T17:34:55.230-0600] {logging_mixin.py:190} INFO - [2024-12-10T17:34:55.229-0600] {dagbag.py:588} INFO - Filling up the DagBag from /root/airflow_env/lib/python3.12/site-packages/airflow/example_dags/tutorial_taskflow_templates.py
[2024-12-10T17:34:55.238-0600] {processor.py:925} INFO - DAG(s) 'tutorial_taskflow_templates' retrieved from /root/airflow_env/lib/python3.12/site-packages/airflow/example_dags/tutorial_taskflow_templates.py
[2024-12-10T17:34:55.249-0600] {logging_mixin.py:190} INFO - [2024-12-10T17:34:55.249-0600] {dag.py:3239} INFO - Sync 1 DAGs
[2024-12-10T17:34:55.262-0600] {logging_mixin.py:190} INFO - [2024-12-10T17:34:55.262-0600] {dag.py:4180} INFO - Setting next_dagrun for tutorial_taskflow_templates to 2024-12-09 00:00:00+00:00, run_after=2024-12-10 00:00:00+00:00
[2024-12-10T17:34:55.278-0600] {processor.py:208} INFO - Processing /root/airflow_env/lib/python3.12/site-packages/airflow/example_dags/tutorial_taskflow_templates.py took 0.056 seconds
[2024-12-10T17:35:46.935-0600] {processor.py:186} INFO - Started process (PID=3342) to work on /root/airflow_env/lib/python3.12/site-packages/airflow/example_dags/tutorial_taskflow_templates.py
[2024-12-10T17:35:46.938-0600] {processor.py:914} INFO - Processing file /root/airflow_env/lib/python3.12/site-packages/airflow/example_dags/tutorial_taskflow_templates.py for tasks to queue
[2024-12-10T17:35:46.940-0600] {logging_mixin.py:190} INFO - [2024-12-10T17:35:46.939-0600] {dagbag.py:588} INFO - Filling up the DagBag from /root/airflow_env/lib/python3.12/site-packages/airflow/example_dags/tutorial_taskflow_templates.py
[2024-12-10T17:35:46.948-0600] {processor.py:925} INFO - DAG(s) 'tutorial_taskflow_templates' retrieved from /root/airflow_env/lib/python3.12/site-packages/airflow/example_dags/tutorial_taskflow_templates.py
[2024-12-10T17:35:46.959-0600] {logging_mixin.py:190} INFO - [2024-12-10T17:35:46.959-0600] {dag.py:3239} INFO - Sync 1 DAGs
[2024-12-10T17:35:46.972-0600] {logging_mixin.py:190} INFO - [2024-12-10T17:35:46.972-0600] {dag.py:4180} INFO - Setting next_dagrun for tutorial_taskflow_templates to 2024-12-09 00:00:00+00:00, run_after=2024-12-10 00:00:00+00:00
[2024-12-10T17:35:46.988-0600] {processor.py:208} INFO - Processing /root/airflow_env/lib/python3.12/site-packages/airflow/example_dags/tutorial_taskflow_templates.py took 0.057 seconds
[2024-12-10T17:37:00.848-0600] {processor.py:186} INFO - Started process (PID=3425) to work on /root/airflow_env/lib/python3.12/site-packages/airflow/example_dags/tutorial_taskflow_templates.py
[2024-12-10T17:37:00.851-0600] {processor.py:914} INFO - Processing file /root/airflow_env/lib/python3.12/site-packages/airflow/example_dags/tutorial_taskflow_templates.py for tasks to queue
[2024-12-10T17:37:00.852-0600] {logging_mixin.py:190} INFO - [2024-12-10T17:37:00.852-0600] {dagbag.py:588} INFO - Filling up the DagBag from /root/airflow_env/lib/python3.12/site-packages/airflow/example_dags/tutorial_taskflow_templates.py
[2024-12-10T17:37:00.861-0600] {processor.py:925} INFO - DAG(s) 'tutorial_taskflow_templates' retrieved from /root/airflow_env/lib/python3.12/site-packages/airflow/example_dags/tutorial_taskflow_templates.py
[2024-12-10T17:37:00.872-0600] {logging_mixin.py:190} INFO - [2024-12-10T17:37:00.872-0600] {dag.py:3239} INFO - Sync 1 DAGs
[2024-12-10T17:37:00.885-0600] {logging_mixin.py:190} INFO - [2024-12-10T17:37:00.885-0600] {dag.py:4180} INFO - Setting next_dagrun for tutorial_taskflow_templates to 2024-12-09 00:00:00+00:00, run_after=2024-12-10 00:00:00+00:00
[2024-12-10T17:37:00.902-0600] {processor.py:208} INFO - Processing /root/airflow_env/lib/python3.12/site-packages/airflow/example_dags/tutorial_taskflow_templates.py took 0.057 seconds
[2024-12-10T17:37:50.826-0600] {processor.py:186} INFO - Started process (PID=3480) to work on /root/airflow_env/lib/python3.12/site-packages/airflow/example_dags/tutorial_taskflow_templates.py
[2024-12-10T17:37:50.828-0600] {processor.py:914} INFO - Processing file /root/airflow_env/lib/python3.12/site-packages/airflow/example_dags/tutorial_taskflow_templates.py for tasks to queue
[2024-12-10T17:37:50.830-0600] {logging_mixin.py:190} INFO - [2024-12-10T17:37:50.829-0600] {dagbag.py:588} INFO - Filling up the DagBag from /root/airflow_env/lib/python3.12/site-packages/airflow/example_dags/tutorial_taskflow_templates.py
[2024-12-10T17:37:50.839-0600] {processor.py:925} INFO - DAG(s) 'tutorial_taskflow_templates' retrieved from /root/airflow_env/lib/python3.12/site-packages/airflow/example_dags/tutorial_taskflow_templates.py
[2024-12-10T17:37:50.849-0600] {logging_mixin.py:190} INFO - [2024-12-10T17:37:50.849-0600] {dag.py:3239} INFO - Sync 1 DAGs
[2024-12-10T17:37:50.862-0600] {logging_mixin.py:190} INFO - [2024-12-10T17:37:50.862-0600] {dag.py:4180} INFO - Setting next_dagrun for tutorial_taskflow_templates to 2024-12-09 00:00:00+00:00, run_after=2024-12-10 00:00:00+00:00
[2024-12-10T17:37:50.880-0600] {processor.py:208} INFO - Processing /root/airflow_env/lib/python3.12/site-packages/airflow/example_dags/tutorial_taskflow_templates.py took 0.058 seconds
[2024-12-10T17:38:41.998-0600] {processor.py:186} INFO - Started process (PID=3537) to work on /root/airflow_env/lib/python3.12/site-packages/airflow/example_dags/tutorial_taskflow_templates.py
[2024-12-10T17:38:42.000-0600] {processor.py:914} INFO - Processing file /root/airflow_env/lib/python3.12/site-packages/airflow/example_dags/tutorial_taskflow_templates.py for tasks to queue
[2024-12-10T17:38:42.002-0600] {logging_mixin.py:190} INFO - [2024-12-10T17:38:42.002-0600] {dagbag.py:588} INFO - Filling up the DagBag from /root/airflow_env/lib/python3.12/site-packages/airflow/example_dags/tutorial_taskflow_templates.py
[2024-12-10T17:38:42.011-0600] {processor.py:925} INFO - DAG(s) 'tutorial_taskflow_templates' retrieved from /root/airflow_env/lib/python3.12/site-packages/airflow/example_dags/tutorial_taskflow_templates.py
[2024-12-10T17:38:42.023-0600] {logging_mixin.py:190} INFO - [2024-12-10T17:38:42.022-0600] {dag.py:3239} INFO - Sync 1 DAGs
[2024-12-10T17:38:42.036-0600] {logging_mixin.py:190} INFO - [2024-12-10T17:38:42.036-0600] {dag.py:4180} INFO - Setting next_dagrun for tutorial_taskflow_templates to 2024-12-09 00:00:00+00:00, run_after=2024-12-10 00:00:00+00:00
[2024-12-10T17:38:42.054-0600] {processor.py:208} INFO - Processing /root/airflow_env/lib/python3.12/site-packages/airflow/example_dags/tutorial_taskflow_templates.py took 0.060 seconds
[2024-12-10T17:39:34.118-0600] {processor.py:186} INFO - Started process (PID=3593) to work on /root/airflow_env/lib/python3.12/site-packages/airflow/example_dags/tutorial_taskflow_templates.py
[2024-12-10T17:39:34.120-0600] {processor.py:914} INFO - Processing file /root/airflow_env/lib/python3.12/site-packages/airflow/example_dags/tutorial_taskflow_templates.py for tasks to queue
[2024-12-10T17:39:34.122-0600] {logging_mixin.py:190} INFO - [2024-12-10T17:39:34.122-0600] {dagbag.py:588} INFO - Filling up the DagBag from /root/airflow_env/lib/python3.12/site-packages/airflow/example_dags/tutorial_taskflow_templates.py
[2024-12-10T17:39:34.138-0600] {processor.py:925} INFO - DAG(s) 'tutorial_taskflow_templates' retrieved from /root/airflow_env/lib/python3.12/site-packages/airflow/example_dags/tutorial_taskflow_templates.py
[2024-12-10T17:39:34.159-0600] {logging_mixin.py:190} INFO - [2024-12-10T17:39:34.159-0600] {dag.py:3239} INFO - Sync 1 DAGs
[2024-12-10T17:39:34.178-0600] {logging_mixin.py:190} INFO - [2024-12-10T17:39:34.178-0600] {dag.py:4180} INFO - Setting next_dagrun for tutorial_taskflow_templates to 2024-12-09 00:00:00+00:00, run_after=2024-12-10 00:00:00+00:00
[2024-12-10T17:39:34.200-0600] {processor.py:208} INFO - Processing /root/airflow_env/lib/python3.12/site-packages/airflow/example_dags/tutorial_taskflow_templates.py took 0.090 seconds
[2024-12-10T17:40:28.392-0600] {processor.py:186} INFO - Started process (PID=3658) to work on /root/airflow_env/lib/python3.12/site-packages/airflow/example_dags/tutorial_taskflow_templates.py
[2024-12-10T17:40:28.394-0600] {processor.py:914} INFO - Processing file /root/airflow_env/lib/python3.12/site-packages/airflow/example_dags/tutorial_taskflow_templates.py for tasks to queue
[2024-12-10T17:40:28.396-0600] {logging_mixin.py:190} INFO - [2024-12-10T17:40:28.396-0600] {dagbag.py:588} INFO - Filling up the DagBag from /root/airflow_env/lib/python3.12/site-packages/airflow/example_dags/tutorial_taskflow_templates.py
[2024-12-10T17:40:28.406-0600] {processor.py:925} INFO - DAG(s) 'tutorial_taskflow_templates' retrieved from /root/airflow_env/lib/python3.12/site-packages/airflow/example_dags/tutorial_taskflow_templates.py
[2024-12-10T17:40:28.417-0600] {logging_mixin.py:190} INFO - [2024-12-10T17:40:28.417-0600] {dag.py:3239} INFO - Sync 1 DAGs
[2024-12-10T17:40:28.431-0600] {logging_mixin.py:190} INFO - [2024-12-10T17:40:28.431-0600] {dag.py:4180} INFO - Setting next_dagrun for tutorial_taskflow_templates to 2024-12-09 00:00:00+00:00, run_after=2024-12-10 00:00:00+00:00
[2024-12-10T17:40:28.449-0600] {processor.py:208} INFO - Processing /root/airflow_env/lib/python3.12/site-packages/airflow/example_dags/tutorial_taskflow_templates.py took 0.061 seconds
[2024-12-10T17:41:23.901-0600] {processor.py:186} INFO - Started process (PID=3718) to work on /root/airflow_env/lib/python3.12/site-packages/airflow/example_dags/tutorial_taskflow_templates.py
[2024-12-10T17:41:23.904-0600] {processor.py:914} INFO - Processing file /root/airflow_env/lib/python3.12/site-packages/airflow/example_dags/tutorial_taskflow_templates.py for tasks to queue
[2024-12-10T17:41:23.905-0600] {logging_mixin.py:190} INFO - [2024-12-10T17:41:23.905-0600] {dagbag.py:588} INFO - Filling up the DagBag from /root/airflow_env/lib/python3.12/site-packages/airflow/example_dags/tutorial_taskflow_templates.py
[2024-12-10T17:41:23.915-0600] {processor.py:925} INFO - DAG(s) 'tutorial_taskflow_templates' retrieved from /root/airflow_env/lib/python3.12/site-packages/airflow/example_dags/tutorial_taskflow_templates.py
[2024-12-10T17:41:23.926-0600] {logging_mixin.py:190} INFO - [2024-12-10T17:41:23.926-0600] {dag.py:3239} INFO - Sync 1 DAGs
[2024-12-10T17:41:23.940-0600] {logging_mixin.py:190} INFO - [2024-12-10T17:41:23.940-0600] {dag.py:4180} INFO - Setting next_dagrun for tutorial_taskflow_templates to 2024-12-09 00:00:00+00:00, run_after=2024-12-10 00:00:00+00:00
[2024-12-10T17:41:23.958-0600] {processor.py:208} INFO - Processing /root/airflow_env/lib/python3.12/site-packages/airflow/example_dags/tutorial_taskflow_templates.py took 0.061 seconds
[2024-12-10T17:42:14.768-0600] {processor.py:186} INFO - Started process (PID=3777) to work on /root/airflow_env/lib/python3.12/site-packages/airflow/example_dags/tutorial_taskflow_templates.py
[2024-12-10T17:42:14.770-0600] {processor.py:914} INFO - Processing file /root/airflow_env/lib/python3.12/site-packages/airflow/example_dags/tutorial_taskflow_templates.py for tasks to queue
[2024-12-10T17:42:14.771-0600] {logging_mixin.py:190} INFO - [2024-12-10T17:42:14.771-0600] {dagbag.py:588} INFO - Filling up the DagBag from /root/airflow_env/lib/python3.12/site-packages/airflow/example_dags/tutorial_taskflow_templates.py
[2024-12-10T17:42:14.780-0600] {processor.py:925} INFO - DAG(s) 'tutorial_taskflow_templates' retrieved from /root/airflow_env/lib/python3.12/site-packages/airflow/example_dags/tutorial_taskflow_templates.py
[2024-12-10T17:42:14.791-0600] {logging_mixin.py:190} INFO - [2024-12-10T17:42:14.791-0600] {dag.py:3239} INFO - Sync 1 DAGs
[2024-12-10T17:42:14.804-0600] {logging_mixin.py:190} INFO - [2024-12-10T17:42:14.804-0600] {dag.py:4180} INFO - Setting next_dagrun for tutorial_taskflow_templates to 2024-12-09 00:00:00+00:00, run_after=2024-12-10 00:00:00+00:00
[2024-12-10T17:42:14.822-0600] {processor.py:208} INFO - Processing /root/airflow_env/lib/python3.12/site-packages/airflow/example_dags/tutorial_taskflow_templates.py took 0.057 seconds
[2024-12-10T17:43:08.744-0600] {processor.py:186} INFO - Started process (PID=3850) to work on /root/airflow_env/lib/python3.12/site-packages/airflow/example_dags/tutorial_taskflow_templates.py
[2024-12-10T17:43:08.746-0600] {processor.py:914} INFO - Processing file /root/airflow_env/lib/python3.12/site-packages/airflow/example_dags/tutorial_taskflow_templates.py for tasks to queue
[2024-12-10T17:43:08.748-0600] {logging_mixin.py:190} INFO - [2024-12-10T17:43:08.747-0600] {dagbag.py:588} INFO - Filling up the DagBag from /root/airflow_env/lib/python3.12/site-packages/airflow/example_dags/tutorial_taskflow_templates.py
[2024-12-10T17:43:08.756-0600] {processor.py:925} INFO - DAG(s) 'tutorial_taskflow_templates' retrieved from /root/airflow_env/lib/python3.12/site-packages/airflow/example_dags/tutorial_taskflow_templates.py
[2024-12-10T17:43:08.767-0600] {logging_mixin.py:190} INFO - [2024-12-10T17:43:08.767-0600] {dag.py:3239} INFO - Sync 1 DAGs
[2024-12-10T17:43:08.782-0600] {logging_mixin.py:190} INFO - [2024-12-10T17:43:08.781-0600] {dag.py:4180} INFO - Setting next_dagrun for tutorial_taskflow_templates to 2024-12-09 00:00:00+00:00, run_after=2024-12-10 00:00:00+00:00
[2024-12-10T17:43:08.801-0600] {processor.py:208} INFO - Processing /root/airflow_env/lib/python3.12/site-packages/airflow/example_dags/tutorial_taskflow_templates.py took 0.061 seconds
[2024-12-10T17:44:01.188-0600] {processor.py:186} INFO - Started process (PID=3909) to work on /root/airflow_env/lib/python3.12/site-packages/airflow/example_dags/tutorial_taskflow_templates.py
[2024-12-10T17:44:01.191-0600] {processor.py:914} INFO - Processing file /root/airflow_env/lib/python3.12/site-packages/airflow/example_dags/tutorial_taskflow_templates.py for tasks to queue
[2024-12-10T17:44:01.194-0600] {logging_mixin.py:190} INFO - [2024-12-10T17:44:01.193-0600] {dagbag.py:588} INFO - Filling up the DagBag from /root/airflow_env/lib/python3.12/site-packages/airflow/example_dags/tutorial_taskflow_templates.py
[2024-12-10T17:44:01.208-0600] {processor.py:925} INFO - DAG(s) 'tutorial_taskflow_templates' retrieved from /root/airflow_env/lib/python3.12/site-packages/airflow/example_dags/tutorial_taskflow_templates.py
[2024-12-10T17:44:01.222-0600] {logging_mixin.py:190} INFO - [2024-12-10T17:44:01.222-0600] {dag.py:3239} INFO - Sync 1 DAGs
[2024-12-10T17:44:01.238-0600] {logging_mixin.py:190} INFO - [2024-12-10T17:44:01.238-0600] {dag.py:4180} INFO - Setting next_dagrun for tutorial_taskflow_templates to 2024-12-09 00:00:00+00:00, run_after=2024-12-10 00:00:00+00:00
[2024-12-10T17:44:01.264-0600] {processor.py:208} INFO - Processing /root/airflow_env/lib/python3.12/site-packages/airflow/example_dags/tutorial_taskflow_templates.py took 0.080 seconds
[2024-12-10T17:44:52.224-0600] {processor.py:186} INFO - Started process (PID=3965) to work on /root/airflow_env/lib/python3.12/site-packages/airflow/example_dags/tutorial_taskflow_templates.py
[2024-12-10T17:44:52.226-0600] {processor.py:914} INFO - Processing file /root/airflow_env/lib/python3.12/site-packages/airflow/example_dags/tutorial_taskflow_templates.py for tasks to queue
[2024-12-10T17:44:52.228-0600] {logging_mixin.py:190} INFO - [2024-12-10T17:44:52.227-0600] {dagbag.py:588} INFO - Filling up the DagBag from /root/airflow_env/lib/python3.12/site-packages/airflow/example_dags/tutorial_taskflow_templates.py
[2024-12-10T17:44:52.237-0600] {processor.py:925} INFO - DAG(s) 'tutorial_taskflow_templates' retrieved from /root/airflow_env/lib/python3.12/site-packages/airflow/example_dags/tutorial_taskflow_templates.py
[2024-12-10T17:44:52.248-0600] {logging_mixin.py:190} INFO - [2024-12-10T17:44:52.248-0600] {dag.py:3239} INFO - Sync 1 DAGs
[2024-12-10T17:44:52.262-0600] {logging_mixin.py:190} INFO - [2024-12-10T17:44:52.261-0600] {dag.py:4180} INFO - Setting next_dagrun for tutorial_taskflow_templates to 2024-12-09 00:00:00+00:00, run_after=2024-12-10 00:00:00+00:00
[2024-12-10T17:44:52.280-0600] {processor.py:208} INFO - Processing /root/airflow_env/lib/python3.12/site-packages/airflow/example_dags/tutorial_taskflow_templates.py took 0.060 seconds
[2024-12-10T17:45:48.035-0600] {processor.py:186} INFO - Started process (PID=4027) to work on /root/airflow_env/lib/python3.12/site-packages/airflow/example_dags/tutorial_taskflow_templates.py
[2024-12-10T17:45:48.038-0600] {processor.py:914} INFO - Processing file /root/airflow_env/lib/python3.12/site-packages/airflow/example_dags/tutorial_taskflow_templates.py for tasks to queue
[2024-12-10T17:45:48.039-0600] {logging_mixin.py:190} INFO - [2024-12-10T17:45:48.039-0600] {dagbag.py:588} INFO - Filling up the DagBag from /root/airflow_env/lib/python3.12/site-packages/airflow/example_dags/tutorial_taskflow_templates.py
[2024-12-10T17:45:48.048-0600] {processor.py:925} INFO - DAG(s) 'tutorial_taskflow_templates' retrieved from /root/airflow_env/lib/python3.12/site-packages/airflow/example_dags/tutorial_taskflow_templates.py
[2024-12-10T17:45:48.060-0600] {logging_mixin.py:190} INFO - [2024-12-10T17:45:48.060-0600] {dag.py:3239} INFO - Sync 1 DAGs
[2024-12-10T17:45:48.072-0600] {logging_mixin.py:190} INFO - [2024-12-10T17:45:48.072-0600] {dag.py:4180} INFO - Setting next_dagrun for tutorial_taskflow_templates to 2024-12-09 00:00:00+00:00, run_after=2024-12-10 00:00:00+00:00
[2024-12-10T17:45:48.089-0600] {processor.py:208} INFO - Processing /root/airflow_env/lib/python3.12/site-packages/airflow/example_dags/tutorial_taskflow_templates.py took 0.058 seconds
[2024-12-10T17:46:45.998-0600] {processor.py:186} INFO - Started process (PID=4087) to work on /root/airflow_env/lib/python3.12/site-packages/airflow/example_dags/tutorial_taskflow_templates.py
[2024-12-10T17:46:46.000-0600] {processor.py:914} INFO - Processing file /root/airflow_env/lib/python3.12/site-packages/airflow/example_dags/tutorial_taskflow_templates.py for tasks to queue
[2024-12-10T17:46:46.002-0600] {logging_mixin.py:190} INFO - [2024-12-10T17:46:46.001-0600] {dagbag.py:588} INFO - Filling up the DagBag from /root/airflow_env/lib/python3.12/site-packages/airflow/example_dags/tutorial_taskflow_templates.py
[2024-12-10T17:46:46.012-0600] {processor.py:925} INFO - DAG(s) 'tutorial_taskflow_templates' retrieved from /root/airflow_env/lib/python3.12/site-packages/airflow/example_dags/tutorial_taskflow_templates.py
[2024-12-10T17:46:46.022-0600] {logging_mixin.py:190} INFO - [2024-12-10T17:46:46.022-0600] {dag.py:3239} INFO - Sync 1 DAGs
[2024-12-10T17:46:46.036-0600] {logging_mixin.py:190} INFO - [2024-12-10T17:46:46.036-0600] {dag.py:4180} INFO - Setting next_dagrun for tutorial_taskflow_templates to 2024-12-09 00:00:00+00:00, run_after=2024-12-10 00:00:00+00:00
[2024-12-10T17:46:46.137-0600] {processor.py:208} INFO - Processing /root/airflow_env/lib/python3.12/site-packages/airflow/example_dags/tutorial_taskflow_templates.py took 0.142 seconds
[2024-12-10T17:47:44.447-0600] {processor.py:186} INFO - Started process (PID=4149) to work on /root/airflow_env/lib/python3.12/site-packages/airflow/example_dags/tutorial_taskflow_templates.py
[2024-12-10T17:47:44.449-0600] {processor.py:914} INFO - Processing file /root/airflow_env/lib/python3.12/site-packages/airflow/example_dags/tutorial_taskflow_templates.py for tasks to queue
[2024-12-10T17:47:44.451-0600] {logging_mixin.py:190} INFO - [2024-12-10T17:47:44.451-0600] {dagbag.py:588} INFO - Filling up the DagBag from /root/airflow_env/lib/python3.12/site-packages/airflow/example_dags/tutorial_taskflow_templates.py
[2024-12-10T17:47:44.460-0600] {processor.py:925} INFO - DAG(s) 'tutorial_taskflow_templates' retrieved from /root/airflow_env/lib/python3.12/site-packages/airflow/example_dags/tutorial_taskflow_templates.py
[2024-12-10T17:47:44.471-0600] {logging_mixin.py:190} INFO - [2024-12-10T17:47:44.470-0600] {dag.py:3239} INFO - Sync 1 DAGs
[2024-12-10T17:47:44.484-0600] {logging_mixin.py:190} INFO - [2024-12-10T17:47:44.484-0600] {dag.py:4180} INFO - Setting next_dagrun for tutorial_taskflow_templates to 2024-12-09 00:00:00+00:00, run_after=2024-12-10 00:00:00+00:00
[2024-12-10T17:47:44.586-0600] {processor.py:208} INFO - Processing /root/airflow_env/lib/python3.12/site-packages/airflow/example_dags/tutorial_taskflow_templates.py took 0.142 seconds
[2024-12-10T17:48:41.234-0600] {processor.py:186} INFO - Started process (PID=4209) to work on /root/airflow_env/lib/python3.12/site-packages/airflow/example_dags/tutorial_taskflow_templates.py
[2024-12-10T17:48:41.236-0600] {processor.py:914} INFO - Processing file /root/airflow_env/lib/python3.12/site-packages/airflow/example_dags/tutorial_taskflow_templates.py for tasks to queue
[2024-12-10T17:48:41.238-0600] {logging_mixin.py:190} INFO - [2024-12-10T17:48:41.238-0600] {dagbag.py:588} INFO - Filling up the DagBag from /root/airflow_env/lib/python3.12/site-packages/airflow/example_dags/tutorial_taskflow_templates.py
[2024-12-10T17:48:41.247-0600] {processor.py:925} INFO - DAG(s) 'tutorial_taskflow_templates' retrieved from /root/airflow_env/lib/python3.12/site-packages/airflow/example_dags/tutorial_taskflow_templates.py
[2024-12-10T17:48:41.258-0600] {logging_mixin.py:190} INFO - [2024-12-10T17:48:41.258-0600] {dag.py:3239} INFO - Sync 1 DAGs
[2024-12-10T17:48:41.271-0600] {logging_mixin.py:190} INFO - [2024-12-10T17:48:41.270-0600] {dag.py:4180} INFO - Setting next_dagrun for tutorial_taskflow_templates to 2024-12-09 00:00:00+00:00, run_after=2024-12-10 00:00:00+00:00
[2024-12-10T17:48:41.287-0600] {processor.py:208} INFO - Processing /root/airflow_env/lib/python3.12/site-packages/airflow/example_dags/tutorial_taskflow_templates.py took 0.057 seconds
[2024-12-10T17:49:37.796-0600] {processor.py:186} INFO - Started process (PID=4267) to work on /root/airflow_env/lib/python3.12/site-packages/airflow/example_dags/tutorial_taskflow_templates.py
[2024-12-10T17:49:37.798-0600] {processor.py:914} INFO - Processing file /root/airflow_env/lib/python3.12/site-packages/airflow/example_dags/tutorial_taskflow_templates.py for tasks to queue
[2024-12-10T17:49:37.800-0600] {logging_mixin.py:190} INFO - [2024-12-10T17:49:37.800-0600] {dagbag.py:588} INFO - Filling up the DagBag from /root/airflow_env/lib/python3.12/site-packages/airflow/example_dags/tutorial_taskflow_templates.py
[2024-12-10T17:49:37.809-0600] {processor.py:925} INFO - DAG(s) 'tutorial_taskflow_templates' retrieved from /root/airflow_env/lib/python3.12/site-packages/airflow/example_dags/tutorial_taskflow_templates.py
[2024-12-10T17:49:37.820-0600] {logging_mixin.py:190} INFO - [2024-12-10T17:49:37.820-0600] {dag.py:3239} INFO - Sync 1 DAGs
[2024-12-10T17:49:37.834-0600] {logging_mixin.py:190} INFO - [2024-12-10T17:49:37.833-0600] {dag.py:4180} INFO - Setting next_dagrun for tutorial_taskflow_templates to 2024-12-09 00:00:00+00:00, run_after=2024-12-10 00:00:00+00:00
[2024-12-10T17:49:37.850-0600] {processor.py:208} INFO - Processing /root/airflow_env/lib/python3.12/site-packages/airflow/example_dags/tutorial_taskflow_templates.py took 0.058 seconds
[2024-12-10T17:50:29.927-0600] {processor.py:186} INFO - Started process (PID=4330) to work on /root/airflow_env/lib/python3.12/site-packages/airflow/example_dags/tutorial_taskflow_templates.py
[2024-12-10T17:50:29.928-0600] {processor.py:914} INFO - Processing file /root/airflow_env/lib/python3.12/site-packages/airflow/example_dags/tutorial_taskflow_templates.py for tasks to queue
[2024-12-10T17:50:29.930-0600] {logging_mixin.py:190} INFO - [2024-12-10T17:50:29.930-0600] {dagbag.py:588} INFO - Filling up the DagBag from /root/airflow_env/lib/python3.12/site-packages/airflow/example_dags/tutorial_taskflow_templates.py
[2024-12-10T17:50:29.940-0600] {processor.py:925} INFO - DAG(s) 'tutorial_taskflow_templates' retrieved from /root/airflow_env/lib/python3.12/site-packages/airflow/example_dags/tutorial_taskflow_templates.py
[2024-12-10T17:50:29.951-0600] {logging_mixin.py:190} INFO - [2024-12-10T17:50:29.951-0600] {dag.py:3239} INFO - Sync 1 DAGs
[2024-12-10T17:50:29.964-0600] {logging_mixin.py:190} INFO - [2024-12-10T17:50:29.964-0600] {dag.py:4180} INFO - Setting next_dagrun for tutorial_taskflow_templates to 2024-12-09 00:00:00+00:00, run_after=2024-12-10 00:00:00+00:00
[2024-12-10T17:50:29.980-0600] {processor.py:208} INFO - Processing /root/airflow_env/lib/python3.12/site-packages/airflow/example_dags/tutorial_taskflow_templates.py took 0.057 seconds
[2024-12-10T17:55:39.717-0600] {processor.py:186} INFO - Started process (PID=4639) to work on /root/airflow_env/lib/python3.12/site-packages/airflow/example_dags/tutorial_taskflow_templates.py
[2024-12-10T17:55:39.719-0600] {processor.py:914} INFO - Processing file /root/airflow_env/lib/python3.12/site-packages/airflow/example_dags/tutorial_taskflow_templates.py for tasks to queue
[2024-12-10T17:55:39.721-0600] {logging_mixin.py:190} INFO - [2024-12-10T17:55:39.720-0600] {dagbag.py:588} INFO - Filling up the DagBag from /root/airflow_env/lib/python3.12/site-packages/airflow/example_dags/tutorial_taskflow_templates.py
[2024-12-10T17:55:39.730-0600] {processor.py:925} INFO - DAG(s) 'tutorial_taskflow_templates' retrieved from /root/airflow_env/lib/python3.12/site-packages/airflow/example_dags/tutorial_taskflow_templates.py
[2024-12-10T17:55:39.741-0600] {logging_mixin.py:190} INFO - [2024-12-10T17:55:39.741-0600] {dag.py:3239} INFO - Sync 1 DAGs
[2024-12-10T17:55:39.754-0600] {logging_mixin.py:190} INFO - [2024-12-10T17:55:39.753-0600] {dag.py:4180} INFO - Setting next_dagrun for tutorial_taskflow_templates to 2024-12-09 00:00:00+00:00, run_after=2024-12-10 00:00:00+00:00
[2024-12-10T17:55:39.771-0600] {processor.py:208} INFO - Processing /root/airflow_env/lib/python3.12/site-packages/airflow/example_dags/tutorial_taskflow_templates.py took 0.058 seconds
[2024-12-10T17:56:38.467-0600] {processor.py:186} INFO - Started process (PID=4712) to work on /root/airflow_env/lib/python3.12/site-packages/airflow/example_dags/tutorial_taskflow_templates.py
[2024-12-10T17:56:38.469-0600] {processor.py:914} INFO - Processing file /root/airflow_env/lib/python3.12/site-packages/airflow/example_dags/tutorial_taskflow_templates.py for tasks to queue
[2024-12-10T17:56:38.471-0600] {logging_mixin.py:190} INFO - [2024-12-10T17:56:38.470-0600] {dagbag.py:588} INFO - Filling up the DagBag from /root/airflow_env/lib/python3.12/site-packages/airflow/example_dags/tutorial_taskflow_templates.py
[2024-12-10T17:56:38.480-0600] {processor.py:925} INFO - DAG(s) 'tutorial_taskflow_templates' retrieved from /root/airflow_env/lib/python3.12/site-packages/airflow/example_dags/tutorial_taskflow_templates.py
[2024-12-10T17:56:38.491-0600] {logging_mixin.py:190} INFO - [2024-12-10T17:56:38.491-0600] {dag.py:3239} INFO - Sync 1 DAGs
[2024-12-10T17:56:38.504-0600] {logging_mixin.py:190} INFO - [2024-12-10T17:56:38.504-0600] {dag.py:4180} INFO - Setting next_dagrun for tutorial_taskflow_templates to 2024-12-09 00:00:00+00:00, run_after=2024-12-10 00:00:00+00:00
[2024-12-10T17:56:38.520-0600] {processor.py:208} INFO - Processing /root/airflow_env/lib/python3.12/site-packages/airflow/example_dags/tutorial_taskflow_templates.py took 0.057 seconds
[2024-12-10T17:57:34.137-0600] {processor.py:186} INFO - Started process (PID=4790) to work on /root/airflow_env/lib/python3.12/site-packages/airflow/example_dags/tutorial_taskflow_templates.py
[2024-12-10T17:57:34.140-0600] {processor.py:914} INFO - Processing file /root/airflow_env/lib/python3.12/site-packages/airflow/example_dags/tutorial_taskflow_templates.py for tasks to queue
[2024-12-10T17:57:34.143-0600] {logging_mixin.py:190} INFO - [2024-12-10T17:57:34.142-0600] {dagbag.py:588} INFO - Filling up the DagBag from /root/airflow_env/lib/python3.12/site-packages/airflow/example_dags/tutorial_taskflow_templates.py
[2024-12-10T17:57:34.152-0600] {processor.py:925} INFO - DAG(s) 'tutorial_taskflow_templates' retrieved from /root/airflow_env/lib/python3.12/site-packages/airflow/example_dags/tutorial_taskflow_templates.py
[2024-12-10T17:57:34.163-0600] {logging_mixin.py:190} INFO - [2024-12-10T17:57:34.163-0600] {dag.py:3239} INFO - Sync 1 DAGs
[2024-12-10T17:57:34.178-0600] {logging_mixin.py:190} INFO - [2024-12-10T17:57:34.178-0600] {dag.py:4180} INFO - Setting next_dagrun for tutorial_taskflow_templates to 2024-12-09 00:00:00+00:00, run_after=2024-12-10 00:00:00+00:00
[2024-12-10T17:57:34.195-0600] {processor.py:208} INFO - Processing /root/airflow_env/lib/python3.12/site-packages/airflow/example_dags/tutorial_taskflow_templates.py took 0.062 seconds
[2024-12-10T17:58:30.011-0600] {processor.py:186} INFO - Started process (PID=4860) to work on /root/airflow_env/lib/python3.12/site-packages/airflow/example_dags/tutorial_taskflow_templates.py
[2024-12-10T17:58:30.014-0600] {processor.py:914} INFO - Processing file /root/airflow_env/lib/python3.12/site-packages/airflow/example_dags/tutorial_taskflow_templates.py for tasks to queue
[2024-12-10T17:58:30.016-0600] {logging_mixin.py:190} INFO - [2024-12-10T17:58:30.015-0600] {dagbag.py:588} INFO - Filling up the DagBag from /root/airflow_env/lib/python3.12/site-packages/airflow/example_dags/tutorial_taskflow_templates.py
[2024-12-10T17:58:30.024-0600] {processor.py:925} INFO - DAG(s) 'tutorial_taskflow_templates' retrieved from /root/airflow_env/lib/python3.12/site-packages/airflow/example_dags/tutorial_taskflow_templates.py
[2024-12-10T17:58:30.035-0600] {logging_mixin.py:190} INFO - [2024-12-10T17:58:30.034-0600] {dag.py:3239} INFO - Sync 1 DAGs
[2024-12-10T17:58:30.047-0600] {logging_mixin.py:190} INFO - [2024-12-10T17:58:30.047-0600] {dag.py:4180} INFO - Setting next_dagrun for tutorial_taskflow_templates to 2024-12-09 00:00:00+00:00, run_after=2024-12-10 00:00:00+00:00
[2024-12-10T17:58:30.064-0600] {processor.py:208} INFO - Processing /root/airflow_env/lib/python3.12/site-packages/airflow/example_dags/tutorial_taskflow_templates.py took 0.057 seconds
[2024-12-10T17:59:40.748-0600] {processor.py:186} INFO - Started process (PID=4963) to work on /root/airflow_env/lib/python3.12/site-packages/airflow/example_dags/tutorial_taskflow_templates.py
[2024-12-10T17:59:40.750-0600] {processor.py:914} INFO - Processing file /root/airflow_env/lib/python3.12/site-packages/airflow/example_dags/tutorial_taskflow_templates.py for tasks to queue
[2024-12-10T17:59:40.752-0600] {logging_mixin.py:190} INFO - [2024-12-10T17:59:40.752-0600] {dagbag.py:588} INFO - Filling up the DagBag from /root/airflow_env/lib/python3.12/site-packages/airflow/example_dags/tutorial_taskflow_templates.py
[2024-12-10T17:59:40.760-0600] {processor.py:925} INFO - DAG(s) 'tutorial_taskflow_templates' retrieved from /root/airflow_env/lib/python3.12/site-packages/airflow/example_dags/tutorial_taskflow_templates.py
[2024-12-10T17:59:40.771-0600] {logging_mixin.py:190} INFO - [2024-12-10T17:59:40.771-0600] {dag.py:3239} INFO - Sync 1 DAGs
[2024-12-10T17:59:40.789-0600] {logging_mixin.py:190} INFO - [2024-12-10T17:59:40.789-0600] {dag.py:4180} INFO - Setting next_dagrun for tutorial_taskflow_templates to 2024-12-09 00:00:00+00:00, run_after=2024-12-10 00:00:00+00:00
[2024-12-10T17:59:40.809-0600] {processor.py:208} INFO - Processing /root/airflow_env/lib/python3.12/site-packages/airflow/example_dags/tutorial_taskflow_templates.py took 0.065 seconds
