[2024-12-10T17:00:05.452-0600] {processor.py:186} INFO - Started process (PID=694) to work on /root/airflow_env/lib/python3.12/site-packages/airflow/example_dags/tutorial_objectstorage.py
[2024-12-10T17:00:05.455-0600] {processor.py:914} INFO - Processing file /root/airflow_env/lib/python3.12/site-packages/airflow/example_dags/tutorial_objectstorage.py for tasks to queue
[2024-12-10T17:00:05.462-0600] {logging_mixin.py:190} INFO - [2024-12-10T17:00:05.461-0600] {dagbag.py:588} INFO - Filling up the DagBag from /root/airflow_env/lib/python3.12/site-packages/airflow/example_dags/tutorial_objectstorage.py
[2024-12-10T17:00:05.481-0600] {processor.py:925} INFO - DAG(s) 'tutorial_objectstorage' retrieved from /root/airflow_env/lib/python3.12/site-packages/airflow/example_dags/tutorial_objectstorage.py
[2024-12-10T17:00:05.525-0600] {logging_mixin.py:190} INFO - [2024-12-10T17:00:05.525-0600] {dag.py:3239} INFO - Sync 1 DAGs
[2024-12-10T17:00:05.535-0600] {logging_mixin.py:190} INFO - [2024-12-10T17:00:05.535-0600] {dag.py:4180} INFO - Setting next_dagrun for tutorial_objectstorage to None, run_after=None
[2024-12-10T17:00:05.579-0600] {processor.py:208} INFO - Processing /root/airflow_env/lib/python3.12/site-packages/airflow/example_dags/tutorial_objectstorage.py took 0.143 seconds
[2024-12-10T17:01:01.143-0600] {processor.py:186} INFO - Started process (PID=765) to work on /root/airflow_env/lib/python3.12/site-packages/airflow/example_dags/tutorial_objectstorage.py
[2024-12-10T17:01:01.144-0600] {processor.py:914} INFO - Processing file /root/airflow_env/lib/python3.12/site-packages/airflow/example_dags/tutorial_objectstorage.py for tasks to queue
[2024-12-10T17:01:01.146-0600] {logging_mixin.py:190} INFO - [2024-12-10T17:01:01.145-0600] {dagbag.py:588} INFO - Filling up the DagBag from /root/airflow_env/lib/python3.12/site-packages/airflow/example_dags/tutorial_objectstorage.py
[2024-12-10T17:01:01.153-0600] {processor.py:925} INFO - DAG(s) 'tutorial_objectstorage' retrieved from /root/airflow_env/lib/python3.12/site-packages/airflow/example_dags/tutorial_objectstorage.py
[2024-12-10T17:01:01.164-0600] {logging_mixin.py:190} INFO - [2024-12-10T17:01:01.163-0600] {dag.py:3239} INFO - Sync 1 DAGs
[2024-12-10T17:01:01.173-0600] {logging_mixin.py:190} INFO - [2024-12-10T17:01:01.173-0600] {dag.py:4180} INFO - Setting next_dagrun for tutorial_objectstorage to None, run_after=None
[2024-12-10T17:01:01.191-0600] {processor.py:208} INFO - Processing /root/airflow_env/lib/python3.12/site-packages/airflow/example_dags/tutorial_objectstorage.py took 0.053 seconds
[2024-12-10T17:02:16.196-0600] {processor.py:186} INFO - Started process (PID=903) to work on /root/airflow_env/lib/python3.12/site-packages/airflow/example_dags/tutorial_objectstorage.py
[2024-12-10T17:02:16.198-0600] {processor.py:914} INFO - Processing file /root/airflow_env/lib/python3.12/site-packages/airflow/example_dags/tutorial_objectstorage.py for tasks to queue
[2024-12-10T17:02:16.201-0600] {logging_mixin.py:190} INFO - [2024-12-10T17:02:16.200-0600] {dagbag.py:588} INFO - Filling up the DagBag from /root/airflow_env/lib/python3.12/site-packages/airflow/example_dags/tutorial_objectstorage.py
[2024-12-10T17:02:16.216-0600] {processor.py:925} INFO - DAG(s) 'tutorial_objectstorage' retrieved from /root/airflow_env/lib/python3.12/site-packages/airflow/example_dags/tutorial_objectstorage.py
[2024-12-10T17:02:16.243-0600] {logging_mixin.py:190} INFO - [2024-12-10T17:02:16.243-0600] {dag.py:3239} INFO - Sync 1 DAGs
[2024-12-10T17:02:16.265-0600] {logging_mixin.py:190} INFO - [2024-12-10T17:02:16.265-0600] {dag.py:4180} INFO - Setting next_dagrun for tutorial_objectstorage to None, run_after=None
[2024-12-10T17:02:16.295-0600] {processor.py:208} INFO - Processing /root/airflow_env/lib/python3.12/site-packages/airflow/example_dags/tutorial_objectstorage.py took 0.109 seconds
[2024-12-10T17:03:12.953-0600] {processor.py:186} INFO - Started process (PID=974) to work on /root/airflow_env/lib/python3.12/site-packages/airflow/example_dags/tutorial_objectstorage.py
[2024-12-10T17:03:12.954-0600] {processor.py:914} INFO - Processing file /root/airflow_env/lib/python3.12/site-packages/airflow/example_dags/tutorial_objectstorage.py for tasks to queue
[2024-12-10T17:03:12.956-0600] {logging_mixin.py:190} INFO - [2024-12-10T17:03:12.955-0600] {dagbag.py:588} INFO - Filling up the DagBag from /root/airflow_env/lib/python3.12/site-packages/airflow/example_dags/tutorial_objectstorage.py
[2024-12-10T17:03:12.963-0600] {processor.py:925} INFO - DAG(s) 'tutorial_objectstorage' retrieved from /root/airflow_env/lib/python3.12/site-packages/airflow/example_dags/tutorial_objectstorage.py
[2024-12-10T17:03:12.974-0600] {logging_mixin.py:190} INFO - [2024-12-10T17:03:12.974-0600] {dag.py:3239} INFO - Sync 1 DAGs
[2024-12-10T17:03:12.984-0600] {logging_mixin.py:190} INFO - [2024-12-10T17:03:12.983-0600] {dag.py:4180} INFO - Setting next_dagrun for tutorial_objectstorage to None, run_after=None
[2024-12-10T17:03:13.000-0600] {processor.py:208} INFO - Processing /root/airflow_env/lib/python3.12/site-packages/airflow/example_dags/tutorial_objectstorage.py took 0.052 seconds
[2024-12-10T17:04:04.436-0600] {processor.py:186} INFO - Started process (PID=1036) to work on /root/airflow_env/lib/python3.12/site-packages/airflow/example_dags/tutorial_objectstorage.py
[2024-12-10T17:04:04.437-0600] {processor.py:914} INFO - Processing file /root/airflow_env/lib/python3.12/site-packages/airflow/example_dags/tutorial_objectstorage.py for tasks to queue
[2024-12-10T17:04:04.439-0600] {logging_mixin.py:190} INFO - [2024-12-10T17:04:04.439-0600] {dagbag.py:588} INFO - Filling up the DagBag from /root/airflow_env/lib/python3.12/site-packages/airflow/example_dags/tutorial_objectstorage.py
[2024-12-10T17:04:04.446-0600] {processor.py:925} INFO - DAG(s) 'tutorial_objectstorage' retrieved from /root/airflow_env/lib/python3.12/site-packages/airflow/example_dags/tutorial_objectstorage.py
[2024-12-10T17:04:04.458-0600] {logging_mixin.py:190} INFO - [2024-12-10T17:04:04.458-0600] {dag.py:3239} INFO - Sync 1 DAGs
[2024-12-10T17:04:04.467-0600] {logging_mixin.py:190} INFO - [2024-12-10T17:04:04.467-0600] {dag.py:4180} INFO - Setting next_dagrun for tutorial_objectstorage to None, run_after=None
[2024-12-10T17:04:04.485-0600] {processor.py:208} INFO - Processing /root/airflow_env/lib/python3.12/site-packages/airflow/example_dags/tutorial_objectstorage.py took 0.055 seconds
[2024-12-10T17:05:00.849-0600] {processor.py:186} INFO - Started process (PID=1095) to work on /root/airflow_env/lib/python3.12/site-packages/airflow/example_dags/tutorial_objectstorage.py
[2024-12-10T17:05:00.850-0600] {processor.py:914} INFO - Processing file /root/airflow_env/lib/python3.12/site-packages/airflow/example_dags/tutorial_objectstorage.py for tasks to queue
[2024-12-10T17:05:00.852-0600] {logging_mixin.py:190} INFO - [2024-12-10T17:05:00.852-0600] {dagbag.py:588} INFO - Filling up the DagBag from /root/airflow_env/lib/python3.12/site-packages/airflow/example_dags/tutorial_objectstorage.py
[2024-12-10T17:05:00.860-0600] {processor.py:925} INFO - DAG(s) 'tutorial_objectstorage' retrieved from /root/airflow_env/lib/python3.12/site-packages/airflow/example_dags/tutorial_objectstorage.py
[2024-12-10T17:05:00.871-0600] {logging_mixin.py:190} INFO - [2024-12-10T17:05:00.871-0600] {dag.py:3239} INFO - Sync 1 DAGs
[2024-12-10T17:05:00.880-0600] {logging_mixin.py:190} INFO - [2024-12-10T17:05:00.879-0600] {dag.py:4180} INFO - Setting next_dagrun for tutorial_objectstorage to None, run_after=None
[2024-12-10T17:05:00.897-0600] {processor.py:208} INFO - Processing /root/airflow_env/lib/python3.12/site-packages/airflow/example_dags/tutorial_objectstorage.py took 0.052 seconds
[2024-12-10T17:05:52.362-0600] {processor.py:186} INFO - Started process (PID=1157) to work on /root/airflow_env/lib/python3.12/site-packages/airflow/example_dags/tutorial_objectstorage.py
[2024-12-10T17:05:52.364-0600] {processor.py:914} INFO - Processing file /root/airflow_env/lib/python3.12/site-packages/airflow/example_dags/tutorial_objectstorage.py for tasks to queue
[2024-12-10T17:05:52.365-0600] {logging_mixin.py:190} INFO - [2024-12-10T17:05:52.365-0600] {dagbag.py:588} INFO - Filling up the DagBag from /root/airflow_env/lib/python3.12/site-packages/airflow/example_dags/tutorial_objectstorage.py
[2024-12-10T17:05:52.373-0600] {processor.py:925} INFO - DAG(s) 'tutorial_objectstorage' retrieved from /root/airflow_env/lib/python3.12/site-packages/airflow/example_dags/tutorial_objectstorage.py
[2024-12-10T17:05:52.383-0600] {logging_mixin.py:190} INFO - [2024-12-10T17:05:52.383-0600] {dag.py:3239} INFO - Sync 1 DAGs
[2024-12-10T17:05:52.392-0600] {logging_mixin.py:190} INFO - [2024-12-10T17:05:52.392-0600] {dag.py:4180} INFO - Setting next_dagrun for tutorial_objectstorage to None, run_after=None
[2024-12-10T17:05:52.410-0600] {processor.py:208} INFO - Processing /root/airflow_env/lib/python3.12/site-packages/airflow/example_dags/tutorial_objectstorage.py took 0.051 seconds
[2024-12-10T17:06:45.634-0600] {processor.py:186} INFO - Started process (PID=1220) to work on /root/airflow_env/lib/python3.12/site-packages/airflow/example_dags/tutorial_objectstorage.py
[2024-12-10T17:06:45.636-0600] {processor.py:914} INFO - Processing file /root/airflow_env/lib/python3.12/site-packages/airflow/example_dags/tutorial_objectstorage.py for tasks to queue
[2024-12-10T17:06:45.637-0600] {logging_mixin.py:190} INFO - [2024-12-10T17:06:45.637-0600] {dagbag.py:588} INFO - Filling up the DagBag from /root/airflow_env/lib/python3.12/site-packages/airflow/example_dags/tutorial_objectstorage.py
[2024-12-10T17:06:45.645-0600] {processor.py:925} INFO - DAG(s) 'tutorial_objectstorage' retrieved from /root/airflow_env/lib/python3.12/site-packages/airflow/example_dags/tutorial_objectstorage.py
[2024-12-10T17:06:45.663-0600] {logging_mixin.py:190} INFO - [2024-12-10T17:06:45.663-0600] {dag.py:3239} INFO - Sync 1 DAGs
[2024-12-10T17:06:45.673-0600] {logging_mixin.py:190} INFO - [2024-12-10T17:06:45.673-0600] {dag.py:4180} INFO - Setting next_dagrun for tutorial_objectstorage to None, run_after=None
[2024-12-10T17:06:45.694-0600] {processor.py:208} INFO - Processing /root/airflow_env/lib/python3.12/site-packages/airflow/example_dags/tutorial_objectstorage.py took 0.064 seconds
[2024-12-10T17:07:41.648-0600] {processor.py:186} INFO - Started process (PID=1281) to work on /root/airflow_env/lib/python3.12/site-packages/airflow/example_dags/tutorial_objectstorage.py
[2024-12-10T17:07:41.651-0600] {processor.py:914} INFO - Processing file /root/airflow_env/lib/python3.12/site-packages/airflow/example_dags/tutorial_objectstorage.py for tasks to queue
[2024-12-10T17:07:41.652-0600] {logging_mixin.py:190} INFO - [2024-12-10T17:07:41.652-0600] {dagbag.py:588} INFO - Filling up the DagBag from /root/airflow_env/lib/python3.12/site-packages/airflow/example_dags/tutorial_objectstorage.py
[2024-12-10T17:07:41.660-0600] {processor.py:925} INFO - DAG(s) 'tutorial_objectstorage' retrieved from /root/airflow_env/lib/python3.12/site-packages/airflow/example_dags/tutorial_objectstorage.py
[2024-12-10T17:07:41.671-0600] {logging_mixin.py:190} INFO - [2024-12-10T17:07:41.670-0600] {dag.py:3239} INFO - Sync 1 DAGs
[2024-12-10T17:07:41.679-0600] {logging_mixin.py:190} INFO - [2024-12-10T17:07:41.679-0600] {dag.py:4180} INFO - Setting next_dagrun for tutorial_objectstorage to None, run_after=None
[2024-12-10T17:07:41.702-0600] {processor.py:208} INFO - Processing /root/airflow_env/lib/python3.12/site-packages/airflow/example_dags/tutorial_objectstorage.py took 0.059 seconds
[2024-12-10T17:08:31.325-0600] {processor.py:186} INFO - Started process (PID=1382) to work on /root/airflow_env/lib/python3.12/site-packages/airflow/example_dags/tutorial_objectstorage.py
[2024-12-10T17:08:31.328-0600] {processor.py:914} INFO - Processing file /root/airflow_env/lib/python3.12/site-packages/airflow/example_dags/tutorial_objectstorage.py for tasks to queue
[2024-12-10T17:08:31.329-0600] {logging_mixin.py:190} INFO - [2024-12-10T17:08:31.329-0600] {dagbag.py:588} INFO - Filling up the DagBag from /root/airflow_env/lib/python3.12/site-packages/airflow/example_dags/tutorial_objectstorage.py
[2024-12-10T17:08:31.337-0600] {processor.py:925} INFO - DAG(s) 'tutorial_objectstorage' retrieved from /root/airflow_env/lib/python3.12/site-packages/airflow/example_dags/tutorial_objectstorage.py
[2024-12-10T17:08:31.348-0600] {logging_mixin.py:190} INFO - [2024-12-10T17:08:31.347-0600] {dag.py:3239} INFO - Sync 1 DAGs
[2024-12-10T17:08:31.356-0600] {logging_mixin.py:190} INFO - [2024-12-10T17:08:31.356-0600] {dag.py:4180} INFO - Setting next_dagrun for tutorial_objectstorage to None, run_after=None
[2024-12-10T17:08:31.373-0600] {processor.py:208} INFO - Processing /root/airflow_env/lib/python3.12/site-packages/airflow/example_dags/tutorial_objectstorage.py took 0.052 seconds
[2024-12-10T17:09:20.649-0600] {processor.py:186} INFO - Started process (PID=1444) to work on /root/airflow_env/lib/python3.12/site-packages/airflow/example_dags/tutorial_objectstorage.py
[2024-12-10T17:09:20.651-0600] {processor.py:914} INFO - Processing file /root/airflow_env/lib/python3.12/site-packages/airflow/example_dags/tutorial_objectstorage.py for tasks to queue
[2024-12-10T17:09:20.653-0600] {logging_mixin.py:190} INFO - [2024-12-10T17:09:20.653-0600] {dagbag.py:588} INFO - Filling up the DagBag from /root/airflow_env/lib/python3.12/site-packages/airflow/example_dags/tutorial_objectstorage.py
[2024-12-10T17:09:20.660-0600] {processor.py:925} INFO - DAG(s) 'tutorial_objectstorage' retrieved from /root/airflow_env/lib/python3.12/site-packages/airflow/example_dags/tutorial_objectstorage.py
[2024-12-10T17:09:20.672-0600] {logging_mixin.py:190} INFO - [2024-12-10T17:09:20.672-0600] {dag.py:3239} INFO - Sync 1 DAGs
[2024-12-10T17:09:20.681-0600] {logging_mixin.py:190} INFO - [2024-12-10T17:09:20.681-0600] {dag.py:4180} INFO - Setting next_dagrun for tutorial_objectstorage to None, run_after=None
[2024-12-10T17:09:20.700-0600] {processor.py:208} INFO - Processing /root/airflow_env/lib/python3.12/site-packages/airflow/example_dags/tutorial_objectstorage.py took 0.056 seconds
[2024-12-10T17:10:14.278-0600] {processor.py:186} INFO - Started process (PID=1512) to work on /root/airflow_env/lib/python3.12/site-packages/airflow/example_dags/tutorial_objectstorage.py
[2024-12-10T17:10:14.280-0600] {processor.py:914} INFO - Processing file /root/airflow_env/lib/python3.12/site-packages/airflow/example_dags/tutorial_objectstorage.py for tasks to queue
[2024-12-10T17:10:14.282-0600] {logging_mixin.py:190} INFO - [2024-12-10T17:10:14.282-0600] {dagbag.py:588} INFO - Filling up the DagBag from /root/airflow_env/lib/python3.12/site-packages/airflow/example_dags/tutorial_objectstorage.py
[2024-12-10T17:10:14.290-0600] {processor.py:925} INFO - DAG(s) 'tutorial_objectstorage' retrieved from /root/airflow_env/lib/python3.12/site-packages/airflow/example_dags/tutorial_objectstorage.py
[2024-12-10T17:10:14.300-0600] {logging_mixin.py:190} INFO - [2024-12-10T17:10:14.300-0600] {dag.py:3239} INFO - Sync 1 DAGs
[2024-12-10T17:10:14.309-0600] {logging_mixin.py:190} INFO - [2024-12-10T17:10:14.309-0600] {dag.py:4180} INFO - Setting next_dagrun for tutorial_objectstorage to None, run_after=None
[2024-12-10T17:10:14.333-0600] {processor.py:208} INFO - Processing /root/airflow_env/lib/python3.12/site-packages/airflow/example_dags/tutorial_objectstorage.py took 0.060 seconds
[2024-12-10T17:11:03.439-0600] {processor.py:186} INFO - Started process (PID=1572) to work on /root/airflow_env/lib/python3.12/site-packages/airflow/example_dags/tutorial_objectstorage.py
[2024-12-10T17:11:03.442-0600] {processor.py:914} INFO - Processing file /root/airflow_env/lib/python3.12/site-packages/airflow/example_dags/tutorial_objectstorage.py for tasks to queue
[2024-12-10T17:11:03.443-0600] {logging_mixin.py:190} INFO - [2024-12-10T17:11:03.443-0600] {dagbag.py:588} INFO - Filling up the DagBag from /root/airflow_env/lib/python3.12/site-packages/airflow/example_dags/tutorial_objectstorage.py
[2024-12-10T17:11:03.450-0600] {processor.py:925} INFO - DAG(s) 'tutorial_objectstorage' retrieved from /root/airflow_env/lib/python3.12/site-packages/airflow/example_dags/tutorial_objectstorage.py
[2024-12-10T17:11:03.461-0600] {logging_mixin.py:190} INFO - [2024-12-10T17:11:03.461-0600] {dag.py:3239} INFO - Sync 1 DAGs
[2024-12-10T17:11:03.469-0600] {logging_mixin.py:190} INFO - [2024-12-10T17:11:03.469-0600] {dag.py:4180} INFO - Setting next_dagrun for tutorial_objectstorage to None, run_after=None
[2024-12-10T17:11:03.487-0600] {processor.py:208} INFO - Processing /root/airflow_env/lib/python3.12/site-packages/airflow/example_dags/tutorial_objectstorage.py took 0.053 seconds
[2024-12-10T17:11:53.776-0600] {processor.py:186} INFO - Started process (PID=1631) to work on /root/airflow_env/lib/python3.12/site-packages/airflow/example_dags/tutorial_objectstorage.py
[2024-12-10T17:11:53.778-0600] {processor.py:914} INFO - Processing file /root/airflow_env/lib/python3.12/site-packages/airflow/example_dags/tutorial_objectstorage.py for tasks to queue
[2024-12-10T17:11:53.780-0600] {logging_mixin.py:190} INFO - [2024-12-10T17:11:53.780-0600] {dagbag.py:588} INFO - Filling up the DagBag from /root/airflow_env/lib/python3.12/site-packages/airflow/example_dags/tutorial_objectstorage.py
[2024-12-10T17:11:53.787-0600] {processor.py:925} INFO - DAG(s) 'tutorial_objectstorage' retrieved from /root/airflow_env/lib/python3.12/site-packages/airflow/example_dags/tutorial_objectstorage.py
[2024-12-10T17:11:53.797-0600] {logging_mixin.py:190} INFO - [2024-12-10T17:11:53.797-0600] {dag.py:3239} INFO - Sync 1 DAGs
[2024-12-10T17:11:53.805-0600] {logging_mixin.py:190} INFO - [2024-12-10T17:11:53.805-0600] {dag.py:4180} INFO - Setting next_dagrun for tutorial_objectstorage to None, run_after=None
[2024-12-10T17:11:53.822-0600] {processor.py:208} INFO - Processing /root/airflow_env/lib/python3.12/site-packages/airflow/example_dags/tutorial_objectstorage.py took 0.051 seconds
[2024-12-10T17:12:45.211-0600] {processor.py:186} INFO - Started process (PID=1689) to work on /root/airflow_env/lib/python3.12/site-packages/airflow/example_dags/tutorial_objectstorage.py
[2024-12-10T17:12:45.214-0600] {processor.py:914} INFO - Processing file /root/airflow_env/lib/python3.12/site-packages/airflow/example_dags/tutorial_objectstorage.py for tasks to queue
[2024-12-10T17:12:45.215-0600] {logging_mixin.py:190} INFO - [2024-12-10T17:12:45.215-0600] {dagbag.py:588} INFO - Filling up the DagBag from /root/airflow_env/lib/python3.12/site-packages/airflow/example_dags/tutorial_objectstorage.py
[2024-12-10T17:12:45.222-0600] {processor.py:925} INFO - DAG(s) 'tutorial_objectstorage' retrieved from /root/airflow_env/lib/python3.12/site-packages/airflow/example_dags/tutorial_objectstorage.py
[2024-12-10T17:12:45.232-0600] {logging_mixin.py:190} INFO - [2024-12-10T17:12:45.232-0600] {dag.py:3239} INFO - Sync 1 DAGs
[2024-12-10T17:12:45.241-0600] {logging_mixin.py:190} INFO - [2024-12-10T17:12:45.241-0600] {dag.py:4180} INFO - Setting next_dagrun for tutorial_objectstorage to None, run_after=None
[2024-12-10T17:12:45.258-0600] {processor.py:208} INFO - Processing /root/airflow_env/lib/python3.12/site-packages/airflow/example_dags/tutorial_objectstorage.py took 0.051 seconds
[2024-12-10T17:13:37.685-0600] {processor.py:186} INFO - Started process (PID=1746) to work on /root/airflow_env/lib/python3.12/site-packages/airflow/example_dags/tutorial_objectstorage.py
[2024-12-10T17:13:37.686-0600] {processor.py:914} INFO - Processing file /root/airflow_env/lib/python3.12/site-packages/airflow/example_dags/tutorial_objectstorage.py for tasks to queue
[2024-12-10T17:13:37.688-0600] {logging_mixin.py:190} INFO - [2024-12-10T17:13:37.688-0600] {dagbag.py:588} INFO - Filling up the DagBag from /root/airflow_env/lib/python3.12/site-packages/airflow/example_dags/tutorial_objectstorage.py
[2024-12-10T17:13:37.700-0600] {processor.py:925} INFO - DAG(s) 'tutorial_objectstorage' retrieved from /root/airflow_env/lib/python3.12/site-packages/airflow/example_dags/tutorial_objectstorage.py
[2024-12-10T17:13:37.710-0600] {logging_mixin.py:190} INFO - [2024-12-10T17:13:37.710-0600] {dag.py:3239} INFO - Sync 1 DAGs
[2024-12-10T17:13:37.718-0600] {logging_mixin.py:190} INFO - [2024-12-10T17:13:37.718-0600] {dag.py:4180} INFO - Setting next_dagrun for tutorial_objectstorage to None, run_after=None
[2024-12-10T17:13:37.736-0600] {processor.py:208} INFO - Processing /root/airflow_env/lib/python3.12/site-packages/airflow/example_dags/tutorial_objectstorage.py took 0.057 seconds
[2024-12-10T17:14:26.718-0600] {processor.py:186} INFO - Started process (PID=1800) to work on /root/airflow_env/lib/python3.12/site-packages/airflow/example_dags/tutorial_objectstorage.py
[2024-12-10T17:14:26.721-0600] {processor.py:914} INFO - Processing file /root/airflow_env/lib/python3.12/site-packages/airflow/example_dags/tutorial_objectstorage.py for tasks to queue
[2024-12-10T17:14:26.722-0600] {logging_mixin.py:190} INFO - [2024-12-10T17:14:26.722-0600] {dagbag.py:588} INFO - Filling up the DagBag from /root/airflow_env/lib/python3.12/site-packages/airflow/example_dags/tutorial_objectstorage.py
[2024-12-10T17:14:26.729-0600] {processor.py:925} INFO - DAG(s) 'tutorial_objectstorage' retrieved from /root/airflow_env/lib/python3.12/site-packages/airflow/example_dags/tutorial_objectstorage.py
[2024-12-10T17:14:26.739-0600] {logging_mixin.py:190} INFO - [2024-12-10T17:14:26.739-0600] {dag.py:3239} INFO - Sync 1 DAGs
[2024-12-10T17:14:26.748-0600] {logging_mixin.py:190} INFO - [2024-12-10T17:14:26.748-0600] {dag.py:4180} INFO - Setting next_dagrun for tutorial_objectstorage to None, run_after=None
[2024-12-10T17:14:26.766-0600] {processor.py:208} INFO - Processing /root/airflow_env/lib/python3.12/site-packages/airflow/example_dags/tutorial_objectstorage.py took 0.052 seconds
[2024-12-10T17:15:21.250-0600] {processor.py:186} INFO - Started process (PID=1870) to work on /root/airflow_env/lib/python3.12/site-packages/airflow/example_dags/tutorial_objectstorage.py
[2024-12-10T17:15:21.252-0600] {processor.py:914} INFO - Processing file /root/airflow_env/lib/python3.12/site-packages/airflow/example_dags/tutorial_objectstorage.py for tasks to queue
[2024-12-10T17:15:21.253-0600] {logging_mixin.py:190} INFO - [2024-12-10T17:15:21.253-0600] {dagbag.py:588} INFO - Filling up the DagBag from /root/airflow_env/lib/python3.12/site-packages/airflow/example_dags/tutorial_objectstorage.py
[2024-12-10T17:15:21.261-0600] {processor.py:925} INFO - DAG(s) 'tutorial_objectstorage' retrieved from /root/airflow_env/lib/python3.12/site-packages/airflow/example_dags/tutorial_objectstorage.py
[2024-12-10T17:15:21.272-0600] {logging_mixin.py:190} INFO - [2024-12-10T17:15:21.272-0600] {dag.py:3239} INFO - Sync 1 DAGs
[2024-12-10T17:15:21.281-0600] {logging_mixin.py:190} INFO - [2024-12-10T17:15:21.281-0600] {dag.py:4180} INFO - Setting next_dagrun for tutorial_objectstorage to None, run_after=None
[2024-12-10T17:15:21.300-0600] {processor.py:208} INFO - Processing /root/airflow_env/lib/python3.12/site-packages/airflow/example_dags/tutorial_objectstorage.py took 0.054 seconds
[2024-12-10T17:16:11.260-0600] {processor.py:186} INFO - Started process (PID=1931) to work on /root/airflow_env/lib/python3.12/site-packages/airflow/example_dags/tutorial_objectstorage.py
[2024-12-10T17:16:11.261-0600] {processor.py:914} INFO - Processing file /root/airflow_env/lib/python3.12/site-packages/airflow/example_dags/tutorial_objectstorage.py for tasks to queue
[2024-12-10T17:16:11.263-0600] {logging_mixin.py:190} INFO - [2024-12-10T17:16:11.263-0600] {dagbag.py:588} INFO - Filling up the DagBag from /root/airflow_env/lib/python3.12/site-packages/airflow/example_dags/tutorial_objectstorage.py
[2024-12-10T17:16:11.271-0600] {processor.py:925} INFO - DAG(s) 'tutorial_objectstorage' retrieved from /root/airflow_env/lib/python3.12/site-packages/airflow/example_dags/tutorial_objectstorage.py
[2024-12-10T17:16:11.282-0600] {logging_mixin.py:190} INFO - [2024-12-10T17:16:11.282-0600] {dag.py:3239} INFO - Sync 1 DAGs
[2024-12-10T17:16:11.290-0600] {logging_mixin.py:190} INFO - [2024-12-10T17:16:11.290-0600] {dag.py:4180} INFO - Setting next_dagrun for tutorial_objectstorage to None, run_after=None
[2024-12-10T17:16:11.310-0600] {processor.py:208} INFO - Processing /root/airflow_env/lib/python3.12/site-packages/airflow/example_dags/tutorial_objectstorage.py took 0.056 seconds
[2024-12-10T17:17:04.885-0600] {processor.py:186} INFO - Started process (PID=1994) to work on /root/airflow_env/lib/python3.12/site-packages/airflow/example_dags/tutorial_objectstorage.py
[2024-12-10T17:17:04.887-0600] {processor.py:914} INFO - Processing file /root/airflow_env/lib/python3.12/site-packages/airflow/example_dags/tutorial_objectstorage.py for tasks to queue
[2024-12-10T17:17:04.889-0600] {logging_mixin.py:190} INFO - [2024-12-10T17:17:04.889-0600] {dagbag.py:588} INFO - Filling up the DagBag from /root/airflow_env/lib/python3.12/site-packages/airflow/example_dags/tutorial_objectstorage.py
[2024-12-10T17:17:04.898-0600] {processor.py:925} INFO - DAG(s) 'tutorial_objectstorage' retrieved from /root/airflow_env/lib/python3.12/site-packages/airflow/example_dags/tutorial_objectstorage.py
[2024-12-10T17:17:04.911-0600] {logging_mixin.py:190} INFO - [2024-12-10T17:17:04.910-0600] {dag.py:3239} INFO - Sync 1 DAGs
[2024-12-10T17:17:04.922-0600] {logging_mixin.py:190} INFO - [2024-12-10T17:17:04.921-0600] {dag.py:4180} INFO - Setting next_dagrun for tutorial_objectstorage to None, run_after=None
[2024-12-10T17:17:04.940-0600] {processor.py:208} INFO - Processing /root/airflow_env/lib/python3.12/site-packages/airflow/example_dags/tutorial_objectstorage.py took 0.060 seconds
[2024-12-10T17:17:56.314-0600] {processor.py:186} INFO - Started process (PID=2052) to work on /root/airflow_env/lib/python3.12/site-packages/airflow/example_dags/tutorial_objectstorage.py
[2024-12-10T17:17:56.316-0600] {processor.py:914} INFO - Processing file /root/airflow_env/lib/python3.12/site-packages/airflow/example_dags/tutorial_objectstorage.py for tasks to queue
[2024-12-10T17:17:56.318-0600] {logging_mixin.py:190} INFO - [2024-12-10T17:17:56.317-0600] {dagbag.py:588} INFO - Filling up the DagBag from /root/airflow_env/lib/python3.12/site-packages/airflow/example_dags/tutorial_objectstorage.py
[2024-12-10T17:17:56.324-0600] {processor.py:925} INFO - DAG(s) 'tutorial_objectstorage' retrieved from /root/airflow_env/lib/python3.12/site-packages/airflow/example_dags/tutorial_objectstorage.py
[2024-12-10T17:17:56.334-0600] {logging_mixin.py:190} INFO - [2024-12-10T17:17:56.334-0600] {dag.py:3239} INFO - Sync 1 DAGs
[2024-12-10T17:17:56.342-0600] {logging_mixin.py:190} INFO - [2024-12-10T17:17:56.342-0600] {dag.py:4180} INFO - Setting next_dagrun for tutorial_objectstorage to None, run_after=None
[2024-12-10T17:17:56.360-0600] {processor.py:208} INFO - Processing /root/airflow_env/lib/python3.12/site-packages/airflow/example_dags/tutorial_objectstorage.py took 0.050 seconds
[2024-12-10T17:18:48.303-0600] {processor.py:186} INFO - Started process (PID=2107) to work on /root/airflow_env/lib/python3.12/site-packages/airflow/example_dags/tutorial_objectstorage.py
[2024-12-10T17:18:48.305-0600] {processor.py:914} INFO - Processing file /root/airflow_env/lib/python3.12/site-packages/airflow/example_dags/tutorial_objectstorage.py for tasks to queue
[2024-12-10T17:18:48.307-0600] {logging_mixin.py:190} INFO - [2024-12-10T17:18:48.306-0600] {dagbag.py:588} INFO - Filling up the DagBag from /root/airflow_env/lib/python3.12/site-packages/airflow/example_dags/tutorial_objectstorage.py
[2024-12-10T17:18:48.314-0600] {processor.py:925} INFO - DAG(s) 'tutorial_objectstorage' retrieved from /root/airflow_env/lib/python3.12/site-packages/airflow/example_dags/tutorial_objectstorage.py
[2024-12-10T17:18:48.325-0600] {logging_mixin.py:190} INFO - [2024-12-10T17:18:48.325-0600] {dag.py:3239} INFO - Sync 1 DAGs
[2024-12-10T17:18:48.334-0600] {logging_mixin.py:190} INFO - [2024-12-10T17:18:48.334-0600] {dag.py:4180} INFO - Setting next_dagrun for tutorial_objectstorage to None, run_after=None
[2024-12-10T17:18:48.350-0600] {processor.py:208} INFO - Processing /root/airflow_env/lib/python3.12/site-packages/airflow/example_dags/tutorial_objectstorage.py took 0.052 seconds
[2024-12-10T17:19:42.280-0600] {processor.py:186} INFO - Started process (PID=2165) to work on /root/airflow_env/lib/python3.12/site-packages/airflow/example_dags/tutorial_objectstorage.py
[2024-12-10T17:19:42.281-0600] {processor.py:914} INFO - Processing file /root/airflow_env/lib/python3.12/site-packages/airflow/example_dags/tutorial_objectstorage.py for tasks to queue
[2024-12-10T17:19:42.283-0600] {logging_mixin.py:190} INFO - [2024-12-10T17:19:42.282-0600] {dagbag.py:588} INFO - Filling up the DagBag from /root/airflow_env/lib/python3.12/site-packages/airflow/example_dags/tutorial_objectstorage.py
[2024-12-10T17:19:42.289-0600] {processor.py:925} INFO - DAG(s) 'tutorial_objectstorage' retrieved from /root/airflow_env/lib/python3.12/site-packages/airflow/example_dags/tutorial_objectstorage.py
[2024-12-10T17:19:42.299-0600] {logging_mixin.py:190} INFO - [2024-12-10T17:19:42.299-0600] {dag.py:3239} INFO - Sync 1 DAGs
[2024-12-10T17:19:42.307-0600] {logging_mixin.py:190} INFO - [2024-12-10T17:19:42.307-0600] {dag.py:4180} INFO - Setting next_dagrun for tutorial_objectstorage to None, run_after=None
[2024-12-10T17:19:42.325-0600] {processor.py:208} INFO - Processing /root/airflow_env/lib/python3.12/site-packages/airflow/example_dags/tutorial_objectstorage.py took 0.049 seconds
[2024-12-10T17:20:32.231-0600] {processor.py:186} INFO - Started process (PID=2221) to work on /root/airflow_env/lib/python3.12/site-packages/airflow/example_dags/tutorial_objectstorage.py
[2024-12-10T17:20:32.234-0600] {processor.py:914} INFO - Processing file /root/airflow_env/lib/python3.12/site-packages/airflow/example_dags/tutorial_objectstorage.py for tasks to queue
[2024-12-10T17:20:32.235-0600] {logging_mixin.py:190} INFO - [2024-12-10T17:20:32.235-0600] {dagbag.py:588} INFO - Filling up the DagBag from /root/airflow_env/lib/python3.12/site-packages/airflow/example_dags/tutorial_objectstorage.py
[2024-12-10T17:20:32.242-0600] {processor.py:925} INFO - DAG(s) 'tutorial_objectstorage' retrieved from /root/airflow_env/lib/python3.12/site-packages/airflow/example_dags/tutorial_objectstorage.py
[2024-12-10T17:20:32.253-0600] {logging_mixin.py:190} INFO - [2024-12-10T17:20:32.252-0600] {dag.py:3239} INFO - Sync 1 DAGs
[2024-12-10T17:20:32.261-0600] {logging_mixin.py:190} INFO - [2024-12-10T17:20:32.260-0600] {dag.py:4180} INFO - Setting next_dagrun for tutorial_objectstorage to None, run_after=None
[2024-12-10T17:20:32.278-0600] {processor.py:208} INFO - Processing /root/airflow_env/lib/python3.12/site-packages/airflow/example_dags/tutorial_objectstorage.py took 0.051 seconds
[2024-12-10T17:21:26.287-0600] {processor.py:186} INFO - Started process (PID=2279) to work on /root/airflow_env/lib/python3.12/site-packages/airflow/example_dags/tutorial_objectstorage.py
[2024-12-10T17:21:26.289-0600] {processor.py:914} INFO - Processing file /root/airflow_env/lib/python3.12/site-packages/airflow/example_dags/tutorial_objectstorage.py for tasks to queue
[2024-12-10T17:21:26.291-0600] {logging_mixin.py:190} INFO - [2024-12-10T17:21:26.290-0600] {dagbag.py:588} INFO - Filling up the DagBag from /root/airflow_env/lib/python3.12/site-packages/airflow/example_dags/tutorial_objectstorage.py
[2024-12-10T17:21:26.298-0600] {processor.py:925} INFO - DAG(s) 'tutorial_objectstorage' retrieved from /root/airflow_env/lib/python3.12/site-packages/airflow/example_dags/tutorial_objectstorage.py
[2024-12-10T17:21:26.308-0600] {logging_mixin.py:190} INFO - [2024-12-10T17:21:26.308-0600] {dag.py:3239} INFO - Sync 1 DAGs
[2024-12-10T17:21:26.316-0600] {logging_mixin.py:190} INFO - [2024-12-10T17:21:26.316-0600] {dag.py:4180} INFO - Setting next_dagrun for tutorial_objectstorage to None, run_after=None
[2024-12-10T17:21:26.333-0600] {processor.py:208} INFO - Processing /root/airflow_env/lib/python3.12/site-packages/airflow/example_dags/tutorial_objectstorage.py took 0.050 seconds
[2024-12-10T17:22:19.580-0600] {processor.py:186} INFO - Started process (PID=2339) to work on /root/airflow_env/lib/python3.12/site-packages/airflow/example_dags/tutorial_objectstorage.py
[2024-12-10T17:22:19.582-0600] {processor.py:914} INFO - Processing file /root/airflow_env/lib/python3.12/site-packages/airflow/example_dags/tutorial_objectstorage.py for tasks to queue
[2024-12-10T17:22:19.583-0600] {logging_mixin.py:190} INFO - [2024-12-10T17:22:19.583-0600] {dagbag.py:588} INFO - Filling up the DagBag from /root/airflow_env/lib/python3.12/site-packages/airflow/example_dags/tutorial_objectstorage.py
[2024-12-10T17:22:19.590-0600] {processor.py:925} INFO - DAG(s) 'tutorial_objectstorage' retrieved from /root/airflow_env/lib/python3.12/site-packages/airflow/example_dags/tutorial_objectstorage.py
[2024-12-10T17:22:19.600-0600] {logging_mixin.py:190} INFO - [2024-12-10T17:22:19.600-0600] {dag.py:3239} INFO - Sync 1 DAGs
[2024-12-10T17:22:19.608-0600] {logging_mixin.py:190} INFO - [2024-12-10T17:22:19.608-0600] {dag.py:4180} INFO - Setting next_dagrun for tutorial_objectstorage to None, run_after=None
[2024-12-10T17:22:19.625-0600] {processor.py:208} INFO - Processing /root/airflow_env/lib/python3.12/site-packages/airflow/example_dags/tutorial_objectstorage.py took 0.049 seconds
[2024-12-10T17:23:15.292-0600] {processor.py:186} INFO - Started process (PID=2397) to work on /root/airflow_env/lib/python3.12/site-packages/airflow/example_dags/tutorial_objectstorage.py
[2024-12-10T17:23:15.295-0600] {processor.py:914} INFO - Processing file /root/airflow_env/lib/python3.12/site-packages/airflow/example_dags/tutorial_objectstorage.py for tasks to queue
[2024-12-10T17:23:15.296-0600] {logging_mixin.py:190} INFO - [2024-12-10T17:23:15.296-0600] {dagbag.py:588} INFO - Filling up the DagBag from /root/airflow_env/lib/python3.12/site-packages/airflow/example_dags/tutorial_objectstorage.py
[2024-12-10T17:23:15.303-0600] {processor.py:925} INFO - DAG(s) 'tutorial_objectstorage' retrieved from /root/airflow_env/lib/python3.12/site-packages/airflow/example_dags/tutorial_objectstorage.py
[2024-12-10T17:23:15.313-0600] {logging_mixin.py:190} INFO - [2024-12-10T17:23:15.313-0600] {dag.py:3239} INFO - Sync 1 DAGs
[2024-12-10T17:23:15.321-0600] {logging_mixin.py:190} INFO - [2024-12-10T17:23:15.321-0600] {dag.py:4180} INFO - Setting next_dagrun for tutorial_objectstorage to None, run_after=None
[2024-12-10T17:23:15.338-0600] {processor.py:208} INFO - Processing /root/airflow_env/lib/python3.12/site-packages/airflow/example_dags/tutorial_objectstorage.py took 0.050 seconds
[2024-12-10T17:24:08.239-0600] {processor.py:186} INFO - Started process (PID=2455) to work on /root/airflow_env/lib/python3.12/site-packages/airflow/example_dags/tutorial_objectstorage.py
[2024-12-10T17:24:08.240-0600] {processor.py:914} INFO - Processing file /root/airflow_env/lib/python3.12/site-packages/airflow/example_dags/tutorial_objectstorage.py for tasks to queue
[2024-12-10T17:24:08.242-0600] {logging_mixin.py:190} INFO - [2024-12-10T17:24:08.242-0600] {dagbag.py:588} INFO - Filling up the DagBag from /root/airflow_env/lib/python3.12/site-packages/airflow/example_dags/tutorial_objectstorage.py
[2024-12-10T17:24:08.250-0600] {processor.py:925} INFO - DAG(s) 'tutorial_objectstorage' retrieved from /root/airflow_env/lib/python3.12/site-packages/airflow/example_dags/tutorial_objectstorage.py
[2024-12-10T17:24:08.260-0600] {logging_mixin.py:190} INFO - [2024-12-10T17:24:08.260-0600] {dag.py:3239} INFO - Sync 1 DAGs
[2024-12-10T17:24:08.270-0600] {logging_mixin.py:190} INFO - [2024-12-10T17:24:08.269-0600] {dag.py:4180} INFO - Setting next_dagrun for tutorial_objectstorage to None, run_after=None
[2024-12-10T17:24:08.287-0600] {processor.py:208} INFO - Processing /root/airflow_env/lib/python3.12/site-packages/airflow/example_dags/tutorial_objectstorage.py took 0.053 seconds
[2024-12-10T17:24:59.510-0600] {processor.py:186} INFO - Started process (PID=2518) to work on /root/airflow_env/lib/python3.12/site-packages/airflow/example_dags/tutorial_objectstorage.py
[2024-12-10T17:24:59.512-0600] {processor.py:914} INFO - Processing file /root/airflow_env/lib/python3.12/site-packages/airflow/example_dags/tutorial_objectstorage.py for tasks to queue
[2024-12-10T17:24:59.514-0600] {logging_mixin.py:190} INFO - [2024-12-10T17:24:59.514-0600] {dagbag.py:588} INFO - Filling up the DagBag from /root/airflow_env/lib/python3.12/site-packages/airflow/example_dags/tutorial_objectstorage.py
[2024-12-10T17:24:59.520-0600] {processor.py:925} INFO - DAG(s) 'tutorial_objectstorage' retrieved from /root/airflow_env/lib/python3.12/site-packages/airflow/example_dags/tutorial_objectstorage.py
[2024-12-10T17:24:59.531-0600] {logging_mixin.py:190} INFO - [2024-12-10T17:24:59.530-0600] {dag.py:3239} INFO - Sync 1 DAGs
[2024-12-10T17:24:59.539-0600] {logging_mixin.py:190} INFO - [2024-12-10T17:24:59.538-0600] {dag.py:4180} INFO - Setting next_dagrun for tutorial_objectstorage to None, run_after=None
[2024-12-10T17:24:59.555-0600] {processor.py:208} INFO - Processing /root/airflow_env/lib/python3.12/site-packages/airflow/example_dags/tutorial_objectstorage.py took 0.049 seconds
[2024-12-10T17:25:52.096-0600] {processor.py:186} INFO - Started process (PID=2577) to work on /root/airflow_env/lib/python3.12/site-packages/airflow/example_dags/tutorial_objectstorage.py
[2024-12-10T17:25:52.099-0600] {processor.py:914} INFO - Processing file /root/airflow_env/lib/python3.12/site-packages/airflow/example_dags/tutorial_objectstorage.py for tasks to queue
[2024-12-10T17:25:52.100-0600] {logging_mixin.py:190} INFO - [2024-12-10T17:25:52.100-0600] {dagbag.py:588} INFO - Filling up the DagBag from /root/airflow_env/lib/python3.12/site-packages/airflow/example_dags/tutorial_objectstorage.py
[2024-12-10T17:25:52.107-0600] {processor.py:925} INFO - DAG(s) 'tutorial_objectstorage' retrieved from /root/airflow_env/lib/python3.12/site-packages/airflow/example_dags/tutorial_objectstorage.py
[2024-12-10T17:25:52.118-0600] {logging_mixin.py:190} INFO - [2024-12-10T17:25:52.117-0600] {dag.py:3239} INFO - Sync 1 DAGs
[2024-12-10T17:25:52.126-0600] {logging_mixin.py:190} INFO - [2024-12-10T17:25:52.125-0600] {dag.py:4180} INFO - Setting next_dagrun for tutorial_objectstorage to None, run_after=None
[2024-12-10T17:25:52.144-0600] {processor.py:208} INFO - Processing /root/airflow_env/lib/python3.12/site-packages/airflow/example_dags/tutorial_objectstorage.py took 0.052 seconds
[2024-12-10T17:26:47.472-0600] {processor.py:186} INFO - Started process (PID=2635) to work on /root/airflow_env/lib/python3.12/site-packages/airflow/example_dags/tutorial_objectstorage.py
[2024-12-10T17:26:47.473-0600] {processor.py:914} INFO - Processing file /root/airflow_env/lib/python3.12/site-packages/airflow/example_dags/tutorial_objectstorage.py for tasks to queue
[2024-12-10T17:26:47.475-0600] {logging_mixin.py:190} INFO - [2024-12-10T17:26:47.474-0600] {dagbag.py:588} INFO - Filling up the DagBag from /root/airflow_env/lib/python3.12/site-packages/airflow/example_dags/tutorial_objectstorage.py
[2024-12-10T17:26:47.483-0600] {processor.py:925} INFO - DAG(s) 'tutorial_objectstorage' retrieved from /root/airflow_env/lib/python3.12/site-packages/airflow/example_dags/tutorial_objectstorage.py
[2024-12-10T17:26:47.500-0600] {logging_mixin.py:190} INFO - [2024-12-10T17:26:47.500-0600] {dag.py:3239} INFO - Sync 1 DAGs
[2024-12-10T17:26:47.510-0600] {logging_mixin.py:190} INFO - [2024-12-10T17:26:47.510-0600] {dag.py:4180} INFO - Setting next_dagrun for tutorial_objectstorage to None, run_after=None
[2024-12-10T17:26:47.539-0600] {processor.py:208} INFO - Processing /root/airflow_env/lib/python3.12/site-packages/airflow/example_dags/tutorial_objectstorage.py took 0.072 seconds
[2024-12-10T17:27:40.058-0600] {processor.py:186} INFO - Started process (PID=2694) to work on /root/airflow_env/lib/python3.12/site-packages/airflow/example_dags/tutorial_objectstorage.py
[2024-12-10T17:27:40.060-0600] {processor.py:914} INFO - Processing file /root/airflow_env/lib/python3.12/site-packages/airflow/example_dags/tutorial_objectstorage.py for tasks to queue
[2024-12-10T17:27:40.062-0600] {logging_mixin.py:190} INFO - [2024-12-10T17:27:40.062-0600] {dagbag.py:588} INFO - Filling up the DagBag from /root/airflow_env/lib/python3.12/site-packages/airflow/example_dags/tutorial_objectstorage.py
[2024-12-10T17:27:40.069-0600] {processor.py:925} INFO - DAG(s) 'tutorial_objectstorage' retrieved from /root/airflow_env/lib/python3.12/site-packages/airflow/example_dags/tutorial_objectstorage.py
[2024-12-10T17:27:40.079-0600] {logging_mixin.py:190} INFO - [2024-12-10T17:27:40.079-0600] {dag.py:3239} INFO - Sync 1 DAGs
[2024-12-10T17:27:40.087-0600] {logging_mixin.py:190} INFO - [2024-12-10T17:27:40.087-0600] {dag.py:4180} INFO - Setting next_dagrun for tutorial_objectstorage to None, run_after=None
[2024-12-10T17:27:40.104-0600] {processor.py:208} INFO - Processing /root/airflow_env/lib/python3.12/site-packages/airflow/example_dags/tutorial_objectstorage.py took 0.050 seconds
[2024-12-10T17:28:31.098-0600] {processor.py:186} INFO - Started process (PID=2749) to work on /root/airflow_env/lib/python3.12/site-packages/airflow/example_dags/tutorial_objectstorage.py
[2024-12-10T17:28:31.100-0600] {processor.py:914} INFO - Processing file /root/airflow_env/lib/python3.12/site-packages/airflow/example_dags/tutorial_objectstorage.py for tasks to queue
[2024-12-10T17:28:31.102-0600] {logging_mixin.py:190} INFO - [2024-12-10T17:28:31.102-0600] {dagbag.py:588} INFO - Filling up the DagBag from /root/airflow_env/lib/python3.12/site-packages/airflow/example_dags/tutorial_objectstorage.py
[2024-12-10T17:28:31.109-0600] {processor.py:925} INFO - DAG(s) 'tutorial_objectstorage' retrieved from /root/airflow_env/lib/python3.12/site-packages/airflow/example_dags/tutorial_objectstorage.py
[2024-12-10T17:28:31.120-0600] {logging_mixin.py:190} INFO - [2024-12-10T17:28:31.120-0600] {dag.py:3239} INFO - Sync 1 DAGs
[2024-12-10T17:28:31.129-0600] {logging_mixin.py:190} INFO - [2024-12-10T17:28:31.129-0600] {dag.py:4180} INFO - Setting next_dagrun for tutorial_objectstorage to None, run_after=None
[2024-12-10T17:28:31.148-0600] {processor.py:208} INFO - Processing /root/airflow_env/lib/python3.12/site-packages/airflow/example_dags/tutorial_objectstorage.py took 0.054 seconds
[2024-12-10T17:29:26.434-0600] {processor.py:186} INFO - Started process (PID=2808) to work on /root/airflow_env/lib/python3.12/site-packages/airflow/example_dags/tutorial_objectstorage.py
[2024-12-10T17:29:26.437-0600] {processor.py:914} INFO - Processing file /root/airflow_env/lib/python3.12/site-packages/airflow/example_dags/tutorial_objectstorage.py for tasks to queue
[2024-12-10T17:29:26.438-0600] {logging_mixin.py:190} INFO - [2024-12-10T17:29:26.438-0600] {dagbag.py:588} INFO - Filling up the DagBag from /root/airflow_env/lib/python3.12/site-packages/airflow/example_dags/tutorial_objectstorage.py
[2024-12-10T17:29:26.445-0600] {processor.py:925} INFO - DAG(s) 'tutorial_objectstorage' retrieved from /root/airflow_env/lib/python3.12/site-packages/airflow/example_dags/tutorial_objectstorage.py
[2024-12-10T17:29:26.455-0600] {logging_mixin.py:190} INFO - [2024-12-10T17:29:26.455-0600] {dag.py:3239} INFO - Sync 1 DAGs
[2024-12-10T17:29:26.464-0600] {logging_mixin.py:190} INFO - [2024-12-10T17:29:26.463-0600] {dag.py:4180} INFO - Setting next_dagrun for tutorial_objectstorage to None, run_after=None
[2024-12-10T17:29:26.482-0600] {processor.py:208} INFO - Processing /root/airflow_env/lib/python3.12/site-packages/airflow/example_dags/tutorial_objectstorage.py took 0.052 seconds
[2024-12-10T17:30:15.551-0600] {processor.py:186} INFO - Started process (PID=2871) to work on /root/airflow_env/lib/python3.12/site-packages/airflow/example_dags/tutorial_objectstorage.py
[2024-12-10T17:30:15.554-0600] {processor.py:914} INFO - Processing file /root/airflow_env/lib/python3.12/site-packages/airflow/example_dags/tutorial_objectstorage.py for tasks to queue
[2024-12-10T17:30:15.555-0600] {logging_mixin.py:190} INFO - [2024-12-10T17:30:15.555-0600] {dagbag.py:588} INFO - Filling up the DagBag from /root/airflow_env/lib/python3.12/site-packages/airflow/example_dags/tutorial_objectstorage.py
[2024-12-10T17:30:15.562-0600] {processor.py:925} INFO - DAG(s) 'tutorial_objectstorage' retrieved from /root/airflow_env/lib/python3.12/site-packages/airflow/example_dags/tutorial_objectstorage.py
[2024-12-10T17:30:15.571-0600] {logging_mixin.py:190} INFO - [2024-12-10T17:30:15.571-0600] {dag.py:3239} INFO - Sync 1 DAGs
[2024-12-10T17:30:15.579-0600] {logging_mixin.py:190} INFO - [2024-12-10T17:30:15.579-0600] {dag.py:4180} INFO - Setting next_dagrun for tutorial_objectstorage to None, run_after=None
[2024-12-10T17:30:15.596-0600] {processor.py:208} INFO - Processing /root/airflow_env/lib/python3.12/site-packages/airflow/example_dags/tutorial_objectstorage.py took 0.049 seconds
[2024-12-10T17:31:06.949-0600] {processor.py:186} INFO - Started process (PID=2926) to work on /root/airflow_env/lib/python3.12/site-packages/airflow/example_dags/tutorial_objectstorage.py
[2024-12-10T17:31:06.951-0600] {processor.py:914} INFO - Processing file /root/airflow_env/lib/python3.12/site-packages/airflow/example_dags/tutorial_objectstorage.py for tasks to queue
[2024-12-10T17:31:06.952-0600] {logging_mixin.py:190} INFO - [2024-12-10T17:31:06.952-0600] {dagbag.py:588} INFO - Filling up the DagBag from /root/airflow_env/lib/python3.12/site-packages/airflow/example_dags/tutorial_objectstorage.py
[2024-12-10T17:31:06.959-0600] {processor.py:925} INFO - DAG(s) 'tutorial_objectstorage' retrieved from /root/airflow_env/lib/python3.12/site-packages/airflow/example_dags/tutorial_objectstorage.py
[2024-12-10T17:31:06.971-0600] {logging_mixin.py:190} INFO - [2024-12-10T17:31:06.971-0600] {dag.py:3239} INFO - Sync 1 DAGs
[2024-12-10T17:31:06.981-0600] {logging_mixin.py:190} INFO - [2024-12-10T17:31:06.981-0600] {dag.py:4180} INFO - Setting next_dagrun for tutorial_objectstorage to None, run_after=None
[2024-12-10T17:31:07.001-0600] {processor.py:208} INFO - Processing /root/airflow_env/lib/python3.12/site-packages/airflow/example_dags/tutorial_objectstorage.py took 0.057 seconds
[2024-12-10T17:31:58.418-0600] {processor.py:186} INFO - Started process (PID=2983) to work on /root/airflow_env/lib/python3.12/site-packages/airflow/example_dags/tutorial_objectstorage.py
[2024-12-10T17:31:58.419-0600] {processor.py:914} INFO - Processing file /root/airflow_env/lib/python3.12/site-packages/airflow/example_dags/tutorial_objectstorage.py for tasks to queue
[2024-12-10T17:31:58.421-0600] {logging_mixin.py:190} INFO - [2024-12-10T17:31:58.420-0600] {dagbag.py:588} INFO - Filling up the DagBag from /root/airflow_env/lib/python3.12/site-packages/airflow/example_dags/tutorial_objectstorage.py
[2024-12-10T17:31:58.428-0600] {processor.py:925} INFO - DAG(s) 'tutorial_objectstorage' retrieved from /root/airflow_env/lib/python3.12/site-packages/airflow/example_dags/tutorial_objectstorage.py
[2024-12-10T17:31:58.438-0600] {logging_mixin.py:190} INFO - [2024-12-10T17:31:58.438-0600] {dag.py:3239} INFO - Sync 1 DAGs
[2024-12-10T17:31:58.446-0600] {logging_mixin.py:190} INFO - [2024-12-10T17:31:58.446-0600] {dag.py:4180} INFO - Setting next_dagrun for tutorial_objectstorage to None, run_after=None
[2024-12-10T17:31:58.464-0600] {processor.py:208} INFO - Processing /root/airflow_env/lib/python3.12/site-packages/airflow/example_dags/tutorial_objectstorage.py took 0.050 seconds
[2024-12-10T17:32:53.907-0600] {processor.py:186} INFO - Started process (PID=3043) to work on /root/airflow_env/lib/python3.12/site-packages/airflow/example_dags/tutorial_objectstorage.py
[2024-12-10T17:32:53.909-0600] {processor.py:914} INFO - Processing file /root/airflow_env/lib/python3.12/site-packages/airflow/example_dags/tutorial_objectstorage.py for tasks to queue
[2024-12-10T17:32:53.911-0600] {logging_mixin.py:190} INFO - [2024-12-10T17:32:53.910-0600] {dagbag.py:588} INFO - Filling up the DagBag from /root/airflow_env/lib/python3.12/site-packages/airflow/example_dags/tutorial_objectstorage.py
[2024-12-10T17:32:53.917-0600] {processor.py:925} INFO - DAG(s) 'tutorial_objectstorage' retrieved from /root/airflow_env/lib/python3.12/site-packages/airflow/example_dags/tutorial_objectstorage.py
[2024-12-10T17:32:53.927-0600] {logging_mixin.py:190} INFO - [2024-12-10T17:32:53.927-0600] {dag.py:3239} INFO - Sync 1 DAGs
[2024-12-10T17:32:53.935-0600] {logging_mixin.py:190} INFO - [2024-12-10T17:32:53.935-0600] {dag.py:4180} INFO - Setting next_dagrun for tutorial_objectstorage to None, run_after=None
[2024-12-10T17:32:53.952-0600] {processor.py:208} INFO - Processing /root/airflow_env/lib/python3.12/site-packages/airflow/example_dags/tutorial_objectstorage.py took 0.049 seconds
[2024-12-10T17:33:47.124-0600] {processor.py:186} INFO - Started process (PID=3195) to work on /root/airflow_env/lib/python3.12/site-packages/airflow/example_dags/tutorial_objectstorage.py
[2024-12-10T17:33:47.126-0600] {processor.py:914} INFO - Processing file /root/airflow_env/lib/python3.12/site-packages/airflow/example_dags/tutorial_objectstorage.py for tasks to queue
[2024-12-10T17:33:47.127-0600] {logging_mixin.py:190} INFO - [2024-12-10T17:33:47.127-0600] {dagbag.py:588} INFO - Filling up the DagBag from /root/airflow_env/lib/python3.12/site-packages/airflow/example_dags/tutorial_objectstorage.py
[2024-12-10T17:33:47.135-0600] {processor.py:925} INFO - DAG(s) 'tutorial_objectstorage' retrieved from /root/airflow_env/lib/python3.12/site-packages/airflow/example_dags/tutorial_objectstorage.py
[2024-12-10T17:33:47.147-0600] {logging_mixin.py:190} INFO - [2024-12-10T17:33:47.147-0600] {dag.py:3239} INFO - Sync 1 DAGs
[2024-12-10T17:33:47.155-0600] {logging_mixin.py:190} INFO - [2024-12-10T17:33:47.155-0600] {dag.py:4180} INFO - Setting next_dagrun for tutorial_objectstorage to None, run_after=None
[2024-12-10T17:33:47.171-0600] {processor.py:208} INFO - Processing /root/airflow_env/lib/python3.12/site-packages/airflow/example_dags/tutorial_objectstorage.py took 0.051 seconds
[2024-12-10T17:34:40.048-0600] {processor.py:186} INFO - Started process (PID=3265) to work on /root/airflow_env/lib/python3.12/site-packages/airflow/example_dags/tutorial_objectstorage.py
[2024-12-10T17:34:40.050-0600] {processor.py:914} INFO - Processing file /root/airflow_env/lib/python3.12/site-packages/airflow/example_dags/tutorial_objectstorage.py for tasks to queue
[2024-12-10T17:34:40.052-0600] {logging_mixin.py:190} INFO - [2024-12-10T17:34:40.052-0600] {dagbag.py:588} INFO - Filling up the DagBag from /root/airflow_env/lib/python3.12/site-packages/airflow/example_dags/tutorial_objectstorage.py
[2024-12-10T17:34:40.059-0600] {processor.py:925} INFO - DAG(s) 'tutorial_objectstorage' retrieved from /root/airflow_env/lib/python3.12/site-packages/airflow/example_dags/tutorial_objectstorage.py
[2024-12-10T17:34:40.071-0600] {logging_mixin.py:190} INFO - [2024-12-10T17:34:40.071-0600] {dag.py:3239} INFO - Sync 1 DAGs
[2024-12-10T17:34:40.082-0600] {logging_mixin.py:190} INFO - [2024-12-10T17:34:40.082-0600] {dag.py:4180} INFO - Setting next_dagrun for tutorial_objectstorage to None, run_after=None
[2024-12-10T17:34:40.101-0600] {processor.py:208} INFO - Processing /root/airflow_env/lib/python3.12/site-packages/airflow/example_dags/tutorial_objectstorage.py took 0.059 seconds
[2024-12-10T17:35:31.496-0600] {processor.py:186} INFO - Started process (PID=3324) to work on /root/airflow_env/lib/python3.12/site-packages/airflow/example_dags/tutorial_objectstorage.py
[2024-12-10T17:35:31.499-0600] {processor.py:914} INFO - Processing file /root/airflow_env/lib/python3.12/site-packages/airflow/example_dags/tutorial_objectstorage.py for tasks to queue
[2024-12-10T17:35:31.500-0600] {logging_mixin.py:190} INFO - [2024-12-10T17:35:31.500-0600] {dagbag.py:588} INFO - Filling up the DagBag from /root/airflow_env/lib/python3.12/site-packages/airflow/example_dags/tutorial_objectstorage.py
[2024-12-10T17:35:31.507-0600] {processor.py:925} INFO - DAG(s) 'tutorial_objectstorage' retrieved from /root/airflow_env/lib/python3.12/site-packages/airflow/example_dags/tutorial_objectstorage.py
[2024-12-10T17:35:31.517-0600] {logging_mixin.py:190} INFO - [2024-12-10T17:35:31.517-0600] {dag.py:3239} INFO - Sync 1 DAGs
[2024-12-10T17:35:31.525-0600] {logging_mixin.py:190} INFO - [2024-12-10T17:35:31.525-0600] {dag.py:4180} INFO - Setting next_dagrun for tutorial_objectstorage to None, run_after=None
[2024-12-10T17:35:31.542-0600] {processor.py:208} INFO - Processing /root/airflow_env/lib/python3.12/site-packages/airflow/example_dags/tutorial_objectstorage.py took 0.050 seconds
[2024-12-10T17:36:21.209-0600] {processor.py:186} INFO - Started process (PID=3380) to work on /root/airflow_env/lib/python3.12/site-packages/airflow/example_dags/tutorial_objectstorage.py
[2024-12-10T17:36:21.211-0600] {processor.py:914} INFO - Processing file /root/airflow_env/lib/python3.12/site-packages/airflow/example_dags/tutorial_objectstorage.py for tasks to queue
[2024-12-10T17:36:21.213-0600] {logging_mixin.py:190} INFO - [2024-12-10T17:36:21.213-0600] {dagbag.py:588} INFO - Filling up the DagBag from /root/airflow_env/lib/python3.12/site-packages/airflow/example_dags/tutorial_objectstorage.py
[2024-12-10T17:36:21.220-0600] {processor.py:925} INFO - DAG(s) 'tutorial_objectstorage' retrieved from /root/airflow_env/lib/python3.12/site-packages/airflow/example_dags/tutorial_objectstorage.py
[2024-12-10T17:36:21.230-0600] {logging_mixin.py:190} INFO - [2024-12-10T17:36:21.230-0600] {dag.py:3239} INFO - Sync 1 DAGs
[2024-12-10T17:36:21.238-0600] {logging_mixin.py:190} INFO - [2024-12-10T17:36:21.238-0600] {dag.py:4180} INFO - Setting next_dagrun for tutorial_objectstorage to None, run_after=None
[2024-12-10T17:36:21.255-0600] {processor.py:208} INFO - Processing /root/airflow_env/lib/python3.12/site-packages/airflow/example_dags/tutorial_objectstorage.py took 0.050 seconds
[2024-12-10T17:37:11.136-0600] {processor.py:186} INFO - Started process (PID=3436) to work on /root/airflow_env/lib/python3.12/site-packages/airflow/example_dags/tutorial_objectstorage.py
[2024-12-10T17:37:11.139-0600] {processor.py:914} INFO - Processing file /root/airflow_env/lib/python3.12/site-packages/airflow/example_dags/tutorial_objectstorage.py for tasks to queue
[2024-12-10T17:37:11.140-0600] {logging_mixin.py:190} INFO - [2024-12-10T17:37:11.140-0600] {dagbag.py:588} INFO - Filling up the DagBag from /root/airflow_env/lib/python3.12/site-packages/airflow/example_dags/tutorial_objectstorage.py
[2024-12-10T17:37:11.147-0600] {processor.py:925} INFO - DAG(s) 'tutorial_objectstorage' retrieved from /root/airflow_env/lib/python3.12/site-packages/airflow/example_dags/tutorial_objectstorage.py
[2024-12-10T17:37:11.157-0600] {logging_mixin.py:190} INFO - [2024-12-10T17:37:11.157-0600] {dag.py:3239} INFO - Sync 1 DAGs
[2024-12-10T17:37:11.166-0600] {logging_mixin.py:190} INFO - [2024-12-10T17:37:11.166-0600] {dag.py:4180} INFO - Setting next_dagrun for tutorial_objectstorage to None, run_after=None
[2024-12-10T17:37:11.186-0600] {processor.py:208} INFO - Processing /root/airflow_env/lib/python3.12/site-packages/airflow/example_dags/tutorial_objectstorage.py took 0.054 seconds
[2024-12-10T17:38:02.550-0600] {processor.py:186} INFO - Started process (PID=3493) to work on /root/airflow_env/lib/python3.12/site-packages/airflow/example_dags/tutorial_objectstorage.py
[2024-12-10T17:38:02.553-0600] {processor.py:914} INFO - Processing file /root/airflow_env/lib/python3.12/site-packages/airflow/example_dags/tutorial_objectstorage.py for tasks to queue
[2024-12-10T17:38:02.554-0600] {logging_mixin.py:190} INFO - [2024-12-10T17:38:02.554-0600] {dagbag.py:588} INFO - Filling up the DagBag from /root/airflow_env/lib/python3.12/site-packages/airflow/example_dags/tutorial_objectstorage.py
[2024-12-10T17:38:02.561-0600] {processor.py:925} INFO - DAG(s) 'tutorial_objectstorage' retrieved from /root/airflow_env/lib/python3.12/site-packages/airflow/example_dags/tutorial_objectstorage.py
[2024-12-10T17:38:02.570-0600] {logging_mixin.py:190} INFO - [2024-12-10T17:38:02.570-0600] {dag.py:3239} INFO - Sync 1 DAGs
[2024-12-10T17:38:02.578-0600] {logging_mixin.py:190} INFO - [2024-12-10T17:38:02.578-0600] {dag.py:4180} INFO - Setting next_dagrun for tutorial_objectstorage to None, run_after=None
[2024-12-10T17:38:02.595-0600] {processor.py:208} INFO - Processing /root/airflow_env/lib/python3.12/site-packages/airflow/example_dags/tutorial_objectstorage.py took 0.049 seconds
[2024-12-10T17:38:52.978-0600] {processor.py:186} INFO - Started process (PID=3549) to work on /root/airflow_env/lib/python3.12/site-packages/airflow/example_dags/tutorial_objectstorage.py
[2024-12-10T17:38:52.980-0600] {processor.py:914} INFO - Processing file /root/airflow_env/lib/python3.12/site-packages/airflow/example_dags/tutorial_objectstorage.py for tasks to queue
[2024-12-10T17:38:52.983-0600] {logging_mixin.py:190} INFO - [2024-12-10T17:38:52.983-0600] {dagbag.py:588} INFO - Filling up the DagBag from /root/airflow_env/lib/python3.12/site-packages/airflow/example_dags/tutorial_objectstorage.py
[2024-12-10T17:38:52.990-0600] {processor.py:925} INFO - DAG(s) 'tutorial_objectstorage' retrieved from /root/airflow_env/lib/python3.12/site-packages/airflow/example_dags/tutorial_objectstorage.py
[2024-12-10T17:38:53.002-0600] {logging_mixin.py:190} INFO - [2024-12-10T17:38:53.002-0600] {dag.py:3239} INFO - Sync 1 DAGs
[2024-12-10T17:38:53.010-0600] {logging_mixin.py:190} INFO - [2024-12-10T17:38:53.010-0600] {dag.py:4180} INFO - Setting next_dagrun for tutorial_objectstorage to None, run_after=None
[2024-12-10T17:38:53.028-0600] {processor.py:208} INFO - Processing /root/airflow_env/lib/python3.12/site-packages/airflow/example_dags/tutorial_objectstorage.py took 0.054 seconds
[2024-12-10T17:39:47.509-0600] {processor.py:186} INFO - Started process (PID=3607) to work on /root/airflow_env/lib/python3.12/site-packages/airflow/example_dags/tutorial_objectstorage.py
[2024-12-10T17:39:47.511-0600] {processor.py:914} INFO - Processing file /root/airflow_env/lib/python3.12/site-packages/airflow/example_dags/tutorial_objectstorage.py for tasks to queue
[2024-12-10T17:39:47.513-0600] {logging_mixin.py:190} INFO - [2024-12-10T17:39:47.513-0600] {dagbag.py:588} INFO - Filling up the DagBag from /root/airflow_env/lib/python3.12/site-packages/airflow/example_dags/tutorial_objectstorage.py
[2024-12-10T17:39:47.520-0600] {processor.py:925} INFO - DAG(s) 'tutorial_objectstorage' retrieved from /root/airflow_env/lib/python3.12/site-packages/airflow/example_dags/tutorial_objectstorage.py
[2024-12-10T17:39:47.532-0600] {logging_mixin.py:190} INFO - [2024-12-10T17:39:47.532-0600] {dag.py:3239} INFO - Sync 1 DAGs
[2024-12-10T17:39:47.540-0600] {logging_mixin.py:190} INFO - [2024-12-10T17:39:47.540-0600] {dag.py:4180} INFO - Setting next_dagrun for tutorial_objectstorage to None, run_after=None
[2024-12-10T17:39:47.558-0600] {processor.py:208} INFO - Processing /root/airflow_env/lib/python3.12/site-packages/airflow/example_dags/tutorial_objectstorage.py took 0.053 seconds
[2024-12-10T17:40:40.787-0600] {processor.py:186} INFO - Started process (PID=3671) to work on /root/airflow_env/lib/python3.12/site-packages/airflow/example_dags/tutorial_objectstorage.py
[2024-12-10T17:40:40.790-0600] {processor.py:914} INFO - Processing file /root/airflow_env/lib/python3.12/site-packages/airflow/example_dags/tutorial_objectstorage.py for tasks to queue
[2024-12-10T17:40:40.792-0600] {logging_mixin.py:190} INFO - [2024-12-10T17:40:40.792-0600] {dagbag.py:588} INFO - Filling up the DagBag from /root/airflow_env/lib/python3.12/site-packages/airflow/example_dags/tutorial_objectstorage.py
[2024-12-10T17:40:40.799-0600] {processor.py:925} INFO - DAG(s) 'tutorial_objectstorage' retrieved from /root/airflow_env/lib/python3.12/site-packages/airflow/example_dags/tutorial_objectstorage.py
[2024-12-10T17:40:40.810-0600] {logging_mixin.py:190} INFO - [2024-12-10T17:40:40.810-0600] {dag.py:3239} INFO - Sync 1 DAGs
[2024-12-10T17:40:40.819-0600] {logging_mixin.py:190} INFO - [2024-12-10T17:40:40.819-0600] {dag.py:4180} INFO - Setting next_dagrun for tutorial_objectstorage to None, run_after=None
[2024-12-10T17:40:40.837-0600] {processor.py:208} INFO - Processing /root/airflow_env/lib/python3.12/site-packages/airflow/example_dags/tutorial_objectstorage.py took 0.054 seconds
[2024-12-10T17:41:37.060-0600] {processor.py:186} INFO - Started process (PID=3732) to work on /root/airflow_env/lib/python3.12/site-packages/airflow/example_dags/tutorial_objectstorage.py
[2024-12-10T17:41:37.063-0600] {processor.py:914} INFO - Processing file /root/airflow_env/lib/python3.12/site-packages/airflow/example_dags/tutorial_objectstorage.py for tasks to queue
[2024-12-10T17:41:37.064-0600] {logging_mixin.py:190} INFO - [2024-12-10T17:41:37.064-0600] {dagbag.py:588} INFO - Filling up the DagBag from /root/airflow_env/lib/python3.12/site-packages/airflow/example_dags/tutorial_objectstorage.py
[2024-12-10T17:41:37.071-0600] {processor.py:925} INFO - DAG(s) 'tutorial_objectstorage' retrieved from /root/airflow_env/lib/python3.12/site-packages/airflow/example_dags/tutorial_objectstorage.py
[2024-12-10T17:41:37.081-0600] {logging_mixin.py:190} INFO - [2024-12-10T17:41:37.081-0600] {dag.py:3239} INFO - Sync 1 DAGs
[2024-12-10T17:41:37.090-0600] {logging_mixin.py:190} INFO - [2024-12-10T17:41:37.090-0600] {dag.py:4180} INFO - Setting next_dagrun for tutorial_objectstorage to None, run_after=None
[2024-12-10T17:41:37.109-0600] {processor.py:208} INFO - Processing /root/airflow_env/lib/python3.12/site-packages/airflow/example_dags/tutorial_objectstorage.py took 0.052 seconds
[2024-12-10T17:42:27.557-0600] {processor.py:186} INFO - Started process (PID=3797) to work on /root/airflow_env/lib/python3.12/site-packages/airflow/example_dags/tutorial_objectstorage.py
[2024-12-10T17:42:27.559-0600] {processor.py:914} INFO - Processing file /root/airflow_env/lib/python3.12/site-packages/airflow/example_dags/tutorial_objectstorage.py for tasks to queue
[2024-12-10T17:42:27.561-0600] {logging_mixin.py:190} INFO - [2024-12-10T17:42:27.561-0600] {dagbag.py:588} INFO - Filling up the DagBag from /root/airflow_env/lib/python3.12/site-packages/airflow/example_dags/tutorial_objectstorage.py
[2024-12-10T17:42:27.569-0600] {processor.py:925} INFO - DAG(s) 'tutorial_objectstorage' retrieved from /root/airflow_env/lib/python3.12/site-packages/airflow/example_dags/tutorial_objectstorage.py
[2024-12-10T17:42:27.580-0600] {logging_mixin.py:190} INFO - [2024-12-10T17:42:27.580-0600] {dag.py:3239} INFO - Sync 1 DAGs
[2024-12-10T17:42:27.588-0600] {logging_mixin.py:190} INFO - [2024-12-10T17:42:27.588-0600] {dag.py:4180} INFO - Setting next_dagrun for tutorial_objectstorage to None, run_after=None
[2024-12-10T17:42:27.605-0600] {processor.py:208} INFO - Processing /root/airflow_env/lib/python3.12/site-packages/airflow/example_dags/tutorial_objectstorage.py took 0.053 seconds
[2024-12-10T17:43:20.811-0600] {processor.py:186} INFO - Started process (PID=3865) to work on /root/airflow_env/lib/python3.12/site-packages/airflow/example_dags/tutorial_objectstorage.py
[2024-12-10T17:43:20.813-0600] {processor.py:914} INFO - Processing file /root/airflow_env/lib/python3.12/site-packages/airflow/example_dags/tutorial_objectstorage.py for tasks to queue
[2024-12-10T17:43:20.815-0600] {logging_mixin.py:190} INFO - [2024-12-10T17:43:20.815-0600] {dagbag.py:588} INFO - Filling up the DagBag from /root/airflow_env/lib/python3.12/site-packages/airflow/example_dags/tutorial_objectstorage.py
[2024-12-10T17:43:20.821-0600] {processor.py:925} INFO - DAG(s) 'tutorial_objectstorage' retrieved from /root/airflow_env/lib/python3.12/site-packages/airflow/example_dags/tutorial_objectstorage.py
[2024-12-10T17:43:20.831-0600] {logging_mixin.py:190} INFO - [2024-12-10T17:43:20.831-0600] {dag.py:3239} INFO - Sync 1 DAGs
[2024-12-10T17:43:20.842-0600] {logging_mixin.py:190} INFO - [2024-12-10T17:43:20.841-0600] {dag.py:4180} INFO - Setting next_dagrun for tutorial_objectstorage to None, run_after=None
[2024-12-10T17:43:20.859-0600] {processor.py:208} INFO - Processing /root/airflow_env/lib/python3.12/site-packages/airflow/example_dags/tutorial_objectstorage.py took 0.052 seconds
[2024-12-10T17:44:11.675-0600] {processor.py:186} INFO - Started process (PID=3921) to work on /root/airflow_env/lib/python3.12/site-packages/airflow/example_dags/tutorial_objectstorage.py
[2024-12-10T17:44:11.676-0600] {processor.py:914} INFO - Processing file /root/airflow_env/lib/python3.12/site-packages/airflow/example_dags/tutorial_objectstorage.py for tasks to queue
[2024-12-10T17:44:11.678-0600] {logging_mixin.py:190} INFO - [2024-12-10T17:44:11.678-0600] {dagbag.py:588} INFO - Filling up the DagBag from /root/airflow_env/lib/python3.12/site-packages/airflow/example_dags/tutorial_objectstorage.py
[2024-12-10T17:44:11.685-0600] {processor.py:925} INFO - DAG(s) 'tutorial_objectstorage' retrieved from /root/airflow_env/lib/python3.12/site-packages/airflow/example_dags/tutorial_objectstorage.py
[2024-12-10T17:44:11.695-0600] {logging_mixin.py:190} INFO - [2024-12-10T17:44:11.695-0600] {dag.py:3239} INFO - Sync 1 DAGs
[2024-12-10T17:44:11.703-0600] {logging_mixin.py:190} INFO - [2024-12-10T17:44:11.703-0600] {dag.py:4180} INFO - Setting next_dagrun for tutorial_objectstorage to None, run_after=None
[2024-12-10T17:44:11.722-0600] {processor.py:208} INFO - Processing /root/airflow_env/lib/python3.12/site-packages/airflow/example_dags/tutorial_objectstorage.py took 0.051 seconds
[2024-12-10T17:45:04.995-0600] {processor.py:186} INFO - Started process (PID=3982) to work on /root/airflow_env/lib/python3.12/site-packages/airflow/example_dags/tutorial_objectstorage.py
[2024-12-10T17:45:04.998-0600] {processor.py:914} INFO - Processing file /root/airflow_env/lib/python3.12/site-packages/airflow/example_dags/tutorial_objectstorage.py for tasks to queue
[2024-12-10T17:45:04.999-0600] {logging_mixin.py:190} INFO - [2024-12-10T17:45:04.999-0600] {dagbag.py:588} INFO - Filling up the DagBag from /root/airflow_env/lib/python3.12/site-packages/airflow/example_dags/tutorial_objectstorage.py
[2024-12-10T17:45:05.006-0600] {processor.py:925} INFO - DAG(s) 'tutorial_objectstorage' retrieved from /root/airflow_env/lib/python3.12/site-packages/airflow/example_dags/tutorial_objectstorage.py
[2024-12-10T17:45:05.016-0600] {logging_mixin.py:190} INFO - [2024-12-10T17:45:05.016-0600] {dag.py:3239} INFO - Sync 1 DAGs
[2024-12-10T17:45:05.024-0600] {logging_mixin.py:190} INFO - [2024-12-10T17:45:05.024-0600] {dag.py:4180} INFO - Setting next_dagrun for tutorial_objectstorage to None, run_after=None
[2024-12-10T17:45:05.040-0600] {processor.py:208} INFO - Processing /root/airflow_env/lib/python3.12/site-packages/airflow/example_dags/tutorial_objectstorage.py took 0.050 seconds
[2024-12-10T17:45:59.090-0600] {processor.py:186} INFO - Started process (PID=4039) to work on /root/airflow_env/lib/python3.12/site-packages/airflow/example_dags/tutorial_objectstorage.py
[2024-12-10T17:45:59.092-0600] {processor.py:914} INFO - Processing file /root/airflow_env/lib/python3.12/site-packages/airflow/example_dags/tutorial_objectstorage.py for tasks to queue
[2024-12-10T17:45:59.093-0600] {logging_mixin.py:190} INFO - [2024-12-10T17:45:59.093-0600] {dagbag.py:588} INFO - Filling up the DagBag from /root/airflow_env/lib/python3.12/site-packages/airflow/example_dags/tutorial_objectstorage.py
[2024-12-10T17:45:59.102-0600] {processor.py:925} INFO - DAG(s) 'tutorial_objectstorage' retrieved from /root/airflow_env/lib/python3.12/site-packages/airflow/example_dags/tutorial_objectstorage.py
[2024-12-10T17:45:59.119-0600] {logging_mixin.py:190} INFO - [2024-12-10T17:45:59.118-0600] {dag.py:3239} INFO - Sync 1 DAGs
[2024-12-10T17:45:59.131-0600] {logging_mixin.py:190} INFO - [2024-12-10T17:45:59.131-0600] {dag.py:4180} INFO - Setting next_dagrun for tutorial_objectstorage to None, run_after=None
[2024-12-10T17:45:59.152-0600] {processor.py:208} INFO - Processing /root/airflow_env/lib/python3.12/site-packages/airflow/example_dags/tutorial_objectstorage.py took 0.066 seconds
[2024-12-10T17:47:00.196-0600] {processor.py:186} INFO - Started process (PID=4102) to work on /root/airflow_env/lib/python3.12/site-packages/airflow/example_dags/tutorial_objectstorage.py
[2024-12-10T17:47:00.199-0600] {processor.py:914} INFO - Processing file /root/airflow_env/lib/python3.12/site-packages/airflow/example_dags/tutorial_objectstorage.py for tasks to queue
[2024-12-10T17:47:00.200-0600] {logging_mixin.py:190} INFO - [2024-12-10T17:47:00.200-0600] {dagbag.py:588} INFO - Filling up the DagBag from /root/airflow_env/lib/python3.12/site-packages/airflow/example_dags/tutorial_objectstorage.py
[2024-12-10T17:47:00.207-0600] {processor.py:925} INFO - DAG(s) 'tutorial_objectstorage' retrieved from /root/airflow_env/lib/python3.12/site-packages/airflow/example_dags/tutorial_objectstorage.py
[2024-12-10T17:47:00.217-0600] {logging_mixin.py:190} INFO - [2024-12-10T17:47:00.217-0600] {dag.py:3239} INFO - Sync 1 DAGs
[2024-12-10T17:47:00.225-0600] {logging_mixin.py:190} INFO - [2024-12-10T17:47:00.225-0600] {dag.py:4180} INFO - Setting next_dagrun for tutorial_objectstorage to None, run_after=None
[2024-12-10T17:47:00.242-0600] {processor.py:208} INFO - Processing /root/airflow_env/lib/python3.12/site-packages/airflow/example_dags/tutorial_objectstorage.py took 0.052 seconds
[2024-12-10T17:47:57.710-0600] {processor.py:186} INFO - Started process (PID=4163) to work on /root/airflow_env/lib/python3.12/site-packages/airflow/example_dags/tutorial_objectstorage.py
[2024-12-10T17:47:57.713-0600] {processor.py:914} INFO - Processing file /root/airflow_env/lib/python3.12/site-packages/airflow/example_dags/tutorial_objectstorage.py for tasks to queue
[2024-12-10T17:47:57.714-0600] {logging_mixin.py:190} INFO - [2024-12-10T17:47:57.714-0600] {dagbag.py:588} INFO - Filling up the DagBag from /root/airflow_env/lib/python3.12/site-packages/airflow/example_dags/tutorial_objectstorage.py
[2024-12-10T17:47:57.721-0600] {processor.py:925} INFO - DAG(s) 'tutorial_objectstorage' retrieved from /root/airflow_env/lib/python3.12/site-packages/airflow/example_dags/tutorial_objectstorage.py
[2024-12-10T17:47:57.731-0600] {logging_mixin.py:190} INFO - [2024-12-10T17:47:57.731-0600] {dag.py:3239} INFO - Sync 1 DAGs
[2024-12-10T17:47:57.825-0600] {logging_mixin.py:190} INFO - [2024-12-10T17:47:57.825-0600] {dag.py:4180} INFO - Setting next_dagrun for tutorial_objectstorage to None, run_after=None
[2024-12-10T17:47:57.840-0600] {processor.py:208} INFO - Processing /root/airflow_env/lib/python3.12/site-packages/airflow/example_dags/tutorial_objectstorage.py took 0.134 seconds
[2024-12-10T17:48:52.877-0600] {processor.py:186} INFO - Started process (PID=4221) to work on /root/airflow_env/lib/python3.12/site-packages/airflow/example_dags/tutorial_objectstorage.py
[2024-12-10T17:48:52.879-0600] {processor.py:914} INFO - Processing file /root/airflow_env/lib/python3.12/site-packages/airflow/example_dags/tutorial_objectstorage.py for tasks to queue
[2024-12-10T17:48:52.881-0600] {logging_mixin.py:190} INFO - [2024-12-10T17:48:52.880-0600] {dagbag.py:588} INFO - Filling up the DagBag from /root/airflow_env/lib/python3.12/site-packages/airflow/example_dags/tutorial_objectstorage.py
[2024-12-10T17:48:52.887-0600] {processor.py:925} INFO - DAG(s) 'tutorial_objectstorage' retrieved from /root/airflow_env/lib/python3.12/site-packages/airflow/example_dags/tutorial_objectstorage.py
[2024-12-10T17:48:52.898-0600] {logging_mixin.py:190} INFO - [2024-12-10T17:48:52.898-0600] {dag.py:3239} INFO - Sync 1 DAGs
[2024-12-10T17:48:52.906-0600] {logging_mixin.py:190} INFO - [2024-12-10T17:48:52.906-0600] {dag.py:4180} INFO - Setting next_dagrun for tutorial_objectstorage to None, run_after=None
[2024-12-10T17:48:53.009-0600] {processor.py:208} INFO - Processing /root/airflow_env/lib/python3.12/site-packages/airflow/example_dags/tutorial_objectstorage.py took 0.135 seconds
[2024-12-10T17:49:48.786-0600] {processor.py:186} INFO - Started process (PID=4280) to work on /root/airflow_env/lib/python3.12/site-packages/airflow/example_dags/tutorial_objectstorage.py
[2024-12-10T17:49:48.788-0600] {processor.py:914} INFO - Processing file /root/airflow_env/lib/python3.12/site-packages/airflow/example_dags/tutorial_objectstorage.py for tasks to queue
[2024-12-10T17:49:48.790-0600] {logging_mixin.py:190} INFO - [2024-12-10T17:49:48.789-0600] {dagbag.py:588} INFO - Filling up the DagBag from /root/airflow_env/lib/python3.12/site-packages/airflow/example_dags/tutorial_objectstorage.py
[2024-12-10T17:49:48.799-0600] {processor.py:925} INFO - DAG(s) 'tutorial_objectstorage' retrieved from /root/airflow_env/lib/python3.12/site-packages/airflow/example_dags/tutorial_objectstorage.py
[2024-12-10T17:49:48.809-0600] {logging_mixin.py:190} INFO - [2024-12-10T17:49:48.809-0600] {dag.py:3239} INFO - Sync 1 DAGs
[2024-12-10T17:49:48.817-0600] {logging_mixin.py:190} INFO - [2024-12-10T17:49:48.817-0600] {dag.py:4180} INFO - Setting next_dagrun for tutorial_objectstorage to None, run_after=None
[2024-12-10T17:49:48.835-0600] {processor.py:208} INFO - Processing /root/airflow_env/lib/python3.12/site-packages/airflow/example_dags/tutorial_objectstorage.py took 0.053 seconds
[2024-12-10T17:50:40.228-0600] {processor.py:186} INFO - Started process (PID=4345) to work on /root/airflow_env/lib/python3.12/site-packages/airflow/example_dags/tutorial_objectstorage.py
[2024-12-10T17:50:40.231-0600] {processor.py:914} INFO - Processing file /root/airflow_env/lib/python3.12/site-packages/airflow/example_dags/tutorial_objectstorage.py for tasks to queue
[2024-12-10T17:50:40.233-0600] {logging_mixin.py:190} INFO - [2024-12-10T17:50:40.232-0600] {dagbag.py:588} INFO - Filling up the DagBag from /root/airflow_env/lib/python3.12/site-packages/airflow/example_dags/tutorial_objectstorage.py
[2024-12-10T17:50:40.239-0600] {processor.py:925} INFO - DAG(s) 'tutorial_objectstorage' retrieved from /root/airflow_env/lib/python3.12/site-packages/airflow/example_dags/tutorial_objectstorage.py
[2024-12-10T17:50:40.250-0600] {logging_mixin.py:190} INFO - [2024-12-10T17:50:40.249-0600] {dag.py:3239} INFO - Sync 1 DAGs
[2024-12-10T17:50:40.257-0600] {logging_mixin.py:190} INFO - [2024-12-10T17:50:40.257-0600] {dag.py:4180} INFO - Setting next_dagrun for tutorial_objectstorage to None, run_after=None
[2024-12-10T17:50:40.276-0600] {processor.py:208} INFO - Processing /root/airflow_env/lib/python3.12/site-packages/airflow/example_dags/tutorial_objectstorage.py took 0.051 seconds
[2024-12-10T17:52:23.067-0600] {processor.py:186} INFO - Started process (PID=4412) to work on /root/airflow_env/lib/python3.12/site-packages/airflow/example_dags/tutorial_objectstorage.py
[2024-12-10T17:52:23.069-0600] {processor.py:914} INFO - Processing file /root/airflow_env/lib/python3.12/site-packages/airflow/example_dags/tutorial_objectstorage.py for tasks to queue
[2024-12-10T17:52:23.070-0600] {logging_mixin.py:190} INFO - [2024-12-10T17:52:23.070-0600] {dagbag.py:588} INFO - Filling up the DagBag from /root/airflow_env/lib/python3.12/site-packages/airflow/example_dags/tutorial_objectstorage.py
[2024-12-10T17:52:23.077-0600] {processor.py:925} INFO - DAG(s) 'tutorial_objectstorage' retrieved from /root/airflow_env/lib/python3.12/site-packages/airflow/example_dags/tutorial_objectstorage.py
[2024-12-10T17:52:23.089-0600] {logging_mixin.py:190} INFO - [2024-12-10T17:52:23.089-0600] {dag.py:3239} INFO - Sync 1 DAGs
[2024-12-10T17:52:23.098-0600] {logging_mixin.py:190} INFO - [2024-12-10T17:52:23.098-0600] {dag.py:4180} INFO - Setting next_dagrun for tutorial_objectstorage to None, run_after=None
[2024-12-10T17:52:23.115-0600] {processor.py:208} INFO - Processing /root/airflow_env/lib/python3.12/site-packages/airflow/example_dags/tutorial_objectstorage.py took 0.051 seconds
[2024-12-10T17:55:21.711-0600] {processor.py:186} INFO - Started process (PID=4615) to work on /root/airflow_env/lib/python3.12/site-packages/airflow/example_dags/tutorial_objectstorage.py
[2024-12-10T17:55:21.712-0600] {processor.py:914} INFO - Processing file /root/airflow_env/lib/python3.12/site-packages/airflow/example_dags/tutorial_objectstorage.py for tasks to queue
[2024-12-10T17:55:21.714-0600] {logging_mixin.py:190} INFO - [2024-12-10T17:55:21.714-0600] {dagbag.py:588} INFO - Filling up the DagBag from /root/airflow_env/lib/python3.12/site-packages/airflow/example_dags/tutorial_objectstorage.py
[2024-12-10T17:55:21.721-0600] {processor.py:925} INFO - DAG(s) 'tutorial_objectstorage' retrieved from /root/airflow_env/lib/python3.12/site-packages/airflow/example_dags/tutorial_objectstorage.py
[2024-12-10T17:55:21.733-0600] {logging_mixin.py:190} INFO - [2024-12-10T17:55:21.733-0600] {dag.py:3239} INFO - Sync 1 DAGs
[2024-12-10T17:55:21.741-0600] {logging_mixin.py:190} INFO - [2024-12-10T17:55:21.741-0600] {dag.py:4180} INFO - Setting next_dagrun for tutorial_objectstorage to None, run_after=None
[2024-12-10T17:55:21.760-0600] {processor.py:208} INFO - Processing /root/airflow_env/lib/python3.12/site-packages/airflow/example_dags/tutorial_objectstorage.py took 0.053 seconds
[2024-12-10T17:56:19.549-0600] {processor.py:186} INFO - Started process (PID=4687) to work on /root/airflow_env/lib/python3.12/site-packages/airflow/example_dags/tutorial_objectstorage.py
[2024-12-10T17:56:19.550-0600] {processor.py:914} INFO - Processing file /root/airflow_env/lib/python3.12/site-packages/airflow/example_dags/tutorial_objectstorage.py for tasks to queue
[2024-12-10T17:56:19.552-0600] {logging_mixin.py:190} INFO - [2024-12-10T17:56:19.552-0600] {dagbag.py:588} INFO - Filling up the DagBag from /root/airflow_env/lib/python3.12/site-packages/airflow/example_dags/tutorial_objectstorage.py
[2024-12-10T17:56:19.559-0600] {processor.py:925} INFO - DAG(s) 'tutorial_objectstorage' retrieved from /root/airflow_env/lib/python3.12/site-packages/airflow/example_dags/tutorial_objectstorage.py
[2024-12-10T17:56:19.569-0600] {logging_mixin.py:190} INFO - [2024-12-10T17:56:19.569-0600] {dag.py:3239} INFO - Sync 1 DAGs
[2024-12-10T17:56:19.578-0600] {logging_mixin.py:190} INFO - [2024-12-10T17:56:19.578-0600] {dag.py:4180} INFO - Setting next_dagrun for tutorial_objectstorage to None, run_after=None
[2024-12-10T17:56:19.598-0600] {processor.py:208} INFO - Processing /root/airflow_env/lib/python3.12/site-packages/airflow/example_dags/tutorial_objectstorage.py took 0.052 seconds
[2024-12-10T17:57:14.677-0600] {processor.py:186} INFO - Started process (PID=4763) to work on /root/airflow_env/lib/python3.12/site-packages/airflow/example_dags/tutorial_objectstorage.py
[2024-12-10T17:57:14.679-0600] {processor.py:914} INFO - Processing file /root/airflow_env/lib/python3.12/site-packages/airflow/example_dags/tutorial_objectstorage.py for tasks to queue
[2024-12-10T17:57:14.681-0600] {logging_mixin.py:190} INFO - [2024-12-10T17:57:14.681-0600] {dagbag.py:588} INFO - Filling up the DagBag from /root/airflow_env/lib/python3.12/site-packages/airflow/example_dags/tutorial_objectstorage.py
[2024-12-10T17:57:14.689-0600] {processor.py:925} INFO - DAG(s) 'tutorial_objectstorage' retrieved from /root/airflow_env/lib/python3.12/site-packages/airflow/example_dags/tutorial_objectstorage.py
[2024-12-10T17:57:14.700-0600] {logging_mixin.py:190} INFO - [2024-12-10T17:57:14.700-0600] {dag.py:3239} INFO - Sync 1 DAGs
[2024-12-10T17:57:14.709-0600] {logging_mixin.py:190} INFO - [2024-12-10T17:57:14.709-0600] {dag.py:4180} INFO - Setting next_dagrun for tutorial_objectstorage to None, run_after=None
[2024-12-10T17:57:14.729-0600] {processor.py:208} INFO - Processing /root/airflow_env/lib/python3.12/site-packages/airflow/example_dags/tutorial_objectstorage.py took 0.055 seconds
[2024-12-10T17:58:11.500-0600] {processor.py:186} INFO - Started process (PID=4840) to work on /root/airflow_env/lib/python3.12/site-packages/airflow/example_dags/tutorial_objectstorage.py
[2024-12-10T17:58:11.501-0600] {processor.py:914} INFO - Processing file /root/airflow_env/lib/python3.12/site-packages/airflow/example_dags/tutorial_objectstorage.py for tasks to queue
[2024-12-10T17:58:11.504-0600] {logging_mixin.py:190} INFO - [2024-12-10T17:58:11.504-0600] {dagbag.py:588} INFO - Filling up the DagBag from /root/airflow_env/lib/python3.12/site-packages/airflow/example_dags/tutorial_objectstorage.py
[2024-12-10T17:58:11.518-0600] {processor.py:925} INFO - DAG(s) 'tutorial_objectstorage' retrieved from /root/airflow_env/lib/python3.12/site-packages/airflow/example_dags/tutorial_objectstorage.py
[2024-12-10T17:58:11.536-0600] {logging_mixin.py:190} INFO - [2024-12-10T17:58:11.536-0600] {dag.py:3239} INFO - Sync 1 DAGs
[2024-12-10T17:58:11.551-0600] {logging_mixin.py:190} INFO - [2024-12-10T17:58:11.550-0600] {dag.py:4180} INFO - Setting next_dagrun for tutorial_objectstorage to None, run_after=None
[2024-12-10T17:58:11.609-0600] {processor.py:208} INFO - Processing /root/airflow_env/lib/python3.12/site-packages/airflow/example_dags/tutorial_objectstorage.py took 0.117 seconds
[2024-12-10T17:59:22.951-0600] {processor.py:186} INFO - Started process (PID=4943) to work on /root/airflow_env/lib/python3.12/site-packages/airflow/example_dags/tutorial_objectstorage.py
[2024-12-10T17:59:22.954-0600] {processor.py:914} INFO - Processing file /root/airflow_env/lib/python3.12/site-packages/airflow/example_dags/tutorial_objectstorage.py for tasks to queue
[2024-12-10T17:59:22.959-0600] {logging_mixin.py:190} INFO - [2024-12-10T17:59:22.958-0600] {dagbag.py:588} INFO - Filling up the DagBag from /root/airflow_env/lib/python3.12/site-packages/airflow/example_dags/tutorial_objectstorage.py
[2024-12-10T17:59:22.969-0600] {processor.py:925} INFO - DAG(s) 'tutorial_objectstorage' retrieved from /root/airflow_env/lib/python3.12/site-packages/airflow/example_dags/tutorial_objectstorage.py
[2024-12-10T17:59:22.984-0600] {logging_mixin.py:190} INFO - [2024-12-10T17:59:22.984-0600] {dag.py:3239} INFO - Sync 1 DAGs
[2024-12-10T17:59:22.998-0600] {logging_mixin.py:190} INFO - [2024-12-10T17:59:22.998-0600] {dag.py:4180} INFO - Setting next_dagrun for tutorial_objectstorage to None, run_after=None
[2024-12-10T17:59:23.031-0600] {processor.py:208} INFO - Processing /root/airflow_env/lib/python3.12/site-packages/airflow/example_dags/tutorial_objectstorage.py took 0.084 seconds
