[2024-12-10T17:00:17.332-0600] {processor.py:186} INFO - Started process (PID=709) to work on /root/airflow_env/lib/python3.12/site-packages/airflow/example_dags/tutorial_dag.py
[2024-12-10T17:00:17.333-0600] {processor.py:914} INFO - Processing file /root/airflow_env/lib/python3.12/site-packages/airflow/example_dags/tutorial_dag.py for tasks to queue
[2024-12-10T17:00:17.335-0600] {logging_mixin.py:190} INFO - [2024-12-10T17:00:17.335-0600] {dagbag.py:588} INFO - Filling up the DagBag from /root/airflow_env/lib/python3.12/site-packages/airflow/example_dags/tutorial_dag.py
[2024-12-10T17:00:17.343-0600] {processor.py:925} INFO - DAG(s) 'tutorial_dag' retrieved from /root/airflow_env/lib/python3.12/site-packages/airflow/example_dags/tutorial_dag.py
[2024-12-10T17:00:17.356-0600] {logging_mixin.py:190} INFO - [2024-12-10T17:00:17.356-0600] {dag.py:3239} INFO - Sync 1 DAGs
[2024-12-10T17:00:17.371-0600] {logging_mixin.py:190} INFO - [2024-12-10T17:00:17.371-0600] {dag.py:4180} INFO - Setting next_dagrun for tutorial_dag to None, run_after=None
[2024-12-10T17:00:17.413-0600] {processor.py:208} INFO - Processing /root/airflow_env/lib/python3.12/site-packages/airflow/example_dags/tutorial_dag.py took 0.086 seconds
[2024-12-10T17:01:12.925-0600] {processor.py:186} INFO - Started process (PID=781) to work on /root/airflow_env/lib/python3.12/site-packages/airflow/example_dags/tutorial_dag.py
[2024-12-10T17:01:12.926-0600] {processor.py:914} INFO - Processing file /root/airflow_env/lib/python3.12/site-packages/airflow/example_dags/tutorial_dag.py for tasks to queue
[2024-12-10T17:01:12.928-0600] {logging_mixin.py:190} INFO - [2024-12-10T17:01:12.927-0600] {dagbag.py:588} INFO - Filling up the DagBag from /root/airflow_env/lib/python3.12/site-packages/airflow/example_dags/tutorial_dag.py
[2024-12-10T17:01:12.933-0600] {processor.py:925} INFO - DAG(s) 'tutorial_dag' retrieved from /root/airflow_env/lib/python3.12/site-packages/airflow/example_dags/tutorial_dag.py
[2024-12-10T17:01:12.944-0600] {logging_mixin.py:190} INFO - [2024-12-10T17:01:12.944-0600] {dag.py:3239} INFO - Sync 1 DAGs
[2024-12-10T17:01:12.953-0600] {logging_mixin.py:190} INFO - [2024-12-10T17:01:12.953-0600] {dag.py:4180} INFO - Setting next_dagrun for tutorial_dag to None, run_after=None
[2024-12-10T17:01:12.974-0600] {processor.py:208} INFO - Processing /root/airflow_env/lib/python3.12/site-packages/airflow/example_dags/tutorial_dag.py took 0.053 seconds
[2024-12-10T17:02:28.910-0600] {processor.py:186} INFO - Started process (PID=922) to work on /root/airflow_env/lib/python3.12/site-packages/airflow/example_dags/tutorial_dag.py
[2024-12-10T17:02:28.912-0600] {processor.py:914} INFO - Processing file /root/airflow_env/lib/python3.12/site-packages/airflow/example_dags/tutorial_dag.py for tasks to queue
[2024-12-10T17:02:28.915-0600] {logging_mixin.py:190} INFO - [2024-12-10T17:02:28.915-0600] {dagbag.py:588} INFO - Filling up the DagBag from /root/airflow_env/lib/python3.12/site-packages/airflow/example_dags/tutorial_dag.py
[2024-12-10T17:02:28.928-0600] {processor.py:925} INFO - DAG(s) 'tutorial_dag' retrieved from /root/airflow_env/lib/python3.12/site-packages/airflow/example_dags/tutorial_dag.py
[2024-12-10T17:02:28.954-0600] {logging_mixin.py:190} INFO - [2024-12-10T17:02:28.954-0600] {dag.py:3239} INFO - Sync 1 DAGs
[2024-12-10T17:02:28.975-0600] {logging_mixin.py:190} INFO - [2024-12-10T17:02:28.974-0600] {dag.py:4180} INFO - Setting next_dagrun for tutorial_dag to None, run_after=None
[2024-12-10T17:02:29.003-0600] {processor.py:208} INFO - Processing /root/airflow_env/lib/python3.12/site-packages/airflow/example_dags/tutorial_dag.py took 0.101 seconds
[2024-12-10T17:03:24.398-0600] {processor.py:186} INFO - Started process (PID=987) to work on /root/airflow_env/lib/python3.12/site-packages/airflow/example_dags/tutorial_dag.py
[2024-12-10T17:03:24.399-0600] {processor.py:914} INFO - Processing file /root/airflow_env/lib/python3.12/site-packages/airflow/example_dags/tutorial_dag.py for tasks to queue
[2024-12-10T17:03:24.401-0600] {logging_mixin.py:190} INFO - [2024-12-10T17:03:24.401-0600] {dagbag.py:588} INFO - Filling up the DagBag from /root/airflow_env/lib/python3.12/site-packages/airflow/example_dags/tutorial_dag.py
[2024-12-10T17:03:24.408-0600] {processor.py:925} INFO - DAG(s) 'tutorial_dag' retrieved from /root/airflow_env/lib/python3.12/site-packages/airflow/example_dags/tutorial_dag.py
[2024-12-10T17:03:24.423-0600] {logging_mixin.py:190} INFO - [2024-12-10T17:03:24.423-0600] {dag.py:3239} INFO - Sync 1 DAGs
[2024-12-10T17:03:24.445-0600] {logging_mixin.py:190} INFO - [2024-12-10T17:03:24.445-0600] {dag.py:4180} INFO - Setting next_dagrun for tutorial_dag to None, run_after=None
[2024-12-10T17:03:24.480-0600] {processor.py:208} INFO - Processing /root/airflow_env/lib/python3.12/site-packages/airflow/example_dags/tutorial_dag.py took 0.087 seconds
[2024-12-10T17:04:16.995-0600] {processor.py:186} INFO - Started process (PID=1048) to work on /root/airflow_env/lib/python3.12/site-packages/airflow/example_dags/tutorial_dag.py
[2024-12-10T17:04:16.997-0600] {processor.py:914} INFO - Processing file /root/airflow_env/lib/python3.12/site-packages/airflow/example_dags/tutorial_dag.py for tasks to queue
[2024-12-10T17:04:16.998-0600] {logging_mixin.py:190} INFO - [2024-12-10T17:04:16.998-0600] {dagbag.py:588} INFO - Filling up the DagBag from /root/airflow_env/lib/python3.12/site-packages/airflow/example_dags/tutorial_dag.py
[2024-12-10T17:04:17.004-0600] {processor.py:925} INFO - DAG(s) 'tutorial_dag' retrieved from /root/airflow_env/lib/python3.12/site-packages/airflow/example_dags/tutorial_dag.py
[2024-12-10T17:04:17.016-0600] {logging_mixin.py:190} INFO - [2024-12-10T17:04:17.016-0600] {dag.py:3239} INFO - Sync 1 DAGs
[2024-12-10T17:04:17.025-0600] {logging_mixin.py:190} INFO - [2024-12-10T17:04:17.025-0600] {dag.py:4180} INFO - Setting next_dagrun for tutorial_dag to None, run_after=None
[2024-12-10T17:04:17.043-0600] {processor.py:208} INFO - Processing /root/airflow_env/lib/python3.12/site-packages/airflow/example_dags/tutorial_dag.py took 0.053 seconds
[2024-12-10T17:05:11.315-0600] {processor.py:186} INFO - Started process (PID=1110) to work on /root/airflow_env/lib/python3.12/site-packages/airflow/example_dags/tutorial_dag.py
[2024-12-10T17:05:11.316-0600] {processor.py:914} INFO - Processing file /root/airflow_env/lib/python3.12/site-packages/airflow/example_dags/tutorial_dag.py for tasks to queue
[2024-12-10T17:05:11.319-0600] {logging_mixin.py:190} INFO - [2024-12-10T17:05:11.318-0600] {dagbag.py:588} INFO - Filling up the DagBag from /root/airflow_env/lib/python3.12/site-packages/airflow/example_dags/tutorial_dag.py
[2024-12-10T17:05:11.326-0600] {processor.py:925} INFO - DAG(s) 'tutorial_dag' retrieved from /root/airflow_env/lib/python3.12/site-packages/airflow/example_dags/tutorial_dag.py
[2024-12-10T17:05:11.339-0600] {logging_mixin.py:190} INFO - [2024-12-10T17:05:11.338-0600] {dag.py:3239} INFO - Sync 1 DAGs
[2024-12-10T17:05:11.348-0600] {logging_mixin.py:190} INFO - [2024-12-10T17:05:11.348-0600] {dag.py:4180} INFO - Setting next_dagrun for tutorial_dag to None, run_after=None
[2024-12-10T17:05:11.370-0600] {processor.py:208} INFO - Processing /root/airflow_env/lib/python3.12/site-packages/airflow/example_dags/tutorial_dag.py took 0.061 seconds
[2024-12-10T17:06:04.826-0600] {processor.py:186} INFO - Started process (PID=1174) to work on /root/airflow_env/lib/python3.12/site-packages/airflow/example_dags/tutorial_dag.py
[2024-12-10T17:06:04.889-0600] {processor.py:914} INFO - Processing file /root/airflow_env/lib/python3.12/site-packages/airflow/example_dags/tutorial_dag.py for tasks to queue
[2024-12-10T17:06:04.893-0600] {logging_mixin.py:190} INFO - [2024-12-10T17:06:04.892-0600] {dagbag.py:588} INFO - Filling up the DagBag from /root/airflow_env/lib/python3.12/site-packages/airflow/example_dags/tutorial_dag.py
[2024-12-10T17:06:04.901-0600] {processor.py:925} INFO - DAG(s) 'tutorial_dag' retrieved from /root/airflow_env/lib/python3.12/site-packages/airflow/example_dags/tutorial_dag.py
[2024-12-10T17:06:04.912-0600] {logging_mixin.py:190} INFO - [2024-12-10T17:06:04.912-0600] {dag.py:3239} INFO - Sync 1 DAGs
[2024-12-10T17:06:04.920-0600] {logging_mixin.py:190} INFO - [2024-12-10T17:06:04.920-0600] {dag.py:4180} INFO - Setting next_dagrun for tutorial_dag to None, run_after=None
[2024-12-10T17:06:04.938-0600] {processor.py:208} INFO - Processing /root/airflow_env/lib/python3.12/site-packages/airflow/example_dags/tutorial_dag.py took 0.116 seconds
[2024-12-10T17:06:57.622-0600] {processor.py:186} INFO - Started process (PID=1235) to work on /root/airflow_env/lib/python3.12/site-packages/airflow/example_dags/tutorial_dag.py
[2024-12-10T17:06:57.625-0600] {processor.py:914} INFO - Processing file /root/airflow_env/lib/python3.12/site-packages/airflow/example_dags/tutorial_dag.py for tasks to queue
[2024-12-10T17:06:57.626-0600] {logging_mixin.py:190} INFO - [2024-12-10T17:06:57.626-0600] {dagbag.py:588} INFO - Filling up the DagBag from /root/airflow_env/lib/python3.12/site-packages/airflow/example_dags/tutorial_dag.py
[2024-12-10T17:06:57.632-0600] {processor.py:925} INFO - DAG(s) 'tutorial_dag' retrieved from /root/airflow_env/lib/python3.12/site-packages/airflow/example_dags/tutorial_dag.py
[2024-12-10T17:06:57.644-0600] {logging_mixin.py:190} INFO - [2024-12-10T17:06:57.643-0600] {dag.py:3239} INFO - Sync 1 DAGs
[2024-12-10T17:06:57.652-0600] {logging_mixin.py:190} INFO - [2024-12-10T17:06:57.652-0600] {dag.py:4180} INFO - Setting next_dagrun for tutorial_dag to None, run_after=None
[2024-12-10T17:06:57.670-0600] {processor.py:208} INFO - Processing /root/airflow_env/lib/python3.12/site-packages/airflow/example_dags/tutorial_dag.py took 0.052 seconds
[2024-12-10T17:07:53.071-0600] {processor.py:186} INFO - Started process (PID=1297) to work on /root/airflow_env/lib/python3.12/site-packages/airflow/example_dags/tutorial_dag.py
[2024-12-10T17:07:53.072-0600] {processor.py:914} INFO - Processing file /root/airflow_env/lib/python3.12/site-packages/airflow/example_dags/tutorial_dag.py for tasks to queue
[2024-12-10T17:07:53.074-0600] {logging_mixin.py:190} INFO - [2024-12-10T17:07:53.074-0600] {dagbag.py:588} INFO - Filling up the DagBag from /root/airflow_env/lib/python3.12/site-packages/airflow/example_dags/tutorial_dag.py
[2024-12-10T17:07:53.080-0600] {processor.py:925} INFO - DAG(s) 'tutorial_dag' retrieved from /root/airflow_env/lib/python3.12/site-packages/airflow/example_dags/tutorial_dag.py
[2024-12-10T17:07:53.093-0600] {logging_mixin.py:190} INFO - [2024-12-10T17:07:53.092-0600] {dag.py:3239} INFO - Sync 1 DAGs
[2024-12-10T17:07:53.101-0600] {logging_mixin.py:190} INFO - [2024-12-10T17:07:53.101-0600] {dag.py:4180} INFO - Setting next_dagrun for tutorial_dag to None, run_after=None
[2024-12-10T17:07:53.120-0600] {processor.py:208} INFO - Processing /root/airflow_env/lib/python3.12/site-packages/airflow/example_dags/tutorial_dag.py took 0.054 seconds
[2024-12-10T17:08:42.201-0600] {processor.py:186} INFO - Started process (PID=1394) to work on /root/airflow_env/lib/python3.12/site-packages/airflow/example_dags/tutorial_dag.py
[2024-12-10T17:08:42.202-0600] {processor.py:914} INFO - Processing file /root/airflow_env/lib/python3.12/site-packages/airflow/example_dags/tutorial_dag.py for tasks to queue
[2024-12-10T17:08:42.204-0600] {logging_mixin.py:190} INFO - [2024-12-10T17:08:42.203-0600] {dagbag.py:588} INFO - Filling up the DagBag from /root/airflow_env/lib/python3.12/site-packages/airflow/example_dags/tutorial_dag.py
[2024-12-10T17:08:42.210-0600] {processor.py:925} INFO - DAG(s) 'tutorial_dag' retrieved from /root/airflow_env/lib/python3.12/site-packages/airflow/example_dags/tutorial_dag.py
[2024-12-10T17:08:42.221-0600] {logging_mixin.py:190} INFO - [2024-12-10T17:08:42.221-0600] {dag.py:3239} INFO - Sync 1 DAGs
[2024-12-10T17:08:42.230-0600] {logging_mixin.py:190} INFO - [2024-12-10T17:08:42.229-0600] {dag.py:4180} INFO - Setting next_dagrun for tutorial_dag to None, run_after=None
[2024-12-10T17:08:42.248-0600] {processor.py:208} INFO - Processing /root/airflow_env/lib/python3.12/site-packages/airflow/example_dags/tutorial_dag.py took 0.052 seconds
[2024-12-10T17:09:33.221-0600] {processor.py:186} INFO - Started process (PID=1456) to work on /root/airflow_env/lib/python3.12/site-packages/airflow/example_dags/tutorial_dag.py
[2024-12-10T17:09:33.223-0600] {processor.py:914} INFO - Processing file /root/airflow_env/lib/python3.12/site-packages/airflow/example_dags/tutorial_dag.py for tasks to queue
[2024-12-10T17:09:33.225-0600] {logging_mixin.py:190} INFO - [2024-12-10T17:09:33.224-0600] {dagbag.py:588} INFO - Filling up the DagBag from /root/airflow_env/lib/python3.12/site-packages/airflow/example_dags/tutorial_dag.py
[2024-12-10T17:09:33.230-0600] {processor.py:925} INFO - DAG(s) 'tutorial_dag' retrieved from /root/airflow_env/lib/python3.12/site-packages/airflow/example_dags/tutorial_dag.py
[2024-12-10T17:09:33.242-0600] {logging_mixin.py:190} INFO - [2024-12-10T17:09:33.242-0600] {dag.py:3239} INFO - Sync 1 DAGs
[2024-12-10T17:09:33.256-0600] {logging_mixin.py:190} INFO - [2024-12-10T17:09:33.255-0600] {dag.py:4180} INFO - Setting next_dagrun for tutorial_dag to None, run_after=None
[2024-12-10T17:09:33.277-0600] {processor.py:208} INFO - Processing /root/airflow_env/lib/python3.12/site-packages/airflow/example_dags/tutorial_dag.py took 0.060 seconds
[2024-12-10T17:10:25.158-0600] {processor.py:186} INFO - Started process (PID=1524) to work on /root/airflow_env/lib/python3.12/site-packages/airflow/example_dags/tutorial_dag.py
[2024-12-10T17:10:25.159-0600] {processor.py:914} INFO - Processing file /root/airflow_env/lib/python3.12/site-packages/airflow/example_dags/tutorial_dag.py for tasks to queue
[2024-12-10T17:10:25.162-0600] {logging_mixin.py:190} INFO - [2024-12-10T17:10:25.161-0600] {dagbag.py:588} INFO - Filling up the DagBag from /root/airflow_env/lib/python3.12/site-packages/airflow/example_dags/tutorial_dag.py
[2024-12-10T17:10:25.168-0600] {processor.py:925} INFO - DAG(s) 'tutorial_dag' retrieved from /root/airflow_env/lib/python3.12/site-packages/airflow/example_dags/tutorial_dag.py
[2024-12-10T17:10:25.178-0600] {logging_mixin.py:190} INFO - [2024-12-10T17:10:25.178-0600] {dag.py:3239} INFO - Sync 1 DAGs
[2024-12-10T17:10:25.186-0600] {logging_mixin.py:190} INFO - [2024-12-10T17:10:25.186-0600] {dag.py:4180} INFO - Setting next_dagrun for tutorial_dag to None, run_after=None
[2024-12-10T17:10:25.203-0600] {processor.py:208} INFO - Processing /root/airflow_env/lib/python3.12/site-packages/airflow/example_dags/tutorial_dag.py took 0.052 seconds
[2024-12-10T17:11:13.750-0600] {processor.py:186} INFO - Started process (PID=1585) to work on /root/airflow_env/lib/python3.12/site-packages/airflow/example_dags/tutorial_dag.py
[2024-12-10T17:11:13.753-0600] {processor.py:914} INFO - Processing file /root/airflow_env/lib/python3.12/site-packages/airflow/example_dags/tutorial_dag.py for tasks to queue
[2024-12-10T17:11:13.755-0600] {logging_mixin.py:190} INFO - [2024-12-10T17:11:13.755-0600] {dagbag.py:588} INFO - Filling up the DagBag from /root/airflow_env/lib/python3.12/site-packages/airflow/example_dags/tutorial_dag.py
[2024-12-10T17:11:13.761-0600] {processor.py:925} INFO - DAG(s) 'tutorial_dag' retrieved from /root/airflow_env/lib/python3.12/site-packages/airflow/example_dags/tutorial_dag.py
[2024-12-10T17:11:13.772-0600] {logging_mixin.py:190} INFO - [2024-12-10T17:11:13.772-0600] {dag.py:3239} INFO - Sync 1 DAGs
[2024-12-10T17:11:13.783-0600] {logging_mixin.py:190} INFO - [2024-12-10T17:11:13.783-0600] {dag.py:4180} INFO - Setting next_dagrun for tutorial_dag to None, run_after=None
[2024-12-10T17:11:13.802-0600] {processor.py:208} INFO - Processing /root/airflow_env/lib/python3.12/site-packages/airflow/example_dags/tutorial_dag.py took 0.057 seconds
[2024-12-10T17:12:06.221-0600] {processor.py:186} INFO - Started process (PID=1645) to work on /root/airflow_env/lib/python3.12/site-packages/airflow/example_dags/tutorial_dag.py
[2024-12-10T17:12:06.223-0600] {processor.py:914} INFO - Processing file /root/airflow_env/lib/python3.12/site-packages/airflow/example_dags/tutorial_dag.py for tasks to queue
[2024-12-10T17:12:06.225-0600] {logging_mixin.py:190} INFO - [2024-12-10T17:12:06.225-0600] {dagbag.py:588} INFO - Filling up the DagBag from /root/airflow_env/lib/python3.12/site-packages/airflow/example_dags/tutorial_dag.py
[2024-12-10T17:12:06.231-0600] {processor.py:925} INFO - DAG(s) 'tutorial_dag' retrieved from /root/airflow_env/lib/python3.12/site-packages/airflow/example_dags/tutorial_dag.py
[2024-12-10T17:12:06.243-0600] {logging_mixin.py:190} INFO - [2024-12-10T17:12:06.243-0600] {dag.py:3239} INFO - Sync 1 DAGs
[2024-12-10T17:12:06.252-0600] {logging_mixin.py:190} INFO - [2024-12-10T17:12:06.252-0600] {dag.py:4180} INFO - Setting next_dagrun for tutorial_dag to None, run_after=None
[2024-12-10T17:12:06.270-0600] {processor.py:208} INFO - Processing /root/airflow_env/lib/python3.12/site-packages/airflow/example_dags/tutorial_dag.py took 0.053 seconds
[2024-12-10T17:12:57.357-0600] {processor.py:186} INFO - Started process (PID=1702) to work on /root/airflow_env/lib/python3.12/site-packages/airflow/example_dags/tutorial_dag.py
[2024-12-10T17:12:57.359-0600] {processor.py:914} INFO - Processing file /root/airflow_env/lib/python3.12/site-packages/airflow/example_dags/tutorial_dag.py for tasks to queue
[2024-12-10T17:12:57.361-0600] {logging_mixin.py:190} INFO - [2024-12-10T17:12:57.361-0600] {dagbag.py:588} INFO - Filling up the DagBag from /root/airflow_env/lib/python3.12/site-packages/airflow/example_dags/tutorial_dag.py
[2024-12-10T17:12:57.369-0600] {processor.py:925} INFO - DAG(s) 'tutorial_dag' retrieved from /root/airflow_env/lib/python3.12/site-packages/airflow/example_dags/tutorial_dag.py
[2024-12-10T17:12:57.387-0600] {logging_mixin.py:190} INFO - [2024-12-10T17:12:57.387-0600] {dag.py:3239} INFO - Sync 1 DAGs
[2024-12-10T17:12:57.401-0600] {logging_mixin.py:190} INFO - [2024-12-10T17:12:57.401-0600] {dag.py:4180} INFO - Setting next_dagrun for tutorial_dag to None, run_after=None
[2024-12-10T17:12:57.428-0600] {processor.py:208} INFO - Processing /root/airflow_env/lib/python3.12/site-packages/airflow/example_dags/tutorial_dag.py took 0.082 seconds
[2024-12-10T17:13:47.629-0600] {processor.py:186} INFO - Started process (PID=1758) to work on /root/airflow_env/lib/python3.12/site-packages/airflow/example_dags/tutorial_dag.py
[2024-12-10T17:13:47.631-0600] {processor.py:914} INFO - Processing file /root/airflow_env/lib/python3.12/site-packages/airflow/example_dags/tutorial_dag.py for tasks to queue
[2024-12-10T17:13:47.633-0600] {logging_mixin.py:190} INFO - [2024-12-10T17:13:47.632-0600] {dagbag.py:588} INFO - Filling up the DagBag from /root/airflow_env/lib/python3.12/site-packages/airflow/example_dags/tutorial_dag.py
[2024-12-10T17:13:47.639-0600] {processor.py:925} INFO - DAG(s) 'tutorial_dag' retrieved from /root/airflow_env/lib/python3.12/site-packages/airflow/example_dags/tutorial_dag.py
[2024-12-10T17:13:47.653-0600] {logging_mixin.py:190} INFO - [2024-12-10T17:13:47.652-0600] {dag.py:3239} INFO - Sync 1 DAGs
[2024-12-10T17:13:47.661-0600] {logging_mixin.py:190} INFO - [2024-12-10T17:13:47.661-0600] {dag.py:4180} INFO - Setting next_dagrun for tutorial_dag to None, run_after=None
[2024-12-10T17:13:47.680-0600] {processor.py:208} INFO - Processing /root/airflow_env/lib/python3.12/site-packages/airflow/example_dags/tutorial_dag.py took 0.058 seconds
[2024-12-10T17:14:37.496-0600] {processor.py:186} INFO - Started process (PID=1821) to work on /root/airflow_env/lib/python3.12/site-packages/airflow/example_dags/tutorial_dag.py
[2024-12-10T17:14:37.498-0600] {processor.py:914} INFO - Processing file /root/airflow_env/lib/python3.12/site-packages/airflow/example_dags/tutorial_dag.py for tasks to queue
[2024-12-10T17:14:37.501-0600] {logging_mixin.py:190} INFO - [2024-12-10T17:14:37.501-0600] {dagbag.py:588} INFO - Filling up the DagBag from /root/airflow_env/lib/python3.12/site-packages/airflow/example_dags/tutorial_dag.py
[2024-12-10T17:14:37.513-0600] {processor.py:925} INFO - DAG(s) 'tutorial_dag' retrieved from /root/airflow_env/lib/python3.12/site-packages/airflow/example_dags/tutorial_dag.py
[2024-12-10T17:14:37.524-0600] {logging_mixin.py:190} INFO - [2024-12-10T17:14:37.524-0600] {dag.py:3239} INFO - Sync 1 DAGs
[2024-12-10T17:14:37.532-0600] {logging_mixin.py:190} INFO - [2024-12-10T17:14:37.532-0600] {dag.py:4180} INFO - Setting next_dagrun for tutorial_dag to None, run_after=None
[2024-12-10T17:14:37.549-0600] {processor.py:208} INFO - Processing /root/airflow_env/lib/python3.12/site-packages/airflow/example_dags/tutorial_dag.py took 0.058 seconds
[2024-12-10T17:15:32.531-0600] {processor.py:186} INFO - Started process (PID=1882) to work on /root/airflow_env/lib/python3.12/site-packages/airflow/example_dags/tutorial_dag.py
[2024-12-10T17:15:32.533-0600] {processor.py:914} INFO - Processing file /root/airflow_env/lib/python3.12/site-packages/airflow/example_dags/tutorial_dag.py for tasks to queue
[2024-12-10T17:15:32.534-0600] {logging_mixin.py:190} INFO - [2024-12-10T17:15:32.534-0600] {dagbag.py:588} INFO - Filling up the DagBag from /root/airflow_env/lib/python3.12/site-packages/airflow/example_dags/tutorial_dag.py
[2024-12-10T17:15:32.540-0600] {processor.py:925} INFO - DAG(s) 'tutorial_dag' retrieved from /root/airflow_env/lib/python3.12/site-packages/airflow/example_dags/tutorial_dag.py
[2024-12-10T17:15:32.550-0600] {logging_mixin.py:190} INFO - [2024-12-10T17:15:32.550-0600] {dag.py:3239} INFO - Sync 1 DAGs
[2024-12-10T17:15:32.558-0600] {logging_mixin.py:190} INFO - [2024-12-10T17:15:32.557-0600] {dag.py:4180} INFO - Setting next_dagrun for tutorial_dag to None, run_after=None
[2024-12-10T17:15:32.575-0600] {processor.py:208} INFO - Processing /root/airflow_env/lib/python3.12/site-packages/airflow/example_dags/tutorial_dag.py took 0.048 seconds
[2024-12-10T17:16:23.834-0600] {processor.py:186} INFO - Started process (PID=1947) to work on /root/airflow_env/lib/python3.12/site-packages/airflow/example_dags/tutorial_dag.py
[2024-12-10T17:16:23.839-0600] {processor.py:914} INFO - Processing file /root/airflow_env/lib/python3.12/site-packages/airflow/example_dags/tutorial_dag.py for tasks to queue
[2024-12-10T17:16:23.841-0600] {logging_mixin.py:190} INFO - [2024-12-10T17:16:23.840-0600] {dagbag.py:588} INFO - Filling up the DagBag from /root/airflow_env/lib/python3.12/site-packages/airflow/example_dags/tutorial_dag.py
[2024-12-10T17:16:23.847-0600] {processor.py:925} INFO - DAG(s) 'tutorial_dag' retrieved from /root/airflow_env/lib/python3.12/site-packages/airflow/example_dags/tutorial_dag.py
[2024-12-10T17:16:23.861-0600] {logging_mixin.py:190} INFO - [2024-12-10T17:16:23.861-0600] {dag.py:3239} INFO - Sync 1 DAGs
[2024-12-10T17:16:23.875-0600] {logging_mixin.py:190} INFO - [2024-12-10T17:16:23.875-0600] {dag.py:4180} INFO - Setting next_dagrun for tutorial_dag to None, run_after=None
[2024-12-10T17:16:23.898-0600] {processor.py:208} INFO - Processing /root/airflow_env/lib/python3.12/site-packages/airflow/example_dags/tutorial_dag.py took 0.068 seconds
[2024-12-10T17:17:16.317-0600] {processor.py:186} INFO - Started process (PID=2007) to work on /root/airflow_env/lib/python3.12/site-packages/airflow/example_dags/tutorial_dag.py
[2024-12-10T17:17:16.320-0600] {processor.py:914} INFO - Processing file /root/airflow_env/lib/python3.12/site-packages/airflow/example_dags/tutorial_dag.py for tasks to queue
[2024-12-10T17:17:16.321-0600] {logging_mixin.py:190} INFO - [2024-12-10T17:17:16.321-0600] {dagbag.py:588} INFO - Filling up the DagBag from /root/airflow_env/lib/python3.12/site-packages/airflow/example_dags/tutorial_dag.py
[2024-12-10T17:17:16.327-0600] {processor.py:925} INFO - DAG(s) 'tutorial_dag' retrieved from /root/airflow_env/lib/python3.12/site-packages/airflow/example_dags/tutorial_dag.py
[2024-12-10T17:17:16.337-0600] {logging_mixin.py:190} INFO - [2024-12-10T17:17:16.337-0600] {dag.py:3239} INFO - Sync 1 DAGs
[2024-12-10T17:17:16.346-0600] {logging_mixin.py:190} INFO - [2024-12-10T17:17:16.346-0600] {dag.py:4180} INFO - Setting next_dagrun for tutorial_dag to None, run_after=None
[2024-12-10T17:17:16.364-0600] {processor.py:208} INFO - Processing /root/airflow_env/lib/python3.12/site-packages/airflow/example_dags/tutorial_dag.py took 0.051 seconds
[2024-12-10T17:18:08.331-0600] {processor.py:186} INFO - Started process (PID=2064) to work on /root/airflow_env/lib/python3.12/site-packages/airflow/example_dags/tutorial_dag.py
[2024-12-10T17:18:08.332-0600] {processor.py:914} INFO - Processing file /root/airflow_env/lib/python3.12/site-packages/airflow/example_dags/tutorial_dag.py for tasks to queue
[2024-12-10T17:18:08.333-0600] {logging_mixin.py:190} INFO - [2024-12-10T17:18:08.333-0600] {dagbag.py:588} INFO - Filling up the DagBag from /root/airflow_env/lib/python3.12/site-packages/airflow/example_dags/tutorial_dag.py
[2024-12-10T17:18:08.338-0600] {processor.py:925} INFO - DAG(s) 'tutorial_dag' retrieved from /root/airflow_env/lib/python3.12/site-packages/airflow/example_dags/tutorial_dag.py
[2024-12-10T17:18:08.349-0600] {logging_mixin.py:190} INFO - [2024-12-10T17:18:08.349-0600] {dag.py:3239} INFO - Sync 1 DAGs
[2024-12-10T17:18:08.357-0600] {logging_mixin.py:190} INFO - [2024-12-10T17:18:08.357-0600] {dag.py:4180} INFO - Setting next_dagrun for tutorial_dag to None, run_after=None
[2024-12-10T17:18:08.374-0600] {processor.py:208} INFO - Processing /root/airflow_env/lib/python3.12/site-packages/airflow/example_dags/tutorial_dag.py took 0.047 seconds
[2024-12-10T17:18:59.721-0600] {processor.py:186} INFO - Started process (PID=2120) to work on /root/airflow_env/lib/python3.12/site-packages/airflow/example_dags/tutorial_dag.py
[2024-12-10T17:18:59.724-0600] {processor.py:914} INFO - Processing file /root/airflow_env/lib/python3.12/site-packages/airflow/example_dags/tutorial_dag.py for tasks to queue
[2024-12-10T17:18:59.725-0600] {logging_mixin.py:190} INFO - [2024-12-10T17:18:59.725-0600] {dagbag.py:588} INFO - Filling up the DagBag from /root/airflow_env/lib/python3.12/site-packages/airflow/example_dags/tutorial_dag.py
[2024-12-10T17:18:59.731-0600] {processor.py:925} INFO - DAG(s) 'tutorial_dag' retrieved from /root/airflow_env/lib/python3.12/site-packages/airflow/example_dags/tutorial_dag.py
[2024-12-10T17:18:59.741-0600] {logging_mixin.py:190} INFO - [2024-12-10T17:18:59.741-0600] {dag.py:3239} INFO - Sync 1 DAGs
[2024-12-10T17:18:59.750-0600] {logging_mixin.py:190} INFO - [2024-12-10T17:18:59.750-0600] {dag.py:4180} INFO - Setting next_dagrun for tutorial_dag to None, run_after=None
[2024-12-10T17:18:59.766-0600] {processor.py:208} INFO - Processing /root/airflow_env/lib/python3.12/site-packages/airflow/example_dags/tutorial_dag.py took 0.049 seconds
[2024-12-10T17:19:52.686-0600] {processor.py:186} INFO - Started process (PID=2177) to work on /root/airflow_env/lib/python3.12/site-packages/airflow/example_dags/tutorial_dag.py
[2024-12-10T17:19:52.689-0600] {processor.py:914} INFO - Processing file /root/airflow_env/lib/python3.12/site-packages/airflow/example_dags/tutorial_dag.py for tasks to queue
[2024-12-10T17:19:52.690-0600] {logging_mixin.py:190} INFO - [2024-12-10T17:19:52.690-0600] {dagbag.py:588} INFO - Filling up the DagBag from /root/airflow_env/lib/python3.12/site-packages/airflow/example_dags/tutorial_dag.py
[2024-12-10T17:19:52.696-0600] {processor.py:925} INFO - DAG(s) 'tutorial_dag' retrieved from /root/airflow_env/lib/python3.12/site-packages/airflow/example_dags/tutorial_dag.py
[2024-12-10T17:19:52.707-0600] {logging_mixin.py:190} INFO - [2024-12-10T17:19:52.706-0600] {dag.py:3239} INFO - Sync 1 DAGs
[2024-12-10T17:19:52.715-0600] {logging_mixin.py:190} INFO - [2024-12-10T17:19:52.715-0600] {dag.py:4180} INFO - Setting next_dagrun for tutorial_dag to None, run_after=None
[2024-12-10T17:19:52.732-0600] {processor.py:208} INFO - Processing /root/airflow_env/lib/python3.12/site-packages/airflow/example_dags/tutorial_dag.py took 0.050 seconds
[2024-12-10T17:20:44.499-0600] {processor.py:186} INFO - Started process (PID=2234) to work on /root/airflow_env/lib/python3.12/site-packages/airflow/example_dags/tutorial_dag.py
[2024-12-10T17:20:44.501-0600] {processor.py:914} INFO - Processing file /root/airflow_env/lib/python3.12/site-packages/airflow/example_dags/tutorial_dag.py for tasks to queue
[2024-12-10T17:20:44.503-0600] {logging_mixin.py:190} INFO - [2024-12-10T17:20:44.502-0600] {dagbag.py:588} INFO - Filling up the DagBag from /root/airflow_env/lib/python3.12/site-packages/airflow/example_dags/tutorial_dag.py
[2024-12-10T17:20:44.508-0600] {processor.py:925} INFO - DAG(s) 'tutorial_dag' retrieved from /root/airflow_env/lib/python3.12/site-packages/airflow/example_dags/tutorial_dag.py
[2024-12-10T17:20:44.519-0600] {logging_mixin.py:190} INFO - [2024-12-10T17:20:44.519-0600] {dag.py:3239} INFO - Sync 1 DAGs
[2024-12-10T17:20:44.527-0600] {logging_mixin.py:190} INFO - [2024-12-10T17:20:44.527-0600] {dag.py:4180} INFO - Setting next_dagrun for tutorial_dag to None, run_after=None
[2024-12-10T17:20:44.544-0600] {processor.py:208} INFO - Processing /root/airflow_env/lib/python3.12/site-packages/airflow/example_dags/tutorial_dag.py took 0.049 seconds
[2024-12-10T17:21:37.554-0600] {processor.py:186} INFO - Started process (PID=2293) to work on /root/airflow_env/lib/python3.12/site-packages/airflow/example_dags/tutorial_dag.py
[2024-12-10T17:21:37.557-0600] {processor.py:914} INFO - Processing file /root/airflow_env/lib/python3.12/site-packages/airflow/example_dags/tutorial_dag.py for tasks to queue
[2024-12-10T17:21:37.558-0600] {logging_mixin.py:190} INFO - [2024-12-10T17:21:37.558-0600] {dagbag.py:588} INFO - Filling up the DagBag from /root/airflow_env/lib/python3.12/site-packages/airflow/example_dags/tutorial_dag.py
[2024-12-10T17:21:37.564-0600] {processor.py:925} INFO - DAG(s) 'tutorial_dag' retrieved from /root/airflow_env/lib/python3.12/site-packages/airflow/example_dags/tutorial_dag.py
[2024-12-10T17:21:37.574-0600] {logging_mixin.py:190} INFO - [2024-12-10T17:21:37.574-0600] {dag.py:3239} INFO - Sync 1 DAGs
[2024-12-10T17:21:37.582-0600] {logging_mixin.py:190} INFO - [2024-12-10T17:21:37.582-0600] {dag.py:4180} INFO - Setting next_dagrun for tutorial_dag to None, run_after=None
[2024-12-10T17:21:37.599-0600] {processor.py:208} INFO - Processing /root/airflow_env/lib/python3.12/site-packages/airflow/example_dags/tutorial_dag.py took 0.049 seconds
[2024-12-10T17:22:31.614-0600] {processor.py:186} INFO - Started process (PID=2351) to work on /root/airflow_env/lib/python3.12/site-packages/airflow/example_dags/tutorial_dag.py
[2024-12-10T17:22:31.616-0600] {processor.py:914} INFO - Processing file /root/airflow_env/lib/python3.12/site-packages/airflow/example_dags/tutorial_dag.py for tasks to queue
[2024-12-10T17:22:31.618-0600] {logging_mixin.py:190} INFO - [2024-12-10T17:22:31.617-0600] {dagbag.py:588} INFO - Filling up the DagBag from /root/airflow_env/lib/python3.12/site-packages/airflow/example_dags/tutorial_dag.py
[2024-12-10T17:22:31.623-0600] {processor.py:925} INFO - DAG(s) 'tutorial_dag' retrieved from /root/airflow_env/lib/python3.12/site-packages/airflow/example_dags/tutorial_dag.py
[2024-12-10T17:22:31.634-0600] {logging_mixin.py:190} INFO - [2024-12-10T17:22:31.634-0600] {dag.py:3239} INFO - Sync 1 DAGs
[2024-12-10T17:22:31.642-0600] {logging_mixin.py:190} INFO - [2024-12-10T17:22:31.642-0600] {dag.py:4180} INFO - Setting next_dagrun for tutorial_dag to None, run_after=None
[2024-12-10T17:22:31.659-0600] {processor.py:208} INFO - Processing /root/airflow_env/lib/python3.12/site-packages/airflow/example_dags/tutorial_dag.py took 0.050 seconds
[2024-12-10T17:23:26.573-0600] {processor.py:186} INFO - Started process (PID=2409) to work on /root/airflow_env/lib/python3.12/site-packages/airflow/example_dags/tutorial_dag.py
[2024-12-10T17:23:26.575-0600] {processor.py:914} INFO - Processing file /root/airflow_env/lib/python3.12/site-packages/airflow/example_dags/tutorial_dag.py for tasks to queue
[2024-12-10T17:23:26.577-0600] {logging_mixin.py:190} INFO - [2024-12-10T17:23:26.576-0600] {dagbag.py:588} INFO - Filling up the DagBag from /root/airflow_env/lib/python3.12/site-packages/airflow/example_dags/tutorial_dag.py
[2024-12-10T17:23:26.582-0600] {processor.py:925} INFO - DAG(s) 'tutorial_dag' retrieved from /root/airflow_env/lib/python3.12/site-packages/airflow/example_dags/tutorial_dag.py
[2024-12-10T17:23:26.593-0600] {logging_mixin.py:190} INFO - [2024-12-10T17:23:26.592-0600] {dag.py:3239} INFO - Sync 1 DAGs
[2024-12-10T17:23:26.601-0600] {logging_mixin.py:190} INFO - [2024-12-10T17:23:26.601-0600] {dag.py:4180} INFO - Setting next_dagrun for tutorial_dag to None, run_after=None
[2024-12-10T17:23:26.618-0600] {processor.py:208} INFO - Processing /root/airflow_env/lib/python3.12/site-packages/airflow/example_dags/tutorial_dag.py took 0.049 seconds
[2024-12-10T17:24:19.538-0600] {processor.py:186} INFO - Started process (PID=2468) to work on /root/airflow_env/lib/python3.12/site-packages/airflow/example_dags/tutorial_dag.py
[2024-12-10T17:24:19.541-0600] {processor.py:914} INFO - Processing file /root/airflow_env/lib/python3.12/site-packages/airflow/example_dags/tutorial_dag.py for tasks to queue
[2024-12-10T17:24:19.542-0600] {logging_mixin.py:190} INFO - [2024-12-10T17:24:19.542-0600] {dagbag.py:588} INFO - Filling up the DagBag from /root/airflow_env/lib/python3.12/site-packages/airflow/example_dags/tutorial_dag.py
[2024-12-10T17:24:19.548-0600] {processor.py:925} INFO - DAG(s) 'tutorial_dag' retrieved from /root/airflow_env/lib/python3.12/site-packages/airflow/example_dags/tutorial_dag.py
[2024-12-10T17:24:19.559-0600] {logging_mixin.py:190} INFO - [2024-12-10T17:24:19.559-0600] {dag.py:3239} INFO - Sync 1 DAGs
[2024-12-10T17:24:19.568-0600] {logging_mixin.py:190} INFO - [2024-12-10T17:24:19.568-0600] {dag.py:4180} INFO - Setting next_dagrun for tutorial_dag to None, run_after=None
[2024-12-10T17:24:19.585-0600] {processor.py:208} INFO - Processing /root/airflow_env/lib/python3.12/site-packages/airflow/example_dags/tutorial_dag.py took 0.050 seconds
[2024-12-10T17:25:12.081-0600] {processor.py:186} INFO - Started process (PID=2533) to work on /root/airflow_env/lib/python3.12/site-packages/airflow/example_dags/tutorial_dag.py
[2024-12-10T17:25:12.083-0600] {processor.py:914} INFO - Processing file /root/airflow_env/lib/python3.12/site-packages/airflow/example_dags/tutorial_dag.py for tasks to queue
[2024-12-10T17:25:12.085-0600] {logging_mixin.py:190} INFO - [2024-12-10T17:25:12.084-0600] {dagbag.py:588} INFO - Filling up the DagBag from /root/airflow_env/lib/python3.12/site-packages/airflow/example_dags/tutorial_dag.py
[2024-12-10T17:25:12.090-0600] {processor.py:925} INFO - DAG(s) 'tutorial_dag' retrieved from /root/airflow_env/lib/python3.12/site-packages/airflow/example_dags/tutorial_dag.py
[2024-12-10T17:25:12.101-0600] {logging_mixin.py:190} INFO - [2024-12-10T17:25:12.100-0600] {dag.py:3239} INFO - Sync 1 DAGs
[2024-12-10T17:25:12.108-0600] {logging_mixin.py:190} INFO - [2024-12-10T17:25:12.108-0600] {dag.py:4180} INFO - Setting next_dagrun for tutorial_dag to None, run_after=None
[2024-12-10T17:25:12.126-0600] {processor.py:208} INFO - Processing /root/airflow_env/lib/python3.12/site-packages/airflow/example_dags/tutorial_dag.py took 0.049 seconds
[2024-12-10T17:26:04.684-0600] {processor.py:186} INFO - Started process (PID=2590) to work on /root/airflow_env/lib/python3.12/site-packages/airflow/example_dags/tutorial_dag.py
[2024-12-10T17:26:04.687-0600] {processor.py:914} INFO - Processing file /root/airflow_env/lib/python3.12/site-packages/airflow/example_dags/tutorial_dag.py for tasks to queue
[2024-12-10T17:26:04.689-0600] {logging_mixin.py:190} INFO - [2024-12-10T17:26:04.689-0600] {dagbag.py:588} INFO - Filling up the DagBag from /root/airflow_env/lib/python3.12/site-packages/airflow/example_dags/tutorial_dag.py
[2024-12-10T17:26:04.696-0600] {processor.py:925} INFO - DAG(s) 'tutorial_dag' retrieved from /root/airflow_env/lib/python3.12/site-packages/airflow/example_dags/tutorial_dag.py
[2024-12-10T17:26:04.711-0600] {logging_mixin.py:190} INFO - [2024-12-10T17:26:04.711-0600] {dag.py:3239} INFO - Sync 1 DAGs
[2024-12-10T17:26:04.722-0600] {logging_mixin.py:190} INFO - [2024-12-10T17:26:04.722-0600] {dag.py:4180} INFO - Setting next_dagrun for tutorial_dag to None, run_after=None
[2024-12-10T17:26:04.737-0600] {processor.py:208} INFO - Processing /root/airflow_env/lib/python3.12/site-packages/airflow/example_dags/tutorial_dag.py took 0.064 seconds
[2024-12-10T17:26:58.063-0600] {processor.py:186} INFO - Started process (PID=2648) to work on /root/airflow_env/lib/python3.12/site-packages/airflow/example_dags/tutorial_dag.py
[2024-12-10T17:26:58.065-0600] {processor.py:914} INFO - Processing file /root/airflow_env/lib/python3.12/site-packages/airflow/example_dags/tutorial_dag.py for tasks to queue
[2024-12-10T17:26:58.066-0600] {logging_mixin.py:190} INFO - [2024-12-10T17:26:58.066-0600] {dagbag.py:588} INFO - Filling up the DagBag from /root/airflow_env/lib/python3.12/site-packages/airflow/example_dags/tutorial_dag.py
[2024-12-10T17:26:58.072-0600] {processor.py:925} INFO - DAG(s) 'tutorial_dag' retrieved from /root/airflow_env/lib/python3.12/site-packages/airflow/example_dags/tutorial_dag.py
[2024-12-10T17:26:58.083-0600] {logging_mixin.py:190} INFO - [2024-12-10T17:26:58.082-0600] {dag.py:3239} INFO - Sync 1 DAGs
[2024-12-10T17:26:58.090-0600] {logging_mixin.py:190} INFO - [2024-12-10T17:26:58.090-0600] {dag.py:4180} INFO - Setting next_dagrun for tutorial_dag to None, run_after=None
[2024-12-10T17:26:58.107-0600] {processor.py:208} INFO - Processing /root/airflow_env/lib/python3.12/site-packages/airflow/example_dags/tutorial_dag.py took 0.048 seconds
[2024-12-10T17:27:50.350-0600] {processor.py:186} INFO - Started process (PID=2706) to work on /root/airflow_env/lib/python3.12/site-packages/airflow/example_dags/tutorial_dag.py
[2024-12-10T17:27:50.352-0600] {processor.py:914} INFO - Processing file /root/airflow_env/lib/python3.12/site-packages/airflow/example_dags/tutorial_dag.py for tasks to queue
[2024-12-10T17:27:50.354-0600] {logging_mixin.py:190} INFO - [2024-12-10T17:27:50.353-0600] {dagbag.py:588} INFO - Filling up the DagBag from /root/airflow_env/lib/python3.12/site-packages/airflow/example_dags/tutorial_dag.py
[2024-12-10T17:27:50.359-0600] {processor.py:925} INFO - DAG(s) 'tutorial_dag' retrieved from /root/airflow_env/lib/python3.12/site-packages/airflow/example_dags/tutorial_dag.py
[2024-12-10T17:27:50.370-0600] {logging_mixin.py:190} INFO - [2024-12-10T17:27:50.369-0600] {dag.py:3239} INFO - Sync 1 DAGs
[2024-12-10T17:27:50.377-0600] {logging_mixin.py:190} INFO - [2024-12-10T17:27:50.377-0600] {dag.py:4180} INFO - Setting next_dagrun for tutorial_dag to None, run_after=None
[2024-12-10T17:27:50.395-0600] {processor.py:208} INFO - Processing /root/airflow_env/lib/python3.12/site-packages/airflow/example_dags/tutorial_dag.py took 0.049 seconds
[2024-12-10T17:28:44.027-0600] {processor.py:186} INFO - Started process (PID=2762) to work on /root/airflow_env/lib/python3.12/site-packages/airflow/example_dags/tutorial_dag.py
[2024-12-10T17:28:44.029-0600] {processor.py:914} INFO - Processing file /root/airflow_env/lib/python3.12/site-packages/airflow/example_dags/tutorial_dag.py for tasks to queue
[2024-12-10T17:28:44.031-0600] {logging_mixin.py:190} INFO - [2024-12-10T17:28:44.030-0600] {dagbag.py:588} INFO - Filling up the DagBag from /root/airflow_env/lib/python3.12/site-packages/airflow/example_dags/tutorial_dag.py
[2024-12-10T17:28:44.036-0600] {processor.py:925} INFO - DAG(s) 'tutorial_dag' retrieved from /root/airflow_env/lib/python3.12/site-packages/airflow/example_dags/tutorial_dag.py
[2024-12-10T17:28:44.047-0600] {logging_mixin.py:190} INFO - [2024-12-10T17:28:44.046-0600] {dag.py:3239} INFO - Sync 1 DAGs
[2024-12-10T17:28:44.055-0600] {logging_mixin.py:190} INFO - [2024-12-10T17:28:44.055-0600] {dag.py:4180} INFO - Setting next_dagrun for tutorial_dag to None, run_after=None
[2024-12-10T17:28:44.072-0600] {processor.py:208} INFO - Processing /root/airflow_env/lib/python3.12/site-packages/airflow/example_dags/tutorial_dag.py took 0.049 seconds
[2024-12-10T17:29:37.317-0600] {processor.py:186} INFO - Started process (PID=2822) to work on /root/airflow_env/lib/python3.12/site-packages/airflow/example_dags/tutorial_dag.py
[2024-12-10T17:29:37.318-0600] {processor.py:914} INFO - Processing file /root/airflow_env/lib/python3.12/site-packages/airflow/example_dags/tutorial_dag.py for tasks to queue
[2024-12-10T17:29:37.320-0600] {logging_mixin.py:190} INFO - [2024-12-10T17:29:37.319-0600] {dagbag.py:588} INFO - Filling up the DagBag from /root/airflow_env/lib/python3.12/site-packages/airflow/example_dags/tutorial_dag.py
[2024-12-10T17:29:37.326-0600] {processor.py:925} INFO - DAG(s) 'tutorial_dag' retrieved from /root/airflow_env/lib/python3.12/site-packages/airflow/example_dags/tutorial_dag.py
[2024-12-10T17:29:37.338-0600] {logging_mixin.py:190} INFO - [2024-12-10T17:29:37.337-0600] {dag.py:3239} INFO - Sync 1 DAGs
[2024-12-10T17:29:37.347-0600] {logging_mixin.py:190} INFO - [2024-12-10T17:29:37.346-0600] {dag.py:4180} INFO - Setting next_dagrun for tutorial_dag to None, run_after=None
[2024-12-10T17:29:37.366-0600] {processor.py:208} INFO - Processing /root/airflow_env/lib/python3.12/site-packages/airflow/example_dags/tutorial_dag.py took 0.054 seconds
[2024-12-10T17:30:26.997-0600] {processor.py:186} INFO - Started process (PID=2883) to work on /root/airflow_env/lib/python3.12/site-packages/airflow/example_dags/tutorial_dag.py
[2024-12-10T17:30:27.000-0600] {processor.py:914} INFO - Processing file /root/airflow_env/lib/python3.12/site-packages/airflow/example_dags/tutorial_dag.py for tasks to queue
[2024-12-10T17:30:27.001-0600] {logging_mixin.py:190} INFO - [2024-12-10T17:30:27.001-0600] {dagbag.py:588} INFO - Filling up the DagBag from /root/airflow_env/lib/python3.12/site-packages/airflow/example_dags/tutorial_dag.py
[2024-12-10T17:30:27.007-0600] {processor.py:925} INFO - DAG(s) 'tutorial_dag' retrieved from /root/airflow_env/lib/python3.12/site-packages/airflow/example_dags/tutorial_dag.py
[2024-12-10T17:30:27.017-0600] {logging_mixin.py:190} INFO - [2024-12-10T17:30:27.016-0600] {dag.py:3239} INFO - Sync 1 DAGs
[2024-12-10T17:30:27.025-0600] {logging_mixin.py:190} INFO - [2024-12-10T17:30:27.024-0600] {dag.py:4180} INFO - Setting next_dagrun for tutorial_dag to None, run_after=None
[2024-12-10T17:30:27.041-0600] {processor.py:208} INFO - Processing /root/airflow_env/lib/python3.12/site-packages/airflow/example_dags/tutorial_dag.py took 0.047 seconds
[2024-12-10T17:31:17.540-0600] {processor.py:186} INFO - Started process (PID=2939) to work on /root/airflow_env/lib/python3.12/site-packages/airflow/example_dags/tutorial_dag.py
[2024-12-10T17:31:17.542-0600] {processor.py:914} INFO - Processing file /root/airflow_env/lib/python3.12/site-packages/airflow/example_dags/tutorial_dag.py for tasks to queue
[2024-12-10T17:31:17.544-0600] {logging_mixin.py:190} INFO - [2024-12-10T17:31:17.544-0600] {dagbag.py:588} INFO - Filling up the DagBag from /root/airflow_env/lib/python3.12/site-packages/airflow/example_dags/tutorial_dag.py
[2024-12-10T17:31:17.550-0600] {processor.py:925} INFO - DAG(s) 'tutorial_dag' retrieved from /root/airflow_env/lib/python3.12/site-packages/airflow/example_dags/tutorial_dag.py
[2024-12-10T17:31:17.562-0600] {logging_mixin.py:190} INFO - [2024-12-10T17:31:17.561-0600] {dag.py:3239} INFO - Sync 1 DAGs
[2024-12-10T17:31:17.570-0600] {logging_mixin.py:190} INFO - [2024-12-10T17:31:17.570-0600] {dag.py:4180} INFO - Setting next_dagrun for tutorial_dag to None, run_after=None
[2024-12-10T17:31:17.589-0600] {processor.py:208} INFO - Processing /root/airflow_env/lib/python3.12/site-packages/airflow/example_dags/tutorial_dag.py took 0.053 seconds
[2024-12-10T17:32:10.923-0600] {processor.py:186} INFO - Started process (PID=2995) to work on /root/airflow_env/lib/python3.12/site-packages/airflow/example_dags/tutorial_dag.py
[2024-12-10T17:32:10.925-0600] {processor.py:914} INFO - Processing file /root/airflow_env/lib/python3.12/site-packages/airflow/example_dags/tutorial_dag.py for tasks to queue
[2024-12-10T17:32:10.927-0600] {logging_mixin.py:190} INFO - [2024-12-10T17:32:10.926-0600] {dagbag.py:588} INFO - Filling up the DagBag from /root/airflow_env/lib/python3.12/site-packages/airflow/example_dags/tutorial_dag.py
[2024-12-10T17:32:10.933-0600] {processor.py:925} INFO - DAG(s) 'tutorial_dag' retrieved from /root/airflow_env/lib/python3.12/site-packages/airflow/example_dags/tutorial_dag.py
[2024-12-10T17:32:10.943-0600] {logging_mixin.py:190} INFO - [2024-12-10T17:32:10.943-0600] {dag.py:3239} INFO - Sync 1 DAGs
[2024-12-10T17:32:10.952-0600] {logging_mixin.py:190} INFO - [2024-12-10T17:32:10.952-0600] {dag.py:4180} INFO - Setting next_dagrun for tutorial_dag to None, run_after=None
[2024-12-10T17:32:10.968-0600] {processor.py:208} INFO - Processing /root/airflow_env/lib/python3.12/site-packages/airflow/example_dags/tutorial_dag.py took 0.049 seconds
[2024-12-10T17:33:04.649-0600] {processor.py:186} INFO - Started process (PID=3056) to work on /root/airflow_env/lib/python3.12/site-packages/airflow/example_dags/tutorial_dag.py
[2024-12-10T17:33:04.651-0600] {processor.py:914} INFO - Processing file /root/airflow_env/lib/python3.12/site-packages/airflow/example_dags/tutorial_dag.py for tasks to queue
[2024-12-10T17:33:04.652-0600] {logging_mixin.py:190} INFO - [2024-12-10T17:33:04.652-0600] {dagbag.py:588} INFO - Filling up the DagBag from /root/airflow_env/lib/python3.12/site-packages/airflow/example_dags/tutorial_dag.py
[2024-12-10T17:33:04.658-0600] {processor.py:925} INFO - DAG(s) 'tutorial_dag' retrieved from /root/airflow_env/lib/python3.12/site-packages/airflow/example_dags/tutorial_dag.py
[2024-12-10T17:33:04.668-0600] {logging_mixin.py:190} INFO - [2024-12-10T17:33:04.668-0600] {dag.py:3239} INFO - Sync 1 DAGs
[2024-12-10T17:33:04.676-0600] {logging_mixin.py:190} INFO - [2024-12-10T17:33:04.676-0600] {dag.py:4180} INFO - Setting next_dagrun for tutorial_dag to None, run_after=None
[2024-12-10T17:33:04.694-0600] {processor.py:208} INFO - Processing /root/airflow_env/lib/python3.12/site-packages/airflow/example_dags/tutorial_dag.py took 0.049 seconds
[2024-12-10T17:33:59.038-0600] {processor.py:186} INFO - Started process (PID=3220) to work on /root/airflow_env/lib/python3.12/site-packages/airflow/example_dags/tutorial_dag.py
[2024-12-10T17:33:59.039-0600] {processor.py:914} INFO - Processing file /root/airflow_env/lib/python3.12/site-packages/airflow/example_dags/tutorial_dag.py for tasks to queue
[2024-12-10T17:33:59.047-0600] {logging_mixin.py:190} INFO - [2024-12-10T17:33:59.046-0600] {dagbag.py:588} INFO - Filling up the DagBag from /root/airflow_env/lib/python3.12/site-packages/airflow/example_dags/tutorial_dag.py
[2024-12-10T17:33:59.066-0600] {processor.py:925} INFO - DAG(s) 'tutorial_dag' retrieved from /root/airflow_env/lib/python3.12/site-packages/airflow/example_dags/tutorial_dag.py
[2024-12-10T17:33:59.087-0600] {logging_mixin.py:190} INFO - [2024-12-10T17:33:59.086-0600] {dag.py:3239} INFO - Sync 1 DAGs
[2024-12-10T17:33:59.114-0600] {logging_mixin.py:190} INFO - [2024-12-10T17:33:59.114-0600] {dag.py:4180} INFO - Setting next_dagrun for tutorial_dag to None, run_after=None
[2024-12-10T17:33:59.145-0600] {processor.py:208} INFO - Processing /root/airflow_env/lib/python3.12/site-packages/airflow/example_dags/tutorial_dag.py took 0.113 seconds
[2024-12-10T17:34:50.518-0600] {processor.py:186} INFO - Started process (PID=3277) to work on /root/airflow_env/lib/python3.12/site-packages/airflow/example_dags/tutorial_dag.py
[2024-12-10T17:34:50.520-0600] {processor.py:914} INFO - Processing file /root/airflow_env/lib/python3.12/site-packages/airflow/example_dags/tutorial_dag.py for tasks to queue
[2024-12-10T17:34:50.522-0600] {logging_mixin.py:190} INFO - [2024-12-10T17:34:50.521-0600] {dagbag.py:588} INFO - Filling up the DagBag from /root/airflow_env/lib/python3.12/site-packages/airflow/example_dags/tutorial_dag.py
[2024-12-10T17:34:50.527-0600] {processor.py:925} INFO - DAG(s) 'tutorial_dag' retrieved from /root/airflow_env/lib/python3.12/site-packages/airflow/example_dags/tutorial_dag.py
[2024-12-10T17:34:50.537-0600] {logging_mixin.py:190} INFO - [2024-12-10T17:34:50.537-0600] {dag.py:3239} INFO - Sync 1 DAGs
[2024-12-10T17:34:50.545-0600] {logging_mixin.py:190} INFO - [2024-12-10T17:34:50.545-0600] {dag.py:4180} INFO - Setting next_dagrun for tutorial_dag to None, run_after=None
[2024-12-10T17:34:50.563-0600] {processor.py:208} INFO - Processing /root/airflow_env/lib/python3.12/site-packages/airflow/example_dags/tutorial_dag.py took 0.049 seconds
[2024-12-10T17:35:41.783-0600] {processor.py:186} INFO - Started process (PID=3337) to work on /root/airflow_env/lib/python3.12/site-packages/airflow/example_dags/tutorial_dag.py
[2024-12-10T17:35:41.785-0600] {processor.py:914} INFO - Processing file /root/airflow_env/lib/python3.12/site-packages/airflow/example_dags/tutorial_dag.py for tasks to queue
[2024-12-10T17:35:41.787-0600] {logging_mixin.py:190} INFO - [2024-12-10T17:35:41.786-0600] {dagbag.py:588} INFO - Filling up the DagBag from /root/airflow_env/lib/python3.12/site-packages/airflow/example_dags/tutorial_dag.py
[2024-12-10T17:35:41.792-0600] {processor.py:925} INFO - DAG(s) 'tutorial_dag' retrieved from /root/airflow_env/lib/python3.12/site-packages/airflow/example_dags/tutorial_dag.py
[2024-12-10T17:35:41.802-0600] {logging_mixin.py:190} INFO - [2024-12-10T17:35:41.802-0600] {dag.py:3239} INFO - Sync 1 DAGs
[2024-12-10T17:35:41.810-0600] {logging_mixin.py:190} INFO - [2024-12-10T17:35:41.810-0600] {dag.py:4180} INFO - Setting next_dagrun for tutorial_dag to None, run_after=None
[2024-12-10T17:35:41.827-0600] {processor.py:208} INFO - Processing /root/airflow_env/lib/python3.12/site-packages/airflow/example_dags/tutorial_dag.py took 0.048 seconds
[2024-12-10T17:36:32.256-0600] {processor.py:186} INFO - Started process (PID=3393) to work on /root/airflow_env/lib/python3.12/site-packages/airflow/example_dags/tutorial_dag.py
[2024-12-10T17:36:32.259-0600] {processor.py:914} INFO - Processing file /root/airflow_env/lib/python3.12/site-packages/airflow/example_dags/tutorial_dag.py for tasks to queue
[2024-12-10T17:36:32.260-0600] {logging_mixin.py:190} INFO - [2024-12-10T17:36:32.260-0600] {dagbag.py:588} INFO - Filling up the DagBag from /root/airflow_env/lib/python3.12/site-packages/airflow/example_dags/tutorial_dag.py
[2024-12-10T17:36:32.266-0600] {processor.py:925} INFO - DAG(s) 'tutorial_dag' retrieved from /root/airflow_env/lib/python3.12/site-packages/airflow/example_dags/tutorial_dag.py
[2024-12-10T17:36:32.276-0600] {logging_mixin.py:190} INFO - [2024-12-10T17:36:32.276-0600] {dag.py:3239} INFO - Sync 1 DAGs
[2024-12-10T17:36:32.285-0600] {logging_mixin.py:190} INFO - [2024-12-10T17:36:32.284-0600] {dag.py:4180} INFO - Setting next_dagrun for tutorial_dag to None, run_after=None
[2024-12-10T17:36:32.303-0600] {processor.py:208} INFO - Processing /root/airflow_env/lib/python3.12/site-packages/airflow/example_dags/tutorial_dag.py took 0.051 seconds
[2024-12-10T17:37:22.817-0600] {processor.py:186} INFO - Started process (PID=3449) to work on /root/airflow_env/lib/python3.12/site-packages/airflow/example_dags/tutorial_dag.py
[2024-12-10T17:37:22.823-0600] {processor.py:914} INFO - Processing file /root/airflow_env/lib/python3.12/site-packages/airflow/example_dags/tutorial_dag.py for tasks to queue
[2024-12-10T17:37:22.824-0600] {logging_mixin.py:190} INFO - [2024-12-10T17:37:22.824-0600] {dagbag.py:588} INFO - Filling up the DagBag from /root/airflow_env/lib/python3.12/site-packages/airflow/example_dags/tutorial_dag.py
[2024-12-10T17:37:22.830-0600] {processor.py:925} INFO - DAG(s) 'tutorial_dag' retrieved from /root/airflow_env/lib/python3.12/site-packages/airflow/example_dags/tutorial_dag.py
[2024-12-10T17:37:22.840-0600] {logging_mixin.py:190} INFO - [2024-12-10T17:37:22.840-0600] {dag.py:3239} INFO - Sync 1 DAGs
[2024-12-10T17:37:22.848-0600] {logging_mixin.py:190} INFO - [2024-12-10T17:37:22.848-0600] {dag.py:4180} INFO - Setting next_dagrun for tutorial_dag to None, run_after=None
[2024-12-10T17:37:22.865-0600] {processor.py:208} INFO - Processing /root/airflow_env/lib/python3.12/site-packages/airflow/example_dags/tutorial_dag.py took 0.051 seconds
[2024-12-10T17:38:13.975-0600] {processor.py:186} INFO - Started process (PID=3505) to work on /root/airflow_env/lib/python3.12/site-packages/airflow/example_dags/tutorial_dag.py
[2024-12-10T17:38:13.977-0600] {processor.py:914} INFO - Processing file /root/airflow_env/lib/python3.12/site-packages/airflow/example_dags/tutorial_dag.py for tasks to queue
[2024-12-10T17:38:13.979-0600] {logging_mixin.py:190} INFO - [2024-12-10T17:38:13.979-0600] {dagbag.py:588} INFO - Filling up the DagBag from /root/airflow_env/lib/python3.12/site-packages/airflow/example_dags/tutorial_dag.py
[2024-12-10T17:38:13.984-0600] {processor.py:925} INFO - DAG(s) 'tutorial_dag' retrieved from /root/airflow_env/lib/python3.12/site-packages/airflow/example_dags/tutorial_dag.py
[2024-12-10T17:38:13.994-0600] {logging_mixin.py:190} INFO - [2024-12-10T17:38:13.994-0600] {dag.py:3239} INFO - Sync 1 DAGs
[2024-12-10T17:38:14.002-0600] {logging_mixin.py:190} INFO - [2024-12-10T17:38:14.002-0600] {dag.py:4180} INFO - Setting next_dagrun for tutorial_dag to None, run_after=None
[2024-12-10T17:38:14.018-0600] {processor.py:208} INFO - Processing /root/airflow_env/lib/python3.12/site-packages/airflow/example_dags/tutorial_dag.py took 0.047 seconds
[2024-12-10T17:39:05.551-0600] {processor.py:186} INFO - Started process (PID=3562) to work on /root/airflow_env/lib/python3.12/site-packages/airflow/example_dags/tutorial_dag.py
[2024-12-10T17:39:05.555-0600] {processor.py:914} INFO - Processing file /root/airflow_env/lib/python3.12/site-packages/airflow/example_dags/tutorial_dag.py for tasks to queue
[2024-12-10T17:39:05.557-0600] {logging_mixin.py:190} INFO - [2024-12-10T17:39:05.556-0600] {dagbag.py:588} INFO - Filling up the DagBag from /root/airflow_env/lib/python3.12/site-packages/airflow/example_dags/tutorial_dag.py
[2024-12-10T17:39:05.562-0600] {processor.py:925} INFO - DAG(s) 'tutorial_dag' retrieved from /root/airflow_env/lib/python3.12/site-packages/airflow/example_dags/tutorial_dag.py
[2024-12-10T17:39:05.573-0600] {logging_mixin.py:190} INFO - [2024-12-10T17:39:05.573-0600] {dag.py:3239} INFO - Sync 1 DAGs
[2024-12-10T17:39:05.581-0600] {logging_mixin.py:190} INFO - [2024-12-10T17:39:05.581-0600] {dag.py:4180} INFO - Setting next_dagrun for tutorial_dag to None, run_after=None
[2024-12-10T17:39:05.598-0600] {processor.py:208} INFO - Processing /root/airflow_env/lib/python3.12/site-packages/airflow/example_dags/tutorial_dag.py took 0.052 seconds
[2024-12-10T17:39:57.948-0600] {processor.py:186} INFO - Started process (PID=3623) to work on /root/airflow_env/lib/python3.12/site-packages/airflow/example_dags/tutorial_dag.py
[2024-12-10T17:39:57.951-0600] {processor.py:914} INFO - Processing file /root/airflow_env/lib/python3.12/site-packages/airflow/example_dags/tutorial_dag.py for tasks to queue
[2024-12-10T17:39:57.954-0600] {logging_mixin.py:190} INFO - [2024-12-10T17:39:57.954-0600] {dagbag.py:588} INFO - Filling up the DagBag from /root/airflow_env/lib/python3.12/site-packages/airflow/example_dags/tutorial_dag.py
[2024-12-10T17:39:57.965-0600] {processor.py:925} INFO - DAG(s) 'tutorial_dag' retrieved from /root/airflow_env/lib/python3.12/site-packages/airflow/example_dags/tutorial_dag.py
[2024-12-10T17:39:57.986-0600] {logging_mixin.py:190} INFO - [2024-12-10T17:39:57.986-0600] {dag.py:3239} INFO - Sync 1 DAGs
[2024-12-10T17:39:58.002-0600] {logging_mixin.py:190} INFO - [2024-12-10T17:39:58.002-0600] {dag.py:4180} INFO - Setting next_dagrun for tutorial_dag to None, run_after=None
[2024-12-10T17:39:58.034-0600] {processor.py:208} INFO - Processing /root/airflow_env/lib/python3.12/site-packages/airflow/example_dags/tutorial_dag.py took 0.095 seconds
[2024-12-10T17:40:51.336-0600] {processor.py:186} INFO - Started process (PID=3683) to work on /root/airflow_env/lib/python3.12/site-packages/airflow/example_dags/tutorial_dag.py
[2024-12-10T17:40:51.338-0600] {processor.py:914} INFO - Processing file /root/airflow_env/lib/python3.12/site-packages/airflow/example_dags/tutorial_dag.py for tasks to queue
[2024-12-10T17:40:51.340-0600] {logging_mixin.py:190} INFO - [2024-12-10T17:40:51.340-0600] {dagbag.py:588} INFO - Filling up the DagBag from /root/airflow_env/lib/python3.12/site-packages/airflow/example_dags/tutorial_dag.py
[2024-12-10T17:40:51.356-0600] {processor.py:925} INFO - DAG(s) 'tutorial_dag' retrieved from /root/airflow_env/lib/python3.12/site-packages/airflow/example_dags/tutorial_dag.py
[2024-12-10T17:40:51.371-0600] {logging_mixin.py:190} INFO - [2024-12-10T17:40:51.370-0600] {dag.py:3239} INFO - Sync 1 DAGs
[2024-12-10T17:40:51.381-0600] {logging_mixin.py:190} INFO - [2024-12-10T17:40:51.381-0600] {dag.py:4180} INFO - Setting next_dagrun for tutorial_dag to None, run_after=None
[2024-12-10T17:40:51.400-0600] {processor.py:208} INFO - Processing /root/airflow_env/lib/python3.12/site-packages/airflow/example_dags/tutorial_dag.py took 0.068 seconds
[2024-12-10T17:41:47.650-0600] {processor.py:186} INFO - Started process (PID=3744) to work on /root/airflow_env/lib/python3.12/site-packages/airflow/example_dags/tutorial_dag.py
[2024-12-10T17:41:47.653-0600] {processor.py:914} INFO - Processing file /root/airflow_env/lib/python3.12/site-packages/airflow/example_dags/tutorial_dag.py for tasks to queue
[2024-12-10T17:41:47.655-0600] {logging_mixin.py:190} INFO - [2024-12-10T17:41:47.654-0600] {dagbag.py:588} INFO - Filling up the DagBag from /root/airflow_env/lib/python3.12/site-packages/airflow/example_dags/tutorial_dag.py
[2024-12-10T17:41:47.660-0600] {processor.py:925} INFO - DAG(s) 'tutorial_dag' retrieved from /root/airflow_env/lib/python3.12/site-packages/airflow/example_dags/tutorial_dag.py
[2024-12-10T17:41:47.670-0600] {logging_mixin.py:190} INFO - [2024-12-10T17:41:47.670-0600] {dag.py:3239} INFO - Sync 1 DAGs
[2024-12-10T17:41:47.678-0600] {logging_mixin.py:190} INFO - [2024-12-10T17:41:47.678-0600] {dag.py:4180} INFO - Setting next_dagrun for tutorial_dag to None, run_after=None
[2024-12-10T17:41:47.696-0600] {processor.py:208} INFO - Processing /root/airflow_env/lib/python3.12/site-packages/airflow/example_dags/tutorial_dag.py took 0.049 seconds
[2024-12-10T17:42:39.540-0600] {processor.py:186} INFO - Started process (PID=3815) to work on /root/airflow_env/lib/python3.12/site-packages/airflow/example_dags/tutorial_dag.py
[2024-12-10T17:42:39.543-0600] {processor.py:914} INFO - Processing file /root/airflow_env/lib/python3.12/site-packages/airflow/example_dags/tutorial_dag.py for tasks to queue
[2024-12-10T17:42:39.544-0600] {logging_mixin.py:190} INFO - [2024-12-10T17:42:39.544-0600] {dagbag.py:588} INFO - Filling up the DagBag from /root/airflow_env/lib/python3.12/site-packages/airflow/example_dags/tutorial_dag.py
[2024-12-10T17:42:39.550-0600] {processor.py:925} INFO - DAG(s) 'tutorial_dag' retrieved from /root/airflow_env/lib/python3.12/site-packages/airflow/example_dags/tutorial_dag.py
[2024-12-10T17:42:39.560-0600] {logging_mixin.py:190} INFO - [2024-12-10T17:42:39.560-0600] {dag.py:3239} INFO - Sync 1 DAGs
[2024-12-10T17:42:39.568-0600] {logging_mixin.py:190} INFO - [2024-12-10T17:42:39.567-0600] {dag.py:4180} INFO - Setting next_dagrun for tutorial_dag to None, run_after=None
[2024-12-10T17:42:39.585-0600] {processor.py:208} INFO - Processing /root/airflow_env/lib/python3.12/site-packages/airflow/example_dags/tutorial_dag.py took 0.048 seconds
[2024-12-10T17:43:33.097-0600] {processor.py:186} INFO - Started process (PID=3877) to work on /root/airflow_env/lib/python3.12/site-packages/airflow/example_dags/tutorial_dag.py
[2024-12-10T17:43:33.098-0600] {processor.py:914} INFO - Processing file /root/airflow_env/lib/python3.12/site-packages/airflow/example_dags/tutorial_dag.py for tasks to queue
[2024-12-10T17:43:33.100-0600] {logging_mixin.py:190} INFO - [2024-12-10T17:43:33.100-0600] {dagbag.py:588} INFO - Filling up the DagBag from /root/airflow_env/lib/python3.12/site-packages/airflow/example_dags/tutorial_dag.py
[2024-12-10T17:43:33.106-0600] {processor.py:925} INFO - DAG(s) 'tutorial_dag' retrieved from /root/airflow_env/lib/python3.12/site-packages/airflow/example_dags/tutorial_dag.py
[2024-12-10T17:43:33.118-0600] {logging_mixin.py:190} INFO - [2024-12-10T17:43:33.118-0600] {dag.py:3239} INFO - Sync 1 DAGs
[2024-12-10T17:43:33.127-0600] {logging_mixin.py:190} INFO - [2024-12-10T17:43:33.127-0600] {dag.py:4180} INFO - Setting next_dagrun for tutorial_dag to None, run_after=None
[2024-12-10T17:43:33.144-0600] {processor.py:208} INFO - Processing /root/airflow_env/lib/python3.12/site-packages/airflow/example_dags/tutorial_dag.py took 0.051 seconds
[2024-12-10T17:44:23.617-0600] {processor.py:186} INFO - Started process (PID=3934) to work on /root/airflow_env/lib/python3.12/site-packages/airflow/example_dags/tutorial_dag.py
[2024-12-10T17:44:23.620-0600] {processor.py:914} INFO - Processing file /root/airflow_env/lib/python3.12/site-packages/airflow/example_dags/tutorial_dag.py for tasks to queue
[2024-12-10T17:44:23.622-0600] {logging_mixin.py:190} INFO - [2024-12-10T17:44:23.621-0600] {dagbag.py:588} INFO - Filling up the DagBag from /root/airflow_env/lib/python3.12/site-packages/airflow/example_dags/tutorial_dag.py
[2024-12-10T17:44:23.627-0600] {processor.py:925} INFO - DAG(s) 'tutorial_dag' retrieved from /root/airflow_env/lib/python3.12/site-packages/airflow/example_dags/tutorial_dag.py
[2024-12-10T17:44:23.637-0600] {logging_mixin.py:190} INFO - [2024-12-10T17:44:23.637-0600] {dag.py:3239} INFO - Sync 1 DAGs
[2024-12-10T17:44:23.646-0600] {logging_mixin.py:190} INFO - [2024-12-10T17:44:23.646-0600] {dag.py:4180} INFO - Setting next_dagrun for tutorial_dag to None, run_after=None
[2024-12-10T17:44:23.663-0600] {processor.py:208} INFO - Processing /root/airflow_env/lib/python3.12/site-packages/airflow/example_dags/tutorial_dag.py took 0.049 seconds
[2024-12-10T17:45:16.423-0600] {processor.py:186} INFO - Started process (PID=3995) to work on /root/airflow_env/lib/python3.12/site-packages/airflow/example_dags/tutorial_dag.py
[2024-12-10T17:45:16.425-0600] {processor.py:914} INFO - Processing file /root/airflow_env/lib/python3.12/site-packages/airflow/example_dags/tutorial_dag.py for tasks to queue
[2024-12-10T17:45:16.427-0600] {logging_mixin.py:190} INFO - [2024-12-10T17:45:16.427-0600] {dagbag.py:588} INFO - Filling up the DagBag from /root/airflow_env/lib/python3.12/site-packages/airflow/example_dags/tutorial_dag.py
[2024-12-10T17:45:16.433-0600] {processor.py:925} INFO - DAG(s) 'tutorial_dag' retrieved from /root/airflow_env/lib/python3.12/site-packages/airflow/example_dags/tutorial_dag.py
[2024-12-10T17:45:16.443-0600] {logging_mixin.py:190} INFO - [2024-12-10T17:45:16.443-0600] {dag.py:3239} INFO - Sync 1 DAGs
[2024-12-10T17:45:16.451-0600] {logging_mixin.py:190} INFO - [2024-12-10T17:45:16.451-0600] {dag.py:4180} INFO - Setting next_dagrun for tutorial_dag to None, run_after=None
[2024-12-10T17:45:16.468-0600] {processor.py:208} INFO - Processing /root/airflow_env/lib/python3.12/site-packages/airflow/example_dags/tutorial_dag.py took 0.049 seconds
[2024-12-10T17:46:10.996-0600] {processor.py:186} INFO - Started process (PID=4051) to work on /root/airflow_env/lib/python3.12/site-packages/airflow/example_dags/tutorial_dag.py
[2024-12-10T17:46:10.998-0600] {processor.py:914} INFO - Processing file /root/airflow_env/lib/python3.12/site-packages/airflow/example_dags/tutorial_dag.py for tasks to queue
[2024-12-10T17:46:10.999-0600] {logging_mixin.py:190} INFO - [2024-12-10T17:46:10.999-0600] {dagbag.py:588} INFO - Filling up the DagBag from /root/airflow_env/lib/python3.12/site-packages/airflow/example_dags/tutorial_dag.py
[2024-12-10T17:46:11.005-0600] {processor.py:925} INFO - DAG(s) 'tutorial_dag' retrieved from /root/airflow_env/lib/python3.12/site-packages/airflow/example_dags/tutorial_dag.py
[2024-12-10T17:46:11.016-0600] {logging_mixin.py:190} INFO - [2024-12-10T17:46:11.016-0600] {dag.py:3239} INFO - Sync 1 DAGs
[2024-12-10T17:46:11.024-0600] {logging_mixin.py:190} INFO - [2024-12-10T17:46:11.024-0600] {dag.py:4180} INFO - Setting next_dagrun for tutorial_dag to None, run_after=None
[2024-12-10T17:46:11.042-0600] {processor.py:208} INFO - Processing /root/airflow_env/lib/python3.12/site-packages/airflow/example_dags/tutorial_dag.py took 0.050 seconds
[2024-12-10T17:47:12.162-0600] {processor.py:186} INFO - Started process (PID=4114) to work on /root/airflow_env/lib/python3.12/site-packages/airflow/example_dags/tutorial_dag.py
[2024-12-10T17:47:12.163-0600] {processor.py:914} INFO - Processing file /root/airflow_env/lib/python3.12/site-packages/airflow/example_dags/tutorial_dag.py for tasks to queue
[2024-12-10T17:47:12.164-0600] {logging_mixin.py:190} INFO - [2024-12-10T17:47:12.164-0600] {dagbag.py:588} INFO - Filling up the DagBag from /root/airflow_env/lib/python3.12/site-packages/airflow/example_dags/tutorial_dag.py
[2024-12-10T17:47:12.170-0600] {processor.py:925} INFO - DAG(s) 'tutorial_dag' retrieved from /root/airflow_env/lib/python3.12/site-packages/airflow/example_dags/tutorial_dag.py
[2024-12-10T17:47:12.180-0600] {logging_mixin.py:190} INFO - [2024-12-10T17:47:12.180-0600] {dag.py:3239} INFO - Sync 1 DAGs
[2024-12-10T17:47:12.188-0600] {logging_mixin.py:190} INFO - [2024-12-10T17:47:12.188-0600] {dag.py:4180} INFO - Setting next_dagrun for tutorial_dag to None, run_after=None
[2024-12-10T17:47:12.207-0600] {processor.py:208} INFO - Processing /root/airflow_env/lib/python3.12/site-packages/airflow/example_dags/tutorial_dag.py took 0.049 seconds
[2024-12-10T17:48:10.163-0600] {processor.py:186} INFO - Started process (PID=4175) to work on /root/airflow_env/lib/python3.12/site-packages/airflow/example_dags/tutorial_dag.py
[2024-12-10T17:48:10.164-0600] {processor.py:914} INFO - Processing file /root/airflow_env/lib/python3.12/site-packages/airflow/example_dags/tutorial_dag.py for tasks to queue
[2024-12-10T17:48:10.166-0600] {logging_mixin.py:190} INFO - [2024-12-10T17:48:10.166-0600] {dagbag.py:588} INFO - Filling up the DagBag from /root/airflow_env/lib/python3.12/site-packages/airflow/example_dags/tutorial_dag.py
[2024-12-10T17:48:10.171-0600] {processor.py:925} INFO - DAG(s) 'tutorial_dag' retrieved from /root/airflow_env/lib/python3.12/site-packages/airflow/example_dags/tutorial_dag.py
[2024-12-10T17:48:10.182-0600] {logging_mixin.py:190} INFO - [2024-12-10T17:48:10.182-0600] {dag.py:3239} INFO - Sync 1 DAGs
[2024-12-10T17:48:10.275-0600] {logging_mixin.py:190} INFO - [2024-12-10T17:48:10.275-0600] {dag.py:4180} INFO - Setting next_dagrun for tutorial_dag to None, run_after=None
[2024-12-10T17:48:10.290-0600] {processor.py:208} INFO - Processing /root/airflow_env/lib/python3.12/site-packages/airflow/example_dags/tutorial_dag.py took 0.132 seconds
[2024-12-10T17:49:05.756-0600] {processor.py:186} INFO - Started process (PID=4234) to work on /root/airflow_env/lib/python3.12/site-packages/airflow/example_dags/tutorial_dag.py
[2024-12-10T17:49:05.758-0600] {processor.py:914} INFO - Processing file /root/airflow_env/lib/python3.12/site-packages/airflow/example_dags/tutorial_dag.py for tasks to queue
[2024-12-10T17:49:05.760-0600] {logging_mixin.py:190} INFO - [2024-12-10T17:49:05.760-0600] {dagbag.py:588} INFO - Filling up the DagBag from /root/airflow_env/lib/python3.12/site-packages/airflow/example_dags/tutorial_dag.py
[2024-12-10T17:49:05.766-0600] {processor.py:925} INFO - DAG(s) 'tutorial_dag' retrieved from /root/airflow_env/lib/python3.12/site-packages/airflow/example_dags/tutorial_dag.py
[2024-12-10T17:49:05.777-0600] {logging_mixin.py:190} INFO - [2024-12-10T17:49:05.776-0600] {dag.py:3239} INFO - Sync 1 DAGs
[2024-12-10T17:49:05.871-0600] {logging_mixin.py:190} INFO - [2024-12-10T17:49:05.871-0600] {dag.py:4180} INFO - Setting next_dagrun for tutorial_dag to None, run_after=None
[2024-12-10T17:49:05.886-0600] {processor.py:208} INFO - Processing /root/airflow_env/lib/python3.12/site-packages/airflow/example_dags/tutorial_dag.py took 0.134 seconds
[2024-12-10T17:50:00.228-0600] {processor.py:186} INFO - Started process (PID=4293) to work on /root/airflow_env/lib/python3.12/site-packages/airflow/example_dags/tutorial_dag.py
[2024-12-10T17:50:00.231-0600] {processor.py:914} INFO - Processing file /root/airflow_env/lib/python3.12/site-packages/airflow/example_dags/tutorial_dag.py for tasks to queue
[2024-12-10T17:50:00.232-0600] {logging_mixin.py:190} INFO - [2024-12-10T17:50:00.232-0600] {dagbag.py:588} INFO - Filling up the DagBag from /root/airflow_env/lib/python3.12/site-packages/airflow/example_dags/tutorial_dag.py
[2024-12-10T17:50:00.238-0600] {processor.py:925} INFO - DAG(s) 'tutorial_dag' retrieved from /root/airflow_env/lib/python3.12/site-packages/airflow/example_dags/tutorial_dag.py
[2024-12-10T17:50:00.249-0600] {logging_mixin.py:190} INFO - [2024-12-10T17:50:00.249-0600] {dag.py:3239} INFO - Sync 1 DAGs
[2024-12-10T17:50:00.258-0600] {logging_mixin.py:190} INFO - [2024-12-10T17:50:00.258-0600] {dag.py:4180} INFO - Setting next_dagrun for tutorial_dag to None, run_after=None
[2024-12-10T17:50:00.278-0600] {processor.py:208} INFO - Processing /root/airflow_env/lib/python3.12/site-packages/airflow/example_dags/tutorial_dag.py took 0.054 seconds
[2024-12-10T17:55:33.190-0600] {processor.py:186} INFO - Started process (PID=4629) to work on /root/airflow_env/lib/python3.12/site-packages/airflow/example_dags/tutorial_dag.py
[2024-12-10T17:55:33.192-0600] {processor.py:914} INFO - Processing file /root/airflow_env/lib/python3.12/site-packages/airflow/example_dags/tutorial_dag.py for tasks to queue
[2024-12-10T17:55:33.194-0600] {logging_mixin.py:190} INFO - [2024-12-10T17:55:33.194-0600] {dagbag.py:588} INFO - Filling up the DagBag from /root/airflow_env/lib/python3.12/site-packages/airflow/example_dags/tutorial_dag.py
[2024-12-10T17:55:33.201-0600] {processor.py:925} INFO - DAG(s) 'tutorial_dag' retrieved from /root/airflow_env/lib/python3.12/site-packages/airflow/example_dags/tutorial_dag.py
[2024-12-10T17:55:33.213-0600] {logging_mixin.py:190} INFO - [2024-12-10T17:55:33.213-0600] {dag.py:3239} INFO - Sync 1 DAGs
[2024-12-10T17:55:33.221-0600] {logging_mixin.py:190} INFO - [2024-12-10T17:55:33.221-0600] {dag.py:4180} INFO - Setting next_dagrun for tutorial_dag to None, run_after=None
[2024-12-10T17:55:33.240-0600] {processor.py:208} INFO - Processing /root/airflow_env/lib/python3.12/site-packages/airflow/example_dags/tutorial_dag.py took 0.055 seconds
[2024-12-10T17:56:31.026-0600] {processor.py:186} INFO - Started process (PID=4702) to work on /root/airflow_env/lib/python3.12/site-packages/airflow/example_dags/tutorial_dag.py
[2024-12-10T17:56:31.028-0600] {processor.py:914} INFO - Processing file /root/airflow_env/lib/python3.12/site-packages/airflow/example_dags/tutorial_dag.py for tasks to queue
[2024-12-10T17:56:31.030-0600] {logging_mixin.py:190} INFO - [2024-12-10T17:56:31.030-0600] {dagbag.py:588} INFO - Filling up the DagBag from /root/airflow_env/lib/python3.12/site-packages/airflow/example_dags/tutorial_dag.py
[2024-12-10T17:56:31.035-0600] {processor.py:925} INFO - DAG(s) 'tutorial_dag' retrieved from /root/airflow_env/lib/python3.12/site-packages/airflow/example_dags/tutorial_dag.py
[2024-12-10T17:56:31.046-0600] {logging_mixin.py:190} INFO - [2024-12-10T17:56:31.046-0600] {dag.py:3239} INFO - Sync 1 DAGs
[2024-12-10T17:56:31.054-0600] {logging_mixin.py:190} INFO - [2024-12-10T17:56:31.053-0600] {dag.py:4180} INFO - Setting next_dagrun for tutorial_dag to None, run_after=None
[2024-12-10T17:56:31.071-0600] {processor.py:208} INFO - Processing /root/airflow_env/lib/python3.12/site-packages/airflow/example_dags/tutorial_dag.py took 0.050 seconds
[2024-12-10T17:57:27.936-0600] {processor.py:186} INFO - Started process (PID=4781) to work on /root/airflow_env/lib/python3.12/site-packages/airflow/example_dags/tutorial_dag.py
[2024-12-10T17:57:27.938-0600] {processor.py:914} INFO - Processing file /root/airflow_env/lib/python3.12/site-packages/airflow/example_dags/tutorial_dag.py for tasks to queue
[2024-12-10T17:57:27.940-0600] {logging_mixin.py:190} INFO - [2024-12-10T17:57:27.940-0600] {dagbag.py:588} INFO - Filling up the DagBag from /root/airflow_env/lib/python3.12/site-packages/airflow/example_dags/tutorial_dag.py
[2024-12-10T17:57:27.946-0600] {processor.py:925} INFO - DAG(s) 'tutorial_dag' retrieved from /root/airflow_env/lib/python3.12/site-packages/airflow/example_dags/tutorial_dag.py
[2024-12-10T17:57:27.956-0600] {logging_mixin.py:190} INFO - [2024-12-10T17:57:27.956-0600] {dag.py:3239} INFO - Sync 1 DAGs
[2024-12-10T17:57:27.965-0600] {logging_mixin.py:190} INFO - [2024-12-10T17:57:27.965-0600] {dag.py:4180} INFO - Setting next_dagrun for tutorial_dag to None, run_after=None
[2024-12-10T17:57:27.982-0600] {processor.py:208} INFO - Processing /root/airflow_env/lib/python3.12/site-packages/airflow/example_dags/tutorial_dag.py took 0.050 seconds
[2024-12-10T17:58:23.312-0600] {processor.py:186} INFO - Started process (PID=4853) to work on /root/airflow_env/lib/python3.12/site-packages/airflow/example_dags/tutorial_dag.py
[2024-12-10T17:58:23.315-0600] {processor.py:914} INFO - Processing file /root/airflow_env/lib/python3.12/site-packages/airflow/example_dags/tutorial_dag.py for tasks to queue
[2024-12-10T17:58:23.317-0600] {logging_mixin.py:190} INFO - [2024-12-10T17:58:23.316-0600] {dagbag.py:588} INFO - Filling up the DagBag from /root/airflow_env/lib/python3.12/site-packages/airflow/example_dags/tutorial_dag.py
[2024-12-10T17:58:23.324-0600] {processor.py:925} INFO - DAG(s) 'tutorial_dag' retrieved from /root/airflow_env/lib/python3.12/site-packages/airflow/example_dags/tutorial_dag.py
[2024-12-10T17:58:23.337-0600] {logging_mixin.py:190} INFO - [2024-12-10T17:58:23.336-0600] {dag.py:3239} INFO - Sync 1 DAGs
[2024-12-10T17:58:23.345-0600] {logging_mixin.py:190} INFO - [2024-12-10T17:58:23.345-0600] {dag.py:4180} INFO - Setting next_dagrun for tutorial_dag to None, run_after=None
[2024-12-10T17:58:23.365-0600] {processor.py:208} INFO - Processing /root/airflow_env/lib/python3.12/site-packages/airflow/example_dags/tutorial_dag.py took 0.057 seconds
[2024-12-10T17:59:34.444-0600] {processor.py:186} INFO - Started process (PID=4955) to work on /root/airflow_env/lib/python3.12/site-packages/airflow/example_dags/tutorial_dag.py
[2024-12-10T17:59:34.447-0600] {processor.py:914} INFO - Processing file /root/airflow_env/lib/python3.12/site-packages/airflow/example_dags/tutorial_dag.py for tasks to queue
[2024-12-10T17:59:34.448-0600] {logging_mixin.py:190} INFO - [2024-12-10T17:59:34.448-0600] {dagbag.py:588} INFO - Filling up the DagBag from /root/airflow_env/lib/python3.12/site-packages/airflow/example_dags/tutorial_dag.py
[2024-12-10T17:59:34.454-0600] {processor.py:925} INFO - DAG(s) 'tutorial_dag' retrieved from /root/airflow_env/lib/python3.12/site-packages/airflow/example_dags/tutorial_dag.py
[2024-12-10T17:59:34.470-0600] {logging_mixin.py:190} INFO - [2024-12-10T17:59:34.469-0600] {dag.py:3239} INFO - Sync 1 DAGs
[2024-12-10T17:59:34.491-0600] {logging_mixin.py:190} INFO - [2024-12-10T17:59:34.491-0600] {dag.py:4180} INFO - Setting next_dagrun for tutorial_dag to None, run_after=None
[2024-12-10T17:59:34.519-0600] {processor.py:208} INFO - Processing /root/airflow_env/lib/python3.12/site-packages/airflow/example_dags/tutorial_dag.py took 0.078 seconds
