[2024-12-10T18:17:04.498-0600] {local_task_job_runner.py:123} INFO - ::group::Pre task execution logs
[2024-12-10T18:17:04.506-0600] {taskinstance.py:2613} INFO - Dependencies all met for dep_context=non-requeueable deps ti=<TaskInstance: weather_etl.visualize manual__2024-12-11T00:16:58.344446+00:00 [queued]>
[2024-12-10T18:17:04.509-0600] {taskinstance.py:2613} INFO - Dependencies all met for dep_context=requeueable deps ti=<TaskInstance: weather_etl.visualize manual__2024-12-11T00:16:58.344446+00:00 [queued]>
[2024-12-10T18:17:04.509-0600] {taskinstance.py:2866} INFO - Starting attempt 1 of 2
[2024-12-10T18:17:04.521-0600] {taskinstance.py:2889} INFO - Executing <Task(PythonOperator): visualize> on 2024-12-11 00:16:58.344446+00:00
[2024-12-10T18:17:04.524-0600] {standard_task_runner.py:72} INFO - Started process 6303 to run task
[2024-12-10T18:17:04.526-0600] {standard_task_runner.py:104} INFO - Running: ['airflow', 'tasks', 'run', 'weather_etl', 'visualize', 'manual__2024-12-11T00:16:58.344446+00:00', '--job-id', '30', '--raw', '--subdir', 'DAGS_FOLDER/weather_dag.py', '--cfg-path', '/tmp/tmpd9eqddrb']
[2024-12-10T18:17:04.526-0600] {standard_task_runner.py:105} INFO - Job 30: Subtask visualize
[2024-12-10T18:17:04.558-0600] {task_command.py:467} INFO - Running <TaskInstance: weather_etl.visualize manual__2024-12-11T00:16:58.344446+00:00 [running]> on host Shanmukhi.
[2024-12-10T18:17:04.610-0600] {taskinstance.py:3132} INFO - Exporting env vars: AIRFLOW_CTX_DAG_OWNER='airflow' AIRFLOW_CTX_DAG_ID='weather_etl' AIRFLOW_CTX_TASK_ID='visualize' AIRFLOW_CTX_EXECUTION_DATE='2024-12-11T00:16:58.344446+00:00' AIRFLOW_CTX_TRY_NUMBER='1' AIRFLOW_CTX_DAG_RUN_ID='manual__2024-12-11T00:16:58.344446+00:00'
[2024-12-10T18:17:04.611-0600] {logging_mixin.py:190} INFO - Task instance is in running state
[2024-12-10T18:17:04.611-0600] {logging_mixin.py:190} INFO -  Previous state of the Task instance: queued
[2024-12-10T18:17:04.611-0600] {logging_mixin.py:190} INFO - Current task name:visualize state:running start_date:2024-12-11 00:17:04.506376+00:00
[2024-12-10T18:17:04.612-0600] {logging_mixin.py:190} INFO - Dag name:weather_etl and current dag run status:running
[2024-12-10T18:17:04.612-0600] {taskinstance.py:731} INFO - ::endgroup::
[2024-12-10T18:17:04.612-0600] {weather_dag.py:85} INFO - Starting visualization process
[2024-12-10T18:17:04.807-0600] {category.py:223} INFO - Using categorical units to plot a list of strings that are all parsable as floats or dates. If these strings should be plotted as numbers, cast to the appropriate data type before plotting.
[2024-12-10T18:17:04.809-0600] {category.py:223} INFO - Using categorical units to plot a list of strings that are all parsable as floats or dates. If these strings should be plotted as numbers, cast to the appropriate data type before plotting.
[2024-12-10T18:17:04.811-0600] {category.py:223} INFO - Using categorical units to plot a list of strings that are all parsable as floats or dates. If these strings should be plotted as numbers, cast to the appropriate data type before plotting.
[2024-12-10T18:17:04.813-0600] {category.py:223} INFO - Using categorical units to plot a list of strings that are all parsable as floats or dates. If these strings should be plotted as numbers, cast to the appropriate data type before plotting.
[2024-12-10T18:17:04.814-0600] {category.py:223} INFO - Using categorical units to plot a list of strings that are all parsable as floats or dates. If these strings should be plotted as numbers, cast to the appropriate data type before plotting.
[2024-12-10T18:17:04.816-0600] {category.py:223} INFO - Using categorical units to plot a list of strings that are all parsable as floats or dates. If these strings should be plotted as numbers, cast to the appropriate data type before plotting.
[2024-12-10T18:17:05.301-0600] {category.py:223} INFO - Using categorical units to plot a list of strings that are all parsable as floats or dates. If these strings should be plotted as numbers, cast to the appropriate data type before plotting.
[2024-12-10T18:17:05.303-0600] {category.py:223} INFO - Using categorical units to plot a list of strings that are all parsable as floats or dates. If these strings should be plotted as numbers, cast to the appropriate data type before plotting.
[2024-12-10T18:17:05.305-0600] {category.py:223} INFO - Using categorical units to plot a list of strings that are all parsable as floats or dates. If these strings should be plotted as numbers, cast to the appropriate data type before plotting.
[2024-12-10T18:17:05.307-0600] {category.py:223} INFO - Using categorical units to plot a list of strings that are all parsable as floats or dates. If these strings should be plotted as numbers, cast to the appropriate data type before plotting.
[2024-12-10T18:17:05.309-0600] {category.py:223} INFO - Using categorical units to plot a list of strings that are all parsable as floats or dates. If these strings should be plotted as numbers, cast to the appropriate data type before plotting.
[2024-12-10T18:17:05.311-0600] {category.py:223} INFO - Using categorical units to plot a list of strings that are all parsable as floats or dates. If these strings should be plotted as numbers, cast to the appropriate data type before plotting.
[2024-12-10T18:17:05.686-0600] {logging_mixin.py:190} INFO - Visualizations created successfully
[2024-12-10T18:17:05.687-0600] {python.py:240} INFO - Done. Returned value was: None
[2024-12-10T18:17:05.690-0600] {taskinstance.py:340} INFO - ::group::Post task execution logs
[2024-12-10T18:17:05.690-0600] {taskinstance.py:352} INFO - Marking task as SUCCESS. dag_id=weather_etl, task_id=visualize, run_id=manual__2024-12-11T00:16:58.344446+00:00, execution_date=20241211T001658, start_date=20241211T001704, end_date=20241211T001705
[2024-12-10T18:17:05.699-0600] {logging_mixin.py:190} INFO - Task instance in success state
[2024-12-10T18:17:05.699-0600] {logging_mixin.py:190} INFO -  Previous state of the Task instance: running
[2024-12-10T18:17:05.700-0600] {logging_mixin.py:190} INFO - Dag name:weather_etl queued_at:2024-12-11 00:16:58.356413+00:00
[2024-12-10T18:17:05.700-0600] {logging_mixin.py:190} INFO - Task hostname:Shanmukhi. operator:PythonOperator
[2024-12-10T18:17:05.706-0600] {local_task_job_runner.py:266} INFO - Task exited with return code 0
[2024-12-10T18:17:05.713-0600] {taskinstance.py:3895} INFO - 0 downstream tasks scheduled from follow-on schedule check
[2024-12-10T18:17:05.714-0600] {local_task_job_runner.py:245} INFO - ::endgroup::
