[2024-12-10T16:59:40.432-0600] {processor.py:186} INFO - Started process (PID=666) to work on /root/airflow/dags/weather_dag.py
[2024-12-10T16:59:40.433-0600] {processor.py:914} INFO - Processing file /root/airflow/dags/weather_dag.py for tasks to queue
[2024-12-10T16:59:40.436-0600] {logging_mixin.py:190} INFO - [2024-12-10T16:59:40.435-0600] {dagbag.py:588} INFO - Filling up the DagBag from /root/airflow/dags/weather_dag.py
[2024-12-10T16:59:40.455-0600] {processor.py:925} INFO - DAG(s) 'weather_etl' retrieved from /root/airflow/dags/weather_dag.py
[2024-12-10T16:59:40.477-0600] {logging_mixin.py:190} INFO - [2024-12-10T16:59:40.477-0600] {dag.py:3239} INFO - Sync 1 DAGs
[2024-12-10T16:59:40.497-0600] {logging_mixin.py:190} INFO - [2024-12-10T16:59:40.497-0600] {dag.py:4180} INFO - Setting next_dagrun for weather_etl to 2024-12-09 00:00:00+00:00, run_after=2024-12-10 00:00:00+00:00
[2024-12-10T16:59:40.517-0600] {processor.py:208} INFO - Processing /root/airflow/dags/weather_dag.py took 0.089 seconds
[2024-12-10T17:00:39.225-0600] {processor.py:186} INFO - Started process (PID=736) to work on /root/airflow/dags/weather_dag.py
[2024-12-10T17:00:39.226-0600] {processor.py:914} INFO - Processing file /root/airflow/dags/weather_dag.py for tasks to queue
[2024-12-10T17:00:39.228-0600] {logging_mixin.py:190} INFO - [2024-12-10T17:00:39.227-0600] {dagbag.py:588} INFO - Filling up the DagBag from /root/airflow/dags/weather_dag.py
[2024-12-10T17:00:39.242-0600] {processor.py:925} INFO - DAG(s) 'weather_etl' retrieved from /root/airflow/dags/weather_dag.py
[2024-12-10T17:00:39.259-0600] {logging_mixin.py:190} INFO - [2024-12-10T17:00:39.259-0600] {dag.py:3239} INFO - Sync 1 DAGs
[2024-12-10T17:00:39.297-0600] {logging_mixin.py:190} INFO - [2024-12-10T17:00:39.297-0600] {dag.py:4180} INFO - Setting next_dagrun for weather_etl to 2024-12-09 00:00:00+00:00, run_after=2024-12-10 00:00:00+00:00
[2024-12-10T17:00:39.324-0600] {processor.py:208} INFO - Processing /root/airflow/dags/weather_dag.py took 0.103 seconds
[2024-12-10T17:01:50.207-0600] {processor.py:186} INFO - Started process (PID=876) to work on /root/airflow/dags/weather_dag.py
[2024-12-10T17:01:50.208-0600] {processor.py:914} INFO - Processing file /root/airflow/dags/weather_dag.py for tasks to queue
[2024-12-10T17:01:50.210-0600] {logging_mixin.py:190} INFO - [2024-12-10T17:01:50.209-0600] {dagbag.py:588} INFO - Filling up the DagBag from /root/airflow/dags/weather_dag.py
[2024-12-10T17:01:50.227-0600] {processor.py:925} INFO - DAG(s) 'weather_etl' retrieved from /root/airflow/dags/weather_dag.py
[2024-12-10T17:01:50.245-0600] {logging_mixin.py:190} INFO - [2024-12-10T17:01:50.245-0600] {dag.py:3239} INFO - Sync 1 DAGs
[2024-12-10T17:01:50.270-0600] {logging_mixin.py:190} INFO - [2024-12-10T17:01:50.270-0600] {dag.py:4180} INFO - Setting next_dagrun for weather_etl to 2024-12-10 00:00:00+00:00, run_after=2024-12-11 00:00:00+00:00
[2024-12-10T17:01:50.299-0600] {processor.py:208} INFO - Processing /root/airflow/dags/weather_dag.py took 0.098 seconds
[2024-12-10T17:02:39.149-0600] {processor.py:186} INFO - Started process (PID=933) to work on /root/airflow/dags/weather_dag.py
[2024-12-10T17:02:39.150-0600] {processor.py:914} INFO - Processing file /root/airflow/dags/weather_dag.py for tasks to queue
[2024-12-10T17:02:39.152-0600] {logging_mixin.py:190} INFO - [2024-12-10T17:02:39.151-0600] {dagbag.py:588} INFO - Filling up the DagBag from /root/airflow/dags/weather_dag.py
[2024-12-10T17:02:39.169-0600] {processor.py:925} INFO - DAG(s) 'weather_etl' retrieved from /root/airflow/dags/weather_dag.py
[2024-12-10T17:02:39.183-0600] {logging_mixin.py:190} INFO - [2024-12-10T17:02:39.182-0600] {dag.py:3239} INFO - Sync 1 DAGs
[2024-12-10T17:02:39.202-0600] {logging_mixin.py:190} INFO - [2024-12-10T17:02:39.202-0600] {dag.py:4180} INFO - Setting next_dagrun for weather_etl to 2024-12-10 00:00:00+00:00, run_after=2024-12-11 00:00:00+00:00
[2024-12-10T17:02:39.220-0600] {processor.py:208} INFO - Processing /root/airflow/dags/weather_dag.py took 0.075 seconds
[2024-12-10T17:03:32.322-0600] {processor.py:186} INFO - Started process (PID=1001) to work on /root/airflow/dags/weather_dag.py
[2024-12-10T17:03:32.323-0600] {processor.py:914} INFO - Processing file /root/airflow/dags/weather_dag.py for tasks to queue
[2024-12-10T17:03:32.324-0600] {logging_mixin.py:190} INFO - [2024-12-10T17:03:32.324-0600] {dagbag.py:588} INFO - Filling up the DagBag from /root/airflow/dags/weather_dag.py
[2024-12-10T17:03:32.335-0600] {processor.py:925} INFO - DAG(s) 'weather_etl' retrieved from /root/airflow/dags/weather_dag.py
[2024-12-10T17:03:32.347-0600] {logging_mixin.py:190} INFO - [2024-12-10T17:03:32.347-0600] {dag.py:3239} INFO - Sync 1 DAGs
[2024-12-10T17:03:32.363-0600] {logging_mixin.py:190} INFO - [2024-12-10T17:03:32.363-0600] {dag.py:4180} INFO - Setting next_dagrun for weather_etl to 2024-12-10 00:00:00+00:00, run_after=2024-12-11 00:00:00+00:00
[2024-12-10T17:03:32.379-0600] {processor.py:208} INFO - Processing /root/airflow/dags/weather_dag.py took 0.062 seconds
[2024-12-10T17:04:26.133-0600] {processor.py:186} INFO - Started process (PID=1059) to work on /root/airflow/dags/weather_dag.py
[2024-12-10T17:04:26.134-0600] {processor.py:914} INFO - Processing file /root/airflow/dags/weather_dag.py for tasks to queue
[2024-12-10T17:04:26.135-0600] {logging_mixin.py:190} INFO - [2024-12-10T17:04:26.135-0600] {dagbag.py:588} INFO - Filling up the DagBag from /root/airflow/dags/weather_dag.py
[2024-12-10T17:04:26.147-0600] {processor.py:925} INFO - DAG(s) 'weather_etl' retrieved from /root/airflow/dags/weather_dag.py
[2024-12-10T17:04:26.159-0600] {logging_mixin.py:190} INFO - [2024-12-10T17:04:26.159-0600] {dag.py:3239} INFO - Sync 1 DAGs
[2024-12-10T17:04:26.175-0600] {logging_mixin.py:190} INFO - [2024-12-10T17:04:26.175-0600] {dag.py:4180} INFO - Setting next_dagrun for weather_etl to 2024-12-10 00:00:00+00:00, run_after=2024-12-11 00:00:00+00:00
[2024-12-10T17:04:26.192-0600] {processor.py:208} INFO - Processing /root/airflow/dags/weather_dag.py took 0.064 seconds
[2024-12-10T17:05:21.442-0600] {processor.py:186} INFO - Started process (PID=1122) to work on /root/airflow/dags/weather_dag.py
[2024-12-10T17:05:21.444-0600] {processor.py:914} INFO - Processing file /root/airflow/dags/weather_dag.py for tasks to queue
[2024-12-10T17:05:21.446-0600] {logging_mixin.py:190} INFO - [2024-12-10T17:05:21.445-0600] {dagbag.py:588} INFO - Filling up the DagBag from /root/airflow/dags/weather_dag.py
[2024-12-10T17:05:21.465-0600] {processor.py:925} INFO - DAG(s) 'weather_etl' retrieved from /root/airflow/dags/weather_dag.py
[2024-12-10T17:05:21.478-0600] {logging_mixin.py:190} INFO - [2024-12-10T17:05:21.478-0600] {dag.py:3239} INFO - Sync 1 DAGs
[2024-12-10T17:05:21.496-0600] {logging_mixin.py:190} INFO - [2024-12-10T17:05:21.495-0600] {dag.py:4180} INFO - Setting next_dagrun for weather_etl to 2024-12-10 00:00:00+00:00, run_after=2024-12-11 00:00:00+00:00
[2024-12-10T17:05:21.519-0600] {processor.py:208} INFO - Processing /root/airflow/dags/weather_dag.py took 0.083 seconds
[2024-12-10T17:06:12.939-0600] {processor.py:186} INFO - Started process (PID=1182) to work on /root/airflow/dags/weather_dag.py
[2024-12-10T17:06:12.941-0600] {processor.py:914} INFO - Processing file /root/airflow/dags/weather_dag.py for tasks to queue
[2024-12-10T17:06:12.943-0600] {logging_mixin.py:190} INFO - [2024-12-10T17:06:12.943-0600] {dagbag.py:588} INFO - Filling up the DagBag from /root/airflow/dags/weather_dag.py
[2024-12-10T17:06:12.955-0600] {processor.py:925} INFO - DAG(s) 'weather_etl' retrieved from /root/airflow/dags/weather_dag.py
[2024-12-10T17:06:12.968-0600] {logging_mixin.py:190} INFO - [2024-12-10T17:06:12.968-0600] {dag.py:3239} INFO - Sync 1 DAGs
[2024-12-10T17:06:12.982-0600] {logging_mixin.py:190} INFO - [2024-12-10T17:06:12.982-0600] {dag.py:4180} INFO - Setting next_dagrun for weather_etl to 2024-12-10 00:00:00+00:00, run_after=2024-12-11 00:00:00+00:00
[2024-12-10T17:06:13.002-0600] {processor.py:208} INFO - Processing /root/airflow/dags/weather_dag.py took 0.066 seconds
[2024-12-10T17:07:08.920-0600] {processor.py:186} INFO - Started process (PID=1246) to work on /root/airflow/dags/weather_dag.py
[2024-12-10T17:07:08.923-0600] {processor.py:914} INFO - Processing file /root/airflow/dags/weather_dag.py for tasks to queue
[2024-12-10T17:07:08.925-0600] {logging_mixin.py:190} INFO - [2024-12-10T17:07:08.924-0600] {dagbag.py:588} INFO - Filling up the DagBag from /root/airflow/dags/weather_dag.py
[2024-12-10T17:07:08.936-0600] {processor.py:925} INFO - DAG(s) 'weather_etl' retrieved from /root/airflow/dags/weather_dag.py
[2024-12-10T17:07:08.947-0600] {logging_mixin.py:190} INFO - [2024-12-10T17:07:08.947-0600] {dag.py:3239} INFO - Sync 1 DAGs
[2024-12-10T17:07:08.960-0600] {logging_mixin.py:190} INFO - [2024-12-10T17:07:08.960-0600] {dag.py:4180} INFO - Setting next_dagrun for weather_etl to 2024-12-10 00:00:00+00:00, run_after=2024-12-11 00:00:00+00:00
[2024-12-10T17:07:08.978-0600] {processor.py:208} INFO - Processing /root/airflow/dags/weather_dag.py took 0.062 seconds
[2024-12-10T17:08:01.073-0600] {processor.py:186} INFO - Started process (PID=1311) to work on /root/airflow/dags/weather_dag.py
[2024-12-10T17:08:01.074-0600] {processor.py:914} INFO - Processing file /root/airflow/dags/weather_dag.py for tasks to queue
[2024-12-10T17:08:01.076-0600] {logging_mixin.py:190} INFO - [2024-12-10T17:08:01.076-0600] {dagbag.py:588} INFO - Filling up the DagBag from /root/airflow/dags/weather_dag.py
[2024-12-10T17:08:01.087-0600] {processor.py:925} INFO - DAG(s) 'weather_etl' retrieved from /root/airflow/dags/weather_dag.py
[2024-12-10T17:08:01.098-0600] {logging_mixin.py:190} INFO - [2024-12-10T17:08:01.097-0600] {dag.py:3239} INFO - Sync 1 DAGs
[2024-12-10T17:08:01.112-0600] {logging_mixin.py:190} INFO - [2024-12-10T17:08:01.112-0600] {dag.py:4180} INFO - Setting next_dagrun for weather_etl to 2024-12-10 00:00:00+00:00, run_after=2024-12-11 00:00:00+00:00
[2024-12-10T17:08:01.128-0600] {processor.py:208} INFO - Processing /root/airflow/dags/weather_dag.py took 0.060 seconds
[2024-12-10T17:08:49.633-0600] {processor.py:186} INFO - Started process (PID=1406) to work on /root/airflow/dags/weather_dag.py
[2024-12-10T17:08:49.636-0600] {processor.py:914} INFO - Processing file /root/airflow/dags/weather_dag.py for tasks to queue
[2024-12-10T17:08:49.637-0600] {logging_mixin.py:190} INFO - [2024-12-10T17:08:49.637-0600] {dagbag.py:588} INFO - Filling up the DagBag from /root/airflow/dags/weather_dag.py
[2024-12-10T17:08:49.648-0600] {processor.py:925} INFO - DAG(s) 'weather_etl' retrieved from /root/airflow/dags/weather_dag.py
[2024-12-10T17:08:49.658-0600] {logging_mixin.py:190} INFO - [2024-12-10T17:08:49.658-0600] {dag.py:3239} INFO - Sync 1 DAGs
[2024-12-10T17:08:49.674-0600] {logging_mixin.py:190} INFO - [2024-12-10T17:08:49.674-0600] {dag.py:4180} INFO - Setting next_dagrun for weather_etl to 2024-12-10 00:00:00+00:00, run_after=2024-12-11 00:00:00+00:00
[2024-12-10T17:08:49.694-0600] {processor.py:208} INFO - Processing /root/airflow/dags/weather_dag.py took 0.068 seconds
[2024-12-10T17:09:41.575-0600] {processor.py:186} INFO - Started process (PID=1466) to work on /root/airflow/dags/weather_dag.py
[2024-12-10T17:09:41.577-0600] {processor.py:914} INFO - Processing file /root/airflow/dags/weather_dag.py for tasks to queue
[2024-12-10T17:09:41.578-0600] {logging_mixin.py:190} INFO - [2024-12-10T17:09:41.578-0600] {dagbag.py:588} INFO - Filling up the DagBag from /root/airflow/dags/weather_dag.py
[2024-12-10T17:09:41.589-0600] {processor.py:925} INFO - DAG(s) 'weather_etl' retrieved from /root/airflow/dags/weather_dag.py
[2024-12-10T17:09:41.601-0600] {logging_mixin.py:190} INFO - [2024-12-10T17:09:41.601-0600] {dag.py:3239} INFO - Sync 1 DAGs
[2024-12-10T17:09:41.621-0600] {logging_mixin.py:190} INFO - [2024-12-10T17:09:41.621-0600] {dag.py:4180} INFO - Setting next_dagrun for weather_etl to 2024-12-10 00:00:00+00:00, run_after=2024-12-11 00:00:00+00:00
[2024-12-10T17:09:41.644-0600] {processor.py:208} INFO - Processing /root/airflow/dags/weather_dag.py took 0.073 seconds
[2024-12-10T17:10:33.713-0600] {processor.py:186} INFO - Started process (PID=1536) to work on /root/airflow/dags/weather_dag.py
[2024-12-10T17:10:33.715-0600] {processor.py:914} INFO - Processing file /root/airflow/dags/weather_dag.py for tasks to queue
[2024-12-10T17:10:33.716-0600] {logging_mixin.py:190} INFO - [2024-12-10T17:10:33.716-0600] {dagbag.py:588} INFO - Filling up the DagBag from /root/airflow/dags/weather_dag.py
[2024-12-10T17:10:33.727-0600] {processor.py:925} INFO - DAG(s) 'weather_etl' retrieved from /root/airflow/dags/weather_dag.py
[2024-12-10T17:10:33.738-0600] {logging_mixin.py:190} INFO - [2024-12-10T17:10:33.738-0600] {dag.py:3239} INFO - Sync 1 DAGs
[2024-12-10T17:10:33.753-0600] {logging_mixin.py:190} INFO - [2024-12-10T17:10:33.752-0600] {dag.py:4180} INFO - Setting next_dagrun for weather_etl to 2024-12-10 00:00:00+00:00, run_after=2024-12-11 00:00:00+00:00
[2024-12-10T17:10:33.772-0600] {processor.py:208} INFO - Processing /root/airflow/dags/weather_dag.py took 0.063 seconds
[2024-12-10T17:11:21.749-0600] {processor.py:186} INFO - Started process (PID=1595) to work on /root/airflow/dags/weather_dag.py
[2024-12-10T17:11:21.752-0600] {processor.py:914} INFO - Processing file /root/airflow/dags/weather_dag.py for tasks to queue
[2024-12-10T17:11:21.753-0600] {logging_mixin.py:190} INFO - [2024-12-10T17:11:21.753-0600] {dagbag.py:588} INFO - Filling up the DagBag from /root/airflow/dags/weather_dag.py
[2024-12-10T17:11:21.763-0600] {processor.py:925} INFO - DAG(s) 'weather_etl' retrieved from /root/airflow/dags/weather_dag.py
[2024-12-10T17:11:21.774-0600] {logging_mixin.py:190} INFO - [2024-12-10T17:11:21.774-0600] {dag.py:3239} INFO - Sync 1 DAGs
[2024-12-10T17:11:21.788-0600] {logging_mixin.py:190} INFO - [2024-12-10T17:11:21.788-0600] {dag.py:4180} INFO - Setting next_dagrun for weather_etl to 2024-12-10 00:00:00+00:00, run_after=2024-12-11 00:00:00+00:00
[2024-12-10T17:11:21.804-0600] {processor.py:208} INFO - Processing /root/airflow/dags/weather_dag.py took 0.059 seconds
[2024-12-10T17:12:14.248-0600] {processor.py:186} INFO - Started process (PID=1655) to work on /root/airflow/dags/weather_dag.py
[2024-12-10T17:12:14.250-0600] {processor.py:914} INFO - Processing file /root/airflow/dags/weather_dag.py for tasks to queue
[2024-12-10T17:12:14.252-0600] {logging_mixin.py:190} INFO - [2024-12-10T17:12:14.252-0600] {dagbag.py:588} INFO - Filling up the DagBag from /root/airflow/dags/weather_dag.py
[2024-12-10T17:12:14.263-0600] {processor.py:925} INFO - DAG(s) 'weather_etl' retrieved from /root/airflow/dags/weather_dag.py
[2024-12-10T17:12:14.274-0600] {logging_mixin.py:190} INFO - [2024-12-10T17:12:14.274-0600] {dag.py:3239} INFO - Sync 1 DAGs
[2024-12-10T17:12:14.288-0600] {logging_mixin.py:190} INFO - [2024-12-10T17:12:14.287-0600] {dag.py:4180} INFO - Setting next_dagrun for weather_etl to 2024-12-10 00:00:00+00:00, run_after=2024-12-11 00:00:00+00:00
[2024-12-10T17:12:14.305-0600] {processor.py:208} INFO - Processing /root/airflow/dags/weather_dag.py took 0.061 seconds
[2024-12-10T17:13:05.790-0600] {processor.py:186} INFO - Started process (PID=1710) to work on /root/airflow/dags/weather_dag.py
[2024-12-10T17:13:05.792-0600] {processor.py:914} INFO - Processing file /root/airflow/dags/weather_dag.py for tasks to queue
[2024-12-10T17:13:05.794-0600] {logging_mixin.py:190} INFO - [2024-12-10T17:13:05.793-0600] {dagbag.py:588} INFO - Filling up the DagBag from /root/airflow/dags/weather_dag.py
[2024-12-10T17:13:05.804-0600] {processor.py:925} INFO - DAG(s) 'weather_etl' retrieved from /root/airflow/dags/weather_dag.py
[2024-12-10T17:13:05.815-0600] {logging_mixin.py:190} INFO - [2024-12-10T17:13:05.815-0600] {dag.py:3239} INFO - Sync 1 DAGs
[2024-12-10T17:13:05.828-0600] {logging_mixin.py:190} INFO - [2024-12-10T17:13:05.828-0600] {dag.py:4180} INFO - Setting next_dagrun for weather_etl to 2024-12-10 00:00:00+00:00, run_after=2024-12-11 00:00:00+00:00
[2024-12-10T17:13:05.845-0600] {processor.py:208} INFO - Processing /root/airflow/dags/weather_dag.py took 0.059 seconds
[2024-12-10T17:13:55.311-0600] {processor.py:186} INFO - Started process (PID=1767) to work on /root/airflow/dags/weather_dag.py
[2024-12-10T17:13:55.314-0600] {processor.py:914} INFO - Processing file /root/airflow/dags/weather_dag.py for tasks to queue
[2024-12-10T17:13:55.316-0600] {logging_mixin.py:190} INFO - [2024-12-10T17:13:55.316-0600] {dagbag.py:588} INFO - Filling up the DagBag from /root/airflow/dags/weather_dag.py
[2024-12-10T17:13:55.330-0600] {processor.py:925} INFO - DAG(s) 'weather_etl' retrieved from /root/airflow/dags/weather_dag.py
[2024-12-10T17:13:55.344-0600] {logging_mixin.py:190} INFO - [2024-12-10T17:13:55.344-0600] {dag.py:3239} INFO - Sync 1 DAGs
[2024-12-10T17:13:55.361-0600] {logging_mixin.py:190} INFO - [2024-12-10T17:13:55.361-0600] {dag.py:4180} INFO - Setting next_dagrun for weather_etl to 2024-12-10 00:00:00+00:00, run_after=2024-12-11 00:00:00+00:00
[2024-12-10T17:13:55.385-0600] {processor.py:208} INFO - Processing /root/airflow/dags/weather_dag.py took 0.078 seconds
[2024-12-10T17:14:48.586-0600] {processor.py:186} INFO - Started process (PID=1832) to work on /root/airflow/dags/weather_dag.py
[2024-12-10T17:14:48.588-0600] {processor.py:914} INFO - Processing file /root/airflow/dags/weather_dag.py for tasks to queue
[2024-12-10T17:14:48.590-0600] {logging_mixin.py:190} INFO - [2024-12-10T17:14:48.590-0600] {dagbag.py:588} INFO - Filling up the DagBag from /root/airflow/dags/weather_dag.py
[2024-12-10T17:14:48.602-0600] {processor.py:925} INFO - DAG(s) 'weather_etl' retrieved from /root/airflow/dags/weather_dag.py
[2024-12-10T17:14:48.614-0600] {logging_mixin.py:190} INFO - [2024-12-10T17:14:48.614-0600] {dag.py:3239} INFO - Sync 1 DAGs
[2024-12-10T17:14:48.630-0600] {logging_mixin.py:190} INFO - [2024-12-10T17:14:48.630-0600] {dag.py:4180} INFO - Setting next_dagrun for weather_etl to 2024-12-10 00:00:00+00:00, run_after=2024-12-11 00:00:00+00:00
[2024-12-10T17:14:48.648-0600] {processor.py:208} INFO - Processing /root/airflow/dags/weather_dag.py took 0.065 seconds
[2024-12-10T17:15:41.519-0600] {processor.py:186} INFO - Started process (PID=1893) to work on /root/airflow/dags/weather_dag.py
[2024-12-10T17:15:41.522-0600] {processor.py:914} INFO - Processing file /root/airflow/dags/weather_dag.py for tasks to queue
[2024-12-10T17:15:41.523-0600] {logging_mixin.py:190} INFO - [2024-12-10T17:15:41.523-0600] {dagbag.py:588} INFO - Filling up the DagBag from /root/airflow/dags/weather_dag.py
[2024-12-10T17:15:41.537-0600] {processor.py:925} INFO - DAG(s) 'weather_etl' retrieved from /root/airflow/dags/weather_dag.py
[2024-12-10T17:15:41.550-0600] {logging_mixin.py:190} INFO - [2024-12-10T17:15:41.550-0600] {dag.py:3239} INFO - Sync 1 DAGs
[2024-12-10T17:15:41.569-0600] {logging_mixin.py:190} INFO - [2024-12-10T17:15:41.569-0600] {dag.py:4180} INFO - Setting next_dagrun for weather_etl to 2024-12-10 00:00:00+00:00, run_after=2024-12-11 00:00:00+00:00
[2024-12-10T17:15:41.591-0600] {processor.py:208} INFO - Processing /root/airflow/dags/weather_dag.py took 0.077 seconds
[2024-12-10T17:16:30.645-0600] {processor.py:186} INFO - Started process (PID=1955) to work on /root/airflow/dags/weather_dag.py
[2024-12-10T17:16:30.648-0600] {processor.py:914} INFO - Processing file /root/airflow/dags/weather_dag.py for tasks to queue
[2024-12-10T17:16:30.650-0600] {logging_mixin.py:190} INFO - [2024-12-10T17:16:30.650-0600] {dagbag.py:588} INFO - Filling up the DagBag from /root/airflow/dags/weather_dag.py
[2024-12-10T17:16:30.663-0600] {processor.py:925} INFO - DAG(s) 'weather_etl' retrieved from /root/airflow/dags/weather_dag.py
[2024-12-10T17:16:30.674-0600] {logging_mixin.py:190} INFO - [2024-12-10T17:16:30.674-0600] {dag.py:3239} INFO - Sync 1 DAGs
[2024-12-10T17:16:30.691-0600] {logging_mixin.py:190} INFO - [2024-12-10T17:16:30.691-0600] {dag.py:4180} INFO - Setting next_dagrun for weather_etl to 2024-12-10 00:00:00+00:00, run_after=2024-12-11 00:00:00+00:00
[2024-12-10T17:16:30.712-0600] {processor.py:208} INFO - Processing /root/airflow/dags/weather_dag.py took 0.072 seconds
[2024-12-10T17:17:24.899-0600] {processor.py:186} INFO - Started process (PID=2017) to work on /root/airflow/dags/weather_dag.py
[2024-12-10T17:17:24.902-0600] {processor.py:914} INFO - Processing file /root/airflow/dags/weather_dag.py for tasks to queue
[2024-12-10T17:17:24.904-0600] {logging_mixin.py:190} INFO - [2024-12-10T17:17:24.903-0600] {dagbag.py:588} INFO - Filling up the DagBag from /root/airflow/dags/weather_dag.py
[2024-12-10T17:17:24.914-0600] {processor.py:925} INFO - DAG(s) 'weather_etl' retrieved from /root/airflow/dags/weather_dag.py
[2024-12-10T17:17:24.924-0600] {logging_mixin.py:190} INFO - [2024-12-10T17:17:24.924-0600] {dag.py:3239} INFO - Sync 1 DAGs
[2024-12-10T17:17:24.938-0600] {logging_mixin.py:190} INFO - [2024-12-10T17:17:24.938-0600] {dag.py:4180} INFO - Setting next_dagrun for weather_etl to 2024-12-10 00:00:00+00:00, run_after=2024-12-11 00:00:00+00:00
[2024-12-10T17:17:24.956-0600] {processor.py:208} INFO - Processing /root/airflow/dags/weather_dag.py took 0.060 seconds
[2024-12-10T17:18:15.759-0600] {processor.py:186} INFO - Started process (PID=2072) to work on /root/airflow/dags/weather_dag.py
[2024-12-10T17:18:15.760-0600] {processor.py:914} INFO - Processing file /root/airflow/dags/weather_dag.py for tasks to queue
[2024-12-10T17:18:15.761-0600] {logging_mixin.py:190} INFO - [2024-12-10T17:18:15.761-0600] {dagbag.py:588} INFO - Filling up the DagBag from /root/airflow/dags/weather_dag.py
[2024-12-10T17:18:15.772-0600] {processor.py:925} INFO - DAG(s) 'weather_etl' retrieved from /root/airflow/dags/weather_dag.py
[2024-12-10T17:18:15.783-0600] {logging_mixin.py:190} INFO - [2024-12-10T17:18:15.782-0600] {dag.py:3239} INFO - Sync 1 DAGs
[2024-12-10T17:18:15.797-0600] {logging_mixin.py:190} INFO - [2024-12-10T17:18:15.797-0600] {dag.py:4180} INFO - Setting next_dagrun for weather_etl to 2024-12-10 00:00:00+00:00, run_after=2024-12-11 00:00:00+00:00
[2024-12-10T17:18:15.815-0600] {processor.py:208} INFO - Processing /root/airflow/dags/weather_dag.py took 0.060 seconds
[2024-12-10T17:19:10.009-0600] {processor.py:186} INFO - Started process (PID=2130) to work on /root/airflow/dags/weather_dag.py
[2024-12-10T17:19:10.011-0600] {processor.py:914} INFO - Processing file /root/airflow/dags/weather_dag.py for tasks to queue
[2024-12-10T17:19:10.012-0600] {logging_mixin.py:190} INFO - [2024-12-10T17:19:10.012-0600] {dagbag.py:588} INFO - Filling up the DagBag from /root/airflow/dags/weather_dag.py
[2024-12-10T17:19:10.023-0600] {processor.py:925} INFO - DAG(s) 'weather_etl' retrieved from /root/airflow/dags/weather_dag.py
[2024-12-10T17:19:10.033-0600] {logging_mixin.py:190} INFO - [2024-12-10T17:19:10.033-0600] {dag.py:3239} INFO - Sync 1 DAGs
[2024-12-10T17:19:10.047-0600] {logging_mixin.py:190} INFO - [2024-12-10T17:19:10.047-0600] {dag.py:4180} INFO - Setting next_dagrun for weather_etl to 2024-12-10 00:00:00+00:00, run_after=2024-12-11 00:00:00+00:00
[2024-12-10T17:19:10.063-0600] {processor.py:208} INFO - Processing /root/airflow/dags/weather_dag.py took 0.058 seconds
[2024-12-10T17:20:02.398-0600] {processor.py:186} INFO - Started process (PID=2188) to work on /root/airflow/dags/weather_dag.py
[2024-12-10T17:20:02.400-0600] {processor.py:914} INFO - Processing file /root/airflow/dags/weather_dag.py for tasks to queue
[2024-12-10T17:20:02.402-0600] {logging_mixin.py:190} INFO - [2024-12-10T17:20:02.402-0600] {dagbag.py:588} INFO - Filling up the DagBag from /root/airflow/dags/weather_dag.py
[2024-12-10T17:20:02.412-0600] {processor.py:925} INFO - DAG(s) 'weather_etl' retrieved from /root/airflow/dags/weather_dag.py
[2024-12-10T17:20:02.423-0600] {logging_mixin.py:190} INFO - [2024-12-10T17:20:02.423-0600] {dag.py:3239} INFO - Sync 1 DAGs
[2024-12-10T17:20:02.437-0600] {logging_mixin.py:190} INFO - [2024-12-10T17:20:02.437-0600] {dag.py:4180} INFO - Setting next_dagrun for weather_etl to 2024-12-10 00:00:00+00:00, run_after=2024-12-11 00:00:00+00:00
[2024-12-10T17:20:02.454-0600] {processor.py:208} INFO - Processing /root/airflow/dags/weather_dag.py took 0.060 seconds
[2024-12-10T17:20:52.822-0600] {processor.py:186} INFO - Started process (PID=2243) to work on /root/airflow/dags/weather_dag.py
[2024-12-10T17:20:52.824-0600] {processor.py:914} INFO - Processing file /root/airflow/dags/weather_dag.py for tasks to queue
[2024-12-10T17:20:52.825-0600] {logging_mixin.py:190} INFO - [2024-12-10T17:20:52.825-0600] {dagbag.py:588} INFO - Filling up the DagBag from /root/airflow/dags/weather_dag.py
[2024-12-10T17:20:52.835-0600] {processor.py:925} INFO - DAG(s) 'weather_etl' retrieved from /root/airflow/dags/weather_dag.py
[2024-12-10T17:20:52.846-0600] {logging_mixin.py:190} INFO - [2024-12-10T17:20:52.846-0600] {dag.py:3239} INFO - Sync 1 DAGs
[2024-12-10T17:20:52.859-0600] {logging_mixin.py:190} INFO - [2024-12-10T17:20:52.859-0600] {dag.py:4180} INFO - Setting next_dagrun for weather_etl to 2024-12-10 00:00:00+00:00, run_after=2024-12-11 00:00:00+00:00
[2024-12-10T17:20:52.877-0600] {processor.py:208} INFO - Processing /root/airflow/dags/weather_dag.py took 0.058 seconds
[2024-12-10T17:21:47.569-0600] {processor.py:186} INFO - Started process (PID=2303) to work on /root/airflow/dags/weather_dag.py
[2024-12-10T17:21:47.572-0600] {processor.py:914} INFO - Processing file /root/airflow/dags/weather_dag.py for tasks to queue
[2024-12-10T17:21:47.573-0600] {logging_mixin.py:190} INFO - [2024-12-10T17:21:47.573-0600] {dagbag.py:588} INFO - Filling up the DagBag from /root/airflow/dags/weather_dag.py
[2024-12-10T17:21:47.584-0600] {processor.py:925} INFO - DAG(s) 'weather_etl' retrieved from /root/airflow/dags/weather_dag.py
[2024-12-10T17:21:47.594-0600] {logging_mixin.py:190} INFO - [2024-12-10T17:21:47.594-0600] {dag.py:3239} INFO - Sync 1 DAGs
[2024-12-10T17:21:47.607-0600] {logging_mixin.py:190} INFO - [2024-12-10T17:21:47.607-0600] {dag.py:4180} INFO - Setting next_dagrun for weather_etl to 2024-12-10 00:00:00+00:00, run_after=2024-12-11 00:00:00+00:00
[2024-12-10T17:21:47.623-0600] {processor.py:208} INFO - Processing /root/airflow/dags/weather_dag.py took 0.058 seconds
[2024-12-10T17:22:40.756-0600] {processor.py:186} INFO - Started process (PID=2361) to work on /root/airflow/dags/weather_dag.py
[2024-12-10T17:22:40.758-0600] {processor.py:914} INFO - Processing file /root/airflow/dags/weather_dag.py for tasks to queue
[2024-12-10T17:22:40.759-0600] {logging_mixin.py:190} INFO - [2024-12-10T17:22:40.759-0600] {dagbag.py:588} INFO - Filling up the DagBag from /root/airflow/dags/weather_dag.py
[2024-12-10T17:22:40.770-0600] {processor.py:925} INFO - DAG(s) 'weather_etl' retrieved from /root/airflow/dags/weather_dag.py
[2024-12-10T17:22:40.780-0600] {logging_mixin.py:190} INFO - [2024-12-10T17:22:40.780-0600] {dag.py:3239} INFO - Sync 1 DAGs
[2024-12-10T17:22:40.793-0600] {logging_mixin.py:190} INFO - [2024-12-10T17:22:40.793-0600] {dag.py:4180} INFO - Setting next_dagrun for weather_etl to 2024-12-10 00:00:00+00:00, run_after=2024-12-11 00:00:00+00:00
[2024-12-10T17:22:40.810-0600] {processor.py:208} INFO - Processing /root/airflow/dags/weather_dag.py took 0.058 seconds
[2024-12-10T17:23:37.269-0600] {processor.py:186} INFO - Started process (PID=2421) to work on /root/airflow/dags/weather_dag.py
[2024-12-10T17:23:37.271-0600] {processor.py:914} INFO - Processing file /root/airflow/dags/weather_dag.py for tasks to queue
[2024-12-10T17:23:37.272-0600] {logging_mixin.py:190} INFO - [2024-12-10T17:23:37.272-0600] {dagbag.py:588} INFO - Filling up the DagBag from /root/airflow/dags/weather_dag.py
[2024-12-10T17:23:37.284-0600] {processor.py:925} INFO - DAG(s) 'weather_etl' retrieved from /root/airflow/dags/weather_dag.py
[2024-12-10T17:23:37.295-0600] {logging_mixin.py:190} INFO - [2024-12-10T17:23:37.295-0600] {dag.py:3239} INFO - Sync 1 DAGs
[2024-12-10T17:23:37.310-0600] {logging_mixin.py:190} INFO - [2024-12-10T17:23:37.310-0600] {dag.py:4180} INFO - Setting next_dagrun for weather_etl to 2024-12-10 00:00:00+00:00, run_after=2024-12-11 00:00:00+00:00
[2024-12-10T17:23:37.327-0600] {processor.py:208} INFO - Processing /root/airflow/dags/weather_dag.py took 0.062 seconds
[2024-12-10T17:24:28.526-0600] {processor.py:186} INFO - Started process (PID=2477) to work on /root/airflow/dags/weather_dag.py
[2024-12-10T17:24:28.529-0600] {processor.py:914} INFO - Processing file /root/airflow/dags/weather_dag.py for tasks to queue
[2024-12-10T17:24:28.530-0600] {logging_mixin.py:190} INFO - [2024-12-10T17:24:28.530-0600] {dagbag.py:588} INFO - Filling up the DagBag from /root/airflow/dags/weather_dag.py
[2024-12-10T17:24:28.541-0600] {processor.py:925} INFO - DAG(s) 'weather_etl' retrieved from /root/airflow/dags/weather_dag.py
[2024-12-10T17:24:28.552-0600] {logging_mixin.py:190} INFO - [2024-12-10T17:24:28.551-0600] {dag.py:3239} INFO - Sync 1 DAGs
[2024-12-10T17:24:28.567-0600] {logging_mixin.py:190} INFO - [2024-12-10T17:24:28.567-0600] {dag.py:4180} INFO - Setting next_dagrun for weather_etl to 2024-12-10 00:00:00+00:00, run_after=2024-12-11 00:00:00+00:00
[2024-12-10T17:24:28.585-0600] {processor.py:208} INFO - Processing /root/airflow/dags/weather_dag.py took 0.062 seconds
[2024-12-10T17:25:20.094-0600] {processor.py:186} INFO - Started process (PID=2542) to work on /root/airflow/dags/weather_dag.py
[2024-12-10T17:25:20.097-0600] {processor.py:914} INFO - Processing file /root/airflow/dags/weather_dag.py for tasks to queue
[2024-12-10T17:25:20.098-0600] {logging_mixin.py:190} INFO - [2024-12-10T17:25:20.098-0600] {dagbag.py:588} INFO - Filling up the DagBag from /root/airflow/dags/weather_dag.py
[2024-12-10T17:25:20.108-0600] {processor.py:925} INFO - DAG(s) 'weather_etl' retrieved from /root/airflow/dags/weather_dag.py
[2024-12-10T17:25:20.119-0600] {logging_mixin.py:190} INFO - [2024-12-10T17:25:20.119-0600] {dag.py:3239} INFO - Sync 1 DAGs
[2024-12-10T17:25:20.132-0600] {logging_mixin.py:190} INFO - [2024-12-10T17:25:20.132-0600] {dag.py:4180} INFO - Setting next_dagrun for weather_etl to 2024-12-10 00:00:00+00:00, run_after=2024-12-11 00:00:00+00:00
[2024-12-10T17:25:20.148-0600] {processor.py:208} INFO - Processing /root/airflow/dags/weather_dag.py took 0.058 seconds
[2024-12-10T17:26:13.822-0600] {processor.py:186} INFO - Started process (PID=2599) to work on /root/airflow/dags/weather_dag.py
[2024-12-10T17:26:13.823-0600] {processor.py:914} INFO - Processing file /root/airflow/dags/weather_dag.py for tasks to queue
[2024-12-10T17:26:13.825-0600] {logging_mixin.py:190} INFO - [2024-12-10T17:26:13.825-0600] {dagbag.py:588} INFO - Filling up the DagBag from /root/airflow/dags/weather_dag.py
[2024-12-10T17:26:13.836-0600] {processor.py:925} INFO - DAG(s) 'weather_etl' retrieved from /root/airflow/dags/weather_dag.py
[2024-12-10T17:26:13.846-0600] {logging_mixin.py:190} INFO - [2024-12-10T17:26:13.846-0600] {dag.py:3239} INFO - Sync 1 DAGs
[2024-12-10T17:26:13.859-0600] {logging_mixin.py:190} INFO - [2024-12-10T17:26:13.859-0600] {dag.py:4180} INFO - Setting next_dagrun for weather_etl to 2024-12-10 00:00:00+00:00, run_after=2024-12-11 00:00:00+00:00
[2024-12-10T17:26:13.877-0600] {processor.py:208} INFO - Processing /root/airflow/dags/weather_dag.py took 0.059 seconds
[2024-12-10T17:27:08.194-0600] {processor.py:186} INFO - Started process (PID=2659) to work on /root/airflow/dags/weather_dag.py
[2024-12-10T17:27:08.196-0600] {processor.py:914} INFO - Processing file /root/airflow/dags/weather_dag.py for tasks to queue
[2024-12-10T17:27:08.197-0600] {logging_mixin.py:190} INFO - [2024-12-10T17:27:08.197-0600] {dagbag.py:588} INFO - Filling up the DagBag from /root/airflow/dags/weather_dag.py
[2024-12-10T17:27:08.207-0600] {processor.py:925} INFO - DAG(s) 'weather_etl' retrieved from /root/airflow/dags/weather_dag.py
[2024-12-10T17:27:08.218-0600] {logging_mixin.py:190} INFO - [2024-12-10T17:27:08.218-0600] {dag.py:3239} INFO - Sync 1 DAGs
[2024-12-10T17:27:08.232-0600] {logging_mixin.py:190} INFO - [2024-12-10T17:27:08.232-0600] {dag.py:4180} INFO - Setting next_dagrun for weather_etl to 2024-12-10 00:00:00+00:00, run_after=2024-12-11 00:00:00+00:00
[2024-12-10T17:27:08.248-0600] {processor.py:208} INFO - Processing /root/airflow/dags/weather_dag.py took 0.058 seconds
[2024-12-10T17:27:59.496-0600] {processor.py:186} INFO - Started process (PID=2716) to work on /root/airflow/dags/weather_dag.py
[2024-12-10T17:27:59.498-0600] {processor.py:914} INFO - Processing file /root/airflow/dags/weather_dag.py for tasks to queue
[2024-12-10T17:27:59.500-0600] {logging_mixin.py:190} INFO - [2024-12-10T17:27:59.499-0600] {dagbag.py:588} INFO - Filling up the DagBag from /root/airflow/dags/weather_dag.py
[2024-12-10T17:27:59.510-0600] {processor.py:925} INFO - DAG(s) 'weather_etl' retrieved from /root/airflow/dags/weather_dag.py
[2024-12-10T17:27:59.521-0600] {logging_mixin.py:190} INFO - [2024-12-10T17:27:59.521-0600] {dag.py:3239} INFO - Sync 1 DAGs
[2024-12-10T17:27:59.535-0600] {logging_mixin.py:190} INFO - [2024-12-10T17:27:59.534-0600] {dag.py:4180} INFO - Setting next_dagrun for weather_etl to 2024-12-10 00:00:00+00:00, run_after=2024-12-11 00:00:00+00:00
[2024-12-10T17:27:59.551-0600] {processor.py:208} INFO - Processing /root/airflow/dags/weather_dag.py took 0.060 seconds
[2024-12-10T17:28:53.183-0600] {processor.py:186} INFO - Started process (PID=2772) to work on /root/airflow/dags/weather_dag.py
[2024-12-10T17:28:53.186-0600] {processor.py:914} INFO - Processing file /root/airflow/dags/weather_dag.py for tasks to queue
[2024-12-10T17:28:53.187-0600] {logging_mixin.py:190} INFO - [2024-12-10T17:28:53.187-0600] {dagbag.py:588} INFO - Filling up the DagBag from /root/airflow/dags/weather_dag.py
[2024-12-10T17:28:53.198-0600] {processor.py:925} INFO - DAG(s) 'weather_etl' retrieved from /root/airflow/dags/weather_dag.py
[2024-12-10T17:28:53.208-0600] {logging_mixin.py:190} INFO - [2024-12-10T17:28:53.208-0600] {dag.py:3239} INFO - Sync 1 DAGs
[2024-12-10T17:28:53.221-0600] {logging_mixin.py:190} INFO - [2024-12-10T17:28:53.221-0600] {dag.py:4180} INFO - Setting next_dagrun for weather_etl to 2024-12-10 00:00:00+00:00, run_after=2024-12-11 00:00:00+00:00
[2024-12-10T17:28:53.237-0600] {processor.py:208} INFO - Processing /root/airflow/dags/weather_dag.py took 0.058 seconds
[2024-12-10T17:29:45.904-0600] {processor.py:186} INFO - Started process (PID=2832) to work on /root/airflow/dags/weather_dag.py
[2024-12-10T17:29:45.907-0600] {processor.py:914} INFO - Processing file /root/airflow/dags/weather_dag.py for tasks to queue
[2024-12-10T17:29:45.908-0600] {logging_mixin.py:190} INFO - [2024-12-10T17:29:45.908-0600] {dagbag.py:588} INFO - Filling up the DagBag from /root/airflow/dags/weather_dag.py
[2024-12-10T17:29:45.918-0600] {processor.py:925} INFO - DAG(s) 'weather_etl' retrieved from /root/airflow/dags/weather_dag.py
[2024-12-10T17:29:45.928-0600] {logging_mixin.py:190} INFO - [2024-12-10T17:29:45.928-0600] {dag.py:3239} INFO - Sync 1 DAGs
[2024-12-10T17:29:45.942-0600] {logging_mixin.py:190} INFO - [2024-12-10T17:29:45.941-0600] {dag.py:4180} INFO - Setting next_dagrun for weather_etl to 2024-12-10 00:00:00+00:00, run_after=2024-12-11 00:00:00+00:00
[2024-12-10T17:29:45.958-0600] {processor.py:208} INFO - Processing /root/airflow/dags/weather_dag.py took 0.058 seconds
[2024-12-10T17:30:35.012-0600] {processor.py:186} INFO - Started process (PID=2893) to work on /root/airflow/dags/weather_dag.py
[2024-12-10T17:30:35.014-0600] {processor.py:914} INFO - Processing file /root/airflow/dags/weather_dag.py for tasks to queue
[2024-12-10T17:30:35.016-0600] {logging_mixin.py:190} INFO - [2024-12-10T17:30:35.016-0600] {dagbag.py:588} INFO - Filling up the DagBag from /root/airflow/dags/weather_dag.py
[2024-12-10T17:30:35.026-0600] {processor.py:925} INFO - DAG(s) 'weather_etl' retrieved from /root/airflow/dags/weather_dag.py
[2024-12-10T17:30:35.036-0600] {logging_mixin.py:190} INFO - [2024-12-10T17:30:35.036-0600] {dag.py:3239} INFO - Sync 1 DAGs
[2024-12-10T17:30:35.050-0600] {logging_mixin.py:190} INFO - [2024-12-10T17:30:35.049-0600] {dag.py:4180} INFO - Setting next_dagrun for weather_etl to 2024-12-10 00:00:00+00:00, run_after=2024-12-11 00:00:00+00:00
[2024-12-10T17:30:35.066-0600] {processor.py:208} INFO - Processing /root/airflow/dags/weather_dag.py took 0.058 seconds
[2024-12-10T17:31:25.256-0600] {processor.py:186} INFO - Started process (PID=2948) to work on /root/airflow/dags/weather_dag.py
[2024-12-10T17:31:25.258-0600] {processor.py:914} INFO - Processing file /root/airflow/dags/weather_dag.py for tasks to queue
[2024-12-10T17:31:25.260-0600] {logging_mixin.py:190} INFO - [2024-12-10T17:31:25.260-0600] {dagbag.py:588} INFO - Filling up the DagBag from /root/airflow/dags/weather_dag.py
[2024-12-10T17:31:25.270-0600] {processor.py:925} INFO - DAG(s) 'weather_etl' retrieved from /root/airflow/dags/weather_dag.py
[2024-12-10T17:31:25.281-0600] {logging_mixin.py:190} INFO - [2024-12-10T17:31:25.281-0600] {dag.py:3239} INFO - Sync 1 DAGs
[2024-12-10T17:31:25.294-0600] {logging_mixin.py:190} INFO - [2024-12-10T17:31:25.294-0600] {dag.py:4180} INFO - Setting next_dagrun for weather_etl to 2024-12-10 00:00:00+00:00, run_after=2024-12-11 00:00:00+00:00
[2024-12-10T17:31:25.311-0600] {processor.py:208} INFO - Processing /root/airflow/dags/weather_dag.py took 0.059 seconds
[2024-12-10T17:32:21.510-0600] {processor.py:186} INFO - Started process (PID=3007) to work on /root/airflow/dags/weather_dag.py
[2024-12-10T17:32:21.513-0600] {processor.py:914} INFO - Processing file /root/airflow/dags/weather_dag.py for tasks to queue
[2024-12-10T17:32:21.515-0600] {logging_mixin.py:190} INFO - [2024-12-10T17:32:21.515-0600] {dagbag.py:588} INFO - Filling up the DagBag from /root/airflow/dags/weather_dag.py
[2024-12-10T17:32:21.526-0600] {processor.py:925} INFO - DAG(s) 'weather_etl' retrieved from /root/airflow/dags/weather_dag.py
[2024-12-10T17:32:21.538-0600] {logging_mixin.py:190} INFO - [2024-12-10T17:32:21.538-0600] {dag.py:3239} INFO - Sync 1 DAGs
[2024-12-10T17:32:21.553-0600] {logging_mixin.py:190} INFO - [2024-12-10T17:32:21.552-0600] {dag.py:4180} INFO - Setting next_dagrun for weather_etl to 2024-12-10 00:00:00+00:00, run_after=2024-12-11 00:00:00+00:00
[2024-12-10T17:32:21.570-0600] {processor.py:208} INFO - Processing /root/airflow/dags/weather_dag.py took 0.064 seconds
[2024-12-10T17:33:14.356-0600] {processor.py:186} INFO - Started process (PID=3066) to work on /root/airflow/dags/weather_dag.py
[2024-12-10T17:33:14.358-0600] {processor.py:914} INFO - Processing file /root/airflow/dags/weather_dag.py for tasks to queue
[2024-12-10T17:33:14.360-0600] {logging_mixin.py:190} INFO - [2024-12-10T17:33:14.360-0600] {dagbag.py:588} INFO - Filling up the DagBag from /root/airflow/dags/weather_dag.py
[2024-12-10T17:33:14.370-0600] {processor.py:925} INFO - DAG(s) 'weather_etl' retrieved from /root/airflow/dags/weather_dag.py
[2024-12-10T17:33:14.381-0600] {logging_mixin.py:190} INFO - [2024-12-10T17:33:14.381-0600] {dag.py:3239} INFO - Sync 1 DAGs
[2024-12-10T17:33:14.395-0600] {logging_mixin.py:190} INFO - [2024-12-10T17:33:14.394-0600] {dag.py:4180} INFO - Setting next_dagrun for weather_etl to 2024-12-10 00:00:00+00:00, run_after=2024-12-11 00:00:00+00:00
[2024-12-10T17:33:14.411-0600] {processor.py:208} INFO - Processing /root/airflow/dags/weather_dag.py took 0.058 seconds
[2024-12-10T17:34:08.085-0600] {processor.py:186} INFO - Started process (PID=3230) to work on /root/airflow/dags/weather_dag.py
[2024-12-10T17:34:08.086-0600] {processor.py:914} INFO - Processing file /root/airflow/dags/weather_dag.py for tasks to queue
[2024-12-10T17:34:08.088-0600] {logging_mixin.py:190} INFO - [2024-12-10T17:34:08.087-0600] {dagbag.py:588} INFO - Filling up the DagBag from /root/airflow/dags/weather_dag.py
[2024-12-10T17:34:08.104-0600] {processor.py:925} INFO - DAG(s) 'weather_etl' retrieved from /root/airflow/dags/weather_dag.py
[2024-12-10T17:34:08.120-0600] {logging_mixin.py:190} INFO - [2024-12-10T17:34:08.119-0600] {dag.py:3239} INFO - Sync 1 DAGs
[2024-12-10T17:34:08.137-0600] {logging_mixin.py:190} INFO - [2024-12-10T17:34:08.137-0600] {dag.py:4180} INFO - Setting next_dagrun for weather_etl to 2024-12-10 00:00:00+00:00, run_after=2024-12-11 00:00:00+00:00
[2024-12-10T17:34:08.160-0600] {processor.py:208} INFO - Processing /root/airflow/dags/weather_dag.py took 0.079 seconds
[2024-12-10T17:34:59.494-0600] {processor.py:186} INFO - Started process (PID=3287) to work on /root/airflow/dags/weather_dag.py
[2024-12-10T17:34:59.497-0600] {processor.py:914} INFO - Processing file /root/airflow/dags/weather_dag.py for tasks to queue
[2024-12-10T17:34:59.498-0600] {logging_mixin.py:190} INFO - [2024-12-10T17:34:59.498-0600] {dagbag.py:588} INFO - Filling up the DagBag from /root/airflow/dags/weather_dag.py
[2024-12-10T17:34:59.508-0600] {processor.py:925} INFO - DAG(s) 'weather_etl' retrieved from /root/airflow/dags/weather_dag.py
[2024-12-10T17:34:59.519-0600] {logging_mixin.py:190} INFO - [2024-12-10T17:34:59.518-0600] {dag.py:3239} INFO - Sync 1 DAGs
[2024-12-10T17:34:59.531-0600] {logging_mixin.py:190} INFO - [2024-12-10T17:34:59.531-0600] {dag.py:4180} INFO - Setting next_dagrun for weather_etl to 2024-12-10 00:00:00+00:00, run_after=2024-12-11 00:00:00+00:00
[2024-12-10T17:34:59.547-0600] {processor.py:208} INFO - Processing /root/airflow/dags/weather_dag.py took 0.057 seconds
[2024-12-10T17:35:49.924-0600] {processor.py:186} INFO - Started process (PID=3347) to work on /root/airflow/dags/weather_dag.py
[2024-12-10T17:35:49.925-0600] {processor.py:914} INFO - Processing file /root/airflow/dags/weather_dag.py for tasks to queue
[2024-12-10T17:35:49.927-0600] {logging_mixin.py:190} INFO - [2024-12-10T17:35:49.926-0600] {dagbag.py:588} INFO - Filling up the DagBag from /root/airflow/dags/weather_dag.py
[2024-12-10T17:35:49.937-0600] {processor.py:925} INFO - DAG(s) 'weather_etl' retrieved from /root/airflow/dags/weather_dag.py
[2024-12-10T17:35:49.947-0600] {logging_mixin.py:190} INFO - [2024-12-10T17:35:49.947-0600] {dag.py:3239} INFO - Sync 1 DAGs
[2024-12-10T17:35:49.960-0600] {logging_mixin.py:190} INFO - [2024-12-10T17:35:49.960-0600] {dag.py:4180} INFO - Setting next_dagrun for weather_etl to 2024-12-10 00:00:00+00:00, run_after=2024-12-11 00:00:00+00:00
[2024-12-10T17:35:49.977-0600] {processor.py:208} INFO - Processing /root/airflow/dags/weather_dag.py took 0.057 seconds
[2024-12-10T17:36:40.285-0600] {processor.py:186} INFO - Started process (PID=3403) to work on /root/airflow/dags/weather_dag.py
[2024-12-10T17:36:40.288-0600] {processor.py:914} INFO - Processing file /root/airflow/dags/weather_dag.py for tasks to queue
[2024-12-10T17:36:40.289-0600] {logging_mixin.py:190} INFO - [2024-12-10T17:36:40.289-0600] {dagbag.py:588} INFO - Filling up the DagBag from /root/airflow/dags/weather_dag.py
[2024-12-10T17:36:40.303-0600] {processor.py:925} INFO - DAG(s) 'weather_etl' retrieved from /root/airflow/dags/weather_dag.py
[2024-12-10T17:36:40.316-0600] {logging_mixin.py:190} INFO - [2024-12-10T17:36:40.316-0600] {dag.py:3239} INFO - Sync 1 DAGs
[2024-12-10T17:36:40.335-0600] {logging_mixin.py:190} INFO - [2024-12-10T17:36:40.335-0600] {dag.py:4180} INFO - Setting next_dagrun for weather_etl to 2024-12-10 00:00:00+00:00, run_after=2024-12-11 00:00:00+00:00
[2024-12-10T17:36:40.356-0600] {processor.py:208} INFO - Processing /root/airflow/dags/weather_dag.py took 0.076 seconds
[2024-12-10T17:37:31.705-0600] {processor.py:186} INFO - Started process (PID=3458) to work on /root/airflow/dags/weather_dag.py
[2024-12-10T17:37:31.707-0600] {processor.py:914} INFO - Processing file /root/airflow/dags/weather_dag.py for tasks to queue
[2024-12-10T17:37:31.708-0600] {logging_mixin.py:190} INFO - [2024-12-10T17:37:31.708-0600] {dagbag.py:588} INFO - Filling up the DagBag from /root/airflow/dags/weather_dag.py
[2024-12-10T17:37:31.718-0600] {processor.py:925} INFO - DAG(s) 'weather_etl' retrieved from /root/airflow/dags/weather_dag.py
[2024-12-10T17:37:31.728-0600] {logging_mixin.py:190} INFO - [2024-12-10T17:37:31.728-0600] {dag.py:3239} INFO - Sync 1 DAGs
[2024-12-10T17:37:31.741-0600] {logging_mixin.py:190} INFO - [2024-12-10T17:37:31.741-0600] {dag.py:4180} INFO - Setting next_dagrun for weather_etl to 2024-12-10 00:00:00+00:00, run_after=2024-12-11 00:00:00+00:00
[2024-12-10T17:37:31.758-0600] {processor.py:208} INFO - Processing /root/airflow/dags/weather_dag.py took 0.057 seconds
[2024-12-10T17:38:21.993-0600] {processor.py:186} INFO - Started process (PID=3515) to work on /root/airflow/dags/weather_dag.py
[2024-12-10T17:38:21.996-0600] {processor.py:914} INFO - Processing file /root/airflow/dags/weather_dag.py for tasks to queue
[2024-12-10T17:38:21.997-0600] {logging_mixin.py:190} INFO - [2024-12-10T17:38:21.997-0600] {dagbag.py:588} INFO - Filling up the DagBag from /root/airflow/dags/weather_dag.py
[2024-12-10T17:38:22.008-0600] {processor.py:925} INFO - DAG(s) 'weather_etl' retrieved from /root/airflow/dags/weather_dag.py
[2024-12-10T17:38:22.019-0600] {logging_mixin.py:190} INFO - [2024-12-10T17:38:22.019-0600] {dag.py:3239} INFO - Sync 1 DAGs
[2024-12-10T17:38:22.033-0600] {logging_mixin.py:190} INFO - [2024-12-10T17:38:22.033-0600] {dag.py:4180} INFO - Setting next_dagrun for weather_etl to 2024-12-10 00:00:00+00:00, run_after=2024-12-11 00:00:00+00:00
[2024-12-10T17:38:22.050-0600] {processor.py:208} INFO - Processing /root/airflow/dags/weather_dag.py took 0.061 seconds
[2024-12-10T17:39:14.685-0600] {processor.py:186} INFO - Started process (PID=3572) to work on /root/airflow/dags/weather_dag.py
[2024-12-10T17:39:14.686-0600] {processor.py:914} INFO - Processing file /root/airflow/dags/weather_dag.py for tasks to queue
[2024-12-10T17:39:14.688-0600] {logging_mixin.py:190} INFO - [2024-12-10T17:39:14.688-0600] {dagbag.py:588} INFO - Filling up the DagBag from /root/airflow/dags/weather_dag.py
[2024-12-10T17:39:14.699-0600] {processor.py:925} INFO - DAG(s) 'weather_etl' retrieved from /root/airflow/dags/weather_dag.py
[2024-12-10T17:39:14.710-0600] {logging_mixin.py:190} INFO - [2024-12-10T17:39:14.710-0600] {dag.py:3239} INFO - Sync 1 DAGs
[2024-12-10T17:39:14.728-0600] {logging_mixin.py:190} INFO - [2024-12-10T17:39:14.727-0600] {dag.py:4180} INFO - Setting next_dagrun for weather_etl to 2024-12-10 00:00:00+00:00, run_after=2024-12-11 00:00:00+00:00
[2024-12-10T17:39:14.751-0600] {processor.py:208} INFO - Processing /root/airflow/dags/weather_dag.py took 0.070 seconds
[2024-12-10T17:40:06.989-0600] {processor.py:186} INFO - Started process (PID=3632) to work on /root/airflow/dags/weather_dag.py
[2024-12-10T17:40:06.992-0600] {processor.py:914} INFO - Processing file /root/airflow/dags/weather_dag.py for tasks to queue
[2024-12-10T17:40:07.002-0600] {logging_mixin.py:190} INFO - [2024-12-10T17:40:06.994-0600] {dagbag.py:588} INFO - Filling up the DagBag from /root/airflow/dags/weather_dag.py
[2024-12-10T17:40:07.033-0600] {processor.py:925} INFO - DAG(s) 'weather_etl' retrieved from /root/airflow/dags/weather_dag.py
[2024-12-10T17:40:07.047-0600] {logging_mixin.py:190} INFO - [2024-12-10T17:40:07.046-0600] {dag.py:3239} INFO - Sync 1 DAGs
[2024-12-10T17:40:07.070-0600] {logging_mixin.py:190} INFO - [2024-12-10T17:40:07.070-0600] {dag.py:4180} INFO - Setting next_dagrun for weather_etl to 2024-12-10 00:00:00+00:00, run_after=2024-12-11 00:00:00+00:00
[2024-12-10T17:40:07.091-0600] {processor.py:208} INFO - Processing /root/airflow/dags/weather_dag.py took 0.106 seconds
[2024-12-10T17:41:03.915-0600] {processor.py:186} INFO - Started process (PID=3696) to work on /root/airflow/dags/weather_dag.py
[2024-12-10T17:41:03.918-0600] {processor.py:914} INFO - Processing file /root/airflow/dags/weather_dag.py for tasks to queue
[2024-12-10T17:41:03.919-0600] {logging_mixin.py:190} INFO - [2024-12-10T17:41:03.919-0600] {dagbag.py:588} INFO - Filling up the DagBag from /root/airflow/dags/weather_dag.py
[2024-12-10T17:41:03.930-0600] {processor.py:925} INFO - DAG(s) 'weather_etl' retrieved from /root/airflow/dags/weather_dag.py
[2024-12-10T17:41:03.940-0600] {logging_mixin.py:190} INFO - [2024-12-10T17:41:03.940-0600] {dag.py:3239} INFO - Sync 1 DAGs
[2024-12-10T17:41:03.953-0600] {logging_mixin.py:190} INFO - [2024-12-10T17:41:03.953-0600] {dag.py:4180} INFO - Setting next_dagrun for weather_etl to 2024-12-10 00:00:00+00:00, run_after=2024-12-11 00:00:00+00:00
[2024-12-10T17:41:03.969-0600] {processor.py:208} INFO - Processing /root/airflow/dags/weather_dag.py took 0.058 seconds
[2024-12-10T17:41:56.465-0600] {processor.py:186} INFO - Started process (PID=3755) to work on /root/airflow/dags/weather_dag.py
[2024-12-10T17:41:56.467-0600] {processor.py:914} INFO - Processing file /root/airflow/dags/weather_dag.py for tasks to queue
[2024-12-10T17:41:56.469-0600] {logging_mixin.py:190} INFO - [2024-12-10T17:41:56.468-0600] {dagbag.py:588} INFO - Filling up the DagBag from /root/airflow/dags/weather_dag.py
[2024-12-10T17:41:56.480-0600] {processor.py:925} INFO - DAG(s) 'weather_etl' retrieved from /root/airflow/dags/weather_dag.py
[2024-12-10T17:41:56.490-0600] {logging_mixin.py:190} INFO - [2024-12-10T17:41:56.490-0600] {dag.py:3239} INFO - Sync 1 DAGs
[2024-12-10T17:41:56.504-0600] {logging_mixin.py:190} INFO - [2024-12-10T17:41:56.504-0600] {dag.py:4180} INFO - Setting next_dagrun for weather_etl to 2024-12-10 00:00:00+00:00, run_after=2024-12-11 00:00:00+00:00
[2024-12-10T17:41:56.521-0600] {processor.py:208} INFO - Processing /root/airflow/dags/weather_dag.py took 0.059 seconds
[2024-12-10T17:42:48.105-0600] {processor.py:186} INFO - Started process (PID=3823) to work on /root/airflow/dags/weather_dag.py
[2024-12-10T17:42:48.108-0600] {processor.py:914} INFO - Processing file /root/airflow/dags/weather_dag.py for tasks to queue
[2024-12-10T17:42:48.109-0600] {logging_mixin.py:190} INFO - [2024-12-10T17:42:48.109-0600] {dagbag.py:588} INFO - Filling up the DagBag from /root/airflow/dags/weather_dag.py
[2024-12-10T17:42:48.120-0600] {processor.py:925} INFO - DAG(s) 'weather_etl' retrieved from /root/airflow/dags/weather_dag.py
[2024-12-10T17:42:48.130-0600] {logging_mixin.py:190} INFO - [2024-12-10T17:42:48.130-0600] {dag.py:3239} INFO - Sync 1 DAGs
[2024-12-10T17:42:48.143-0600] {logging_mixin.py:190} INFO - [2024-12-10T17:42:48.143-0600] {dag.py:4180} INFO - Setting next_dagrun for weather_etl to 2024-12-10 00:00:00+00:00, run_after=2024-12-11 00:00:00+00:00
[2024-12-10T17:42:48.268-0600] {processor.py:208} INFO - Processing /root/airflow/dags/weather_dag.py took 0.168 seconds
[2024-12-10T17:43:41.115-0600] {processor.py:186} INFO - Started process (PID=3887) to work on /root/airflow/dags/weather_dag.py
[2024-12-10T17:43:41.116-0600] {processor.py:914} INFO - Processing file /root/airflow/dags/weather_dag.py for tasks to queue
[2024-12-10T17:43:41.119-0600] {logging_mixin.py:190} INFO - [2024-12-10T17:43:41.118-0600] {dagbag.py:588} INFO - Filling up the DagBag from /root/airflow/dags/weather_dag.py
[2024-12-10T17:43:41.133-0600] {processor.py:925} INFO - DAG(s) 'weather_etl' retrieved from /root/airflow/dags/weather_dag.py
[2024-12-10T17:43:41.145-0600] {logging_mixin.py:190} INFO - [2024-12-10T17:43:41.145-0600] {dag.py:3239} INFO - Sync 1 DAGs
[2024-12-10T17:43:41.162-0600] {logging_mixin.py:190} INFO - [2024-12-10T17:43:41.162-0600] {dag.py:4180} INFO - Setting next_dagrun for weather_etl to 2024-12-10 00:00:00+00:00, run_after=2024-12-11 00:00:00+00:00
[2024-12-10T17:43:41.180-0600] {processor.py:208} INFO - Processing /root/airflow/dags/weather_dag.py took 0.070 seconds
[2024-12-10T17:44:31.954-0600] {processor.py:186} INFO - Started process (PID=3942) to work on /root/airflow/dags/weather_dag.py
[2024-12-10T17:44:31.956-0600] {processor.py:914} INFO - Processing file /root/airflow/dags/weather_dag.py for tasks to queue
[2024-12-10T17:44:31.958-0600] {logging_mixin.py:190} INFO - [2024-12-10T17:44:31.957-0600] {dagbag.py:588} INFO - Filling up the DagBag from /root/airflow/dags/weather_dag.py
[2024-12-10T17:44:31.968-0600] {processor.py:925} INFO - DAG(s) 'weather_etl' retrieved from /root/airflow/dags/weather_dag.py
[2024-12-10T17:44:31.979-0600] {logging_mixin.py:190} INFO - [2024-12-10T17:44:31.978-0600] {dag.py:3239} INFO - Sync 1 DAGs
[2024-12-10T17:44:31.992-0600] {logging_mixin.py:190} INFO - [2024-12-10T17:44:31.992-0600] {dag.py:4180} INFO - Setting next_dagrun for weather_etl to 2024-12-10 00:00:00+00:00, run_after=2024-12-11 00:00:00+00:00
[2024-12-10T17:44:32.008-0600] {processor.py:208} INFO - Processing /root/airflow/dags/weather_dag.py took 0.058 seconds
[2024-12-10T17:45:24.917-0600] {processor.py:186} INFO - Started process (PID=4004) to work on /root/airflow/dags/weather_dag.py
[2024-12-10T17:45:24.920-0600] {processor.py:914} INFO - Processing file /root/airflow/dags/weather_dag.py for tasks to queue
[2024-12-10T17:45:24.922-0600] {logging_mixin.py:190} INFO - [2024-12-10T17:45:24.921-0600] {dagbag.py:588} INFO - Filling up the DagBag from /root/airflow/dags/weather_dag.py
[2024-12-10T17:45:24.932-0600] {processor.py:925} INFO - DAG(s) 'weather_etl' retrieved from /root/airflow/dags/weather_dag.py
[2024-12-10T17:45:24.943-0600] {logging_mixin.py:190} INFO - [2024-12-10T17:45:24.943-0600] {dag.py:3239} INFO - Sync 1 DAGs
[2024-12-10T17:45:25.044-0600] {logging_mixin.py:190} INFO - [2024-12-10T17:45:25.044-0600] {dag.py:4180} INFO - Setting next_dagrun for weather_etl to 2024-12-10 00:00:00+00:00, run_after=2024-12-11 00:00:00+00:00
[2024-12-10T17:45:25.060-0600] {processor.py:208} INFO - Processing /root/airflow/dags/weather_dag.py took 0.146 seconds
[2024-12-10T17:46:22.436-0600] {processor.py:186} INFO - Started process (PID=4063) to work on /root/airflow/dags/weather_dag.py
[2024-12-10T17:46:22.439-0600] {processor.py:914} INFO - Processing file /root/airflow/dags/weather_dag.py for tasks to queue
[2024-12-10T17:46:22.440-0600] {logging_mixin.py:190} INFO - [2024-12-10T17:46:22.440-0600] {dagbag.py:588} INFO - Filling up the DagBag from /root/airflow/dags/weather_dag.py
[2024-12-10T17:46:22.455-0600] {processor.py:925} INFO - DAG(s) 'weather_etl' retrieved from /root/airflow/dags/weather_dag.py
[2024-12-10T17:46:22.471-0600] {logging_mixin.py:190} INFO - [2024-12-10T17:46:22.470-0600] {dag.py:3239} INFO - Sync 1 DAGs
[2024-12-10T17:46:22.491-0600] {logging_mixin.py:190} INFO - [2024-12-10T17:46:22.491-0600] {dag.py:4180} INFO - Setting next_dagrun for weather_etl to 2024-12-10 00:00:00+00:00, run_after=2024-12-11 00:00:00+00:00
[2024-12-10T17:46:22.515-0600] {processor.py:208} INFO - Processing /root/airflow/dags/weather_dag.py took 0.084 seconds
[2024-12-10T17:46:52.769-0600] {processor.py:186} INFO - Started process (PID=4094) to work on /root/airflow/dags/weather_dag.py
[2024-12-10T17:46:52.770-0600] {processor.py:914} INFO - Processing file /root/airflow/dags/weather_dag.py for tasks to queue
[2024-12-10T17:46:52.771-0600] {logging_mixin.py:190} INFO - [2024-12-10T17:46:52.771-0600] {dagbag.py:588} INFO - Filling up the DagBag from /root/airflow/dags/weather_dag.py
[2024-12-10T17:46:52.782-0600] {processor.py:925} INFO - DAG(s) 'weather_etl' retrieved from /root/airflow/dags/weather_dag.py
[2024-12-10T17:46:52.793-0600] {logging_mixin.py:190} INFO - [2024-12-10T17:46:52.793-0600] {dag.py:3239} INFO - Sync 1 DAGs
[2024-12-10T17:46:52.806-0600] {logging_mixin.py:190} INFO - [2024-12-10T17:46:52.806-0600] {dag.py:4180} INFO - Setting next_dagrun for weather_etl to 2024-12-10 00:00:00+00:00, run_after=2024-12-11 00:00:00+00:00
[2024-12-10T17:46:52.822-0600] {processor.py:208} INFO - Processing /root/airflow/dags/weather_dag.py took 0.057 seconds
[2024-12-10T17:47:23.600-0600] {processor.py:186} INFO - Started process (PID=4126) to work on /root/airflow/dags/weather_dag.py
[2024-12-10T17:47:23.603-0600] {processor.py:914} INFO - Processing file /root/airflow/dags/weather_dag.py for tasks to queue
[2024-12-10T17:47:23.604-0600] {logging_mixin.py:190} INFO - [2024-12-10T17:47:23.604-0600] {dagbag.py:588} INFO - Filling up the DagBag from /root/airflow/dags/weather_dag.py
[2024-12-10T17:47:23.615-0600] {processor.py:925} INFO - DAG(s) 'weather_etl' retrieved from /root/airflow/dags/weather_dag.py
[2024-12-10T17:47:23.626-0600] {logging_mixin.py:190} INFO - [2024-12-10T17:47:23.625-0600] {dag.py:3239} INFO - Sync 1 DAGs
[2024-12-10T17:47:23.639-0600] {logging_mixin.py:190} INFO - [2024-12-10T17:47:23.639-0600] {dag.py:4180} INFO - Setting next_dagrun for weather_etl to 2024-12-10 00:00:00+00:00, run_after=2024-12-11 00:00:00+00:00
[2024-12-10T17:47:23.655-0600] {processor.py:208} INFO - Processing /root/airflow/dags/weather_dag.py took 0.059 seconds
[2024-12-10T17:48:20.164-0600] {processor.py:186} INFO - Started process (PID=4186) to work on /root/airflow/dags/weather_dag.py
[2024-12-10T17:48:20.166-0600] {processor.py:914} INFO - Processing file /root/airflow/dags/weather_dag.py for tasks to queue
[2024-12-10T17:48:20.167-0600] {logging_mixin.py:190} INFO - [2024-12-10T17:48:20.167-0600] {dagbag.py:588} INFO - Filling up the DagBag from /root/airflow/dags/weather_dag.py
[2024-12-10T17:48:20.178-0600] {processor.py:925} INFO - DAG(s) 'weather_etl' retrieved from /root/airflow/dags/weather_dag.py
[2024-12-10T17:48:20.189-0600] {logging_mixin.py:190} INFO - [2024-12-10T17:48:20.188-0600] {dag.py:3239} INFO - Sync 1 DAGs
[2024-12-10T17:48:20.202-0600] {logging_mixin.py:190} INFO - [2024-12-10T17:48:20.202-0600] {dag.py:4180} INFO - Setting next_dagrun for weather_etl to 2024-12-10 00:00:00+00:00, run_after=2024-12-11 00:00:00+00:00
[2024-12-10T17:48:20.218-0600] {processor.py:208} INFO - Processing /root/airflow/dags/weather_dag.py took 0.057 seconds
[2024-12-10T17:49:14.786-0600] {processor.py:186} INFO - Started process (PID=4244) to work on /root/airflow/dags/weather_dag.py
[2024-12-10T17:49:14.789-0600] {processor.py:914} INFO - Processing file /root/airflow/dags/weather_dag.py for tasks to queue
[2024-12-10T17:49:14.790-0600] {logging_mixin.py:190} INFO - [2024-12-10T17:49:14.790-0600] {dagbag.py:588} INFO - Filling up the DagBag from /root/airflow/dags/weather_dag.py
[2024-12-10T17:49:14.801-0600] {processor.py:925} INFO - DAG(s) 'weather_etl' retrieved from /root/airflow/dags/weather_dag.py
[2024-12-10T17:49:14.902-0600] {logging_mixin.py:190} INFO - [2024-12-10T17:49:14.902-0600] {dag.py:3239} INFO - Sync 1 DAGs
[2024-12-10T17:49:14.913-0600] {logging_mixin.py:190} INFO - [2024-12-10T17:49:14.913-0600] {dag.py:4180} INFO - Setting next_dagrun for weather_etl to 2024-12-10 00:00:00+00:00, run_after=2024-12-11 00:00:00+00:00
[2024-12-10T17:49:14.929-0600] {processor.py:208} INFO - Processing /root/airflow/dags/weather_dag.py took 0.147 seconds
[2024-12-10T17:50:10.491-0600] {processor.py:186} INFO - Started process (PID=4303) to work on /root/airflow/dags/weather_dag.py
[2024-12-10T17:50:10.494-0600] {processor.py:914} INFO - Processing file /root/airflow/dags/weather_dag.py for tasks to queue
[2024-12-10T17:50:10.495-0600] {logging_mixin.py:190} INFO - [2024-12-10T17:50:10.495-0600] {dagbag.py:588} INFO - Filling up the DagBag from /root/airflow/dags/weather_dag.py
[2024-12-10T17:50:10.506-0600] {processor.py:925} INFO - DAG(s) 'weather_etl' retrieved from /root/airflow/dags/weather_dag.py
[2024-12-10T17:50:10.517-0600] {logging_mixin.py:190} INFO - [2024-12-10T17:50:10.516-0600] {dag.py:3239} INFO - Sync 1 DAGs
[2024-12-10T17:50:10.530-0600] {logging_mixin.py:190} INFO - [2024-12-10T17:50:10.530-0600] {dag.py:4180} INFO - Setting next_dagrun for weather_etl to 2024-12-10 00:00:00+00:00, run_after=2024-12-11 00:00:00+00:00
[2024-12-10T17:50:10.547-0600] {processor.py:208} INFO - Processing /root/airflow/dags/weather_dag.py took 0.059 seconds
[2024-12-10T17:50:34.489-0600] {processor.py:186} INFO - Started process (PID=4335) to work on /root/airflow/dags/weather_dag.py
[2024-12-10T17:50:34.492-0600] {processor.py:914} INFO - Processing file /root/airflow/dags/weather_dag.py for tasks to queue
[2024-12-10T17:50:34.494-0600] {logging_mixin.py:190} INFO - [2024-12-10T17:50:34.493-0600] {dagbag.py:588} INFO - Filling up the DagBag from /root/airflow/dags/weather_dag.py
[2024-12-10T17:50:34.502-0600] {logging_mixin.py:190} INFO - [2024-12-10T17:50:34.501-0600] {dagbag.py:387} ERROR - Failed to import: /root/airflow/dags/weather_dag.py
Traceback (most recent call last):
  File "/root/airflow_env/lib/python3.12/site-packages/airflow/models/dagbag.py", line 383, in parse
    loader.exec_module(new_module)
  File "<frozen importlib._bootstrap_external>", line 995, in exec_module
  File "<frozen importlib._bootstrap>", line 488, in _call_with_frames_removed
  File "/root/airflow/dags/weather_dag.py", line 16, in <module>
    from src.visualize import create_weather_visualizations
  File "/root/airflow/src/visualize.py", line 3, in <module>
    import matplotlib.pyplot as plt
ModuleNotFoundError: No module named 'matplotlib'
[2024-12-10T17:50:34.503-0600] {processor.py:927} WARNING - No viable dags retrieved from /root/airflow/dags/weather_dag.py
[2024-12-10T17:50:34.519-0600] {processor.py:208} INFO - Processing /root/airflow/dags/weather_dag.py took 0.033 seconds
[2024-12-10T17:51:59.396-0600] {processor.py:186} INFO - Started process (PID=4381) to work on /root/airflow/dags/weather_dag.py
[2024-12-10T17:51:59.398-0600] {processor.py:914} INFO - Processing file /root/airflow/dags/weather_dag.py for tasks to queue
[2024-12-10T17:51:59.399-0600] {logging_mixin.py:190} INFO - [2024-12-10T17:51:59.399-0600] {dagbag.py:588} INFO - Filling up the DagBag from /root/airflow/dags/weather_dag.py
[2024-12-10T17:51:59.407-0600] {logging_mixin.py:190} INFO - [2024-12-10T17:51:59.406-0600] {dagbag.py:387} ERROR - Failed to import: /root/airflow/dags/weather_dag.py
Traceback (most recent call last):
  File "/root/airflow_env/lib/python3.12/site-packages/airflow/models/dagbag.py", line 383, in parse
    loader.exec_module(new_module)
  File "<frozen importlib._bootstrap_external>", line 995, in exec_module
  File "<frozen importlib._bootstrap>", line 488, in _call_with_frames_removed
  File "/root/airflow/dags/weather_dag.py", line 16, in <module>
    from src.visualize import create_weather_visualizations
  File "/root/airflow/src/visualize.py", line 3, in <module>
    import matplotlib.pyplot as plt
ModuleNotFoundError: No module named 'matplotlib'
[2024-12-10T17:51:59.408-0600] {processor.py:927} WARNING - No viable dags retrieved from /root/airflow/dags/weather_dag.py
[2024-12-10T17:51:59.423-0600] {processor.py:208} INFO - Processing /root/airflow/dags/weather_dag.py took 0.031 seconds
[2024-12-10T17:52:55.341-0600] {processor.py:186} INFO - Started process (PID=4472) to work on /root/airflow/dags/weather_dag.py
[2024-12-10T17:52:55.344-0600] {processor.py:914} INFO - Processing file /root/airflow/dags/weather_dag.py for tasks to queue
[2024-12-10T17:52:55.346-0600] {logging_mixin.py:190} INFO - [2024-12-10T17:52:55.346-0600] {dagbag.py:588} INFO - Filling up the DagBag from /root/airflow/dags/weather_dag.py
[2024-12-10T17:52:55.613-0600] {logging_mixin.py:190} INFO - [2024-12-10T17:52:55.613-0600] {font_manager.py:1584} INFO - generated new fontManager
[2024-12-10T17:52:55.745-0600] {logging_mixin.py:190} INFO - [2024-12-10T17:52:55.743-0600] {dagbag.py:387} ERROR - Failed to import: /root/airflow/dags/weather_dag.py
Traceback (most recent call last):
  File "/root/airflow_env/lib/python3.12/site-packages/airflow/models/dagbag.py", line 383, in parse
    loader.exec_module(new_module)
  File "<frozen importlib._bootstrap_external>", line 995, in exec_module
  File "<frozen importlib._bootstrap>", line 488, in _call_with_frames_removed
  File "/root/airflow/dags/weather_dag.py", line 16, in <module>
    from src.visualize import create_weather_visualizations
  File "/root/airflow/src/visualize.py", line 4, in <module>
    import seaborn as sns
ModuleNotFoundError: No module named 'seaborn'
[2024-12-10T17:52:55.746-0600] {processor.py:927} WARNING - No viable dags retrieved from /root/airflow/dags/weather_dag.py
[2024-12-10T17:52:55.763-0600] {processor.py:208} INFO - Processing /root/airflow/dags/weather_dag.py took 0.425 seconds
[2024-12-10T17:54:53.309-0600] {processor.py:186} INFO - Started process (PID=4558) to work on /root/airflow/dags/weather_dag.py
[2024-12-10T17:54:53.311-0600] {processor.py:914} INFO - Processing file /root/airflow/dags/weather_dag.py for tasks to queue
[2024-12-10T17:54:53.312-0600] {logging_mixin.py:190} INFO - [2024-12-10T17:54:53.312-0600] {dagbag.py:588} INFO - Filling up the DagBag from /root/airflow/dags/weather_dag.py
[2024-12-10T17:54:53.577-0600] {processor.py:925} INFO - DAG(s) 'weather_etl' retrieved from /root/airflow/dags/weather_dag.py
[2024-12-10T17:54:53.643-0600] {logging_mixin.py:190} INFO - [2024-12-10T17:54:53.642-0600] {dag.py:3239} INFO - Sync 1 DAGs
[2024-12-10T17:54:53.757-0600] {logging_mixin.py:190} INFO - [2024-12-10T17:54:53.757-0600] {dag.py:4180} INFO - Setting next_dagrun for weather_etl to 2024-12-10 00:00:00+00:00, run_after=2024-12-11 00:00:00+00:00
[2024-12-10T17:54:53.780-0600] {processor.py:208} INFO - Processing /root/airflow/dags/weather_dag.py took 0.477 seconds
[2024-12-10T17:55:53.274-0600] {processor.py:186} INFO - Started process (PID=4657) to work on /root/airflow/dags/weather_dag.py
[2024-12-10T17:55:53.277-0600] {processor.py:914} INFO - Processing file /root/airflow/dags/weather_dag.py for tasks to queue
[2024-12-10T17:55:53.278-0600] {logging_mixin.py:190} INFO - [2024-12-10T17:55:53.278-0600] {dagbag.py:588} INFO - Filling up the DagBag from /root/airflow/dags/weather_dag.py
[2024-12-10T17:55:53.517-0600] {processor.py:925} INFO - DAG(s) 'weather_etl' retrieved from /root/airflow/dags/weather_dag.py
[2024-12-10T17:55:53.634-0600] {logging_mixin.py:190} INFO - [2024-12-10T17:55:53.634-0600] {dag.py:3239} INFO - Sync 1 DAGs
[2024-12-10T17:55:53.646-0600] {logging_mixin.py:190} INFO - [2024-12-10T17:55:53.646-0600] {dag.py:4180} INFO - Setting next_dagrun for weather_etl to 2024-12-10 00:00:00+00:00, run_after=2024-12-11 00:00:00+00:00
[2024-12-10T17:55:53.663-0600] {processor.py:208} INFO - Processing /root/airflow/dags/weather_dag.py took 0.393 seconds
[2024-12-10T17:56:50.597-0600] {processor.py:186} INFO - Started process (PID=4728) to work on /root/airflow/dags/weather_dag.py
[2024-12-10T17:56:50.600-0600] {processor.py:914} INFO - Processing file /root/airflow/dags/weather_dag.py for tasks to queue
[2024-12-10T17:56:50.601-0600] {logging_mixin.py:190} INFO - [2024-12-10T17:56:50.601-0600] {dagbag.py:588} INFO - Filling up the DagBag from /root/airflow/dags/weather_dag.py
[2024-12-10T17:56:50.951-0600] {processor.py:925} INFO - DAG(s) 'weather_etl' retrieved from /root/airflow/dags/weather_dag.py
[2024-12-10T17:56:50.961-0600] {logging_mixin.py:190} INFO - [2024-12-10T17:56:50.960-0600] {dag.py:3239} INFO - Sync 1 DAGs
[2024-12-10T17:56:50.973-0600] {logging_mixin.py:190} INFO - [2024-12-10T17:56:50.973-0600] {dag.py:4180} INFO - Setting next_dagrun for weather_etl to 2024-12-10 00:00:00+00:00, run_after=2024-12-11 00:00:00+00:00
[2024-12-10T17:56:50.988-0600] {processor.py:208} INFO - Processing /root/airflow/dags/weather_dag.py took 0.394 seconds
[2024-12-10T17:57:43.183-0600] {processor.py:186} INFO - Started process (PID=4800) to work on /root/airflow/dags/weather_dag.py
[2024-12-10T17:57:43.185-0600] {processor.py:914} INFO - Processing file /root/airflow/dags/weather_dag.py for tasks to queue
[2024-12-10T17:57:43.187-0600] {logging_mixin.py:190} INFO - [2024-12-10T17:57:43.186-0600] {dagbag.py:588} INFO - Filling up the DagBag from /root/airflow/dags/weather_dag.py
[2024-12-10T17:57:43.667-0600] {processor.py:925} INFO - DAG(s) 'weather_etl' retrieved from /root/airflow/dags/weather_dag.py
[2024-12-10T17:57:43.677-0600] {logging_mixin.py:190} INFO - [2024-12-10T17:57:43.677-0600] {dag.py:3239} INFO - Sync 1 DAGs
[2024-12-10T17:57:43.694-0600] {logging_mixin.py:190} INFO - [2024-12-10T17:57:43.693-0600] {dag.py:4180} INFO - Setting next_dagrun for weather_etl to 2024-12-10 00:00:00+00:00, run_after=2024-12-11 00:00:00+00:00
[2024-12-10T17:57:43.715-0600] {processor.py:208} INFO - Processing /root/airflow/dags/weather_dag.py took 0.536 seconds
[2024-12-10T17:58:39.005-0600] {processor.py:186} INFO - Started process (PID=4878) to work on /root/airflow/dags/weather_dag.py
[2024-12-10T17:58:39.006-0600] {processor.py:914} INFO - Processing file /root/airflow/dags/weather_dag.py for tasks to queue
[2024-12-10T17:58:39.008-0600] {logging_mixin.py:190} INFO - [2024-12-10T17:58:39.008-0600] {dagbag.py:588} INFO - Filling up the DagBag from /root/airflow/dags/weather_dag.py
[2024-12-10T17:58:39.011-0600] {logging_mixin.py:190} INFO - [2024-12-10T17:58:39.011-0600] {dagbag.py:387} ERROR - Failed to import: /root/airflow/dags/weather_dag.py
Traceback (most recent call last):
  File "/root/airflow_env/lib/python3.12/site-packages/airflow/models/dagbag.py", line 383, in parse
    loader.exec_module(new_module)
  File "<frozen importlib._bootstrap_external>", line 995, in exec_module
  File "<frozen importlib._bootstrap>", line 488, in _call_with_frames_removed
  File "/root/airflow/dags/weather_dag.py", line 14, in <module>
    from src.extract import extract
ModuleNotFoundError: No module named 'src'
[2024-12-10T17:58:39.012-0600] {processor.py:927} WARNING - No viable dags retrieved from /root/airflow/dags/weather_dag.py
[2024-12-10T17:58:39.029-0600] {processor.py:208} INFO - Processing /root/airflow/dags/weather_dag.py took 0.028 seconds
[2024-12-10T17:58:57.690-0600] {processor.py:186} INFO - Started process (PID=4910) to work on /root/airflow/dags/weather_dag.py
[2024-12-10T17:58:57.691-0600] {processor.py:914} INFO - Processing file /root/airflow/dags/weather_dag.py for tasks to queue
[2024-12-10T17:58:57.692-0600] {logging_mixin.py:190} INFO - [2024-12-10T17:58:57.692-0600] {dagbag.py:588} INFO - Filling up the DagBag from /root/airflow/dags/weather_dag.py
[2024-12-10T17:58:57.696-0600] {logging_mixin.py:190} INFO - [2024-12-10T17:58:57.694-0600] {dagbag.py:387} ERROR - Failed to import: /root/airflow/dags/weather_dag.py
Traceback (most recent call last):
  File "/root/airflow_env/lib/python3.12/site-packages/airflow/models/dagbag.py", line 383, in parse
    loader.exec_module(new_module)
  File "<frozen importlib._bootstrap_external>", line 995, in exec_module
  File "<frozen importlib._bootstrap>", line 488, in _call_with_frames_removed
  File "/root/airflow/dags/weather_dag.py", line 14, in <module>
    from src.extract import extract
ModuleNotFoundError: No module named 'src'
[2024-12-10T17:58:57.696-0600] {processor.py:927} WARNING - No viable dags retrieved from /root/airflow/dags/weather_dag.py
[2024-12-10T17:58:57.713-0600] {processor.py:208} INFO - Processing /root/airflow/dags/weather_dag.py took 0.027 seconds
[2024-12-10T17:59:55.078-0600] {processor.py:186} INFO - Started process (PID=4978) to work on /root/airflow/dags/weather_dag.py
[2024-12-10T17:59:55.081-0600] {processor.py:914} INFO - Processing file /root/airflow/dags/weather_dag.py for tasks to queue
[2024-12-10T17:59:55.083-0600] {logging_mixin.py:190} INFO - [2024-12-10T17:59:55.082-0600] {dagbag.py:588} INFO - Filling up the DagBag from /root/airflow/dags/weather_dag.py
[2024-12-10T17:59:55.086-0600] {logging_mixin.py:190} INFO - [2024-12-10T17:59:55.085-0600] {dagbag.py:387} ERROR - Failed to import: /root/airflow/dags/weather_dag.py
Traceback (most recent call last):
  File "/root/airflow_env/lib/python3.12/site-packages/airflow/models/dagbag.py", line 383, in parse
    loader.exec_module(new_module)
  File "<frozen importlib._bootstrap_external>", line 995, in exec_module
  File "<frozen importlib._bootstrap>", line 488, in _call_with_frames_removed
  File "/root/airflow/dags/weather_dag.py", line 14, in <module>
    from src.extract import extract
ModuleNotFoundError: No module named 'src'
[2024-12-10T17:59:55.087-0600] {processor.py:927} WARNING - No viable dags retrieved from /root/airflow/dags/weather_dag.py
[2024-12-10T17:59:55.105-0600] {processor.py:208} INFO - Processing /root/airflow/dags/weather_dag.py took 0.030 seconds
