[2024-12-10T18:01:10.639-0600] {processor.py:186} INFO - Started process (PID=5077) to work on /root/airflow_env/lib/python3.12/site-packages/airflow/example_dags/plugins/event_listener.py
[2024-12-10T18:01:10.639-0600] {processor.py:914} INFO - Processing file /root/airflow_env/lib/python3.12/site-packages/airflow/example_dags/plugins/event_listener.py for tasks to queue
[2024-12-10T18:01:10.640-0600] {logging_mixin.py:190} INFO - [2024-12-10T18:01:10.640-0600] {dagbag.py:588} INFO - Filling up the DagBag from /root/airflow_env/lib/python3.12/site-packages/airflow/example_dags/plugins/event_listener.py
[2024-12-10T18:01:10.642-0600] {processor.py:927} WARNING - No viable dags retrieved from /root/airflow_env/lib/python3.12/site-packages/airflow/example_dags/plugins/event_listener.py
[2024-12-10T18:01:10.650-0600] {processor.py:208} INFO - Processing /root/airflow_env/lib/python3.12/site-packages/airflow/example_dags/plugins/event_listener.py took 0.015 seconds
[2024-12-10T18:03:06.677-0600] {processor.py:186} INFO - Started process (PID=5252) to work on /root/airflow_env/lib/python3.12/site-packages/airflow/example_dags/plugins/event_listener.py
[2024-12-10T18:03:06.679-0600] {processor.py:914} INFO - Processing file /root/airflow_env/lib/python3.12/site-packages/airflow/example_dags/plugins/event_listener.py for tasks to queue
[2024-12-10T18:03:06.681-0600] {logging_mixin.py:190} INFO - [2024-12-10T18:03:06.680-0600] {dagbag.py:588} INFO - Filling up the DagBag from /root/airflow_env/lib/python3.12/site-packages/airflow/example_dags/plugins/event_listener.py
[2024-12-10T18:03:06.682-0600] {processor.py:927} WARNING - No viable dags retrieved from /root/airflow_env/lib/python3.12/site-packages/airflow/example_dags/plugins/event_listener.py
[2024-12-10T18:03:06.690-0600] {processor.py:208} INFO - Processing /root/airflow_env/lib/python3.12/site-packages/airflow/example_dags/plugins/event_listener.py took 0.017 seconds
[2024-12-10T18:04:02.796-0600] {processor.py:186} INFO - Started process (PID=5325) to work on /root/airflow_env/lib/python3.12/site-packages/airflow/example_dags/plugins/event_listener.py
[2024-12-10T18:04:02.799-0600] {processor.py:914} INFO - Processing file /root/airflow_env/lib/python3.12/site-packages/airflow/example_dags/plugins/event_listener.py for tasks to queue
[2024-12-10T18:04:02.801-0600] {logging_mixin.py:190} INFO - [2024-12-10T18:04:02.800-0600] {dagbag.py:588} INFO - Filling up the DagBag from /root/airflow_env/lib/python3.12/site-packages/airflow/example_dags/plugins/event_listener.py
[2024-12-10T18:04:02.806-0600] {processor.py:927} WARNING - No viable dags retrieved from /root/airflow_env/lib/python3.12/site-packages/airflow/example_dags/plugins/event_listener.py
[2024-12-10T18:04:02.817-0600] {processor.py:208} INFO - Processing /root/airflow_env/lib/python3.12/site-packages/airflow/example_dags/plugins/event_listener.py took 0.025 seconds
[2024-12-10T18:05:27.350-0600] {processor.py:186} INFO - Started process (PID=5437) to work on /root/airflow_env/lib/python3.12/site-packages/airflow/example_dags/plugins/event_listener.py
[2024-12-10T18:05:27.351-0600] {processor.py:914} INFO - Processing file /root/airflow_env/lib/python3.12/site-packages/airflow/example_dags/plugins/event_listener.py for tasks to queue
[2024-12-10T18:05:27.353-0600] {logging_mixin.py:190} INFO - [2024-12-10T18:05:27.352-0600] {dagbag.py:588} INFO - Filling up the DagBag from /root/airflow_env/lib/python3.12/site-packages/airflow/example_dags/plugins/event_listener.py
[2024-12-10T18:05:27.355-0600] {processor.py:927} WARNING - No viable dags retrieved from /root/airflow_env/lib/python3.12/site-packages/airflow/example_dags/plugins/event_listener.py
[2024-12-10T18:05:27.363-0600] {processor.py:208} INFO - Processing /root/airflow_env/lib/python3.12/site-packages/airflow/example_dags/plugins/event_listener.py took 0.017 seconds
[2024-12-10T18:06:23.102-0600] {processor.py:186} INFO - Started process (PID=5590) to work on /root/airflow_env/lib/python3.12/site-packages/airflow/example_dags/plugins/event_listener.py
[2024-12-10T18:06:23.103-0600] {processor.py:914} INFO - Processing file /root/airflow_env/lib/python3.12/site-packages/airflow/example_dags/plugins/event_listener.py for tasks to queue
[2024-12-10T18:06:23.106-0600] {logging_mixin.py:190} INFO - [2024-12-10T18:06:23.105-0600] {dagbag.py:588} INFO - Filling up the DagBag from /root/airflow_env/lib/python3.12/site-packages/airflow/example_dags/plugins/event_listener.py
[2024-12-10T18:06:23.108-0600] {processor.py:927} WARNING - No viable dags retrieved from /root/airflow_env/lib/python3.12/site-packages/airflow/example_dags/plugins/event_listener.py
[2024-12-10T18:06:23.116-0600] {processor.py:208} INFO - Processing /root/airflow_env/lib/python3.12/site-packages/airflow/example_dags/plugins/event_listener.py took 0.018 seconds
[2024-12-10T18:07:53.298-0600] {processor.py:186} INFO - Started process (PID=5732) to work on /root/airflow_env/lib/python3.12/site-packages/airflow/example_dags/plugins/event_listener.py
[2024-12-10T18:07:53.301-0600] {processor.py:914} INFO - Processing file /root/airflow_env/lib/python3.12/site-packages/airflow/example_dags/plugins/event_listener.py for tasks to queue
[2024-12-10T18:07:53.302-0600] {logging_mixin.py:190} INFO - [2024-12-10T18:07:53.302-0600] {dagbag.py:588} INFO - Filling up the DagBag from /root/airflow_env/lib/python3.12/site-packages/airflow/example_dags/plugins/event_listener.py
[2024-12-10T18:07:53.304-0600] {processor.py:927} WARNING - No viable dags retrieved from /root/airflow_env/lib/python3.12/site-packages/airflow/example_dags/plugins/event_listener.py
[2024-12-10T18:07:53.311-0600] {processor.py:208} INFO - Processing /root/airflow_env/lib/python3.12/site-packages/airflow/example_dags/plugins/event_listener.py took 0.017 seconds
[2024-12-10T18:08:59.630-0600] {processor.py:186} INFO - Started process (PID=5849) to work on /root/airflow_env/lib/python3.12/site-packages/airflow/example_dags/plugins/event_listener.py
[2024-12-10T18:08:59.633-0600] {processor.py:914} INFO - Processing file /root/airflow_env/lib/python3.12/site-packages/airflow/example_dags/plugins/event_listener.py for tasks to queue
[2024-12-10T18:08:59.634-0600] {logging_mixin.py:190} INFO - [2024-12-10T18:08:59.634-0600] {dagbag.py:588} INFO - Filling up the DagBag from /root/airflow_env/lib/python3.12/site-packages/airflow/example_dags/plugins/event_listener.py
[2024-12-10T18:08:59.636-0600] {processor.py:927} WARNING - No viable dags retrieved from /root/airflow_env/lib/python3.12/site-packages/airflow/example_dags/plugins/event_listener.py
[2024-12-10T18:08:59.644-0600] {processor.py:208} INFO - Processing /root/airflow_env/lib/python3.12/site-packages/airflow/example_dags/plugins/event_listener.py took 0.018 seconds
[2024-12-10T18:13:37.105-0600] {processor.py:186} INFO - Started process (PID=6027) to work on /root/airflow_env/lib/python3.12/site-packages/airflow/example_dags/plugins/event_listener.py
[2024-12-10T18:13:37.108-0600] {processor.py:914} INFO - Processing file /root/airflow_env/lib/python3.12/site-packages/airflow/example_dags/plugins/event_listener.py for tasks to queue
[2024-12-10T18:13:37.110-0600] {logging_mixin.py:190} INFO - [2024-12-10T18:13:37.109-0600] {dagbag.py:588} INFO - Filling up the DagBag from /root/airflow_env/lib/python3.12/site-packages/airflow/example_dags/plugins/event_listener.py
[2024-12-10T18:13:37.111-0600] {processor.py:927} WARNING - No viable dags retrieved from /root/airflow_env/lib/python3.12/site-packages/airflow/example_dags/plugins/event_listener.py
[2024-12-10T18:13:37.119-0600] {processor.py:208} INFO - Processing /root/airflow_env/lib/python3.12/site-packages/airflow/example_dags/plugins/event_listener.py took 0.017 seconds
[2024-12-10T18:14:37.298-0600] {processor.py:186} INFO - Started process (PID=6091) to work on /root/airflow_env/lib/python3.12/site-packages/airflow/example_dags/plugins/event_listener.py
[2024-12-10T18:14:37.300-0600] {processor.py:914} INFO - Processing file /root/airflow_env/lib/python3.12/site-packages/airflow/example_dags/plugins/event_listener.py for tasks to queue
[2024-12-10T18:14:37.301-0600] {logging_mixin.py:190} INFO - [2024-12-10T18:14:37.301-0600] {dagbag.py:588} INFO - Filling up the DagBag from /root/airflow_env/lib/python3.12/site-packages/airflow/example_dags/plugins/event_listener.py
[2024-12-10T18:14:37.304-0600] {processor.py:927} WARNING - No viable dags retrieved from /root/airflow_env/lib/python3.12/site-packages/airflow/example_dags/plugins/event_listener.py
[2024-12-10T18:14:37.313-0600] {processor.py:208} INFO - Processing /root/airflow_env/lib/python3.12/site-packages/airflow/example_dags/plugins/event_listener.py took 0.019 seconds
[2024-12-10T18:15:56.423-0600] {processor.py:186} INFO - Started process (PID=6181) to work on /root/airflow_env/lib/python3.12/site-packages/airflow/example_dags/plugins/event_listener.py
[2024-12-10T18:15:56.425-0600] {processor.py:914} INFO - Processing file /root/airflow_env/lib/python3.12/site-packages/airflow/example_dags/plugins/event_listener.py for tasks to queue
[2024-12-10T18:15:56.426-0600] {logging_mixin.py:190} INFO - [2024-12-10T18:15:56.426-0600] {dagbag.py:588} INFO - Filling up the DagBag from /root/airflow_env/lib/python3.12/site-packages/airflow/example_dags/plugins/event_listener.py
[2024-12-10T18:15:56.428-0600] {processor.py:927} WARNING - No viable dags retrieved from /root/airflow_env/lib/python3.12/site-packages/airflow/example_dags/plugins/event_listener.py
[2024-12-10T18:15:56.437-0600] {processor.py:208} INFO - Processing /root/airflow_env/lib/python3.12/site-packages/airflow/example_dags/plugins/event_listener.py took 0.018 seconds
[2024-12-10T18:17:32.435-0600] {processor.py:186} INFO - Started process (PID=6411) to work on /root/airflow_env/lib/python3.12/site-packages/airflow/example_dags/plugins/event_listener.py
[2024-12-10T18:17:32.438-0600] {processor.py:914} INFO - Processing file /root/airflow_env/lib/python3.12/site-packages/airflow/example_dags/plugins/event_listener.py for tasks to queue
[2024-12-10T18:17:32.439-0600] {logging_mixin.py:190} INFO - [2024-12-10T18:17:32.439-0600] {dagbag.py:588} INFO - Filling up the DagBag from /root/airflow_env/lib/python3.12/site-packages/airflow/example_dags/plugins/event_listener.py
[2024-12-10T18:17:32.441-0600] {processor.py:927} WARNING - No viable dags retrieved from /root/airflow_env/lib/python3.12/site-packages/airflow/example_dags/plugins/event_listener.py
[2024-12-10T18:17:32.448-0600] {processor.py:208} INFO - Processing /root/airflow_env/lib/python3.12/site-packages/airflow/example_dags/plugins/event_listener.py took 0.017 seconds
[2024-12-10T18:18:41.446-0600] {processor.py:186} INFO - Started process (PID=6627) to work on /root/airflow_env/lib/python3.12/site-packages/airflow/example_dags/plugins/event_listener.py
[2024-12-10T18:18:41.449-0600] {processor.py:914} INFO - Processing file /root/airflow_env/lib/python3.12/site-packages/airflow/example_dags/plugins/event_listener.py for tasks to queue
[2024-12-10T18:18:41.450-0600] {logging_mixin.py:190} INFO - [2024-12-10T18:18:41.450-0600] {dagbag.py:588} INFO - Filling up the DagBag from /root/airflow_env/lib/python3.12/site-packages/airflow/example_dags/plugins/event_listener.py
[2024-12-10T18:18:41.452-0600] {processor.py:927} WARNING - No viable dags retrieved from /root/airflow_env/lib/python3.12/site-packages/airflow/example_dags/plugins/event_listener.py
[2024-12-10T18:18:41.460-0600] {processor.py:208} INFO - Processing /root/airflow_env/lib/python3.12/site-packages/airflow/example_dags/plugins/event_listener.py took 0.017 seconds
[2024-12-10T18:19:47.095-0600] {processor.py:186} INFO - Started process (PID=6697) to work on /root/airflow_env/lib/python3.12/site-packages/airflow/example_dags/plugins/event_listener.py
[2024-12-10T18:19:47.097-0600] {processor.py:914} INFO - Processing file /root/airflow_env/lib/python3.12/site-packages/airflow/example_dags/plugins/event_listener.py for tasks to queue
[2024-12-10T18:19:47.099-0600] {logging_mixin.py:190} INFO - [2024-12-10T18:19:47.098-0600] {dagbag.py:588} INFO - Filling up the DagBag from /root/airflow_env/lib/python3.12/site-packages/airflow/example_dags/plugins/event_listener.py
[2024-12-10T18:19:47.100-0600] {processor.py:927} WARNING - No viable dags retrieved from /root/airflow_env/lib/python3.12/site-packages/airflow/example_dags/plugins/event_listener.py
[2024-12-10T18:19:47.108-0600] {processor.py:208} INFO - Processing /root/airflow_env/lib/python3.12/site-packages/airflow/example_dags/plugins/event_listener.py took 0.016 seconds
[2024-12-10T18:20:42.482-0600] {processor.py:186} INFO - Started process (PID=6758) to work on /root/airflow_env/lib/python3.12/site-packages/airflow/example_dags/plugins/event_listener.py
[2024-12-10T18:20:42.485-0600] {processor.py:914} INFO - Processing file /root/airflow_env/lib/python3.12/site-packages/airflow/example_dags/plugins/event_listener.py for tasks to queue
[2024-12-10T18:20:42.486-0600] {logging_mixin.py:190} INFO - [2024-12-10T18:20:42.486-0600] {dagbag.py:588} INFO - Filling up the DagBag from /root/airflow_env/lib/python3.12/site-packages/airflow/example_dags/plugins/event_listener.py
[2024-12-10T18:20:42.488-0600] {processor.py:927} WARNING - No viable dags retrieved from /root/airflow_env/lib/python3.12/site-packages/airflow/example_dags/plugins/event_listener.py
[2024-12-10T18:20:42.496-0600] {processor.py:208} INFO - Processing /root/airflow_env/lib/python3.12/site-packages/airflow/example_dags/plugins/event_listener.py took 0.018 seconds
[2024-12-10T18:21:59.277-0600] {processor.py:186} INFO - Started process (PID=6845) to work on /root/airflow_env/lib/python3.12/site-packages/airflow/example_dags/plugins/event_listener.py
[2024-12-10T18:21:59.280-0600] {processor.py:914} INFO - Processing file /root/airflow_env/lib/python3.12/site-packages/airflow/example_dags/plugins/event_listener.py for tasks to queue
[2024-12-10T18:21:59.281-0600] {logging_mixin.py:190} INFO - [2024-12-10T18:21:59.281-0600] {dagbag.py:588} INFO - Filling up the DagBag from /root/airflow_env/lib/python3.12/site-packages/airflow/example_dags/plugins/event_listener.py
[2024-12-10T18:21:59.283-0600] {processor.py:927} WARNING - No viable dags retrieved from /root/airflow_env/lib/python3.12/site-packages/airflow/example_dags/plugins/event_listener.py
[2024-12-10T18:21:59.290-0600] {processor.py:208} INFO - Processing /root/airflow_env/lib/python3.12/site-packages/airflow/example_dags/plugins/event_listener.py took 0.017 seconds
[2024-12-10T18:23:18.613-0600] {processor.py:186} INFO - Started process (PID=6931) to work on /root/airflow_env/lib/python3.12/site-packages/airflow/example_dags/plugins/event_listener.py
[2024-12-10T18:23:18.615-0600] {processor.py:914} INFO - Processing file /root/airflow_env/lib/python3.12/site-packages/airflow/example_dags/plugins/event_listener.py for tasks to queue
[2024-12-10T18:23:18.616-0600] {logging_mixin.py:190} INFO - [2024-12-10T18:23:18.616-0600] {dagbag.py:588} INFO - Filling up the DagBag from /root/airflow_env/lib/python3.12/site-packages/airflow/example_dags/plugins/event_listener.py
[2024-12-10T18:23:18.618-0600] {processor.py:927} WARNING - No viable dags retrieved from /root/airflow_env/lib/python3.12/site-packages/airflow/example_dags/plugins/event_listener.py
[2024-12-10T18:23:18.625-0600] {processor.py:208} INFO - Processing /root/airflow_env/lib/python3.12/site-packages/airflow/example_dags/plugins/event_listener.py took 0.016 seconds
[2024-12-10T18:24:40.935-0600] {processor.py:186} INFO - Started process (PID=7018) to work on /root/airflow_env/lib/python3.12/site-packages/airflow/example_dags/plugins/event_listener.py
[2024-12-10T18:24:40.937-0600] {processor.py:914} INFO - Processing file /root/airflow_env/lib/python3.12/site-packages/airflow/example_dags/plugins/event_listener.py for tasks to queue
[2024-12-10T18:24:40.938-0600] {logging_mixin.py:190} INFO - [2024-12-10T18:24:40.938-0600] {dagbag.py:588} INFO - Filling up the DagBag from /root/airflow_env/lib/python3.12/site-packages/airflow/example_dags/plugins/event_listener.py
[2024-12-10T18:24:40.941-0600] {processor.py:927} WARNING - No viable dags retrieved from /root/airflow_env/lib/python3.12/site-packages/airflow/example_dags/plugins/event_listener.py
[2024-12-10T18:24:40.949-0600] {processor.py:208} INFO - Processing /root/airflow_env/lib/python3.12/site-packages/airflow/example_dags/plugins/event_listener.py took 0.019 seconds
[2024-12-10T18:25:55.425-0600] {processor.py:186} INFO - Started process (PID=7104) to work on /root/airflow_env/lib/python3.12/site-packages/airflow/example_dags/plugins/event_listener.py
[2024-12-10T18:25:55.426-0600] {processor.py:914} INFO - Processing file /root/airflow_env/lib/python3.12/site-packages/airflow/example_dags/plugins/event_listener.py for tasks to queue
[2024-12-10T18:25:55.428-0600] {logging_mixin.py:190} INFO - [2024-12-10T18:25:55.428-0600] {dagbag.py:588} INFO - Filling up the DagBag from /root/airflow_env/lib/python3.12/site-packages/airflow/example_dags/plugins/event_listener.py
[2024-12-10T18:25:55.430-0600] {processor.py:927} WARNING - No viable dags retrieved from /root/airflow_env/lib/python3.12/site-packages/airflow/example_dags/plugins/event_listener.py
[2024-12-10T18:25:55.439-0600] {processor.py:208} INFO - Processing /root/airflow_env/lib/python3.12/site-packages/airflow/example_dags/plugins/event_listener.py took 0.019 seconds
[2024-12-10T18:27:15.169-0600] {processor.py:186} INFO - Started process (PID=7190) to work on /root/airflow_env/lib/python3.12/site-packages/airflow/example_dags/plugins/event_listener.py
[2024-12-10T18:27:15.170-0600] {processor.py:914} INFO - Processing file /root/airflow_env/lib/python3.12/site-packages/airflow/example_dags/plugins/event_listener.py for tasks to queue
[2024-12-10T18:27:15.172-0600] {logging_mixin.py:190} INFO - [2024-12-10T18:27:15.172-0600] {dagbag.py:588} INFO - Filling up the DagBag from /root/airflow_env/lib/python3.12/site-packages/airflow/example_dags/plugins/event_listener.py
[2024-12-10T18:27:15.174-0600] {processor.py:927} WARNING - No viable dags retrieved from /root/airflow_env/lib/python3.12/site-packages/airflow/example_dags/plugins/event_listener.py
[2024-12-10T18:27:15.182-0600] {processor.py:208} INFO - Processing /root/airflow_env/lib/python3.12/site-packages/airflow/example_dags/plugins/event_listener.py took 0.018 seconds
[2024-12-10T18:28:11.420-0600] {processor.py:186} INFO - Started process (PID=7251) to work on /root/airflow_env/lib/python3.12/site-packages/airflow/example_dags/plugins/event_listener.py
[2024-12-10T18:28:11.431-0600] {processor.py:914} INFO - Processing file /root/airflow_env/lib/python3.12/site-packages/airflow/example_dags/plugins/event_listener.py for tasks to queue
[2024-12-10T18:28:11.433-0600] {logging_mixin.py:190} INFO - [2024-12-10T18:28:11.432-0600] {dagbag.py:588} INFO - Filling up the DagBag from /root/airflow_env/lib/python3.12/site-packages/airflow/example_dags/plugins/event_listener.py
[2024-12-10T18:28:11.435-0600] {processor.py:927} WARNING - No viable dags retrieved from /root/airflow_env/lib/python3.12/site-packages/airflow/example_dags/plugins/event_listener.py
[2024-12-10T18:28:11.443-0600] {processor.py:208} INFO - Processing /root/airflow_env/lib/python3.12/site-packages/airflow/example_dags/plugins/event_listener.py took 0.028 seconds
[2024-12-10T18:29:35.438-0600] {processor.py:186} INFO - Started process (PID=7340) to work on /root/airflow_env/lib/python3.12/site-packages/airflow/example_dags/plugins/event_listener.py
[2024-12-10T18:29:35.440-0600] {processor.py:914} INFO - Processing file /root/airflow_env/lib/python3.12/site-packages/airflow/example_dags/plugins/event_listener.py for tasks to queue
[2024-12-10T18:29:35.442-0600] {logging_mixin.py:190} INFO - [2024-12-10T18:29:35.441-0600] {dagbag.py:588} INFO - Filling up the DagBag from /root/airflow_env/lib/python3.12/site-packages/airflow/example_dags/plugins/event_listener.py
[2024-12-10T18:29:35.443-0600] {processor.py:927} WARNING - No viable dags retrieved from /root/airflow_env/lib/python3.12/site-packages/airflow/example_dags/plugins/event_listener.py
[2024-12-10T18:29:35.451-0600] {processor.py:208} INFO - Processing /root/airflow_env/lib/python3.12/site-packages/airflow/example_dags/plugins/event_listener.py took 0.016 seconds
[2024-12-10T18:30:56.758-0600] {processor.py:186} INFO - Started process (PID=7427) to work on /root/airflow_env/lib/python3.12/site-packages/airflow/example_dags/plugins/event_listener.py
[2024-12-10T18:30:56.761-0600] {processor.py:914} INFO - Processing file /root/airflow_env/lib/python3.12/site-packages/airflow/example_dags/plugins/event_listener.py for tasks to queue
[2024-12-10T18:30:56.762-0600] {logging_mixin.py:190} INFO - [2024-12-10T18:30:56.762-0600] {dagbag.py:588} INFO - Filling up the DagBag from /root/airflow_env/lib/python3.12/site-packages/airflow/example_dags/plugins/event_listener.py
[2024-12-10T18:30:56.764-0600] {processor.py:927} WARNING - No viable dags retrieved from /root/airflow_env/lib/python3.12/site-packages/airflow/example_dags/plugins/event_listener.py
[2024-12-10T18:30:56.772-0600] {processor.py:208} INFO - Processing /root/airflow_env/lib/python3.12/site-packages/airflow/example_dags/plugins/event_listener.py took 0.017 seconds
[2024-12-10T18:32:15.643-0600] {processor.py:186} INFO - Started process (PID=7514) to work on /root/airflow_env/lib/python3.12/site-packages/airflow/example_dags/plugins/event_listener.py
[2024-12-10T18:32:15.645-0600] {processor.py:914} INFO - Processing file /root/airflow_env/lib/python3.12/site-packages/airflow/example_dags/plugins/event_listener.py for tasks to queue
[2024-12-10T18:32:15.647-0600] {logging_mixin.py:190} INFO - [2024-12-10T18:32:15.647-0600] {dagbag.py:588} INFO - Filling up the DagBag from /root/airflow_env/lib/python3.12/site-packages/airflow/example_dags/plugins/event_listener.py
[2024-12-10T18:32:15.648-0600] {processor.py:927} WARNING - No viable dags retrieved from /root/airflow_env/lib/python3.12/site-packages/airflow/example_dags/plugins/event_listener.py
[2024-12-10T18:32:15.656-0600] {processor.py:208} INFO - Processing /root/airflow_env/lib/python3.12/site-packages/airflow/example_dags/plugins/event_listener.py took 0.017 seconds
[2024-12-10T18:33:35.883-0600] {processor.py:186} INFO - Started process (PID=7601) to work on /root/airflow_env/lib/python3.12/site-packages/airflow/example_dags/plugins/event_listener.py
[2024-12-10T18:33:35.886-0600] {processor.py:914} INFO - Processing file /root/airflow_env/lib/python3.12/site-packages/airflow/example_dags/plugins/event_listener.py for tasks to queue
[2024-12-10T18:33:35.887-0600] {logging_mixin.py:190} INFO - [2024-12-10T18:33:35.887-0600] {dagbag.py:588} INFO - Filling up the DagBag from /root/airflow_env/lib/python3.12/site-packages/airflow/example_dags/plugins/event_listener.py
[2024-12-10T18:33:35.889-0600] {processor.py:927} WARNING - No viable dags retrieved from /root/airflow_env/lib/python3.12/site-packages/airflow/example_dags/plugins/event_listener.py
[2024-12-10T18:33:35.897-0600] {processor.py:208} INFO - Processing /root/airflow_env/lib/python3.12/site-packages/airflow/example_dags/plugins/event_listener.py took 0.018 seconds
[2024-12-10T18:34:51.780-0600] {processor.py:186} INFO - Started process (PID=7684) to work on /root/airflow_env/lib/python3.12/site-packages/airflow/example_dags/plugins/event_listener.py
[2024-12-10T18:34:51.782-0600] {processor.py:914} INFO - Processing file /root/airflow_env/lib/python3.12/site-packages/airflow/example_dags/plugins/event_listener.py for tasks to queue
[2024-12-10T18:34:51.784-0600] {logging_mixin.py:190} INFO - [2024-12-10T18:34:51.783-0600] {dagbag.py:588} INFO - Filling up the DagBag from /root/airflow_env/lib/python3.12/site-packages/airflow/example_dags/plugins/event_listener.py
[2024-12-10T18:34:51.785-0600] {processor.py:927} WARNING - No viable dags retrieved from /root/airflow_env/lib/python3.12/site-packages/airflow/example_dags/plugins/event_listener.py
[2024-12-10T18:34:51.793-0600] {processor.py:208} INFO - Processing /root/airflow_env/lib/python3.12/site-packages/airflow/example_dags/plugins/event_listener.py took 0.017 seconds
[2024-12-10T18:36:10.514-0600] {processor.py:186} INFO - Started process (PID=7772) to work on /root/airflow_env/lib/python3.12/site-packages/airflow/example_dags/plugins/event_listener.py
[2024-12-10T18:36:10.515-0600] {processor.py:914} INFO - Processing file /root/airflow_env/lib/python3.12/site-packages/airflow/example_dags/plugins/event_listener.py for tasks to queue
[2024-12-10T18:36:10.517-0600] {logging_mixin.py:190} INFO - [2024-12-10T18:36:10.516-0600] {dagbag.py:588} INFO - Filling up the DagBag from /root/airflow_env/lib/python3.12/site-packages/airflow/example_dags/plugins/event_listener.py
[2024-12-10T18:36:10.518-0600] {processor.py:927} WARNING - No viable dags retrieved from /root/airflow_env/lib/python3.12/site-packages/airflow/example_dags/plugins/event_listener.py
[2024-12-10T18:36:10.526-0600] {processor.py:208} INFO - Processing /root/airflow_env/lib/python3.12/site-packages/airflow/example_dags/plugins/event_listener.py took 0.015 seconds
[2024-12-10T18:37:31.176-0600] {processor.py:186} INFO - Started process (PID=7860) to work on /root/airflow_env/lib/python3.12/site-packages/airflow/example_dags/plugins/event_listener.py
[2024-12-10T18:37:31.178-0600] {processor.py:914} INFO - Processing file /root/airflow_env/lib/python3.12/site-packages/airflow/example_dags/plugins/event_listener.py for tasks to queue
[2024-12-10T18:37:31.179-0600] {logging_mixin.py:190} INFO - [2024-12-10T18:37:31.179-0600] {dagbag.py:588} INFO - Filling up the DagBag from /root/airflow_env/lib/python3.12/site-packages/airflow/example_dags/plugins/event_listener.py
[2024-12-10T18:37:31.181-0600] {processor.py:927} WARNING - No viable dags retrieved from /root/airflow_env/lib/python3.12/site-packages/airflow/example_dags/plugins/event_listener.py
[2024-12-10T18:37:31.190-0600] {processor.py:208} INFO - Processing /root/airflow_env/lib/python3.12/site-packages/airflow/example_dags/plugins/event_listener.py took 0.018 seconds
[2024-12-10T18:38:50.187-0600] {processor.py:186} INFO - Started process (PID=7946) to work on /root/airflow_env/lib/python3.12/site-packages/airflow/example_dags/plugins/event_listener.py
[2024-12-10T18:38:50.189-0600] {processor.py:914} INFO - Processing file /root/airflow_env/lib/python3.12/site-packages/airflow/example_dags/plugins/event_listener.py for tasks to queue
[2024-12-10T18:38:50.190-0600] {logging_mixin.py:190} INFO - [2024-12-10T18:38:50.190-0600] {dagbag.py:588} INFO - Filling up the DagBag from /root/airflow_env/lib/python3.12/site-packages/airflow/example_dags/plugins/event_listener.py
[2024-12-10T18:38:50.192-0600] {processor.py:927} WARNING - No viable dags retrieved from /root/airflow_env/lib/python3.12/site-packages/airflow/example_dags/plugins/event_listener.py
[2024-12-10T18:38:50.200-0600] {processor.py:208} INFO - Processing /root/airflow_env/lib/python3.12/site-packages/airflow/example_dags/plugins/event_listener.py took 0.017 seconds
[2024-12-10T18:40:12.266-0600] {processor.py:186} INFO - Started process (PID=8064) to work on /root/airflow_env/lib/python3.12/site-packages/airflow/example_dags/plugins/event_listener.py
[2024-12-10T18:40:12.268-0600] {processor.py:914} INFO - Processing file /root/airflow_env/lib/python3.12/site-packages/airflow/example_dags/plugins/event_listener.py for tasks to queue
[2024-12-10T18:40:12.270-0600] {logging_mixin.py:190} INFO - [2024-12-10T18:40:12.270-0600] {dagbag.py:588} INFO - Filling up the DagBag from /root/airflow_env/lib/python3.12/site-packages/airflow/example_dags/plugins/event_listener.py
[2024-12-10T18:40:12.272-0600] {processor.py:927} WARNING - No viable dags retrieved from /root/airflow_env/lib/python3.12/site-packages/airflow/example_dags/plugins/event_listener.py
[2024-12-10T18:40:12.279-0600] {processor.py:208} INFO - Processing /root/airflow_env/lib/python3.12/site-packages/airflow/example_dags/plugins/event_listener.py took 0.017 seconds
[2024-12-10T18:41:28.240-0600] {processor.py:186} INFO - Started process (PID=8567) to work on /root/airflow_env/lib/python3.12/site-packages/airflow/example_dags/plugins/event_listener.py
[2024-12-10T18:41:28.242-0600] {processor.py:914} INFO - Processing file /root/airflow_env/lib/python3.12/site-packages/airflow/example_dags/plugins/event_listener.py for tasks to queue
[2024-12-10T18:41:28.244-0600] {logging_mixin.py:190} INFO - [2024-12-10T18:41:28.243-0600] {dagbag.py:588} INFO - Filling up the DagBag from /root/airflow_env/lib/python3.12/site-packages/airflow/example_dags/plugins/event_listener.py
[2024-12-10T18:41:28.246-0600] {processor.py:927} WARNING - No viable dags retrieved from /root/airflow_env/lib/python3.12/site-packages/airflow/example_dags/plugins/event_listener.py
[2024-12-10T18:41:28.254-0600] {processor.py:208} INFO - Processing /root/airflow_env/lib/python3.12/site-packages/airflow/example_dags/plugins/event_listener.py took 0.019 seconds
[2024-12-10T18:42:45.355-0600] {processor.py:186} INFO - Started process (PID=8653) to work on /root/airflow_env/lib/python3.12/site-packages/airflow/example_dags/plugins/event_listener.py
[2024-12-10T18:42:45.357-0600] {processor.py:914} INFO - Processing file /root/airflow_env/lib/python3.12/site-packages/airflow/example_dags/plugins/event_listener.py for tasks to queue
[2024-12-10T18:42:45.359-0600] {logging_mixin.py:190} INFO - [2024-12-10T18:42:45.359-0600] {dagbag.py:588} INFO - Filling up the DagBag from /root/airflow_env/lib/python3.12/site-packages/airflow/example_dags/plugins/event_listener.py
[2024-12-10T18:42:45.361-0600] {processor.py:927} WARNING - No viable dags retrieved from /root/airflow_env/lib/python3.12/site-packages/airflow/example_dags/plugins/event_listener.py
[2024-12-10T18:42:45.369-0600] {processor.py:208} INFO - Processing /root/airflow_env/lib/python3.12/site-packages/airflow/example_dags/plugins/event_listener.py took 0.018 seconds
[2024-12-10T18:44:07.891-0600] {processor.py:186} INFO - Started process (PID=8741) to work on /root/airflow_env/lib/python3.12/site-packages/airflow/example_dags/plugins/event_listener.py
[2024-12-10T18:44:07.893-0600] {processor.py:914} INFO - Processing file /root/airflow_env/lib/python3.12/site-packages/airflow/example_dags/plugins/event_listener.py for tasks to queue
[2024-12-10T18:44:07.895-0600] {logging_mixin.py:190} INFO - [2024-12-10T18:44:07.895-0600] {dagbag.py:588} INFO - Filling up the DagBag from /root/airflow_env/lib/python3.12/site-packages/airflow/example_dags/plugins/event_listener.py
[2024-12-10T18:44:07.896-0600] {processor.py:927} WARNING - No viable dags retrieved from /root/airflow_env/lib/python3.12/site-packages/airflow/example_dags/plugins/event_listener.py
[2024-12-10T18:44:07.904-0600] {processor.py:208} INFO - Processing /root/airflow_env/lib/python3.12/site-packages/airflow/example_dags/plugins/event_listener.py took 0.017 seconds
[2024-12-10T18:45:23.230-0600] {processor.py:186} INFO - Started process (PID=8832) to work on /root/airflow_env/lib/python3.12/site-packages/airflow/example_dags/plugins/event_listener.py
[2024-12-10T18:45:23.232-0600] {processor.py:914} INFO - Processing file /root/airflow_env/lib/python3.12/site-packages/airflow/example_dags/plugins/event_listener.py for tasks to queue
[2024-12-10T18:45:23.234-0600] {logging_mixin.py:190} INFO - [2024-12-10T18:45:23.233-0600] {dagbag.py:588} INFO - Filling up the DagBag from /root/airflow_env/lib/python3.12/site-packages/airflow/example_dags/plugins/event_listener.py
[2024-12-10T18:45:23.235-0600] {processor.py:927} WARNING - No viable dags retrieved from /root/airflow_env/lib/python3.12/site-packages/airflow/example_dags/plugins/event_listener.py
[2024-12-10T18:45:23.243-0600] {processor.py:208} INFO - Processing /root/airflow_env/lib/python3.12/site-packages/airflow/example_dags/plugins/event_listener.py took 0.017 seconds
[2024-12-10T18:46:19.849-0600] {processor.py:186} INFO - Started process (PID=8895) to work on /root/airflow_env/lib/python3.12/site-packages/airflow/example_dags/plugins/event_listener.py
[2024-12-10T18:46:19.852-0600] {processor.py:914} INFO - Processing file /root/airflow_env/lib/python3.12/site-packages/airflow/example_dags/plugins/event_listener.py for tasks to queue
[2024-12-10T18:46:19.853-0600] {logging_mixin.py:190} INFO - [2024-12-10T18:46:19.853-0600] {dagbag.py:588} INFO - Filling up the DagBag from /root/airflow_env/lib/python3.12/site-packages/airflow/example_dags/plugins/event_listener.py
[2024-12-10T18:46:19.855-0600] {processor.py:927} WARNING - No viable dags retrieved from /root/airflow_env/lib/python3.12/site-packages/airflow/example_dags/plugins/event_listener.py
[2024-12-10T18:46:19.863-0600] {processor.py:208} INFO - Processing /root/airflow_env/lib/python3.12/site-packages/airflow/example_dags/plugins/event_listener.py took 0.018 seconds
[2024-12-10T18:47:39.188-0600] {processor.py:186} INFO - Started process (PID=8983) to work on /root/airflow_env/lib/python3.12/site-packages/airflow/example_dags/plugins/event_listener.py
[2024-12-10T18:47:39.190-0600] {processor.py:914} INFO - Processing file /root/airflow_env/lib/python3.12/site-packages/airflow/example_dags/plugins/event_listener.py for tasks to queue
[2024-12-10T18:47:39.192-0600] {logging_mixin.py:190} INFO - [2024-12-10T18:47:39.192-0600] {dagbag.py:588} INFO - Filling up the DagBag from /root/airflow_env/lib/python3.12/site-packages/airflow/example_dags/plugins/event_listener.py
[2024-12-10T18:47:39.194-0600] {processor.py:927} WARNING - No viable dags retrieved from /root/airflow_env/lib/python3.12/site-packages/airflow/example_dags/plugins/event_listener.py
[2024-12-10T18:47:39.202-0600] {processor.py:208} INFO - Processing /root/airflow_env/lib/python3.12/site-packages/airflow/example_dags/plugins/event_listener.py took 0.018 seconds
[2024-12-10T18:48:57.895-0600] {processor.py:186} INFO - Started process (PID=9069) to work on /root/airflow_env/lib/python3.12/site-packages/airflow/example_dags/plugins/event_listener.py
[2024-12-10T18:48:57.897-0600] {processor.py:914} INFO - Processing file /root/airflow_env/lib/python3.12/site-packages/airflow/example_dags/plugins/event_listener.py for tasks to queue
[2024-12-10T18:48:57.898-0600] {logging_mixin.py:190} INFO - [2024-12-10T18:48:57.898-0600] {dagbag.py:588} INFO - Filling up the DagBag from /root/airflow_env/lib/python3.12/site-packages/airflow/example_dags/plugins/event_listener.py
[2024-12-10T18:48:57.900-0600] {processor.py:927} WARNING - No viable dags retrieved from /root/airflow_env/lib/python3.12/site-packages/airflow/example_dags/plugins/event_listener.py
[2024-12-10T18:48:57.907-0600] {processor.py:208} INFO - Processing /root/airflow_env/lib/python3.12/site-packages/airflow/example_dags/plugins/event_listener.py took 0.016 seconds
[2024-12-10T18:50:17.972-0600] {processor.py:186} INFO - Started process (PID=9156) to work on /root/airflow_env/lib/python3.12/site-packages/airflow/example_dags/plugins/event_listener.py
[2024-12-10T18:50:17.974-0600] {processor.py:914} INFO - Processing file /root/airflow_env/lib/python3.12/site-packages/airflow/example_dags/plugins/event_listener.py for tasks to queue
[2024-12-10T18:50:17.976-0600] {logging_mixin.py:190} INFO - [2024-12-10T18:50:17.975-0600] {dagbag.py:588} INFO - Filling up the DagBag from /root/airflow_env/lib/python3.12/site-packages/airflow/example_dags/plugins/event_listener.py
[2024-12-10T18:50:17.978-0600] {processor.py:927} WARNING - No viable dags retrieved from /root/airflow_env/lib/python3.12/site-packages/airflow/example_dags/plugins/event_listener.py
[2024-12-10T18:50:17.988-0600] {processor.py:208} INFO - Processing /root/airflow_env/lib/python3.12/site-packages/airflow/example_dags/plugins/event_listener.py took 0.021 seconds
[2024-12-10T18:51:38.282-0600] {processor.py:186} INFO - Started process (PID=9243) to work on /root/airflow_env/lib/python3.12/site-packages/airflow/example_dags/plugins/event_listener.py
[2024-12-10T18:51:38.284-0600] {processor.py:914} INFO - Processing file /root/airflow_env/lib/python3.12/site-packages/airflow/example_dags/plugins/event_listener.py for tasks to queue
[2024-12-10T18:51:38.285-0600] {logging_mixin.py:190} INFO - [2024-12-10T18:51:38.285-0600] {dagbag.py:588} INFO - Filling up the DagBag from /root/airflow_env/lib/python3.12/site-packages/airflow/example_dags/plugins/event_listener.py
[2024-12-10T18:51:38.287-0600] {processor.py:927} WARNING - No viable dags retrieved from /root/airflow_env/lib/python3.12/site-packages/airflow/example_dags/plugins/event_listener.py
[2024-12-10T18:51:38.295-0600] {processor.py:208} INFO - Processing /root/airflow_env/lib/python3.12/site-packages/airflow/example_dags/plugins/event_listener.py took 0.017 seconds
[2024-12-10T18:52:36.677-0600] {processor.py:186} INFO - Started process (PID=9305) to work on /root/airflow_env/lib/python3.12/site-packages/airflow/example_dags/plugins/event_listener.py
[2024-12-10T18:52:36.680-0600] {processor.py:914} INFO - Processing file /root/airflow_env/lib/python3.12/site-packages/airflow/example_dags/plugins/event_listener.py for tasks to queue
[2024-12-10T18:52:36.681-0600] {logging_mixin.py:190} INFO - [2024-12-10T18:52:36.681-0600] {dagbag.py:588} INFO - Filling up the DagBag from /root/airflow_env/lib/python3.12/site-packages/airflow/example_dags/plugins/event_listener.py
[2024-12-10T18:52:36.683-0600] {processor.py:927} WARNING - No viable dags retrieved from /root/airflow_env/lib/python3.12/site-packages/airflow/example_dags/plugins/event_listener.py
[2024-12-10T18:52:36.690-0600] {processor.py:208} INFO - Processing /root/airflow_env/lib/python3.12/site-packages/airflow/example_dags/plugins/event_listener.py took 0.017 seconds
[2024-12-10T18:53:57.520-0600] {processor.py:186} INFO - Started process (PID=9392) to work on /root/airflow_env/lib/python3.12/site-packages/airflow/example_dags/plugins/event_listener.py
[2024-12-10T18:53:57.522-0600] {processor.py:914} INFO - Processing file /root/airflow_env/lib/python3.12/site-packages/airflow/example_dags/plugins/event_listener.py for tasks to queue
[2024-12-10T18:53:57.524-0600] {logging_mixin.py:190} INFO - [2024-12-10T18:53:57.523-0600] {dagbag.py:588} INFO - Filling up the DagBag from /root/airflow_env/lib/python3.12/site-packages/airflow/example_dags/plugins/event_listener.py
[2024-12-10T18:53:57.525-0600] {processor.py:927} WARNING - No viable dags retrieved from /root/airflow_env/lib/python3.12/site-packages/airflow/example_dags/plugins/event_listener.py
[2024-12-10T18:53:57.533-0600] {processor.py:208} INFO - Processing /root/airflow_env/lib/python3.12/site-packages/airflow/example_dags/plugins/event_listener.py took 0.017 seconds
[2024-12-10T18:55:14.580-0600] {processor.py:186} INFO - Started process (PID=9478) to work on /root/airflow_env/lib/python3.12/site-packages/airflow/example_dags/plugins/event_listener.py
[2024-12-10T18:55:14.582-0600] {processor.py:914} INFO - Processing file /root/airflow_env/lib/python3.12/site-packages/airflow/example_dags/plugins/event_listener.py for tasks to queue
[2024-12-10T18:55:14.584-0600] {logging_mixin.py:190} INFO - [2024-12-10T18:55:14.584-0600] {dagbag.py:588} INFO - Filling up the DagBag from /root/airflow_env/lib/python3.12/site-packages/airflow/example_dags/plugins/event_listener.py
[2024-12-10T18:55:14.585-0600] {processor.py:927} WARNING - No viable dags retrieved from /root/airflow_env/lib/python3.12/site-packages/airflow/example_dags/plugins/event_listener.py
[2024-12-10T18:55:14.593-0600] {processor.py:208} INFO - Processing /root/airflow_env/lib/python3.12/site-packages/airflow/example_dags/plugins/event_listener.py took 0.016 seconds
[2024-12-10T18:56:31.780-0600] {processor.py:186} INFO - Started process (PID=9561) to work on /root/airflow_env/lib/python3.12/site-packages/airflow/example_dags/plugins/event_listener.py
[2024-12-10T18:56:31.782-0600] {processor.py:914} INFO - Processing file /root/airflow_env/lib/python3.12/site-packages/airflow/example_dags/plugins/event_listener.py for tasks to queue
[2024-12-10T18:56:31.783-0600] {logging_mixin.py:190} INFO - [2024-12-10T18:56:31.783-0600] {dagbag.py:588} INFO - Filling up the DagBag from /root/airflow_env/lib/python3.12/site-packages/airflow/example_dags/plugins/event_listener.py
[2024-12-10T18:56:31.785-0600] {processor.py:927} WARNING - No viable dags retrieved from /root/airflow_env/lib/python3.12/site-packages/airflow/example_dags/plugins/event_listener.py
[2024-12-10T18:56:31.793-0600] {processor.py:208} INFO - Processing /root/airflow_env/lib/python3.12/site-packages/airflow/example_dags/plugins/event_listener.py took 0.017 seconds
[2024-12-10T18:57:28.679-0600] {processor.py:186} INFO - Started process (PID=9622) to work on /root/airflow_env/lib/python3.12/site-packages/airflow/example_dags/plugins/event_listener.py
[2024-12-10T18:57:28.681-0600] {processor.py:914} INFO - Processing file /root/airflow_env/lib/python3.12/site-packages/airflow/example_dags/plugins/event_listener.py for tasks to queue
[2024-12-10T18:57:28.683-0600] {logging_mixin.py:190} INFO - [2024-12-10T18:57:28.682-0600] {dagbag.py:588} INFO - Filling up the DagBag from /root/airflow_env/lib/python3.12/site-packages/airflow/example_dags/plugins/event_listener.py
[2024-12-10T18:57:28.684-0600] {processor.py:927} WARNING - No viable dags retrieved from /root/airflow_env/lib/python3.12/site-packages/airflow/example_dags/plugins/event_listener.py
[2024-12-10T18:57:28.692-0600] {processor.py:208} INFO - Processing /root/airflow_env/lib/python3.12/site-packages/airflow/example_dags/plugins/event_listener.py took 0.017 seconds
[2024-12-10T18:58:47.606-0600] {processor.py:186} INFO - Started process (PID=9709) to work on /root/airflow_env/lib/python3.12/site-packages/airflow/example_dags/plugins/event_listener.py
[2024-12-10T18:58:47.608-0600] {processor.py:914} INFO - Processing file /root/airflow_env/lib/python3.12/site-packages/airflow/example_dags/plugins/event_listener.py for tasks to queue
[2024-12-10T18:58:47.610-0600] {logging_mixin.py:190} INFO - [2024-12-10T18:58:47.610-0600] {dagbag.py:588} INFO - Filling up the DagBag from /root/airflow_env/lib/python3.12/site-packages/airflow/example_dags/plugins/event_listener.py
[2024-12-10T18:58:47.612-0600] {processor.py:927} WARNING - No viable dags retrieved from /root/airflow_env/lib/python3.12/site-packages/airflow/example_dags/plugins/event_listener.py
[2024-12-10T18:58:47.619-0600] {processor.py:208} INFO - Processing /root/airflow_env/lib/python3.12/site-packages/airflow/example_dags/plugins/event_listener.py took 0.017 seconds
[2024-12-10T19:00:13.502-0600] {processor.py:186} INFO - Started process (PID=9797) to work on /root/airflow_env/lib/python3.12/site-packages/airflow/example_dags/plugins/event_listener.py
[2024-12-10T19:00:13.505-0600] {processor.py:914} INFO - Processing file /root/airflow_env/lib/python3.12/site-packages/airflow/example_dags/plugins/event_listener.py for tasks to queue
[2024-12-10T19:00:13.506-0600] {logging_mixin.py:190} INFO - [2024-12-10T19:00:13.506-0600] {dagbag.py:588} INFO - Filling up the DagBag from /root/airflow_env/lib/python3.12/site-packages/airflow/example_dags/plugins/event_listener.py
[2024-12-10T19:00:13.508-0600] {processor.py:927} WARNING - No viable dags retrieved from /root/airflow_env/lib/python3.12/site-packages/airflow/example_dags/plugins/event_listener.py
[2024-12-10T19:00:13.515-0600] {processor.py:208} INFO - Processing /root/airflow_env/lib/python3.12/site-packages/airflow/example_dags/plugins/event_listener.py took 0.017 seconds
[2024-12-10T19:01:12.000-0600] {processor.py:186} INFO - Started process (PID=9859) to work on /root/airflow_env/lib/python3.12/site-packages/airflow/example_dags/plugins/event_listener.py
[2024-12-10T19:01:12.003-0600] {processor.py:914} INFO - Processing file /root/airflow_env/lib/python3.12/site-packages/airflow/example_dags/plugins/event_listener.py for tasks to queue
[2024-12-10T19:01:12.004-0600] {logging_mixin.py:190} INFO - [2024-12-10T19:01:12.004-0600] {dagbag.py:588} INFO - Filling up the DagBag from /root/airflow_env/lib/python3.12/site-packages/airflow/example_dags/plugins/event_listener.py
[2024-12-10T19:01:12.006-0600] {processor.py:927} WARNING - No viable dags retrieved from /root/airflow_env/lib/python3.12/site-packages/airflow/example_dags/plugins/event_listener.py
[2024-12-10T19:01:12.014-0600] {processor.py:208} INFO - Processing /root/airflow_env/lib/python3.12/site-packages/airflow/example_dags/plugins/event_listener.py took 0.017 seconds
[2024-12-10T19:02:09.119-0600] {processor.py:186} INFO - Started process (PID=9921) to work on /root/airflow_env/lib/python3.12/site-packages/airflow/example_dags/plugins/event_listener.py
[2024-12-10T19:02:09.121-0600] {processor.py:914} INFO - Processing file /root/airflow_env/lib/python3.12/site-packages/airflow/example_dags/plugins/event_listener.py for tasks to queue
[2024-12-10T19:02:09.123-0600] {logging_mixin.py:190} INFO - [2024-12-10T19:02:09.122-0600] {dagbag.py:588} INFO - Filling up the DagBag from /root/airflow_env/lib/python3.12/site-packages/airflow/example_dags/plugins/event_listener.py
[2024-12-10T19:02:09.124-0600] {processor.py:927} WARNING - No viable dags retrieved from /root/airflow_env/lib/python3.12/site-packages/airflow/example_dags/plugins/event_listener.py
[2024-12-10T19:02:09.132-0600] {processor.py:208} INFO - Processing /root/airflow_env/lib/python3.12/site-packages/airflow/example_dags/plugins/event_listener.py took 0.017 seconds
[2024-12-10T19:03:03.978-0600] {processor.py:186} INFO - Started process (PID=9981) to work on /root/airflow_env/lib/python3.12/site-packages/airflow/example_dags/plugins/event_listener.py
[2024-12-10T19:03:03.979-0600] {processor.py:914} INFO - Processing file /root/airflow_env/lib/python3.12/site-packages/airflow/example_dags/plugins/event_listener.py for tasks to queue
[2024-12-10T19:03:03.981-0600] {logging_mixin.py:190} INFO - [2024-12-10T19:03:03.980-0600] {dagbag.py:588} INFO - Filling up the DagBag from /root/airflow_env/lib/python3.12/site-packages/airflow/example_dags/plugins/event_listener.py
[2024-12-10T19:03:03.982-0600] {processor.py:927} WARNING - No viable dags retrieved from /root/airflow_env/lib/python3.12/site-packages/airflow/example_dags/plugins/event_listener.py
[2024-12-10T19:03:03.990-0600] {processor.py:208} INFO - Processing /root/airflow_env/lib/python3.12/site-packages/airflow/example_dags/plugins/event_listener.py took 0.016 seconds
[2024-12-10T19:04:24.959-0600] {processor.py:186} INFO - Started process (PID=10067) to work on /root/airflow_env/lib/python3.12/site-packages/airflow/example_dags/plugins/event_listener.py
[2024-12-10T19:04:24.961-0600] {processor.py:914} INFO - Processing file /root/airflow_env/lib/python3.12/site-packages/airflow/example_dags/plugins/event_listener.py for tasks to queue
[2024-12-10T19:04:24.963-0600] {logging_mixin.py:190} INFO - [2024-12-10T19:04:24.963-0600] {dagbag.py:588} INFO - Filling up the DagBag from /root/airflow_env/lib/python3.12/site-packages/airflow/example_dags/plugins/event_listener.py
[2024-12-10T19:04:24.965-0600] {processor.py:927} WARNING - No viable dags retrieved from /root/airflow_env/lib/python3.12/site-packages/airflow/example_dags/plugins/event_listener.py
[2024-12-10T19:04:24.972-0600] {processor.py:208} INFO - Processing /root/airflow_env/lib/python3.12/site-packages/airflow/example_dags/plugins/event_listener.py took 0.017 seconds
[2024-12-10T19:05:43.464-0600] {processor.py:186} INFO - Started process (PID=10155) to work on /root/airflow_env/lib/python3.12/site-packages/airflow/example_dags/plugins/event_listener.py
[2024-12-10T19:05:43.466-0600] {processor.py:914} INFO - Processing file /root/airflow_env/lib/python3.12/site-packages/airflow/example_dags/plugins/event_listener.py for tasks to queue
[2024-12-10T19:05:43.467-0600] {logging_mixin.py:190} INFO - [2024-12-10T19:05:43.467-0600] {dagbag.py:588} INFO - Filling up the DagBag from /root/airflow_env/lib/python3.12/site-packages/airflow/example_dags/plugins/event_listener.py
[2024-12-10T19:05:43.469-0600] {processor.py:927} WARNING - No viable dags retrieved from /root/airflow_env/lib/python3.12/site-packages/airflow/example_dags/plugins/event_listener.py
[2024-12-10T19:05:43.476-0600] {processor.py:208} INFO - Processing /root/airflow_env/lib/python3.12/site-packages/airflow/example_dags/plugins/event_listener.py took 0.016 seconds
[2024-12-10T19:06:37.384-0600] {processor.py:186} INFO - Started process (PID=10217) to work on /root/airflow_env/lib/python3.12/site-packages/airflow/example_dags/plugins/event_listener.py
[2024-12-10T19:06:37.387-0600] {processor.py:914} INFO - Processing file /root/airflow_env/lib/python3.12/site-packages/airflow/example_dags/plugins/event_listener.py for tasks to queue
[2024-12-10T19:06:37.388-0600] {logging_mixin.py:190} INFO - [2024-12-10T19:06:37.388-0600] {dagbag.py:588} INFO - Filling up the DagBag from /root/airflow_env/lib/python3.12/site-packages/airflow/example_dags/plugins/event_listener.py
[2024-12-10T19:06:37.390-0600] {processor.py:927} WARNING - No viable dags retrieved from /root/airflow_env/lib/python3.12/site-packages/airflow/example_dags/plugins/event_listener.py
[2024-12-10T19:06:37.398-0600] {processor.py:208} INFO - Processing /root/airflow_env/lib/python3.12/site-packages/airflow/example_dags/plugins/event_listener.py took 0.017 seconds
[2024-12-10T19:07:51.344-0600] {processor.py:186} INFO - Started process (PID=10298) to work on /root/airflow_env/lib/python3.12/site-packages/airflow/example_dags/plugins/event_listener.py
[2024-12-10T19:07:51.347-0600] {processor.py:914} INFO - Processing file /root/airflow_env/lib/python3.12/site-packages/airflow/example_dags/plugins/event_listener.py for tasks to queue
[2024-12-10T19:07:51.348-0600] {logging_mixin.py:190} INFO - [2024-12-10T19:07:51.348-0600] {dagbag.py:588} INFO - Filling up the DagBag from /root/airflow_env/lib/python3.12/site-packages/airflow/example_dags/plugins/event_listener.py
[2024-12-10T19:07:51.350-0600] {processor.py:927} WARNING - No viable dags retrieved from /root/airflow_env/lib/python3.12/site-packages/airflow/example_dags/plugins/event_listener.py
[2024-12-10T19:07:51.358-0600] {processor.py:208} INFO - Processing /root/airflow_env/lib/python3.12/site-packages/airflow/example_dags/plugins/event_listener.py took 0.017 seconds
[2024-12-10T19:09:10.090-0600] {processor.py:186} INFO - Started process (PID=10383) to work on /root/airflow_env/lib/python3.12/site-packages/airflow/example_dags/plugins/event_listener.py
[2024-12-10T19:09:10.092-0600] {processor.py:914} INFO - Processing file /root/airflow_env/lib/python3.12/site-packages/airflow/example_dags/plugins/event_listener.py for tasks to queue
[2024-12-10T19:09:10.094-0600] {logging_mixin.py:190} INFO - [2024-12-10T19:09:10.093-0600] {dagbag.py:588} INFO - Filling up the DagBag from /root/airflow_env/lib/python3.12/site-packages/airflow/example_dags/plugins/event_listener.py
[2024-12-10T19:09:10.095-0600] {processor.py:927} WARNING - No viable dags retrieved from /root/airflow_env/lib/python3.12/site-packages/airflow/example_dags/plugins/event_listener.py
[2024-12-10T19:09:10.103-0600] {processor.py:208} INFO - Processing /root/airflow_env/lib/python3.12/site-packages/airflow/example_dags/plugins/event_listener.py took 0.017 seconds
[2024-12-10T19:10:34.039-0600] {processor.py:186} INFO - Started process (PID=10471) to work on /root/airflow_env/lib/python3.12/site-packages/airflow/example_dags/plugins/event_listener.py
[2024-12-10T19:10:34.042-0600] {processor.py:914} INFO - Processing file /root/airflow_env/lib/python3.12/site-packages/airflow/example_dags/plugins/event_listener.py for tasks to queue
[2024-12-10T19:10:34.043-0600] {logging_mixin.py:190} INFO - [2024-12-10T19:10:34.043-0600] {dagbag.py:588} INFO - Filling up the DagBag from /root/airflow_env/lib/python3.12/site-packages/airflow/example_dags/plugins/event_listener.py
[2024-12-10T19:10:34.045-0600] {processor.py:927} WARNING - No viable dags retrieved from /root/airflow_env/lib/python3.12/site-packages/airflow/example_dags/plugins/event_listener.py
[2024-12-10T19:10:34.052-0600] {processor.py:208} INFO - Processing /root/airflow_env/lib/python3.12/site-packages/airflow/example_dags/plugins/event_listener.py took 0.017 seconds
[2024-12-10T19:11:43.203-0600] {processor.py:186} INFO - Started process (PID=10552) to work on /root/airflow_env/lib/python3.12/site-packages/airflow/example_dags/plugins/event_listener.py
[2024-12-10T19:11:43.206-0600] {processor.py:914} INFO - Processing file /root/airflow_env/lib/python3.12/site-packages/airflow/example_dags/plugins/event_listener.py for tasks to queue
[2024-12-10T19:11:43.207-0600] {logging_mixin.py:190} INFO - [2024-12-10T19:11:43.207-0600] {dagbag.py:588} INFO - Filling up the DagBag from /root/airflow_env/lib/python3.12/site-packages/airflow/example_dags/plugins/event_listener.py
[2024-12-10T19:11:43.209-0600] {processor.py:927} WARNING - No viable dags retrieved from /root/airflow_env/lib/python3.12/site-packages/airflow/example_dags/plugins/event_listener.py
[2024-12-10T19:11:43.217-0600] {processor.py:208} INFO - Processing /root/airflow_env/lib/python3.12/site-packages/airflow/example_dags/plugins/event_listener.py took 0.018 seconds
[2024-12-10T19:12:58.230-0600] {processor.py:186} INFO - Started process (PID=10635) to work on /root/airflow_env/lib/python3.12/site-packages/airflow/example_dags/plugins/event_listener.py
[2024-12-10T19:12:58.233-0600] {processor.py:914} INFO - Processing file /root/airflow_env/lib/python3.12/site-packages/airflow/example_dags/plugins/event_listener.py for tasks to queue
[2024-12-10T19:12:58.234-0600] {logging_mixin.py:190} INFO - [2024-12-10T19:12:58.234-0600] {dagbag.py:588} INFO - Filling up the DagBag from /root/airflow_env/lib/python3.12/site-packages/airflow/example_dags/plugins/event_listener.py
[2024-12-10T19:12:58.236-0600] {processor.py:927} WARNING - No viable dags retrieved from /root/airflow_env/lib/python3.12/site-packages/airflow/example_dags/plugins/event_listener.py
[2024-12-10T19:12:58.244-0600] {processor.py:208} INFO - Processing /root/airflow_env/lib/python3.12/site-packages/airflow/example_dags/plugins/event_listener.py took 0.017 seconds
[2024-12-10T19:14:15.755-0600] {processor.py:186} INFO - Started process (PID=10718) to work on /root/airflow_env/lib/python3.12/site-packages/airflow/example_dags/plugins/event_listener.py
[2024-12-10T19:14:15.757-0600] {processor.py:914} INFO - Processing file /root/airflow_env/lib/python3.12/site-packages/airflow/example_dags/plugins/event_listener.py for tasks to queue
[2024-12-10T19:14:15.759-0600] {logging_mixin.py:190} INFO - [2024-12-10T19:14:15.758-0600] {dagbag.py:588} INFO - Filling up the DagBag from /root/airflow_env/lib/python3.12/site-packages/airflow/example_dags/plugins/event_listener.py
[2024-12-10T19:14:15.760-0600] {processor.py:927} WARNING - No viable dags retrieved from /root/airflow_env/lib/python3.12/site-packages/airflow/example_dags/plugins/event_listener.py
[2024-12-10T19:14:15.768-0600] {processor.py:208} INFO - Processing /root/airflow_env/lib/python3.12/site-packages/airflow/example_dags/plugins/event_listener.py took 0.017 seconds
[2024-12-10T19:15:34.929-0600] {processor.py:186} INFO - Started process (PID=10807) to work on /root/airflow_env/lib/python3.12/site-packages/airflow/example_dags/plugins/event_listener.py
[2024-12-10T19:15:34.932-0600] {processor.py:914} INFO - Processing file /root/airflow_env/lib/python3.12/site-packages/airflow/example_dags/plugins/event_listener.py for tasks to queue
[2024-12-10T19:15:34.933-0600] {logging_mixin.py:190} INFO - [2024-12-10T19:15:34.933-0600] {dagbag.py:588} INFO - Filling up the DagBag from /root/airflow_env/lib/python3.12/site-packages/airflow/example_dags/plugins/event_listener.py
[2024-12-10T19:15:34.935-0600] {processor.py:927} WARNING - No viable dags retrieved from /root/airflow_env/lib/python3.12/site-packages/airflow/example_dags/plugins/event_listener.py
[2024-12-10T19:15:34.942-0600] {processor.py:208} INFO - Processing /root/airflow_env/lib/python3.12/site-packages/airflow/example_dags/plugins/event_listener.py took 0.018 seconds
[2024-12-10T19:16:56.715-0600] {processor.py:186} INFO - Started process (PID=10897) to work on /root/airflow_env/lib/python3.12/site-packages/airflow/example_dags/plugins/event_listener.py
[2024-12-10T19:16:56.718-0600] {processor.py:914} INFO - Processing file /root/airflow_env/lib/python3.12/site-packages/airflow/example_dags/plugins/event_listener.py for tasks to queue
[2024-12-10T19:16:56.719-0600] {logging_mixin.py:190} INFO - [2024-12-10T19:16:56.719-0600] {dagbag.py:588} INFO - Filling up the DagBag from /root/airflow_env/lib/python3.12/site-packages/airflow/example_dags/plugins/event_listener.py
[2024-12-10T19:16:56.721-0600] {processor.py:927} WARNING - No viable dags retrieved from /root/airflow_env/lib/python3.12/site-packages/airflow/example_dags/plugins/event_listener.py
[2024-12-10T19:16:56.729-0600] {processor.py:208} INFO - Processing /root/airflow_env/lib/python3.12/site-packages/airflow/example_dags/plugins/event_listener.py took 0.018 seconds
[2024-12-10T19:18:14.300-0600] {processor.py:186} INFO - Started process (PID=10984) to work on /root/airflow_env/lib/python3.12/site-packages/airflow/example_dags/plugins/event_listener.py
[2024-12-10T19:18:14.301-0600] {processor.py:914} INFO - Processing file /root/airflow_env/lib/python3.12/site-packages/airflow/example_dags/plugins/event_listener.py for tasks to queue
[2024-12-10T19:18:14.303-0600] {logging_mixin.py:190} INFO - [2024-12-10T19:18:14.302-0600] {dagbag.py:588} INFO - Filling up the DagBag from /root/airflow_env/lib/python3.12/site-packages/airflow/example_dags/plugins/event_listener.py
[2024-12-10T19:18:14.304-0600] {processor.py:927} WARNING - No viable dags retrieved from /root/airflow_env/lib/python3.12/site-packages/airflow/example_dags/plugins/event_listener.py
[2024-12-10T19:18:14.312-0600] {processor.py:208} INFO - Processing /root/airflow_env/lib/python3.12/site-packages/airflow/example_dags/plugins/event_listener.py took 0.017 seconds
[2024-12-10T19:19:29.786-0600] {processor.py:186} INFO - Started process (PID=11066) to work on /root/airflow_env/lib/python3.12/site-packages/airflow/example_dags/plugins/event_listener.py
[2024-12-10T19:19:29.789-0600] {processor.py:914} INFO - Processing file /root/airflow_env/lib/python3.12/site-packages/airflow/example_dags/plugins/event_listener.py for tasks to queue
[2024-12-10T19:19:29.791-0600] {logging_mixin.py:190} INFO - [2024-12-10T19:19:29.791-0600] {dagbag.py:588} INFO - Filling up the DagBag from /root/airflow_env/lib/python3.12/site-packages/airflow/example_dags/plugins/event_listener.py
[2024-12-10T19:19:29.793-0600] {processor.py:927} WARNING - No viable dags retrieved from /root/airflow_env/lib/python3.12/site-packages/airflow/example_dags/plugins/event_listener.py
[2024-12-10T19:19:29.800-0600] {processor.py:208} INFO - Processing /root/airflow_env/lib/python3.12/site-packages/airflow/example_dags/plugins/event_listener.py took 0.019 seconds
[2024-12-10T19:20:25.790-0600] {processor.py:186} INFO - Started process (PID=11126) to work on /root/airflow_env/lib/python3.12/site-packages/airflow/example_dags/plugins/event_listener.py
[2024-12-10T19:20:25.792-0600] {processor.py:914} INFO - Processing file /root/airflow_env/lib/python3.12/site-packages/airflow/example_dags/plugins/event_listener.py for tasks to queue
[2024-12-10T19:20:25.794-0600] {logging_mixin.py:190} INFO - [2024-12-10T19:20:25.793-0600] {dagbag.py:588} INFO - Filling up the DagBag from /root/airflow_env/lib/python3.12/site-packages/airflow/example_dags/plugins/event_listener.py
[2024-12-10T19:20:25.795-0600] {processor.py:927} WARNING - No viable dags retrieved from /root/airflow_env/lib/python3.12/site-packages/airflow/example_dags/plugins/event_listener.py
[2024-12-10T19:20:25.803-0600] {processor.py:208} INFO - Processing /root/airflow_env/lib/python3.12/site-packages/airflow/example_dags/plugins/event_listener.py took 0.017 seconds
[2024-12-10T19:21:44.166-0600] {processor.py:186} INFO - Started process (PID=11213) to work on /root/airflow_env/lib/python3.12/site-packages/airflow/example_dags/plugins/event_listener.py
[2024-12-10T19:21:44.167-0600] {processor.py:914} INFO - Processing file /root/airflow_env/lib/python3.12/site-packages/airflow/example_dags/plugins/event_listener.py for tasks to queue
[2024-12-10T19:21:44.169-0600] {logging_mixin.py:190} INFO - [2024-12-10T19:21:44.169-0600] {dagbag.py:588} INFO - Filling up the DagBag from /root/airflow_env/lib/python3.12/site-packages/airflow/example_dags/plugins/event_listener.py
[2024-12-10T19:21:44.171-0600] {processor.py:927} WARNING - No viable dags retrieved from /root/airflow_env/lib/python3.12/site-packages/airflow/example_dags/plugins/event_listener.py
[2024-12-10T19:21:44.181-0600] {processor.py:208} INFO - Processing /root/airflow_env/lib/python3.12/site-packages/airflow/example_dags/plugins/event_listener.py took 0.020 seconds
[2024-12-10T19:23:02.330-0600] {processor.py:186} INFO - Started process (PID=11299) to work on /root/airflow_env/lib/python3.12/site-packages/airflow/example_dags/plugins/event_listener.py
[2024-12-10T19:23:02.333-0600] {processor.py:914} INFO - Processing file /root/airflow_env/lib/python3.12/site-packages/airflow/example_dags/plugins/event_listener.py for tasks to queue
[2024-12-10T19:23:02.335-0600] {logging_mixin.py:190} INFO - [2024-12-10T19:23:02.334-0600] {dagbag.py:588} INFO - Filling up the DagBag from /root/airflow_env/lib/python3.12/site-packages/airflow/example_dags/plugins/event_listener.py
[2024-12-10T19:23:02.336-0600] {processor.py:927} WARNING - No viable dags retrieved from /root/airflow_env/lib/python3.12/site-packages/airflow/example_dags/plugins/event_listener.py
[2024-12-10T19:23:02.344-0600] {processor.py:208} INFO - Processing /root/airflow_env/lib/python3.12/site-packages/airflow/example_dags/plugins/event_listener.py took 0.018 seconds
[2024-12-10T19:24:20.104-0600] {processor.py:186} INFO - Started process (PID=11384) to work on /root/airflow_env/lib/python3.12/site-packages/airflow/example_dags/plugins/event_listener.py
[2024-12-10T19:24:20.107-0600] {processor.py:914} INFO - Processing file /root/airflow_env/lib/python3.12/site-packages/airflow/example_dags/plugins/event_listener.py for tasks to queue
[2024-12-10T19:24:20.109-0600] {logging_mixin.py:190} INFO - [2024-12-10T19:24:20.109-0600] {dagbag.py:588} INFO - Filling up the DagBag from /root/airflow_env/lib/python3.12/site-packages/airflow/example_dags/plugins/event_listener.py
[2024-12-10T19:24:20.111-0600] {processor.py:927} WARNING - No viable dags retrieved from /root/airflow_env/lib/python3.12/site-packages/airflow/example_dags/plugins/event_listener.py
[2024-12-10T19:24:20.118-0600] {processor.py:208} INFO - Processing /root/airflow_env/lib/python3.12/site-packages/airflow/example_dags/plugins/event_listener.py took 0.018 seconds
[2024-12-10T19:25:40.950-0600] {processor.py:186} INFO - Started process (PID=11473) to work on /root/airflow_env/lib/python3.12/site-packages/airflow/example_dags/plugins/event_listener.py
[2024-12-10T19:25:40.952-0600] {processor.py:914} INFO - Processing file /root/airflow_env/lib/python3.12/site-packages/airflow/example_dags/plugins/event_listener.py for tasks to queue
[2024-12-10T19:25:40.954-0600] {logging_mixin.py:190} INFO - [2024-12-10T19:25:40.953-0600] {dagbag.py:588} INFO - Filling up the DagBag from /root/airflow_env/lib/python3.12/site-packages/airflow/example_dags/plugins/event_listener.py
[2024-12-10T19:25:40.955-0600] {processor.py:927} WARNING - No viable dags retrieved from /root/airflow_env/lib/python3.12/site-packages/airflow/example_dags/plugins/event_listener.py
[2024-12-10T19:25:40.963-0600] {processor.py:208} INFO - Processing /root/airflow_env/lib/python3.12/site-packages/airflow/example_dags/plugins/event_listener.py took 0.018 seconds
[2024-12-10T19:26:59.744-0600] {processor.py:186} INFO - Started process (PID=11561) to work on /root/airflow_env/lib/python3.12/site-packages/airflow/example_dags/plugins/event_listener.py
[2024-12-10T19:26:59.747-0600] {processor.py:914} INFO - Processing file /root/airflow_env/lib/python3.12/site-packages/airflow/example_dags/plugins/event_listener.py for tasks to queue
[2024-12-10T19:26:59.748-0600] {logging_mixin.py:190} INFO - [2024-12-10T19:26:59.748-0600] {dagbag.py:588} INFO - Filling up the DagBag from /root/airflow_env/lib/python3.12/site-packages/airflow/example_dags/plugins/event_listener.py
[2024-12-10T19:26:59.750-0600] {processor.py:927} WARNING - No viable dags retrieved from /root/airflow_env/lib/python3.12/site-packages/airflow/example_dags/plugins/event_listener.py
[2024-12-10T19:26:59.757-0600] {processor.py:208} INFO - Processing /root/airflow_env/lib/python3.12/site-packages/airflow/example_dags/plugins/event_listener.py took 0.017 seconds
[2024-12-10T19:28:16.806-0600] {processor.py:186} INFO - Started process (PID=11644) to work on /root/airflow_env/lib/python3.12/site-packages/airflow/example_dags/plugins/event_listener.py
[2024-12-10T19:28:16.809-0600] {processor.py:914} INFO - Processing file /root/airflow_env/lib/python3.12/site-packages/airflow/example_dags/plugins/event_listener.py for tasks to queue
[2024-12-10T19:28:16.810-0600] {logging_mixin.py:190} INFO - [2024-12-10T19:28:16.810-0600] {dagbag.py:588} INFO - Filling up the DagBag from /root/airflow_env/lib/python3.12/site-packages/airflow/example_dags/plugins/event_listener.py
[2024-12-10T19:28:16.812-0600] {processor.py:927} WARNING - No viable dags retrieved from /root/airflow_env/lib/python3.12/site-packages/airflow/example_dags/plugins/event_listener.py
[2024-12-10T19:28:16.820-0600] {processor.py:208} INFO - Processing /root/airflow_env/lib/python3.12/site-packages/airflow/example_dags/plugins/event_listener.py took 0.017 seconds
[2024-12-10T19:29:39.096-0600] {processor.py:186} INFO - Started process (PID=11732) to work on /root/airflow_env/lib/python3.12/site-packages/airflow/example_dags/plugins/event_listener.py
[2024-12-10T19:29:39.098-0600] {processor.py:914} INFO - Processing file /root/airflow_env/lib/python3.12/site-packages/airflow/example_dags/plugins/event_listener.py for tasks to queue
[2024-12-10T19:29:39.100-0600] {logging_mixin.py:190} INFO - [2024-12-10T19:29:39.100-0600] {dagbag.py:588} INFO - Filling up the DagBag from /root/airflow_env/lib/python3.12/site-packages/airflow/example_dags/plugins/event_listener.py
[2024-12-10T19:29:39.102-0600] {processor.py:927} WARNING - No viable dags retrieved from /root/airflow_env/lib/python3.12/site-packages/airflow/example_dags/plugins/event_listener.py
[2024-12-10T19:29:39.109-0600] {processor.py:208} INFO - Processing /root/airflow_env/lib/python3.12/site-packages/airflow/example_dags/plugins/event_listener.py took 0.017 seconds
[2024-12-10T19:30:57.548-0600] {processor.py:186} INFO - Started process (PID=11819) to work on /root/airflow_env/lib/python3.12/site-packages/airflow/example_dags/plugins/event_listener.py
[2024-12-10T19:30:57.550-0600] {processor.py:914} INFO - Processing file /root/airflow_env/lib/python3.12/site-packages/airflow/example_dags/plugins/event_listener.py for tasks to queue
[2024-12-10T19:30:57.552-0600] {logging_mixin.py:190} INFO - [2024-12-10T19:30:57.552-0600] {dagbag.py:588} INFO - Filling up the DagBag from /root/airflow_env/lib/python3.12/site-packages/airflow/example_dags/plugins/event_listener.py
[2024-12-10T19:30:57.554-0600] {processor.py:927} WARNING - No viable dags retrieved from /root/airflow_env/lib/python3.12/site-packages/airflow/example_dags/plugins/event_listener.py
[2024-12-10T19:30:57.562-0600] {processor.py:208} INFO - Processing /root/airflow_env/lib/python3.12/site-packages/airflow/example_dags/plugins/event_listener.py took 0.017 seconds
[2024-12-10T19:32:19.875-0600] {processor.py:186} INFO - Started process (PID=11908) to work on /root/airflow_env/lib/python3.12/site-packages/airflow/example_dags/plugins/event_listener.py
[2024-12-10T19:32:19.877-0600] {processor.py:914} INFO - Processing file /root/airflow_env/lib/python3.12/site-packages/airflow/example_dags/plugins/event_listener.py for tasks to queue
[2024-12-10T19:32:19.879-0600] {logging_mixin.py:190} INFO - [2024-12-10T19:32:19.878-0600] {dagbag.py:588} INFO - Filling up the DagBag from /root/airflow_env/lib/python3.12/site-packages/airflow/example_dags/plugins/event_listener.py
[2024-12-10T19:32:19.880-0600] {processor.py:927} WARNING - No viable dags retrieved from /root/airflow_env/lib/python3.12/site-packages/airflow/example_dags/plugins/event_listener.py
[2024-12-10T19:32:19.888-0600] {processor.py:208} INFO - Processing /root/airflow_env/lib/python3.12/site-packages/airflow/example_dags/plugins/event_listener.py took 0.017 seconds
