[2024-12-10T18:01:10.932-0600] {processor.py:186} INFO - Started process (PID=5078) to work on /root/airflow_env/lib/python3.12/site-packages/airflow/example_dags/plugins/listener_plugin.py
[2024-12-10T18:01:10.932-0600] {processor.py:914} INFO - Processing file /root/airflow_env/lib/python3.12/site-packages/airflow/example_dags/plugins/listener_plugin.py for tasks to queue
[2024-12-10T18:01:10.933-0600] {logging_mixin.py:190} INFO - [2024-12-10T18:01:10.933-0600] {dagbag.py:588} INFO - Filling up the DagBag from /root/airflow_env/lib/python3.12/site-packages/airflow/example_dags/plugins/listener_plugin.py
[2024-12-10T18:01:10.935-0600] {processor.py:927} WARNING - No viable dags retrieved from /root/airflow_env/lib/python3.12/site-packages/airflow/example_dags/plugins/listener_plugin.py
[2024-12-10T18:01:10.943-0600] {processor.py:208} INFO - Processing /root/airflow_env/lib/python3.12/site-packages/airflow/example_dags/plugins/listener_plugin.py took 0.016 seconds
[2024-12-10T18:03:07.831-0600] {processor.py:186} INFO - Started process (PID=5253) to work on /root/airflow_env/lib/python3.12/site-packages/airflow/example_dags/plugins/listener_plugin.py
[2024-12-10T18:03:07.834-0600] {processor.py:914} INFO - Processing file /root/airflow_env/lib/python3.12/site-packages/airflow/example_dags/plugins/listener_plugin.py for tasks to queue
[2024-12-10T18:03:07.835-0600] {logging_mixin.py:190} INFO - [2024-12-10T18:03:07.835-0600] {dagbag.py:588} INFO - Filling up the DagBag from /root/airflow_env/lib/python3.12/site-packages/airflow/example_dags/plugins/listener_plugin.py
[2024-12-10T18:03:07.837-0600] {processor.py:927} WARNING - No viable dags retrieved from /root/airflow_env/lib/python3.12/site-packages/airflow/example_dags/plugins/listener_plugin.py
[2024-12-10T18:03:07.844-0600] {processor.py:208} INFO - Processing /root/airflow_env/lib/python3.12/site-packages/airflow/example_dags/plugins/listener_plugin.py took 0.017 seconds
[2024-12-10T18:04:28.935-0600] {processor.py:186} INFO - Started process (PID=5354) to work on /root/airflow_env/lib/python3.12/site-packages/airflow/example_dags/plugins/listener_plugin.py
[2024-12-10T18:04:28.938-0600] {processor.py:914} INFO - Processing file /root/airflow_env/lib/python3.12/site-packages/airflow/example_dags/plugins/listener_plugin.py for tasks to queue
[2024-12-10T18:04:28.941-0600] {logging_mixin.py:190} INFO - [2024-12-10T18:04:28.940-0600] {dagbag.py:588} INFO - Filling up the DagBag from /root/airflow_env/lib/python3.12/site-packages/airflow/example_dags/plugins/listener_plugin.py
[2024-12-10T18:04:28.943-0600] {processor.py:927} WARNING - No viable dags retrieved from /root/airflow_env/lib/python3.12/site-packages/airflow/example_dags/plugins/listener_plugin.py
[2024-12-10T18:04:28.951-0600] {processor.py:208} INFO - Processing /root/airflow_env/lib/python3.12/site-packages/airflow/example_dags/plugins/listener_plugin.py took 0.019 seconds
[2024-12-10T18:05:27.563-0600] {processor.py:186} INFO - Started process (PID=5438) to work on /root/airflow_env/lib/python3.12/site-packages/airflow/example_dags/plugins/listener_plugin.py
[2024-12-10T18:05:27.564-0600] {processor.py:914} INFO - Processing file /root/airflow_env/lib/python3.12/site-packages/airflow/example_dags/plugins/listener_plugin.py for tasks to queue
[2024-12-10T18:05:27.566-0600] {logging_mixin.py:190} INFO - [2024-12-10T18:05:27.565-0600] {dagbag.py:588} INFO - Filling up the DagBag from /root/airflow_env/lib/python3.12/site-packages/airflow/example_dags/plugins/listener_plugin.py
[2024-12-10T18:05:27.567-0600] {processor.py:927} WARNING - No viable dags retrieved from /root/airflow_env/lib/python3.12/site-packages/airflow/example_dags/plugins/listener_plugin.py
[2024-12-10T18:05:27.577-0600] {processor.py:208} INFO - Processing /root/airflow_env/lib/python3.12/site-packages/airflow/example_dags/plugins/listener_plugin.py took 0.018 seconds
[2024-12-10T18:06:24.253-0600] {processor.py:186} INFO - Started process (PID=5591) to work on /root/airflow_env/lib/python3.12/site-packages/airflow/example_dags/plugins/listener_plugin.py
[2024-12-10T18:06:24.255-0600] {processor.py:914} INFO - Processing file /root/airflow_env/lib/python3.12/site-packages/airflow/example_dags/plugins/listener_plugin.py for tasks to queue
[2024-12-10T18:06:24.256-0600] {logging_mixin.py:190} INFO - [2024-12-10T18:06:24.256-0600] {dagbag.py:588} INFO - Filling up the DagBag from /root/airflow_env/lib/python3.12/site-packages/airflow/example_dags/plugins/listener_plugin.py
[2024-12-10T18:06:24.258-0600] {processor.py:927} WARNING - No viable dags retrieved from /root/airflow_env/lib/python3.12/site-packages/airflow/example_dags/plugins/listener_plugin.py
[2024-12-10T18:06:24.266-0600] {processor.py:208} INFO - Processing /root/airflow_env/lib/python3.12/site-packages/airflow/example_dags/plugins/listener_plugin.py took 0.017 seconds
[2024-12-10T18:07:54.442-0600] {processor.py:186} INFO - Started process (PID=5733) to work on /root/airflow_env/lib/python3.12/site-packages/airflow/example_dags/plugins/listener_plugin.py
[2024-12-10T18:07:54.445-0600] {processor.py:914} INFO - Processing file /root/airflow_env/lib/python3.12/site-packages/airflow/example_dags/plugins/listener_plugin.py for tasks to queue
[2024-12-10T18:07:54.446-0600] {logging_mixin.py:190} INFO - [2024-12-10T18:07:54.446-0600] {dagbag.py:588} INFO - Filling up the DagBag from /root/airflow_env/lib/python3.12/site-packages/airflow/example_dags/plugins/listener_plugin.py
[2024-12-10T18:07:54.448-0600] {processor.py:927} WARNING - No viable dags retrieved from /root/airflow_env/lib/python3.12/site-packages/airflow/example_dags/plugins/listener_plugin.py
[2024-12-10T18:07:54.455-0600] {processor.py:208} INFO - Processing /root/airflow_env/lib/python3.12/site-packages/airflow/example_dags/plugins/listener_plugin.py took 0.017 seconds
[2024-12-10T18:09:00.778-0600] {processor.py:186} INFO - Started process (PID=5850) to work on /root/airflow_env/lib/python3.12/site-packages/airflow/example_dags/plugins/listener_plugin.py
[2024-12-10T18:09:00.781-0600] {processor.py:914} INFO - Processing file /root/airflow_env/lib/python3.12/site-packages/airflow/example_dags/plugins/listener_plugin.py for tasks to queue
[2024-12-10T18:09:00.782-0600] {logging_mixin.py:190} INFO - [2024-12-10T18:09:00.782-0600] {dagbag.py:588} INFO - Filling up the DagBag from /root/airflow_env/lib/python3.12/site-packages/airflow/example_dags/plugins/listener_plugin.py
[2024-12-10T18:09:00.784-0600] {processor.py:927} WARNING - No viable dags retrieved from /root/airflow_env/lib/python3.12/site-packages/airflow/example_dags/plugins/listener_plugin.py
[2024-12-10T18:09:00.792-0600] {processor.py:208} INFO - Processing /root/airflow_env/lib/python3.12/site-packages/airflow/example_dags/plugins/listener_plugin.py took 0.018 seconds
[2024-12-10T18:13:37.843-0600] {processor.py:186} INFO - Started process (PID=6028) to work on /root/airflow_env/lib/python3.12/site-packages/airflow/example_dags/plugins/listener_plugin.py
[2024-12-10T18:13:37.845-0600] {processor.py:914} INFO - Processing file /root/airflow_env/lib/python3.12/site-packages/airflow/example_dags/plugins/listener_plugin.py for tasks to queue
[2024-12-10T18:13:37.849-0600] {logging_mixin.py:190} INFO - [2024-12-10T18:13:37.848-0600] {dagbag.py:588} INFO - Filling up the DagBag from /root/airflow_env/lib/python3.12/site-packages/airflow/example_dags/plugins/listener_plugin.py
[2024-12-10T18:13:37.852-0600] {processor.py:927} WARNING - No viable dags retrieved from /root/airflow_env/lib/python3.12/site-packages/airflow/example_dags/plugins/listener_plugin.py
[2024-12-10T18:13:37.863-0600] {processor.py:208} INFO - Processing /root/airflow_env/lib/python3.12/site-packages/airflow/example_dags/plugins/listener_plugin.py took 0.024 seconds
[2024-12-10T18:14:37.849-0600] {processor.py:186} INFO - Started process (PID=6092) to work on /root/airflow_env/lib/python3.12/site-packages/airflow/example_dags/plugins/listener_plugin.py
[2024-12-10T18:14:37.852-0600] {processor.py:914} INFO - Processing file /root/airflow_env/lib/python3.12/site-packages/airflow/example_dags/plugins/listener_plugin.py for tasks to queue
[2024-12-10T18:14:37.853-0600] {logging_mixin.py:190} INFO - [2024-12-10T18:14:37.853-0600] {dagbag.py:588} INFO - Filling up the DagBag from /root/airflow_env/lib/python3.12/site-packages/airflow/example_dags/plugins/listener_plugin.py
[2024-12-10T18:14:37.855-0600] {processor.py:927} WARNING - No viable dags retrieved from /root/airflow_env/lib/python3.12/site-packages/airflow/example_dags/plugins/listener_plugin.py
[2024-12-10T18:14:37.863-0600] {processor.py:208} INFO - Processing /root/airflow_env/lib/python3.12/site-packages/airflow/example_dags/plugins/listener_plugin.py took 0.018 seconds
[2024-12-10T18:15:57.566-0600] {processor.py:186} INFO - Started process (PID=6182) to work on /root/airflow_env/lib/python3.12/site-packages/airflow/example_dags/plugins/listener_plugin.py
[2024-12-10T18:15:57.569-0600] {processor.py:914} INFO - Processing file /root/airflow_env/lib/python3.12/site-packages/airflow/example_dags/plugins/listener_plugin.py for tasks to queue
[2024-12-10T18:15:57.570-0600] {logging_mixin.py:190} INFO - [2024-12-10T18:15:57.570-0600] {dagbag.py:588} INFO - Filling up the DagBag from /root/airflow_env/lib/python3.12/site-packages/airflow/example_dags/plugins/listener_plugin.py
[2024-12-10T18:15:57.572-0600] {processor.py:927} WARNING - No viable dags retrieved from /root/airflow_env/lib/python3.12/site-packages/airflow/example_dags/plugins/listener_plugin.py
[2024-12-10T18:15:57.579-0600] {processor.py:208} INFO - Processing /root/airflow_env/lib/python3.12/site-packages/airflow/example_dags/plugins/listener_plugin.py took 0.017 seconds
[2024-12-10T18:17:32.720-0600] {processor.py:186} INFO - Started process (PID=6412) to work on /root/airflow_env/lib/python3.12/site-packages/airflow/example_dags/plugins/listener_plugin.py
[2024-12-10T18:17:32.721-0600] {processor.py:914} INFO - Processing file /root/airflow_env/lib/python3.12/site-packages/airflow/example_dags/plugins/listener_plugin.py for tasks to queue
[2024-12-10T18:17:32.723-0600] {logging_mixin.py:190} INFO - [2024-12-10T18:17:32.723-0600] {dagbag.py:588} INFO - Filling up the DagBag from /root/airflow_env/lib/python3.12/site-packages/airflow/example_dags/plugins/listener_plugin.py
[2024-12-10T18:17:32.724-0600] {processor.py:927} WARNING - No viable dags retrieved from /root/airflow_env/lib/python3.12/site-packages/airflow/example_dags/plugins/listener_plugin.py
[2024-12-10T18:17:32.732-0600] {processor.py:208} INFO - Processing /root/airflow_env/lib/python3.12/site-packages/airflow/example_dags/plugins/listener_plugin.py took 0.016 seconds
[2024-12-10T18:18:42.031-0600] {processor.py:186} INFO - Started process (PID=6628) to work on /root/airflow_env/lib/python3.12/site-packages/airflow/example_dags/plugins/listener_plugin.py
[2024-12-10T18:18:42.033-0600] {processor.py:914} INFO - Processing file /root/airflow_env/lib/python3.12/site-packages/airflow/example_dags/plugins/listener_plugin.py for tasks to queue
[2024-12-10T18:18:42.035-0600] {logging_mixin.py:190} INFO - [2024-12-10T18:18:42.035-0600] {dagbag.py:588} INFO - Filling up the DagBag from /root/airflow_env/lib/python3.12/site-packages/airflow/example_dags/plugins/listener_plugin.py
[2024-12-10T18:18:42.037-0600] {processor.py:927} WARNING - No viable dags retrieved from /root/airflow_env/lib/python3.12/site-packages/airflow/example_dags/plugins/listener_plugin.py
[2024-12-10T18:18:42.044-0600] {processor.py:208} INFO - Processing /root/airflow_env/lib/python3.12/site-packages/airflow/example_dags/plugins/listener_plugin.py took 0.018 seconds
[2024-12-10T18:19:48.235-0600] {processor.py:186} INFO - Started process (PID=6698) to work on /root/airflow_env/lib/python3.12/site-packages/airflow/example_dags/plugins/listener_plugin.py
[2024-12-10T18:19:48.238-0600] {processor.py:914} INFO - Processing file /root/airflow_env/lib/python3.12/site-packages/airflow/example_dags/plugins/listener_plugin.py for tasks to queue
[2024-12-10T18:19:48.239-0600] {logging_mixin.py:190} INFO - [2024-12-10T18:19:48.239-0600] {dagbag.py:588} INFO - Filling up the DagBag from /root/airflow_env/lib/python3.12/site-packages/airflow/example_dags/plugins/listener_plugin.py
[2024-12-10T18:19:48.241-0600] {processor.py:927} WARNING - No viable dags retrieved from /root/airflow_env/lib/python3.12/site-packages/airflow/example_dags/plugins/listener_plugin.py
[2024-12-10T18:19:48.248-0600] {processor.py:208} INFO - Processing /root/airflow_env/lib/python3.12/site-packages/airflow/example_dags/plugins/listener_plugin.py took 0.017 seconds
[2024-12-10T18:20:43.617-0600] {processor.py:186} INFO - Started process (PID=6759) to work on /root/airflow_env/lib/python3.12/site-packages/airflow/example_dags/plugins/listener_plugin.py
[2024-12-10T18:20:43.619-0600] {processor.py:914} INFO - Processing file /root/airflow_env/lib/python3.12/site-packages/airflow/example_dags/plugins/listener_plugin.py for tasks to queue
[2024-12-10T18:20:43.621-0600] {logging_mixin.py:190} INFO - [2024-12-10T18:20:43.621-0600] {dagbag.py:588} INFO - Filling up the DagBag from /root/airflow_env/lib/python3.12/site-packages/airflow/example_dags/plugins/listener_plugin.py
[2024-12-10T18:20:43.623-0600] {processor.py:927} WARNING - No viable dags retrieved from /root/airflow_env/lib/python3.12/site-packages/airflow/example_dags/plugins/listener_plugin.py
[2024-12-10T18:20:43.630-0600] {processor.py:208} INFO - Processing /root/airflow_env/lib/python3.12/site-packages/airflow/example_dags/plugins/listener_plugin.py took 0.017 seconds
[2024-12-10T18:22:00.417-0600] {processor.py:186} INFO - Started process (PID=6846) to work on /root/airflow_env/lib/python3.12/site-packages/airflow/example_dags/plugins/listener_plugin.py
[2024-12-10T18:22:00.419-0600] {processor.py:914} INFO - Processing file /root/airflow_env/lib/python3.12/site-packages/airflow/example_dags/plugins/listener_plugin.py for tasks to queue
[2024-12-10T18:22:00.421-0600] {logging_mixin.py:190} INFO - [2024-12-10T18:22:00.421-0600] {dagbag.py:588} INFO - Filling up the DagBag from /root/airflow_env/lib/python3.12/site-packages/airflow/example_dags/plugins/listener_plugin.py
[2024-12-10T18:22:00.422-0600] {processor.py:927} WARNING - No viable dags retrieved from /root/airflow_env/lib/python3.12/site-packages/airflow/example_dags/plugins/listener_plugin.py
[2024-12-10T18:22:00.430-0600] {processor.py:208} INFO - Processing /root/airflow_env/lib/python3.12/site-packages/airflow/example_dags/plugins/listener_plugin.py took 0.017 seconds
[2024-12-10T18:23:19.194-0600] {processor.py:186} INFO - Started process (PID=6932) to work on /root/airflow_env/lib/python3.12/site-packages/airflow/example_dags/plugins/listener_plugin.py
[2024-12-10T18:23:19.196-0600] {processor.py:914} INFO - Processing file /root/airflow_env/lib/python3.12/site-packages/airflow/example_dags/plugins/listener_plugin.py for tasks to queue
[2024-12-10T18:23:19.198-0600] {logging_mixin.py:190} INFO - [2024-12-10T18:23:19.197-0600] {dagbag.py:588} INFO - Filling up the DagBag from /root/airflow_env/lib/python3.12/site-packages/airflow/example_dags/plugins/listener_plugin.py
[2024-12-10T18:23:19.199-0600] {processor.py:927} WARNING - No viable dags retrieved from /root/airflow_env/lib/python3.12/site-packages/airflow/example_dags/plugins/listener_plugin.py
[2024-12-10T18:23:19.207-0600] {processor.py:208} INFO - Processing /root/airflow_env/lib/python3.12/site-packages/airflow/example_dags/plugins/listener_plugin.py took 0.017 seconds
[2024-12-10T18:24:41.114-0600] {processor.py:186} INFO - Started process (PID=7019) to work on /root/airflow_env/lib/python3.12/site-packages/airflow/example_dags/plugins/listener_plugin.py
[2024-12-10T18:24:41.115-0600] {processor.py:914} INFO - Processing file /root/airflow_env/lib/python3.12/site-packages/airflow/example_dags/plugins/listener_plugin.py for tasks to queue
[2024-12-10T18:24:41.116-0600] {logging_mixin.py:190} INFO - [2024-12-10T18:24:41.116-0600] {dagbag.py:588} INFO - Filling up the DagBag from /root/airflow_env/lib/python3.12/site-packages/airflow/example_dags/plugins/listener_plugin.py
[2024-12-10T18:24:41.118-0600] {processor.py:927} WARNING - No viable dags retrieved from /root/airflow_env/lib/python3.12/site-packages/airflow/example_dags/plugins/listener_plugin.py
[2024-12-10T18:24:41.127-0600] {processor.py:208} INFO - Processing /root/airflow_env/lib/python3.12/site-packages/airflow/example_dags/plugins/listener_plugin.py took 0.018 seconds
[2024-12-10T18:25:56.555-0600] {processor.py:186} INFO - Started process (PID=7105) to work on /root/airflow_env/lib/python3.12/site-packages/airflow/example_dags/plugins/listener_plugin.py
[2024-12-10T18:25:56.556-0600] {processor.py:914} INFO - Processing file /root/airflow_env/lib/python3.12/site-packages/airflow/example_dags/plugins/listener_plugin.py for tasks to queue
[2024-12-10T18:25:56.558-0600] {logging_mixin.py:190} INFO - [2024-12-10T18:25:56.558-0600] {dagbag.py:588} INFO - Filling up the DagBag from /root/airflow_env/lib/python3.12/site-packages/airflow/example_dags/plugins/listener_plugin.py
[2024-12-10T18:25:56.560-0600] {processor.py:927} WARNING - No viable dags retrieved from /root/airflow_env/lib/python3.12/site-packages/airflow/example_dags/plugins/listener_plugin.py
[2024-12-10T18:25:56.568-0600] {processor.py:208} INFO - Processing /root/airflow_env/lib/python3.12/site-packages/airflow/example_dags/plugins/listener_plugin.py took 0.018 seconds
[2024-12-10T18:27:16.309-0600] {processor.py:186} INFO - Started process (PID=7192) to work on /root/airflow_env/lib/python3.12/site-packages/airflow/example_dags/plugins/listener_plugin.py
[2024-12-10T18:27:16.310-0600] {processor.py:914} INFO - Processing file /root/airflow_env/lib/python3.12/site-packages/airflow/example_dags/plugins/listener_plugin.py for tasks to queue
[2024-12-10T18:27:16.311-0600] {logging_mixin.py:190} INFO - [2024-12-10T18:27:16.311-0600] {dagbag.py:588} INFO - Filling up the DagBag from /root/airflow_env/lib/python3.12/site-packages/airflow/example_dags/plugins/listener_plugin.py
[2024-12-10T18:27:16.313-0600] {processor.py:927} WARNING - No viable dags retrieved from /root/airflow_env/lib/python3.12/site-packages/airflow/example_dags/plugins/listener_plugin.py
[2024-12-10T18:27:16.321-0600] {processor.py:208} INFO - Processing /root/airflow_env/lib/python3.12/site-packages/airflow/example_dags/plugins/listener_plugin.py took 0.017 seconds
[2024-12-10T18:28:37.551-0600] {processor.py:186} INFO - Started process (PID=7280) to work on /root/airflow_env/lib/python3.12/site-packages/airflow/example_dags/plugins/listener_plugin.py
[2024-12-10T18:28:37.566-0600] {processor.py:914} INFO - Processing file /root/airflow_env/lib/python3.12/site-packages/airflow/example_dags/plugins/listener_plugin.py for tasks to queue
[2024-12-10T18:28:37.569-0600] {logging_mixin.py:190} INFO - [2024-12-10T18:28:37.569-0600] {dagbag.py:588} INFO - Filling up the DagBag from /root/airflow_env/lib/python3.12/site-packages/airflow/example_dags/plugins/listener_plugin.py
[2024-12-10T18:28:37.571-0600] {processor.py:927} WARNING - No viable dags retrieved from /root/airflow_env/lib/python3.12/site-packages/airflow/example_dags/plugins/listener_plugin.py
[2024-12-10T18:28:37.578-0600] {processor.py:208} INFO - Processing /root/airflow_env/lib/python3.12/site-packages/airflow/example_dags/plugins/listener_plugin.py took 0.031 seconds
[2024-12-10T18:29:36.578-0600] {processor.py:186} INFO - Started process (PID=7341) to work on /root/airflow_env/lib/python3.12/site-packages/airflow/example_dags/plugins/listener_plugin.py
[2024-12-10T18:29:36.581-0600] {processor.py:914} INFO - Processing file /root/airflow_env/lib/python3.12/site-packages/airflow/example_dags/plugins/listener_plugin.py for tasks to queue
[2024-12-10T18:29:36.582-0600] {logging_mixin.py:190} INFO - [2024-12-10T18:29:36.582-0600] {dagbag.py:588} INFO - Filling up the DagBag from /root/airflow_env/lib/python3.12/site-packages/airflow/example_dags/plugins/listener_plugin.py
[2024-12-10T18:29:36.584-0600] {processor.py:927} WARNING - No viable dags retrieved from /root/airflow_env/lib/python3.12/site-packages/airflow/example_dags/plugins/listener_plugin.py
[2024-12-10T18:29:36.591-0600] {processor.py:208} INFO - Processing /root/airflow_env/lib/python3.12/site-packages/airflow/example_dags/plugins/listener_plugin.py took 0.017 seconds
[2024-12-10T18:30:57.904-0600] {processor.py:186} INFO - Started process (PID=7428) to work on /root/airflow_env/lib/python3.12/site-packages/airflow/example_dags/plugins/listener_plugin.py
[2024-12-10T18:30:57.906-0600] {processor.py:914} INFO - Processing file /root/airflow_env/lib/python3.12/site-packages/airflow/example_dags/plugins/listener_plugin.py for tasks to queue
[2024-12-10T18:30:57.908-0600] {logging_mixin.py:190} INFO - [2024-12-10T18:30:57.907-0600] {dagbag.py:588} INFO - Filling up the DagBag from /root/airflow_env/lib/python3.12/site-packages/airflow/example_dags/plugins/listener_plugin.py
[2024-12-10T18:30:57.909-0600] {processor.py:927} WARNING - No viable dags retrieved from /root/airflow_env/lib/python3.12/site-packages/airflow/example_dags/plugins/listener_plugin.py
[2024-12-10T18:30:57.917-0600] {processor.py:208} INFO - Processing /root/airflow_env/lib/python3.12/site-packages/airflow/example_dags/plugins/listener_plugin.py took 0.017 seconds
[2024-12-10T18:32:16.776-0600] {processor.py:186} INFO - Started process (PID=7515) to work on /root/airflow_env/lib/python3.12/site-packages/airflow/example_dags/plugins/listener_plugin.py
[2024-12-10T18:32:16.779-0600] {processor.py:914} INFO - Processing file /root/airflow_env/lib/python3.12/site-packages/airflow/example_dags/plugins/listener_plugin.py for tasks to queue
[2024-12-10T18:32:16.780-0600] {logging_mixin.py:190} INFO - [2024-12-10T18:32:16.780-0600] {dagbag.py:588} INFO - Filling up the DagBag from /root/airflow_env/lib/python3.12/site-packages/airflow/example_dags/plugins/listener_plugin.py
[2024-12-10T18:32:16.782-0600] {processor.py:927} WARNING - No viable dags retrieved from /root/airflow_env/lib/python3.12/site-packages/airflow/example_dags/plugins/listener_plugin.py
[2024-12-10T18:32:16.789-0600] {processor.py:208} INFO - Processing /root/airflow_env/lib/python3.12/site-packages/airflow/example_dags/plugins/listener_plugin.py took 0.017 seconds
[2024-12-10T18:33:36.028-0600] {processor.py:186} INFO - Started process (PID=7602) to work on /root/airflow_env/lib/python3.12/site-packages/airflow/example_dags/plugins/listener_plugin.py
[2024-12-10T18:33:36.029-0600] {processor.py:914} INFO - Processing file /root/airflow_env/lib/python3.12/site-packages/airflow/example_dags/plugins/listener_plugin.py for tasks to queue
[2024-12-10T18:33:36.031-0600] {logging_mixin.py:190} INFO - [2024-12-10T18:33:36.031-0600] {dagbag.py:588} INFO - Filling up the DagBag from /root/airflow_env/lib/python3.12/site-packages/airflow/example_dags/plugins/listener_plugin.py
[2024-12-10T18:33:36.033-0600] {processor.py:927} WARNING - No viable dags retrieved from /root/airflow_env/lib/python3.12/site-packages/airflow/example_dags/plugins/listener_plugin.py
[2024-12-10T18:33:36.040-0600] {processor.py:208} INFO - Processing /root/airflow_env/lib/python3.12/site-packages/airflow/example_dags/plugins/listener_plugin.py took 0.017 seconds
[2024-12-10T18:34:52.915-0600] {processor.py:186} INFO - Started process (PID=7685) to work on /root/airflow_env/lib/python3.12/site-packages/airflow/example_dags/plugins/listener_plugin.py
[2024-12-10T18:34:52.918-0600] {processor.py:914} INFO - Processing file /root/airflow_env/lib/python3.12/site-packages/airflow/example_dags/plugins/listener_plugin.py for tasks to queue
[2024-12-10T18:34:52.919-0600] {logging_mixin.py:190} INFO - [2024-12-10T18:34:52.919-0600] {dagbag.py:588} INFO - Filling up the DagBag from /root/airflow_env/lib/python3.12/site-packages/airflow/example_dags/plugins/listener_plugin.py
[2024-12-10T18:34:52.921-0600] {processor.py:927} WARNING - No viable dags retrieved from /root/airflow_env/lib/python3.12/site-packages/airflow/example_dags/plugins/listener_plugin.py
[2024-12-10T18:34:52.928-0600] {processor.py:208} INFO - Processing /root/airflow_env/lib/python3.12/site-packages/airflow/example_dags/plugins/listener_plugin.py took 0.017 seconds
[2024-12-10T18:36:11.660-0600] {processor.py:186} INFO - Started process (PID=7773) to work on /root/airflow_env/lib/python3.12/site-packages/airflow/example_dags/plugins/listener_plugin.py
[2024-12-10T18:36:11.662-0600] {processor.py:914} INFO - Processing file /root/airflow_env/lib/python3.12/site-packages/airflow/example_dags/plugins/listener_plugin.py for tasks to queue
[2024-12-10T18:36:11.663-0600] {logging_mixin.py:190} INFO - [2024-12-10T18:36:11.663-0600] {dagbag.py:588} INFO - Filling up the DagBag from /root/airflow_env/lib/python3.12/site-packages/airflow/example_dags/plugins/listener_plugin.py
[2024-12-10T18:36:11.665-0600] {processor.py:927} WARNING - No viable dags retrieved from /root/airflow_env/lib/python3.12/site-packages/airflow/example_dags/plugins/listener_plugin.py
[2024-12-10T18:36:11.672-0600] {processor.py:208} INFO - Processing /root/airflow_env/lib/python3.12/site-packages/airflow/example_dags/plugins/listener_plugin.py took 0.017 seconds
[2024-12-10T18:37:32.309-0600] {processor.py:186} INFO - Started process (PID=7861) to work on /root/airflow_env/lib/python3.12/site-packages/airflow/example_dags/plugins/listener_plugin.py
[2024-12-10T18:37:32.311-0600] {processor.py:914} INFO - Processing file /root/airflow_env/lib/python3.12/site-packages/airflow/example_dags/plugins/listener_plugin.py for tasks to queue
[2024-12-10T18:37:32.312-0600] {logging_mixin.py:190} INFO - [2024-12-10T18:37:32.312-0600] {dagbag.py:588} INFO - Filling up the DagBag from /root/airflow_env/lib/python3.12/site-packages/airflow/example_dags/plugins/listener_plugin.py
[2024-12-10T18:37:32.314-0600] {processor.py:927} WARNING - No viable dags retrieved from /root/airflow_env/lib/python3.12/site-packages/airflow/example_dags/plugins/listener_plugin.py
[2024-12-10T18:37:32.323-0600] {processor.py:208} INFO - Processing /root/airflow_env/lib/python3.12/site-packages/airflow/example_dags/plugins/listener_plugin.py took 0.018 seconds
[2024-12-10T18:38:51.337-0600] {processor.py:186} INFO - Started process (PID=7947) to work on /root/airflow_env/lib/python3.12/site-packages/airflow/example_dags/plugins/listener_plugin.py
[2024-12-10T18:38:51.339-0600] {processor.py:914} INFO - Processing file /root/airflow_env/lib/python3.12/site-packages/airflow/example_dags/plugins/listener_plugin.py for tasks to queue
[2024-12-10T18:38:51.340-0600] {logging_mixin.py:190} INFO - [2024-12-10T18:38:51.340-0600] {dagbag.py:588} INFO - Filling up the DagBag from /root/airflow_env/lib/python3.12/site-packages/airflow/example_dags/plugins/listener_plugin.py
[2024-12-10T18:38:51.342-0600] {processor.py:927} WARNING - No viable dags retrieved from /root/airflow_env/lib/python3.12/site-packages/airflow/example_dags/plugins/listener_plugin.py
[2024-12-10T18:38:51.350-0600] {processor.py:208} INFO - Processing /root/airflow_env/lib/python3.12/site-packages/airflow/example_dags/plugins/listener_plugin.py took 0.017 seconds
[2024-12-10T18:40:12.428-0600] {processor.py:186} INFO - Started process (PID=8065) to work on /root/airflow_env/lib/python3.12/site-packages/airflow/example_dags/plugins/listener_plugin.py
[2024-12-10T18:40:12.430-0600] {processor.py:914} INFO - Processing file /root/airflow_env/lib/python3.12/site-packages/airflow/example_dags/plugins/listener_plugin.py for tasks to queue
[2024-12-10T18:40:12.432-0600] {logging_mixin.py:190} INFO - [2024-12-10T18:40:12.432-0600] {dagbag.py:588} INFO - Filling up the DagBag from /root/airflow_env/lib/python3.12/site-packages/airflow/example_dags/plugins/listener_plugin.py
[2024-12-10T18:40:12.433-0600] {processor.py:927} WARNING - No viable dags retrieved from /root/airflow_env/lib/python3.12/site-packages/airflow/example_dags/plugins/listener_plugin.py
[2024-12-10T18:40:12.441-0600] {processor.py:208} INFO - Processing /root/airflow_env/lib/python3.12/site-packages/airflow/example_dags/plugins/listener_plugin.py took 0.016 seconds
[2024-12-10T18:41:29.382-0600] {processor.py:186} INFO - Started process (PID=8568) to work on /root/airflow_env/lib/python3.12/site-packages/airflow/example_dags/plugins/listener_plugin.py
[2024-12-10T18:41:29.385-0600] {processor.py:914} INFO - Processing file /root/airflow_env/lib/python3.12/site-packages/airflow/example_dags/plugins/listener_plugin.py for tasks to queue
[2024-12-10T18:41:29.386-0600] {logging_mixin.py:190} INFO - [2024-12-10T18:41:29.386-0600] {dagbag.py:588} INFO - Filling up the DagBag from /root/airflow_env/lib/python3.12/site-packages/airflow/example_dags/plugins/listener_plugin.py
[2024-12-10T18:41:29.388-0600] {processor.py:927} WARNING - No viable dags retrieved from /root/airflow_env/lib/python3.12/site-packages/airflow/example_dags/plugins/listener_plugin.py
[2024-12-10T18:41:29.395-0600] {processor.py:208} INFO - Processing /root/airflow_env/lib/python3.12/site-packages/airflow/example_dags/plugins/listener_plugin.py took 0.017 seconds
[2024-12-10T18:42:45.903-0600] {processor.py:186} INFO - Started process (PID=8654) to work on /root/airflow_env/lib/python3.12/site-packages/airflow/example_dags/plugins/listener_plugin.py
[2024-12-10T18:42:45.904-0600] {processor.py:914} INFO - Processing file /root/airflow_env/lib/python3.12/site-packages/airflow/example_dags/plugins/listener_plugin.py for tasks to queue
[2024-12-10T18:42:45.907-0600] {logging_mixin.py:190} INFO - [2024-12-10T18:42:45.907-0600] {dagbag.py:588} INFO - Filling up the DagBag from /root/airflow_env/lib/python3.12/site-packages/airflow/example_dags/plugins/listener_plugin.py
[2024-12-10T18:42:45.910-0600] {processor.py:927} WARNING - No viable dags retrieved from /root/airflow_env/lib/python3.12/site-packages/airflow/example_dags/plugins/listener_plugin.py
[2024-12-10T18:42:45.926-0600] {processor.py:208} INFO - Processing /root/airflow_env/lib/python3.12/site-packages/airflow/example_dags/plugins/listener_plugin.py took 0.031 seconds
[2024-12-10T18:44:09.026-0600] {processor.py:186} INFO - Started process (PID=8742) to work on /root/airflow_env/lib/python3.12/site-packages/airflow/example_dags/plugins/listener_plugin.py
[2024-12-10T18:44:09.029-0600] {processor.py:914} INFO - Processing file /root/airflow_env/lib/python3.12/site-packages/airflow/example_dags/plugins/listener_plugin.py for tasks to queue
[2024-12-10T18:44:09.030-0600] {logging_mixin.py:190} INFO - [2024-12-10T18:44:09.030-0600] {dagbag.py:588} INFO - Filling up the DagBag from /root/airflow_env/lib/python3.12/site-packages/airflow/example_dags/plugins/listener_plugin.py
[2024-12-10T18:44:09.032-0600] {processor.py:927} WARNING - No viable dags retrieved from /root/airflow_env/lib/python3.12/site-packages/airflow/example_dags/plugins/listener_plugin.py
[2024-12-10T18:44:09.039-0600] {processor.py:208} INFO - Processing /root/airflow_env/lib/python3.12/site-packages/airflow/example_dags/plugins/listener_plugin.py took 0.017 seconds
[2024-12-10T18:45:24.371-0600] {processor.py:186} INFO - Started process (PID=8833) to work on /root/airflow_env/lib/python3.12/site-packages/airflow/example_dags/plugins/listener_plugin.py
[2024-12-10T18:45:24.373-0600] {processor.py:914} INFO - Processing file /root/airflow_env/lib/python3.12/site-packages/airflow/example_dags/plugins/listener_plugin.py for tasks to queue
[2024-12-10T18:45:24.375-0600] {logging_mixin.py:190} INFO - [2024-12-10T18:45:24.375-0600] {dagbag.py:588} INFO - Filling up the DagBag from /root/airflow_env/lib/python3.12/site-packages/airflow/example_dags/plugins/listener_plugin.py
[2024-12-10T18:45:24.377-0600] {processor.py:927} WARNING - No viable dags retrieved from /root/airflow_env/lib/python3.12/site-packages/airflow/example_dags/plugins/listener_plugin.py
[2024-12-10T18:45:24.385-0600] {processor.py:208} INFO - Processing /root/airflow_env/lib/python3.12/site-packages/airflow/example_dags/plugins/listener_plugin.py took 0.018 seconds
[2024-12-10T18:46:46.237-0600] {processor.py:186} INFO - Started process (PID=8925) to work on /root/airflow_env/lib/python3.12/site-packages/airflow/example_dags/plugins/listener_plugin.py
[2024-12-10T18:46:46.239-0600] {processor.py:914} INFO - Processing file /root/airflow_env/lib/python3.12/site-packages/airflow/example_dags/plugins/listener_plugin.py for tasks to queue
[2024-12-10T18:46:46.241-0600] {logging_mixin.py:190} INFO - [2024-12-10T18:46:46.241-0600] {dagbag.py:588} INFO - Filling up the DagBag from /root/airflow_env/lib/python3.12/site-packages/airflow/example_dags/plugins/listener_plugin.py
[2024-12-10T18:46:46.243-0600] {processor.py:927} WARNING - No viable dags retrieved from /root/airflow_env/lib/python3.12/site-packages/airflow/example_dags/plugins/listener_plugin.py
[2024-12-10T18:46:46.251-0600] {processor.py:208} INFO - Processing /root/airflow_env/lib/python3.12/site-packages/airflow/example_dags/plugins/listener_plugin.py took 0.018 seconds
[2024-12-10T18:48:05.211-0600] {processor.py:186} INFO - Started process (PID=9011) to work on /root/airflow_env/lib/python3.12/site-packages/airflow/example_dags/plugins/listener_plugin.py
[2024-12-10T18:48:05.213-0600] {processor.py:914} INFO - Processing file /root/airflow_env/lib/python3.12/site-packages/airflow/example_dags/plugins/listener_plugin.py for tasks to queue
[2024-12-10T18:48:05.215-0600] {logging_mixin.py:190} INFO - [2024-12-10T18:48:05.215-0600] {dagbag.py:588} INFO - Filling up the DagBag from /root/airflow_env/lib/python3.12/site-packages/airflow/example_dags/plugins/listener_plugin.py
[2024-12-10T18:48:05.217-0600] {processor.py:927} WARNING - No viable dags retrieved from /root/airflow_env/lib/python3.12/site-packages/airflow/example_dags/plugins/listener_plugin.py
[2024-12-10T18:48:05.225-0600] {processor.py:208} INFO - Processing /root/airflow_env/lib/python3.12/site-packages/airflow/example_dags/plugins/listener_plugin.py took 0.018 seconds
[2024-12-10T18:49:25.544-0600] {processor.py:186} INFO - Started process (PID=9097) to work on /root/airflow_env/lib/python3.12/site-packages/airflow/example_dags/plugins/listener_plugin.py
[2024-12-10T18:49:25.547-0600] {processor.py:914} INFO - Processing file /root/airflow_env/lib/python3.12/site-packages/airflow/example_dags/plugins/listener_plugin.py for tasks to queue
[2024-12-10T18:49:25.548-0600] {logging_mixin.py:190} INFO - [2024-12-10T18:49:25.548-0600] {dagbag.py:588} INFO - Filling up the DagBag from /root/airflow_env/lib/python3.12/site-packages/airflow/example_dags/plugins/listener_plugin.py
[2024-12-10T18:49:25.550-0600] {processor.py:927} WARNING - No viable dags retrieved from /root/airflow_env/lib/python3.12/site-packages/airflow/example_dags/plugins/listener_plugin.py
[2024-12-10T18:49:25.557-0600] {processor.py:208} INFO - Processing /root/airflow_env/lib/python3.12/site-packages/airflow/example_dags/plugins/listener_plugin.py took 0.017 seconds
[2024-12-10T18:50:43.698-0600] {processor.py:186} INFO - Started process (PID=9184) to work on /root/airflow_env/lib/python3.12/site-packages/airflow/example_dags/plugins/listener_plugin.py
[2024-12-10T18:50:43.701-0600] {processor.py:914} INFO - Processing file /root/airflow_env/lib/python3.12/site-packages/airflow/example_dags/plugins/listener_plugin.py for tasks to queue
[2024-12-10T18:50:43.703-0600] {logging_mixin.py:190} INFO - [2024-12-10T18:50:43.702-0600] {dagbag.py:588} INFO - Filling up the DagBag from /root/airflow_env/lib/python3.12/site-packages/airflow/example_dags/plugins/listener_plugin.py
[2024-12-10T18:50:43.704-0600] {processor.py:927} WARNING - No viable dags retrieved from /root/airflow_env/lib/python3.12/site-packages/airflow/example_dags/plugins/listener_plugin.py
[2024-12-10T18:50:43.712-0600] {processor.py:208} INFO - Processing /root/airflow_env/lib/python3.12/site-packages/airflow/example_dags/plugins/listener_plugin.py took 0.019 seconds
[2024-12-10T18:52:08.662-0600] {processor.py:186} INFO - Started process (PID=9273) to work on /root/airflow_env/lib/python3.12/site-packages/airflow/example_dags/plugins/listener_plugin.py
[2024-12-10T18:52:08.664-0600] {processor.py:914} INFO - Processing file /root/airflow_env/lib/python3.12/site-packages/airflow/example_dags/plugins/listener_plugin.py for tasks to queue
[2024-12-10T18:52:08.666-0600] {logging_mixin.py:190} INFO - [2024-12-10T18:52:08.665-0600] {dagbag.py:588} INFO - Filling up the DagBag from /root/airflow_env/lib/python3.12/site-packages/airflow/example_dags/plugins/listener_plugin.py
[2024-12-10T18:52:08.667-0600] {processor.py:927} WARNING - No viable dags retrieved from /root/airflow_env/lib/python3.12/site-packages/airflow/example_dags/plugins/listener_plugin.py
[2024-12-10T18:52:08.675-0600] {processor.py:208} INFO - Processing /root/airflow_env/lib/python3.12/site-packages/airflow/example_dags/plugins/listener_plugin.py took 0.018 seconds
[2024-12-10T18:53:04.895-0600] {processor.py:186} INFO - Started process (PID=9334) to work on /root/airflow_env/lib/python3.12/site-packages/airflow/example_dags/plugins/listener_plugin.py
[2024-12-10T18:53:04.896-0600] {processor.py:914} INFO - Processing file /root/airflow_env/lib/python3.12/site-packages/airflow/example_dags/plugins/listener_plugin.py for tasks to queue
[2024-12-10T18:53:04.898-0600] {logging_mixin.py:190} INFO - [2024-12-10T18:53:04.898-0600] {dagbag.py:588} INFO - Filling up the DagBag from /root/airflow_env/lib/python3.12/site-packages/airflow/example_dags/plugins/listener_plugin.py
[2024-12-10T18:53:04.900-0600] {processor.py:927} WARNING - No viable dags retrieved from /root/airflow_env/lib/python3.12/site-packages/airflow/example_dags/plugins/listener_plugin.py
[2024-12-10T18:53:04.907-0600] {processor.py:208} INFO - Processing /root/airflow_env/lib/python3.12/site-packages/airflow/example_dags/plugins/listener_plugin.py took 0.016 seconds
[2024-12-10T18:54:23.253-0600] {processor.py:186} INFO - Started process (PID=9420) to work on /root/airflow_env/lib/python3.12/site-packages/airflow/example_dags/plugins/listener_plugin.py
[2024-12-10T18:54:23.256-0600] {processor.py:914} INFO - Processing file /root/airflow_env/lib/python3.12/site-packages/airflow/example_dags/plugins/listener_plugin.py for tasks to queue
[2024-12-10T18:54:23.258-0600] {logging_mixin.py:190} INFO - [2024-12-10T18:54:23.258-0600] {dagbag.py:588} INFO - Filling up the DagBag from /root/airflow_env/lib/python3.12/site-packages/airflow/example_dags/plugins/listener_plugin.py
[2024-12-10T18:54:23.259-0600] {processor.py:927} WARNING - No viable dags retrieved from /root/airflow_env/lib/python3.12/site-packages/airflow/example_dags/plugins/listener_plugin.py
[2024-12-10T18:54:23.267-0600] {processor.py:208} INFO - Processing /root/airflow_env/lib/python3.12/site-packages/airflow/example_dags/plugins/listener_plugin.py took 0.017 seconds
[2024-12-10T18:55:40.321-0600] {processor.py:186} INFO - Started process (PID=9508) to work on /root/airflow_env/lib/python3.12/site-packages/airflow/example_dags/plugins/listener_plugin.py
[2024-12-10T18:55:40.323-0600] {processor.py:914} INFO - Processing file /root/airflow_env/lib/python3.12/site-packages/airflow/example_dags/plugins/listener_plugin.py for tasks to queue
[2024-12-10T18:55:40.324-0600] {logging_mixin.py:190} INFO - [2024-12-10T18:55:40.324-0600] {dagbag.py:588} INFO - Filling up the DagBag from /root/airflow_env/lib/python3.12/site-packages/airflow/example_dags/plugins/listener_plugin.py
[2024-12-10T18:55:40.326-0600] {processor.py:927} WARNING - No viable dags retrieved from /root/airflow_env/lib/python3.12/site-packages/airflow/example_dags/plugins/listener_plugin.py
[2024-12-10T18:55:40.334-0600] {processor.py:208} INFO - Processing /root/airflow_env/lib/python3.12/site-packages/airflow/example_dags/plugins/listener_plugin.py took 0.017 seconds
[2024-12-10T18:57:00.925-0600] {processor.py:186} INFO - Started process (PID=9594) to work on /root/airflow_env/lib/python3.12/site-packages/airflow/example_dags/plugins/listener_plugin.py
[2024-12-10T18:57:00.927-0600] {processor.py:914} INFO - Processing file /root/airflow_env/lib/python3.12/site-packages/airflow/example_dags/plugins/listener_plugin.py for tasks to queue
[2024-12-10T18:57:00.929-0600] {logging_mixin.py:190} INFO - [2024-12-10T18:57:00.929-0600] {dagbag.py:588} INFO - Filling up the DagBag from /root/airflow_env/lib/python3.12/site-packages/airflow/example_dags/plugins/listener_plugin.py
[2024-12-10T18:57:00.930-0600] {processor.py:927} WARNING - No viable dags retrieved from /root/airflow_env/lib/python3.12/site-packages/airflow/example_dags/plugins/listener_plugin.py
[2024-12-10T18:57:00.938-0600] {processor.py:208} INFO - Processing /root/airflow_env/lib/python3.12/site-packages/airflow/example_dags/plugins/listener_plugin.py took 0.019 seconds
[2024-12-10T18:58:22.750-0600] {processor.py:186} INFO - Started process (PID=9681) to work on /root/airflow_env/lib/python3.12/site-packages/airflow/example_dags/plugins/listener_plugin.py
[2024-12-10T18:58:22.752-0600] {processor.py:914} INFO - Processing file /root/airflow_env/lib/python3.12/site-packages/airflow/example_dags/plugins/listener_plugin.py for tasks to queue
[2024-12-10T18:58:22.754-0600] {logging_mixin.py:190} INFO - [2024-12-10T18:58:22.754-0600] {dagbag.py:588} INFO - Filling up the DagBag from /root/airflow_env/lib/python3.12/site-packages/airflow/example_dags/plugins/listener_plugin.py
[2024-12-10T18:58:22.756-0600] {processor.py:927} WARNING - No viable dags retrieved from /root/airflow_env/lib/python3.12/site-packages/airflow/example_dags/plugins/listener_plugin.py
[2024-12-10T18:58:22.763-0600] {processor.py:208} INFO - Processing /root/airflow_env/lib/python3.12/site-packages/airflow/example_dags/plugins/listener_plugin.py took 0.017 seconds
[2024-12-10T18:59:46.285-0600] {processor.py:186} INFO - Started process (PID=9768) to work on /root/airflow_env/lib/python3.12/site-packages/airflow/example_dags/plugins/listener_plugin.py
[2024-12-10T18:59:46.288-0600] {processor.py:914} INFO - Processing file /root/airflow_env/lib/python3.12/site-packages/airflow/example_dags/plugins/listener_plugin.py for tasks to queue
[2024-12-10T18:59:46.289-0600] {logging_mixin.py:190} INFO - [2024-12-10T18:59:46.289-0600] {dagbag.py:588} INFO - Filling up the DagBag from /root/airflow_env/lib/python3.12/site-packages/airflow/example_dags/plugins/listener_plugin.py
[2024-12-10T18:59:46.291-0600] {processor.py:927} WARNING - No viable dags retrieved from /root/airflow_env/lib/python3.12/site-packages/airflow/example_dags/plugins/listener_plugin.py
[2024-12-10T18:59:46.298-0600] {processor.py:208} INFO - Processing /root/airflow_env/lib/python3.12/site-packages/airflow/example_dags/plugins/listener_plugin.py took 0.017 seconds
[2024-12-10T19:01:13.139-0600] {processor.py:186} INFO - Started process (PID=9860) to work on /root/airflow_env/lib/python3.12/site-packages/airflow/example_dags/plugins/listener_plugin.py
[2024-12-10T19:01:13.140-0600] {processor.py:914} INFO - Processing file /root/airflow_env/lib/python3.12/site-packages/airflow/example_dags/plugins/listener_plugin.py for tasks to queue
[2024-12-10T19:01:13.142-0600] {logging_mixin.py:190} INFO - [2024-12-10T19:01:13.141-0600] {dagbag.py:588} INFO - Filling up the DagBag from /root/airflow_env/lib/python3.12/site-packages/airflow/example_dags/plugins/listener_plugin.py
[2024-12-10T19:01:13.143-0600] {processor.py:927} WARNING - No viable dags retrieved from /root/airflow_env/lib/python3.12/site-packages/airflow/example_dags/plugins/listener_plugin.py
[2024-12-10T19:01:13.152-0600] {processor.py:208} INFO - Processing /root/airflow_env/lib/python3.12/site-packages/airflow/example_dags/plugins/listener_plugin.py took 0.017 seconds
[2024-12-10T19:02:09.890-0600] {processor.py:186} INFO - Started process (PID=9922) to work on /root/airflow_env/lib/python3.12/site-packages/airflow/example_dags/plugins/listener_plugin.py
[2024-12-10T19:02:09.893-0600] {processor.py:914} INFO - Processing file /root/airflow_env/lib/python3.12/site-packages/airflow/example_dags/plugins/listener_plugin.py for tasks to queue
[2024-12-10T19:02:09.894-0600] {logging_mixin.py:190} INFO - [2024-12-10T19:02:09.894-0600] {dagbag.py:588} INFO - Filling up the DagBag from /root/airflow_env/lib/python3.12/site-packages/airflow/example_dags/plugins/listener_plugin.py
[2024-12-10T19:02:09.896-0600] {processor.py:927} WARNING - No viable dags retrieved from /root/airflow_env/lib/python3.12/site-packages/airflow/example_dags/plugins/listener_plugin.py
[2024-12-10T19:02:09.903-0600] {processor.py:208} INFO - Processing /root/airflow_env/lib/python3.12/site-packages/airflow/example_dags/plugins/listener_plugin.py took 0.017 seconds
[2024-12-10T19:03:30.025-0600] {processor.py:186} INFO - Started process (PID=10008) to work on /root/airflow_env/lib/python3.12/site-packages/airflow/example_dags/plugins/listener_plugin.py
[2024-12-10T19:03:30.028-0600] {processor.py:914} INFO - Processing file /root/airflow_env/lib/python3.12/site-packages/airflow/example_dags/plugins/listener_plugin.py for tasks to queue
[2024-12-10T19:03:30.030-0600] {logging_mixin.py:190} INFO - [2024-12-10T19:03:30.029-0600] {dagbag.py:588} INFO - Filling up the DagBag from /root/airflow_env/lib/python3.12/site-packages/airflow/example_dags/plugins/listener_plugin.py
[2024-12-10T19:03:30.031-0600] {processor.py:927} WARNING - No viable dags retrieved from /root/airflow_env/lib/python3.12/site-packages/airflow/example_dags/plugins/listener_plugin.py
[2024-12-10T19:03:30.038-0600] {processor.py:208} INFO - Processing /root/airflow_env/lib/python3.12/site-packages/airflow/example_dags/plugins/listener_plugin.py took 0.017 seconds
[2024-12-10T19:04:26.094-0600] {processor.py:186} INFO - Started process (PID=10068) to work on /root/airflow_env/lib/python3.12/site-packages/airflow/example_dags/plugins/listener_plugin.py
[2024-12-10T19:04:26.096-0600] {processor.py:914} INFO - Processing file /root/airflow_env/lib/python3.12/site-packages/airflow/example_dags/plugins/listener_plugin.py for tasks to queue
[2024-12-10T19:04:26.098-0600] {logging_mixin.py:190} INFO - [2024-12-10T19:04:26.097-0600] {dagbag.py:588} INFO - Filling up the DagBag from /root/airflow_env/lib/python3.12/site-packages/airflow/example_dags/plugins/listener_plugin.py
[2024-12-10T19:04:26.099-0600] {processor.py:927} WARNING - No viable dags retrieved from /root/airflow_env/lib/python3.12/site-packages/airflow/example_dags/plugins/listener_plugin.py
[2024-12-10T19:04:26.107-0600] {processor.py:208} INFO - Processing /root/airflow_env/lib/python3.12/site-packages/airflow/example_dags/plugins/listener_plugin.py took 0.017 seconds
[2024-12-10T19:05:44.223-0600] {processor.py:186} INFO - Started process (PID=10156) to work on /root/airflow_env/lib/python3.12/site-packages/airflow/example_dags/plugins/listener_plugin.py
[2024-12-10T19:05:44.226-0600] {processor.py:914} INFO - Processing file /root/airflow_env/lib/python3.12/site-packages/airflow/example_dags/plugins/listener_plugin.py for tasks to queue
[2024-12-10T19:05:44.228-0600] {logging_mixin.py:190} INFO - [2024-12-10T19:05:44.227-0600] {dagbag.py:588} INFO - Filling up the DagBag from /root/airflow_env/lib/python3.12/site-packages/airflow/example_dags/plugins/listener_plugin.py
[2024-12-10T19:05:44.229-0600] {processor.py:927} WARNING - No viable dags retrieved from /root/airflow_env/lib/python3.12/site-packages/airflow/example_dags/plugins/listener_plugin.py
[2024-12-10T19:05:44.237-0600] {processor.py:208} INFO - Processing /root/airflow_env/lib/python3.12/site-packages/airflow/example_dags/plugins/listener_plugin.py took 0.017 seconds
[2024-12-10T19:06:59.925-0600] {processor.py:186} INFO - Started process (PID=10241) to work on /root/airflow_env/lib/python3.12/site-packages/airflow/example_dags/plugins/listener_plugin.py
[2024-12-10T19:06:59.927-0600] {processor.py:914} INFO - Processing file /root/airflow_env/lib/python3.12/site-packages/airflow/example_dags/plugins/listener_plugin.py for tasks to queue
[2024-12-10T19:06:59.929-0600] {logging_mixin.py:190} INFO - [2024-12-10T19:06:59.928-0600] {dagbag.py:588} INFO - Filling up the DagBag from /root/airflow_env/lib/python3.12/site-packages/airflow/example_dags/plugins/listener_plugin.py
[2024-12-10T19:06:59.930-0600] {processor.py:927} WARNING - No viable dags retrieved from /root/airflow_env/lib/python3.12/site-packages/airflow/example_dags/plugins/listener_plugin.py
[2024-12-10T19:06:59.938-0600] {processor.py:208} INFO - Processing /root/airflow_env/lib/python3.12/site-packages/airflow/example_dags/plugins/listener_plugin.py took 0.016 seconds
[2024-12-10T19:08:15.610-0600] {processor.py:186} INFO - Started process (PID=10323) to work on /root/airflow_env/lib/python3.12/site-packages/airflow/example_dags/plugins/listener_plugin.py
[2024-12-10T19:08:15.613-0600] {processor.py:914} INFO - Processing file /root/airflow_env/lib/python3.12/site-packages/airflow/example_dags/plugins/listener_plugin.py for tasks to queue
[2024-12-10T19:08:15.614-0600] {logging_mixin.py:190} INFO - [2024-12-10T19:08:15.614-0600] {dagbag.py:588} INFO - Filling up the DagBag from /root/airflow_env/lib/python3.12/site-packages/airflow/example_dags/plugins/listener_plugin.py
[2024-12-10T19:08:15.616-0600] {processor.py:927} WARNING - No viable dags retrieved from /root/airflow_env/lib/python3.12/site-packages/airflow/example_dags/plugins/listener_plugin.py
[2024-12-10T19:08:15.624-0600] {processor.py:208} INFO - Processing /root/airflow_env/lib/python3.12/site-packages/airflow/example_dags/plugins/listener_plugin.py took 0.017 seconds
[2024-12-10T19:09:11.228-0600] {processor.py:186} INFO - Started process (PID=10384) to work on /root/airflow_env/lib/python3.12/site-packages/airflow/example_dags/plugins/listener_plugin.py
[2024-12-10T19:09:11.238-0600] {processor.py:914} INFO - Processing file /root/airflow_env/lib/python3.12/site-packages/airflow/example_dags/plugins/listener_plugin.py for tasks to queue
[2024-12-10T19:09:11.239-0600] {logging_mixin.py:190} INFO - [2024-12-10T19:09:11.239-0600] {dagbag.py:588} INFO - Filling up the DagBag from /root/airflow_env/lib/python3.12/site-packages/airflow/example_dags/plugins/listener_plugin.py
[2024-12-10T19:09:11.241-0600] {processor.py:927} WARNING - No viable dags retrieved from /root/airflow_env/lib/python3.12/site-packages/airflow/example_dags/plugins/listener_plugin.py
[2024-12-10T19:09:11.249-0600] {processor.py:208} INFO - Processing /root/airflow_env/lib/python3.12/site-packages/airflow/example_dags/plugins/listener_plugin.py took 0.025 seconds
[2024-12-10T19:10:35.179-0600] {processor.py:186} INFO - Started process (PID=10472) to work on /root/airflow_env/lib/python3.12/site-packages/airflow/example_dags/plugins/listener_plugin.py
[2024-12-10T19:10:35.181-0600] {processor.py:914} INFO - Processing file /root/airflow_env/lib/python3.12/site-packages/airflow/example_dags/plugins/listener_plugin.py for tasks to queue
[2024-12-10T19:10:35.183-0600] {logging_mixin.py:190} INFO - [2024-12-10T19:10:35.183-0600] {dagbag.py:588} INFO - Filling up the DagBag from /root/airflow_env/lib/python3.12/site-packages/airflow/example_dags/plugins/listener_plugin.py
[2024-12-10T19:10:35.185-0600] {processor.py:927} WARNING - No viable dags retrieved from /root/airflow_env/lib/python3.12/site-packages/airflow/example_dags/plugins/listener_plugin.py
[2024-12-10T19:10:35.192-0600] {processor.py:208} INFO - Processing /root/airflow_env/lib/python3.12/site-packages/airflow/example_dags/plugins/listener_plugin.py took 0.017 seconds
[2024-12-10T19:11:44.354-0600] {processor.py:186} INFO - Started process (PID=10553) to work on /root/airflow_env/lib/python3.12/site-packages/airflow/example_dags/plugins/listener_plugin.py
[2024-12-10T19:11:44.358-0600] {processor.py:914} INFO - Processing file /root/airflow_env/lib/python3.12/site-packages/airflow/example_dags/plugins/listener_plugin.py for tasks to queue
[2024-12-10T19:11:44.359-0600] {logging_mixin.py:190} INFO - [2024-12-10T19:11:44.359-0600] {dagbag.py:588} INFO - Filling up the DagBag from /root/airflow_env/lib/python3.12/site-packages/airflow/example_dags/plugins/listener_plugin.py
[2024-12-10T19:11:44.361-0600] {processor.py:927} WARNING - No viable dags retrieved from /root/airflow_env/lib/python3.12/site-packages/airflow/example_dags/plugins/listener_plugin.py
[2024-12-10T19:11:44.369-0600] {processor.py:208} INFO - Processing /root/airflow_env/lib/python3.12/site-packages/airflow/example_dags/plugins/listener_plugin.py took 0.019 seconds
[2024-12-10T19:12:59.371-0600] {processor.py:186} INFO - Started process (PID=10636) to work on /root/airflow_env/lib/python3.12/site-packages/airflow/example_dags/plugins/listener_plugin.py
[2024-12-10T19:12:59.374-0600] {processor.py:914} INFO - Processing file /root/airflow_env/lib/python3.12/site-packages/airflow/example_dags/plugins/listener_plugin.py for tasks to queue
[2024-12-10T19:12:59.375-0600] {logging_mixin.py:190} INFO - [2024-12-10T19:12:59.375-0600] {dagbag.py:588} INFO - Filling up the DagBag from /root/airflow_env/lib/python3.12/site-packages/airflow/example_dags/plugins/listener_plugin.py
[2024-12-10T19:12:59.377-0600] {processor.py:927} WARNING - No viable dags retrieved from /root/airflow_env/lib/python3.12/site-packages/airflow/example_dags/plugins/listener_plugin.py
[2024-12-10T19:12:59.384-0600] {processor.py:208} INFO - Processing /root/airflow_env/lib/python3.12/site-packages/airflow/example_dags/plugins/listener_plugin.py took 0.017 seconds
[2024-12-10T19:14:16.893-0600] {processor.py:186} INFO - Started process (PID=10720) to work on /root/airflow_env/lib/python3.12/site-packages/airflow/example_dags/plugins/listener_plugin.py
[2024-12-10T19:14:16.896-0600] {processor.py:914} INFO - Processing file /root/airflow_env/lib/python3.12/site-packages/airflow/example_dags/plugins/listener_plugin.py for tasks to queue
[2024-12-10T19:14:16.898-0600] {logging_mixin.py:190} INFO - [2024-12-10T19:14:16.897-0600] {dagbag.py:588} INFO - Filling up the DagBag from /root/airflow_env/lib/python3.12/site-packages/airflow/example_dags/plugins/listener_plugin.py
[2024-12-10T19:14:16.899-0600] {processor.py:927} WARNING - No viable dags retrieved from /root/airflow_env/lib/python3.12/site-packages/airflow/example_dags/plugins/listener_plugin.py
[2024-12-10T19:14:16.907-0600] {processor.py:208} INFO - Processing /root/airflow_env/lib/python3.12/site-packages/airflow/example_dags/plugins/listener_plugin.py took 0.018 seconds
[2024-12-10T19:15:36.078-0600] {processor.py:186} INFO - Started process (PID=10809) to work on /root/airflow_env/lib/python3.12/site-packages/airflow/example_dags/plugins/listener_plugin.py
[2024-12-10T19:15:36.081-0600] {processor.py:914} INFO - Processing file /root/airflow_env/lib/python3.12/site-packages/airflow/example_dags/plugins/listener_plugin.py for tasks to queue
[2024-12-10T19:15:36.083-0600] {logging_mixin.py:190} INFO - [2024-12-10T19:15:36.082-0600] {dagbag.py:588} INFO - Filling up the DagBag from /root/airflow_env/lib/python3.12/site-packages/airflow/example_dags/plugins/listener_plugin.py
[2024-12-10T19:15:36.084-0600] {processor.py:927} WARNING - No viable dags retrieved from /root/airflow_env/lib/python3.12/site-packages/airflow/example_dags/plugins/listener_plugin.py
[2024-12-10T19:15:36.092-0600] {processor.py:208} INFO - Processing /root/airflow_env/lib/python3.12/site-packages/airflow/example_dags/plugins/listener_plugin.py took 0.017 seconds
[2024-12-10T19:16:57.328-0600] {processor.py:186} INFO - Started process (PID=10898) to work on /root/airflow_env/lib/python3.12/site-packages/airflow/example_dags/plugins/listener_plugin.py
[2024-12-10T19:16:57.331-0600] {processor.py:914} INFO - Processing file /root/airflow_env/lib/python3.12/site-packages/airflow/example_dags/plugins/listener_plugin.py for tasks to queue
[2024-12-10T19:16:57.333-0600] {logging_mixin.py:190} INFO - [2024-12-10T19:16:57.333-0600] {dagbag.py:588} INFO - Filling up the DagBag from /root/airflow_env/lib/python3.12/site-packages/airflow/example_dags/plugins/listener_plugin.py
[2024-12-10T19:16:57.336-0600] {processor.py:927} WARNING - No viable dags retrieved from /root/airflow_env/lib/python3.12/site-packages/airflow/example_dags/plugins/listener_plugin.py
[2024-12-10T19:16:57.350-0600] {processor.py:208} INFO - Processing /root/airflow_env/lib/python3.12/site-packages/airflow/example_dags/plugins/listener_plugin.py took 0.038 seconds
[2024-12-10T19:18:15.453-0600] {processor.py:186} INFO - Started process (PID=10985) to work on /root/airflow_env/lib/python3.12/site-packages/airflow/example_dags/plugins/listener_plugin.py
[2024-12-10T19:18:15.454-0600] {processor.py:914} INFO - Processing file /root/airflow_env/lib/python3.12/site-packages/airflow/example_dags/plugins/listener_plugin.py for tasks to queue
[2024-12-10T19:18:15.457-0600] {logging_mixin.py:190} INFO - [2024-12-10T19:18:15.456-0600] {dagbag.py:588} INFO - Filling up the DagBag from /root/airflow_env/lib/python3.12/site-packages/airflow/example_dags/plugins/listener_plugin.py
[2024-12-10T19:18:15.459-0600] {processor.py:927} WARNING - No viable dags retrieved from /root/airflow_env/lib/python3.12/site-packages/airflow/example_dags/plugins/listener_plugin.py
[2024-12-10T19:18:15.467-0600] {processor.py:208} INFO - Processing /root/airflow_env/lib/python3.12/site-packages/airflow/example_dags/plugins/listener_plugin.py took 0.018 seconds
[2024-12-10T19:19:30.920-0600] {processor.py:186} INFO - Started process (PID=11067) to work on /root/airflow_env/lib/python3.12/site-packages/airflow/example_dags/plugins/listener_plugin.py
[2024-12-10T19:19:30.922-0600] {processor.py:914} INFO - Processing file /root/airflow_env/lib/python3.12/site-packages/airflow/example_dags/plugins/listener_plugin.py for tasks to queue
[2024-12-10T19:19:30.924-0600] {logging_mixin.py:190} INFO - [2024-12-10T19:19:30.923-0600] {dagbag.py:588} INFO - Filling up the DagBag from /root/airflow_env/lib/python3.12/site-packages/airflow/example_dags/plugins/listener_plugin.py
[2024-12-10T19:19:30.926-0600] {processor.py:927} WARNING - No viable dags retrieved from /root/airflow_env/lib/python3.12/site-packages/airflow/example_dags/plugins/listener_plugin.py
[2024-12-10T19:19:30.935-0600] {processor.py:208} INFO - Processing /root/airflow_env/lib/python3.12/site-packages/airflow/example_dags/plugins/listener_plugin.py took 0.020 seconds
[2024-12-10T19:20:52.968-0600] {processor.py:186} INFO - Started process (PID=11156) to work on /root/airflow_env/lib/python3.12/site-packages/airflow/example_dags/plugins/listener_plugin.py
[2024-12-10T19:20:52.970-0600] {processor.py:914} INFO - Processing file /root/airflow_env/lib/python3.12/site-packages/airflow/example_dags/plugins/listener_plugin.py for tasks to queue
[2024-12-10T19:20:52.972-0600] {logging_mixin.py:190} INFO - [2024-12-10T19:20:52.972-0600] {dagbag.py:588} INFO - Filling up the DagBag from /root/airflow_env/lib/python3.12/site-packages/airflow/example_dags/plugins/listener_plugin.py
[2024-12-10T19:20:52.974-0600] {processor.py:927} WARNING - No viable dags retrieved from /root/airflow_env/lib/python3.12/site-packages/airflow/example_dags/plugins/listener_plugin.py
[2024-12-10T19:20:52.981-0600] {processor.py:208} INFO - Processing /root/airflow_env/lib/python3.12/site-packages/airflow/example_dags/plugins/listener_plugin.py took 0.017 seconds
[2024-12-10T19:22:11.489-0600] {processor.py:186} INFO - Started process (PID=11243) to work on /root/airflow_env/lib/python3.12/site-packages/airflow/example_dags/plugins/listener_plugin.py
[2024-12-10T19:22:11.491-0600] {processor.py:914} INFO - Processing file /root/airflow_env/lib/python3.12/site-packages/airflow/example_dags/plugins/listener_plugin.py for tasks to queue
[2024-12-10T19:22:11.493-0600] {logging_mixin.py:190} INFO - [2024-12-10T19:22:11.492-0600] {dagbag.py:588} INFO - Filling up the DagBag from /root/airflow_env/lib/python3.12/site-packages/airflow/example_dags/plugins/listener_plugin.py
[2024-12-10T19:22:11.494-0600] {processor.py:927} WARNING - No viable dags retrieved from /root/airflow_env/lib/python3.12/site-packages/airflow/example_dags/plugins/listener_plugin.py
[2024-12-10T19:22:11.502-0600] {processor.py:208} INFO - Processing /root/airflow_env/lib/python3.12/site-packages/airflow/example_dags/plugins/listener_plugin.py took 0.017 seconds
[2024-12-10T19:23:27.028-0600] {processor.py:186} INFO - Started process (PID=11327) to work on /root/airflow_env/lib/python3.12/site-packages/airflow/example_dags/plugins/listener_plugin.py
[2024-12-10T19:23:27.030-0600] {processor.py:914} INFO - Processing file /root/airflow_env/lib/python3.12/site-packages/airflow/example_dags/plugins/listener_plugin.py for tasks to queue
[2024-12-10T19:23:27.032-0600] {logging_mixin.py:190} INFO - [2024-12-10T19:23:27.032-0600] {dagbag.py:588} INFO - Filling up the DagBag from /root/airflow_env/lib/python3.12/site-packages/airflow/example_dags/plugins/listener_plugin.py
[2024-12-10T19:23:27.034-0600] {processor.py:927} WARNING - No viable dags retrieved from /root/airflow_env/lib/python3.12/site-packages/airflow/example_dags/plugins/listener_plugin.py
[2024-12-10T19:23:27.045-0600] {processor.py:208} INFO - Processing /root/airflow_env/lib/python3.12/site-packages/airflow/example_dags/plugins/listener_plugin.py took 0.021 seconds
[2024-12-10T19:24:45.842-0600] {processor.py:186} INFO - Started process (PID=11413) to work on /root/airflow_env/lib/python3.12/site-packages/airflow/example_dags/plugins/listener_plugin.py
[2024-12-10T19:24:45.844-0600] {processor.py:914} INFO - Processing file /root/airflow_env/lib/python3.12/site-packages/airflow/example_dags/plugins/listener_plugin.py for tasks to queue
[2024-12-10T19:24:45.845-0600] {logging_mixin.py:190} INFO - [2024-12-10T19:24:45.845-0600] {dagbag.py:588} INFO - Filling up the DagBag from /root/airflow_env/lib/python3.12/site-packages/airflow/example_dags/plugins/listener_plugin.py
[2024-12-10T19:24:45.847-0600] {processor.py:927} WARNING - No viable dags retrieved from /root/airflow_env/lib/python3.12/site-packages/airflow/example_dags/plugins/listener_plugin.py
[2024-12-10T19:24:45.857-0600] {processor.py:208} INFO - Processing /root/airflow_env/lib/python3.12/site-packages/airflow/example_dags/plugins/listener_plugin.py took 0.020 seconds
[2024-12-10T19:26:09.272-0600] {processor.py:186} INFO - Started process (PID=11503) to work on /root/airflow_env/lib/python3.12/site-packages/airflow/example_dags/plugins/listener_plugin.py
[2024-12-10T19:26:09.275-0600] {processor.py:914} INFO - Processing file /root/airflow_env/lib/python3.12/site-packages/airflow/example_dags/plugins/listener_plugin.py for tasks to queue
[2024-12-10T19:26:09.276-0600] {logging_mixin.py:190} INFO - [2024-12-10T19:26:09.276-0600] {dagbag.py:588} INFO - Filling up the DagBag from /root/airflow_env/lib/python3.12/site-packages/airflow/example_dags/plugins/listener_plugin.py
[2024-12-10T19:26:09.278-0600] {processor.py:927} WARNING - No viable dags retrieved from /root/airflow_env/lib/python3.12/site-packages/airflow/example_dags/plugins/listener_plugin.py
[2024-12-10T19:26:09.286-0600] {processor.py:208} INFO - Processing /root/airflow_env/lib/python3.12/site-packages/airflow/example_dags/plugins/listener_plugin.py took 0.017 seconds
[2024-12-10T19:27:25.338-0600] {processor.py:186} INFO - Started process (PID=11588) to work on /root/airflow_env/lib/python3.12/site-packages/airflow/example_dags/plugins/listener_plugin.py
[2024-12-10T19:27:25.341-0600] {processor.py:914} INFO - Processing file /root/airflow_env/lib/python3.12/site-packages/airflow/example_dags/plugins/listener_plugin.py for tasks to queue
[2024-12-10T19:27:25.342-0600] {logging_mixin.py:190} INFO - [2024-12-10T19:27:25.342-0600] {dagbag.py:588} INFO - Filling up the DagBag from /root/airflow_env/lib/python3.12/site-packages/airflow/example_dags/plugins/listener_plugin.py
[2024-12-10T19:27:25.344-0600] {processor.py:927} WARNING - No viable dags retrieved from /root/airflow_env/lib/python3.12/site-packages/airflow/example_dags/plugins/listener_plugin.py
[2024-12-10T19:27:25.352-0600] {processor.py:208} INFO - Processing /root/airflow_env/lib/python3.12/site-packages/airflow/example_dags/plugins/listener_plugin.py took 0.018 seconds
[2024-12-10T19:28:44.846-0600] {processor.py:186} INFO - Started process (PID=11675) to work on /root/airflow_env/lib/python3.12/site-packages/airflow/example_dags/plugins/listener_plugin.py
[2024-12-10T19:28:44.849-0600] {processor.py:914} INFO - Processing file /root/airflow_env/lib/python3.12/site-packages/airflow/example_dags/plugins/listener_plugin.py for tasks to queue
[2024-12-10T19:28:44.850-0600] {logging_mixin.py:190} INFO - [2024-12-10T19:28:44.850-0600] {dagbag.py:588} INFO - Filling up the DagBag from /root/airflow_env/lib/python3.12/site-packages/airflow/example_dags/plugins/listener_plugin.py
[2024-12-10T19:28:44.852-0600] {processor.py:927} WARNING - No viable dags retrieved from /root/airflow_env/lib/python3.12/site-packages/airflow/example_dags/plugins/listener_plugin.py
[2024-12-10T19:28:44.860-0600] {processor.py:208} INFO - Processing /root/airflow_env/lib/python3.12/site-packages/airflow/example_dags/plugins/listener_plugin.py took 0.017 seconds
[2024-12-10T19:30:06.091-0600] {processor.py:186} INFO - Started process (PID=11763) to work on /root/airflow_env/lib/python3.12/site-packages/airflow/example_dags/plugins/listener_plugin.py
[2024-12-10T19:30:06.093-0600] {processor.py:914} INFO - Processing file /root/airflow_env/lib/python3.12/site-packages/airflow/example_dags/plugins/listener_plugin.py for tasks to queue
[2024-12-10T19:30:06.095-0600] {logging_mixin.py:190} INFO - [2024-12-10T19:30:06.094-0600] {dagbag.py:588} INFO - Filling up the DagBag from /root/airflow_env/lib/python3.12/site-packages/airflow/example_dags/plugins/listener_plugin.py
[2024-12-10T19:30:06.096-0600] {processor.py:927} WARNING - No viable dags retrieved from /root/airflow_env/lib/python3.12/site-packages/airflow/example_dags/plugins/listener_plugin.py
[2024-12-10T19:30:06.104-0600] {processor.py:208} INFO - Processing /root/airflow_env/lib/python3.12/site-packages/airflow/example_dags/plugins/listener_plugin.py took 0.017 seconds
[2024-12-10T19:31:25.411-0600] {processor.py:186} INFO - Started process (PID=11848) to work on /root/airflow_env/lib/python3.12/site-packages/airflow/example_dags/plugins/listener_plugin.py
[2024-12-10T19:31:25.413-0600] {processor.py:914} INFO - Processing file /root/airflow_env/lib/python3.12/site-packages/airflow/example_dags/plugins/listener_plugin.py for tasks to queue
[2024-12-10T19:31:25.415-0600] {logging_mixin.py:190} INFO - [2024-12-10T19:31:25.415-0600] {dagbag.py:588} INFO - Filling up the DagBag from /root/airflow_env/lib/python3.12/site-packages/airflow/example_dags/plugins/listener_plugin.py
[2024-12-10T19:31:25.417-0600] {processor.py:927} WARNING - No viable dags retrieved from /root/airflow_env/lib/python3.12/site-packages/airflow/example_dags/plugins/listener_plugin.py
[2024-12-10T19:31:25.426-0600] {processor.py:208} INFO - Processing /root/airflow_env/lib/python3.12/site-packages/airflow/example_dags/plugins/listener_plugin.py took 0.031 seconds
