[2024-12-10T18:01:12.075-0600] {processor.py:186} INFO - Started process (PID=5079) to work on /root/airflow_env/lib/python3.12/site-packages/airflow/example_dags/plugins/workday.py
[2024-12-10T18:01:12.076-0600] {processor.py:914} INFO - Processing file /root/airflow_env/lib/python3.12/site-packages/airflow/example_dags/plugins/workday.py for tasks to queue
[2024-12-10T18:01:12.076-0600] {logging_mixin.py:190} INFO - [2024-12-10T18:01:12.076-0600] {dagbag.py:588} INFO - Filling up the DagBag from /root/airflow_env/lib/python3.12/site-packages/airflow/example_dags/plugins/workday.py
[2024-12-10T18:01:12.078-0600] {processor.py:927} WARNING - No viable dags retrieved from /root/airflow_env/lib/python3.12/site-packages/airflow/example_dags/plugins/workday.py
[2024-12-10T18:01:12.086-0600] {processor.py:208} INFO - Processing /root/airflow_env/lib/python3.12/site-packages/airflow/example_dags/plugins/workday.py took 0.015 seconds
[2024-12-10T18:03:08.991-0600] {processor.py:186} INFO - Started process (PID=5254) to work on /root/airflow_env/lib/python3.12/site-packages/airflow/example_dags/plugins/workday.py
[2024-12-10T18:03:08.992-0600] {processor.py:914} INFO - Processing file /root/airflow_env/lib/python3.12/site-packages/airflow/example_dags/plugins/workday.py for tasks to queue
[2024-12-10T18:03:08.993-0600] {logging_mixin.py:190} INFO - [2024-12-10T18:03:08.993-0600] {dagbag.py:588} INFO - Filling up the DagBag from /root/airflow_env/lib/python3.12/site-packages/airflow/example_dags/plugins/workday.py
[2024-12-10T18:03:08.995-0600] {processor.py:927} WARNING - No viable dags retrieved from /root/airflow_env/lib/python3.12/site-packages/airflow/example_dags/plugins/workday.py
[2024-12-10T18:03:09.002-0600] {processor.py:208} INFO - Processing /root/airflow_env/lib/python3.12/site-packages/airflow/example_dags/plugins/workday.py took 0.015 seconds
[2024-12-10T18:04:30.086-0600] {processor.py:186} INFO - Started process (PID=5355) to work on /root/airflow_env/lib/python3.12/site-packages/airflow/example_dags/plugins/workday.py
[2024-12-10T18:04:30.088-0600] {processor.py:914} INFO - Processing file /root/airflow_env/lib/python3.12/site-packages/airflow/example_dags/plugins/workday.py for tasks to queue
[2024-12-10T18:04:30.089-0600] {logging_mixin.py:190} INFO - [2024-12-10T18:04:30.089-0600] {dagbag.py:588} INFO - Filling up the DagBag from /root/airflow_env/lib/python3.12/site-packages/airflow/example_dags/plugins/workday.py
[2024-12-10T18:04:30.092-0600] {processor.py:927} WARNING - No viable dags retrieved from /root/airflow_env/lib/python3.12/site-packages/airflow/example_dags/plugins/workday.py
[2024-12-10T18:04:30.099-0600] {processor.py:208} INFO - Processing /root/airflow_env/lib/python3.12/site-packages/airflow/example_dags/plugins/workday.py took 0.017 seconds
[2024-12-10T18:05:27.895-0600] {processor.py:186} INFO - Started process (PID=5439) to work on /root/airflow_env/lib/python3.12/site-packages/airflow/example_dags/plugins/workday.py
[2024-12-10T18:05:27.897-0600] {processor.py:914} INFO - Processing file /root/airflow_env/lib/python3.12/site-packages/airflow/example_dags/plugins/workday.py for tasks to queue
[2024-12-10T18:05:27.898-0600] {logging_mixin.py:190} INFO - [2024-12-10T18:05:27.898-0600] {dagbag.py:588} INFO - Filling up the DagBag from /root/airflow_env/lib/python3.12/site-packages/airflow/example_dags/plugins/workday.py
[2024-12-10T18:05:27.901-0600] {processor.py:927} WARNING - No viable dags retrieved from /root/airflow_env/lib/python3.12/site-packages/airflow/example_dags/plugins/workday.py
[2024-12-10T18:05:27.909-0600] {processor.py:208} INFO - Processing /root/airflow_env/lib/python3.12/site-packages/airflow/example_dags/plugins/workday.py took 0.017 seconds
[2024-12-10T18:06:24.796-0600] {processor.py:186} INFO - Started process (PID=5592) to work on /root/airflow_env/lib/python3.12/site-packages/airflow/example_dags/plugins/workday.py
[2024-12-10T18:06:24.798-0600] {processor.py:914} INFO - Processing file /root/airflow_env/lib/python3.12/site-packages/airflow/example_dags/plugins/workday.py for tasks to queue
[2024-12-10T18:06:24.800-0600] {logging_mixin.py:190} INFO - [2024-12-10T18:06:24.800-0600] {dagbag.py:588} INFO - Filling up the DagBag from /root/airflow_env/lib/python3.12/site-packages/airflow/example_dags/plugins/workday.py
[2024-12-10T18:06:24.802-0600] {processor.py:927} WARNING - No viable dags retrieved from /root/airflow_env/lib/python3.12/site-packages/airflow/example_dags/plugins/workday.py
[2024-12-10T18:06:24.810-0600] {processor.py:208} INFO - Processing /root/airflow_env/lib/python3.12/site-packages/airflow/example_dags/plugins/workday.py took 0.018 seconds
[2024-12-10T18:07:55.582-0600] {processor.py:186} INFO - Started process (PID=5735) to work on /root/airflow_env/lib/python3.12/site-packages/airflow/example_dags/plugins/workday.py
[2024-12-10T18:07:55.584-0600] {processor.py:914} INFO - Processing file /root/airflow_env/lib/python3.12/site-packages/airflow/example_dags/plugins/workday.py for tasks to queue
[2024-12-10T18:07:55.585-0600] {logging_mixin.py:190} INFO - [2024-12-10T18:07:55.585-0600] {dagbag.py:588} INFO - Filling up the DagBag from /root/airflow_env/lib/python3.12/site-packages/airflow/example_dags/plugins/workday.py
[2024-12-10T18:07:55.587-0600] {processor.py:927} WARNING - No viable dags retrieved from /root/airflow_env/lib/python3.12/site-packages/airflow/example_dags/plugins/workday.py
[2024-12-10T18:07:55.595-0600] {processor.py:208} INFO - Processing /root/airflow_env/lib/python3.12/site-packages/airflow/example_dags/plugins/workday.py took 0.017 seconds
[2024-12-10T18:09:01.928-0600] {processor.py:186} INFO - Started process (PID=5851) to work on /root/airflow_env/lib/python3.12/site-packages/airflow/example_dags/plugins/workday.py
[2024-12-10T18:09:01.931-0600] {processor.py:914} INFO - Processing file /root/airflow_env/lib/python3.12/site-packages/airflow/example_dags/plugins/workday.py for tasks to queue
[2024-12-10T18:09:01.932-0600] {logging_mixin.py:190} INFO - [2024-12-10T18:09:01.932-0600] {dagbag.py:588} INFO - Filling up the DagBag from /root/airflow_env/lib/python3.12/site-packages/airflow/example_dags/plugins/workday.py
[2024-12-10T18:09:01.934-0600] {processor.py:927} WARNING - No viable dags retrieved from /root/airflow_env/lib/python3.12/site-packages/airflow/example_dags/plugins/workday.py
[2024-12-10T18:09:01.941-0600] {processor.py:208} INFO - Processing /root/airflow_env/lib/python3.12/site-packages/airflow/example_dags/plugins/workday.py took 0.017 seconds
[2024-12-10T18:13:38.312-0600] {processor.py:186} INFO - Started process (PID=6029) to work on /root/airflow_env/lib/python3.12/site-packages/airflow/example_dags/plugins/workday.py
[2024-12-10T18:13:38.313-0600] {processor.py:914} INFO - Processing file /root/airflow_env/lib/python3.12/site-packages/airflow/example_dags/plugins/workday.py for tasks to queue
[2024-12-10T18:13:38.315-0600] {logging_mixin.py:190} INFO - [2024-12-10T18:13:38.315-0600] {dagbag.py:588} INFO - Filling up the DagBag from /root/airflow_env/lib/python3.12/site-packages/airflow/example_dags/plugins/workday.py
[2024-12-10T18:13:38.318-0600] {processor.py:927} WARNING - No viable dags retrieved from /root/airflow_env/lib/python3.12/site-packages/airflow/example_dags/plugins/workday.py
[2024-12-10T18:13:38.331-0600] {processor.py:208} INFO - Processing /root/airflow_env/lib/python3.12/site-packages/airflow/example_dags/plugins/workday.py took 0.024 seconds
[2024-12-10T18:14:38.009-0600] {processor.py:186} INFO - Started process (PID=6093) to work on /root/airflow_env/lib/python3.12/site-packages/airflow/example_dags/plugins/workday.py
[2024-12-10T18:14:38.010-0600] {processor.py:914} INFO - Processing file /root/airflow_env/lib/python3.12/site-packages/airflow/example_dags/plugins/workday.py for tasks to queue
[2024-12-10T18:14:38.011-0600] {logging_mixin.py:190} INFO - [2024-12-10T18:14:38.011-0600] {dagbag.py:588} INFO - Filling up the DagBag from /root/airflow_env/lib/python3.12/site-packages/airflow/example_dags/plugins/workday.py
[2024-12-10T18:14:38.013-0600] {processor.py:927} WARNING - No viable dags retrieved from /root/airflow_env/lib/python3.12/site-packages/airflow/example_dags/plugins/workday.py
[2024-12-10T18:14:38.021-0600] {processor.py:208} INFO - Processing /root/airflow_env/lib/python3.12/site-packages/airflow/example_dags/plugins/workday.py took 0.016 seconds
[2024-12-10T18:15:58.711-0600] {processor.py:186} INFO - Started process (PID=6183) to work on /root/airflow_env/lib/python3.12/site-packages/airflow/example_dags/plugins/workday.py
[2024-12-10T18:15:58.714-0600] {processor.py:914} INFO - Processing file /root/airflow_env/lib/python3.12/site-packages/airflow/example_dags/plugins/workday.py for tasks to queue
[2024-12-10T18:15:58.716-0600] {logging_mixin.py:190} INFO - [2024-12-10T18:15:58.716-0600] {dagbag.py:588} INFO - Filling up the DagBag from /root/airflow_env/lib/python3.12/site-packages/airflow/example_dags/plugins/workday.py
[2024-12-10T18:15:58.718-0600] {processor.py:927} WARNING - No viable dags retrieved from /root/airflow_env/lib/python3.12/site-packages/airflow/example_dags/plugins/workday.py
[2024-12-10T18:15:58.726-0600] {processor.py:208} INFO - Processing /root/airflow_env/lib/python3.12/site-packages/airflow/example_dags/plugins/workday.py took 0.020 seconds
[2024-12-10T18:17:33.080-0600] {processor.py:186} INFO - Started process (PID=6413) to work on /root/airflow_env/lib/python3.12/site-packages/airflow/example_dags/plugins/workday.py
[2024-12-10T18:17:33.083-0600] {processor.py:914} INFO - Processing file /root/airflow_env/lib/python3.12/site-packages/airflow/example_dags/plugins/workday.py for tasks to queue
[2024-12-10T18:17:33.084-0600] {logging_mixin.py:190} INFO - [2024-12-10T18:17:33.084-0600] {dagbag.py:588} INFO - Filling up the DagBag from /root/airflow_env/lib/python3.12/site-packages/airflow/example_dags/plugins/workday.py
[2024-12-10T18:17:33.086-0600] {processor.py:927} WARNING - No viable dags retrieved from /root/airflow_env/lib/python3.12/site-packages/airflow/example_dags/plugins/workday.py
[2024-12-10T18:17:33.094-0600] {processor.py:208} INFO - Processing /root/airflow_env/lib/python3.12/site-packages/airflow/example_dags/plugins/workday.py took 0.018 seconds
[2024-12-10T18:18:43.176-0600] {processor.py:186} INFO - Started process (PID=6629) to work on /root/airflow_env/lib/python3.12/site-packages/airflow/example_dags/plugins/workday.py
[2024-12-10T18:18:43.178-0600] {processor.py:914} INFO - Processing file /root/airflow_env/lib/python3.12/site-packages/airflow/example_dags/plugins/workday.py for tasks to queue
[2024-12-10T18:18:43.179-0600] {logging_mixin.py:190} INFO - [2024-12-10T18:18:43.179-0600] {dagbag.py:588} INFO - Filling up the DagBag from /root/airflow_env/lib/python3.12/site-packages/airflow/example_dags/plugins/workday.py
[2024-12-10T18:18:43.181-0600] {processor.py:927} WARNING - No viable dags retrieved from /root/airflow_env/lib/python3.12/site-packages/airflow/example_dags/plugins/workday.py
[2024-12-10T18:18:43.189-0600] {processor.py:208} INFO - Processing /root/airflow_env/lib/python3.12/site-packages/airflow/example_dags/plugins/workday.py took 0.017 seconds
[2024-12-10T18:19:48.825-0600] {processor.py:186} INFO - Started process (PID=6699) to work on /root/airflow_env/lib/python3.12/site-packages/airflow/example_dags/plugins/workday.py
[2024-12-10T18:19:48.828-0600] {processor.py:914} INFO - Processing file /root/airflow_env/lib/python3.12/site-packages/airflow/example_dags/plugins/workday.py for tasks to queue
[2024-12-10T18:19:48.829-0600] {logging_mixin.py:190} INFO - [2024-12-10T18:19:48.829-0600] {dagbag.py:588} INFO - Filling up the DagBag from /root/airflow_env/lib/python3.12/site-packages/airflow/example_dags/plugins/workday.py
[2024-12-10T18:19:48.831-0600] {processor.py:927} WARNING - No viable dags retrieved from /root/airflow_env/lib/python3.12/site-packages/airflow/example_dags/plugins/workday.py
[2024-12-10T18:19:48.839-0600] {processor.py:208} INFO - Processing /root/airflow_env/lib/python3.12/site-packages/airflow/example_dags/plugins/workday.py took 0.017 seconds
[2024-12-10T18:21:08.059-0600] {processor.py:186} INFO - Started process (PID=6786) to work on /root/airflow_env/lib/python3.12/site-packages/airflow/example_dags/plugins/workday.py
[2024-12-10T18:21:08.062-0600] {processor.py:914} INFO - Processing file /root/airflow_env/lib/python3.12/site-packages/airflow/example_dags/plugins/workday.py for tasks to queue
[2024-12-10T18:21:08.063-0600] {logging_mixin.py:190} INFO - [2024-12-10T18:21:08.063-0600] {dagbag.py:588} INFO - Filling up the DagBag from /root/airflow_env/lib/python3.12/site-packages/airflow/example_dags/plugins/workday.py
[2024-12-10T18:21:08.065-0600] {processor.py:927} WARNING - No viable dags retrieved from /root/airflow_env/lib/python3.12/site-packages/airflow/example_dags/plugins/workday.py
[2024-12-10T18:21:08.073-0600] {processor.py:208} INFO - Processing /root/airflow_env/lib/python3.12/site-packages/airflow/example_dags/plugins/workday.py took 0.017 seconds
[2024-12-10T18:22:26.028-0600] {processor.py:186} INFO - Started process (PID=6873) to work on /root/airflow_env/lib/python3.12/site-packages/airflow/example_dags/plugins/workday.py
[2024-12-10T18:22:26.031-0600] {processor.py:914} INFO - Processing file /root/airflow_env/lib/python3.12/site-packages/airflow/example_dags/plugins/workday.py for tasks to queue
[2024-12-10T18:22:26.032-0600] {logging_mixin.py:190} INFO - [2024-12-10T18:22:26.032-0600] {dagbag.py:588} INFO - Filling up the DagBag from /root/airflow_env/lib/python3.12/site-packages/airflow/example_dags/plugins/workday.py
[2024-12-10T18:22:26.034-0600] {processor.py:927} WARNING - No viable dags retrieved from /root/airflow_env/lib/python3.12/site-packages/airflow/example_dags/plugins/workday.py
[2024-12-10T18:22:26.041-0600] {processor.py:208} INFO - Processing /root/airflow_env/lib/python3.12/site-packages/airflow/example_dags/plugins/workday.py took 0.017 seconds
[2024-12-10T18:23:44.770-0600] {processor.py:186} INFO - Started process (PID=6959) to work on /root/airflow_env/lib/python3.12/site-packages/airflow/example_dags/plugins/workday.py
[2024-12-10T18:23:44.772-0600] {processor.py:914} INFO - Processing file /root/airflow_env/lib/python3.12/site-packages/airflow/example_dags/plugins/workday.py for tasks to queue
[2024-12-10T18:23:44.773-0600] {logging_mixin.py:190} INFO - [2024-12-10T18:23:44.773-0600] {dagbag.py:588} INFO - Filling up the DagBag from /root/airflow_env/lib/python3.12/site-packages/airflow/example_dags/plugins/workday.py
[2024-12-10T18:23:44.775-0600] {processor.py:927} WARNING - No viable dags retrieved from /root/airflow_env/lib/python3.12/site-packages/airflow/example_dags/plugins/workday.py
[2024-12-10T18:23:44.787-0600] {processor.py:208} INFO - Processing /root/airflow_env/lib/python3.12/site-packages/airflow/example_dags/plugins/workday.py took 0.021 seconds
[2024-12-10T18:24:42.256-0600] {processor.py:186} INFO - Started process (PID=7020) to work on /root/airflow_env/lib/python3.12/site-packages/airflow/example_dags/plugins/workday.py
[2024-12-10T18:24:42.257-0600] {processor.py:914} INFO - Processing file /root/airflow_env/lib/python3.12/site-packages/airflow/example_dags/plugins/workday.py for tasks to queue
[2024-12-10T18:24:42.259-0600] {logging_mixin.py:190} INFO - [2024-12-10T18:24:42.259-0600] {dagbag.py:588} INFO - Filling up the DagBag from /root/airflow_env/lib/python3.12/site-packages/airflow/example_dags/plugins/workday.py
[2024-12-10T18:24:42.261-0600] {processor.py:927} WARNING - No viable dags retrieved from /root/airflow_env/lib/python3.12/site-packages/airflow/example_dags/plugins/workday.py
[2024-12-10T18:24:42.270-0600] {processor.py:208} INFO - Processing /root/airflow_env/lib/python3.12/site-packages/airflow/example_dags/plugins/workday.py took 0.020 seconds
[2024-12-10T18:25:57.685-0600] {processor.py:186} INFO - Started process (PID=7106) to work on /root/airflow_env/lib/python3.12/site-packages/airflow/example_dags/plugins/workday.py
[2024-12-10T18:25:57.687-0600] {processor.py:914} INFO - Processing file /root/airflow_env/lib/python3.12/site-packages/airflow/example_dags/plugins/workday.py for tasks to queue
[2024-12-10T18:25:57.689-0600] {logging_mixin.py:190} INFO - [2024-12-10T18:25:57.688-0600] {dagbag.py:588} INFO - Filling up the DagBag from /root/airflow_env/lib/python3.12/site-packages/airflow/example_dags/plugins/workday.py
[2024-12-10T18:25:57.691-0600] {processor.py:927} WARNING - No viable dags retrieved from /root/airflow_env/lib/python3.12/site-packages/airflow/example_dags/plugins/workday.py
[2024-12-10T18:25:57.700-0600] {processor.py:208} INFO - Processing /root/airflow_env/lib/python3.12/site-packages/airflow/example_dags/plugins/workday.py took 0.019 seconds
[2024-12-10T18:27:17.437-0600] {processor.py:186} INFO - Started process (PID=7193) to work on /root/airflow_env/lib/python3.12/site-packages/airflow/example_dags/plugins/workday.py
[2024-12-10T18:27:17.438-0600] {processor.py:914} INFO - Processing file /root/airflow_env/lib/python3.12/site-packages/airflow/example_dags/plugins/workday.py for tasks to queue
[2024-12-10T18:27:17.440-0600] {logging_mixin.py:190} INFO - [2024-12-10T18:27:17.440-0600] {dagbag.py:588} INFO - Filling up the DagBag from /root/airflow_env/lib/python3.12/site-packages/airflow/example_dags/plugins/workday.py
[2024-12-10T18:27:17.442-0600] {processor.py:927} WARNING - No viable dags retrieved from /root/airflow_env/lib/python3.12/site-packages/airflow/example_dags/plugins/workday.py
[2024-12-10T18:27:17.450-0600] {processor.py:208} INFO - Processing /root/airflow_env/lib/python3.12/site-packages/airflow/example_dags/plugins/workday.py took 0.017 seconds
[2024-12-10T18:28:38.520-0600] {processor.py:186} INFO - Started process (PID=7281) to work on /root/airflow_env/lib/python3.12/site-packages/airflow/example_dags/plugins/workday.py
[2024-12-10T18:28:38.540-0600] {processor.py:914} INFO - Processing file /root/airflow_env/lib/python3.12/site-packages/airflow/example_dags/plugins/workday.py for tasks to queue
[2024-12-10T18:28:38.543-0600] {logging_mixin.py:190} INFO - [2024-12-10T18:28:38.542-0600] {dagbag.py:588} INFO - Filling up the DagBag from /root/airflow_env/lib/python3.12/site-packages/airflow/example_dags/plugins/workday.py
[2024-12-10T18:28:38.545-0600] {processor.py:927} WARNING - No viable dags retrieved from /root/airflow_env/lib/python3.12/site-packages/airflow/example_dags/plugins/workday.py
[2024-12-10T18:28:38.552-0600] {processor.py:208} INFO - Processing /root/airflow_env/lib/python3.12/site-packages/airflow/example_dags/plugins/workday.py took 0.036 seconds
[2024-12-10T18:30:03.938-0600] {processor.py:186} INFO - Started process (PID=7370) to work on /root/airflow_env/lib/python3.12/site-packages/airflow/example_dags/plugins/workday.py
[2024-12-10T18:30:03.940-0600] {processor.py:914} INFO - Processing file /root/airflow_env/lib/python3.12/site-packages/airflow/example_dags/plugins/workday.py for tasks to queue
[2024-12-10T18:30:03.942-0600] {logging_mixin.py:190} INFO - [2024-12-10T18:30:03.942-0600] {dagbag.py:588} INFO - Filling up the DagBag from /root/airflow_env/lib/python3.12/site-packages/airflow/example_dags/plugins/workday.py
[2024-12-10T18:30:03.944-0600] {processor.py:927} WARNING - No viable dags retrieved from /root/airflow_env/lib/python3.12/site-packages/airflow/example_dags/plugins/workday.py
[2024-12-10T18:30:03.951-0600] {processor.py:208} INFO - Processing /root/airflow_env/lib/python3.12/site-packages/airflow/example_dags/plugins/workday.py took 0.018 seconds
[2024-12-10T18:31:23.895-0600] {processor.py:186} INFO - Started process (PID=7457) to work on /root/airflow_env/lib/python3.12/site-packages/airflow/example_dags/plugins/workday.py
[2024-12-10T18:31:23.898-0600] {processor.py:914} INFO - Processing file /root/airflow_env/lib/python3.12/site-packages/airflow/example_dags/plugins/workday.py for tasks to queue
[2024-12-10T18:31:23.899-0600] {logging_mixin.py:190} INFO - [2024-12-10T18:31:23.899-0600] {dagbag.py:588} INFO - Filling up the DagBag from /root/airflow_env/lib/python3.12/site-packages/airflow/example_dags/plugins/workday.py
[2024-12-10T18:31:23.901-0600] {processor.py:927} WARNING - No viable dags retrieved from /root/airflow_env/lib/python3.12/site-packages/airflow/example_dags/plugins/workday.py
[2024-12-10T18:31:23.908-0600] {processor.py:208} INFO - Processing /root/airflow_env/lib/python3.12/site-packages/airflow/example_dags/plugins/workday.py took 0.017 seconds
[2024-12-10T18:32:44.573-0600] {processor.py:186} INFO - Started process (PID=7544) to work on /root/airflow_env/lib/python3.12/site-packages/airflow/example_dags/plugins/workday.py
[2024-12-10T18:32:44.576-0600] {processor.py:914} INFO - Processing file /root/airflow_env/lib/python3.12/site-packages/airflow/example_dags/plugins/workday.py for tasks to queue
[2024-12-10T18:32:44.577-0600] {logging_mixin.py:190} INFO - [2024-12-10T18:32:44.577-0600] {dagbag.py:588} INFO - Filling up the DagBag from /root/airflow_env/lib/python3.12/site-packages/airflow/example_dags/plugins/workday.py
[2024-12-10T18:32:44.579-0600] {processor.py:927} WARNING - No viable dags retrieved from /root/airflow_env/lib/python3.12/site-packages/airflow/example_dags/plugins/workday.py
[2024-12-10T18:32:44.586-0600] {processor.py:208} INFO - Processing /root/airflow_env/lib/python3.12/site-packages/airflow/example_dags/plugins/workday.py took 0.017 seconds
[2024-12-10T18:34:01.153-0600] {processor.py:186} INFO - Started process (PID=7629) to work on /root/airflow_env/lib/python3.12/site-packages/airflow/example_dags/plugins/workday.py
[2024-12-10T18:34:01.155-0600] {processor.py:914} INFO - Processing file /root/airflow_env/lib/python3.12/site-packages/airflow/example_dags/plugins/workday.py for tasks to queue
[2024-12-10T18:34:01.157-0600] {logging_mixin.py:190} INFO - [2024-12-10T18:34:01.157-0600] {dagbag.py:588} INFO - Filling up the DagBag from /root/airflow_env/lib/python3.12/site-packages/airflow/example_dags/plugins/workday.py
[2024-12-10T18:34:01.159-0600] {processor.py:927} WARNING - No viable dags retrieved from /root/airflow_env/lib/python3.12/site-packages/airflow/example_dags/plugins/workday.py
[2024-12-10T18:34:01.166-0600] {processor.py:208} INFO - Processing /root/airflow_env/lib/python3.12/site-packages/airflow/example_dags/plugins/workday.py took 0.017 seconds
[2024-12-10T18:35:17.251-0600] {processor.py:186} INFO - Started process (PID=7715) to work on /root/airflow_env/lib/python3.12/site-packages/airflow/example_dags/plugins/workday.py
[2024-12-10T18:35:17.253-0600] {processor.py:914} INFO - Processing file /root/airflow_env/lib/python3.12/site-packages/airflow/example_dags/plugins/workday.py for tasks to queue
[2024-12-10T18:35:17.255-0600] {logging_mixin.py:190} INFO - [2024-12-10T18:35:17.254-0600] {dagbag.py:588} INFO - Filling up the DagBag from /root/airflow_env/lib/python3.12/site-packages/airflow/example_dags/plugins/workday.py
[2024-12-10T18:35:17.257-0600] {processor.py:927} WARNING - No viable dags retrieved from /root/airflow_env/lib/python3.12/site-packages/airflow/example_dags/plugins/workday.py
[2024-12-10T18:35:17.264-0600] {processor.py:208} INFO - Processing /root/airflow_env/lib/python3.12/site-packages/airflow/example_dags/plugins/workday.py took 0.017 seconds
[2024-12-10T18:36:37.382-0600] {processor.py:186} INFO - Started process (PID=7803) to work on /root/airflow_env/lib/python3.12/site-packages/airflow/example_dags/plugins/workday.py
[2024-12-10T18:36:37.384-0600] {processor.py:914} INFO - Processing file /root/airflow_env/lib/python3.12/site-packages/airflow/example_dags/plugins/workday.py for tasks to queue
[2024-12-10T18:36:37.386-0600] {logging_mixin.py:190} INFO - [2024-12-10T18:36:37.385-0600] {dagbag.py:588} INFO - Filling up the DagBag from /root/airflow_env/lib/python3.12/site-packages/airflow/example_dags/plugins/workday.py
[2024-12-10T18:36:37.388-0600] {processor.py:927} WARNING - No viable dags retrieved from /root/airflow_env/lib/python3.12/site-packages/airflow/example_dags/plugins/workday.py
[2024-12-10T18:36:37.395-0600] {processor.py:208} INFO - Processing /root/airflow_env/lib/python3.12/site-packages/airflow/example_dags/plugins/workday.py took 0.017 seconds
[2024-12-10T18:37:58.824-0600] {processor.py:186} INFO - Started process (PID=7890) to work on /root/airflow_env/lib/python3.12/site-packages/airflow/example_dags/plugins/workday.py
[2024-12-10T18:37:58.827-0600] {processor.py:914} INFO - Processing file /root/airflow_env/lib/python3.12/site-packages/airflow/example_dags/plugins/workday.py for tasks to queue
[2024-12-10T18:37:58.828-0600] {logging_mixin.py:190} INFO - [2024-12-10T18:37:58.828-0600] {dagbag.py:588} INFO - Filling up the DagBag from /root/airflow_env/lib/python3.12/site-packages/airflow/example_dags/plugins/workday.py
[2024-12-10T18:37:58.830-0600] {processor.py:927} WARNING - No viable dags retrieved from /root/airflow_env/lib/python3.12/site-packages/airflow/example_dags/plugins/workday.py
[2024-12-10T18:37:58.837-0600] {processor.py:208} INFO - Processing /root/airflow_env/lib/python3.12/site-packages/airflow/example_dags/plugins/workday.py took 0.017 seconds
[2024-12-10T18:39:17.068-0600] {processor.py:186} INFO - Started process (PID=7976) to work on /root/airflow_env/lib/python3.12/site-packages/airflow/example_dags/plugins/workday.py
[2024-12-10T18:39:17.071-0600] {processor.py:914} INFO - Processing file /root/airflow_env/lib/python3.12/site-packages/airflow/example_dags/plugins/workday.py for tasks to queue
[2024-12-10T18:39:17.073-0600] {logging_mixin.py:190} INFO - [2024-12-10T18:39:17.072-0600] {dagbag.py:588} INFO - Filling up the DagBag from /root/airflow_env/lib/python3.12/site-packages/airflow/example_dags/plugins/workday.py
[2024-12-10T18:39:17.074-0600] {processor.py:927} WARNING - No viable dags retrieved from /root/airflow_env/lib/python3.12/site-packages/airflow/example_dags/plugins/workday.py
[2024-12-10T18:39:17.082-0600] {processor.py:208} INFO - Processing /root/airflow_env/lib/python3.12/site-packages/airflow/example_dags/plugins/workday.py took 0.017 seconds
[2024-12-10T18:40:37.963-0600] {processor.py:186} INFO - Started process (PID=8508) to work on /root/airflow_env/lib/python3.12/site-packages/airflow/example_dags/plugins/workday.py
[2024-12-10T18:40:37.966-0600] {processor.py:914} INFO - Processing file /root/airflow_env/lib/python3.12/site-packages/airflow/example_dags/plugins/workday.py for tasks to queue
[2024-12-10T18:40:37.967-0600] {logging_mixin.py:190} INFO - [2024-12-10T18:40:37.967-0600] {dagbag.py:588} INFO - Filling up the DagBag from /root/airflow_env/lib/python3.12/site-packages/airflow/example_dags/plugins/workday.py
[2024-12-10T18:40:37.969-0600] {processor.py:927} WARNING - No viable dags retrieved from /root/airflow_env/lib/python3.12/site-packages/airflow/example_dags/plugins/workday.py
[2024-12-10T18:40:37.976-0600] {processor.py:208} INFO - Processing /root/airflow_env/lib/python3.12/site-packages/airflow/example_dags/plugins/workday.py took 0.017 seconds
[2024-12-10T18:41:53.652-0600] {processor.py:186} INFO - Started process (PID=8596) to work on /root/airflow_env/lib/python3.12/site-packages/airflow/example_dags/plugins/workday.py
[2024-12-10T18:41:53.655-0600] {processor.py:914} INFO - Processing file /root/airflow_env/lib/python3.12/site-packages/airflow/example_dags/plugins/workday.py for tasks to queue
[2024-12-10T18:41:53.656-0600] {logging_mixin.py:190} INFO - [2024-12-10T18:41:53.656-0600] {dagbag.py:588} INFO - Filling up the DagBag from /root/airflow_env/lib/python3.12/site-packages/airflow/example_dags/plugins/workday.py
[2024-12-10T18:41:53.658-0600] {processor.py:927} WARNING - No viable dags retrieved from /root/airflow_env/lib/python3.12/site-packages/airflow/example_dags/plugins/workday.py
[2024-12-10T18:41:53.665-0600] {processor.py:208} INFO - Processing /root/airflow_env/lib/python3.12/site-packages/airflow/example_dags/plugins/workday.py took 0.017 seconds
[2024-12-10T18:43:12.789-0600] {processor.py:186} INFO - Started process (PID=8682) to work on /root/airflow_env/lib/python3.12/site-packages/airflow/example_dags/plugins/workday.py
[2024-12-10T18:43:12.792-0600] {processor.py:914} INFO - Processing file /root/airflow_env/lib/python3.12/site-packages/airflow/example_dags/plugins/workday.py for tasks to queue
[2024-12-10T18:43:12.794-0600] {logging_mixin.py:190} INFO - [2024-12-10T18:43:12.794-0600] {dagbag.py:588} INFO - Filling up the DagBag from /root/airflow_env/lib/python3.12/site-packages/airflow/example_dags/plugins/workday.py
[2024-12-10T18:43:12.796-0600] {processor.py:927} WARNING - No viable dags retrieved from /root/airflow_env/lib/python3.12/site-packages/airflow/example_dags/plugins/workday.py
[2024-12-10T18:43:12.804-0600] {processor.py:208} INFO - Processing /root/airflow_env/lib/python3.12/site-packages/airflow/example_dags/plugins/workday.py took 0.019 seconds
[2024-12-10T18:44:09.366-0600] {processor.py:186} INFO - Started process (PID=8743) to work on /root/airflow_env/lib/python3.12/site-packages/airflow/example_dags/plugins/workday.py
[2024-12-10T18:44:09.369-0600] {processor.py:914} INFO - Processing file /root/airflow_env/lib/python3.12/site-packages/airflow/example_dags/plugins/workday.py for tasks to queue
[2024-12-10T18:44:09.370-0600] {logging_mixin.py:190} INFO - [2024-12-10T18:44:09.370-0600] {dagbag.py:588} INFO - Filling up the DagBag from /root/airflow_env/lib/python3.12/site-packages/airflow/example_dags/plugins/workday.py
[2024-12-10T18:44:09.372-0600] {processor.py:927} WARNING - No viable dags retrieved from /root/airflow_env/lib/python3.12/site-packages/airflow/example_dags/plugins/workday.py
[2024-12-10T18:44:09.380-0600] {processor.py:208} INFO - Processing /root/airflow_env/lib/python3.12/site-packages/airflow/example_dags/plugins/workday.py took 0.018 seconds
[2024-12-10T18:45:25.338-0600] {processor.py:186} INFO - Started process (PID=8834) to work on /root/airflow_env/lib/python3.12/site-packages/airflow/example_dags/plugins/workday.py
[2024-12-10T18:45:25.340-0600] {processor.py:914} INFO - Processing file /root/airflow_env/lib/python3.12/site-packages/airflow/example_dags/plugins/workday.py for tasks to queue
[2024-12-10T18:45:25.342-0600] {logging_mixin.py:190} INFO - [2024-12-10T18:45:25.342-0600] {dagbag.py:588} INFO - Filling up the DagBag from /root/airflow_env/lib/python3.12/site-packages/airflow/example_dags/plugins/workday.py
[2024-12-10T18:45:25.344-0600] {processor.py:927} WARNING - No viable dags retrieved from /root/airflow_env/lib/python3.12/site-packages/airflow/example_dags/plugins/workday.py
[2024-12-10T18:45:25.353-0600] {processor.py:208} INFO - Processing /root/airflow_env/lib/python3.12/site-packages/airflow/example_dags/plugins/workday.py took 0.019 seconds
[2024-12-10T18:46:47.378-0600] {processor.py:186} INFO - Started process (PID=8926) to work on /root/airflow_env/lib/python3.12/site-packages/airflow/example_dags/plugins/workday.py
[2024-12-10T18:46:47.381-0600] {processor.py:914} INFO - Processing file /root/airflow_env/lib/python3.12/site-packages/airflow/example_dags/plugins/workday.py for tasks to queue
[2024-12-10T18:46:47.382-0600] {logging_mixin.py:190} INFO - [2024-12-10T18:46:47.382-0600] {dagbag.py:588} INFO - Filling up the DagBag from /root/airflow_env/lib/python3.12/site-packages/airflow/example_dags/plugins/workday.py
[2024-12-10T18:46:47.384-0600] {processor.py:927} WARNING - No viable dags retrieved from /root/airflow_env/lib/python3.12/site-packages/airflow/example_dags/plugins/workday.py
[2024-12-10T18:46:47.392-0600] {processor.py:208} INFO - Processing /root/airflow_env/lib/python3.12/site-packages/airflow/example_dags/plugins/workday.py took 0.018 seconds
[2024-12-10T18:48:06.343-0600] {processor.py:186} INFO - Started process (PID=9012) to work on /root/airflow_env/lib/python3.12/site-packages/airflow/example_dags/plugins/workday.py
[2024-12-10T18:48:06.346-0600] {processor.py:914} INFO - Processing file /root/airflow_env/lib/python3.12/site-packages/airflow/example_dags/plugins/workday.py for tasks to queue
[2024-12-10T18:48:06.347-0600] {logging_mixin.py:190} INFO - [2024-12-10T18:48:06.347-0600] {dagbag.py:588} INFO - Filling up the DagBag from /root/airflow_env/lib/python3.12/site-packages/airflow/example_dags/plugins/workday.py
[2024-12-10T18:48:06.349-0600] {processor.py:927} WARNING - No viable dags retrieved from /root/airflow_env/lib/python3.12/site-packages/airflow/example_dags/plugins/workday.py
[2024-12-10T18:48:06.356-0600] {processor.py:208} INFO - Processing /root/airflow_env/lib/python3.12/site-packages/airflow/example_dags/plugins/workday.py took 0.018 seconds
[2024-12-10T18:49:26.686-0600] {processor.py:186} INFO - Started process (PID=9098) to work on /root/airflow_env/lib/python3.12/site-packages/airflow/example_dags/plugins/workday.py
[2024-12-10T18:49:26.687-0600] {processor.py:914} INFO - Processing file /root/airflow_env/lib/python3.12/site-packages/airflow/example_dags/plugins/workday.py for tasks to queue
[2024-12-10T18:49:26.689-0600] {logging_mixin.py:190} INFO - [2024-12-10T18:49:26.689-0600] {dagbag.py:588} INFO - Filling up the DagBag from /root/airflow_env/lib/python3.12/site-packages/airflow/example_dags/plugins/workday.py
[2024-12-10T18:49:26.691-0600] {processor.py:927} WARNING - No viable dags retrieved from /root/airflow_env/lib/python3.12/site-packages/airflow/example_dags/plugins/workday.py
[2024-12-10T18:49:26.699-0600] {processor.py:208} INFO - Processing /root/airflow_env/lib/python3.12/site-packages/airflow/example_dags/plugins/workday.py took 0.017 seconds
[2024-12-10T18:50:44.836-0600] {processor.py:186} INFO - Started process (PID=9185) to work on /root/airflow_env/lib/python3.12/site-packages/airflow/example_dags/plugins/workday.py
[2024-12-10T18:50:44.839-0600] {processor.py:914} INFO - Processing file /root/airflow_env/lib/python3.12/site-packages/airflow/example_dags/plugins/workday.py for tasks to queue
[2024-12-10T18:50:44.840-0600] {logging_mixin.py:190} INFO - [2024-12-10T18:50:44.840-0600] {dagbag.py:588} INFO - Filling up the DagBag from /root/airflow_env/lib/python3.12/site-packages/airflow/example_dags/plugins/workday.py
[2024-12-10T18:50:44.842-0600] {processor.py:927} WARNING - No viable dags retrieved from /root/airflow_env/lib/python3.12/site-packages/airflow/example_dags/plugins/workday.py
[2024-12-10T18:50:44.851-0600] {processor.py:208} INFO - Processing /root/airflow_env/lib/python3.12/site-packages/airflow/example_dags/plugins/workday.py took 0.018 seconds
[2024-12-10T18:52:09.260-0600] {processor.py:186} INFO - Started process (PID=9274) to work on /root/airflow_env/lib/python3.12/site-packages/airflow/example_dags/plugins/workday.py
[2024-12-10T18:52:09.263-0600] {processor.py:914} INFO - Processing file /root/airflow_env/lib/python3.12/site-packages/airflow/example_dags/plugins/workday.py for tasks to queue
[2024-12-10T18:52:09.264-0600] {logging_mixin.py:190} INFO - [2024-12-10T18:52:09.264-0600] {dagbag.py:588} INFO - Filling up the DagBag from /root/airflow_env/lib/python3.12/site-packages/airflow/example_dags/plugins/workday.py
[2024-12-10T18:52:09.266-0600] {processor.py:927} WARNING - No viable dags retrieved from /root/airflow_env/lib/python3.12/site-packages/airflow/example_dags/plugins/workday.py
[2024-12-10T18:52:09.274-0600] {processor.py:208} INFO - Processing /root/airflow_env/lib/python3.12/site-packages/airflow/example_dags/plugins/workday.py took 0.018 seconds
[2024-12-10T18:53:31.785-0600] {processor.py:186} INFO - Started process (PID=9362) to work on /root/airflow_env/lib/python3.12/site-packages/airflow/example_dags/plugins/workday.py
[2024-12-10T18:53:31.790-0600] {processor.py:914} INFO - Processing file /root/airflow_env/lib/python3.12/site-packages/airflow/example_dags/plugins/workday.py for tasks to queue
[2024-12-10T18:53:31.792-0600] {logging_mixin.py:190} INFO - [2024-12-10T18:53:31.792-0600] {dagbag.py:588} INFO - Filling up the DagBag from /root/airflow_env/lib/python3.12/site-packages/airflow/example_dags/plugins/workday.py
[2024-12-10T18:53:31.795-0600] {processor.py:927} WARNING - No viable dags retrieved from /root/airflow_env/lib/python3.12/site-packages/airflow/example_dags/plugins/workday.py
[2024-12-10T18:53:31.803-0600] {processor.py:208} INFO - Processing /root/airflow_env/lib/python3.12/site-packages/airflow/example_dags/plugins/workday.py took 0.025 seconds
[2024-12-10T18:54:50.137-0600] {processor.py:186} INFO - Started process (PID=9448) to work on /root/airflow_env/lib/python3.12/site-packages/airflow/example_dags/plugins/workday.py
[2024-12-10T18:54:50.139-0600] {processor.py:914} INFO - Processing file /root/airflow_env/lib/python3.12/site-packages/airflow/example_dags/plugins/workday.py for tasks to queue
[2024-12-10T18:54:50.141-0600] {logging_mixin.py:190} INFO - [2024-12-10T18:54:50.140-0600] {dagbag.py:588} INFO - Filling up the DagBag from /root/airflow_env/lib/python3.12/site-packages/airflow/example_dags/plugins/workday.py
[2024-12-10T18:54:50.142-0600] {processor.py:927} WARNING - No viable dags retrieved from /root/airflow_env/lib/python3.12/site-packages/airflow/example_dags/plugins/workday.py
[2024-12-10T18:54:50.150-0600] {processor.py:208} INFO - Processing /root/airflow_env/lib/python3.12/site-packages/airflow/example_dags/plugins/workday.py took 0.016 seconds
[2024-12-10T18:56:05.212-0600] {processor.py:186} INFO - Started process (PID=9534) to work on /root/airflow_env/lib/python3.12/site-packages/airflow/example_dags/plugins/workday.py
[2024-12-10T18:56:05.215-0600] {processor.py:914} INFO - Processing file /root/airflow_env/lib/python3.12/site-packages/airflow/example_dags/plugins/workday.py for tasks to queue
[2024-12-10T18:56:05.216-0600] {logging_mixin.py:190} INFO - [2024-12-10T18:56:05.216-0600] {dagbag.py:588} INFO - Filling up the DagBag from /root/airflow_env/lib/python3.12/site-packages/airflow/example_dags/plugins/workday.py
[2024-12-10T18:56:05.218-0600] {processor.py:927} WARNING - No viable dags retrieved from /root/airflow_env/lib/python3.12/site-packages/airflow/example_dags/plugins/workday.py
[2024-12-10T18:56:05.226-0600] {processor.py:208} INFO - Processing /root/airflow_env/lib/python3.12/site-packages/airflow/example_dags/plugins/workday.py took 0.017 seconds
[2024-12-10T18:57:28.831-0600] {processor.py:186} INFO - Started process (PID=9623) to work on /root/airflow_env/lib/python3.12/site-packages/airflow/example_dags/plugins/workday.py
[2024-12-10T18:57:28.832-0600] {processor.py:914} INFO - Processing file /root/airflow_env/lib/python3.12/site-packages/airflow/example_dags/plugins/workday.py for tasks to queue
[2024-12-10T18:57:28.834-0600] {logging_mixin.py:190} INFO - [2024-12-10T18:57:28.834-0600] {dagbag.py:588} INFO - Filling up the DagBag from /root/airflow_env/lib/python3.12/site-packages/airflow/example_dags/plugins/workday.py
[2024-12-10T18:57:28.836-0600] {processor.py:927} WARNING - No viable dags retrieved from /root/airflow_env/lib/python3.12/site-packages/airflow/example_dags/plugins/workday.py
[2024-12-10T18:57:28.843-0600] {processor.py:208} INFO - Processing /root/airflow_env/lib/python3.12/site-packages/airflow/example_dags/plugins/workday.py took 0.016 seconds
[2024-12-10T18:58:48.744-0600] {processor.py:186} INFO - Started process (PID=9710) to work on /root/airflow_env/lib/python3.12/site-packages/airflow/example_dags/plugins/workday.py
[2024-12-10T18:58:48.746-0600] {processor.py:914} INFO - Processing file /root/airflow_env/lib/python3.12/site-packages/airflow/example_dags/plugins/workday.py for tasks to queue
[2024-12-10T18:58:48.748-0600] {logging_mixin.py:190} INFO - [2024-12-10T18:58:48.748-0600] {dagbag.py:588} INFO - Filling up the DagBag from /root/airflow_env/lib/python3.12/site-packages/airflow/example_dags/plugins/workday.py
[2024-12-10T18:58:48.750-0600] {processor.py:927} WARNING - No viable dags retrieved from /root/airflow_env/lib/python3.12/site-packages/airflow/example_dags/plugins/workday.py
[2024-12-10T18:58:48.760-0600] {processor.py:208} INFO - Processing /root/airflow_env/lib/python3.12/site-packages/airflow/example_dags/plugins/workday.py took 0.022 seconds
[2024-12-10T19:00:13.750-0600] {processor.py:186} INFO - Started process (PID=9798) to work on /root/airflow_env/lib/python3.12/site-packages/airflow/example_dags/plugins/workday.py
[2024-12-10T19:00:13.753-0600] {processor.py:914} INFO - Processing file /root/airflow_env/lib/python3.12/site-packages/airflow/example_dags/plugins/workday.py for tasks to queue
[2024-12-10T19:00:13.754-0600] {logging_mixin.py:190} INFO - [2024-12-10T19:00:13.754-0600] {dagbag.py:588} INFO - Filling up the DagBag from /root/airflow_env/lib/python3.12/site-packages/airflow/example_dags/plugins/workday.py
[2024-12-10T19:00:13.756-0600] {processor.py:927} WARNING - No viable dags retrieved from /root/airflow_env/lib/python3.12/site-packages/airflow/example_dags/plugins/workday.py
[2024-12-10T19:00:13.764-0600] {processor.py:208} INFO - Processing /root/airflow_env/lib/python3.12/site-packages/airflow/example_dags/plugins/workday.py took 0.017 seconds
[2024-12-10T19:01:14.275-0600] {processor.py:186} INFO - Started process (PID=9861) to work on /root/airflow_env/lib/python3.12/site-packages/airflow/example_dags/plugins/workday.py
[2024-12-10T19:01:14.277-0600] {processor.py:914} INFO - Processing file /root/airflow_env/lib/python3.12/site-packages/airflow/example_dags/plugins/workday.py for tasks to queue
[2024-12-10T19:01:14.279-0600] {logging_mixin.py:190} INFO - [2024-12-10T19:01:14.278-0600] {dagbag.py:588} INFO - Filling up the DagBag from /root/airflow_env/lib/python3.12/site-packages/airflow/example_dags/plugins/workday.py
[2024-12-10T19:01:14.280-0600] {processor.py:927} WARNING - No viable dags retrieved from /root/airflow_env/lib/python3.12/site-packages/airflow/example_dags/plugins/workday.py
[2024-12-10T19:01:14.288-0600] {processor.py:208} INFO - Processing /root/airflow_env/lib/python3.12/site-packages/airflow/example_dags/plugins/workday.py took 0.017 seconds
[2024-12-10T19:02:11.027-0600] {processor.py:186} INFO - Started process (PID=9923) to work on /root/airflow_env/lib/python3.12/site-packages/airflow/example_dags/plugins/workday.py
[2024-12-10T19:02:11.030-0600] {processor.py:914} INFO - Processing file /root/airflow_env/lib/python3.12/site-packages/airflow/example_dags/plugins/workday.py for tasks to queue
[2024-12-10T19:02:11.032-0600] {logging_mixin.py:190} INFO - [2024-12-10T19:02:11.031-0600] {dagbag.py:588} INFO - Filling up the DagBag from /root/airflow_env/lib/python3.12/site-packages/airflow/example_dags/plugins/workday.py
[2024-12-10T19:02:11.033-0600] {processor.py:927} WARNING - No viable dags retrieved from /root/airflow_env/lib/python3.12/site-packages/airflow/example_dags/plugins/workday.py
[2024-12-10T19:02:11.041-0600] {processor.py:208} INFO - Processing /root/airflow_env/lib/python3.12/site-packages/airflow/example_dags/plugins/workday.py took 0.017 seconds
[2024-12-10T19:03:30.865-0600] {processor.py:186} INFO - Started process (PID=10009) to work on /root/airflow_env/lib/python3.12/site-packages/airflow/example_dags/plugins/workday.py
[2024-12-10T19:03:30.867-0600] {processor.py:914} INFO - Processing file /root/airflow_env/lib/python3.12/site-packages/airflow/example_dags/plugins/workday.py for tasks to queue
[2024-12-10T19:03:30.869-0600] {logging_mixin.py:190} INFO - [2024-12-10T19:03:30.869-0600] {dagbag.py:588} INFO - Filling up the DagBag from /root/airflow_env/lib/python3.12/site-packages/airflow/example_dags/plugins/workday.py
[2024-12-10T19:03:30.871-0600] {processor.py:927} WARNING - No viable dags retrieved from /root/airflow_env/lib/python3.12/site-packages/airflow/example_dags/plugins/workday.py
[2024-12-10T19:03:30.878-0600] {processor.py:208} INFO - Processing /root/airflow_env/lib/python3.12/site-packages/airflow/example_dags/plugins/workday.py took 0.017 seconds
[2024-12-10T19:04:53.146-0600] {processor.py:186} INFO - Started process (PID=10097) to work on /root/airflow_env/lib/python3.12/site-packages/airflow/example_dags/plugins/workday.py
[2024-12-10T19:04:53.148-0600] {processor.py:914} INFO - Processing file /root/airflow_env/lib/python3.12/site-packages/airflow/example_dags/plugins/workday.py for tasks to queue
[2024-12-10T19:04:53.150-0600] {logging_mixin.py:190} INFO - [2024-12-10T19:04:53.150-0600] {dagbag.py:588} INFO - Filling up the DagBag from /root/airflow_env/lib/python3.12/site-packages/airflow/example_dags/plugins/workday.py
[2024-12-10T19:04:53.152-0600] {processor.py:927} WARNING - No viable dags retrieved from /root/airflow_env/lib/python3.12/site-packages/airflow/example_dags/plugins/workday.py
[2024-12-10T19:04:53.159-0600] {processor.py:208} INFO - Processing /root/airflow_env/lib/python3.12/site-packages/airflow/example_dags/plugins/workday.py took 0.017 seconds
[2024-12-10T19:06:12.823-0600] {processor.py:186} INFO - Started process (PID=10186) to work on /root/airflow_env/lib/python3.12/site-packages/airflow/example_dags/plugins/workday.py
[2024-12-10T19:06:12.826-0600] {processor.py:914} INFO - Processing file /root/airflow_env/lib/python3.12/site-packages/airflow/example_dags/plugins/workday.py for tasks to queue
[2024-12-10T19:06:12.827-0600] {logging_mixin.py:190} INFO - [2024-12-10T19:06:12.827-0600] {dagbag.py:588} INFO - Filling up the DagBag from /root/airflow_env/lib/python3.12/site-packages/airflow/example_dags/plugins/workday.py
[2024-12-10T19:06:12.829-0600] {processor.py:927} WARNING - No viable dags retrieved from /root/airflow_env/lib/python3.12/site-packages/airflow/example_dags/plugins/workday.py
[2024-12-10T19:06:12.836-0600] {processor.py:208} INFO - Processing /root/airflow_env/lib/python3.12/site-packages/airflow/example_dags/plugins/workday.py took 0.017 seconds
[2024-12-10T19:07:26.259-0600] {processor.py:186} INFO - Started process (PID=10270) to work on /root/airflow_env/lib/python3.12/site-packages/airflow/example_dags/plugins/workday.py
[2024-12-10T19:07:26.261-0600] {processor.py:914} INFO - Processing file /root/airflow_env/lib/python3.12/site-packages/airflow/example_dags/plugins/workday.py for tasks to queue
[2024-12-10T19:07:26.263-0600] {logging_mixin.py:190} INFO - [2024-12-10T19:07:26.263-0600] {dagbag.py:588} INFO - Filling up the DagBag from /root/airflow_env/lib/python3.12/site-packages/airflow/example_dags/plugins/workday.py
[2024-12-10T19:07:26.265-0600] {processor.py:927} WARNING - No viable dags retrieved from /root/airflow_env/lib/python3.12/site-packages/airflow/example_dags/plugins/workday.py
[2024-12-10T19:07:26.272-0600] {processor.py:208} INFO - Processing /root/airflow_env/lib/python3.12/site-packages/airflow/example_dags/plugins/workday.py took 0.017 seconds
[2024-12-10T19:08:44.879-0600] {processor.py:186} INFO - Started process (PID=10355) to work on /root/airflow_env/lib/python3.12/site-packages/airflow/example_dags/plugins/workday.py
[2024-12-10T19:08:44.882-0600] {processor.py:914} INFO - Processing file /root/airflow_env/lib/python3.12/site-packages/airflow/example_dags/plugins/workday.py for tasks to queue
[2024-12-10T19:08:44.883-0600] {logging_mixin.py:190} INFO - [2024-12-10T19:08:44.883-0600] {dagbag.py:588} INFO - Filling up the DagBag from /root/airflow_env/lib/python3.12/site-packages/airflow/example_dags/plugins/workday.py
[2024-12-10T19:08:44.885-0600] {processor.py:927} WARNING - No viable dags retrieved from /root/airflow_env/lib/python3.12/site-packages/airflow/example_dags/plugins/workday.py
[2024-12-10T19:08:44.893-0600] {processor.py:208} INFO - Processing /root/airflow_env/lib/python3.12/site-packages/airflow/example_dags/plugins/workday.py took 0.018 seconds
[2024-12-10T19:10:07.053-0600] {processor.py:186} INFO - Started process (PID=10443) to work on /root/airflow_env/lib/python3.12/site-packages/airflow/example_dags/plugins/workday.py
[2024-12-10T19:10:07.055-0600] {processor.py:914} INFO - Processing file /root/airflow_env/lib/python3.12/site-packages/airflow/example_dags/plugins/workday.py for tasks to queue
[2024-12-10T19:10:07.056-0600] {logging_mixin.py:190} INFO - [2024-12-10T19:10:07.056-0600] {dagbag.py:588} INFO - Filling up the DagBag from /root/airflow_env/lib/python3.12/site-packages/airflow/example_dags/plugins/workday.py
[2024-12-10T19:10:07.058-0600] {processor.py:927} WARNING - No viable dags retrieved from /root/airflow_env/lib/python3.12/site-packages/airflow/example_dags/plugins/workday.py
[2024-12-10T19:10:07.066-0600] {processor.py:208} INFO - Processing /root/airflow_env/lib/python3.12/site-packages/airflow/example_dags/plugins/workday.py took 0.017 seconds
[2024-12-10T19:11:18.613-0600] {processor.py:186} INFO - Started process (PID=10525) to work on /root/airflow_env/lib/python3.12/site-packages/airflow/example_dags/plugins/workday.py
[2024-12-10T19:11:18.616-0600] {processor.py:914} INFO - Processing file /root/airflow_env/lib/python3.12/site-packages/airflow/example_dags/plugins/workday.py for tasks to queue
[2024-12-10T19:11:18.618-0600] {logging_mixin.py:190} INFO - [2024-12-10T19:11:18.617-0600] {dagbag.py:588} INFO - Filling up the DagBag from /root/airflow_env/lib/python3.12/site-packages/airflow/example_dags/plugins/workday.py
[2024-12-10T19:11:18.619-0600] {processor.py:927} WARNING - No viable dags retrieved from /root/airflow_env/lib/python3.12/site-packages/airflow/example_dags/plugins/workday.py
[2024-12-10T19:11:18.627-0600] {processor.py:208} INFO - Processing /root/airflow_env/lib/python3.12/site-packages/airflow/example_dags/plugins/workday.py took 0.017 seconds
[2024-12-10T19:12:34.452-0600] {processor.py:186} INFO - Started process (PID=10609) to work on /root/airflow_env/lib/python3.12/site-packages/airflow/example_dags/plugins/workday.py
[2024-12-10T19:12:34.454-0600] {processor.py:914} INFO - Processing file /root/airflow_env/lib/python3.12/site-packages/airflow/example_dags/plugins/workday.py for tasks to queue
[2024-12-10T19:12:34.458-0600] {logging_mixin.py:190} INFO - [2024-12-10T19:12:34.457-0600] {dagbag.py:588} INFO - Filling up the DagBag from /root/airflow_env/lib/python3.12/site-packages/airflow/example_dags/plugins/workday.py
[2024-12-10T19:12:34.463-0600] {processor.py:927} WARNING - No viable dags retrieved from /root/airflow_env/lib/python3.12/site-packages/airflow/example_dags/plugins/workday.py
[2024-12-10T19:12:34.476-0600] {processor.py:208} INFO - Processing /root/airflow_env/lib/python3.12/site-packages/airflow/example_dags/plugins/workday.py took 0.035 seconds
[2024-12-10T19:13:51.201-0600] {processor.py:186} INFO - Started process (PID=10693) to work on /root/airflow_env/lib/python3.12/site-packages/airflow/example_dags/plugins/workday.py
[2024-12-10T19:13:51.204-0600] {processor.py:914} INFO - Processing file /root/airflow_env/lib/python3.12/site-packages/airflow/example_dags/plugins/workday.py for tasks to queue
[2024-12-10T19:13:51.205-0600] {logging_mixin.py:190} INFO - [2024-12-10T19:13:51.205-0600] {dagbag.py:588} INFO - Filling up the DagBag from /root/airflow_env/lib/python3.12/site-packages/airflow/example_dags/plugins/workday.py
[2024-12-10T19:13:51.207-0600] {processor.py:927} WARNING - No viable dags retrieved from /root/airflow_env/lib/python3.12/site-packages/airflow/example_dags/plugins/workday.py
[2024-12-10T19:13:51.215-0600] {processor.py:208} INFO - Processing /root/airflow_env/lib/python3.12/site-packages/airflow/example_dags/plugins/workday.py took 0.018 seconds
[2024-12-10T19:15:09.091-0600] {processor.py:186} INFO - Started process (PID=10780) to work on /root/airflow_env/lib/python3.12/site-packages/airflow/example_dags/plugins/workday.py
[2024-12-10T19:15:09.093-0600] {processor.py:914} INFO - Processing file /root/airflow_env/lib/python3.12/site-packages/airflow/example_dags/plugins/workday.py for tasks to queue
[2024-12-10T19:15:09.095-0600] {logging_mixin.py:190} INFO - [2024-12-10T19:15:09.095-0600] {dagbag.py:588} INFO - Filling up the DagBag from /root/airflow_env/lib/python3.12/site-packages/airflow/example_dags/plugins/workday.py
[2024-12-10T19:15:09.097-0600] {processor.py:927} WARNING - No viable dags retrieved from /root/airflow_env/lib/python3.12/site-packages/airflow/example_dags/plugins/workday.py
[2024-12-10T19:15:09.105-0600] {processor.py:208} INFO - Processing /root/airflow_env/lib/python3.12/site-packages/airflow/example_dags/plugins/workday.py took 0.018 seconds
[2024-12-10T19:16:30.693-0600] {processor.py:186} INFO - Started process (PID=10866) to work on /root/airflow_env/lib/python3.12/site-packages/airflow/example_dags/plugins/workday.py
[2024-12-10T19:16:30.695-0600] {processor.py:914} INFO - Processing file /root/airflow_env/lib/python3.12/site-packages/airflow/example_dags/plugins/workday.py for tasks to queue
[2024-12-10T19:16:30.696-0600] {logging_mixin.py:190} INFO - [2024-12-10T19:16:30.696-0600] {dagbag.py:588} INFO - Filling up the DagBag from /root/airflow_env/lib/python3.12/site-packages/airflow/example_dags/plugins/workday.py
[2024-12-10T19:16:30.698-0600] {processor.py:927} WARNING - No viable dags retrieved from /root/airflow_env/lib/python3.12/site-packages/airflow/example_dags/plugins/workday.py
[2024-12-10T19:16:30.706-0600] {processor.py:208} INFO - Processing /root/airflow_env/lib/python3.12/site-packages/airflow/example_dags/plugins/workday.py took 0.016 seconds
[2024-12-10T19:17:49.926-0600] {processor.py:186} INFO - Started process (PID=10957) to work on /root/airflow_env/lib/python3.12/site-packages/airflow/example_dags/plugins/workday.py
[2024-12-10T19:17:49.927-0600] {processor.py:914} INFO - Processing file /root/airflow_env/lib/python3.12/site-packages/airflow/example_dags/plugins/workday.py for tasks to queue
[2024-12-10T19:17:49.928-0600] {logging_mixin.py:190} INFO - [2024-12-10T19:17:49.928-0600] {dagbag.py:588} INFO - Filling up the DagBag from /root/airflow_env/lib/python3.12/site-packages/airflow/example_dags/plugins/workday.py
[2024-12-10T19:17:49.930-0600] {processor.py:927} WARNING - No viable dags retrieved from /root/airflow_env/lib/python3.12/site-packages/airflow/example_dags/plugins/workday.py
[2024-12-10T19:17:49.938-0600] {processor.py:208} INFO - Processing /root/airflow_env/lib/python3.12/site-packages/airflow/example_dags/plugins/workday.py took 0.017 seconds
[2024-12-10T19:19:04.714-0600] {processor.py:186} INFO - Started process (PID=11040) to work on /root/airflow_env/lib/python3.12/site-packages/airflow/example_dags/plugins/workday.py
[2024-12-10T19:19:04.716-0600] {processor.py:914} INFO - Processing file /root/airflow_env/lib/python3.12/site-packages/airflow/example_dags/plugins/workday.py for tasks to queue
[2024-12-10T19:19:04.718-0600] {logging_mixin.py:190} INFO - [2024-12-10T19:19:04.718-0600] {dagbag.py:588} INFO - Filling up the DagBag from /root/airflow_env/lib/python3.12/site-packages/airflow/example_dags/plugins/workday.py
[2024-12-10T19:19:04.721-0600] {processor.py:927} WARNING - No viable dags retrieved from /root/airflow_env/lib/python3.12/site-packages/airflow/example_dags/plugins/workday.py
[2024-12-10T19:19:04.731-0600] {processor.py:208} INFO - Processing /root/airflow_env/lib/python3.12/site-packages/airflow/example_dags/plugins/workday.py took 0.022 seconds
[2024-12-10T19:20:26.930-0600] {processor.py:186} INFO - Started process (PID=11127) to work on /root/airflow_env/lib/python3.12/site-packages/airflow/example_dags/plugins/workday.py
[2024-12-10T19:20:26.933-0600] {processor.py:914} INFO - Processing file /root/airflow_env/lib/python3.12/site-packages/airflow/example_dags/plugins/workday.py for tasks to queue
[2024-12-10T19:20:26.934-0600] {logging_mixin.py:190} INFO - [2024-12-10T19:20:26.934-0600] {dagbag.py:588} INFO - Filling up the DagBag from /root/airflow_env/lib/python3.12/site-packages/airflow/example_dags/plugins/workday.py
[2024-12-10T19:20:26.936-0600] {processor.py:927} WARNING - No viable dags retrieved from /root/airflow_env/lib/python3.12/site-packages/airflow/example_dags/plugins/workday.py
[2024-12-10T19:20:26.944-0600] {processor.py:208} INFO - Processing /root/airflow_env/lib/python3.12/site-packages/airflow/example_dags/plugins/workday.py took 0.018 seconds
[2024-12-10T19:21:45.307-0600] {processor.py:186} INFO - Started process (PID=11214) to work on /root/airflow_env/lib/python3.12/site-packages/airflow/example_dags/plugins/workday.py
[2024-12-10T19:21:45.310-0600] {processor.py:914} INFO - Processing file /root/airflow_env/lib/python3.12/site-packages/airflow/example_dags/plugins/workday.py for tasks to queue
[2024-12-10T19:21:45.312-0600] {logging_mixin.py:190} INFO - [2024-12-10T19:21:45.311-0600] {dagbag.py:588} INFO - Filling up the DagBag from /root/airflow_env/lib/python3.12/site-packages/airflow/example_dags/plugins/workday.py
[2024-12-10T19:21:45.314-0600] {processor.py:927} WARNING - No viable dags retrieved from /root/airflow_env/lib/python3.12/site-packages/airflow/example_dags/plugins/workday.py
[2024-12-10T19:21:45.322-0600] {processor.py:208} INFO - Processing /root/airflow_env/lib/python3.12/site-packages/airflow/example_dags/plugins/workday.py took 0.019 seconds
[2024-12-10T19:23:02.913-0600] {processor.py:186} INFO - Started process (PID=11300) to work on /root/airflow_env/lib/python3.12/site-packages/airflow/example_dags/plugins/workday.py
[2024-12-10T19:23:02.916-0600] {processor.py:914} INFO - Processing file /root/airflow_env/lib/python3.12/site-packages/airflow/example_dags/plugins/workday.py for tasks to queue
[2024-12-10T19:23:02.917-0600] {logging_mixin.py:190} INFO - [2024-12-10T19:23:02.917-0600] {dagbag.py:588} INFO - Filling up the DagBag from /root/airflow_env/lib/python3.12/site-packages/airflow/example_dags/plugins/workday.py
[2024-12-10T19:23:02.919-0600] {processor.py:927} WARNING - No viable dags retrieved from /root/airflow_env/lib/python3.12/site-packages/airflow/example_dags/plugins/workday.py
[2024-12-10T19:23:02.927-0600] {processor.py:208} INFO - Processing /root/airflow_env/lib/python3.12/site-packages/airflow/example_dags/plugins/workday.py took 0.018 seconds
[2024-12-10T19:24:21.256-0600] {processor.py:186} INFO - Started process (PID=11385) to work on /root/airflow_env/lib/python3.12/site-packages/airflow/example_dags/plugins/workday.py
[2024-12-10T19:24:21.259-0600] {processor.py:914} INFO - Processing file /root/airflow_env/lib/python3.12/site-packages/airflow/example_dags/plugins/workday.py for tasks to queue
[2024-12-10T19:24:21.261-0600] {logging_mixin.py:190} INFO - [2024-12-10T19:24:21.260-0600] {dagbag.py:588} INFO - Filling up the DagBag from /root/airflow_env/lib/python3.12/site-packages/airflow/example_dags/plugins/workday.py
[2024-12-10T19:24:21.263-0600] {processor.py:927} WARNING - No viable dags retrieved from /root/airflow_env/lib/python3.12/site-packages/airflow/example_dags/plugins/workday.py
[2024-12-10T19:24:21.271-0600] {processor.py:208} INFO - Processing /root/airflow_env/lib/python3.12/site-packages/airflow/example_dags/plugins/workday.py took 0.019 seconds
[2024-12-10T19:25:41.108-0600] {processor.py:186} INFO - Started process (PID=11474) to work on /root/airflow_env/lib/python3.12/site-packages/airflow/example_dags/plugins/workday.py
[2024-12-10T19:25:41.110-0600] {processor.py:914} INFO - Processing file /root/airflow_env/lib/python3.12/site-packages/airflow/example_dags/plugins/workday.py for tasks to queue
[2024-12-10T19:25:41.112-0600] {logging_mixin.py:190} INFO - [2024-12-10T19:25:41.112-0600] {dagbag.py:588} INFO - Filling up the DagBag from /root/airflow_env/lib/python3.12/site-packages/airflow/example_dags/plugins/workday.py
[2024-12-10T19:25:41.114-0600] {processor.py:927} WARNING - No viable dags retrieved from /root/airflow_env/lib/python3.12/site-packages/airflow/example_dags/plugins/workday.py
[2024-12-10T19:25:41.122-0600] {processor.py:208} INFO - Processing /root/airflow_env/lib/python3.12/site-packages/airflow/example_dags/plugins/workday.py took 0.017 seconds
[2024-12-10T19:26:59.966-0600] {processor.py:186} INFO - Started process (PID=11562) to work on /root/airflow_env/lib/python3.12/site-packages/airflow/example_dags/plugins/workday.py
[2024-12-10T19:26:59.968-0600] {processor.py:914} INFO - Processing file /root/airflow_env/lib/python3.12/site-packages/airflow/example_dags/plugins/workday.py for tasks to queue
[2024-12-10T19:26:59.970-0600] {logging_mixin.py:190} INFO - [2024-12-10T19:26:59.969-0600] {dagbag.py:588} INFO - Filling up the DagBag from /root/airflow_env/lib/python3.12/site-packages/airflow/example_dags/plugins/workday.py
[2024-12-10T19:26:59.972-0600] {processor.py:927} WARNING - No viable dags retrieved from /root/airflow_env/lib/python3.12/site-packages/airflow/example_dags/plugins/workday.py
[2024-12-10T19:26:59.979-0600] {processor.py:208} INFO - Processing /root/airflow_env/lib/python3.12/site-packages/airflow/example_dags/plugins/workday.py took 0.018 seconds
[2024-12-10T19:28:17.955-0600] {processor.py:186} INFO - Started process (PID=11645) to work on /root/airflow_env/lib/python3.12/site-packages/airflow/example_dags/plugins/workday.py
[2024-12-10T19:28:17.958-0600] {processor.py:914} INFO - Processing file /root/airflow_env/lib/python3.12/site-packages/airflow/example_dags/plugins/workday.py for tasks to queue
[2024-12-10T19:28:17.959-0600] {logging_mixin.py:190} INFO - [2024-12-10T19:28:17.959-0600] {dagbag.py:588} INFO - Filling up the DagBag from /root/airflow_env/lib/python3.12/site-packages/airflow/example_dags/plugins/workday.py
[2024-12-10T19:28:17.961-0600] {processor.py:927} WARNING - No viable dags retrieved from /root/airflow_env/lib/python3.12/site-packages/airflow/example_dags/plugins/workday.py
[2024-12-10T19:28:17.969-0600] {processor.py:208} INFO - Processing /root/airflow_env/lib/python3.12/site-packages/airflow/example_dags/plugins/workday.py took 0.017 seconds
[2024-12-10T19:29:40.252-0600] {processor.py:186} INFO - Started process (PID=11733) to work on /root/airflow_env/lib/python3.12/site-packages/airflow/example_dags/plugins/workday.py
[2024-12-10T19:29:40.253-0600] {processor.py:914} INFO - Processing file /root/airflow_env/lib/python3.12/site-packages/airflow/example_dags/plugins/workday.py for tasks to queue
[2024-12-10T19:29:40.255-0600] {logging_mixin.py:190} INFO - [2024-12-10T19:29:40.255-0600] {dagbag.py:588} INFO - Filling up the DagBag from /root/airflow_env/lib/python3.12/site-packages/airflow/example_dags/plugins/workday.py
[2024-12-10T19:29:40.257-0600] {processor.py:927} WARNING - No viable dags retrieved from /root/airflow_env/lib/python3.12/site-packages/airflow/example_dags/plugins/workday.py
[2024-12-10T19:29:40.265-0600] {processor.py:208} INFO - Processing /root/airflow_env/lib/python3.12/site-packages/airflow/example_dags/plugins/workday.py took 0.017 seconds
[2024-12-10T19:30:58.688-0600] {processor.py:186} INFO - Started process (PID=11820) to work on /root/airflow_env/lib/python3.12/site-packages/airflow/example_dags/plugins/workday.py
[2024-12-10T19:30:58.691-0600] {processor.py:914} INFO - Processing file /root/airflow_env/lib/python3.12/site-packages/airflow/example_dags/plugins/workday.py for tasks to queue
[2024-12-10T19:30:58.693-0600] {logging_mixin.py:190} INFO - [2024-12-10T19:30:58.693-0600] {dagbag.py:588} INFO - Filling up the DagBag from /root/airflow_env/lib/python3.12/site-packages/airflow/example_dags/plugins/workday.py
[2024-12-10T19:30:58.695-0600] {processor.py:927} WARNING - No viable dags retrieved from /root/airflow_env/lib/python3.12/site-packages/airflow/example_dags/plugins/workday.py
[2024-12-10T19:30:58.703-0600] {processor.py:208} INFO - Processing /root/airflow_env/lib/python3.12/site-packages/airflow/example_dags/plugins/workday.py took 0.018 seconds
[2024-12-10T19:32:21.018-0600] {processor.py:186} INFO - Started process (PID=11909) to work on /root/airflow_env/lib/python3.12/site-packages/airflow/example_dags/plugins/workday.py
[2024-12-10T19:32:21.020-0600] {processor.py:914} INFO - Processing file /root/airflow_env/lib/python3.12/site-packages/airflow/example_dags/plugins/workday.py for tasks to queue
[2024-12-10T19:32:21.022-0600] {logging_mixin.py:190} INFO - [2024-12-10T19:32:21.021-0600] {dagbag.py:588} INFO - Filling up the DagBag from /root/airflow_env/lib/python3.12/site-packages/airflow/example_dags/plugins/workday.py
[2024-12-10T19:32:21.023-0600] {processor.py:927} WARNING - No viable dags retrieved from /root/airflow_env/lib/python3.12/site-packages/airflow/example_dags/plugins/workday.py
[2024-12-10T19:32:21.031-0600] {processor.py:208} INFO - Processing /root/airflow_env/lib/python3.12/site-packages/airflow/example_dags/plugins/workday.py took 0.016 seconds
