[2024-12-10T18:00:52.649-0600] {processor.py:186} INFO - Started process (PID=5048) to work on /root/airflow_env/lib/python3.12/site-packages/airflow/example_dags/example_branch_operator.py
[2024-12-10T18:00:52.650-0600] {processor.py:914} INFO - Processing file /root/airflow_env/lib/python3.12/site-packages/airflow/example_dags/example_branch_operator.py for tasks to queue
[2024-12-10T18:00:52.651-0600] {logging_mixin.py:190} INFO - [2024-12-10T18:00:52.651-0600] {dagbag.py:588} INFO - Filling up the DagBag from /root/airflow_env/lib/python3.12/site-packages/airflow/example_dags/example_branch_operator.py
[2024-12-10T18:00:52.673-0600] {processor.py:927} WARNING - No viable dags retrieved from /root/airflow_env/lib/python3.12/site-packages/airflow/example_dags/example_branch_operator.py
[2024-12-10T18:00:52.681-0600] {processor.py:208} INFO - Processing /root/airflow_env/lib/python3.12/site-packages/airflow/example_dags/example_branch_operator.py took 0.037 seconds
[2024-12-10T18:02:13.773-0600] {processor.py:186} INFO - Started process (PID=5166) to work on /root/airflow_env/lib/python3.12/site-packages/airflow/example_dags/example_branch_operator.py
[2024-12-10T18:02:13.775-0600] {processor.py:914} INFO - Processing file /root/airflow_env/lib/python3.12/site-packages/airflow/example_dags/example_branch_operator.py for tasks to queue
[2024-12-10T18:02:13.777-0600] {logging_mixin.py:190} INFO - [2024-12-10T18:02:13.777-0600] {dagbag.py:588} INFO - Filling up the DagBag from /root/airflow_env/lib/python3.12/site-packages/airflow/example_dags/example_branch_operator.py
[2024-12-10T18:02:13.797-0600] {processor.py:927} WARNING - No viable dags retrieved from /root/airflow_env/lib/python3.12/site-packages/airflow/example_dags/example_branch_operator.py
[2024-12-10T18:02:13.809-0600] {processor.py:208} INFO - Processing /root/airflow_env/lib/python3.12/site-packages/airflow/example_dags/example_branch_operator.py took 0.040 seconds
[2024-12-10T18:03:15.679-0600] {processor.py:186} INFO - Started process (PID=5264) to work on /root/airflow_env/lib/python3.12/site-packages/airflow/example_dags/example_branch_operator.py
[2024-12-10T18:03:15.682-0600] {processor.py:914} INFO - Processing file /root/airflow_env/lib/python3.12/site-packages/airflow/example_dags/example_branch_operator.py for tasks to queue
[2024-12-10T18:03:15.684-0600] {logging_mixin.py:190} INFO - [2024-12-10T18:03:15.683-0600] {dagbag.py:588} INFO - Filling up the DagBag from /root/airflow_env/lib/python3.12/site-packages/airflow/example_dags/example_branch_operator.py
[2024-12-10T18:03:15.706-0600] {processor.py:927} WARNING - No viable dags retrieved from /root/airflow_env/lib/python3.12/site-packages/airflow/example_dags/example_branch_operator.py
[2024-12-10T18:03:15.715-0600] {processor.py:208} INFO - Processing /root/airflow_env/lib/python3.12/site-packages/airflow/example_dags/example_branch_operator.py took 0.039 seconds
[2024-12-10T18:04:08.736-0600] {processor.py:186} INFO - Started process (PID=5331) to work on /root/airflow_env/lib/python3.12/site-packages/airflow/example_dags/example_branch_operator.py
[2024-12-10T18:04:08.739-0600] {processor.py:914} INFO - Processing file /root/airflow_env/lib/python3.12/site-packages/airflow/example_dags/example_branch_operator.py for tasks to queue
[2024-12-10T18:04:08.741-0600] {logging_mixin.py:190} INFO - [2024-12-10T18:04:08.740-0600] {dagbag.py:588} INFO - Filling up the DagBag from /root/airflow_env/lib/python3.12/site-packages/airflow/example_dags/example_branch_operator.py
[2024-12-10T18:04:08.760-0600] {processor.py:927} WARNING - No viable dags retrieved from /root/airflow_env/lib/python3.12/site-packages/airflow/example_dags/example_branch_operator.py
[2024-12-10T18:04:08.768-0600] {processor.py:208} INFO - Processing /root/airflow_env/lib/python3.12/site-packages/airflow/example_dags/example_branch_operator.py took 0.036 seconds
[2024-12-10T18:05:07.253-0600] {processor.py:186} INFO - Started process (PID=5411) to work on /root/airflow_env/lib/python3.12/site-packages/airflow/example_dags/example_branch_operator.py
[2024-12-10T18:05:07.255-0600] {processor.py:914} INFO - Processing file /root/airflow_env/lib/python3.12/site-packages/airflow/example_dags/example_branch_operator.py for tasks to queue
[2024-12-10T18:05:07.256-0600] {logging_mixin.py:190} INFO - [2024-12-10T18:05:07.256-0600] {dagbag.py:588} INFO - Filling up the DagBag from /root/airflow_env/lib/python3.12/site-packages/airflow/example_dags/example_branch_operator.py
[2024-12-10T18:05:07.284-0600] {processor.py:927} WARNING - No viable dags retrieved from /root/airflow_env/lib/python3.12/site-packages/airflow/example_dags/example_branch_operator.py
[2024-12-10T18:05:07.293-0600] {processor.py:208} INFO - Processing /root/airflow_env/lib/python3.12/site-packages/airflow/example_dags/example_branch_operator.py took 0.044 seconds
[2024-12-10T18:06:02.275-0600] {processor.py:186} INFO - Started process (PID=5567) to work on /root/airflow_env/lib/python3.12/site-packages/airflow/example_dags/example_branch_operator.py
[2024-12-10T18:06:02.277-0600] {processor.py:914} INFO - Processing file /root/airflow_env/lib/python3.12/site-packages/airflow/example_dags/example_branch_operator.py for tasks to queue
[2024-12-10T18:06:02.278-0600] {logging_mixin.py:190} INFO - [2024-12-10T18:06:02.278-0600] {dagbag.py:588} INFO - Filling up the DagBag from /root/airflow_env/lib/python3.12/site-packages/airflow/example_dags/example_branch_operator.py
[2024-12-10T18:06:02.297-0600] {processor.py:927} WARNING - No viable dags retrieved from /root/airflow_env/lib/python3.12/site-packages/airflow/example_dags/example_branch_operator.py
[2024-12-10T18:06:02.305-0600] {processor.py:208} INFO - Processing /root/airflow_env/lib/python3.12/site-packages/airflow/example_dags/example_branch_operator.py took 0.034 seconds
[2024-12-10T18:06:59.084-0600] {processor.py:186} INFO - Started process (PID=5628) to work on /root/airflow_env/lib/python3.12/site-packages/airflow/example_dags/example_branch_operator.py
[2024-12-10T18:06:59.087-0600] {processor.py:914} INFO - Processing file /root/airflow_env/lib/python3.12/site-packages/airflow/example_dags/example_branch_operator.py for tasks to queue
[2024-12-10T18:06:59.088-0600] {logging_mixin.py:190} INFO - [2024-12-10T18:06:59.088-0600] {dagbag.py:588} INFO - Filling up the DagBag from /root/airflow_env/lib/python3.12/site-packages/airflow/example_dags/example_branch_operator.py
[2024-12-10T18:06:59.114-0600] {processor.py:927} WARNING - No viable dags retrieved from /root/airflow_env/lib/python3.12/site-packages/airflow/example_dags/example_branch_operator.py
[2024-12-10T18:06:59.122-0600] {processor.py:208} INFO - Processing /root/airflow_env/lib/python3.12/site-packages/airflow/example_dags/example_branch_operator.py took 0.042 seconds
[2024-12-10T18:08:09.460-0600] {processor.py:186} INFO - Started process (PID=5773) to work on /root/airflow_env/lib/python3.12/site-packages/airflow/example_dags/example_branch_operator.py
[2024-12-10T18:08:09.462-0600] {processor.py:914} INFO - Processing file /root/airflow_env/lib/python3.12/site-packages/airflow/example_dags/example_branch_operator.py for tasks to queue
[2024-12-10T18:08:09.463-0600] {logging_mixin.py:190} INFO - [2024-12-10T18:08:09.463-0600] {dagbag.py:588} INFO - Filling up the DagBag from /root/airflow_env/lib/python3.12/site-packages/airflow/example_dags/example_branch_operator.py
[2024-12-10T18:08:09.486-0600] {processor.py:927} WARNING - No viable dags retrieved from /root/airflow_env/lib/python3.12/site-packages/airflow/example_dags/example_branch_operator.py
[2024-12-10T18:08:09.494-0600] {processor.py:208} INFO - Processing /root/airflow_env/lib/python3.12/site-packages/airflow/example_dags/example_branch_operator.py took 0.038 seconds
[2024-12-10T18:09:07.491-0600] {processor.py:186} INFO - Started process (PID=5858) to work on /root/airflow_env/lib/python3.12/site-packages/airflow/example_dags/example_branch_operator.py
[2024-12-10T18:09:07.494-0600] {processor.py:914} INFO - Processing file /root/airflow_env/lib/python3.12/site-packages/airflow/example_dags/example_branch_operator.py for tasks to queue
[2024-12-10T18:09:07.495-0600] {logging_mixin.py:190} INFO - [2024-12-10T18:09:07.495-0600] {dagbag.py:588} INFO - Filling up the DagBag from /root/airflow_env/lib/python3.12/site-packages/airflow/example_dags/example_branch_operator.py
[2024-12-10T18:09:07.518-0600] {processor.py:927} WARNING - No viable dags retrieved from /root/airflow_env/lib/python3.12/site-packages/airflow/example_dags/example_branch_operator.py
[2024-12-10T18:09:07.526-0600] {processor.py:208} INFO - Processing /root/airflow_env/lib/python3.12/site-packages/airflow/example_dags/example_branch_operator.py took 0.039 seconds
[2024-12-10T18:12:43.964-0600] {processor.py:186} INFO - Started process (PID=5948) to work on /root/airflow_env/lib/python3.12/site-packages/airflow/example_dags/example_branch_operator.py
[2024-12-10T18:12:43.966-0600] {processor.py:914} INFO - Processing file /root/airflow_env/lib/python3.12/site-packages/airflow/example_dags/example_branch_operator.py for tasks to queue
[2024-12-10T18:12:43.967-0600] {logging_mixin.py:190} INFO - [2024-12-10T18:12:43.967-0600] {dagbag.py:588} INFO - Filling up the DagBag from /root/airflow_env/lib/python3.12/site-packages/airflow/example_dags/example_branch_operator.py
[2024-12-10T18:12:43.984-0600] {processor.py:927} WARNING - No viable dags retrieved from /root/airflow_env/lib/python3.12/site-packages/airflow/example_dags/example_branch_operator.py
[2024-12-10T18:12:43.992-0600] {processor.py:208} INFO - Processing /root/airflow_env/lib/python3.12/site-packages/airflow/example_dags/example_branch_operator.py took 0.033 seconds
[2024-12-10T18:13:46.188-0600] {processor.py:186} INFO - Started process (PID=6036) to work on /root/airflow_env/lib/python3.12/site-packages/airflow/example_dags/example_branch_operator.py
[2024-12-10T18:13:46.190-0600] {processor.py:914} INFO - Processing file /root/airflow_env/lib/python3.12/site-packages/airflow/example_dags/example_branch_operator.py for tasks to queue
[2024-12-10T18:13:46.192-0600] {logging_mixin.py:190} INFO - [2024-12-10T18:13:46.192-0600] {dagbag.py:588} INFO - Filling up the DagBag from /root/airflow_env/lib/python3.12/site-packages/airflow/example_dags/example_branch_operator.py
[2024-12-10T18:13:46.214-0600] {processor.py:927} WARNING - No viable dags retrieved from /root/airflow_env/lib/python3.12/site-packages/airflow/example_dags/example_branch_operator.py
[2024-12-10T18:13:46.222-0600] {processor.py:208} INFO - Processing /root/airflow_env/lib/python3.12/site-packages/airflow/example_dags/example_branch_operator.py took 0.038 seconds
[2024-12-10T18:14:41.927-0600] {processor.py:186} INFO - Started process (PID=6097) to work on /root/airflow_env/lib/python3.12/site-packages/airflow/example_dags/example_branch_operator.py
[2024-12-10T18:14:41.929-0600] {processor.py:914} INFO - Processing file /root/airflow_env/lib/python3.12/site-packages/airflow/example_dags/example_branch_operator.py for tasks to queue
[2024-12-10T18:14:41.930-0600] {logging_mixin.py:190} INFO - [2024-12-10T18:14:41.930-0600] {dagbag.py:588} INFO - Filling up the DagBag from /root/airflow_env/lib/python3.12/site-packages/airflow/example_dags/example_branch_operator.py
[2024-12-10T18:14:41.954-0600] {processor.py:927} WARNING - No viable dags retrieved from /root/airflow_env/lib/python3.12/site-packages/airflow/example_dags/example_branch_operator.py
[2024-12-10T18:14:41.964-0600] {processor.py:208} INFO - Processing /root/airflow_env/lib/python3.12/site-packages/airflow/example_dags/example_branch_operator.py took 0.041 seconds
[2024-12-10T18:15:35.810-0600] {processor.py:186} INFO - Started process (PID=6157) to work on /root/airflow_env/lib/python3.12/site-packages/airflow/example_dags/example_branch_operator.py
[2024-12-10T18:15:35.812-0600] {processor.py:914} INFO - Processing file /root/airflow_env/lib/python3.12/site-packages/airflow/example_dags/example_branch_operator.py for tasks to queue
[2024-12-10T18:15:35.814-0600] {logging_mixin.py:190} INFO - [2024-12-10T18:15:35.813-0600] {dagbag.py:588} INFO - Filling up the DagBag from /root/airflow_env/lib/python3.12/site-packages/airflow/example_dags/example_branch_operator.py
[2024-12-10T18:15:35.835-0600] {processor.py:927} WARNING - No viable dags retrieved from /root/airflow_env/lib/python3.12/site-packages/airflow/example_dags/example_branch_operator.py
[2024-12-10T18:15:35.843-0600] {processor.py:208} INFO - Processing /root/airflow_env/lib/python3.12/site-packages/airflow/example_dags/example_branch_operator.py took 0.037 seconds
[2024-12-10T18:16:35.147-0600] {processor.py:186} INFO - Started process (PID=6246) to work on /root/airflow_env/lib/python3.12/site-packages/airflow/example_dags/example_branch_operator.py
[2024-12-10T18:16:35.150-0600] {processor.py:914} INFO - Processing file /root/airflow_env/lib/python3.12/site-packages/airflow/example_dags/example_branch_operator.py for tasks to queue
[2024-12-10T18:16:35.152-0600] {logging_mixin.py:190} INFO - [2024-12-10T18:16:35.152-0600] {dagbag.py:588} INFO - Filling up the DagBag from /root/airflow_env/lib/python3.12/site-packages/airflow/example_dags/example_branch_operator.py
[2024-12-10T18:16:35.181-0600] {processor.py:927} WARNING - No viable dags retrieved from /root/airflow_env/lib/python3.12/site-packages/airflow/example_dags/example_branch_operator.py
[2024-12-10T18:16:35.192-0600] {processor.py:208} INFO - Processing /root/airflow_env/lib/python3.12/site-packages/airflow/example_dags/example_branch_operator.py took 0.049 seconds
[2024-12-10T18:17:40.439-0600] {processor.py:186} INFO - Started process (PID=6432) to work on /root/airflow_env/lib/python3.12/site-packages/airflow/example_dags/example_branch_operator.py
[2024-12-10T18:17:40.442-0600] {processor.py:914} INFO - Processing file /root/airflow_env/lib/python3.12/site-packages/airflow/example_dags/example_branch_operator.py for tasks to queue
[2024-12-10T18:17:40.443-0600] {logging_mixin.py:190} INFO - [2024-12-10T18:17:40.443-0600] {dagbag.py:588} INFO - Filling up the DagBag from /root/airflow_env/lib/python3.12/site-packages/airflow/example_dags/example_branch_operator.py
[2024-12-10T18:17:40.466-0600] {processor.py:927} WARNING - No viable dags retrieved from /root/airflow_env/lib/python3.12/site-packages/airflow/example_dags/example_branch_operator.py
[2024-12-10T18:17:40.475-0600] {processor.py:208} INFO - Processing /root/airflow_env/lib/python3.12/site-packages/airflow/example_dags/example_branch_operator.py took 0.040 seconds
[2024-12-10T18:18:50.556-0600] {processor.py:186} INFO - Started process (PID=6636) to work on /root/airflow_env/lib/python3.12/site-packages/airflow/example_dags/example_branch_operator.py
[2024-12-10T18:18:50.558-0600] {processor.py:914} INFO - Processing file /root/airflow_env/lib/python3.12/site-packages/airflow/example_dags/example_branch_operator.py for tasks to queue
[2024-12-10T18:18:50.560-0600] {logging_mixin.py:190} INFO - [2024-12-10T18:18:50.559-0600] {dagbag.py:588} INFO - Filling up the DagBag from /root/airflow_env/lib/python3.12/site-packages/airflow/example_dags/example_branch_operator.py
[2024-12-10T18:18:50.600-0600] {processor.py:927} WARNING - No viable dags retrieved from /root/airflow_env/lib/python3.12/site-packages/airflow/example_dags/example_branch_operator.py
[2024-12-10T18:18:50.608-0600] {processor.py:208} INFO - Processing /root/airflow_env/lib/python3.12/site-packages/airflow/example_dags/example_branch_operator.py took 0.057 seconds
[2024-12-10T18:19:29.399-0600] {processor.py:186} INFO - Started process (PID=6677) to work on /root/airflow_env/lib/python3.12/site-packages/airflow/example_dags/example_branch_operator.py
[2024-12-10T18:19:29.400-0600] {processor.py:914} INFO - Processing file /root/airflow_env/lib/python3.12/site-packages/airflow/example_dags/example_branch_operator.py for tasks to queue
[2024-12-10T18:19:29.402-0600] {logging_mixin.py:190} INFO - [2024-12-10T18:19:29.402-0600] {dagbag.py:588} INFO - Filling up the DagBag from /root/airflow_env/lib/python3.12/site-packages/airflow/example_dags/example_branch_operator.py
[2024-12-10T18:19:29.433-0600] {processor.py:927} WARNING - No viable dags retrieved from /root/airflow_env/lib/python3.12/site-packages/airflow/example_dags/example_branch_operator.py
[2024-12-10T18:19:29.442-0600] {processor.py:208} INFO - Processing /root/airflow_env/lib/python3.12/site-packages/airflow/example_dags/example_branch_operator.py took 0.047 seconds
[2024-12-10T18:20:23.110-0600] {processor.py:186} INFO - Started process (PID=6736) to work on /root/airflow_env/lib/python3.12/site-packages/airflow/example_dags/example_branch_operator.py
[2024-12-10T18:20:23.113-0600] {processor.py:914} INFO - Processing file /root/airflow_env/lib/python3.12/site-packages/airflow/example_dags/example_branch_operator.py for tasks to queue
[2024-12-10T18:20:23.114-0600] {logging_mixin.py:190} INFO - [2024-12-10T18:20:23.114-0600] {dagbag.py:588} INFO - Filling up the DagBag from /root/airflow_env/lib/python3.12/site-packages/airflow/example_dags/example_branch_operator.py
[2024-12-10T18:20:23.139-0600] {processor.py:927} WARNING - No viable dags retrieved from /root/airflow_env/lib/python3.12/site-packages/airflow/example_dags/example_branch_operator.py
[2024-12-10T18:20:23.147-0600] {processor.py:208} INFO - Processing /root/airflow_env/lib/python3.12/site-packages/airflow/example_dags/example_branch_operator.py took 0.041 seconds
[2024-12-10T18:21:15.479-0600] {processor.py:186} INFO - Started process (PID=6794) to work on /root/airflow_env/lib/python3.12/site-packages/airflow/example_dags/example_branch_operator.py
[2024-12-10T18:21:15.482-0600] {processor.py:914} INFO - Processing file /root/airflow_env/lib/python3.12/site-packages/airflow/example_dags/example_branch_operator.py for tasks to queue
[2024-12-10T18:21:15.483-0600] {logging_mixin.py:190} INFO - [2024-12-10T18:21:15.483-0600] {dagbag.py:588} INFO - Filling up the DagBag from /root/airflow_env/lib/python3.12/site-packages/airflow/example_dags/example_branch_operator.py
[2024-12-10T18:21:15.504-0600] {processor.py:927} WARNING - No viable dags retrieved from /root/airflow_env/lib/python3.12/site-packages/airflow/example_dags/example_branch_operator.py
[2024-12-10T18:21:15.513-0600] {processor.py:208} INFO - Processing /root/airflow_env/lib/python3.12/site-packages/airflow/example_dags/example_branch_operator.py took 0.038 seconds
[2024-12-10T18:22:06.334-0600] {processor.py:186} INFO - Started process (PID=6852) to work on /root/airflow_env/lib/python3.12/site-packages/airflow/example_dags/example_branch_operator.py
[2024-12-10T18:22:06.336-0600] {processor.py:914} INFO - Processing file /root/airflow_env/lib/python3.12/site-packages/airflow/example_dags/example_branch_operator.py for tasks to queue
[2024-12-10T18:22:06.337-0600] {logging_mixin.py:190} INFO - [2024-12-10T18:22:06.337-0600] {dagbag.py:588} INFO - Filling up the DagBag from /root/airflow_env/lib/python3.12/site-packages/airflow/example_dags/example_branch_operator.py
[2024-12-10T18:22:06.356-0600] {processor.py:927} WARNING - No viable dags retrieved from /root/airflow_env/lib/python3.12/site-packages/airflow/example_dags/example_branch_operator.py
[2024-12-10T18:22:06.364-0600] {processor.py:208} INFO - Processing /root/airflow_env/lib/python3.12/site-packages/airflow/example_dags/example_branch_operator.py took 0.033 seconds
[2024-12-10T18:22:58.524-0600] {processor.py:186} INFO - Started process (PID=6910) to work on /root/airflow_env/lib/python3.12/site-packages/airflow/example_dags/example_branch_operator.py
[2024-12-10T18:22:58.526-0600] {processor.py:914} INFO - Processing file /root/airflow_env/lib/python3.12/site-packages/airflow/example_dags/example_branch_operator.py for tasks to queue
[2024-12-10T18:22:58.527-0600] {logging_mixin.py:190} INFO - [2024-12-10T18:22:58.527-0600] {dagbag.py:588} INFO - Filling up the DagBag from /root/airflow_env/lib/python3.12/site-packages/airflow/example_dags/example_branch_operator.py
[2024-12-10T18:22:58.594-0600] {processor.py:927} WARNING - No viable dags retrieved from /root/airflow_env/lib/python3.12/site-packages/airflow/example_dags/example_branch_operator.py
[2024-12-10T18:22:58.602-0600] {processor.py:208} INFO - Processing /root/airflow_env/lib/python3.12/site-packages/airflow/example_dags/example_branch_operator.py took 0.082 seconds
[2024-12-10T18:23:52.186-0600] {processor.py:186} INFO - Started process (PID=6966) to work on /root/airflow_env/lib/python3.12/site-packages/airflow/example_dags/example_branch_operator.py
[2024-12-10T18:23:52.195-0600] {processor.py:914} INFO - Processing file /root/airflow_env/lib/python3.12/site-packages/airflow/example_dags/example_branch_operator.py for tasks to queue
[2024-12-10T18:23:52.196-0600] {logging_mixin.py:190} INFO - [2024-12-10T18:23:52.196-0600] {dagbag.py:588} INFO - Filling up the DagBag from /root/airflow_env/lib/python3.12/site-packages/airflow/example_dags/example_branch_operator.py
[2024-12-10T18:23:52.230-0600] {processor.py:927} WARNING - No viable dags retrieved from /root/airflow_env/lib/python3.12/site-packages/airflow/example_dags/example_branch_operator.py
[2024-12-10T18:23:52.239-0600] {processor.py:208} INFO - Processing /root/airflow_env/lib/python3.12/site-packages/airflow/example_dags/example_branch_operator.py took 0.057 seconds
[2024-12-10T18:24:48.522-0600] {processor.py:186} INFO - Started process (PID=7026) to work on /root/airflow_env/lib/python3.12/site-packages/airflow/example_dags/example_branch_operator.py
[2024-12-10T18:24:48.523-0600] {processor.py:914} INFO - Processing file /root/airflow_env/lib/python3.12/site-packages/airflow/example_dags/example_branch_operator.py for tasks to queue
[2024-12-10T18:24:48.525-0600] {logging_mixin.py:190} INFO - [2024-12-10T18:24:48.524-0600] {dagbag.py:588} INFO - Filling up the DagBag from /root/airflow_env/lib/python3.12/site-packages/airflow/example_dags/example_branch_operator.py
[2024-12-10T18:24:48.547-0600] {processor.py:927} WARNING - No viable dags retrieved from /root/airflow_env/lib/python3.12/site-packages/airflow/example_dags/example_branch_operator.py
[2024-12-10T18:24:48.556-0600] {processor.py:208} INFO - Processing /root/airflow_env/lib/python3.12/site-packages/airflow/example_dags/example_branch_operator.py took 0.038 seconds
[2024-12-10T18:25:37.002-0600] {processor.py:186} INFO - Started process (PID=7084) to work on /root/airflow_env/lib/python3.12/site-packages/airflow/example_dags/example_branch_operator.py
[2024-12-10T18:25:37.004-0600] {processor.py:914} INFO - Processing file /root/airflow_env/lib/python3.12/site-packages/airflow/example_dags/example_branch_operator.py for tasks to queue
[2024-12-10T18:25:37.005-0600] {logging_mixin.py:190} INFO - [2024-12-10T18:25:37.005-0600] {dagbag.py:588} INFO - Filling up the DagBag from /root/airflow_env/lib/python3.12/site-packages/airflow/example_dags/example_branch_operator.py
[2024-12-10T18:25:37.028-0600] {processor.py:927} WARNING - No viable dags retrieved from /root/airflow_env/lib/python3.12/site-packages/airflow/example_dags/example_branch_operator.py
[2024-12-10T18:25:37.036-0600] {processor.py:208} INFO - Processing /root/airflow_env/lib/python3.12/site-packages/airflow/example_dags/example_branch_operator.py took 0.038 seconds
[2024-12-10T18:26:29.091-0600] {processor.py:186} INFO - Started process (PID=7141) to work on /root/airflow_env/lib/python3.12/site-packages/airflow/example_dags/example_branch_operator.py
[2024-12-10T18:26:29.093-0600] {processor.py:914} INFO - Processing file /root/airflow_env/lib/python3.12/site-packages/airflow/example_dags/example_branch_operator.py for tasks to queue
[2024-12-10T18:26:29.094-0600] {logging_mixin.py:190} INFO - [2024-12-10T18:26:29.094-0600] {dagbag.py:588} INFO - Filling up the DagBag from /root/airflow_env/lib/python3.12/site-packages/airflow/example_dags/example_branch_operator.py
[2024-12-10T18:26:29.124-0600] {processor.py:927} WARNING - No viable dags retrieved from /root/airflow_env/lib/python3.12/site-packages/airflow/example_dags/example_branch_operator.py
[2024-12-10T18:26:29.133-0600] {processor.py:208} INFO - Processing /root/airflow_env/lib/python3.12/site-packages/airflow/example_dags/example_branch_operator.py took 0.045 seconds
[2024-12-10T18:27:22.902-0600] {processor.py:186} INFO - Started process (PID=7199) to work on /root/airflow_env/lib/python3.12/site-packages/airflow/example_dags/example_branch_operator.py
[2024-12-10T18:27:22.915-0600] {processor.py:914} INFO - Processing file /root/airflow_env/lib/python3.12/site-packages/airflow/example_dags/example_branch_operator.py for tasks to queue
[2024-12-10T18:27:22.916-0600] {logging_mixin.py:190} INFO - [2024-12-10T18:27:22.916-0600] {dagbag.py:588} INFO - Filling up the DagBag from /root/airflow_env/lib/python3.12/site-packages/airflow/example_dags/example_branch_operator.py
[2024-12-10T18:27:22.944-0600] {processor.py:927} WARNING - No viable dags retrieved from /root/airflow_env/lib/python3.12/site-packages/airflow/example_dags/example_branch_operator.py
[2024-12-10T18:27:22.952-0600] {processor.py:208} INFO - Processing /root/airflow_env/lib/python3.12/site-packages/airflow/example_dags/example_branch_operator.py took 0.054 seconds
[2024-12-10T18:28:17.100-0600] {processor.py:186} INFO - Started process (PID=7258) to work on /root/airflow_env/lib/python3.12/site-packages/airflow/example_dags/example_branch_operator.py
[2024-12-10T18:28:17.101-0600] {processor.py:914} INFO - Processing file /root/airflow_env/lib/python3.12/site-packages/airflow/example_dags/example_branch_operator.py for tasks to queue
[2024-12-10T18:28:17.103-0600] {logging_mixin.py:190} INFO - [2024-12-10T18:28:17.103-0600] {dagbag.py:588} INFO - Filling up the DagBag from /root/airflow_env/lib/python3.12/site-packages/airflow/example_dags/example_branch_operator.py
[2024-12-10T18:28:17.125-0600] {processor.py:927} WARNING - No viable dags retrieved from /root/airflow_env/lib/python3.12/site-packages/airflow/example_dags/example_branch_operator.py
[2024-12-10T18:28:17.135-0600] {processor.py:208} INFO - Processing /root/airflow_env/lib/python3.12/site-packages/airflow/example_dags/example_branch_operator.py took 0.039 seconds
[2024-12-10T18:29:13.835-0600] {processor.py:186} INFO - Started process (PID=7316) to work on /root/airflow_env/lib/python3.12/site-packages/airflow/example_dags/example_branch_operator.py
[2024-12-10T18:29:13.837-0600] {processor.py:914} INFO - Processing file /root/airflow_env/lib/python3.12/site-packages/airflow/example_dags/example_branch_operator.py for tasks to queue
[2024-12-10T18:29:13.838-0600] {logging_mixin.py:190} INFO - [2024-12-10T18:29:13.838-0600] {dagbag.py:588} INFO - Filling up the DagBag from /root/airflow_env/lib/python3.12/site-packages/airflow/example_dags/example_branch_operator.py
[2024-12-10T18:29:13.863-0600] {processor.py:927} WARNING - No viable dags retrieved from /root/airflow_env/lib/python3.12/site-packages/airflow/example_dags/example_branch_operator.py
[2024-12-10T18:29:13.871-0600] {processor.py:208} INFO - Processing /root/airflow_env/lib/python3.12/site-packages/airflow/example_dags/example_branch_operator.py took 0.040 seconds
[2024-12-10T18:30:10.276-0600] {processor.py:186} INFO - Started process (PID=7376) to work on /root/airflow_env/lib/python3.12/site-packages/airflow/example_dags/example_branch_operator.py
[2024-12-10T18:30:10.277-0600] {processor.py:914} INFO - Processing file /root/airflow_env/lib/python3.12/site-packages/airflow/example_dags/example_branch_operator.py for tasks to queue
[2024-12-10T18:30:10.279-0600] {logging_mixin.py:190} INFO - [2024-12-10T18:30:10.279-0600] {dagbag.py:588} INFO - Filling up the DagBag from /root/airflow_env/lib/python3.12/site-packages/airflow/example_dags/example_branch_operator.py
[2024-12-10T18:30:10.294-0600] {processor.py:927} WARNING - No viable dags retrieved from /root/airflow_env/lib/python3.12/site-packages/airflow/example_dags/example_branch_operator.py
[2024-12-10T18:30:10.302-0600] {processor.py:208} INFO - Processing /root/airflow_env/lib/python3.12/site-packages/airflow/example_dags/example_branch_operator.py took 0.030 seconds
[2024-12-10T18:31:03.619-0600] {processor.py:186} INFO - Started process (PID=7434) to work on /root/airflow_env/lib/python3.12/site-packages/airflow/example_dags/example_branch_operator.py
[2024-12-10T18:31:03.622-0600] {processor.py:914} INFO - Processing file /root/airflow_env/lib/python3.12/site-packages/airflow/example_dags/example_branch_operator.py for tasks to queue
[2024-12-10T18:31:03.623-0600] {logging_mixin.py:190} INFO - [2024-12-10T18:31:03.623-0600] {dagbag.py:588} INFO - Filling up the DagBag from /root/airflow_env/lib/python3.12/site-packages/airflow/example_dags/example_branch_operator.py
[2024-12-10T18:31:03.646-0600] {processor.py:927} WARNING - No viable dags retrieved from /root/airflow_env/lib/python3.12/site-packages/airflow/example_dags/example_branch_operator.py
[2024-12-10T18:31:03.654-0600] {processor.py:208} INFO - Processing /root/airflow_env/lib/python3.12/site-packages/airflow/example_dags/example_branch_operator.py took 0.038 seconds
[2024-12-10T18:31:56.175-0600] {processor.py:186} INFO - Started process (PID=7493) to work on /root/airflow_env/lib/python3.12/site-packages/airflow/example_dags/example_branch_operator.py
[2024-12-10T18:31:56.177-0600] {processor.py:914} INFO - Processing file /root/airflow_env/lib/python3.12/site-packages/airflow/example_dags/example_branch_operator.py for tasks to queue
[2024-12-10T18:31:56.179-0600] {logging_mixin.py:190} INFO - [2024-12-10T18:31:56.178-0600] {dagbag.py:588} INFO - Filling up the DagBag from /root/airflow_env/lib/python3.12/site-packages/airflow/example_dags/example_branch_operator.py
[2024-12-10T18:31:56.205-0600] {processor.py:927} WARNING - No viable dags retrieved from /root/airflow_env/lib/python3.12/site-packages/airflow/example_dags/example_branch_operator.py
[2024-12-10T18:31:56.213-0600] {processor.py:208} INFO - Processing /root/airflow_env/lib/python3.12/site-packages/airflow/example_dags/example_branch_operator.py took 0.042 seconds
[2024-12-10T18:32:50.858-0600] {processor.py:186} INFO - Started process (PID=7550) to work on /root/airflow_env/lib/python3.12/site-packages/airflow/example_dags/example_branch_operator.py
[2024-12-10T18:32:50.861-0600] {processor.py:914} INFO - Processing file /root/airflow_env/lib/python3.12/site-packages/airflow/example_dags/example_branch_operator.py for tasks to queue
[2024-12-10T18:32:50.862-0600] {logging_mixin.py:190} INFO - [2024-12-10T18:32:50.862-0600] {dagbag.py:588} INFO - Filling up the DagBag from /root/airflow_env/lib/python3.12/site-packages/airflow/example_dags/example_branch_operator.py
[2024-12-10T18:32:50.884-0600] {processor.py:927} WARNING - No viable dags retrieved from /root/airflow_env/lib/python3.12/site-packages/airflow/example_dags/example_branch_operator.py
[2024-12-10T18:32:50.892-0600] {processor.py:208} INFO - Processing /root/airflow_env/lib/python3.12/site-packages/airflow/example_dags/example_branch_operator.py took 0.038 seconds
[2024-12-10T18:33:42.320-0600] {processor.py:186} INFO - Started process (PID=7608) to work on /root/airflow_env/lib/python3.12/site-packages/airflow/example_dags/example_branch_operator.py
[2024-12-10T18:33:42.321-0600] {processor.py:914} INFO - Processing file /root/airflow_env/lib/python3.12/site-packages/airflow/example_dags/example_branch_operator.py for tasks to queue
[2024-12-10T18:33:42.323-0600] {logging_mixin.py:190} INFO - [2024-12-10T18:33:42.322-0600] {dagbag.py:588} INFO - Filling up the DagBag from /root/airflow_env/lib/python3.12/site-packages/airflow/example_dags/example_branch_operator.py
[2024-12-10T18:33:42.346-0600] {processor.py:927} WARNING - No viable dags retrieved from /root/airflow_env/lib/python3.12/site-packages/airflow/example_dags/example_branch_operator.py
[2024-12-10T18:33:42.354-0600] {processor.py:208} INFO - Processing /root/airflow_env/lib/python3.12/site-packages/airflow/example_dags/example_branch_operator.py took 0.038 seconds
[2024-12-10T18:34:32.750-0600] {processor.py:186} INFO - Started process (PID=7662) to work on /root/airflow_env/lib/python3.12/site-packages/airflow/example_dags/example_branch_operator.py
[2024-12-10T18:34:32.752-0600] {processor.py:914} INFO - Processing file /root/airflow_env/lib/python3.12/site-packages/airflow/example_dags/example_branch_operator.py for tasks to queue
[2024-12-10T18:34:32.754-0600] {logging_mixin.py:190} INFO - [2024-12-10T18:34:32.754-0600] {dagbag.py:588} INFO - Filling up the DagBag from /root/airflow_env/lib/python3.12/site-packages/airflow/example_dags/example_branch_operator.py
[2024-12-10T18:34:32.777-0600] {processor.py:927} WARNING - No viable dags retrieved from /root/airflow_env/lib/python3.12/site-packages/airflow/example_dags/example_branch_operator.py
[2024-12-10T18:34:32.785-0600] {processor.py:208} INFO - Processing /root/airflow_env/lib/python3.12/site-packages/airflow/example_dags/example_branch_operator.py took 0.039 seconds
[2024-12-10T18:35:23.657-0600] {processor.py:186} INFO - Started process (PID=7721) to work on /root/airflow_env/lib/python3.12/site-packages/airflow/example_dags/example_branch_operator.py
[2024-12-10T18:35:23.659-0600] {processor.py:914} INFO - Processing file /root/airflow_env/lib/python3.12/site-packages/airflow/example_dags/example_branch_operator.py for tasks to queue
[2024-12-10T18:35:23.661-0600] {logging_mixin.py:190} INFO - [2024-12-10T18:35:23.660-0600] {dagbag.py:588} INFO - Filling up the DagBag from /root/airflow_env/lib/python3.12/site-packages/airflow/example_dags/example_branch_operator.py
[2024-12-10T18:35:23.683-0600] {processor.py:927} WARNING - No viable dags retrieved from /root/airflow_env/lib/python3.12/site-packages/airflow/example_dags/example_branch_operator.py
[2024-12-10T18:35:23.691-0600] {processor.py:208} INFO - Processing /root/airflow_env/lib/python3.12/site-packages/airflow/example_dags/example_branch_operator.py took 0.038 seconds
[2024-12-10T18:36:17.934-0600] {processor.py:186} INFO - Started process (PID=7780) to work on /root/airflow_env/lib/python3.12/site-packages/airflow/example_dags/example_branch_operator.py
[2024-12-10T18:36:17.937-0600] {processor.py:914} INFO - Processing file /root/airflow_env/lib/python3.12/site-packages/airflow/example_dags/example_branch_operator.py for tasks to queue
[2024-12-10T18:36:17.938-0600] {logging_mixin.py:190} INFO - [2024-12-10T18:36:17.938-0600] {dagbag.py:588} INFO - Filling up the DagBag from /root/airflow_env/lib/python3.12/site-packages/airflow/example_dags/example_branch_operator.py
[2024-12-10T18:36:17.961-0600] {processor.py:927} WARNING - No viable dags retrieved from /root/airflow_env/lib/python3.12/site-packages/airflow/example_dags/example_branch_operator.py
[2024-12-10T18:36:17.969-0600] {processor.py:208} INFO - Processing /root/airflow_env/lib/python3.12/site-packages/airflow/example_dags/example_branch_operator.py took 0.039 seconds
[2024-12-10T18:37:09.763-0600] {processor.py:186} INFO - Started process (PID=7837) to work on /root/airflow_env/lib/python3.12/site-packages/airflow/example_dags/example_branch_operator.py
[2024-12-10T18:37:09.764-0600] {processor.py:914} INFO - Processing file /root/airflow_env/lib/python3.12/site-packages/airflow/example_dags/example_branch_operator.py for tasks to queue
[2024-12-10T18:37:09.766-0600] {logging_mixin.py:190} INFO - [2024-12-10T18:37:09.765-0600] {dagbag.py:588} INFO - Filling up the DagBag from /root/airflow_env/lib/python3.12/site-packages/airflow/example_dags/example_branch_operator.py
[2024-12-10T18:37:09.785-0600] {processor.py:927} WARNING - No viable dags retrieved from /root/airflow_env/lib/python3.12/site-packages/airflow/example_dags/example_branch_operator.py
[2024-12-10T18:37:09.795-0600] {processor.py:208} INFO - Processing /root/airflow_env/lib/python3.12/site-packages/airflow/example_dags/example_branch_operator.py took 0.037 seconds
[2024-12-10T18:38:05.118-0600] {processor.py:186} INFO - Started process (PID=7896) to work on /root/airflow_env/lib/python3.12/site-packages/airflow/example_dags/example_branch_operator.py
[2024-12-10T18:38:05.119-0600] {processor.py:914} INFO - Processing file /root/airflow_env/lib/python3.12/site-packages/airflow/example_dags/example_branch_operator.py for tasks to queue
[2024-12-10T18:38:05.121-0600] {logging_mixin.py:190} INFO - [2024-12-10T18:38:05.121-0600] {dagbag.py:588} INFO - Filling up the DagBag from /root/airflow_env/lib/python3.12/site-packages/airflow/example_dags/example_branch_operator.py
[2024-12-10T18:38:05.147-0600] {processor.py:927} WARNING - No viable dags retrieved from /root/airflow_env/lib/python3.12/site-packages/airflow/example_dags/example_branch_operator.py
[2024-12-10T18:38:05.155-0600] {processor.py:208} INFO - Processing /root/airflow_env/lib/python3.12/site-packages/airflow/example_dags/example_branch_operator.py took 0.041 seconds
[2024-12-10T18:38:57.616-0600] {processor.py:186} INFO - Started process (PID=7954) to work on /root/airflow_env/lib/python3.12/site-packages/airflow/example_dags/example_branch_operator.py
[2024-12-10T18:38:57.618-0600] {processor.py:914} INFO - Processing file /root/airflow_env/lib/python3.12/site-packages/airflow/example_dags/example_branch_operator.py for tasks to queue
[2024-12-10T18:38:57.619-0600] {logging_mixin.py:190} INFO - [2024-12-10T18:38:57.619-0600] {dagbag.py:588} INFO - Filling up the DagBag from /root/airflow_env/lib/python3.12/site-packages/airflow/example_dags/example_branch_operator.py
[2024-12-10T18:38:57.639-0600] {processor.py:927} WARNING - No viable dags retrieved from /root/airflow_env/lib/python3.12/site-packages/airflow/example_dags/example_branch_operator.py
[2024-12-10T18:38:57.648-0600] {processor.py:208} INFO - Processing /root/airflow_env/lib/python3.12/site-packages/airflow/example_dags/example_branch_operator.py took 0.035 seconds
[2024-12-10T18:39:50.852-0600] {processor.py:186} INFO - Started process (PID=8041) to work on /root/airflow_env/lib/python3.12/site-packages/airflow/example_dags/example_branch_operator.py
[2024-12-10T18:39:50.855-0600] {processor.py:914} INFO - Processing file /root/airflow_env/lib/python3.12/site-packages/airflow/example_dags/example_branch_operator.py for tasks to queue
[2024-12-10T18:39:50.856-0600] {logging_mixin.py:190} INFO - [2024-12-10T18:39:50.856-0600] {dagbag.py:588} INFO - Filling up the DagBag from /root/airflow_env/lib/python3.12/site-packages/airflow/example_dags/example_branch_operator.py
[2024-12-10T18:39:50.878-0600] {processor.py:927} WARNING - No viable dags retrieved from /root/airflow_env/lib/python3.12/site-packages/airflow/example_dags/example_branch_operator.py
[2024-12-10T18:39:50.886-0600] {processor.py:208} INFO - Processing /root/airflow_env/lib/python3.12/site-packages/airflow/example_dags/example_branch_operator.py took 0.037 seconds
[2024-12-10T18:40:43.718-0600] {processor.py:186} INFO - Started process (PID=8519) to work on /root/airflow_env/lib/python3.12/site-packages/airflow/example_dags/example_branch_operator.py
[2024-12-10T18:40:43.721-0600] {processor.py:914} INFO - Processing file /root/airflow_env/lib/python3.12/site-packages/airflow/example_dags/example_branch_operator.py for tasks to queue
[2024-12-10T18:40:43.723-0600] {logging_mixin.py:190} INFO - [2024-12-10T18:40:43.722-0600] {dagbag.py:588} INFO - Filling up the DagBag from /root/airflow_env/lib/python3.12/site-packages/airflow/example_dags/example_branch_operator.py
[2024-12-10T18:40:43.745-0600] {processor.py:927} WARNING - No viable dags retrieved from /root/airflow_env/lib/python3.12/site-packages/airflow/example_dags/example_branch_operator.py
[2024-12-10T18:40:43.753-0600] {processor.py:208} INFO - Processing /root/airflow_env/lib/python3.12/site-packages/airflow/example_dags/example_branch_operator.py took 0.039 seconds
[2024-12-10T18:41:34.511-0600] {processor.py:186} INFO - Started process (PID=8575) to work on /root/airflow_env/lib/python3.12/site-packages/airflow/example_dags/example_branch_operator.py
[2024-12-10T18:41:34.513-0600] {processor.py:914} INFO - Processing file /root/airflow_env/lib/python3.12/site-packages/airflow/example_dags/example_branch_operator.py for tasks to queue
[2024-12-10T18:41:34.514-0600] {logging_mixin.py:190} INFO - [2024-12-10T18:41:34.514-0600] {dagbag.py:588} INFO - Filling up the DagBag from /root/airflow_env/lib/python3.12/site-packages/airflow/example_dags/example_branch_operator.py
[2024-12-10T18:41:34.537-0600] {processor.py:927} WARNING - No viable dags retrieved from /root/airflow_env/lib/python3.12/site-packages/airflow/example_dags/example_branch_operator.py
[2024-12-10T18:41:34.545-0600] {processor.py:208} INFO - Processing /root/airflow_env/lib/python3.12/site-packages/airflow/example_dags/example_branch_operator.py took 0.038 seconds
[2024-12-10T18:42:25.199-0600] {processor.py:186} INFO - Started process (PID=8631) to work on /root/airflow_env/lib/python3.12/site-packages/airflow/example_dags/example_branch_operator.py
[2024-12-10T18:42:25.202-0600] {processor.py:914} INFO - Processing file /root/airflow_env/lib/python3.12/site-packages/airflow/example_dags/example_branch_operator.py for tasks to queue
[2024-12-10T18:42:25.204-0600] {logging_mixin.py:190} INFO - [2024-12-10T18:42:25.203-0600] {dagbag.py:588} INFO - Filling up the DagBag from /root/airflow_env/lib/python3.12/site-packages/airflow/example_dags/example_branch_operator.py
[2024-12-10T18:42:25.227-0600] {processor.py:927} WARNING - No viable dags retrieved from /root/airflow_env/lib/python3.12/site-packages/airflow/example_dags/example_branch_operator.py
[2024-12-10T18:42:25.235-0600] {processor.py:208} INFO - Processing /root/airflow_env/lib/python3.12/site-packages/airflow/example_dags/example_branch_operator.py took 0.039 seconds
[2024-12-10T18:43:19.084-0600] {processor.py:186} INFO - Started process (PID=8689) to work on /root/airflow_env/lib/python3.12/site-packages/airflow/example_dags/example_branch_operator.py
[2024-12-10T18:43:19.086-0600] {processor.py:914} INFO - Processing file /root/airflow_env/lib/python3.12/site-packages/airflow/example_dags/example_branch_operator.py for tasks to queue
[2024-12-10T18:43:19.089-0600] {logging_mixin.py:190} INFO - [2024-12-10T18:43:19.088-0600] {dagbag.py:588} INFO - Filling up the DagBag from /root/airflow_env/lib/python3.12/site-packages/airflow/example_dags/example_branch_operator.py
[2024-12-10T18:43:19.116-0600] {processor.py:927} WARNING - No viable dags retrieved from /root/airflow_env/lib/python3.12/site-packages/airflow/example_dags/example_branch_operator.py
[2024-12-10T18:43:19.125-0600] {processor.py:208} INFO - Processing /root/airflow_env/lib/python3.12/site-packages/airflow/example_dags/example_branch_operator.py took 0.044 seconds
[2024-12-10T18:44:15.658-0600] {processor.py:186} INFO - Started process (PID=8750) to work on /root/airflow_env/lib/python3.12/site-packages/airflow/example_dags/example_branch_operator.py
[2024-12-10T18:44:15.659-0600] {processor.py:914} INFO - Processing file /root/airflow_env/lib/python3.12/site-packages/airflow/example_dags/example_branch_operator.py for tasks to queue
[2024-12-10T18:44:15.662-0600] {logging_mixin.py:190} INFO - [2024-12-10T18:44:15.661-0600] {dagbag.py:588} INFO - Filling up the DagBag from /root/airflow_env/lib/python3.12/site-packages/airflow/example_dags/example_branch_operator.py
[2024-12-10T18:44:15.686-0600] {processor.py:927} WARNING - No viable dags retrieved from /root/airflow_env/lib/python3.12/site-packages/airflow/example_dags/example_branch_operator.py
[2024-12-10T18:44:15.695-0600] {processor.py:208} INFO - Processing /root/airflow_env/lib/python3.12/site-packages/airflow/example_dags/example_branch_operator.py took 0.042 seconds
[2024-12-10T18:45:06.329-0600] {processor.py:186} INFO - Started process (PID=8813) to work on /root/airflow_env/lib/python3.12/site-packages/airflow/example_dags/example_branch_operator.py
[2024-12-10T18:45:06.331-0600] {processor.py:914} INFO - Processing file /root/airflow_env/lib/python3.12/site-packages/airflow/example_dags/example_branch_operator.py for tasks to queue
[2024-12-10T18:45:06.333-0600] {logging_mixin.py:190} INFO - [2024-12-10T18:45:06.332-0600] {dagbag.py:588} INFO - Filling up the DagBag from /root/airflow_env/lib/python3.12/site-packages/airflow/example_dags/example_branch_operator.py
[2024-12-10T18:45:06.355-0600] {processor.py:927} WARNING - No viable dags retrieved from /root/airflow_env/lib/python3.12/site-packages/airflow/example_dags/example_branch_operator.py
[2024-12-10T18:45:06.363-0600] {processor.py:208} INFO - Processing /root/airflow_env/lib/python3.12/site-packages/airflow/example_dags/example_branch_operator.py took 0.038 seconds
[2024-12-10T18:45:59.276-0600] {processor.py:186} INFO - Started process (PID=8873) to work on /root/airflow_env/lib/python3.12/site-packages/airflow/example_dags/example_branch_operator.py
[2024-12-10T18:45:59.280-0600] {processor.py:914} INFO - Processing file /root/airflow_env/lib/python3.12/site-packages/airflow/example_dags/example_branch_operator.py for tasks to queue
[2024-12-10T18:45:59.282-0600] {logging_mixin.py:190} INFO - [2024-12-10T18:45:59.282-0600] {dagbag.py:588} INFO - Filling up the DagBag from /root/airflow_env/lib/python3.12/site-packages/airflow/example_dags/example_branch_operator.py
[2024-12-10T18:45:59.318-0600] {processor.py:927} WARNING - No viable dags retrieved from /root/airflow_env/lib/python3.12/site-packages/airflow/example_dags/example_branch_operator.py
[2024-12-10T18:45:59.328-0600] {processor.py:208} INFO - Processing /root/airflow_env/lib/python3.12/site-packages/airflow/example_dags/example_branch_operator.py took 0.065 seconds
[2024-12-10T18:46:54.074-0600] {processor.py:186} INFO - Started process (PID=8932) to work on /root/airflow_env/lib/python3.12/site-packages/airflow/example_dags/example_branch_operator.py
[2024-12-10T18:46:54.076-0600] {processor.py:914} INFO - Processing file /root/airflow_env/lib/python3.12/site-packages/airflow/example_dags/example_branch_operator.py for tasks to queue
[2024-12-10T18:46:54.078-0600] {logging_mixin.py:190} INFO - [2024-12-10T18:46:54.078-0600] {dagbag.py:588} INFO - Filling up the DagBag from /root/airflow_env/lib/python3.12/site-packages/airflow/example_dags/example_branch_operator.py
[2024-12-10T18:46:54.104-0600] {processor.py:927} WARNING - No viable dags retrieved from /root/airflow_env/lib/python3.12/site-packages/airflow/example_dags/example_branch_operator.py
[2024-12-10T18:46:54.114-0600] {processor.py:208} INFO - Processing /root/airflow_env/lib/python3.12/site-packages/airflow/example_dags/example_branch_operator.py took 0.045 seconds
[2024-12-10T18:47:46.620-0600] {processor.py:186} INFO - Started process (PID=8990) to work on /root/airflow_env/lib/python3.12/site-packages/airflow/example_dags/example_branch_operator.py
[2024-12-10T18:47:46.623-0600] {processor.py:914} INFO - Processing file /root/airflow_env/lib/python3.12/site-packages/airflow/example_dags/example_branch_operator.py for tasks to queue
[2024-12-10T18:47:46.625-0600] {logging_mixin.py:190} INFO - [2024-12-10T18:47:46.625-0600] {dagbag.py:588} INFO - Filling up the DagBag from /root/airflow_env/lib/python3.12/site-packages/airflow/example_dags/example_branch_operator.py
[2024-12-10T18:47:46.647-0600] {processor.py:927} WARNING - No viable dags retrieved from /root/airflow_env/lib/python3.12/site-packages/airflow/example_dags/example_branch_operator.py
[2024-12-10T18:47:46.656-0600] {processor.py:208} INFO - Processing /root/airflow_env/lib/python3.12/site-packages/airflow/example_dags/example_branch_operator.py took 0.039 seconds
[2024-12-10T18:48:37.625-0600] {processor.py:186} INFO - Started process (PID=9048) to work on /root/airflow_env/lib/python3.12/site-packages/airflow/example_dags/example_branch_operator.py
[2024-12-10T18:48:37.628-0600] {processor.py:914} INFO - Processing file /root/airflow_env/lib/python3.12/site-packages/airflow/example_dags/example_branch_operator.py for tasks to queue
[2024-12-10T18:48:37.629-0600] {logging_mixin.py:190} INFO - [2024-12-10T18:48:37.629-0600] {dagbag.py:588} INFO - Filling up the DagBag from /root/airflow_env/lib/python3.12/site-packages/airflow/example_dags/example_branch_operator.py
[2024-12-10T18:48:37.651-0600] {processor.py:927} WARNING - No viable dags retrieved from /root/airflow_env/lib/python3.12/site-packages/airflow/example_dags/example_branch_operator.py
[2024-12-10T18:48:37.659-0600] {processor.py:208} INFO - Processing /root/airflow_env/lib/python3.12/site-packages/airflow/example_dags/example_branch_operator.py took 0.038 seconds
[2024-12-10T18:49:32.868-0600] {processor.py:186} INFO - Started process (PID=9104) to work on /root/airflow_env/lib/python3.12/site-packages/airflow/example_dags/example_branch_operator.py
[2024-12-10T18:49:32.869-0600] {processor.py:914} INFO - Processing file /root/airflow_env/lib/python3.12/site-packages/airflow/example_dags/example_branch_operator.py for tasks to queue
[2024-12-10T18:49:32.871-0600] {logging_mixin.py:190} INFO - [2024-12-10T18:49:32.871-0600] {dagbag.py:588} INFO - Filling up the DagBag from /root/airflow_env/lib/python3.12/site-packages/airflow/example_dags/example_branch_operator.py
[2024-12-10T18:49:32.904-0600] {processor.py:927} WARNING - No viable dags retrieved from /root/airflow_env/lib/python3.12/site-packages/airflow/example_dags/example_branch_operator.py
[2024-12-10T18:49:32.913-0600] {processor.py:208} INFO - Processing /root/airflow_env/lib/python3.12/site-packages/airflow/example_dags/example_branch_operator.py took 0.049 seconds
[2024-12-10T18:50:25.378-0600] {processor.py:186} INFO - Started process (PID=9163) to work on /root/airflow_env/lib/python3.12/site-packages/airflow/example_dags/example_branch_operator.py
[2024-12-10T18:50:25.381-0600] {processor.py:914} INFO - Processing file /root/airflow_env/lib/python3.12/site-packages/airflow/example_dags/example_branch_operator.py for tasks to queue
[2024-12-10T18:50:25.382-0600] {logging_mixin.py:190} INFO - [2024-12-10T18:50:25.382-0600] {dagbag.py:588} INFO - Filling up the DagBag from /root/airflow_env/lib/python3.12/site-packages/airflow/example_dags/example_branch_operator.py
[2024-12-10T18:50:25.424-0600] {processor.py:927} WARNING - No viable dags retrieved from /root/airflow_env/lib/python3.12/site-packages/airflow/example_dags/example_branch_operator.py
[2024-12-10T18:50:25.432-0600] {processor.py:208} INFO - Processing /root/airflow_env/lib/python3.12/site-packages/airflow/example_dags/example_branch_operator.py took 0.058 seconds
[2024-12-10T18:51:17.690-0600] {processor.py:186} INFO - Started process (PID=9221) to work on /root/airflow_env/lib/python3.12/site-packages/airflow/example_dags/example_branch_operator.py
[2024-12-10T18:51:17.691-0600] {processor.py:914} INFO - Processing file /root/airflow_env/lib/python3.12/site-packages/airflow/example_dags/example_branch_operator.py for tasks to queue
[2024-12-10T18:51:17.694-0600] {logging_mixin.py:190} INFO - [2024-12-10T18:51:17.693-0600] {dagbag.py:588} INFO - Filling up the DagBag from /root/airflow_env/lib/python3.12/site-packages/airflow/example_dags/example_branch_operator.py
[2024-12-10T18:51:17.723-0600] {processor.py:927} WARNING - No viable dags retrieved from /root/airflow_env/lib/python3.12/site-packages/airflow/example_dags/example_branch_operator.py
[2024-12-10T18:51:17.732-0600] {processor.py:208} INFO - Processing /root/airflow_env/lib/python3.12/site-packages/airflow/example_dags/example_branch_operator.py took 0.047 seconds
[2024-12-10T18:52:16.612-0600] {processor.py:186} INFO - Started process (PID=9281) to work on /root/airflow_env/lib/python3.12/site-packages/airflow/example_dags/example_branch_operator.py
[2024-12-10T18:52:16.614-0600] {processor.py:914} INFO - Processing file /root/airflow_env/lib/python3.12/site-packages/airflow/example_dags/example_branch_operator.py for tasks to queue
[2024-12-10T18:52:16.616-0600] {logging_mixin.py:190} INFO - [2024-12-10T18:52:16.616-0600] {dagbag.py:588} INFO - Filling up the DagBag from /root/airflow_env/lib/python3.12/site-packages/airflow/example_dags/example_branch_operator.py
[2024-12-10T18:52:16.640-0600] {processor.py:927} WARNING - No viable dags retrieved from /root/airflow_env/lib/python3.12/site-packages/airflow/example_dags/example_branch_operator.py
[2024-12-10T18:52:16.649-0600] {processor.py:208} INFO - Processing /root/airflow_env/lib/python3.12/site-packages/airflow/example_dags/example_branch_operator.py took 0.041 seconds
[2024-12-10T18:53:11.341-0600] {processor.py:186} INFO - Started process (PID=9340) to work on /root/airflow_env/lib/python3.12/site-packages/airflow/example_dags/example_branch_operator.py
[2024-12-10T18:53:11.342-0600] {processor.py:914} INFO - Processing file /root/airflow_env/lib/python3.12/site-packages/airflow/example_dags/example_branch_operator.py for tasks to queue
[2024-12-10T18:53:11.344-0600] {logging_mixin.py:190} INFO - [2024-12-10T18:53:11.343-0600] {dagbag.py:588} INFO - Filling up the DagBag from /root/airflow_env/lib/python3.12/site-packages/airflow/example_dags/example_branch_operator.py
[2024-12-10T18:53:11.364-0600] {processor.py:927} WARNING - No viable dags retrieved from /root/airflow_env/lib/python3.12/site-packages/airflow/example_dags/example_branch_operator.py
[2024-12-10T18:53:11.372-0600] {processor.py:208} INFO - Processing /root/airflow_env/lib/python3.12/site-packages/airflow/example_dags/example_branch_operator.py took 0.035 seconds
[2024-12-10T18:54:04.946-0600] {processor.py:186} INFO - Started process (PID=9399) to work on /root/airflow_env/lib/python3.12/site-packages/airflow/example_dags/example_branch_operator.py
[2024-12-10T18:54:04.949-0600] {processor.py:914} INFO - Processing file /root/airflow_env/lib/python3.12/site-packages/airflow/example_dags/example_branch_operator.py for tasks to queue
[2024-12-10T18:54:04.950-0600] {logging_mixin.py:190} INFO - [2024-12-10T18:54:04.950-0600] {dagbag.py:588} INFO - Filling up the DagBag from /root/airflow_env/lib/python3.12/site-packages/airflow/example_dags/example_branch_operator.py
[2024-12-10T18:54:04.971-0600] {processor.py:927} WARNING - No viable dags retrieved from /root/airflow_env/lib/python3.12/site-packages/airflow/example_dags/example_branch_operator.py
[2024-12-10T18:54:04.979-0600] {processor.py:208} INFO - Processing /root/airflow_env/lib/python3.12/site-packages/airflow/example_dags/example_branch_operator.py took 0.036 seconds
[2024-12-10T18:54:56.322-0600] {processor.py:186} INFO - Started process (PID=9455) to work on /root/airflow_env/lib/python3.12/site-packages/airflow/example_dags/example_branch_operator.py
[2024-12-10T18:54:56.325-0600] {processor.py:914} INFO - Processing file /root/airflow_env/lib/python3.12/site-packages/airflow/example_dags/example_branch_operator.py for tasks to queue
[2024-12-10T18:54:56.326-0600] {logging_mixin.py:190} INFO - [2024-12-10T18:54:56.326-0600] {dagbag.py:588} INFO - Filling up the DagBag from /root/airflow_env/lib/python3.12/site-packages/airflow/example_dags/example_branch_operator.py
[2024-12-10T18:54:56.351-0600] {processor.py:927} WARNING - No viable dags retrieved from /root/airflow_env/lib/python3.12/site-packages/airflow/example_dags/example_branch_operator.py
[2024-12-10T18:54:56.359-0600] {processor.py:208} INFO - Processing /root/airflow_env/lib/python3.12/site-packages/airflow/example_dags/example_branch_operator.py took 0.041 seconds
[2024-12-10T18:55:46.617-0600] {processor.py:186} INFO - Started process (PID=9514) to work on /root/airflow_env/lib/python3.12/site-packages/airflow/example_dags/example_branch_operator.py
[2024-12-10T18:55:46.620-0600] {processor.py:914} INFO - Processing file /root/airflow_env/lib/python3.12/site-packages/airflow/example_dags/example_branch_operator.py for tasks to queue
[2024-12-10T18:55:46.621-0600] {logging_mixin.py:190} INFO - [2024-12-10T18:55:46.621-0600] {dagbag.py:588} INFO - Filling up the DagBag from /root/airflow_env/lib/python3.12/site-packages/airflow/example_dags/example_branch_operator.py
[2024-12-10T18:55:46.645-0600] {processor.py:927} WARNING - No viable dags retrieved from /root/airflow_env/lib/python3.12/site-packages/airflow/example_dags/example_branch_operator.py
[2024-12-10T18:55:46.653-0600] {processor.py:208} INFO - Processing /root/airflow_env/lib/python3.12/site-packages/airflow/example_dags/example_branch_operator.py took 0.041 seconds
[2024-12-10T18:56:38.916-0600] {processor.py:186} INFO - Started process (PID=9570) to work on /root/airflow_env/lib/python3.12/site-packages/airflow/example_dags/example_branch_operator.py
[2024-12-10T18:56:38.918-0600] {processor.py:914} INFO - Processing file /root/airflow_env/lib/python3.12/site-packages/airflow/example_dags/example_branch_operator.py for tasks to queue
[2024-12-10T18:56:38.919-0600] {logging_mixin.py:190} INFO - [2024-12-10T18:56:38.919-0600] {dagbag.py:588} INFO - Filling up the DagBag from /root/airflow_env/lib/python3.12/site-packages/airflow/example_dags/example_branch_operator.py
[2024-12-10T18:56:38.948-0600] {processor.py:927} WARNING - No viable dags retrieved from /root/airflow_env/lib/python3.12/site-packages/airflow/example_dags/example_branch_operator.py
[2024-12-10T18:56:38.956-0600] {processor.py:208} INFO - Processing /root/airflow_env/lib/python3.12/site-packages/airflow/example_dags/example_branch_operator.py took 0.043 seconds
[2024-12-10T18:57:35.130-0600] {processor.py:186} INFO - Started process (PID=9629) to work on /root/airflow_env/lib/python3.12/site-packages/airflow/example_dags/example_branch_operator.py
[2024-12-10T18:57:35.133-0600] {processor.py:914} INFO - Processing file /root/airflow_env/lib/python3.12/site-packages/airflow/example_dags/example_branch_operator.py for tasks to queue
[2024-12-10T18:57:35.134-0600] {logging_mixin.py:190} INFO - [2024-12-10T18:57:35.134-0600] {dagbag.py:588} INFO - Filling up the DagBag from /root/airflow_env/lib/python3.12/site-packages/airflow/example_dags/example_branch_operator.py
[2024-12-10T18:57:35.174-0600] {processor.py:927} WARNING - No viable dags retrieved from /root/airflow_env/lib/python3.12/site-packages/airflow/example_dags/example_branch_operator.py
[2024-12-10T18:57:35.184-0600] {processor.py:208} INFO - Processing /root/airflow_env/lib/python3.12/site-packages/airflow/example_dags/example_branch_operator.py took 0.058 seconds
[2024-12-10T18:58:28.466-0600] {processor.py:186} INFO - Started process (PID=9687) to work on /root/airflow_env/lib/python3.12/site-packages/airflow/example_dags/example_branch_operator.py
[2024-12-10T18:58:28.468-0600] {processor.py:914} INFO - Processing file /root/airflow_env/lib/python3.12/site-packages/airflow/example_dags/example_branch_operator.py for tasks to queue
[2024-12-10T18:58:28.470-0600] {logging_mixin.py:190} INFO - [2024-12-10T18:58:28.470-0600] {dagbag.py:588} INFO - Filling up the DagBag from /root/airflow_env/lib/python3.12/site-packages/airflow/example_dags/example_branch_operator.py
[2024-12-10T18:58:28.493-0600] {processor.py:927} WARNING - No viable dags retrieved from /root/airflow_env/lib/python3.12/site-packages/airflow/example_dags/example_branch_operator.py
[2024-12-10T18:58:28.501-0600] {processor.py:208} INFO - Processing /root/airflow_env/lib/python3.12/site-packages/airflow/example_dags/example_branch_operator.py took 0.039 seconds
[2024-12-10T18:59:21.973-0600] {processor.py:186} INFO - Started process (PID=9744) to work on /root/airflow_env/lib/python3.12/site-packages/airflow/example_dags/example_branch_operator.py
[2024-12-10T18:59:21.975-0600] {processor.py:914} INFO - Processing file /root/airflow_env/lib/python3.12/site-packages/airflow/example_dags/example_branch_operator.py for tasks to queue
[2024-12-10T18:59:21.976-0600] {logging_mixin.py:190} INFO - [2024-12-10T18:59:21.976-0600] {dagbag.py:588} INFO - Filling up the DagBag from /root/airflow_env/lib/python3.12/site-packages/airflow/example_dags/example_branch_operator.py
[2024-12-10T18:59:21.997-0600] {processor.py:927} WARNING - No viable dags retrieved from /root/airflow_env/lib/python3.12/site-packages/airflow/example_dags/example_branch_operator.py
[2024-12-10T18:59:22.005-0600] {processor.py:208} INFO - Processing /root/airflow_env/lib/python3.12/site-packages/airflow/example_dags/example_branch_operator.py took 0.035 seconds
[2024-12-10T19:00:20.145-0600] {processor.py:186} INFO - Started process (PID=9805) to work on /root/airflow_env/lib/python3.12/site-packages/airflow/example_dags/example_branch_operator.py
[2024-12-10T19:00:20.147-0600] {processor.py:914} INFO - Processing file /root/airflow_env/lib/python3.12/site-packages/airflow/example_dags/example_branch_operator.py for tasks to queue
[2024-12-10T19:00:20.149-0600] {logging_mixin.py:190} INFO - [2024-12-10T19:00:20.148-0600] {dagbag.py:588} INFO - Filling up the DagBag from /root/airflow_env/lib/python3.12/site-packages/airflow/example_dags/example_branch_operator.py
[2024-12-10T19:00:20.173-0600] {processor.py:927} WARNING - No viable dags retrieved from /root/airflow_env/lib/python3.12/site-packages/airflow/example_dags/example_branch_operator.py
[2024-12-10T19:00:20.181-0600] {processor.py:208} INFO - Processing /root/airflow_env/lib/python3.12/site-packages/airflow/example_dags/example_branch_operator.py took 0.039 seconds
[2024-12-10T19:01:20.362-0600] {processor.py:186} INFO - Started process (PID=9868) to work on /root/airflow_env/lib/python3.12/site-packages/airflow/example_dags/example_branch_operator.py
[2024-12-10T19:01:20.365-0600] {processor.py:914} INFO - Processing file /root/airflow_env/lib/python3.12/site-packages/airflow/example_dags/example_branch_operator.py for tasks to queue
[2024-12-10T19:01:20.366-0600] {logging_mixin.py:190} INFO - [2024-12-10T19:01:20.366-0600] {dagbag.py:588} INFO - Filling up the DagBag from /root/airflow_env/lib/python3.12/site-packages/airflow/example_dags/example_branch_operator.py
[2024-12-10T19:01:20.381-0600] {processor.py:927} WARNING - No viable dags retrieved from /root/airflow_env/lib/python3.12/site-packages/airflow/example_dags/example_branch_operator.py
[2024-12-10T19:01:20.389-0600] {processor.py:208} INFO - Processing /root/airflow_env/lib/python3.12/site-packages/airflow/example_dags/example_branch_operator.py took 0.031 seconds
[2024-12-10T19:02:17.684-0600] {processor.py:186} INFO - Started process (PID=9930) to work on /root/airflow_env/lib/python3.12/site-packages/airflow/example_dags/example_branch_operator.py
[2024-12-10T19:02:17.685-0600] {processor.py:914} INFO - Processing file /root/airflow_env/lib/python3.12/site-packages/airflow/example_dags/example_branch_operator.py for tasks to queue
[2024-12-10T19:02:17.687-0600] {logging_mixin.py:190} INFO - [2024-12-10T19:02:17.687-0600] {dagbag.py:588} INFO - Filling up the DagBag from /root/airflow_env/lib/python3.12/site-packages/airflow/example_dags/example_branch_operator.py
[2024-12-10T19:02:17.706-0600] {processor.py:927} WARNING - No viable dags retrieved from /root/airflow_env/lib/python3.12/site-packages/airflow/example_dags/example_branch_operator.py
[2024-12-10T19:02:17.716-0600] {processor.py:208} INFO - Processing /root/airflow_env/lib/python3.12/site-packages/airflow/example_dags/example_branch_operator.py took 0.038 seconds
[2024-12-10T19:03:10.585-0600] {processor.py:186} INFO - Started process (PID=9988) to work on /root/airflow_env/lib/python3.12/site-packages/airflow/example_dags/example_branch_operator.py
[2024-12-10T19:03:10.588-0600] {processor.py:914} INFO - Processing file /root/airflow_env/lib/python3.12/site-packages/airflow/example_dags/example_branch_operator.py for tasks to queue
[2024-12-10T19:03:10.589-0600] {logging_mixin.py:190} INFO - [2024-12-10T19:03:10.589-0600] {dagbag.py:588} INFO - Filling up the DagBag from /root/airflow_env/lib/python3.12/site-packages/airflow/example_dags/example_branch_operator.py
[2024-12-10T19:03:10.614-0600] {processor.py:927} WARNING - No viable dags retrieved from /root/airflow_env/lib/python3.12/site-packages/airflow/example_dags/example_branch_operator.py
[2024-12-10T19:03:10.622-0600] {processor.py:208} INFO - Processing /root/airflow_env/lib/python3.12/site-packages/airflow/example_dags/example_branch_operator.py took 0.041 seconds
[2024-12-10T19:04:05.817-0600] {processor.py:186} INFO - Started process (PID=10046) to work on /root/airflow_env/lib/python3.12/site-packages/airflow/example_dags/example_branch_operator.py
[2024-12-10T19:04:05.819-0600] {processor.py:914} INFO - Processing file /root/airflow_env/lib/python3.12/site-packages/airflow/example_dags/example_branch_operator.py for tasks to queue
[2024-12-10T19:04:05.821-0600] {logging_mixin.py:190} INFO - [2024-12-10T19:04:05.821-0600] {dagbag.py:588} INFO - Filling up the DagBag from /root/airflow_env/lib/python3.12/site-packages/airflow/example_dags/example_branch_operator.py
[2024-12-10T19:04:05.846-0600] {processor.py:927} WARNING - No viable dags retrieved from /root/airflow_env/lib/python3.12/site-packages/airflow/example_dags/example_branch_operator.py
[2024-12-10T19:04:05.854-0600] {processor.py:208} INFO - Processing /root/airflow_env/lib/python3.12/site-packages/airflow/example_dags/example_branch_operator.py took 0.041 seconds
[2024-12-10T19:04:58.803-0600] {processor.py:186} INFO - Started process (PID=10104) to work on /root/airflow_env/lib/python3.12/site-packages/airflow/example_dags/example_branch_operator.py
[2024-12-10T19:04:58.805-0600] {processor.py:914} INFO - Processing file /root/airflow_env/lib/python3.12/site-packages/airflow/example_dags/example_branch_operator.py for tasks to queue
[2024-12-10T19:04:58.807-0600] {logging_mixin.py:190} INFO - [2024-12-10T19:04:58.806-0600] {dagbag.py:588} INFO - Filling up the DagBag from /root/airflow_env/lib/python3.12/site-packages/airflow/example_dags/example_branch_operator.py
[2024-12-10T19:04:58.831-0600] {processor.py:927} WARNING - No viable dags retrieved from /root/airflow_env/lib/python3.12/site-packages/airflow/example_dags/example_branch_operator.py
[2024-12-10T19:04:58.839-0600] {processor.py:208} INFO - Processing /root/airflow_env/lib/python3.12/site-packages/airflow/example_dags/example_branch_operator.py took 0.040 seconds
[2024-12-10T19:05:52.035-0600] {processor.py:186} INFO - Started process (PID=10163) to work on /root/airflow_env/lib/python3.12/site-packages/airflow/example_dags/example_branch_operator.py
[2024-12-10T19:05:52.038-0600] {processor.py:914} INFO - Processing file /root/airflow_env/lib/python3.12/site-packages/airflow/example_dags/example_branch_operator.py for tasks to queue
[2024-12-10T19:05:52.039-0600] {logging_mixin.py:190} INFO - [2024-12-10T19:05:52.039-0600] {dagbag.py:588} INFO - Filling up the DagBag from /root/airflow_env/lib/python3.12/site-packages/airflow/example_dags/example_branch_operator.py
[2024-12-10T19:05:52.067-0600] {processor.py:927} WARNING - No viable dags retrieved from /root/airflow_env/lib/python3.12/site-packages/airflow/example_dags/example_branch_operator.py
[2024-12-10T19:05:52.075-0600] {processor.py:208} INFO - Processing /root/airflow_env/lib/python3.12/site-packages/airflow/example_dags/example_branch_operator.py took 0.044 seconds
[2024-12-10T19:06:43.244-0600] {processor.py:186} INFO - Started process (PID=10223) to work on /root/airflow_env/lib/python3.12/site-packages/airflow/example_dags/example_branch_operator.py
[2024-12-10T19:06:43.247-0600] {processor.py:914} INFO - Processing file /root/airflow_env/lib/python3.12/site-packages/airflow/example_dags/example_branch_operator.py for tasks to queue
[2024-12-10T19:06:43.248-0600] {logging_mixin.py:190} INFO - [2024-12-10T19:06:43.248-0600] {dagbag.py:588} INFO - Filling up the DagBag from /root/airflow_env/lib/python3.12/site-packages/airflow/example_dags/example_branch_operator.py
[2024-12-10T19:06:43.281-0600] {processor.py:927} WARNING - No viable dags retrieved from /root/airflow_env/lib/python3.12/site-packages/airflow/example_dags/example_branch_operator.py
[2024-12-10T19:06:43.290-0600] {processor.py:208} INFO - Processing /root/airflow_env/lib/python3.12/site-packages/airflow/example_dags/example_branch_operator.py took 0.049 seconds
[2024-12-10T19:07:32.494-0600] {processor.py:186} INFO - Started process (PID=10276) to work on /root/airflow_env/lib/python3.12/site-packages/airflow/example_dags/example_branch_operator.py
[2024-12-10T19:07:32.496-0600] {processor.py:914} INFO - Processing file /root/airflow_env/lib/python3.12/site-packages/airflow/example_dags/example_branch_operator.py for tasks to queue
[2024-12-10T19:07:32.498-0600] {logging_mixin.py:190} INFO - [2024-12-10T19:07:32.497-0600] {dagbag.py:588} INFO - Filling up the DagBag from /root/airflow_env/lib/python3.12/site-packages/airflow/example_dags/example_branch_operator.py
[2024-12-10T19:07:32.516-0600] {processor.py:927} WARNING - No viable dags retrieved from /root/airflow_env/lib/python3.12/site-packages/airflow/example_dags/example_branch_operator.py
[2024-12-10T19:07:32.524-0600] {processor.py:208} INFO - Processing /root/airflow_env/lib/python3.12/site-packages/airflow/example_dags/example_branch_operator.py took 0.034 seconds
[2024-12-10T19:08:22.991-0600] {processor.py:186} INFO - Started process (PID=10331) to work on /root/airflow_env/lib/python3.12/site-packages/airflow/example_dags/example_branch_operator.py
[2024-12-10T19:08:22.994-0600] {processor.py:914} INFO - Processing file /root/airflow_env/lib/python3.12/site-packages/airflow/example_dags/example_branch_operator.py for tasks to queue
[2024-12-10T19:08:22.995-0600] {logging_mixin.py:190} INFO - [2024-12-10T19:08:22.995-0600] {dagbag.py:588} INFO - Filling up the DagBag from /root/airflow_env/lib/python3.12/site-packages/airflow/example_dags/example_branch_operator.py
[2024-12-10T19:08:23.014-0600] {processor.py:927} WARNING - No viable dags retrieved from /root/airflow_env/lib/python3.12/site-packages/airflow/example_dags/example_branch_operator.py
[2024-12-10T19:08:23.023-0600] {processor.py:208} INFO - Processing /root/airflow_env/lib/python3.12/site-packages/airflow/example_dags/example_branch_operator.py took 0.036 seconds
[2024-12-10T19:09:17.224-0600] {processor.py:186} INFO - Started process (PID=10391) to work on /root/airflow_env/lib/python3.12/site-packages/airflow/example_dags/example_branch_operator.py
[2024-12-10T19:09:17.226-0600] {processor.py:914} INFO - Processing file /root/airflow_env/lib/python3.12/site-packages/airflow/example_dags/example_branch_operator.py for tasks to queue
[2024-12-10T19:09:17.228-0600] {logging_mixin.py:190} INFO - [2024-12-10T19:09:17.228-0600] {dagbag.py:588} INFO - Filling up the DagBag from /root/airflow_env/lib/python3.12/site-packages/airflow/example_dags/example_branch_operator.py
[2024-12-10T19:09:17.253-0600] {processor.py:927} WARNING - No viable dags retrieved from /root/airflow_env/lib/python3.12/site-packages/airflow/example_dags/example_branch_operator.py
[2024-12-10T19:09:17.262-0600] {processor.py:208} INFO - Processing /root/airflow_env/lib/python3.12/site-packages/airflow/example_dags/example_branch_operator.py took 0.043 seconds
[2024-12-10T19:10:14.039-0600] {processor.py:186} INFO - Started process (PID=10449) to work on /root/airflow_env/lib/python3.12/site-packages/airflow/example_dags/example_branch_operator.py
[2024-12-10T19:10:14.041-0600] {processor.py:914} INFO - Processing file /root/airflow_env/lib/python3.12/site-packages/airflow/example_dags/example_branch_operator.py for tasks to queue
[2024-12-10T19:10:14.043-0600] {logging_mixin.py:190} INFO - [2024-12-10T19:10:14.042-0600] {dagbag.py:588} INFO - Filling up the DagBag from /root/airflow_env/lib/python3.12/site-packages/airflow/example_dags/example_branch_operator.py
[2024-12-10T19:10:14.064-0600] {processor.py:927} WARNING - No viable dags retrieved from /root/airflow_env/lib/python3.12/site-packages/airflow/example_dags/example_branch_operator.py
[2024-12-10T19:10:14.074-0600] {processor.py:208} INFO - Processing /root/airflow_env/lib/python3.12/site-packages/airflow/example_dags/example_branch_operator.py took 0.039 seconds
[2024-12-10T19:11:03.179-0600] {processor.py:186} INFO - Started process (PID=10507) to work on /root/airflow_env/lib/python3.12/site-packages/airflow/example_dags/example_branch_operator.py
[2024-12-10T19:11:03.181-0600] {processor.py:914} INFO - Processing file /root/airflow_env/lib/python3.12/site-packages/airflow/example_dags/example_branch_operator.py for tasks to queue
[2024-12-10T19:11:03.183-0600] {logging_mixin.py:190} INFO - [2024-12-10T19:11:03.182-0600] {dagbag.py:588} INFO - Filling up the DagBag from /root/airflow_env/lib/python3.12/site-packages/airflow/example_dags/example_branch_operator.py
[2024-12-10T19:11:03.219-0600] {processor.py:927} WARNING - No viable dags retrieved from /root/airflow_env/lib/python3.12/site-packages/airflow/example_dags/example_branch_operator.py
[2024-12-10T19:11:03.229-0600] {processor.py:208} INFO - Processing /root/airflow_env/lib/python3.12/site-packages/airflow/example_dags/example_branch_operator.py took 0.055 seconds
[2024-12-10T19:11:49.497-0600] {processor.py:186} INFO - Started process (PID=10559) to work on /root/airflow_env/lib/python3.12/site-packages/airflow/example_dags/example_branch_operator.py
[2024-12-10T19:11:49.499-0600] {processor.py:914} INFO - Processing file /root/airflow_env/lib/python3.12/site-packages/airflow/example_dags/example_branch_operator.py for tasks to queue
[2024-12-10T19:11:49.501-0600] {logging_mixin.py:190} INFO - [2024-12-10T19:11:49.501-0600] {dagbag.py:588} INFO - Filling up the DagBag from /root/airflow_env/lib/python3.12/site-packages/airflow/example_dags/example_branch_operator.py
[2024-12-10T19:11:49.522-0600] {processor.py:927} WARNING - No viable dags retrieved from /root/airflow_env/lib/python3.12/site-packages/airflow/example_dags/example_branch_operator.py
[2024-12-10T19:11:49.532-0600] {processor.py:208} INFO - Processing /root/airflow_env/lib/python3.12/site-packages/airflow/example_dags/example_branch_operator.py took 0.040 seconds
[2024-12-10T19:12:39.589-0600] {processor.py:186} INFO - Started process (PID=10616) to work on /root/airflow_env/lib/python3.12/site-packages/airflow/example_dags/example_branch_operator.py
[2024-12-10T19:12:39.591-0600] {processor.py:914} INFO - Processing file /root/airflow_env/lib/python3.12/site-packages/airflow/example_dags/example_branch_operator.py for tasks to queue
[2024-12-10T19:12:39.593-0600] {logging_mixin.py:190} INFO - [2024-12-10T19:12:39.593-0600] {dagbag.py:588} INFO - Filling up the DagBag from /root/airflow_env/lib/python3.12/site-packages/airflow/example_dags/example_branch_operator.py
[2024-12-10T19:12:39.620-0600] {processor.py:927} WARNING - No viable dags retrieved from /root/airflow_env/lib/python3.12/site-packages/airflow/example_dags/example_branch_operator.py
[2024-12-10T19:12:39.633-0600] {processor.py:208} INFO - Processing /root/airflow_env/lib/python3.12/site-packages/airflow/example_dags/example_branch_operator.py took 0.048 seconds
[2024-12-10T19:13:31.079-0600] {processor.py:186} INFO - Started process (PID=10670) to work on /root/airflow_env/lib/python3.12/site-packages/airflow/example_dags/example_branch_operator.py
[2024-12-10T19:13:31.081-0600] {processor.py:914} INFO - Processing file /root/airflow_env/lib/python3.12/site-packages/airflow/example_dags/example_branch_operator.py for tasks to queue
[2024-12-10T19:13:31.083-0600] {logging_mixin.py:190} INFO - [2024-12-10T19:13:31.082-0600] {dagbag.py:588} INFO - Filling up the DagBag from /root/airflow_env/lib/python3.12/site-packages/airflow/example_dags/example_branch_operator.py
[2024-12-10T19:13:31.111-0600] {processor.py:927} WARNING - No viable dags retrieved from /root/airflow_env/lib/python3.12/site-packages/airflow/example_dags/example_branch_operator.py
[2024-12-10T19:13:31.119-0600] {processor.py:208} INFO - Processing /root/airflow_env/lib/python3.12/site-packages/airflow/example_dags/example_branch_operator.py took 0.044 seconds
[2024-12-10T19:14:22.758-0600] {processor.py:186} INFO - Started process (PID=10726) to work on /root/airflow_env/lib/python3.12/site-packages/airflow/example_dags/example_branch_operator.py
[2024-12-10T19:14:22.760-0600] {processor.py:914} INFO - Processing file /root/airflow_env/lib/python3.12/site-packages/airflow/example_dags/example_branch_operator.py for tasks to queue
[2024-12-10T19:14:22.762-0600] {logging_mixin.py:190} INFO - [2024-12-10T19:14:22.762-0600] {dagbag.py:588} INFO - Filling up the DagBag from /root/airflow_env/lib/python3.12/site-packages/airflow/example_dags/example_branch_operator.py
[2024-12-10T19:14:22.787-0600] {processor.py:927} WARNING - No viable dags retrieved from /root/airflow_env/lib/python3.12/site-packages/airflow/example_dags/example_branch_operator.py
[2024-12-10T19:14:22.797-0600] {processor.py:208} INFO - Processing /root/airflow_env/lib/python3.12/site-packages/airflow/example_dags/example_branch_operator.py took 0.044 seconds
[2024-12-10T19:15:15.380-0600] {processor.py:186} INFO - Started process (PID=10786) to work on /root/airflow_env/lib/python3.12/site-packages/airflow/example_dags/example_branch_operator.py
[2024-12-10T19:15:15.381-0600] {processor.py:914} INFO - Processing file /root/airflow_env/lib/python3.12/site-packages/airflow/example_dags/example_branch_operator.py for tasks to queue
[2024-12-10T19:15:15.383-0600] {logging_mixin.py:190} INFO - [2024-12-10T19:15:15.383-0600] {dagbag.py:588} INFO - Filling up the DagBag from /root/airflow_env/lib/python3.12/site-packages/airflow/example_dags/example_branch_operator.py
[2024-12-10T19:15:15.414-0600] {processor.py:927} WARNING - No viable dags retrieved from /root/airflow_env/lib/python3.12/site-packages/airflow/example_dags/example_branch_operator.py
[2024-12-10T19:15:15.424-0600] {processor.py:208} INFO - Processing /root/airflow_env/lib/python3.12/site-packages/airflow/example_dags/example_branch_operator.py took 0.048 seconds
[2024-12-10T19:16:10.360-0600] {processor.py:186} INFO - Started process (PID=10844) to work on /root/airflow_env/lib/python3.12/site-packages/airflow/example_dags/example_branch_operator.py
[2024-12-10T19:16:10.362-0600] {processor.py:914} INFO - Processing file /root/airflow_env/lib/python3.12/site-packages/airflow/example_dags/example_branch_operator.py for tasks to queue
[2024-12-10T19:16:10.363-0600] {logging_mixin.py:190} INFO - [2024-12-10T19:16:10.363-0600] {dagbag.py:588} INFO - Filling up the DagBag from /root/airflow_env/lib/python3.12/site-packages/airflow/example_dags/example_branch_operator.py
[2024-12-10T19:16:10.397-0600] {processor.py:927} WARNING - No viable dags retrieved from /root/airflow_env/lib/python3.12/site-packages/airflow/example_dags/example_branch_operator.py
[2024-12-10T19:16:10.407-0600] {processor.py:208} INFO - Processing /root/airflow_env/lib/python3.12/site-packages/airflow/example_dags/example_branch_operator.py took 0.050 seconds
[2024-12-10T19:17:03.616-0600] {processor.py:186} INFO - Started process (PID=10907) to work on /root/airflow_env/lib/python3.12/site-packages/airflow/example_dags/example_branch_operator.py
[2024-12-10T19:17:03.618-0600] {processor.py:914} INFO - Processing file /root/airflow_env/lib/python3.12/site-packages/airflow/example_dags/example_branch_operator.py for tasks to queue
[2024-12-10T19:17:03.619-0600] {logging_mixin.py:190} INFO - [2024-12-10T19:17:03.619-0600] {dagbag.py:588} INFO - Filling up the DagBag from /root/airflow_env/lib/python3.12/site-packages/airflow/example_dags/example_branch_operator.py
[2024-12-10T19:17:03.643-0600] {processor.py:927} WARNING - No viable dags retrieved from /root/airflow_env/lib/python3.12/site-packages/airflow/example_dags/example_branch_operator.py
[2024-12-10T19:17:03.652-0600] {processor.py:208} INFO - Processing /root/airflow_env/lib/python3.12/site-packages/airflow/example_dags/example_branch_operator.py took 0.041 seconds
[2024-12-10T19:17:56.112-0600] {processor.py:186} INFO - Started process (PID=10964) to work on /root/airflow_env/lib/python3.12/site-packages/airflow/example_dags/example_branch_operator.py
[2024-12-10T19:17:56.115-0600] {processor.py:914} INFO - Processing file /root/airflow_env/lib/python3.12/site-packages/airflow/example_dags/example_branch_operator.py for tasks to queue
[2024-12-10T19:17:56.116-0600] {logging_mixin.py:190} INFO - [2024-12-10T19:17:56.116-0600] {dagbag.py:588} INFO - Filling up the DagBag from /root/airflow_env/lib/python3.12/site-packages/airflow/example_dags/example_branch_operator.py
[2024-12-10T19:17:56.140-0600] {processor.py:927} WARNING - No viable dags retrieved from /root/airflow_env/lib/python3.12/site-packages/airflow/example_dags/example_branch_operator.py
[2024-12-10T19:17:56.148-0600] {processor.py:208} INFO - Processing /root/airflow_env/lib/python3.12/site-packages/airflow/example_dags/example_branch_operator.py took 0.040 seconds
[2024-12-10T19:18:46.333-0600] {processor.py:186} INFO - Started process (PID=11020) to work on /root/airflow_env/lib/python3.12/site-packages/airflow/example_dags/example_branch_operator.py
[2024-12-10T19:18:46.337-0600] {processor.py:914} INFO - Processing file /root/airflow_env/lib/python3.12/site-packages/airflow/example_dags/example_branch_operator.py for tasks to queue
[2024-12-10T19:18:46.339-0600] {logging_mixin.py:190} INFO - [2024-12-10T19:18:46.339-0600] {dagbag.py:588} INFO - Filling up the DagBag from /root/airflow_env/lib/python3.12/site-packages/airflow/example_dags/example_branch_operator.py
[2024-12-10T19:18:46.358-0600] {processor.py:927} WARNING - No viable dags retrieved from /root/airflow_env/lib/python3.12/site-packages/airflow/example_dags/example_branch_operator.py
[2024-12-10T19:18:46.366-0600] {processor.py:208} INFO - Processing /root/airflow_env/lib/python3.12/site-packages/airflow/example_dags/example_branch_operator.py took 0.037 seconds
[2024-12-10T19:19:37.258-0600] {processor.py:186} INFO - Started process (PID=11074) to work on /root/airflow_env/lib/python3.12/site-packages/airflow/example_dags/example_branch_operator.py
[2024-12-10T19:19:37.259-0600] {processor.py:914} INFO - Processing file /root/airflow_env/lib/python3.12/site-packages/airflow/example_dags/example_branch_operator.py for tasks to queue
[2024-12-10T19:19:37.261-0600] {logging_mixin.py:190} INFO - [2024-12-10T19:19:37.261-0600] {dagbag.py:588} INFO - Filling up the DagBag from /root/airflow_env/lib/python3.12/site-packages/airflow/example_dags/example_branch_operator.py
[2024-12-10T19:19:37.283-0600] {processor.py:927} WARNING - No viable dags retrieved from /root/airflow_env/lib/python3.12/site-packages/airflow/example_dags/example_branch_operator.py
[2024-12-10T19:19:37.292-0600] {processor.py:208} INFO - Processing /root/airflow_env/lib/python3.12/site-packages/airflow/example_dags/example_branch_operator.py took 0.038 seconds
[2024-12-10T19:20:33.205-0600] {processor.py:186} INFO - Started process (PID=11133) to work on /root/airflow_env/lib/python3.12/site-packages/airflow/example_dags/example_branch_operator.py
[2024-12-10T19:20:33.207-0600] {processor.py:914} INFO - Processing file /root/airflow_env/lib/python3.12/site-packages/airflow/example_dags/example_branch_operator.py for tasks to queue
[2024-12-10T19:20:33.209-0600] {logging_mixin.py:190} INFO - [2024-12-10T19:20:33.209-0600] {dagbag.py:588} INFO - Filling up the DagBag from /root/airflow_env/lib/python3.12/site-packages/airflow/example_dags/example_branch_operator.py
[2024-12-10T19:20:33.237-0600] {processor.py:927} WARNING - No viable dags retrieved from /root/airflow_env/lib/python3.12/site-packages/airflow/example_dags/example_branch_operator.py
[2024-12-10T19:20:33.245-0600] {processor.py:208} INFO - Processing /root/airflow_env/lib/python3.12/site-packages/airflow/example_dags/example_branch_operator.py took 0.044 seconds
[2024-12-10T19:21:25.331-0600] {processor.py:186} INFO - Started process (PID=11191) to work on /root/airflow_env/lib/python3.12/site-packages/airflow/example_dags/example_branch_operator.py
[2024-12-10T19:21:25.333-0600] {processor.py:914} INFO - Processing file /root/airflow_env/lib/python3.12/site-packages/airflow/example_dags/example_branch_operator.py for tasks to queue
[2024-12-10T19:21:25.335-0600] {logging_mixin.py:190} INFO - [2024-12-10T19:21:25.335-0600] {dagbag.py:588} INFO - Filling up the DagBag from /root/airflow_env/lib/python3.12/site-packages/airflow/example_dags/example_branch_operator.py
[2024-12-10T19:21:25.357-0600] {processor.py:927} WARNING - No viable dags retrieved from /root/airflow_env/lib/python3.12/site-packages/airflow/example_dags/example_branch_operator.py
[2024-12-10T19:21:25.366-0600] {processor.py:208} INFO - Processing /root/airflow_env/lib/python3.12/site-packages/airflow/example_dags/example_branch_operator.py took 0.039 seconds
[2024-12-10T19:22:17.781-0600] {processor.py:186} INFO - Started process (PID=11250) to work on /root/airflow_env/lib/python3.12/site-packages/airflow/example_dags/example_branch_operator.py
[2024-12-10T19:22:17.784-0600] {processor.py:914} INFO - Processing file /root/airflow_env/lib/python3.12/site-packages/airflow/example_dags/example_branch_operator.py for tasks to queue
[2024-12-10T19:22:17.785-0600] {logging_mixin.py:190} INFO - [2024-12-10T19:22:17.785-0600] {dagbag.py:588} INFO - Filling up the DagBag from /root/airflow_env/lib/python3.12/site-packages/airflow/example_dags/example_branch_operator.py
[2024-12-10T19:22:17.810-0600] {processor.py:927} WARNING - No viable dags retrieved from /root/airflow_env/lib/python3.12/site-packages/airflow/example_dags/example_branch_operator.py
[2024-12-10T19:22:17.819-0600] {processor.py:208} INFO - Processing /root/airflow_env/lib/python3.12/site-packages/airflow/example_dags/example_branch_operator.py took 0.041 seconds
[2024-12-10T19:23:08.055-0600] {processor.py:186} INFO - Started process (PID=11306) to work on /root/airflow_env/lib/python3.12/site-packages/airflow/example_dags/example_branch_operator.py
[2024-12-10T19:23:08.057-0600] {processor.py:914} INFO - Processing file /root/airflow_env/lib/python3.12/site-packages/airflow/example_dags/example_branch_operator.py for tasks to queue
[2024-12-10T19:23:08.058-0600] {logging_mixin.py:190} INFO - [2024-12-10T19:23:08.058-0600] {dagbag.py:588} INFO - Filling up the DagBag from /root/airflow_env/lib/python3.12/site-packages/airflow/example_dags/example_branch_operator.py
[2024-12-10T19:23:08.103-0600] {processor.py:927} WARNING - No viable dags retrieved from /root/airflow_env/lib/python3.12/site-packages/airflow/example_dags/example_branch_operator.py
[2024-12-10T19:23:08.111-0600] {processor.py:208} INFO - Processing /root/airflow_env/lib/python3.12/site-packages/airflow/example_dags/example_branch_operator.py took 0.060 seconds
[2024-12-10T19:23:59.509-0600] {processor.py:186} INFO - Started process (PID=11362) to work on /root/airflow_env/lib/python3.12/site-packages/airflow/example_dags/example_branch_operator.py
[2024-12-10T19:23:59.511-0600] {processor.py:914} INFO - Processing file /root/airflow_env/lib/python3.12/site-packages/airflow/example_dags/example_branch_operator.py for tasks to queue
[2024-12-10T19:23:59.513-0600] {logging_mixin.py:190} INFO - [2024-12-10T19:23:59.513-0600] {dagbag.py:588} INFO - Filling up the DagBag from /root/airflow_env/lib/python3.12/site-packages/airflow/example_dags/example_branch_operator.py
[2024-12-10T19:23:59.540-0600] {processor.py:927} WARNING - No viable dags retrieved from /root/airflow_env/lib/python3.12/site-packages/airflow/example_dags/example_branch_operator.py
[2024-12-10T19:23:59.549-0600] {processor.py:208} INFO - Processing /root/airflow_env/lib/python3.12/site-packages/airflow/example_dags/example_branch_operator.py took 0.046 seconds
[2024-12-10T19:24:52.132-0600] {processor.py:186} INFO - Started process (PID=11419) to work on /root/airflow_env/lib/python3.12/site-packages/airflow/example_dags/example_branch_operator.py
[2024-12-10T19:24:52.135-0600] {processor.py:914} INFO - Processing file /root/airflow_env/lib/python3.12/site-packages/airflow/example_dags/example_branch_operator.py for tasks to queue
[2024-12-10T19:24:52.136-0600] {logging_mixin.py:190} INFO - [2024-12-10T19:24:52.136-0600] {dagbag.py:588} INFO - Filling up the DagBag from /root/airflow_env/lib/python3.12/site-packages/airflow/example_dags/example_branch_operator.py
[2024-12-10T19:24:52.163-0600] {processor.py:927} WARNING - No viable dags retrieved from /root/airflow_env/lib/python3.12/site-packages/airflow/example_dags/example_branch_operator.py
[2024-12-10T19:24:52.172-0600] {processor.py:208} INFO - Processing /root/airflow_env/lib/python3.12/site-packages/airflow/example_dags/example_branch_operator.py took 0.044 seconds
[2024-12-10T19:25:47.698-0600] {processor.py:186} INFO - Started process (PID=11480) to work on /root/airflow_env/lib/python3.12/site-packages/airflow/example_dags/example_branch_operator.py
[2024-12-10T19:25:47.701-0600] {processor.py:914} INFO - Processing file /root/airflow_env/lib/python3.12/site-packages/airflow/example_dags/example_branch_operator.py for tasks to queue
[2024-12-10T19:25:47.702-0600] {logging_mixin.py:190} INFO - [2024-12-10T19:25:47.702-0600] {dagbag.py:588} INFO - Filling up the DagBag from /root/airflow_env/lib/python3.12/site-packages/airflow/example_dags/example_branch_operator.py
[2024-12-10T19:25:47.728-0600] {processor.py:927} WARNING - No viable dags retrieved from /root/airflow_env/lib/python3.12/site-packages/airflow/example_dags/example_branch_operator.py
[2024-12-10T19:25:47.739-0600] {processor.py:208} INFO - Processing /root/airflow_env/lib/python3.12/site-packages/airflow/example_dags/example_branch_operator.py took 0.045 seconds
[2024-12-10T19:26:41.249-0600] {processor.py:186} INFO - Started process (PID=11540) to work on /root/airflow_env/lib/python3.12/site-packages/airflow/example_dags/example_branch_operator.py
[2024-12-10T19:26:41.251-0600] {processor.py:914} INFO - Processing file /root/airflow_env/lib/python3.12/site-packages/airflow/example_dags/example_branch_operator.py for tasks to queue
[2024-12-10T19:26:41.253-0600] {logging_mixin.py:190} INFO - [2024-12-10T19:26:41.253-0600] {dagbag.py:588} INFO - Filling up the DagBag from /root/airflow_env/lib/python3.12/site-packages/airflow/example_dags/example_branch_operator.py
[2024-12-10T19:26:41.300-0600] {processor.py:927} WARNING - No viable dags retrieved from /root/airflow_env/lib/python3.12/site-packages/airflow/example_dags/example_branch_operator.py
[2024-12-10T19:26:41.308-0600] {processor.py:208} INFO - Processing /root/airflow_env/lib/python3.12/site-packages/airflow/example_dags/example_branch_operator.py took 0.063 seconds
[2024-12-10T19:27:30.482-0600] {processor.py:186} INFO - Started process (PID=11594) to work on /root/airflow_env/lib/python3.12/site-packages/airflow/example_dags/example_branch_operator.py
[2024-12-10T19:27:30.484-0600] {processor.py:914} INFO - Processing file /root/airflow_env/lib/python3.12/site-packages/airflow/example_dags/example_branch_operator.py for tasks to queue
[2024-12-10T19:27:30.486-0600] {logging_mixin.py:190} INFO - [2024-12-10T19:27:30.486-0600] {dagbag.py:588} INFO - Filling up the DagBag from /root/airflow_env/lib/python3.12/site-packages/airflow/example_dags/example_branch_operator.py
[2024-12-10T19:27:30.505-0600] {processor.py:927} WARNING - No viable dags retrieved from /root/airflow_env/lib/python3.12/site-packages/airflow/example_dags/example_branch_operator.py
[2024-12-10T19:27:30.514-0600] {processor.py:208} INFO - Processing /root/airflow_env/lib/python3.12/site-packages/airflow/example_dags/example_branch_operator.py took 0.036 seconds
[2024-12-10T19:28:24.336-0600] {processor.py:186} INFO - Started process (PID=11651) to work on /root/airflow_env/lib/python3.12/site-packages/airflow/example_dags/example_branch_operator.py
[2024-12-10T19:28:24.338-0600] {processor.py:914} INFO - Processing file /root/airflow_env/lib/python3.12/site-packages/airflow/example_dags/example_branch_operator.py for tasks to queue
[2024-12-10T19:28:24.339-0600] {logging_mixin.py:190} INFO - [2024-12-10T19:28:24.339-0600] {dagbag.py:588} INFO - Filling up the DagBag from /root/airflow_env/lib/python3.12/site-packages/airflow/example_dags/example_branch_operator.py
[2024-12-10T19:28:24.372-0600] {processor.py:927} WARNING - No viable dags retrieved from /root/airflow_env/lib/python3.12/site-packages/airflow/example_dags/example_branch_operator.py
[2024-12-10T19:28:24.381-0600] {processor.py:208} INFO - Processing /root/airflow_env/lib/python3.12/site-packages/airflow/example_dags/example_branch_operator.py took 0.048 seconds
[2024-12-10T19:29:18.004-0600] {processor.py:186} INFO - Started process (PID=11710) to work on /root/airflow_env/lib/python3.12/site-packages/airflow/example_dags/example_branch_operator.py
[2024-12-10T19:29:18.007-0600] {processor.py:914} INFO - Processing file /root/airflow_env/lib/python3.12/site-packages/airflow/example_dags/example_branch_operator.py for tasks to queue
[2024-12-10T19:29:18.008-0600] {logging_mixin.py:190} INFO - [2024-12-10T19:29:18.008-0600] {dagbag.py:588} INFO - Filling up the DagBag from /root/airflow_env/lib/python3.12/site-packages/airflow/example_dags/example_branch_operator.py
[2024-12-10T19:29:18.040-0600] {processor.py:927} WARNING - No viable dags retrieved from /root/airflow_env/lib/python3.12/site-packages/airflow/example_dags/example_branch_operator.py
[2024-12-10T19:29:18.048-0600] {processor.py:208} INFO - Processing /root/airflow_env/lib/python3.12/site-packages/airflow/example_dags/example_branch_operator.py took 0.048 seconds
[2024-12-10T19:30:12.219-0600] {processor.py:186} INFO - Started process (PID=11769) to work on /root/airflow_env/lib/python3.12/site-packages/airflow/example_dags/example_branch_operator.py
[2024-12-10T19:30:12.221-0600] {processor.py:914} INFO - Processing file /root/airflow_env/lib/python3.12/site-packages/airflow/example_dags/example_branch_operator.py for tasks to queue
[2024-12-10T19:30:12.223-0600] {logging_mixin.py:190} INFO - [2024-12-10T19:30:12.222-0600] {dagbag.py:588} INFO - Filling up the DagBag from /root/airflow_env/lib/python3.12/site-packages/airflow/example_dags/example_branch_operator.py
[2024-12-10T19:30:12.243-0600] {processor.py:927} WARNING - No viable dags retrieved from /root/airflow_env/lib/python3.12/site-packages/airflow/example_dags/example_branch_operator.py
[2024-12-10T19:30:12.252-0600] {processor.py:208} INFO - Processing /root/airflow_env/lib/python3.12/site-packages/airflow/example_dags/example_branch_operator.py took 0.037 seconds
[2024-12-10T19:31:04.051-0600] {processor.py:186} INFO - Started process (PID=11826) to work on /root/airflow_env/lib/python3.12/site-packages/airflow/example_dags/example_branch_operator.py
[2024-12-10T19:31:04.054-0600] {processor.py:914} INFO - Processing file /root/airflow_env/lib/python3.12/site-packages/airflow/example_dags/example_branch_operator.py for tasks to queue
[2024-12-10T19:31:04.055-0600] {logging_mixin.py:190} INFO - [2024-12-10T19:31:04.055-0600] {dagbag.py:588} INFO - Filling up the DagBag from /root/airflow_env/lib/python3.12/site-packages/airflow/example_dags/example_branch_operator.py
[2024-12-10T19:31:04.075-0600] {processor.py:927} WARNING - No viable dags retrieved from /root/airflow_env/lib/python3.12/site-packages/airflow/example_dags/example_branch_operator.py
[2024-12-10T19:31:04.083-0600] {processor.py:208} INFO - Processing /root/airflow_env/lib/python3.12/site-packages/airflow/example_dags/example_branch_operator.py took 0.036 seconds
[2024-12-10T19:32:00.378-0600] {processor.py:186} INFO - Started process (PID=11886) to work on /root/airflow_env/lib/python3.12/site-packages/airflow/example_dags/example_branch_operator.py
[2024-12-10T19:32:00.381-0600] {processor.py:914} INFO - Processing file /root/airflow_env/lib/python3.12/site-packages/airflow/example_dags/example_branch_operator.py for tasks to queue
[2024-12-10T19:32:00.382-0600] {logging_mixin.py:190} INFO - [2024-12-10T19:32:00.382-0600] {dagbag.py:588} INFO - Filling up the DagBag from /root/airflow_env/lib/python3.12/site-packages/airflow/example_dags/example_branch_operator.py
[2024-12-10T19:32:00.405-0600] {processor.py:927} WARNING - No viable dags retrieved from /root/airflow_env/lib/python3.12/site-packages/airflow/example_dags/example_branch_operator.py
[2024-12-10T19:32:00.414-0600] {processor.py:208} INFO - Processing /root/airflow_env/lib/python3.12/site-packages/airflow/example_dags/example_branch_operator.py took 0.040 seconds
