[2024-12-10T17:01:37.237-0600] {local_task_job_runner.py:123} INFO - ::group::Pre task execution logs
[2024-12-10T17:01:37.248-0600] {taskinstance.py:2613} INFO - Dependencies all met for dep_context=non-requeueable deps ti=<TaskInstance: weather_etl.transform manual__2024-12-10T23:01:21.796198+00:00 [queued]>
[2024-12-10T17:01:37.254-0600] {taskinstance.py:2613} INFO - Dependencies all met for dep_context=requeueable deps ti=<TaskInstance: weather_etl.transform manual__2024-12-10T23:01:21.796198+00:00 [queued]>
[2024-12-10T17:01:37.254-0600] {taskinstance.py:2866} INFO - Starting attempt 1 of 2
[2024-12-10T17:01:37.267-0600] {taskinstance.py:2889} INFO - Executing <Task(PythonOperator): transform> on 2024-12-10 23:01:21.796198+00:00
[2024-12-10T17:01:37.271-0600] {standard_task_runner.py:72} INFO - Started process 840 to run task
[2024-12-10T17:01:37.274-0600] {standard_task_runner.py:104} INFO - Running: ['airflow', 'tasks', 'run', 'weather_etl', 'transform', 'manual__2024-12-10T23:01:21.796198+00:00', '--job-id', '7', '--raw', '--subdir', 'DAGS_FOLDER/weather_dag.py', '--cfg-path', '/tmp/tmpqbygbddu']
[2024-12-10T17:01:37.275-0600] {standard_task_runner.py:105} INFO - Job 7: Subtask transform
[2024-12-10T17:01:37.308-0600] {task_command.py:467} INFO - Running <TaskInstance: weather_etl.transform manual__2024-12-10T23:01:21.796198+00:00 [running]> on host Shanmukhi.
[2024-12-10T17:01:37.368-0600] {taskinstance.py:3132} INFO - Exporting env vars: AIRFLOW_CTX_DAG_OWNER='airflow' AIRFLOW_CTX_DAG_ID='weather_etl' AIRFLOW_CTX_TASK_ID='transform' AIRFLOW_CTX_EXECUTION_DATE='2024-12-10T23:01:21.796198+00:00' AIRFLOW_CTX_TRY_NUMBER='1' AIRFLOW_CTX_DAG_RUN_ID='manual__2024-12-10T23:01:21.796198+00:00'
[2024-12-10T17:01:37.369-0600] {logging_mixin.py:190} INFO - Task instance is in running state
[2024-12-10T17:01:37.370-0600] {logging_mixin.py:190} INFO -  Previous state of the Task instance: queued
[2024-12-10T17:01:37.370-0600] {logging_mixin.py:190} INFO - Current task name:transform state:running start_date:2024-12-10 23:01:37.248894+00:00
[2024-12-10T17:01:37.370-0600] {logging_mixin.py:190} INFO - Dag name:weather_etl and current dag run status:running
[2024-12-10T17:01:37.370-0600] {taskinstance.py:731} INFO - ::endgroup::
[2024-12-10T17:01:37.650-0600] {python.py:240} INFO - Done. Returned value was: None
[2024-12-10T17:01:37.654-0600] {taskinstance.py:340} INFO - ::group::Post task execution logs
[2024-12-10T17:01:37.654-0600] {taskinstance.py:352} INFO - Marking task as SUCCESS. dag_id=weather_etl, task_id=transform, run_id=manual__2024-12-10T23:01:21.796198+00:00, execution_date=20241210T230121, start_date=20241210T230137, end_date=20241210T230137
[2024-12-10T17:01:37.665-0600] {logging_mixin.py:190} INFO - Task instance in success state
[2024-12-10T17:01:37.666-0600] {logging_mixin.py:190} INFO -  Previous state of the Task instance: running
[2024-12-10T17:01:37.666-0600] {logging_mixin.py:190} INFO - Dag name:weather_etl queued_at:2024-12-10 23:01:21.815195+00:00
[2024-12-10T17:01:37.666-0600] {logging_mixin.py:190} INFO - Task hostname:Shanmukhi. operator:PythonOperator
[2024-12-10T17:01:37.689-0600] {local_task_job_runner.py:266} INFO - Task exited with return code 0
[2024-12-10T17:01:37.702-0600] {taskinstance.py:3895} INFO - 1 downstream tasks scheduled from follow-on schedule check
[2024-12-10T17:01:37.707-0600] {local_task_job_runner.py:245} INFO - ::endgroup::
