[2024-11-28T13:07:39.579-0600] {processor.py:186} INFO - Started process (PID=3190) to work on /root/airflow_env/lib/python3.12/site-packages/airflow/example_dags/example_sensor_decorator.py
[2024-11-28T13:07:39.580-0600] {processor.py:914} INFO - Processing file /root/airflow_env/lib/python3.12/site-packages/airflow/example_dags/example_sensor_decorator.py for tasks to queue
[2024-11-28T13:07:39.582-0600] {logging_mixin.py:190} INFO - [2024-11-28T13:07:39.581-0600] {dagbag.py:588} INFO - Filling up the DagBag from /root/airflow_env/lib/python3.12/site-packages/airflow/example_dags/example_sensor_decorator.py
[2024-11-28T13:07:39.587-0600] {processor.py:925} INFO - DAG(s) 'example_sensor_decorator' retrieved from /root/airflow_env/lib/python3.12/site-packages/airflow/example_dags/example_sensor_decorator.py
[2024-11-28T13:07:39.695-0600] {logging_mixin.py:190} INFO - [2024-11-28T13:07:39.694-0600] {override.py:1911} INFO - Created Permission View: can edit on DAG:example_sensor_decorator
[2024-11-28T13:07:39.709-0600] {logging_mixin.py:190} INFO - [2024-11-28T13:07:39.709-0600] {override.py:1911} INFO - Created Permission View: can delete on DAG:example_sensor_decorator
[2024-11-28T13:07:39.720-0600] {logging_mixin.py:190} INFO - [2024-11-28T13:07:39.720-0600] {override.py:1911} INFO - Created Permission View: can read on DAG:example_sensor_decorator
[2024-11-28T13:07:39.736-0600] {logging_mixin.py:190} INFO - [2024-11-28T13:07:39.736-0600] {override.py:1911} INFO - Created Permission View: can delete on DAG Run:example_sensor_decorator
[2024-11-28T13:07:39.745-0600] {logging_mixin.py:190} INFO - [2024-11-28T13:07:39.745-0600] {override.py:1911} INFO - Created Permission View: can create on DAG Run:example_sensor_decorator
[2024-11-28T13:07:39.753-0600] {logging_mixin.py:190} INFO - [2024-11-28T13:07:39.753-0600] {override.py:1911} INFO - Created Permission View: can read on DAG Run:example_sensor_decorator
[2024-11-28T13:07:39.762-0600] {logging_mixin.py:190} INFO - [2024-11-28T13:07:39.762-0600] {override.py:1911} INFO - Created Permission View: menu access on DAG Run:example_sensor_decorator
[2024-11-28T13:07:39.762-0600] {logging_mixin.py:190} INFO - [2024-11-28T13:07:39.762-0600] {dag.py:3239} INFO - Sync 1 DAGs
[2024-11-28T13:07:39.773-0600] {logging_mixin.py:190} INFO - [2024-11-28T13:07:39.773-0600] {dag.py:3262} INFO - Creating ORM DAG for example_sensor_decorator
[2024-11-28T13:07:39.773-0600] {logging_mixin.py:190} INFO - [2024-11-28T13:07:39.773-0600] {dag.py:4180} INFO - Setting next_dagrun for example_sensor_decorator to None, run_after=None
[2024-11-28T13:07:39.792-0600] {processor.py:208} INFO - Processing /root/airflow_env/lib/python3.12/site-packages/airflow/example_dags/example_sensor_decorator.py took 0.216 seconds
[2024-11-28T13:08:39.874-0600] {processor.py:186} INFO - Started process (PID=3271) to work on /root/airflow_env/lib/python3.12/site-packages/airflow/example_dags/example_sensor_decorator.py
[2024-11-28T13:08:39.875-0600] {processor.py:914} INFO - Processing file /root/airflow_env/lib/python3.12/site-packages/airflow/example_dags/example_sensor_decorator.py for tasks to queue
[2024-11-28T13:08:39.877-0600] {logging_mixin.py:190} INFO - [2024-11-28T13:08:39.877-0600] {dagbag.py:588} INFO - Filling up the DagBag from /root/airflow_env/lib/python3.12/site-packages/airflow/example_dags/example_sensor_decorator.py
[2024-11-28T13:08:39.883-0600] {processor.py:925} INFO - DAG(s) 'example_sensor_decorator' retrieved from /root/airflow_env/lib/python3.12/site-packages/airflow/example_dags/example_sensor_decorator.py
[2024-11-28T13:08:39.892-0600] {logging_mixin.py:190} INFO - [2024-11-28T13:08:39.892-0600] {dag.py:3239} INFO - Sync 1 DAGs
[2024-11-28T13:08:39.902-0600] {logging_mixin.py:190} INFO - [2024-11-28T13:08:39.902-0600] {dag.py:4180} INFO - Setting next_dagrun for example_sensor_decorator to None, run_after=None
[2024-11-28T13:08:39.920-0600] {processor.py:208} INFO - Processing /root/airflow_env/lib/python3.12/site-packages/airflow/example_dags/example_sensor_decorator.py took 0.050 seconds
[2024-11-28T13:09:35.005-0600] {processor.py:186} INFO - Started process (PID=3332) to work on /root/airflow_env/lib/python3.12/site-packages/airflow/example_dags/example_sensor_decorator.py
[2024-11-28T13:09:35.008-0600] {processor.py:914} INFO - Processing file /root/airflow_env/lib/python3.12/site-packages/airflow/example_dags/example_sensor_decorator.py for tasks to queue
[2024-11-28T13:09:35.009-0600] {logging_mixin.py:190} INFO - [2024-11-28T13:09:35.009-0600] {dagbag.py:588} INFO - Filling up the DagBag from /root/airflow_env/lib/python3.12/site-packages/airflow/example_dags/example_sensor_decorator.py
[2024-11-28T13:09:35.015-0600] {processor.py:925} INFO - DAG(s) 'example_sensor_decorator' retrieved from /root/airflow_env/lib/python3.12/site-packages/airflow/example_dags/example_sensor_decorator.py
[2024-11-28T13:09:35.026-0600] {logging_mixin.py:190} INFO - [2024-11-28T13:09:35.026-0600] {dag.py:3239} INFO - Sync 1 DAGs
[2024-11-28T13:09:35.035-0600] {logging_mixin.py:190} INFO - [2024-11-28T13:09:35.034-0600] {dag.py:4180} INFO - Setting next_dagrun for example_sensor_decorator to None, run_after=None
[2024-11-28T13:09:35.053-0600] {processor.py:208} INFO - Processing /root/airflow_env/lib/python3.12/site-packages/airflow/example_dags/example_sensor_decorator.py took 0.052 seconds
[2024-11-28T13:45:03.395-0600] {processor.py:186} INFO - Started process (PID=3662) to work on /root/airflow_env/lib/python3.12/site-packages/airflow/example_dags/example_sensor_decorator.py
[2024-11-28T13:45:03.398-0600] {processor.py:914} INFO - Processing file /root/airflow_env/lib/python3.12/site-packages/airflow/example_dags/example_sensor_decorator.py for tasks to queue
[2024-11-28T13:45:03.400-0600] {logging_mixin.py:190} INFO - [2024-11-28T13:45:03.399-0600] {dagbag.py:588} INFO - Filling up the DagBag from /root/airflow_env/lib/python3.12/site-packages/airflow/example_dags/example_sensor_decorator.py
[2024-11-28T13:45:03.405-0600] {processor.py:925} INFO - DAG(s) 'example_sensor_decorator' retrieved from /root/airflow_env/lib/python3.12/site-packages/airflow/example_dags/example_sensor_decorator.py
[2024-11-28T13:45:03.418-0600] {logging_mixin.py:190} INFO - [2024-11-28T13:45:03.418-0600] {dag.py:3239} INFO - Sync 1 DAGs
[2024-11-28T13:45:03.427-0600] {logging_mixin.py:190} INFO - [2024-11-28T13:45:03.427-0600] {dag.py:4180} INFO - Setting next_dagrun for example_sensor_decorator to None, run_after=None
[2024-11-28T13:45:03.449-0600] {processor.py:208} INFO - Processing /root/airflow_env/lib/python3.12/site-packages/airflow/example_dags/example_sensor_decorator.py took 0.057 seconds
[2024-11-28T13:46:00.533-0600] {processor.py:186} INFO - Started process (PID=3732) to work on /root/airflow_env/lib/python3.12/site-packages/airflow/example_dags/example_sensor_decorator.py
[2024-11-28T13:46:00.536-0600] {processor.py:914} INFO - Processing file /root/airflow_env/lib/python3.12/site-packages/airflow/example_dags/example_sensor_decorator.py for tasks to queue
[2024-11-28T13:46:00.537-0600] {logging_mixin.py:190} INFO - [2024-11-28T13:46:00.537-0600] {dagbag.py:588} INFO - Filling up the DagBag from /root/airflow_env/lib/python3.12/site-packages/airflow/example_dags/example_sensor_decorator.py
[2024-11-28T13:46:00.543-0600] {processor.py:925} INFO - DAG(s) 'example_sensor_decorator' retrieved from /root/airflow_env/lib/python3.12/site-packages/airflow/example_dags/example_sensor_decorator.py
[2024-11-28T13:46:00.553-0600] {logging_mixin.py:190} INFO - [2024-11-28T13:46:00.553-0600] {dag.py:3239} INFO - Sync 1 DAGs
[2024-11-28T13:46:00.562-0600] {logging_mixin.py:190} INFO - [2024-11-28T13:46:00.562-0600] {dag.py:4180} INFO - Setting next_dagrun for example_sensor_decorator to None, run_after=None
[2024-11-28T13:46:00.582-0600] {processor.py:208} INFO - Processing /root/airflow_env/lib/python3.12/site-packages/airflow/example_dags/example_sensor_decorator.py took 0.052 seconds
[2024-11-28T13:46:52.157-0600] {processor.py:186} INFO - Started process (PID=3793) to work on /root/airflow_env/lib/python3.12/site-packages/airflow/example_dags/example_sensor_decorator.py
[2024-11-28T13:46:52.160-0600] {processor.py:914} INFO - Processing file /root/airflow_env/lib/python3.12/site-packages/airflow/example_dags/example_sensor_decorator.py for tasks to queue
[2024-11-28T13:46:52.161-0600] {logging_mixin.py:190} INFO - [2024-11-28T13:46:52.161-0600] {dagbag.py:588} INFO - Filling up the DagBag from /root/airflow_env/lib/python3.12/site-packages/airflow/example_dags/example_sensor_decorator.py
[2024-11-28T13:46:52.167-0600] {processor.py:925} INFO - DAG(s) 'example_sensor_decorator' retrieved from /root/airflow_env/lib/python3.12/site-packages/airflow/example_dags/example_sensor_decorator.py
[2024-11-28T13:46:52.177-0600] {logging_mixin.py:190} INFO - [2024-11-28T13:46:52.177-0600] {dag.py:3239} INFO - Sync 1 DAGs
[2024-11-28T13:46:52.185-0600] {logging_mixin.py:190} INFO - [2024-11-28T13:46:52.185-0600] {dag.py:4180} INFO - Setting next_dagrun for example_sensor_decorator to None, run_after=None
[2024-11-28T13:46:52.202-0600] {processor.py:208} INFO - Processing /root/airflow_env/lib/python3.12/site-packages/airflow/example_dags/example_sensor_decorator.py took 0.048 seconds
[2024-11-28T13:47:45.758-0600] {processor.py:186} INFO - Started process (PID=3858) to work on /root/airflow_env/lib/python3.12/site-packages/airflow/example_dags/example_sensor_decorator.py
[2024-11-28T13:47:45.761-0600] {processor.py:914} INFO - Processing file /root/airflow_env/lib/python3.12/site-packages/airflow/example_dags/example_sensor_decorator.py for tasks to queue
[2024-11-28T13:47:45.762-0600] {logging_mixin.py:190} INFO - [2024-11-28T13:47:45.762-0600] {dagbag.py:588} INFO - Filling up the DagBag from /root/airflow_env/lib/python3.12/site-packages/airflow/example_dags/example_sensor_decorator.py
[2024-11-28T13:47:45.767-0600] {processor.py:925} INFO - DAG(s) 'example_sensor_decorator' retrieved from /root/airflow_env/lib/python3.12/site-packages/airflow/example_dags/example_sensor_decorator.py
[2024-11-28T13:47:45.777-0600] {logging_mixin.py:190} INFO - [2024-11-28T13:47:45.777-0600] {dag.py:3239} INFO - Sync 1 DAGs
[2024-11-28T13:47:45.785-0600] {logging_mixin.py:190} INFO - [2024-11-28T13:47:45.785-0600] {dag.py:4180} INFO - Setting next_dagrun for example_sensor_decorator to None, run_after=None
[2024-11-28T13:47:45.801-0600] {processor.py:208} INFO - Processing /root/airflow_env/lib/python3.12/site-packages/airflow/example_dags/example_sensor_decorator.py took 0.047 seconds
