[2024-11-28T13:07:57.698-0600] {processor.py:186} INFO - Started process (PID=3223) to work on /root/airflow_env/lib/python3.12/site-packages/airflow/example_dags/example_params_trigger_ui.py
[2024-11-28T13:07:57.699-0600] {processor.py:914} INFO - Processing file /root/airflow_env/lib/python3.12/site-packages/airflow/example_dags/example_params_trigger_ui.py for tasks to queue
[2024-11-28T13:07:57.700-0600] {logging_mixin.py:190} INFO - [2024-11-28T13:07:57.700-0600] {dagbag.py:588} INFO - Filling up the DagBag from /root/airflow_env/lib/python3.12/site-packages/airflow/example_dags/example_params_trigger_ui.py
[2024-11-28T13:07:57.709-0600] {processor.py:925} INFO - DAG(s) 'example_params_trigger_ui' retrieved from /root/airflow_env/lib/python3.12/site-packages/airflow/example_dags/example_params_trigger_ui.py
[2024-11-28T13:07:57.805-0600] {logging_mixin.py:190} INFO - [2024-11-28T13:07:57.804-0600] {override.py:1911} INFO - Created Permission View: can edit on DAG:example_params_trigger_ui
[2024-11-28T13:07:57.818-0600] {logging_mixin.py:190} INFO - [2024-11-28T13:07:57.818-0600] {override.py:1911} INFO - Created Permission View: can delete on DAG:example_params_trigger_ui
[2024-11-28T13:07:57.826-0600] {logging_mixin.py:190} INFO - [2024-11-28T13:07:57.826-0600] {override.py:1911} INFO - Created Permission View: can read on DAG:example_params_trigger_ui
[2024-11-28T13:07:57.839-0600] {logging_mixin.py:190} INFO - [2024-11-28T13:07:57.839-0600] {override.py:1911} INFO - Created Permission View: can delete on DAG Run:example_params_trigger_ui
[2024-11-28T13:07:57.846-0600] {logging_mixin.py:190} INFO - [2024-11-28T13:07:57.846-0600] {override.py:1911} INFO - Created Permission View: can create on DAG Run:example_params_trigger_ui
[2024-11-28T13:07:57.852-0600] {logging_mixin.py:190} INFO - [2024-11-28T13:07:57.852-0600] {override.py:1911} INFO - Created Permission View: can read on DAG Run:example_params_trigger_ui
[2024-11-28T13:07:57.858-0600] {logging_mixin.py:190} INFO - [2024-11-28T13:07:57.858-0600] {override.py:1911} INFO - Created Permission View: menu access on DAG Run:example_params_trigger_ui
[2024-11-28T13:07:57.859-0600] {logging_mixin.py:190} INFO - [2024-11-28T13:07:57.859-0600] {dag.py:3239} INFO - Sync 1 DAGs
[2024-11-28T13:07:57.866-0600] {logging_mixin.py:190} INFO - [2024-11-28T13:07:57.866-0600] {dag.py:3262} INFO - Creating ORM DAG for example_params_trigger_ui
[2024-11-28T13:07:57.867-0600] {logging_mixin.py:190} INFO - [2024-11-28T13:07:57.867-0600] {dag.py:4180} INFO - Setting next_dagrun for example_params_trigger_ui to None, run_after=None
[2024-11-28T13:07:57.882-0600] {processor.py:208} INFO - Processing /root/airflow_env/lib/python3.12/site-packages/airflow/example_dags/example_params_trigger_ui.py took 0.187 seconds
[2024-11-28T13:08:55.603-0600] {processor.py:186} INFO - Started process (PID=3287) to work on /root/airflow_env/lib/python3.12/site-packages/airflow/example_dags/example_params_trigger_ui.py
[2024-11-28T13:08:55.607-0600] {processor.py:914} INFO - Processing file /root/airflow_env/lib/python3.12/site-packages/airflow/example_dags/example_params_trigger_ui.py for tasks to queue
[2024-11-28T13:08:55.608-0600] {logging_mixin.py:190} INFO - [2024-11-28T13:08:55.608-0600] {dagbag.py:588} INFO - Filling up the DagBag from /root/airflow_env/lib/python3.12/site-packages/airflow/example_dags/example_params_trigger_ui.py
[2024-11-28T13:08:55.616-0600] {processor.py:925} INFO - DAG(s) 'example_params_trigger_ui' retrieved from /root/airflow_env/lib/python3.12/site-packages/airflow/example_dags/example_params_trigger_ui.py
[2024-11-28T13:08:55.638-0600] {logging_mixin.py:190} INFO - [2024-11-28T13:08:55.638-0600] {dag.py:3239} INFO - Sync 1 DAGs
[2024-11-28T13:08:55.646-0600] {logging_mixin.py:190} INFO - [2024-11-28T13:08:55.646-0600] {dag.py:4180} INFO - Setting next_dagrun for example_params_trigger_ui to None, run_after=None
[2024-11-28T13:08:55.664-0600] {processor.py:208} INFO - Processing /root/airflow_env/lib/python3.12/site-packages/airflow/example_dags/example_params_trigger_ui.py took 0.065 seconds
[2024-11-28T13:09:51.225-0600] {processor.py:186} INFO - Started process (PID=3349) to work on /root/airflow_env/lib/python3.12/site-packages/airflow/example_dags/example_params_trigger_ui.py
[2024-11-28T13:09:51.226-0600] {processor.py:914} INFO - Processing file /root/airflow_env/lib/python3.12/site-packages/airflow/example_dags/example_params_trigger_ui.py for tasks to queue
[2024-11-28T13:09:51.227-0600] {logging_mixin.py:190} INFO - [2024-11-28T13:09:51.227-0600] {dagbag.py:588} INFO - Filling up the DagBag from /root/airflow_env/lib/python3.12/site-packages/airflow/example_dags/example_params_trigger_ui.py
[2024-11-28T13:09:51.234-0600] {processor.py:925} INFO - DAG(s) 'example_params_trigger_ui' retrieved from /root/airflow_env/lib/python3.12/site-packages/airflow/example_dags/example_params_trigger_ui.py
[2024-11-28T13:09:51.258-0600] {logging_mixin.py:190} INFO - [2024-11-28T13:09:51.257-0600] {dag.py:3239} INFO - Sync 1 DAGs
[2024-11-28T13:09:51.265-0600] {logging_mixin.py:190} INFO - [2024-11-28T13:09:51.265-0600] {dag.py:4180} INFO - Setting next_dagrun for example_params_trigger_ui to None, run_after=None
[2024-11-28T13:09:51.282-0600] {processor.py:208} INFO - Processing /root/airflow_env/lib/python3.12/site-packages/airflow/example_dags/example_params_trigger_ui.py took 0.061 seconds
[2024-11-28T13:45:17.920-0600] {processor.py:186} INFO - Started process (PID=3681) to work on /root/airflow_env/lib/python3.12/site-packages/airflow/example_dags/example_params_trigger_ui.py
[2024-11-28T13:45:17.922-0600] {processor.py:914} INFO - Processing file /root/airflow_env/lib/python3.12/site-packages/airflow/example_dags/example_params_trigger_ui.py for tasks to queue
[2024-11-28T13:45:17.924-0600] {logging_mixin.py:190} INFO - [2024-11-28T13:45:17.923-0600] {dagbag.py:588} INFO - Filling up the DagBag from /root/airflow_env/lib/python3.12/site-packages/airflow/example_dags/example_params_trigger_ui.py
[2024-11-28T13:45:17.934-0600] {processor.py:925} INFO - DAG(s) 'example_params_trigger_ui' retrieved from /root/airflow_env/lib/python3.12/site-packages/airflow/example_dags/example_params_trigger_ui.py
[2024-11-28T13:45:17.977-0600] {logging_mixin.py:190} INFO - [2024-11-28T13:45:17.977-0600] {dag.py:3239} INFO - Sync 1 DAGs
[2024-11-28T13:45:17.991-0600] {logging_mixin.py:190} INFO - [2024-11-28T13:45:17.991-0600] {dag.py:4180} INFO - Setting next_dagrun for example_params_trigger_ui to None, run_after=None
[2024-11-28T13:45:18.020-0600] {processor.py:208} INFO - Processing /root/airflow_env/lib/python3.12/site-packages/airflow/example_dags/example_params_trigger_ui.py took 0.103 seconds
[2024-11-28T13:46:14.417-0600] {processor.py:186} INFO - Started process (PID=3748) to work on /root/airflow_env/lib/python3.12/site-packages/airflow/example_dags/example_params_trigger_ui.py
[2024-11-28T13:46:14.419-0600] {processor.py:914} INFO - Processing file /root/airflow_env/lib/python3.12/site-packages/airflow/example_dags/example_params_trigger_ui.py for tasks to queue
[2024-11-28T13:46:14.421-0600] {logging_mixin.py:190} INFO - [2024-11-28T13:46:14.420-0600] {dagbag.py:588} INFO - Filling up the DagBag from /root/airflow_env/lib/python3.12/site-packages/airflow/example_dags/example_params_trigger_ui.py
[2024-11-28T13:46:14.428-0600] {processor.py:925} INFO - DAG(s) 'example_params_trigger_ui' retrieved from /root/airflow_env/lib/python3.12/site-packages/airflow/example_dags/example_params_trigger_ui.py
[2024-11-28T13:46:14.450-0600] {logging_mixin.py:190} INFO - [2024-11-28T13:46:14.450-0600] {dag.py:3239} INFO - Sync 1 DAGs
[2024-11-28T13:46:14.458-0600] {logging_mixin.py:190} INFO - [2024-11-28T13:46:14.458-0600] {dag.py:4180} INFO - Setting next_dagrun for example_params_trigger_ui to None, run_after=None
[2024-11-28T13:46:14.475-0600] {processor.py:208} INFO - Processing /root/airflow_env/lib/python3.12/site-packages/airflow/example_dags/example_params_trigger_ui.py took 0.062 seconds
[2024-11-28T13:47:10.461-0600] {processor.py:186} INFO - Started process (PID=3820) to work on /root/airflow_env/lib/python3.12/site-packages/airflow/example_dags/example_params_trigger_ui.py
[2024-11-28T13:47:10.463-0600] {processor.py:914} INFO - Processing file /root/airflow_env/lib/python3.12/site-packages/airflow/example_dags/example_params_trigger_ui.py for tasks to queue
[2024-11-28T13:47:10.465-0600] {logging_mixin.py:190} INFO - [2024-11-28T13:47:10.465-0600] {dagbag.py:588} INFO - Filling up the DagBag from /root/airflow_env/lib/python3.12/site-packages/airflow/example_dags/example_params_trigger_ui.py
[2024-11-28T13:47:10.473-0600] {processor.py:925} INFO - DAG(s) 'example_params_trigger_ui' retrieved from /root/airflow_env/lib/python3.12/site-packages/airflow/example_dags/example_params_trigger_ui.py
[2024-11-28T13:47:10.497-0600] {logging_mixin.py:190} INFO - [2024-11-28T13:47:10.497-0600] {dag.py:3239} INFO - Sync 1 DAGs
[2024-11-28T13:47:10.505-0600] {logging_mixin.py:190} INFO - [2024-11-28T13:47:10.505-0600] {dag.py:4180} INFO - Setting next_dagrun for example_params_trigger_ui to None, run_after=None
[2024-11-28T13:47:10.522-0600] {processor.py:208} INFO - Processing /root/airflow_env/lib/python3.12/site-packages/airflow/example_dags/example_params_trigger_ui.py took 0.064 seconds
