[2024-11-28T13:07:55.414-0600] {processor.py:186} INFO - Started process (PID=3220) to work on /root/airflow_env/lib/python3.12/site-packages/airflow/example_dags/example_branch_operator_decorator.py
[2024-11-28T13:07:55.414-0600] {processor.py:914} INFO - Processing file /root/airflow_env/lib/python3.12/site-packages/airflow/example_dags/example_branch_operator_decorator.py for tasks to queue
[2024-11-28T13:07:55.416-0600] {logging_mixin.py:190} INFO - [2024-11-28T13:07:55.415-0600] {dagbag.py:588} INFO - Filling up the DagBag from /root/airflow_env/lib/python3.12/site-packages/airflow/example_dags/example_branch_operator_decorator.py
[2024-11-28T13:07:55.434-0600] {processor.py:927} WARNING - No viable dags retrieved from /root/airflow_env/lib/python3.12/site-packages/airflow/example_dags/example_branch_operator_decorator.py
[2024-11-28T13:07:55.441-0600] {processor.py:208} INFO - Processing /root/airflow_env/lib/python3.12/site-packages/airflow/example_dags/example_branch_operator_decorator.py took 0.031 seconds
[2024-11-28T13:08:53.876-0600] {processor.py:186} INFO - Started process (PID=3285) to work on /root/airflow_env/lib/python3.12/site-packages/airflow/example_dags/example_branch_operator_decorator.py
[2024-11-28T13:08:53.879-0600] {processor.py:914} INFO - Processing file /root/airflow_env/lib/python3.12/site-packages/airflow/example_dags/example_branch_operator_decorator.py for tasks to queue
[2024-11-28T13:08:53.880-0600] {logging_mixin.py:190} INFO - [2024-11-28T13:08:53.880-0600] {dagbag.py:588} INFO - Filling up the DagBag from /root/airflow_env/lib/python3.12/site-packages/airflow/example_dags/example_branch_operator_decorator.py
[2024-11-28T13:08:53.939-0600] {processor.py:927} WARNING - No viable dags retrieved from /root/airflow_env/lib/python3.12/site-packages/airflow/example_dags/example_branch_operator_decorator.py
[2024-11-28T13:08:53.947-0600] {processor.py:208} INFO - Processing /root/airflow_env/lib/python3.12/site-packages/airflow/example_dags/example_branch_operator_decorator.py took 0.075 seconds
[2024-11-28T13:09:48.942-0600] {processor.py:186} INFO - Started process (PID=3347) to work on /root/airflow_env/lib/python3.12/site-packages/airflow/example_dags/example_branch_operator_decorator.py
[2024-11-28T13:09:48.944-0600] {processor.py:914} INFO - Processing file /root/airflow_env/lib/python3.12/site-packages/airflow/example_dags/example_branch_operator_decorator.py for tasks to queue
[2024-11-28T13:09:48.945-0600] {logging_mixin.py:190} INFO - [2024-11-28T13:09:48.945-0600] {dagbag.py:588} INFO - Filling up the DagBag from /root/airflow_env/lib/python3.12/site-packages/airflow/example_dags/example_branch_operator_decorator.py
[2024-11-28T13:09:48.970-0600] {processor.py:927} WARNING - No viable dags retrieved from /root/airflow_env/lib/python3.12/site-packages/airflow/example_dags/example_branch_operator_decorator.py
[2024-11-28T13:09:48.978-0600] {processor.py:208} INFO - Processing /root/airflow_env/lib/python3.12/site-packages/airflow/example_dags/example_branch_operator_decorator.py took 0.039 seconds
[2024-11-28T13:45:15.637-0600] {processor.py:186} INFO - Started process (PID=3679) to work on /root/airflow_env/lib/python3.12/site-packages/airflow/example_dags/example_branch_operator_decorator.py
[2024-11-28T13:45:15.638-0600] {processor.py:914} INFO - Processing file /root/airflow_env/lib/python3.12/site-packages/airflow/example_dags/example_branch_operator_decorator.py for tasks to queue
[2024-11-28T13:45:15.639-0600] {logging_mixin.py:190} INFO - [2024-11-28T13:45:15.639-0600] {dagbag.py:588} INFO - Filling up the DagBag from /root/airflow_env/lib/python3.12/site-packages/airflow/example_dags/example_branch_operator_decorator.py
[2024-11-28T13:45:15.655-0600] {processor.py:927} WARNING - No viable dags retrieved from /root/airflow_env/lib/python3.12/site-packages/airflow/example_dags/example_branch_operator_decorator.py
[2024-11-28T13:45:15.662-0600] {processor.py:208} INFO - Processing /root/airflow_env/lib/python3.12/site-packages/airflow/example_dags/example_branch_operator_decorator.py took 0.029 seconds
[2024-11-28T13:46:12.133-0600] {processor.py:186} INFO - Started process (PID=3746) to work on /root/airflow_env/lib/python3.12/site-packages/airflow/example_dags/example_branch_operator_decorator.py
[2024-11-28T13:46:12.136-0600] {processor.py:914} INFO - Processing file /root/airflow_env/lib/python3.12/site-packages/airflow/example_dags/example_branch_operator_decorator.py for tasks to queue
[2024-11-28T13:46:12.137-0600] {logging_mixin.py:190} INFO - [2024-11-28T13:46:12.137-0600] {dagbag.py:588} INFO - Filling up the DagBag from /root/airflow_env/lib/python3.12/site-packages/airflow/example_dags/example_branch_operator_decorator.py
[2024-11-28T13:46:12.158-0600] {processor.py:927} WARNING - No viable dags retrieved from /root/airflow_env/lib/python3.12/site-packages/airflow/example_dags/example_branch_operator_decorator.py
[2024-11-28T13:46:12.165-0600] {processor.py:208} INFO - Processing /root/airflow_env/lib/python3.12/site-packages/airflow/example_dags/example_branch_operator_decorator.py took 0.035 seconds
[2024-11-28T13:47:08.740-0600] {processor.py:186} INFO - Started process (PID=3814) to work on /root/airflow_env/lib/python3.12/site-packages/airflow/example_dags/example_branch_operator_decorator.py
[2024-11-28T13:47:08.743-0600] {processor.py:914} INFO - Processing file /root/airflow_env/lib/python3.12/site-packages/airflow/example_dags/example_branch_operator_decorator.py for tasks to queue
[2024-11-28T13:47:08.744-0600] {logging_mixin.py:190} INFO - [2024-11-28T13:47:08.744-0600] {dagbag.py:588} INFO - Filling up the DagBag from /root/airflow_env/lib/python3.12/site-packages/airflow/example_dags/example_branch_operator_decorator.py
[2024-11-28T13:47:08.789-0600] {processor.py:927} WARNING - No viable dags retrieved from /root/airflow_env/lib/python3.12/site-packages/airflow/example_dags/example_branch_operator_decorator.py
[2024-11-28T13:47:08.797-0600] {processor.py:208} INFO - Processing /root/airflow_env/lib/python3.12/site-packages/airflow/example_dags/example_branch_operator_decorator.py took 0.060 seconds
