[2024-11-28T13:08:16.305-0600] {processor.py:186} INFO - Started process (PID=3243) to work on /root/airflow_env/lib/python3.12/site-packages/airflow/example_dags/example_local_kubernetes_executor.py
[2024-11-28T13:08:16.306-0600] {processor.py:914} INFO - Processing file /root/airflow_env/lib/python3.12/site-packages/airflow/example_dags/example_local_kubernetes_executor.py for tasks to queue
[2024-11-28T13:08:16.307-0600] {logging_mixin.py:190} INFO - [2024-11-28T13:08:16.307-0600] {dagbag.py:588} INFO - Filling up the DagBag from /root/airflow_env/lib/python3.12/site-packages/airflow/example_dags/example_local_kubernetes_executor.py
[2024-11-28T13:08:16.310-0600] {logging_mixin.py:190} INFO - [2024-11-28T13:08:16.310-0600] {example_local_kubernetes_executor.py:40} WARNING - Could not import DAGs in example_local_kubernetes_executor.py
Traceback (most recent call last):
  File "/root/airflow_env/lib/python3.12/site-packages/airflow/example_dags/example_local_kubernetes_executor.py", line 38, in <module>
    from kubernetes.client import models as k8s
ModuleNotFoundError: No module named 'kubernetes'
[2024-11-28T13:08:16.310-0600] {logging_mixin.py:190} INFO - [2024-11-28T13:08:16.310-0600] {example_local_kubernetes_executor.py:41} WARNING - Install Kubernetes dependencies with: pip install apache-airflow[cncf.kubernetes]
[2024-11-28T13:08:16.311-0600] {processor.py:927} WARNING - No viable dags retrieved from /root/airflow_env/lib/python3.12/site-packages/airflow/example_dags/example_local_kubernetes_executor.py
[2024-11-28T13:08:16.318-0600] {processor.py:208} INFO - Processing /root/airflow_env/lib/python3.12/site-packages/airflow/example_dags/example_local_kubernetes_executor.py took 0.017 seconds
[2024-11-28T13:09:12.984-0600] {processor.py:186} INFO - Started process (PID=3304) to work on /root/airflow_env/lib/python3.12/site-packages/airflow/example_dags/example_local_kubernetes_executor.py
[2024-11-28T13:09:12.987-0600] {processor.py:914} INFO - Processing file /root/airflow_env/lib/python3.12/site-packages/airflow/example_dags/example_local_kubernetes_executor.py for tasks to queue
[2024-11-28T13:09:12.988-0600] {logging_mixin.py:190} INFO - [2024-11-28T13:09:12.988-0600] {dagbag.py:588} INFO - Filling up the DagBag from /root/airflow_env/lib/python3.12/site-packages/airflow/example_dags/example_local_kubernetes_executor.py
[2024-11-28T13:09:12.990-0600] {logging_mixin.py:190} INFO - [2024-11-28T13:09:12.990-0600] {example_local_kubernetes_executor.py:40} WARNING - Could not import DAGs in example_local_kubernetes_executor.py
Traceback (most recent call last):
  File "/root/airflow_env/lib/python3.12/site-packages/airflow/example_dags/example_local_kubernetes_executor.py", line 38, in <module>
    from kubernetes.client import models as k8s
ModuleNotFoundError: No module named 'kubernetes'
[2024-11-28T13:09:12.990-0600] {logging_mixin.py:190} INFO - [2024-11-28T13:09:12.990-0600] {example_local_kubernetes_executor.py:41} WARNING - Install Kubernetes dependencies with: pip install apache-airflow[cncf.kubernetes]
[2024-11-28T13:09:12.990-0600] {processor.py:927} WARNING - No viable dags retrieved from /root/airflow_env/lib/python3.12/site-packages/airflow/example_dags/example_local_kubernetes_executor.py
[2024-11-28T13:09:12.997-0600] {processor.py:208} INFO - Processing /root/airflow_env/lib/python3.12/site-packages/airflow/example_dags/example_local_kubernetes_executor.py took 0.017 seconds
[2024-11-28T13:45:35.071-0600] {processor.py:186} INFO - Started process (PID=3704) to work on /root/airflow_env/lib/python3.12/site-packages/airflow/example_dags/example_local_kubernetes_executor.py
[2024-11-28T13:45:35.074-0600] {processor.py:914} INFO - Processing file /root/airflow_env/lib/python3.12/site-packages/airflow/example_dags/example_local_kubernetes_executor.py for tasks to queue
[2024-11-28T13:45:35.076-0600] {logging_mixin.py:190} INFO - [2024-11-28T13:45:35.075-0600] {dagbag.py:588} INFO - Filling up the DagBag from /root/airflow_env/lib/python3.12/site-packages/airflow/example_dags/example_local_kubernetes_executor.py
[2024-11-28T13:45:35.078-0600] {logging_mixin.py:190} INFO - [2024-11-28T13:45:35.077-0600] {example_local_kubernetes_executor.py:40} WARNING - Could not import DAGs in example_local_kubernetes_executor.py
Traceback (most recent call last):
  File "/root/airflow_env/lib/python3.12/site-packages/airflow/example_dags/example_local_kubernetes_executor.py", line 38, in <module>
    from kubernetes.client import models as k8s
ModuleNotFoundError: No module named 'kubernetes'
[2024-11-28T13:45:35.078-0600] {logging_mixin.py:190} INFO - [2024-11-28T13:45:35.078-0600] {example_local_kubernetes_executor.py:41} WARNING - Install Kubernetes dependencies with: pip install apache-airflow[cncf.kubernetes]
[2024-11-28T13:45:35.078-0600] {processor.py:927} WARNING - No viable dags retrieved from /root/airflow_env/lib/python3.12/site-packages/airflow/example_dags/example_local_kubernetes_executor.py
[2024-11-28T13:45:35.085-0600] {processor.py:208} INFO - Processing /root/airflow_env/lib/python3.12/site-packages/airflow/example_dags/example_local_kubernetes_executor.py took 0.017 seconds
[2024-11-28T13:46:30.947-0600] {processor.py:186} INFO - Started process (PID=3765) to work on /root/airflow_env/lib/python3.12/site-packages/airflow/example_dags/example_local_kubernetes_executor.py
[2024-11-28T13:46:30.949-0600] {processor.py:914} INFO - Processing file /root/airflow_env/lib/python3.12/site-packages/airflow/example_dags/example_local_kubernetes_executor.py for tasks to queue
[2024-11-28T13:46:30.950-0600] {logging_mixin.py:190} INFO - [2024-11-28T13:46:30.950-0600] {dagbag.py:588} INFO - Filling up the DagBag from /root/airflow_env/lib/python3.12/site-packages/airflow/example_dags/example_local_kubernetes_executor.py
[2024-11-28T13:46:30.953-0600] {logging_mixin.py:190} INFO - [2024-11-28T13:46:30.952-0600] {example_local_kubernetes_executor.py:40} WARNING - Could not import DAGs in example_local_kubernetes_executor.py
Traceback (most recent call last):
  File "/root/airflow_env/lib/python3.12/site-packages/airflow/example_dags/example_local_kubernetes_executor.py", line 38, in <module>
    from kubernetes.client import models as k8s
ModuleNotFoundError: No module named 'kubernetes'
[2024-11-28T13:46:30.953-0600] {logging_mixin.py:190} INFO - [2024-11-28T13:46:30.953-0600] {example_local_kubernetes_executor.py:41} WARNING - Install Kubernetes dependencies with: pip install apache-airflow[cncf.kubernetes]
[2024-11-28T13:46:30.953-0600] {processor.py:927} WARNING - No viable dags retrieved from /root/airflow_env/lib/python3.12/site-packages/airflow/example_dags/example_local_kubernetes_executor.py
[2024-11-28T13:46:30.960-0600] {processor.py:208} INFO - Processing /root/airflow_env/lib/python3.12/site-packages/airflow/example_dags/example_local_kubernetes_executor.py took 0.017 seconds
[2024-11-28T13:47:28.029-0600] {processor.py:186} INFO - Started process (PID=3839) to work on /root/airflow_env/lib/python3.12/site-packages/airflow/example_dags/example_local_kubernetes_executor.py
[2024-11-28T13:47:28.031-0600] {processor.py:914} INFO - Processing file /root/airflow_env/lib/python3.12/site-packages/airflow/example_dags/example_local_kubernetes_executor.py for tasks to queue
[2024-11-28T13:47:28.032-0600] {logging_mixin.py:190} INFO - [2024-11-28T13:47:28.032-0600] {dagbag.py:588} INFO - Filling up the DagBag from /root/airflow_env/lib/python3.12/site-packages/airflow/example_dags/example_local_kubernetes_executor.py
[2024-11-28T13:47:28.034-0600] {logging_mixin.py:190} INFO - [2024-11-28T13:47:28.034-0600] {example_local_kubernetes_executor.py:40} WARNING - Could not import DAGs in example_local_kubernetes_executor.py
Traceback (most recent call last):
  File "/root/airflow_env/lib/python3.12/site-packages/airflow/example_dags/example_local_kubernetes_executor.py", line 38, in <module>
    from kubernetes.client import models as k8s
ModuleNotFoundError: No module named 'kubernetes'
[2024-11-28T13:47:28.035-0600] {logging_mixin.py:190} INFO - [2024-11-28T13:47:28.035-0600] {example_local_kubernetes_executor.py:41} WARNING - Install Kubernetes dependencies with: pip install apache-airflow[cncf.kubernetes]
[2024-11-28T13:47:28.035-0600] {processor.py:927} WARNING - No viable dags retrieved from /root/airflow_env/lib/python3.12/site-packages/airflow/example_dags/example_local_kubernetes_executor.py
[2024-11-28T13:47:28.045-0600] {processor.py:208} INFO - Processing /root/airflow_env/lib/python3.12/site-packages/airflow/example_dags/example_local_kubernetes_executor.py took 0.020 seconds
