[2024-11-28T13:08:18.681-0600] {processor.py:186} INFO - Started process (PID=3245) to work on /root/airflow_env/lib/python3.12/site-packages/airflow/example_dags/example_xcomargs.py
[2024-11-28T13:08:18.682-0600] {processor.py:914} INFO - Processing file /root/airflow_env/lib/python3.12/site-packages/airflow/example_dags/example_xcomargs.py for tasks to queue
[2024-11-28T13:08:18.684-0600] {logging_mixin.py:190} INFO - [2024-11-28T13:08:18.684-0600] {dagbag.py:588} INFO - Filling up the DagBag from /root/airflow_env/lib/python3.12/site-packages/airflow/example_dags/example_xcomargs.py
[2024-11-28T13:08:18.692-0600] {processor.py:925} INFO - DAG(s) 'example_xcom_args', 'example_xcom_args_with_operators' retrieved from /root/airflow_env/lib/python3.12/site-packages/airflow/example_dags/example_xcomargs.py
[2024-11-28T13:08:18.764-0600] {logging_mixin.py:190} INFO - [2024-11-28T13:08:18.763-0600] {override.py:1911} INFO - Created Permission View: can edit on DAG:example_xcom_args
[2024-11-28T13:08:18.774-0600] {logging_mixin.py:190} INFO - [2024-11-28T13:08:18.773-0600] {override.py:1911} INFO - Created Permission View: can delete on DAG:example_xcom_args
[2024-11-28T13:08:18.780-0600] {logging_mixin.py:190} INFO - [2024-11-28T13:08:18.780-0600] {override.py:1911} INFO - Created Permission View: can read on DAG:example_xcom_args
[2024-11-28T13:08:18.791-0600] {logging_mixin.py:190} INFO - [2024-11-28T13:08:18.791-0600] {override.py:1911} INFO - Created Permission View: can delete on DAG Run:example_xcom_args
[2024-11-28T13:08:18.798-0600] {logging_mixin.py:190} INFO - [2024-11-28T13:08:18.798-0600] {override.py:1911} INFO - Created Permission View: can create on DAG Run:example_xcom_args
[2024-11-28T13:08:18.804-0600] {logging_mixin.py:190} INFO - [2024-11-28T13:08:18.804-0600] {override.py:1911} INFO - Created Permission View: can read on DAG Run:example_xcom_args
[2024-11-28T13:08:18.810-0600] {logging_mixin.py:190} INFO - [2024-11-28T13:08:18.810-0600] {override.py:1911} INFO - Created Permission View: menu access on DAG Run:example_xcom_args
[2024-11-28T13:08:18.825-0600] {logging_mixin.py:190} INFO - [2024-11-28T13:08:18.825-0600] {override.py:1911} INFO - Created Permission View: can edit on DAG:example_xcom_args_with_operators
[2024-11-28T13:08:18.831-0600] {logging_mixin.py:190} INFO - [2024-11-28T13:08:18.831-0600] {override.py:1911} INFO - Created Permission View: can delete on DAG:example_xcom_args_with_operators
[2024-11-28T13:08:18.838-0600] {logging_mixin.py:190} INFO - [2024-11-28T13:08:18.837-0600] {override.py:1911} INFO - Created Permission View: can read on DAG:example_xcom_args_with_operators
[2024-11-28T13:08:18.847-0600] {logging_mixin.py:190} INFO - [2024-11-28T13:08:18.847-0600] {override.py:1911} INFO - Created Permission View: can delete on DAG Run:example_xcom_args_with_operators
[2024-11-28T13:08:18.854-0600] {logging_mixin.py:190} INFO - [2024-11-28T13:08:18.854-0600] {override.py:1911} INFO - Created Permission View: can create on DAG Run:example_xcom_args_with_operators
[2024-11-28T13:08:18.860-0600] {logging_mixin.py:190} INFO - [2024-11-28T13:08:18.860-0600] {override.py:1911} INFO - Created Permission View: can read on DAG Run:example_xcom_args_with_operators
[2024-11-28T13:08:18.867-0600] {logging_mixin.py:190} INFO - [2024-11-28T13:08:18.866-0600] {override.py:1911} INFO - Created Permission View: menu access on DAG Run:example_xcom_args_with_operators
[2024-11-28T13:08:18.867-0600] {logging_mixin.py:190} INFO - [2024-11-28T13:08:18.867-0600] {dag.py:3239} INFO - Sync 2 DAGs
[2024-11-28T13:08:18.875-0600] {logging_mixin.py:190} INFO - [2024-11-28T13:08:18.875-0600] {dag.py:3262} INFO - Creating ORM DAG for example_xcom_args_with_operators
[2024-11-28T13:08:18.876-0600] {logging_mixin.py:190} INFO - [2024-11-28T13:08:18.876-0600] {dag.py:3262} INFO - Creating ORM DAG for example_xcom_args
[2024-11-28T13:08:18.876-0600] {logging_mixin.py:190} INFO - [2024-11-28T13:08:18.876-0600] {dag.py:4180} INFO - Setting next_dagrun for example_xcom_args to None, run_after=None
[2024-11-28T13:08:18.876-0600] {logging_mixin.py:190} INFO - [2024-11-28T13:08:18.876-0600] {dag.py:4180} INFO - Setting next_dagrun for example_xcom_args_with_operators to None, run_after=None
[2024-11-28T13:08:18.893-0600] {processor.py:208} INFO - Processing /root/airflow_env/lib/python3.12/site-packages/airflow/example_dags/example_xcomargs.py took 0.216 seconds
[2024-11-28T13:09:14.729-0600] {processor.py:186} INFO - Started process (PID=3306) to work on /root/airflow_env/lib/python3.12/site-packages/airflow/example_dags/example_xcomargs.py
[2024-11-28T13:09:14.731-0600] {processor.py:914} INFO - Processing file /root/airflow_env/lib/python3.12/site-packages/airflow/example_dags/example_xcomargs.py for tasks to queue
[2024-11-28T13:09:14.733-0600] {logging_mixin.py:190} INFO - [2024-11-28T13:09:14.732-0600] {dagbag.py:588} INFO - Filling up the DagBag from /root/airflow_env/lib/python3.12/site-packages/airflow/example_dags/example_xcomargs.py
[2024-11-28T13:09:14.739-0600] {processor.py:925} INFO - DAG(s) 'example_xcom_args', 'example_xcom_args_with_operators' retrieved from /root/airflow_env/lib/python3.12/site-packages/airflow/example_dags/example_xcomargs.py
[2024-11-28T13:09:14.751-0600] {logging_mixin.py:190} INFO - [2024-11-28T13:09:14.750-0600] {dag.py:3239} INFO - Sync 2 DAGs
[2024-11-28T13:09:14.758-0600] {logging_mixin.py:190} INFO - [2024-11-28T13:09:14.758-0600] {dag.py:4180} INFO - Setting next_dagrun for example_xcom_args to None, run_after=None
[2024-11-28T13:09:14.760-0600] {logging_mixin.py:190} INFO - [2024-11-28T13:09:14.760-0600] {dag.py:4180} INFO - Setting next_dagrun for example_xcom_args_with_operators to None, run_after=None
[2024-11-28T13:09:14.775-0600] {processor.py:208} INFO - Processing /root/airflow_env/lib/python3.12/site-packages/airflow/example_dags/example_xcomargs.py took 0.050 seconds
[2024-11-28T13:45:37.360-0600] {processor.py:186} INFO - Started process (PID=3706) to work on /root/airflow_env/lib/python3.12/site-packages/airflow/example_dags/example_xcomargs.py
[2024-11-28T13:45:37.362-0600] {processor.py:914} INFO - Processing file /root/airflow_env/lib/python3.12/site-packages/airflow/example_dags/example_xcomargs.py for tasks to queue
[2024-11-28T13:45:37.363-0600] {logging_mixin.py:190} INFO - [2024-11-28T13:45:37.363-0600] {dagbag.py:588} INFO - Filling up the DagBag from /root/airflow_env/lib/python3.12/site-packages/airflow/example_dags/example_xcomargs.py
[2024-11-28T13:45:37.371-0600] {processor.py:925} INFO - DAG(s) 'example_xcom_args', 'example_xcom_args_with_operators' retrieved from /root/airflow_env/lib/python3.12/site-packages/airflow/example_dags/example_xcomargs.py
[2024-11-28T13:45:37.383-0600] {logging_mixin.py:190} INFO - [2024-11-28T13:45:37.383-0600] {dag.py:3239} INFO - Sync 2 DAGs
[2024-11-28T13:45:37.391-0600] {logging_mixin.py:190} INFO - [2024-11-28T13:45:37.391-0600] {dag.py:4180} INFO - Setting next_dagrun for example_xcom_args to None, run_after=None
[2024-11-28T13:45:37.393-0600] {logging_mixin.py:190} INFO - [2024-11-28T13:45:37.393-0600] {dag.py:4180} INFO - Setting next_dagrun for example_xcom_args_with_operators to None, run_after=None
[2024-11-28T13:45:37.410-0600] {processor.py:208} INFO - Processing /root/airflow_env/lib/python3.12/site-packages/airflow/example_dags/example_xcomargs.py took 0.053 seconds
[2024-11-28T13:46:32.718-0600] {processor.py:186} INFO - Started process (PID=3767) to work on /root/airflow_env/lib/python3.12/site-packages/airflow/example_dags/example_xcomargs.py
[2024-11-28T13:46:32.720-0600] {processor.py:914} INFO - Processing file /root/airflow_env/lib/python3.12/site-packages/airflow/example_dags/example_xcomargs.py for tasks to queue
[2024-11-28T13:46:32.722-0600] {logging_mixin.py:190} INFO - [2024-11-28T13:46:32.721-0600] {dagbag.py:588} INFO - Filling up the DagBag from /root/airflow_env/lib/python3.12/site-packages/airflow/example_dags/example_xcomargs.py
[2024-11-28T13:46:32.729-0600] {processor.py:925} INFO - DAG(s) 'example_xcom_args', 'example_xcom_args_with_operators' retrieved from /root/airflow_env/lib/python3.12/site-packages/airflow/example_dags/example_xcomargs.py
[2024-11-28T13:46:32.743-0600] {logging_mixin.py:190} INFO - [2024-11-28T13:46:32.742-0600] {dag.py:3239} INFO - Sync 2 DAGs
[2024-11-28T13:46:32.751-0600] {logging_mixin.py:190} INFO - [2024-11-28T13:46:32.751-0600] {dag.py:4180} INFO - Setting next_dagrun for example_xcom_args to None, run_after=None
[2024-11-28T13:46:32.753-0600] {logging_mixin.py:190} INFO - [2024-11-28T13:46:32.753-0600] {dag.py:4180} INFO - Setting next_dagrun for example_xcom_args_with_operators to None, run_after=None
[2024-11-28T13:46:32.769-0600] {processor.py:208} INFO - Processing /root/airflow_env/lib/python3.12/site-packages/airflow/example_dags/example_xcomargs.py took 0.056 seconds
[2024-11-28T13:47:30.304-0600] {processor.py:186} INFO - Started process (PID=3841) to work on /root/airflow_env/lib/python3.12/site-packages/airflow/example_dags/example_xcomargs.py
[2024-11-28T13:47:30.306-0600] {processor.py:914} INFO - Processing file /root/airflow_env/lib/python3.12/site-packages/airflow/example_dags/example_xcomargs.py for tasks to queue
[2024-11-28T13:47:30.308-0600] {logging_mixin.py:190} INFO - [2024-11-28T13:47:30.308-0600] {dagbag.py:588} INFO - Filling up the DagBag from /root/airflow_env/lib/python3.12/site-packages/airflow/example_dags/example_xcomargs.py
[2024-11-28T13:47:30.315-0600] {processor.py:925} INFO - DAG(s) 'example_xcom_args_with_operators', 'example_xcom_args' retrieved from /root/airflow_env/lib/python3.12/site-packages/airflow/example_dags/example_xcomargs.py
[2024-11-28T13:47:30.328-0600] {logging_mixin.py:190} INFO - [2024-11-28T13:47:30.328-0600] {dag.py:3239} INFO - Sync 2 DAGs
[2024-11-28T13:47:30.336-0600] {logging_mixin.py:190} INFO - [2024-11-28T13:47:30.336-0600] {dag.py:4180} INFO - Setting next_dagrun for example_xcom_args to None, run_after=None
[2024-11-28T13:47:30.338-0600] {logging_mixin.py:190} INFO - [2024-11-28T13:47:30.338-0600] {dag.py:4180} INFO - Setting next_dagrun for example_xcom_args_with_operators to None, run_after=None
[2024-11-28T13:47:30.354-0600] {processor.py:208} INFO - Processing /root/airflow_env/lib/python3.12/site-packages/airflow/example_dags/example_xcomargs.py took 0.054 seconds
