[2024-11-28T13:07:26.718-0600] {processor.py:186} INFO - Started process (PID=3177) to work on /root/airflow_env/lib/python3.12/site-packages/airflow/example_dags/example_branch_day_of_week_operator.py
[2024-11-28T13:07:26.719-0600] {processor.py:914} INFO - Processing file /root/airflow_env/lib/python3.12/site-packages/airflow/example_dags/example_branch_day_of_week_operator.py for tasks to queue
[2024-11-28T13:07:26.720-0600] {logging_mixin.py:190} INFO - [2024-11-28T13:07:26.720-0600] {dagbag.py:588} INFO - Filling up the DagBag from /root/airflow_env/lib/python3.12/site-packages/airflow/example_dags/example_branch_day_of_week_operator.py
[2024-11-28T13:07:26.727-0600] {processor.py:925} INFO - DAG(s) 'example_weekday_branch_operator' retrieved from /root/airflow_env/lib/python3.12/site-packages/airflow/example_dags/example_branch_day_of_week_operator.py
[2024-11-28T13:07:26.798-0600] {logging_mixin.py:190} INFO - [2024-11-28T13:07:26.798-0600] {override.py:1911} INFO - Created Permission View: can edit on DAG:example_weekday_branch_operator
[2024-11-28T13:07:26.809-0600] {logging_mixin.py:190} INFO - [2024-11-28T13:07:26.808-0600] {override.py:1911} INFO - Created Permission View: can delete on DAG:example_weekday_branch_operator
[2024-11-28T13:07:26.817-0600] {logging_mixin.py:190} INFO - [2024-11-28T13:07:26.817-0600] {override.py:1911} INFO - Created Permission View: can read on DAG:example_weekday_branch_operator
[2024-11-28T13:07:26.830-0600] {logging_mixin.py:190} INFO - [2024-11-28T13:07:26.829-0600] {override.py:1911} INFO - Created Permission View: can delete on DAG Run:example_weekday_branch_operator
[2024-11-28T13:07:26.837-0600] {logging_mixin.py:190} INFO - [2024-11-28T13:07:26.837-0600] {override.py:1911} INFO - Created Permission View: can create on DAG Run:example_weekday_branch_operator
[2024-11-28T13:07:26.844-0600] {logging_mixin.py:190} INFO - [2024-11-28T13:07:26.844-0600] {override.py:1911} INFO - Created Permission View: can read on DAG Run:example_weekday_branch_operator
[2024-11-28T13:07:26.850-0600] {logging_mixin.py:190} INFO - [2024-11-28T13:07:26.850-0600] {override.py:1911} INFO - Created Permission View: menu access on DAG Run:example_weekday_branch_operator
[2024-11-28T13:07:26.850-0600] {logging_mixin.py:190} INFO - [2024-11-28T13:07:26.850-0600] {dag.py:3239} INFO - Sync 1 DAGs
[2024-11-28T13:07:26.860-0600] {logging_mixin.py:190} INFO - [2024-11-28T13:07:26.859-0600] {dag.py:3262} INFO - Creating ORM DAG for example_weekday_branch_operator
[2024-11-28T13:07:26.870-0600] {logging_mixin.py:190} INFO - [2024-11-28T13:07:26.870-0600] {dag.py:4180} INFO - Setting next_dagrun for example_weekday_branch_operator to 2024-11-27 00:00:00+00:00, run_after=2024-11-28 00:00:00+00:00
[2024-11-28T13:07:26.890-0600] {processor.py:208} INFO - Processing /root/airflow_env/lib/python3.12/site-packages/airflow/example_dags/example_branch_day_of_week_operator.py took 0.176 seconds
[2024-11-28T13:08:28.963-0600] {processor.py:186} INFO - Started process (PID=3257) to work on /root/airflow_env/lib/python3.12/site-packages/airflow/example_dags/example_branch_day_of_week_operator.py
[2024-11-28T13:08:28.965-0600] {processor.py:914} INFO - Processing file /root/airflow_env/lib/python3.12/site-packages/airflow/example_dags/example_branch_day_of_week_operator.py for tasks to queue
[2024-11-28T13:08:28.966-0600] {logging_mixin.py:190} INFO - [2024-11-28T13:08:28.966-0600] {dagbag.py:588} INFO - Filling up the DagBag from /root/airflow_env/lib/python3.12/site-packages/airflow/example_dags/example_branch_day_of_week_operator.py
[2024-11-28T13:08:28.974-0600] {processor.py:925} INFO - DAG(s) 'example_weekday_branch_operator' retrieved from /root/airflow_env/lib/python3.12/site-packages/airflow/example_dags/example_branch_day_of_week_operator.py
[2024-11-28T13:08:28.986-0600] {logging_mixin.py:190} INFO - [2024-11-28T13:08:28.986-0600] {dag.py:3239} INFO - Sync 1 DAGs
[2024-11-28T13:08:28.998-0600] {logging_mixin.py:190} INFO - [2024-11-28T13:08:28.998-0600] {dag.py:4180} INFO - Setting next_dagrun for example_weekday_branch_operator to 2024-11-27 00:00:00+00:00, run_after=2024-11-28 00:00:00+00:00
[2024-11-28T13:08:29.014-0600] {processor.py:208} INFO - Processing /root/airflow_env/lib/python3.12/site-packages/airflow/example_dags/example_branch_day_of_week_operator.py took 0.055 seconds
[2024-11-28T13:09:24.866-0600] {processor.py:186} INFO - Started process (PID=3317) to work on /root/airflow_env/lib/python3.12/site-packages/airflow/example_dags/example_branch_day_of_week_operator.py
[2024-11-28T13:09:24.869-0600] {processor.py:914} INFO - Processing file /root/airflow_env/lib/python3.12/site-packages/airflow/example_dags/example_branch_day_of_week_operator.py for tasks to queue
[2024-11-28T13:09:24.870-0600] {logging_mixin.py:190} INFO - [2024-11-28T13:09:24.870-0600] {dagbag.py:588} INFO - Filling up the DagBag from /root/airflow_env/lib/python3.12/site-packages/airflow/example_dags/example_branch_day_of_week_operator.py
[2024-11-28T13:09:24.878-0600] {processor.py:925} INFO - DAG(s) 'example_weekday_branch_operator' retrieved from /root/airflow_env/lib/python3.12/site-packages/airflow/example_dags/example_branch_day_of_week_operator.py
[2024-11-28T13:09:24.888-0600] {logging_mixin.py:190} INFO - [2024-11-28T13:09:24.888-0600] {dag.py:3239} INFO - Sync 1 DAGs
[2024-11-28T13:09:24.902-0600] {logging_mixin.py:190} INFO - [2024-11-28T13:09:24.902-0600] {dag.py:4180} INFO - Setting next_dagrun for example_weekday_branch_operator to 2024-11-27 00:00:00+00:00, run_after=2024-11-28 00:00:00+00:00
[2024-11-28T13:09:24.919-0600] {processor.py:208} INFO - Processing /root/airflow_env/lib/python3.12/site-packages/airflow/example_dags/example_branch_day_of_week_operator.py took 0.056 seconds
[2024-11-28T13:44:52.426-0600] {processor.py:186} INFO - Started process (PID=3635) to work on /root/airflow_env/lib/python3.12/site-packages/airflow/example_dags/example_branch_day_of_week_operator.py
[2024-11-28T13:44:52.428-0600] {processor.py:914} INFO - Processing file /root/airflow_env/lib/python3.12/site-packages/airflow/example_dags/example_branch_day_of_week_operator.py for tasks to queue
[2024-11-28T13:44:52.430-0600] {logging_mixin.py:190} INFO - [2024-11-28T13:44:52.429-0600] {dagbag.py:588} INFO - Filling up the DagBag from /root/airflow_env/lib/python3.12/site-packages/airflow/example_dags/example_branch_day_of_week_operator.py
[2024-11-28T13:44:52.436-0600] {processor.py:925} INFO - DAG(s) 'example_weekday_branch_operator' retrieved from /root/airflow_env/lib/python3.12/site-packages/airflow/example_dags/example_branch_day_of_week_operator.py
[2024-11-28T13:44:52.451-0600] {logging_mixin.py:190} INFO - [2024-11-28T13:44:52.451-0600] {dag.py:3239} INFO - Sync 1 DAGs
[2024-11-28T13:44:52.465-0600] {logging_mixin.py:190} INFO - [2024-11-28T13:44:52.464-0600] {dag.py:4180} INFO - Setting next_dagrun for example_weekday_branch_operator to 2024-11-27 00:00:00+00:00, run_after=2024-11-28 00:00:00+00:00
[2024-11-28T13:44:52.480-0600] {processor.py:208} INFO - Processing /root/airflow_env/lib/python3.12/site-packages/airflow/example_dags/example_branch_day_of_week_operator.py took 0.058 seconds
[2024-11-28T13:45:49.256-0600] {processor.py:186} INFO - Started process (PID=3721) to work on /root/airflow_env/lib/python3.12/site-packages/airflow/example_dags/example_branch_day_of_week_operator.py
[2024-11-28T13:45:49.259-0600] {processor.py:914} INFO - Processing file /root/airflow_env/lib/python3.12/site-packages/airflow/example_dags/example_branch_day_of_week_operator.py for tasks to queue
[2024-11-28T13:45:49.260-0600] {logging_mixin.py:190} INFO - [2024-11-28T13:45:49.260-0600] {dagbag.py:588} INFO - Filling up the DagBag from /root/airflow_env/lib/python3.12/site-packages/airflow/example_dags/example_branch_day_of_week_operator.py
[2024-11-28T13:45:49.266-0600] {processor.py:925} INFO - DAG(s) 'example_weekday_branch_operator' retrieved from /root/airflow_env/lib/python3.12/site-packages/airflow/example_dags/example_branch_day_of_week_operator.py
[2024-11-28T13:45:49.276-0600] {logging_mixin.py:190} INFO - [2024-11-28T13:45:49.276-0600] {dag.py:3239} INFO - Sync 1 DAGs
[2024-11-28T13:45:49.289-0600] {logging_mixin.py:190} INFO - [2024-11-28T13:45:49.289-0600] {dag.py:4180} INFO - Setting next_dagrun for example_weekday_branch_operator to 2024-11-27 00:00:00+00:00, run_after=2024-11-28 00:00:00+00:00
[2024-11-28T13:45:49.305-0600] {processor.py:208} INFO - Processing /root/airflow_env/lib/python3.12/site-packages/airflow/example_dags/example_branch_day_of_week_operator.py took 0.053 seconds
[2024-11-28T13:46:41.864-0600] {processor.py:186} INFO - Started process (PID=3780) to work on /root/airflow_env/lib/python3.12/site-packages/airflow/example_dags/example_branch_day_of_week_operator.py
[2024-11-28T13:46:41.866-0600] {processor.py:914} INFO - Processing file /root/airflow_env/lib/python3.12/site-packages/airflow/example_dags/example_branch_day_of_week_operator.py for tasks to queue
[2024-11-28T13:46:41.868-0600] {logging_mixin.py:190} INFO - [2024-11-28T13:46:41.867-0600] {dagbag.py:588} INFO - Filling up the DagBag from /root/airflow_env/lib/python3.12/site-packages/airflow/example_dags/example_branch_day_of_week_operator.py
[2024-11-28T13:46:41.874-0600] {processor.py:925} INFO - DAG(s) 'example_weekday_branch_operator' retrieved from /root/airflow_env/lib/python3.12/site-packages/airflow/example_dags/example_branch_day_of_week_operator.py
[2024-11-28T13:46:41.884-0600] {logging_mixin.py:190} INFO - [2024-11-28T13:46:41.884-0600] {dag.py:3239} INFO - Sync 1 DAGs
[2024-11-28T13:46:41.897-0600] {logging_mixin.py:190} INFO - [2024-11-28T13:46:41.897-0600] {dag.py:4180} INFO - Setting next_dagrun for example_weekday_branch_operator to 2024-11-27 00:00:00+00:00, run_after=2024-11-28 00:00:00+00:00
[2024-11-28T13:46:41.914-0600] {processor.py:208} INFO - Processing /root/airflow_env/lib/python3.12/site-packages/airflow/example_dags/example_branch_day_of_week_operator.py took 0.054 seconds
[2024-11-28T13:47:35.230-0600] {processor.py:186} INFO - Started process (PID=3847) to work on /root/airflow_env/lib/python3.12/site-packages/airflow/example_dags/example_branch_day_of_week_operator.py
[2024-11-28T13:47:35.233-0600] {processor.py:914} INFO - Processing file /root/airflow_env/lib/python3.12/site-packages/airflow/example_dags/example_branch_day_of_week_operator.py for tasks to queue
[2024-11-28T13:47:35.235-0600] {logging_mixin.py:190} INFO - [2024-11-28T13:47:35.234-0600] {dagbag.py:588} INFO - Filling up the DagBag from /root/airflow_env/lib/python3.12/site-packages/airflow/example_dags/example_branch_day_of_week_operator.py
[2024-11-28T13:47:35.241-0600] {processor.py:925} INFO - DAG(s) 'example_weekday_branch_operator' retrieved from /root/airflow_env/lib/python3.12/site-packages/airflow/example_dags/example_branch_day_of_week_operator.py
[2024-11-28T13:47:35.256-0600] {logging_mixin.py:190} INFO - [2024-11-28T13:47:35.255-0600] {dag.py:3239} INFO - Sync 1 DAGs
[2024-11-28T13:47:35.274-0600] {logging_mixin.py:190} INFO - [2024-11-28T13:47:35.274-0600] {dag.py:4180} INFO - Setting next_dagrun for example_weekday_branch_operator to 2024-11-27 00:00:00+00:00, run_after=2024-11-28 00:00:00+00:00
[2024-11-28T13:47:35.301-0600] {processor.py:208} INFO - Processing /root/airflow_env/lib/python3.12/site-packages/airflow/example_dags/example_branch_day_of_week_operator.py took 0.077 seconds
