[2024-11-28T13:07:31.710-0600] {processor.py:186} INFO - Started process (PID=3181) to work on /root/airflow_env/lib/python3.12/site-packages/airflow/example_dags/example_dataset_alias.py
[2024-11-28T13:07:31.711-0600] {processor.py:914} INFO - Processing file /root/airflow_env/lib/python3.12/site-packages/airflow/example_dags/example_dataset_alias.py for tasks to queue
[2024-11-28T13:07:31.712-0600] {logging_mixin.py:190} INFO - [2024-11-28T13:07:31.712-0600] {dagbag.py:588} INFO - Filling up the DagBag from /root/airflow_env/lib/python3.12/site-packages/airflow/example_dags/example_dataset_alias.py
[2024-11-28T13:07:31.728-0600] {processor.py:925} INFO - DAG(s) 'dataset_s3_bucket_producer', 'dataset_alias_example_alias_producer', 'dataset_alias_example_alias_consumer', 'dataset_s3_bucket_consumer' retrieved from /root/airflow_env/lib/python3.12/site-packages/airflow/example_dags/example_dataset_alias.py
[2024-11-28T13:07:31.805-0600] {logging_mixin.py:190} INFO - [2024-11-28T13:07:31.805-0600] {override.py:1911} INFO - Created Permission View: can edit on DAG:dataset_s3_bucket_producer
[2024-11-28T13:07:31.817-0600] {logging_mixin.py:190} INFO - [2024-11-28T13:07:31.816-0600] {override.py:1911} INFO - Created Permission View: can delete on DAG:dataset_s3_bucket_producer
[2024-11-28T13:07:31.823-0600] {logging_mixin.py:190} INFO - [2024-11-28T13:07:31.823-0600] {override.py:1911} INFO - Created Permission View: can read on DAG:dataset_s3_bucket_producer
[2024-11-28T13:07:31.835-0600] {logging_mixin.py:190} INFO - [2024-11-28T13:07:31.835-0600] {override.py:1911} INFO - Created Permission View: can delete on DAG Run:dataset_s3_bucket_producer
[2024-11-28T13:07:31.842-0600] {logging_mixin.py:190} INFO - [2024-11-28T13:07:31.842-0600] {override.py:1911} INFO - Created Permission View: can create on DAG Run:dataset_s3_bucket_producer
[2024-11-28T13:07:31.850-0600] {logging_mixin.py:190} INFO - [2024-11-28T13:07:31.850-0600] {override.py:1911} INFO - Created Permission View: can read on DAG Run:dataset_s3_bucket_producer
[2024-11-28T13:07:31.857-0600] {logging_mixin.py:190} INFO - [2024-11-28T13:07:31.856-0600] {override.py:1911} INFO - Created Permission View: menu access on DAG Run:dataset_s3_bucket_producer
[2024-11-28T13:07:31.875-0600] {logging_mixin.py:190} INFO - [2024-11-28T13:07:31.875-0600] {override.py:1911} INFO - Created Permission View: can edit on DAG:dataset_alias_example_alias_producer
[2024-11-28T13:07:31.883-0600] {logging_mixin.py:190} INFO - [2024-11-28T13:07:31.883-0600] {override.py:1911} INFO - Created Permission View: can delete on DAG:dataset_alias_example_alias_producer
[2024-11-28T13:07:31.889-0600] {logging_mixin.py:190} INFO - [2024-11-28T13:07:31.889-0600] {override.py:1911} INFO - Created Permission View: can read on DAG:dataset_alias_example_alias_producer
[2024-11-28T13:07:31.899-0600] {logging_mixin.py:190} INFO - [2024-11-28T13:07:31.899-0600] {override.py:1911} INFO - Created Permission View: can delete on DAG Run:dataset_alias_example_alias_producer
[2024-11-28T13:07:31.905-0600] {logging_mixin.py:190} INFO - [2024-11-28T13:07:31.905-0600] {override.py:1911} INFO - Created Permission View: can create on DAG Run:dataset_alias_example_alias_producer
[2024-11-28T13:07:31.912-0600] {logging_mixin.py:190} INFO - [2024-11-28T13:07:31.911-0600] {override.py:1911} INFO - Created Permission View: can read on DAG Run:dataset_alias_example_alias_producer
[2024-11-28T13:07:31.947-0600] {logging_mixin.py:190} INFO - [2024-11-28T13:07:31.946-0600] {override.py:1911} INFO - Created Permission View: menu access on DAG Run:dataset_alias_example_alias_producer
[2024-11-28T13:07:31.971-0600] {logging_mixin.py:190} INFO - [2024-11-28T13:07:31.970-0600] {override.py:1911} INFO - Created Permission View: can edit on DAG:dataset_alias_example_alias_consumer
[2024-11-28T13:07:31.979-0600] {logging_mixin.py:190} INFO - [2024-11-28T13:07:31.979-0600] {override.py:1911} INFO - Created Permission View: can delete on DAG:dataset_alias_example_alias_consumer
[2024-11-28T13:07:31.987-0600] {logging_mixin.py:190} INFO - [2024-11-28T13:07:31.987-0600] {override.py:1911} INFO - Created Permission View: can read on DAG:dataset_alias_example_alias_consumer
[2024-11-28T13:07:31.998-0600] {logging_mixin.py:190} INFO - [2024-11-28T13:07:31.997-0600] {override.py:1911} INFO - Created Permission View: can delete on DAG Run:dataset_alias_example_alias_consumer
[2024-11-28T13:07:32.003-0600] {logging_mixin.py:190} INFO - [2024-11-28T13:07:32.003-0600] {override.py:1911} INFO - Created Permission View: can create on DAG Run:dataset_alias_example_alias_consumer
[2024-11-28T13:07:32.010-0600] {logging_mixin.py:190} INFO - [2024-11-28T13:07:32.010-0600] {override.py:1911} INFO - Created Permission View: can read on DAG Run:dataset_alias_example_alias_consumer
[2024-11-28T13:07:32.016-0600] {logging_mixin.py:190} INFO - [2024-11-28T13:07:32.016-0600] {override.py:1911} INFO - Created Permission View: menu access on DAG Run:dataset_alias_example_alias_consumer
[2024-11-28T13:07:32.029-0600] {logging_mixin.py:190} INFO - [2024-11-28T13:07:32.029-0600] {override.py:1911} INFO - Created Permission View: can edit on DAG:dataset_s3_bucket_consumer
[2024-11-28T13:07:32.034-0600] {logging_mixin.py:190} INFO - [2024-11-28T13:07:32.034-0600] {override.py:1911} INFO - Created Permission View: can delete on DAG:dataset_s3_bucket_consumer
[2024-11-28T13:07:32.040-0600] {logging_mixin.py:190} INFO - [2024-11-28T13:07:32.039-0600] {override.py:1911} INFO - Created Permission View: can read on DAG:dataset_s3_bucket_consumer
[2024-11-28T13:07:32.050-0600] {logging_mixin.py:190} INFO - [2024-11-28T13:07:32.050-0600] {override.py:1911} INFO - Created Permission View: can delete on DAG Run:dataset_s3_bucket_consumer
[2024-11-28T13:07:32.055-0600] {logging_mixin.py:190} INFO - [2024-11-28T13:07:32.055-0600] {override.py:1911} INFO - Created Permission View: can create on DAG Run:dataset_s3_bucket_consumer
[2024-11-28T13:07:32.062-0600] {logging_mixin.py:190} INFO - [2024-11-28T13:07:32.061-0600] {override.py:1911} INFO - Created Permission View: can read on DAG Run:dataset_s3_bucket_consumer
[2024-11-28T13:07:32.067-0600] {logging_mixin.py:190} INFO - [2024-11-28T13:07:32.067-0600] {override.py:1911} INFO - Created Permission View: menu access on DAG Run:dataset_s3_bucket_consumer
[2024-11-28T13:07:32.067-0600] {logging_mixin.py:190} INFO - [2024-11-28T13:07:32.067-0600] {dag.py:3239} INFO - Sync 4 DAGs
[2024-11-28T13:07:32.075-0600] {logging_mixin.py:190} INFO - [2024-11-28T13:07:32.075-0600] {dag.py:3262} INFO - Creating ORM DAG for dataset_s3_bucket_producer
[2024-11-28T13:07:32.076-0600] {logging_mixin.py:190} INFO - [2024-11-28T13:07:32.076-0600] {dag.py:3262} INFO - Creating ORM DAG for dataset_s3_bucket_consumer
[2024-11-28T13:07:32.076-0600] {logging_mixin.py:190} INFO - [2024-11-28T13:07:32.076-0600] {dag.py:3262} INFO - Creating ORM DAG for dataset_alias_example_alias_consumer
[2024-11-28T13:07:32.077-0600] {logging_mixin.py:190} INFO - [2024-11-28T13:07:32.077-0600] {dag.py:3262} INFO - Creating ORM DAG for dataset_alias_example_alias_producer
[2024-11-28T13:07:32.082-0600] {logging_mixin.py:190} INFO - [2024-11-28T13:07:32.082-0600] {dag.py:4180} INFO - Setting next_dagrun for dataset_alias_example_alias_consumer to None, run_after=None
[2024-11-28T13:07:32.083-0600] {logging_mixin.py:190} INFO - [2024-11-28T13:07:32.083-0600] {dag.py:4180} INFO - Setting next_dagrun for dataset_alias_example_alias_producer to None, run_after=None
[2024-11-28T13:07:32.083-0600] {logging_mixin.py:190} INFO - [2024-11-28T13:07:32.083-0600] {dag.py:4180} INFO - Setting next_dagrun for dataset_s3_bucket_consumer to None, run_after=None
[2024-11-28T13:07:32.083-0600] {logging_mixin.py:190} INFO - [2024-11-28T13:07:32.083-0600] {dag.py:4180} INFO - Setting next_dagrun for dataset_s3_bucket_producer to None, run_after=None
[2024-11-28T13:07:32.105-0600] {processor.py:208} INFO - Processing /root/airflow_env/lib/python3.12/site-packages/airflow/example_dags/example_dataset_alias.py took 0.399 seconds
[2024-11-28T13:08:32.976-0600] {processor.py:186} INFO - Started process (PID=3264) to work on /root/airflow_env/lib/python3.12/site-packages/airflow/example_dags/example_dataset_alias.py
[2024-11-28T13:08:32.978-0600] {processor.py:914} INFO - Processing file /root/airflow_env/lib/python3.12/site-packages/airflow/example_dags/example_dataset_alias.py for tasks to queue
[2024-11-28T13:08:32.981-0600] {logging_mixin.py:190} INFO - [2024-11-28T13:08:32.981-0600] {dagbag.py:588} INFO - Filling up the DagBag from /root/airflow_env/lib/python3.12/site-packages/airflow/example_dags/example_dataset_alias.py
[2024-11-28T13:08:33.011-0600] {processor.py:925} INFO - DAG(s) 'dataset_s3_bucket_consumer', 'dataset_s3_bucket_producer', 'dataset_alias_example_alias_consumer', 'dataset_alias_example_alias_producer' retrieved from /root/airflow_env/lib/python3.12/site-packages/airflow/example_dags/example_dataset_alias.py
[2024-11-28T13:08:33.033-0600] {logging_mixin.py:190} INFO - [2024-11-28T13:08:33.033-0600] {dag.py:3239} INFO - Sync 4 DAGs
[2024-11-28T13:08:33.052-0600] {logging_mixin.py:190} INFO - [2024-11-28T13:08:33.052-0600] {dag.py:4180} INFO - Setting next_dagrun for dataset_alias_example_alias_consumer to None, run_after=None
[2024-11-28T13:08:33.055-0600] {logging_mixin.py:190} INFO - [2024-11-28T13:08:33.055-0600] {dag.py:4180} INFO - Setting next_dagrun for dataset_alias_example_alias_producer to None, run_after=None
[2024-11-28T13:08:33.056-0600] {logging_mixin.py:190} INFO - [2024-11-28T13:08:33.056-0600] {dag.py:4180} INFO - Setting next_dagrun for dataset_s3_bucket_consumer to None, run_after=None
[2024-11-28T13:08:33.057-0600] {logging_mixin.py:190} INFO - [2024-11-28T13:08:33.057-0600] {dag.py:4180} INFO - Setting next_dagrun for dataset_s3_bucket_producer to None, run_after=None
[2024-11-28T13:08:33.077-0600] {processor.py:208} INFO - Processing /root/airflow_env/lib/python3.12/site-packages/airflow/example_dags/example_dataset_alias.py took 0.110 seconds
[2024-11-28T13:09:28.436-0600] {processor.py:186} INFO - Started process (PID=3323) to work on /root/airflow_env/lib/python3.12/site-packages/airflow/example_dags/example_dataset_alias.py
[2024-11-28T13:09:28.439-0600] {processor.py:914} INFO - Processing file /root/airflow_env/lib/python3.12/site-packages/airflow/example_dags/example_dataset_alias.py for tasks to queue
[2024-11-28T13:09:28.440-0600] {logging_mixin.py:190} INFO - [2024-11-28T13:09:28.440-0600] {dagbag.py:588} INFO - Filling up the DagBag from /root/airflow_env/lib/python3.12/site-packages/airflow/example_dags/example_dataset_alias.py
[2024-11-28T13:09:28.457-0600] {processor.py:925} INFO - DAG(s) 'dataset_alias_example_alias_consumer', 'dataset_s3_bucket_producer', 'dataset_s3_bucket_consumer', 'dataset_alias_example_alias_producer' retrieved from /root/airflow_env/lib/python3.12/site-packages/airflow/example_dags/example_dataset_alias.py
[2024-11-28T13:09:28.471-0600] {logging_mixin.py:190} INFO - [2024-11-28T13:09:28.471-0600] {dag.py:3239} INFO - Sync 4 DAGs
[2024-11-28T13:09:28.484-0600] {logging_mixin.py:190} INFO - [2024-11-28T13:09:28.484-0600] {dag.py:4180} INFO - Setting next_dagrun for dataset_alias_example_alias_consumer to None, run_after=None
[2024-11-28T13:09:28.485-0600] {logging_mixin.py:190} INFO - [2024-11-28T13:09:28.485-0600] {dag.py:4180} INFO - Setting next_dagrun for dataset_alias_example_alias_producer to None, run_after=None
[2024-11-28T13:09:28.486-0600] {logging_mixin.py:190} INFO - [2024-11-28T13:09:28.485-0600] {dag.py:4180} INFO - Setting next_dagrun for dataset_s3_bucket_consumer to None, run_after=None
[2024-11-28T13:09:28.486-0600] {logging_mixin.py:190} INFO - [2024-11-28T13:09:28.486-0600] {dag.py:4180} INFO - Setting next_dagrun for dataset_s3_bucket_producer to None, run_after=None
[2024-11-28T13:09:28.505-0600] {processor.py:208} INFO - Processing /root/airflow_env/lib/python3.12/site-packages/airflow/example_dags/example_dataset_alias.py took 0.072 seconds
[2024-11-28T13:44:56.101-0600] {processor.py:186} INFO - Started process (PID=3643) to work on /root/airflow_env/lib/python3.12/site-packages/airflow/example_dags/example_dataset_alias.py
[2024-11-28T13:44:56.103-0600] {processor.py:914} INFO - Processing file /root/airflow_env/lib/python3.12/site-packages/airflow/example_dags/example_dataset_alias.py for tasks to queue
[2024-11-28T13:44:56.104-0600] {logging_mixin.py:190} INFO - [2024-11-28T13:44:56.104-0600] {dagbag.py:588} INFO - Filling up the DagBag from /root/airflow_env/lib/python3.12/site-packages/airflow/example_dags/example_dataset_alias.py
[2024-11-28T13:44:56.121-0600] {processor.py:925} INFO - DAG(s) 'dataset_s3_bucket_producer', 'dataset_alias_example_alias_producer', 'dataset_s3_bucket_consumer', 'dataset_alias_example_alias_consumer' retrieved from /root/airflow_env/lib/python3.12/site-packages/airflow/example_dags/example_dataset_alias.py
[2024-11-28T13:44:56.149-0600] {logging_mixin.py:190} INFO - [2024-11-28T13:44:56.149-0600] {dag.py:3239} INFO - Sync 4 DAGs
[2024-11-28T13:44:56.170-0600] {logging_mixin.py:190} INFO - [2024-11-28T13:44:56.170-0600] {dag.py:4180} INFO - Setting next_dagrun for dataset_alias_example_alias_consumer to None, run_after=None
[2024-11-28T13:44:56.172-0600] {logging_mixin.py:190} INFO - [2024-11-28T13:44:56.172-0600] {dag.py:4180} INFO - Setting next_dagrun for dataset_alias_example_alias_producer to None, run_after=None
[2024-11-28T13:44:56.173-0600] {logging_mixin.py:190} INFO - [2024-11-28T13:44:56.173-0600] {dag.py:4180} INFO - Setting next_dagrun for dataset_s3_bucket_consumer to None, run_after=None
[2024-11-28T13:44:56.174-0600] {logging_mixin.py:190} INFO - [2024-11-28T13:44:56.174-0600] {dag.py:4180} INFO - Setting next_dagrun for dataset_s3_bucket_producer to None, run_after=None
[2024-11-28T13:44:56.199-0600] {processor.py:208} INFO - Processing /root/airflow_env/lib/python3.12/site-packages/airflow/example_dags/example_dataset_alias.py took 0.102 seconds
[2024-11-28T13:45:53.829-0600] {processor.py:186} INFO - Started process (PID=3725) to work on /root/airflow_env/lib/python3.12/site-packages/airflow/example_dags/example_dataset_alias.py
[2024-11-28T13:45:53.831-0600] {processor.py:914} INFO - Processing file /root/airflow_env/lib/python3.12/site-packages/airflow/example_dags/example_dataset_alias.py for tasks to queue
[2024-11-28T13:45:53.832-0600] {logging_mixin.py:190} INFO - [2024-11-28T13:45:53.832-0600] {dagbag.py:588} INFO - Filling up the DagBag from /root/airflow_env/lib/python3.12/site-packages/airflow/example_dags/example_dataset_alias.py
[2024-11-28T13:45:53.848-0600] {processor.py:925} INFO - DAG(s) 'dataset_alias_example_alias_producer', 'dataset_alias_example_alias_consumer', 'dataset_s3_bucket_consumer', 'dataset_s3_bucket_producer' retrieved from /root/airflow_env/lib/python3.12/site-packages/airflow/example_dags/example_dataset_alias.py
[2024-11-28T13:45:53.861-0600] {logging_mixin.py:190} INFO - [2024-11-28T13:45:53.861-0600] {dag.py:3239} INFO - Sync 4 DAGs
[2024-11-28T13:45:53.874-0600] {logging_mixin.py:190} INFO - [2024-11-28T13:45:53.873-0600] {dag.py:4180} INFO - Setting next_dagrun for dataset_alias_example_alias_consumer to None, run_after=None
[2024-11-28T13:45:53.875-0600] {logging_mixin.py:190} INFO - [2024-11-28T13:45:53.875-0600] {dag.py:4180} INFO - Setting next_dagrun for dataset_alias_example_alias_producer to None, run_after=None
[2024-11-28T13:45:53.875-0600] {logging_mixin.py:190} INFO - [2024-11-28T13:45:53.875-0600] {dag.py:4180} INFO - Setting next_dagrun for dataset_s3_bucket_consumer to None, run_after=None
[2024-11-28T13:45:53.876-0600] {logging_mixin.py:190} INFO - [2024-11-28T13:45:53.876-0600] {dag.py:4180} INFO - Setting next_dagrun for dataset_s3_bucket_producer to None, run_after=None
[2024-11-28T13:45:53.894-0600] {processor.py:208} INFO - Processing /root/airflow_env/lib/python3.12/site-packages/airflow/example_dags/example_dataset_alias.py took 0.069 seconds
[2024-11-28T13:46:46.424-0600] {processor.py:186} INFO - Started process (PID=3784) to work on /root/airflow_env/lib/python3.12/site-packages/airflow/example_dags/example_dataset_alias.py
[2024-11-28T13:46:46.426-0600] {processor.py:914} INFO - Processing file /root/airflow_env/lib/python3.12/site-packages/airflow/example_dags/example_dataset_alias.py for tasks to queue
[2024-11-28T13:46:46.428-0600] {logging_mixin.py:190} INFO - [2024-11-28T13:46:46.428-0600] {dagbag.py:588} INFO - Filling up the DagBag from /root/airflow_env/lib/python3.12/site-packages/airflow/example_dags/example_dataset_alias.py
[2024-11-28T13:46:46.443-0600] {processor.py:925} INFO - DAG(s) 'dataset_s3_bucket_producer', 'dataset_s3_bucket_consumer', 'dataset_alias_example_alias_producer', 'dataset_alias_example_alias_consumer' retrieved from /root/airflow_env/lib/python3.12/site-packages/airflow/example_dags/example_dataset_alias.py
[2024-11-28T13:46:46.457-0600] {logging_mixin.py:190} INFO - [2024-11-28T13:46:46.457-0600] {dag.py:3239} INFO - Sync 4 DAGs
[2024-11-28T13:46:46.470-0600] {logging_mixin.py:190} INFO - [2024-11-28T13:46:46.470-0600] {dag.py:4180} INFO - Setting next_dagrun for dataset_alias_example_alias_consumer to None, run_after=None
[2024-11-28T13:46:46.472-0600] {logging_mixin.py:190} INFO - [2024-11-28T13:46:46.472-0600] {dag.py:4180} INFO - Setting next_dagrun for dataset_alias_example_alias_producer to None, run_after=None
[2024-11-28T13:46:46.472-0600] {logging_mixin.py:190} INFO - [2024-11-28T13:46:46.472-0600] {dag.py:4180} INFO - Setting next_dagrun for dataset_s3_bucket_consumer to None, run_after=None
[2024-11-28T13:46:46.473-0600] {logging_mixin.py:190} INFO - [2024-11-28T13:46:46.473-0600] {dag.py:4180} INFO - Setting next_dagrun for dataset_s3_bucket_producer to None, run_after=None
[2024-11-28T13:46:46.491-0600] {processor.py:208} INFO - Processing /root/airflow_env/lib/python3.12/site-packages/airflow/example_dags/example_dataset_alias.py took 0.070 seconds
[2024-11-28T13:47:39.495-0600] {processor.py:186} INFO - Started process (PID=3851) to work on /root/airflow_env/lib/python3.12/site-packages/airflow/example_dags/example_dataset_alias.py
[2024-11-28T13:47:39.498-0600] {processor.py:914} INFO - Processing file /root/airflow_env/lib/python3.12/site-packages/airflow/example_dags/example_dataset_alias.py for tasks to queue
[2024-11-28T13:47:39.501-0600] {logging_mixin.py:190} INFO - [2024-11-28T13:47:39.500-0600] {dagbag.py:588} INFO - Filling up the DagBag from /root/airflow_env/lib/python3.12/site-packages/airflow/example_dags/example_dataset_alias.py
[2024-11-28T13:47:39.525-0600] {processor.py:925} INFO - DAG(s) 'dataset_s3_bucket_producer', 'dataset_s3_bucket_consumer', 'dataset_alias_example_alias_producer', 'dataset_alias_example_alias_consumer' retrieved from /root/airflow_env/lib/python3.12/site-packages/airflow/example_dags/example_dataset_alias.py
[2024-11-28T13:47:39.538-0600] {logging_mixin.py:190} INFO - [2024-11-28T13:47:39.538-0600] {dag.py:3239} INFO - Sync 4 DAGs
[2024-11-28T13:47:39.551-0600] {logging_mixin.py:190} INFO - [2024-11-28T13:47:39.551-0600] {dag.py:4180} INFO - Setting next_dagrun for dataset_alias_example_alias_consumer to None, run_after=None
[2024-11-28T13:47:39.553-0600] {logging_mixin.py:190} INFO - [2024-11-28T13:47:39.552-0600] {dag.py:4180} INFO - Setting next_dagrun for dataset_alias_example_alias_producer to None, run_after=None
[2024-11-28T13:47:39.553-0600] {logging_mixin.py:190} INFO - [2024-11-28T13:47:39.553-0600] {dag.py:4180} INFO - Setting next_dagrun for dataset_s3_bucket_consumer to None, run_after=None
[2024-11-28T13:47:39.554-0600] {logging_mixin.py:190} INFO - [2024-11-28T13:47:39.554-0600] {dag.py:4180} INFO - Setting next_dagrun for dataset_s3_bucket_producer to None, run_after=None
[2024-11-28T13:47:39.573-0600] {processor.py:208} INFO - Processing /root/airflow_env/lib/python3.12/site-packages/airflow/example_dags/example_dataset_alias.py took 0.083 seconds
