[2024-11-28T13:07:58.932-0600] {processor.py:186} INFO - Started process (PID=3224) to work on /root/airflow_env/lib/python3.12/site-packages/airflow/example_dags/example_kubernetes_executor.py
[2024-11-28T13:07:58.933-0600] {processor.py:914} INFO - Processing file /root/airflow_env/lib/python3.12/site-packages/airflow/example_dags/example_kubernetes_executor.py for tasks to queue
[2024-11-28T13:07:58.934-0600] {logging_mixin.py:190} INFO - [2024-11-28T13:07:58.934-0600] {dagbag.py:588} INFO - Filling up the DagBag from /root/airflow_env/lib/python3.12/site-packages/airflow/example_dags/example_kubernetes_executor.py
[2024-11-28T13:07:58.936-0600] {logging_mixin.py:190} INFO - [2024-11-28T13:07:58.936-0600] {example_kubernetes_executor.py:39} WARNING - The example_kubernetes_executor example DAG requires the kubernetes provider. Please install it with: pip install apache-airflow[cncf.kubernetes]
[2024-11-28T13:07:58.936-0600] {processor.py:927} WARNING - No viable dags retrieved from /root/airflow_env/lib/python3.12/site-packages/airflow/example_dags/example_kubernetes_executor.py
[2024-11-28T13:07:58.942-0600] {processor.py:208} INFO - Processing /root/airflow_env/lib/python3.12/site-packages/airflow/example_dags/example_kubernetes_executor.py took 0.014 seconds
[2024-11-28T13:08:56.409-0600] {processor.py:186} INFO - Started process (PID=3288) to work on /root/airflow_env/lib/python3.12/site-packages/airflow/example_dags/example_kubernetes_executor.py
[2024-11-28T13:08:56.412-0600] {processor.py:914} INFO - Processing file /root/airflow_env/lib/python3.12/site-packages/airflow/example_dags/example_kubernetes_executor.py for tasks to queue
[2024-11-28T13:08:56.413-0600] {logging_mixin.py:190} INFO - [2024-11-28T13:08:56.413-0600] {dagbag.py:588} INFO - Filling up the DagBag from /root/airflow_env/lib/python3.12/site-packages/airflow/example_dags/example_kubernetes_executor.py
[2024-11-28T13:08:56.415-0600] {logging_mixin.py:190} INFO - [2024-11-28T13:08:56.415-0600] {example_kubernetes_executor.py:39} WARNING - The example_kubernetes_executor example DAG requires the kubernetes provider. Please install it with: pip install apache-airflow[cncf.kubernetes]
[2024-11-28T13:08:56.415-0600] {processor.py:927} WARNING - No viable dags retrieved from /root/airflow_env/lib/python3.12/site-packages/airflow/example_dags/example_kubernetes_executor.py
[2024-11-28T13:08:56.425-0600] {processor.py:208} INFO - Processing /root/airflow_env/lib/python3.12/site-packages/airflow/example_dags/example_kubernetes_executor.py took 0.020 seconds
[2024-11-28T13:09:52.355-0600] {processor.py:186} INFO - Started process (PID=3350) to work on /root/airflow_env/lib/python3.12/site-packages/airflow/example_dags/example_kubernetes_executor.py
[2024-11-28T13:09:52.357-0600] {processor.py:914} INFO - Processing file /root/airflow_env/lib/python3.12/site-packages/airflow/example_dags/example_kubernetes_executor.py for tasks to queue
[2024-11-28T13:09:52.358-0600] {logging_mixin.py:190} INFO - [2024-11-28T13:09:52.358-0600] {dagbag.py:588} INFO - Filling up the DagBag from /root/airflow_env/lib/python3.12/site-packages/airflow/example_dags/example_kubernetes_executor.py
[2024-11-28T13:09:52.360-0600] {logging_mixin.py:190} INFO - [2024-11-28T13:09:52.360-0600] {example_kubernetes_executor.py:39} WARNING - The example_kubernetes_executor example DAG requires the kubernetes provider. Please install it with: pip install apache-airflow[cncf.kubernetes]
[2024-11-28T13:09:52.360-0600] {processor.py:927} WARNING - No viable dags retrieved from /root/airflow_env/lib/python3.12/site-packages/airflow/example_dags/example_kubernetes_executor.py
[2024-11-28T13:09:52.369-0600] {processor.py:208} INFO - Processing /root/airflow_env/lib/python3.12/site-packages/airflow/example_dags/example_kubernetes_executor.py took 0.017 seconds
[2024-11-28T13:45:18.976-0600] {processor.py:186} INFO - Started process (PID=3682) to work on /root/airflow_env/lib/python3.12/site-packages/airflow/example_dags/example_kubernetes_executor.py
[2024-11-28T13:45:18.979-0600] {processor.py:914} INFO - Processing file /root/airflow_env/lib/python3.12/site-packages/airflow/example_dags/example_kubernetes_executor.py for tasks to queue
[2024-11-28T13:45:18.980-0600] {logging_mixin.py:190} INFO - [2024-11-28T13:45:18.980-0600] {dagbag.py:588} INFO - Filling up the DagBag from /root/airflow_env/lib/python3.12/site-packages/airflow/example_dags/example_kubernetes_executor.py
[2024-11-28T13:45:18.982-0600] {logging_mixin.py:190} INFO - [2024-11-28T13:45:18.982-0600] {example_kubernetes_executor.py:39} WARNING - The example_kubernetes_executor example DAG requires the kubernetes provider. Please install it with: pip install apache-airflow[cncf.kubernetes]
[2024-11-28T13:45:18.982-0600] {processor.py:927} WARNING - No viable dags retrieved from /root/airflow_env/lib/python3.12/site-packages/airflow/example_dags/example_kubernetes_executor.py
[2024-11-28T13:45:18.989-0600] {processor.py:208} INFO - Processing /root/airflow_env/lib/python3.12/site-packages/airflow/example_dags/example_kubernetes_executor.py took 0.017 seconds
[2024-11-28T13:46:15.558-0600] {processor.py:186} INFO - Started process (PID=3749) to work on /root/airflow_env/lib/python3.12/site-packages/airflow/example_dags/example_kubernetes_executor.py
[2024-11-28T13:46:15.560-0600] {processor.py:914} INFO - Processing file /root/airflow_env/lib/python3.12/site-packages/airflow/example_dags/example_kubernetes_executor.py for tasks to queue
[2024-11-28T13:46:15.561-0600] {logging_mixin.py:190} INFO - [2024-11-28T13:46:15.561-0600] {dagbag.py:588} INFO - Filling up the DagBag from /root/airflow_env/lib/python3.12/site-packages/airflow/example_dags/example_kubernetes_executor.py
[2024-11-28T13:46:15.563-0600] {logging_mixin.py:190} INFO - [2024-11-28T13:46:15.563-0600] {example_kubernetes_executor.py:39} WARNING - The example_kubernetes_executor example DAG requires the kubernetes provider. Please install it with: pip install apache-airflow[cncf.kubernetes]
[2024-11-28T13:46:15.563-0600] {processor.py:927} WARNING - No viable dags retrieved from /root/airflow_env/lib/python3.12/site-packages/airflow/example_dags/example_kubernetes_executor.py
[2024-11-28T13:46:15.571-0600] {processor.py:208} INFO - Processing /root/airflow_env/lib/python3.12/site-packages/airflow/example_dags/example_kubernetes_executor.py took 0.017 seconds
[2024-11-28T13:47:11.600-0600] {processor.py:186} INFO - Started process (PID=3821) to work on /root/airflow_env/lib/python3.12/site-packages/airflow/example_dags/example_kubernetes_executor.py
[2024-11-28T13:47:11.602-0600] {processor.py:914} INFO - Processing file /root/airflow_env/lib/python3.12/site-packages/airflow/example_dags/example_kubernetes_executor.py for tasks to queue
[2024-11-28T13:47:11.604-0600] {logging_mixin.py:190} INFO - [2024-11-28T13:47:11.604-0600] {dagbag.py:588} INFO - Filling up the DagBag from /root/airflow_env/lib/python3.12/site-packages/airflow/example_dags/example_kubernetes_executor.py
[2024-11-28T13:47:11.606-0600] {logging_mixin.py:190} INFO - [2024-11-28T13:47:11.606-0600] {example_kubernetes_executor.py:39} WARNING - The example_kubernetes_executor example DAG requires the kubernetes provider. Please install it with: pip install apache-airflow[cncf.kubernetes]
[2024-11-28T13:47:11.606-0600] {processor.py:927} WARNING - No viable dags retrieved from /root/airflow_env/lib/python3.12/site-packages/airflow/example_dags/example_kubernetes_executor.py
[2024-11-28T13:47:11.613-0600] {processor.py:208} INFO - Processing /root/airflow_env/lib/python3.12/site-packages/airflow/example_dags/example_kubernetes_executor.py took 0.017 seconds
