[2024-11-28T13:07:40.916-0600] {processor.py:186} INFO - Started process (PID=3194) to work on /root/airflow_env/lib/python3.12/site-packages/airflow/example_dags/example_short_circuit_operator.py
[2024-11-28T13:07:40.917-0600] {processor.py:914} INFO - Processing file /root/airflow_env/lib/python3.12/site-packages/airflow/example_dags/example_short_circuit_operator.py for tasks to queue
[2024-11-28T13:07:40.919-0600] {logging_mixin.py:190} INFO - [2024-11-28T13:07:40.919-0600] {dagbag.py:588} INFO - Filling up the DagBag from /root/airflow_env/lib/python3.12/site-packages/airflow/example_dags/example_short_circuit_operator.py
[2024-11-28T13:07:40.926-0600] {processor.py:925} INFO - DAG(s) 'example_short_circuit_operator' retrieved from /root/airflow_env/lib/python3.12/site-packages/airflow/example_dags/example_short_circuit_operator.py
[2024-11-28T13:07:41.023-0600] {logging_mixin.py:190} INFO - [2024-11-28T13:07:41.023-0600] {override.py:1911} INFO - Created Permission View: can edit on DAG:example_short_circuit_operator
[2024-11-28T13:07:41.054-0600] {logging_mixin.py:190} INFO - [2024-11-28T13:07:41.054-0600] {override.py:1911} INFO - Created Permission View: can delete on DAG:example_short_circuit_operator
[2024-11-28T13:07:41.063-0600] {logging_mixin.py:190} INFO - [2024-11-28T13:07:41.063-0600] {override.py:1911} INFO - Created Permission View: can read on DAG:example_short_circuit_operator
[2024-11-28T13:07:41.073-0600] {logging_mixin.py:190} INFO - [2024-11-28T13:07:41.073-0600] {override.py:1911} INFO - Created Permission View: can delete on DAG Run:example_short_circuit_operator
[2024-11-28T13:07:41.079-0600] {logging_mixin.py:190} INFO - [2024-11-28T13:07:41.079-0600] {override.py:1911} INFO - Created Permission View: can create on DAG Run:example_short_circuit_operator
[2024-11-28T13:07:41.090-0600] {logging_mixin.py:190} INFO - [2024-11-28T13:07:41.090-0600] {override.py:1911} INFO - Created Permission View: can read on DAG Run:example_short_circuit_operator
[2024-11-28T13:07:41.096-0600] {logging_mixin.py:190} INFO - [2024-11-28T13:07:41.096-0600] {override.py:1911} INFO - Created Permission View: menu access on DAG Run:example_short_circuit_operator
[2024-11-28T13:07:41.096-0600] {logging_mixin.py:190} INFO - [2024-11-28T13:07:41.096-0600] {dag.py:3239} INFO - Sync 1 DAGs
[2024-11-28T13:07:41.104-0600] {logging_mixin.py:190} INFO - [2024-11-28T13:07:41.104-0600] {dag.py:3262} INFO - Creating ORM DAG for example_short_circuit_operator
[2024-11-28T13:07:41.104-0600] {logging_mixin.py:190} INFO - [2024-11-28T13:07:41.104-0600] {dag.py:4180} INFO - Setting next_dagrun for example_short_circuit_operator to None, run_after=None
[2024-11-28T13:07:41.127-0600] {processor.py:208} INFO - Processing /root/airflow_env/lib/python3.12/site-packages/airflow/example_dags/example_short_circuit_operator.py took 0.216 seconds
[2024-11-28T13:08:40.979-0600] {processor.py:186} INFO - Started process (PID=3272) to work on /root/airflow_env/lib/python3.12/site-packages/airflow/example_dags/example_short_circuit_operator.py
[2024-11-28T13:08:40.982-0600] {processor.py:914} INFO - Processing file /root/airflow_env/lib/python3.12/site-packages/airflow/example_dags/example_short_circuit_operator.py for tasks to queue
[2024-11-28T13:08:40.983-0600] {logging_mixin.py:190} INFO - [2024-11-28T13:08:40.983-0600] {dagbag.py:588} INFO - Filling up the DagBag from /root/airflow_env/lib/python3.12/site-packages/airflow/example_dags/example_short_circuit_operator.py
[2024-11-28T13:08:40.989-0600] {processor.py:925} INFO - DAG(s) 'example_short_circuit_operator' retrieved from /root/airflow_env/lib/python3.12/site-packages/airflow/example_dags/example_short_circuit_operator.py
[2024-11-28T13:08:41.000-0600] {logging_mixin.py:190} INFO - [2024-11-28T13:08:41.000-0600] {dag.py:3239} INFO - Sync 1 DAGs
[2024-11-28T13:08:41.008-0600] {logging_mixin.py:190} INFO - [2024-11-28T13:08:41.007-0600] {dag.py:4180} INFO - Setting next_dagrun for example_short_circuit_operator to None, run_after=None
[2024-11-28T13:08:41.025-0600] {processor.py:208} INFO - Processing /root/airflow_env/lib/python3.12/site-packages/airflow/example_dags/example_short_circuit_operator.py took 0.049 seconds
[2024-11-28T13:09:36.143-0600] {processor.py:186} INFO - Started process (PID=3333) to work on /root/airflow_env/lib/python3.12/site-packages/airflow/example_dags/example_short_circuit_operator.py
[2024-11-28T13:09:36.144-0600] {processor.py:914} INFO - Processing file /root/airflow_env/lib/python3.12/site-packages/airflow/example_dags/example_short_circuit_operator.py for tasks to queue
[2024-11-28T13:09:36.146-0600] {logging_mixin.py:190} INFO - [2024-11-28T13:09:36.145-0600] {dagbag.py:588} INFO - Filling up the DagBag from /root/airflow_env/lib/python3.12/site-packages/airflow/example_dags/example_short_circuit_operator.py
[2024-11-28T13:09:36.156-0600] {processor.py:925} INFO - DAG(s) 'example_short_circuit_operator' retrieved from /root/airflow_env/lib/python3.12/site-packages/airflow/example_dags/example_short_circuit_operator.py
[2024-11-28T13:09:36.176-0600] {logging_mixin.py:190} INFO - [2024-11-28T13:09:36.175-0600] {dag.py:3239} INFO - Sync 1 DAGs
[2024-11-28T13:09:36.190-0600] {logging_mixin.py:190} INFO - [2024-11-28T13:09:36.190-0600] {dag.py:4180} INFO - Setting next_dagrun for example_short_circuit_operator to None, run_after=None
[2024-11-28T13:09:36.212-0600] {processor.py:208} INFO - Processing /root/airflow_env/lib/python3.12/site-packages/airflow/example_dags/example_short_circuit_operator.py took 0.074 seconds
[2024-11-28T13:45:03.832-0600] {processor.py:186} INFO - Started process (PID=3663) to work on /root/airflow_env/lib/python3.12/site-packages/airflow/example_dags/example_short_circuit_operator.py
[2024-11-28T13:45:03.835-0600] {processor.py:914} INFO - Processing file /root/airflow_env/lib/python3.12/site-packages/airflow/example_dags/example_short_circuit_operator.py for tasks to queue
[2024-11-28T13:45:03.837-0600] {logging_mixin.py:190} INFO - [2024-11-28T13:45:03.837-0600] {dagbag.py:588} INFO - Filling up the DagBag from /root/airflow_env/lib/python3.12/site-packages/airflow/example_dags/example_short_circuit_operator.py
[2024-11-28T13:45:03.843-0600] {processor.py:925} INFO - DAG(s) 'example_short_circuit_operator' retrieved from /root/airflow_env/lib/python3.12/site-packages/airflow/example_dags/example_short_circuit_operator.py
[2024-11-28T13:45:03.866-0600] {logging_mixin.py:190} INFO - [2024-11-28T13:45:03.866-0600] {dag.py:3239} INFO - Sync 1 DAGs
[2024-11-28T13:45:03.875-0600] {logging_mixin.py:190} INFO - [2024-11-28T13:45:03.875-0600] {dag.py:4180} INFO - Setting next_dagrun for example_short_circuit_operator to None, run_after=None
[2024-11-28T13:45:03.894-0600] {processor.py:208} INFO - Processing /root/airflow_env/lib/python3.12/site-packages/airflow/example_dags/example_short_circuit_operator.py took 0.067 seconds
[2024-11-28T13:46:00.687-0600] {processor.py:186} INFO - Started process (PID=3733) to work on /root/airflow_env/lib/python3.12/site-packages/airflow/example_dags/example_short_circuit_operator.py
[2024-11-28T13:46:00.689-0600] {processor.py:914} INFO - Processing file /root/airflow_env/lib/python3.12/site-packages/airflow/example_dags/example_short_circuit_operator.py for tasks to queue
[2024-11-28T13:46:00.690-0600] {logging_mixin.py:190} INFO - [2024-11-28T13:46:00.690-0600] {dagbag.py:588} INFO - Filling up the DagBag from /root/airflow_env/lib/python3.12/site-packages/airflow/example_dags/example_short_circuit_operator.py
[2024-11-28T13:46:00.697-0600] {processor.py:925} INFO - DAG(s) 'example_short_circuit_operator' retrieved from /root/airflow_env/lib/python3.12/site-packages/airflow/example_dags/example_short_circuit_operator.py
[2024-11-28T13:46:00.709-0600] {logging_mixin.py:190} INFO - [2024-11-28T13:46:00.709-0600] {dag.py:3239} INFO - Sync 1 DAGs
[2024-11-28T13:46:00.717-0600] {logging_mixin.py:190} INFO - [2024-11-28T13:46:00.717-0600] {dag.py:4180} INFO - Setting next_dagrun for example_short_circuit_operator to None, run_after=None
[2024-11-28T13:46:00.733-0600] {processor.py:208} INFO - Processing /root/airflow_env/lib/python3.12/site-packages/airflow/example_dags/example_short_circuit_operator.py took 0.049 seconds
[2024-11-28T13:46:53.308-0600] {processor.py:186} INFO - Started process (PID=3794) to work on /root/airflow_env/lib/python3.12/site-packages/airflow/example_dags/example_short_circuit_operator.py
[2024-11-28T13:46:53.311-0600] {processor.py:914} INFO - Processing file /root/airflow_env/lib/python3.12/site-packages/airflow/example_dags/example_short_circuit_operator.py for tasks to queue
[2024-11-28T13:46:53.312-0600] {logging_mixin.py:190} INFO - [2024-11-28T13:46:53.312-0600] {dagbag.py:588} INFO - Filling up the DagBag from /root/airflow_env/lib/python3.12/site-packages/airflow/example_dags/example_short_circuit_operator.py
[2024-11-28T13:46:53.319-0600] {processor.py:925} INFO - DAG(s) 'example_short_circuit_operator' retrieved from /root/airflow_env/lib/python3.12/site-packages/airflow/example_dags/example_short_circuit_operator.py
[2024-11-28T13:46:53.332-0600] {logging_mixin.py:190} INFO - [2024-11-28T13:46:53.331-0600] {dag.py:3239} INFO - Sync 1 DAGs
[2024-11-28T13:46:53.343-0600] {logging_mixin.py:190} INFO - [2024-11-28T13:46:53.342-0600] {dag.py:4180} INFO - Setting next_dagrun for example_short_circuit_operator to None, run_after=None
[2024-11-28T13:46:53.359-0600] {processor.py:208} INFO - Processing /root/airflow_env/lib/python3.12/site-packages/airflow/example_dags/example_short_circuit_operator.py took 0.055 seconds
[2024-11-28T13:47:46.897-0600] {processor.py:186} INFO - Started process (PID=3859) to work on /root/airflow_env/lib/python3.12/site-packages/airflow/example_dags/example_short_circuit_operator.py
[2024-11-28T13:47:46.899-0600] {processor.py:914} INFO - Processing file /root/airflow_env/lib/python3.12/site-packages/airflow/example_dags/example_short_circuit_operator.py for tasks to queue
[2024-11-28T13:47:46.900-0600] {logging_mixin.py:190} INFO - [2024-11-28T13:47:46.900-0600] {dagbag.py:588} INFO - Filling up the DagBag from /root/airflow_env/lib/python3.12/site-packages/airflow/example_dags/example_short_circuit_operator.py
[2024-11-28T13:47:46.906-0600] {processor.py:925} INFO - DAG(s) 'example_short_circuit_operator' retrieved from /root/airflow_env/lib/python3.12/site-packages/airflow/example_dags/example_short_circuit_operator.py
[2024-11-28T13:47:46.918-0600] {logging_mixin.py:190} INFO - [2024-11-28T13:47:46.918-0600] {dag.py:3239} INFO - Sync 1 DAGs
[2024-11-28T13:47:46.926-0600] {logging_mixin.py:190} INFO - [2024-11-28T13:47:46.925-0600] {dag.py:4180} INFO - Setting next_dagrun for example_short_circuit_operator to None, run_after=None
[2024-11-28T13:47:46.942-0600] {processor.py:208} INFO - Processing /root/airflow_env/lib/python3.12/site-packages/airflow/example_dags/example_short_circuit_operator.py took 0.050 seconds
