[2024-11-28T13:07:42.306-0600] {processor.py:186} INFO - Started process (PID=3202) to work on /root/airflow_env/lib/python3.12/site-packages/airflow/example_dags/example_datasets.py
[2024-11-28T13:07:42.306-0600] {processor.py:914} INFO - Processing file /root/airflow_env/lib/python3.12/site-packages/airflow/example_dags/example_datasets.py for tasks to queue
[2024-11-28T13:07:42.308-0600] {logging_mixin.py:190} INFO - [2024-11-28T13:07:42.308-0600] {dagbag.py:588} INFO - Filling up the DagBag from /root/airflow_env/lib/python3.12/site-packages/airflow/example_dags/example_datasets.py
[2024-11-28T13:07:42.322-0600] {processor.py:925} INFO - DAG(s) 'conditional_dataset_and_time_based_timetable', 'dataset_consumes_1_never_scheduled', 'consume_1_or_both_2_and_3_with_dataset_expressions', 'dataset_consumes_1_and_2', 'consume_1_and_2_with_dataset_expressions', 'dataset_consumes_unknown_never_scheduled', 'dataset_consumes_1', 'dataset_produces_1', 'dataset_produces_2', 'consume_1_or_2_with_dataset_expressions' retrieved from /root/airflow_env/lib/python3.12/site-packages/airflow/example_dags/example_datasets.py
[2024-11-28T13:07:42.417-0600] {logging_mixin.py:190} INFO - [2024-11-28T13:07:42.417-0600] {override.py:1911} INFO - Created Permission View: can edit on DAG:conditional_dataset_and_time_based_timetable
[2024-11-28T13:07:42.427-0600] {logging_mixin.py:190} INFO - [2024-11-28T13:07:42.427-0600] {override.py:1911} INFO - Created Permission View: can delete on DAG:conditional_dataset_and_time_based_timetable
[2024-11-28T13:07:42.435-0600] {logging_mixin.py:190} INFO - [2024-11-28T13:07:42.435-0600] {override.py:1911} INFO - Created Permission View: can read on DAG:conditional_dataset_and_time_based_timetable
[2024-11-28T13:07:42.448-0600] {logging_mixin.py:190} INFO - [2024-11-28T13:07:42.448-0600] {override.py:1911} INFO - Created Permission View: can delete on DAG Run:conditional_dataset_and_time_based_timetable
[2024-11-28T13:07:42.456-0600] {logging_mixin.py:190} INFO - [2024-11-28T13:07:42.456-0600] {override.py:1911} INFO - Created Permission View: can create on DAG Run:conditional_dataset_and_time_based_timetable
[2024-11-28T13:07:42.464-0600] {logging_mixin.py:190} INFO - [2024-11-28T13:07:42.464-0600] {override.py:1911} INFO - Created Permission View: can read on DAG Run:conditional_dataset_and_time_based_timetable
[2024-11-28T13:07:42.472-0600] {logging_mixin.py:190} INFO - [2024-11-28T13:07:42.472-0600] {override.py:1911} INFO - Created Permission View: menu access on DAG Run:conditional_dataset_and_time_based_timetable
[2024-11-28T13:07:42.490-0600] {logging_mixin.py:190} INFO - [2024-11-28T13:07:42.490-0600] {override.py:1911} INFO - Created Permission View: can edit on DAG:dataset_consumes_1_never_scheduled
[2024-11-28T13:07:42.497-0600] {logging_mixin.py:190} INFO - [2024-11-28T13:07:42.497-0600] {override.py:1911} INFO - Created Permission View: can delete on DAG:dataset_consumes_1_never_scheduled
[2024-11-28T13:07:42.504-0600] {logging_mixin.py:190} INFO - [2024-11-28T13:07:42.504-0600] {override.py:1911} INFO - Created Permission View: can read on DAG:dataset_consumes_1_never_scheduled
[2024-11-28T13:07:42.515-0600] {logging_mixin.py:190} INFO - [2024-11-28T13:07:42.514-0600] {override.py:1911} INFO - Created Permission View: can delete on DAG Run:dataset_consumes_1_never_scheduled
[2024-11-28T13:07:42.521-0600] {logging_mixin.py:190} INFO - [2024-11-28T13:07:42.521-0600] {override.py:1911} INFO - Created Permission View: can create on DAG Run:dataset_consumes_1_never_scheduled
[2024-11-28T13:07:42.527-0600] {logging_mixin.py:190} INFO - [2024-11-28T13:07:42.527-0600] {override.py:1911} INFO - Created Permission View: can read on DAG Run:dataset_consumes_1_never_scheduled
[2024-11-28T13:07:42.534-0600] {logging_mixin.py:190} INFO - [2024-11-28T13:07:42.533-0600] {override.py:1911} INFO - Created Permission View: menu access on DAG Run:dataset_consumes_1_never_scheduled
[2024-11-28T13:07:42.551-0600] {logging_mixin.py:190} INFO - [2024-11-28T13:07:42.551-0600] {override.py:1911} INFO - Created Permission View: can edit on DAG:consume_1_or_both_2_and_3_with_dataset_expressions
[2024-11-28T13:07:42.558-0600] {logging_mixin.py:190} INFO - [2024-11-28T13:07:42.558-0600] {override.py:1911} INFO - Created Permission View: can delete on DAG:consume_1_or_both_2_and_3_with_dataset_expressions
[2024-11-28T13:07:42.564-0600] {logging_mixin.py:190} INFO - [2024-11-28T13:07:42.564-0600] {override.py:1911} INFO - Created Permission View: can read on DAG:consume_1_or_both_2_and_3_with_dataset_expressions
[2024-11-28T13:07:42.573-0600] {logging_mixin.py:190} INFO - [2024-11-28T13:07:42.573-0600] {override.py:1911} INFO - Created Permission View: can delete on DAG Run:consume_1_or_both_2_and_3_with_dataset_expressions
[2024-11-28T13:07:42.580-0600] {logging_mixin.py:190} INFO - [2024-11-28T13:07:42.579-0600] {override.py:1911} INFO - Created Permission View: can create on DAG Run:consume_1_or_both_2_and_3_with_dataset_expressions
[2024-11-28T13:07:42.586-0600] {logging_mixin.py:190} INFO - [2024-11-28T13:07:42.585-0600] {override.py:1911} INFO - Created Permission View: can read on DAG Run:consume_1_or_both_2_and_3_with_dataset_expressions
[2024-11-28T13:07:42.592-0600] {logging_mixin.py:190} INFO - [2024-11-28T13:07:42.591-0600] {override.py:1911} INFO - Created Permission View: menu access on DAG Run:consume_1_or_both_2_and_3_with_dataset_expressions
[2024-11-28T13:07:42.604-0600] {logging_mixin.py:190} INFO - [2024-11-28T13:07:42.604-0600] {override.py:1911} INFO - Created Permission View: can edit on DAG:dataset_consumes_1_and_2
[2024-11-28T13:07:42.610-0600] {logging_mixin.py:190} INFO - [2024-11-28T13:07:42.610-0600] {override.py:1911} INFO - Created Permission View: can delete on DAG:dataset_consumes_1_and_2
[2024-11-28T13:07:42.616-0600] {logging_mixin.py:190} INFO - [2024-11-28T13:07:42.616-0600] {override.py:1911} INFO - Created Permission View: can read on DAG:dataset_consumes_1_and_2
[2024-11-28T13:07:42.625-0600] {logging_mixin.py:190} INFO - [2024-11-28T13:07:42.625-0600] {override.py:1911} INFO - Created Permission View: can delete on DAG Run:dataset_consumes_1_and_2
[2024-11-28T13:07:42.631-0600] {logging_mixin.py:190} INFO - [2024-11-28T13:07:42.631-0600] {override.py:1911} INFO - Created Permission View: can create on DAG Run:dataset_consumes_1_and_2
[2024-11-28T13:07:42.637-0600] {logging_mixin.py:190} INFO - [2024-11-28T13:07:42.637-0600] {override.py:1911} INFO - Created Permission View: can read on DAG Run:dataset_consumes_1_and_2
[2024-11-28T13:07:42.643-0600] {logging_mixin.py:190} INFO - [2024-11-28T13:07:42.642-0600] {override.py:1911} INFO - Created Permission View: menu access on DAG Run:dataset_consumes_1_and_2
[2024-11-28T13:07:42.655-0600] {logging_mixin.py:190} INFO - [2024-11-28T13:07:42.655-0600] {override.py:1911} INFO - Created Permission View: can edit on DAG:consume_1_and_2_with_dataset_expressions
[2024-11-28T13:07:42.661-0600] {logging_mixin.py:190} INFO - [2024-11-28T13:07:42.660-0600] {override.py:1911} INFO - Created Permission View: can delete on DAG:consume_1_and_2_with_dataset_expressions
[2024-11-28T13:07:42.666-0600] {logging_mixin.py:190} INFO - [2024-11-28T13:07:42.666-0600] {override.py:1911} INFO - Created Permission View: can read on DAG:consume_1_and_2_with_dataset_expressions
[2024-11-28T13:07:42.675-0600] {logging_mixin.py:190} INFO - [2024-11-28T13:07:42.675-0600] {override.py:1911} INFO - Created Permission View: can delete on DAG Run:consume_1_and_2_with_dataset_expressions
[2024-11-28T13:07:42.680-0600] {logging_mixin.py:190} INFO - [2024-11-28T13:07:42.680-0600] {override.py:1911} INFO - Created Permission View: can create on DAG Run:consume_1_and_2_with_dataset_expressions
[2024-11-28T13:07:42.686-0600] {logging_mixin.py:190} INFO - [2024-11-28T13:07:42.686-0600] {override.py:1911} INFO - Created Permission View: can read on DAG Run:consume_1_and_2_with_dataset_expressions
[2024-11-28T13:07:42.691-0600] {logging_mixin.py:190} INFO - [2024-11-28T13:07:42.691-0600] {override.py:1911} INFO - Created Permission View: menu access on DAG Run:consume_1_and_2_with_dataset_expressions
[2024-11-28T13:07:42.703-0600] {logging_mixin.py:190} INFO - [2024-11-28T13:07:42.703-0600] {override.py:1911} INFO - Created Permission View: can edit on DAG:dataset_consumes_unknown_never_scheduled
[2024-11-28T13:07:42.709-0600] {logging_mixin.py:190} INFO - [2024-11-28T13:07:42.709-0600] {override.py:1911} INFO - Created Permission View: can delete on DAG:dataset_consumes_unknown_never_scheduled
[2024-11-28T13:07:42.714-0600] {logging_mixin.py:190} INFO - [2024-11-28T13:07:42.714-0600] {override.py:1911} INFO - Created Permission View: can read on DAG:dataset_consumes_unknown_never_scheduled
[2024-11-28T13:07:42.723-0600] {logging_mixin.py:190} INFO - [2024-11-28T13:07:42.722-0600] {override.py:1911} INFO - Created Permission View: can delete on DAG Run:dataset_consumes_unknown_never_scheduled
[2024-11-28T13:07:42.728-0600] {logging_mixin.py:190} INFO - [2024-11-28T13:07:42.728-0600] {override.py:1911} INFO - Created Permission View: can create on DAG Run:dataset_consumes_unknown_never_scheduled
[2024-11-28T13:07:42.734-0600] {logging_mixin.py:190} INFO - [2024-11-28T13:07:42.733-0600] {override.py:1911} INFO - Created Permission View: can read on DAG Run:dataset_consumes_unknown_never_scheduled
[2024-11-28T13:07:42.739-0600] {logging_mixin.py:190} INFO - [2024-11-28T13:07:42.739-0600] {override.py:1911} INFO - Created Permission View: menu access on DAG Run:dataset_consumes_unknown_never_scheduled
[2024-11-28T13:07:42.753-0600] {logging_mixin.py:190} INFO - [2024-11-28T13:07:42.753-0600] {override.py:1911} INFO - Created Permission View: can edit on DAG:dataset_consumes_1
[2024-11-28T13:07:42.763-0600] {logging_mixin.py:190} INFO - [2024-11-28T13:07:42.763-0600] {override.py:1911} INFO - Created Permission View: can delete on DAG:dataset_consumes_1
[2024-11-28T13:07:42.772-0600] {logging_mixin.py:190} INFO - [2024-11-28T13:07:42.772-0600] {override.py:1911} INFO - Created Permission View: can read on DAG:dataset_consumes_1
[2024-11-28T13:07:42.782-0600] {logging_mixin.py:190} INFO - [2024-11-28T13:07:42.781-0600] {override.py:1911} INFO - Created Permission View: can delete on DAG Run:dataset_consumes_1
[2024-11-28T13:07:42.791-0600] {logging_mixin.py:190} INFO - [2024-11-28T13:07:42.791-0600] {override.py:1911} INFO - Created Permission View: can create on DAG Run:dataset_consumes_1
[2024-11-28T13:07:42.798-0600] {logging_mixin.py:190} INFO - [2024-11-28T13:07:42.797-0600] {override.py:1911} INFO - Created Permission View: can read on DAG Run:dataset_consumes_1
[2024-11-28T13:07:42.804-0600] {logging_mixin.py:190} INFO - [2024-11-28T13:07:42.803-0600] {override.py:1911} INFO - Created Permission View: menu access on DAG Run:dataset_consumes_1
[2024-11-28T13:07:42.820-0600] {logging_mixin.py:190} INFO - [2024-11-28T13:07:42.819-0600] {override.py:1911} INFO - Created Permission View: can edit on DAG:dataset_produces_1
[2024-11-28T13:07:42.830-0600] {logging_mixin.py:190} INFO - [2024-11-28T13:07:42.829-0600] {override.py:1911} INFO - Created Permission View: can delete on DAG:dataset_produces_1
[2024-11-28T13:07:42.848-0600] {logging_mixin.py:190} INFO - [2024-11-28T13:07:42.848-0600] {override.py:1911} INFO - Created Permission View: can read on DAG:dataset_produces_1
[2024-11-28T13:07:42.861-0600] {logging_mixin.py:190} INFO - [2024-11-28T13:07:42.861-0600] {override.py:1911} INFO - Created Permission View: can delete on DAG Run:dataset_produces_1
[2024-11-28T13:07:42.874-0600] {logging_mixin.py:190} INFO - [2024-11-28T13:07:42.873-0600] {override.py:1911} INFO - Created Permission View: can create on DAG Run:dataset_produces_1
[2024-11-28T13:07:42.884-0600] {logging_mixin.py:190} INFO - [2024-11-28T13:07:42.884-0600] {override.py:1911} INFO - Created Permission View: can read on DAG Run:dataset_produces_1
[2024-11-28T13:07:42.899-0600] {logging_mixin.py:190} INFO - [2024-11-28T13:07:42.898-0600] {override.py:1911} INFO - Created Permission View: menu access on DAG Run:dataset_produces_1
[2024-11-28T13:07:42.921-0600] {logging_mixin.py:190} INFO - [2024-11-28T13:07:42.921-0600] {override.py:1911} INFO - Created Permission View: can edit on DAG:dataset_produces_2
[2024-11-28T13:07:42.935-0600] {logging_mixin.py:190} INFO - [2024-11-28T13:07:42.934-0600] {override.py:1911} INFO - Created Permission View: can delete on DAG:dataset_produces_2
[2024-11-28T13:07:42.944-0600] {logging_mixin.py:190} INFO - [2024-11-28T13:07:42.944-0600] {override.py:1911} INFO - Created Permission View: can read on DAG:dataset_produces_2
[2024-11-28T13:07:42.984-0600] {logging_mixin.py:190} INFO - [2024-11-28T13:07:42.983-0600] {override.py:1911} INFO - Created Permission View: can delete on DAG Run:dataset_produces_2
[2024-11-28T13:07:42.999-0600] {logging_mixin.py:190} INFO - [2024-11-28T13:07:42.999-0600] {override.py:1911} INFO - Created Permission View: can create on DAG Run:dataset_produces_2
[2024-11-28T13:07:43.015-0600] {logging_mixin.py:190} INFO - [2024-11-28T13:07:43.015-0600] {override.py:1911} INFO - Created Permission View: can read on DAG Run:dataset_produces_2
[2024-11-28T13:07:43.047-0600] {logging_mixin.py:190} INFO - [2024-11-28T13:07:43.047-0600] {override.py:1911} INFO - Created Permission View: menu access on DAG Run:dataset_produces_2
[2024-11-28T13:07:43.059-0600] {logging_mixin.py:190} INFO - [2024-11-28T13:07:43.059-0600] {override.py:1911} INFO - Created Permission View: can edit on DAG:consume_1_or_2_with_dataset_expressions
[2024-11-28T13:07:43.065-0600] {logging_mixin.py:190} INFO - [2024-11-28T13:07:43.064-0600] {override.py:1911} INFO - Created Permission View: can delete on DAG:consume_1_or_2_with_dataset_expressions
[2024-11-28T13:07:43.070-0600] {logging_mixin.py:190} INFO - [2024-11-28T13:07:43.070-0600] {override.py:1911} INFO - Created Permission View: can read on DAG:consume_1_or_2_with_dataset_expressions
[2024-11-28T13:07:43.078-0600] {logging_mixin.py:190} INFO - [2024-11-28T13:07:43.078-0600] {override.py:1911} INFO - Created Permission View: can delete on DAG Run:consume_1_or_2_with_dataset_expressions
[2024-11-28T13:07:43.083-0600] {logging_mixin.py:190} INFO - [2024-11-28T13:07:43.083-0600] {override.py:1911} INFO - Created Permission View: can create on DAG Run:consume_1_or_2_with_dataset_expressions
[2024-11-28T13:07:43.088-0600] {logging_mixin.py:190} INFO - [2024-11-28T13:07:43.088-0600] {override.py:1911} INFO - Created Permission View: can read on DAG Run:consume_1_or_2_with_dataset_expressions
[2024-11-28T13:07:43.093-0600] {logging_mixin.py:190} INFO - [2024-11-28T13:07:43.093-0600] {override.py:1911} INFO - Created Permission View: menu access on DAG Run:consume_1_or_2_with_dataset_expressions
[2024-11-28T13:07:43.094-0600] {logging_mixin.py:190} INFO - [2024-11-28T13:07:43.093-0600] {dag.py:3239} INFO - Sync 10 DAGs
[2024-11-28T13:07:43.103-0600] {logging_mixin.py:190} INFO - [2024-11-28T13:07:43.103-0600] {dag.py:3262} INFO - Creating ORM DAG for consume_1_and_2_with_dataset_expressions
[2024-11-28T13:07:43.104-0600] {logging_mixin.py:190} INFO - [2024-11-28T13:07:43.104-0600] {dag.py:3262} INFO - Creating ORM DAG for conditional_dataset_and_time_based_timetable
[2024-11-28T13:07:43.104-0600] {logging_mixin.py:190} INFO - [2024-11-28T13:07:43.104-0600] {dag.py:3262} INFO - Creating ORM DAG for dataset_produces_2
[2024-11-28T13:07:43.105-0600] {logging_mixin.py:190} INFO - [2024-11-28T13:07:43.105-0600] {dag.py:3262} INFO - Creating ORM DAG for dataset_produces_1
[2024-11-28T13:07:43.105-0600] {logging_mixin.py:190} INFO - [2024-11-28T13:07:43.105-0600] {dag.py:3262} INFO - Creating ORM DAG for dataset_consumes_unknown_never_scheduled
[2024-11-28T13:07:43.105-0600] {logging_mixin.py:190} INFO - [2024-11-28T13:07:43.105-0600] {dag.py:3262} INFO - Creating ORM DAG for dataset_consumes_1_and_2
[2024-11-28T13:07:43.106-0600] {logging_mixin.py:190} INFO - [2024-11-28T13:07:43.105-0600] {dag.py:3262} INFO - Creating ORM DAG for consume_1_or_2_with_dataset_expressions
[2024-11-28T13:07:43.106-0600] {logging_mixin.py:190} INFO - [2024-11-28T13:07:43.106-0600] {dag.py:3262} INFO - Creating ORM DAG for dataset_consumes_1
[2024-11-28T13:07:43.106-0600] {logging_mixin.py:190} INFO - [2024-11-28T13:07:43.106-0600] {dag.py:3262} INFO - Creating ORM DAG for consume_1_or_both_2_and_3_with_dataset_expressions
[2024-11-28T13:07:43.106-0600] {logging_mixin.py:190} INFO - [2024-11-28T13:07:43.106-0600] {dag.py:3262} INFO - Creating ORM DAG for dataset_consumes_1_never_scheduled
[2024-11-28T13:07:43.120-0600] {logging_mixin.py:190} INFO - [2024-11-28T13:07:43.119-0600] {dag.py:4180} INFO - Setting next_dagrun for conditional_dataset_and_time_based_timetable to 2024-11-27 01:00:00+00:00, run_after=2024-11-27 01:00:00+00:00
[2024-11-28T13:07:43.120-0600] {logging_mixin.py:190} INFO - [2024-11-28T13:07:43.120-0600] {dag.py:4180} INFO - Setting next_dagrun for consume_1_and_2_with_dataset_expressions to None, run_after=None
[2024-11-28T13:07:43.120-0600] {logging_mixin.py:190} INFO - [2024-11-28T13:07:43.120-0600] {dag.py:4180} INFO - Setting next_dagrun for consume_1_or_2_with_dataset_expressions to None, run_after=None
[2024-11-28T13:07:43.121-0600] {logging_mixin.py:190} INFO - [2024-11-28T13:07:43.120-0600] {dag.py:4180} INFO - Setting next_dagrun for consume_1_or_both_2_and_3_with_dataset_expressions to None, run_after=None
[2024-11-28T13:07:43.121-0600] {logging_mixin.py:190} INFO - [2024-11-28T13:07:43.121-0600] {dag.py:4180} INFO - Setting next_dagrun for dataset_consumes_1 to None, run_after=None
[2024-11-28T13:07:43.121-0600] {logging_mixin.py:190} INFO - [2024-11-28T13:07:43.121-0600] {dag.py:4180} INFO - Setting next_dagrun for dataset_consumes_1_and_2 to None, run_after=None
[2024-11-28T13:07:43.122-0600] {logging_mixin.py:190} INFO - [2024-11-28T13:07:43.121-0600] {dag.py:4180} INFO - Setting next_dagrun for dataset_consumes_1_never_scheduled to None, run_after=None
[2024-11-28T13:07:43.122-0600] {logging_mixin.py:190} INFO - [2024-11-28T13:07:43.122-0600] {dag.py:4180} INFO - Setting next_dagrun for dataset_consumes_unknown_never_scheduled to None, run_after=None
[2024-11-28T13:07:43.123-0600] {logging_mixin.py:190} INFO - [2024-11-28T13:07:43.123-0600] {dag.py:4180} INFO - Setting next_dagrun for dataset_produces_1 to 2024-11-27 00:00:00+00:00, run_after=2024-11-28 00:00:00+00:00
[2024-11-28T13:07:43.123-0600] {logging_mixin.py:190} INFO - [2024-11-28T13:07:43.123-0600] {dag.py:4180} INFO - Setting next_dagrun for dataset_produces_2 to None, run_after=None
[2024-11-28T13:07:43.168-0600] {processor.py:208} INFO - Processing /root/airflow_env/lib/python3.12/site-packages/airflow/example_dags/example_datasets.py took 0.867 seconds
[2024-11-28T13:08:42.123-0600] {processor.py:186} INFO - Started process (PID=3273) to work on /root/airflow_env/lib/python3.12/site-packages/airflow/example_dags/example_datasets.py
[2024-11-28T13:08:42.125-0600] {processor.py:914} INFO - Processing file /root/airflow_env/lib/python3.12/site-packages/airflow/example_dags/example_datasets.py for tasks to queue
[2024-11-28T13:08:42.126-0600] {logging_mixin.py:190} INFO - [2024-11-28T13:08:42.126-0600] {dagbag.py:588} INFO - Filling up the DagBag from /root/airflow_env/lib/python3.12/site-packages/airflow/example_dags/example_datasets.py
[2024-11-28T13:08:42.138-0600] {processor.py:925} INFO - DAG(s) 'conditional_dataset_and_time_based_timetable', 'consume_1_and_2_with_dataset_expressions', 'dataset_consumes_1_and_2', 'dataset_consumes_1', 'consume_1_or_2_with_dataset_expressions', 'dataset_produces_2', 'consume_1_or_both_2_and_3_with_dataset_expressions', 'dataset_consumes_1_never_scheduled', 'dataset_consumes_unknown_never_scheduled', 'dataset_produces_1' retrieved from /root/airflow_env/lib/python3.12/site-packages/airflow/example_dags/example_datasets.py
[2024-11-28T13:08:42.164-0600] {logging_mixin.py:190} INFO - [2024-11-28T13:08:42.164-0600] {dag.py:3239} INFO - Sync 10 DAGs
[2024-11-28T13:08:42.190-0600] {logging_mixin.py:190} INFO - [2024-11-28T13:08:42.190-0600] {dag.py:4180} INFO - Setting next_dagrun for conditional_dataset_and_time_based_timetable to 2024-11-27 01:00:00+00:00, run_after=2024-11-27 01:00:00+00:00
[2024-11-28T13:08:42.195-0600] {logging_mixin.py:190} INFO - [2024-11-28T13:08:42.195-0600] {dag.py:4180} INFO - Setting next_dagrun for consume_1_and_2_with_dataset_expressions to None, run_after=None
[2024-11-28T13:08:42.197-0600] {logging_mixin.py:190} INFO - [2024-11-28T13:08:42.196-0600] {dag.py:4180} INFO - Setting next_dagrun for consume_1_or_2_with_dataset_expressions to None, run_after=None
[2024-11-28T13:08:42.197-0600] {logging_mixin.py:190} INFO - [2024-11-28T13:08:42.197-0600] {dag.py:4180} INFO - Setting next_dagrun for consume_1_or_both_2_and_3_with_dataset_expressions to None, run_after=None
[2024-11-28T13:08:42.198-0600] {logging_mixin.py:190} INFO - [2024-11-28T13:08:42.198-0600] {dag.py:4180} INFO - Setting next_dagrun for dataset_consumes_1 to None, run_after=None
[2024-11-28T13:08:42.199-0600] {logging_mixin.py:190} INFO - [2024-11-28T13:08:42.198-0600] {dag.py:4180} INFO - Setting next_dagrun for dataset_consumes_1_and_2 to None, run_after=None
[2024-11-28T13:08:42.200-0600] {logging_mixin.py:190} INFO - [2024-11-28T13:08:42.199-0600] {dag.py:4180} INFO - Setting next_dagrun for dataset_consumes_1_never_scheduled to None, run_after=None
[2024-11-28T13:08:42.200-0600] {logging_mixin.py:190} INFO - [2024-11-28T13:08:42.200-0600] {dag.py:4180} INFO - Setting next_dagrun for dataset_consumes_unknown_never_scheduled to None, run_after=None
[2024-11-28T13:08:42.202-0600] {logging_mixin.py:190} INFO - [2024-11-28T13:08:42.202-0600] {dag.py:4180} INFO - Setting next_dagrun for dataset_produces_1 to 2024-11-27 00:00:00+00:00, run_after=2024-11-28 00:00:00+00:00
[2024-11-28T13:08:42.203-0600] {logging_mixin.py:190} INFO - [2024-11-28T13:08:42.203-0600] {dag.py:4180} INFO - Setting next_dagrun for dataset_produces_2 to None, run_after=None
[2024-11-28T13:08:42.236-0600] {processor.py:208} INFO - Processing /root/airflow_env/lib/python3.12/site-packages/airflow/example_dags/example_datasets.py took 0.117 seconds
[2024-11-28T13:09:37.270-0600] {processor.py:186} INFO - Started process (PID=3334) to work on /root/airflow_env/lib/python3.12/site-packages/airflow/example_dags/example_datasets.py
[2024-11-28T13:09:37.271-0600] {processor.py:914} INFO - Processing file /root/airflow_env/lib/python3.12/site-packages/airflow/example_dags/example_datasets.py for tasks to queue
[2024-11-28T13:09:37.274-0600] {logging_mixin.py:190} INFO - [2024-11-28T13:09:37.274-0600] {dagbag.py:588} INFO - Filling up the DagBag from /root/airflow_env/lib/python3.12/site-packages/airflow/example_dags/example_datasets.py
[2024-11-28T13:09:37.294-0600] {processor.py:925} INFO - DAG(s) 'dataset_produces_2', 'consume_1_or_both_2_and_3_with_dataset_expressions', 'consume_1_or_2_with_dataset_expressions', 'dataset_produces_1', 'conditional_dataset_and_time_based_timetable', 'dataset_consumes_unknown_never_scheduled', 'consume_1_and_2_with_dataset_expressions', 'dataset_consumes_1_never_scheduled', 'dataset_consumes_1_and_2', 'dataset_consumes_1' retrieved from /root/airflow_env/lib/python3.12/site-packages/airflow/example_dags/example_datasets.py
[2024-11-28T13:09:37.344-0600] {logging_mixin.py:190} INFO - [2024-11-28T13:09:37.344-0600] {dag.py:3239} INFO - Sync 10 DAGs
[2024-11-28T13:09:37.362-0600] {logging_mixin.py:190} INFO - [2024-11-28T13:09:37.362-0600] {dag.py:4180} INFO - Setting next_dagrun for conditional_dataset_and_time_based_timetable to 2024-11-27 01:00:00+00:00, run_after=2024-11-27 01:00:00+00:00
[2024-11-28T13:09:37.365-0600] {logging_mixin.py:190} INFO - [2024-11-28T13:09:37.365-0600] {dag.py:4180} INFO - Setting next_dagrun for consume_1_and_2_with_dataset_expressions to None, run_after=None
[2024-11-28T13:09:37.366-0600] {logging_mixin.py:190} INFO - [2024-11-28T13:09:37.366-0600] {dag.py:4180} INFO - Setting next_dagrun for consume_1_or_2_with_dataset_expressions to None, run_after=None
[2024-11-28T13:09:37.366-0600] {logging_mixin.py:190} INFO - [2024-11-28T13:09:37.366-0600] {dag.py:4180} INFO - Setting next_dagrun for consume_1_or_both_2_and_3_with_dataset_expressions to None, run_after=None
[2024-11-28T13:09:37.367-0600] {logging_mixin.py:190} INFO - [2024-11-28T13:09:37.367-0600] {dag.py:4180} INFO - Setting next_dagrun for dataset_consumes_1 to None, run_after=None
[2024-11-28T13:09:37.368-0600] {logging_mixin.py:190} INFO - [2024-11-28T13:09:37.368-0600] {dag.py:4180} INFO - Setting next_dagrun for dataset_consumes_1_and_2 to None, run_after=None
[2024-11-28T13:09:37.369-0600] {logging_mixin.py:190} INFO - [2024-11-28T13:09:37.368-0600] {dag.py:4180} INFO - Setting next_dagrun for dataset_consumes_1_never_scheduled to None, run_after=None
[2024-11-28T13:09:37.370-0600] {logging_mixin.py:190} INFO - [2024-11-28T13:09:37.370-0600] {dag.py:4180} INFO - Setting next_dagrun for dataset_consumes_unknown_never_scheduled to None, run_after=None
[2024-11-28T13:09:37.372-0600] {logging_mixin.py:190} INFO - [2024-11-28T13:09:37.372-0600] {dag.py:4180} INFO - Setting next_dagrun for dataset_produces_1 to 2024-11-27 00:00:00+00:00, run_after=2024-11-28 00:00:00+00:00
[2024-11-28T13:09:37.373-0600] {logging_mixin.py:190} INFO - [2024-11-28T13:09:37.372-0600] {dag.py:4180} INFO - Setting next_dagrun for dataset_produces_2 to None, run_after=None
[2024-11-28T13:09:37.398-0600] {processor.py:208} INFO - Processing /root/airflow_env/lib/python3.12/site-packages/airflow/example_dags/example_datasets.py took 0.133 seconds
[2024-11-28T13:45:03.980-0600] {processor.py:186} INFO - Started process (PID=3664) to work on /root/airflow_env/lib/python3.12/site-packages/airflow/example_dags/example_datasets.py
[2024-11-28T13:45:03.984-0600] {processor.py:914} INFO - Processing file /root/airflow_env/lib/python3.12/site-packages/airflow/example_dags/example_datasets.py for tasks to queue
[2024-11-28T13:45:03.986-0600] {logging_mixin.py:190} INFO - [2024-11-28T13:45:03.986-0600] {dagbag.py:588} INFO - Filling up the DagBag from /root/airflow_env/lib/python3.12/site-packages/airflow/example_dags/example_datasets.py
[2024-11-28T13:45:04.000-0600] {processor.py:925} INFO - DAG(s) 'consume_1_or_2_with_dataset_expressions', 'dataset_consumes_1_and_2', 'consume_1_or_both_2_and_3_with_dataset_expressions', 'dataset_consumes_unknown_never_scheduled', 'dataset_consumes_1', 'consume_1_and_2_with_dataset_expressions', 'dataset_produces_1', 'conditional_dataset_and_time_based_timetable', 'dataset_consumes_1_never_scheduled', 'dataset_produces_2' retrieved from /root/airflow_env/lib/python3.12/site-packages/airflow/example_dags/example_datasets.py
[2024-11-28T13:45:04.026-0600] {logging_mixin.py:190} INFO - [2024-11-28T13:45:04.026-0600] {dag.py:3239} INFO - Sync 10 DAGs
[2024-11-28T13:45:04.043-0600] {logging_mixin.py:190} INFO - [2024-11-28T13:45:04.043-0600] {dag.py:4180} INFO - Setting next_dagrun for conditional_dataset_and_time_based_timetable to 2024-11-27 01:00:00+00:00, run_after=2024-11-27 01:00:00+00:00
[2024-11-28T13:45:04.046-0600] {logging_mixin.py:190} INFO - [2024-11-28T13:45:04.046-0600] {dag.py:4180} INFO - Setting next_dagrun for consume_1_and_2_with_dataset_expressions to None, run_after=None
[2024-11-28T13:45:04.049-0600] {logging_mixin.py:190} INFO - [2024-11-28T13:45:04.049-0600] {dag.py:4180} INFO - Setting next_dagrun for consume_1_or_2_with_dataset_expressions to None, run_after=None
[2024-11-28T13:45:04.051-0600] {logging_mixin.py:190} INFO - [2024-11-28T13:45:04.051-0600] {dag.py:4180} INFO - Setting next_dagrun for consume_1_or_both_2_and_3_with_dataset_expressions to None, run_after=None
[2024-11-28T13:45:04.052-0600] {logging_mixin.py:190} INFO - [2024-11-28T13:45:04.051-0600] {dag.py:4180} INFO - Setting next_dagrun for dataset_consumes_1 to None, run_after=None
[2024-11-28T13:45:04.052-0600] {logging_mixin.py:190} INFO - [2024-11-28T13:45:04.052-0600] {dag.py:4180} INFO - Setting next_dagrun for dataset_consumes_1_and_2 to None, run_after=None
[2024-11-28T13:45:04.053-0600] {logging_mixin.py:190} INFO - [2024-11-28T13:45:04.052-0600] {dag.py:4180} INFO - Setting next_dagrun for dataset_consumes_1_never_scheduled to None, run_after=None
[2024-11-28T13:45:04.053-0600] {logging_mixin.py:190} INFO - [2024-11-28T13:45:04.053-0600] {dag.py:4180} INFO - Setting next_dagrun for dataset_consumes_unknown_never_scheduled to None, run_after=None
[2024-11-28T13:45:04.054-0600] {logging_mixin.py:190} INFO - [2024-11-28T13:45:04.054-0600] {dag.py:4180} INFO - Setting next_dagrun for dataset_produces_1 to 2024-11-27 00:00:00+00:00, run_after=2024-11-28 00:00:00+00:00
[2024-11-28T13:45:04.055-0600] {logging_mixin.py:190} INFO - [2024-11-28T13:45:04.055-0600] {dag.py:4180} INFO - Setting next_dagrun for dataset_produces_2 to None, run_after=None
[2024-11-28T13:45:04.087-0600] {processor.py:208} INFO - Processing /root/airflow_env/lib/python3.12/site-packages/airflow/example_dags/example_datasets.py took 0.112 seconds
[2024-11-28T13:46:01.836-0600] {processor.py:186} INFO - Started process (PID=3734) to work on /root/airflow_env/lib/python3.12/site-packages/airflow/example_dags/example_datasets.py
[2024-11-28T13:46:01.838-0600] {processor.py:914} INFO - Processing file /root/airflow_env/lib/python3.12/site-packages/airflow/example_dags/example_datasets.py for tasks to queue
[2024-11-28T13:46:01.840-0600] {logging_mixin.py:190} INFO - [2024-11-28T13:46:01.840-0600] {dagbag.py:588} INFO - Filling up the DagBag from /root/airflow_env/lib/python3.12/site-packages/airflow/example_dags/example_datasets.py
[2024-11-28T13:46:01.850-0600] {processor.py:925} INFO - DAG(s) 'consume_1_and_2_with_dataset_expressions', 'dataset_consumes_1', 'dataset_consumes_1_and_2', 'dataset_consumes_unknown_never_scheduled', 'consume_1_or_both_2_and_3_with_dataset_expressions', 'dataset_produces_2', 'consume_1_or_2_with_dataset_expressions', 'dataset_produces_1', 'dataset_consumes_1_never_scheduled', 'conditional_dataset_and_time_based_timetable' retrieved from /root/airflow_env/lib/python3.12/site-packages/airflow/example_dags/example_datasets.py
[2024-11-28T13:46:01.873-0600] {logging_mixin.py:190} INFO - [2024-11-28T13:46:01.872-0600] {dag.py:3239} INFO - Sync 10 DAGs
[2024-11-28T13:46:01.887-0600] {logging_mixin.py:190} INFO - [2024-11-28T13:46:01.887-0600] {dag.py:4180} INFO - Setting next_dagrun for conditional_dataset_and_time_based_timetable to 2024-11-27 01:00:00+00:00, run_after=2024-11-27 01:00:00+00:00
[2024-11-28T13:46:01.890-0600] {logging_mixin.py:190} INFO - [2024-11-28T13:46:01.890-0600] {dag.py:4180} INFO - Setting next_dagrun for consume_1_and_2_with_dataset_expressions to None, run_after=None
[2024-11-28T13:46:01.890-0600] {logging_mixin.py:190} INFO - [2024-11-28T13:46:01.890-0600] {dag.py:4180} INFO - Setting next_dagrun for consume_1_or_2_with_dataset_expressions to None, run_after=None
[2024-11-28T13:46:01.891-0600] {logging_mixin.py:190} INFO - [2024-11-28T13:46:01.891-0600] {dag.py:4180} INFO - Setting next_dagrun for consume_1_or_both_2_and_3_with_dataset_expressions to None, run_after=None
[2024-11-28T13:46:01.891-0600] {logging_mixin.py:190} INFO - [2024-11-28T13:46:01.891-0600] {dag.py:4180} INFO - Setting next_dagrun for dataset_consumes_1 to None, run_after=None
[2024-11-28T13:46:01.892-0600] {logging_mixin.py:190} INFO - [2024-11-28T13:46:01.892-0600] {dag.py:4180} INFO - Setting next_dagrun for dataset_consumes_1_and_2 to None, run_after=None
[2024-11-28T13:46:01.892-0600] {logging_mixin.py:190} INFO - [2024-11-28T13:46:01.892-0600] {dag.py:4180} INFO - Setting next_dagrun for dataset_consumes_1_never_scheduled to None, run_after=None
[2024-11-28T13:46:01.893-0600] {logging_mixin.py:190} INFO - [2024-11-28T13:46:01.893-0600] {dag.py:4180} INFO - Setting next_dagrun for dataset_consumes_unknown_never_scheduled to None, run_after=None
[2024-11-28T13:46:01.894-0600] {logging_mixin.py:190} INFO - [2024-11-28T13:46:01.894-0600] {dag.py:4180} INFO - Setting next_dagrun for dataset_produces_1 to 2024-11-27 00:00:00+00:00, run_after=2024-11-28 00:00:00+00:00
[2024-11-28T13:46:01.895-0600] {logging_mixin.py:190} INFO - [2024-11-28T13:46:01.894-0600] {dag.py:4180} INFO - Setting next_dagrun for dataset_produces_2 to None, run_after=None
[2024-11-28T13:46:01.916-0600] {processor.py:208} INFO - Processing /root/airflow_env/lib/python3.12/site-packages/airflow/example_dags/example_datasets.py took 0.083 seconds
[2024-11-28T13:46:54.446-0600] {processor.py:186} INFO - Started process (PID=3795) to work on /root/airflow_env/lib/python3.12/site-packages/airflow/example_dags/example_datasets.py
[2024-11-28T13:46:54.447-0600] {processor.py:914} INFO - Processing file /root/airflow_env/lib/python3.12/site-packages/airflow/example_dags/example_datasets.py for tasks to queue
[2024-11-28T13:46:54.449-0600] {logging_mixin.py:190} INFO - [2024-11-28T13:46:54.449-0600] {dagbag.py:588} INFO - Filling up the DagBag from /root/airflow_env/lib/python3.12/site-packages/airflow/example_dags/example_datasets.py
[2024-11-28T13:46:54.461-0600] {processor.py:925} INFO - DAG(s) 'dataset_consumes_1_and_2', 'dataset_consumes_1', 'dataset_consumes_1_never_scheduled', 'consume_1_or_both_2_and_3_with_dataset_expressions', 'consume_1_or_2_with_dataset_expressions', 'conditional_dataset_and_time_based_timetable', 'dataset_produces_1', 'dataset_consumes_unknown_never_scheduled', 'dataset_produces_2', 'consume_1_and_2_with_dataset_expressions' retrieved from /root/airflow_env/lib/python3.12/site-packages/airflow/example_dags/example_datasets.py
[2024-11-28T13:46:54.490-0600] {logging_mixin.py:190} INFO - [2024-11-28T13:46:54.490-0600] {dag.py:3239} INFO - Sync 10 DAGs
[2024-11-28T13:46:54.511-0600] {logging_mixin.py:190} INFO - [2024-11-28T13:46:54.511-0600] {dag.py:4180} INFO - Setting next_dagrun for conditional_dataset_and_time_based_timetable to 2024-11-27 01:00:00+00:00, run_after=2024-11-27 01:00:00+00:00
[2024-11-28T13:46:54.513-0600] {logging_mixin.py:190} INFO - [2024-11-28T13:46:54.513-0600] {dag.py:4180} INFO - Setting next_dagrun for consume_1_and_2_with_dataset_expressions to None, run_after=None
[2024-11-28T13:46:54.514-0600] {logging_mixin.py:190} INFO - [2024-11-28T13:46:54.514-0600] {dag.py:4180} INFO - Setting next_dagrun for consume_1_or_2_with_dataset_expressions to None, run_after=None
[2024-11-28T13:46:54.514-0600] {logging_mixin.py:190} INFO - [2024-11-28T13:46:54.514-0600] {dag.py:4180} INFO - Setting next_dagrun for consume_1_or_both_2_and_3_with_dataset_expressions to None, run_after=None
[2024-11-28T13:46:54.515-0600] {logging_mixin.py:190} INFO - [2024-11-28T13:46:54.515-0600] {dag.py:4180} INFO - Setting next_dagrun for dataset_consumes_1 to None, run_after=None
[2024-11-28T13:46:54.515-0600] {logging_mixin.py:190} INFO - [2024-11-28T13:46:54.515-0600] {dag.py:4180} INFO - Setting next_dagrun for dataset_consumes_1_and_2 to None, run_after=None
[2024-11-28T13:46:54.516-0600] {logging_mixin.py:190} INFO - [2024-11-28T13:46:54.516-0600] {dag.py:4180} INFO - Setting next_dagrun for dataset_consumes_1_never_scheduled to None, run_after=None
[2024-11-28T13:46:54.517-0600] {logging_mixin.py:190} INFO - [2024-11-28T13:46:54.516-0600] {dag.py:4180} INFO - Setting next_dagrun for dataset_consumes_unknown_never_scheduled to None, run_after=None
[2024-11-28T13:46:54.518-0600] {logging_mixin.py:190} INFO - [2024-11-28T13:46:54.518-0600] {dag.py:4180} INFO - Setting next_dagrun for dataset_produces_1 to 2024-11-27 00:00:00+00:00, run_after=2024-11-28 00:00:00+00:00
[2024-11-28T13:46:54.518-0600] {logging_mixin.py:190} INFO - [2024-11-28T13:46:54.518-0600] {dag.py:4180} INFO - Setting next_dagrun for dataset_produces_2 to None, run_after=None
[2024-11-28T13:46:54.540-0600] {processor.py:208} INFO - Processing /root/airflow_env/lib/python3.12/site-packages/airflow/example_dags/example_datasets.py took 0.099 seconds
[2024-11-28T13:47:48.035-0600] {processor.py:186} INFO - Started process (PID=3860) to work on /root/airflow_env/lib/python3.12/site-packages/airflow/example_dags/example_datasets.py
[2024-11-28T13:47:48.037-0600] {processor.py:914} INFO - Processing file /root/airflow_env/lib/python3.12/site-packages/airflow/example_dags/example_datasets.py for tasks to queue
[2024-11-28T13:47:48.038-0600] {logging_mixin.py:190} INFO - [2024-11-28T13:47:48.038-0600] {dagbag.py:588} INFO - Filling up the DagBag from /root/airflow_env/lib/python3.12/site-packages/airflow/example_dags/example_datasets.py
[2024-11-28T13:47:48.048-0600] {processor.py:925} INFO - DAG(s) 'dataset_consumes_unknown_never_scheduled', 'conditional_dataset_and_time_based_timetable', 'dataset_consumes_1_and_2', 'dataset_consumes_1', 'consume_1_or_2_with_dataset_expressions', 'dataset_consumes_1_never_scheduled', 'dataset_produces_2', 'consume_1_or_both_2_and_3_with_dataset_expressions', 'consume_1_and_2_with_dataset_expressions', 'dataset_produces_1' retrieved from /root/airflow_env/lib/python3.12/site-packages/airflow/example_dags/example_datasets.py
[2024-11-28T13:47:48.068-0600] {logging_mixin.py:190} INFO - [2024-11-28T13:47:48.068-0600] {dag.py:3239} INFO - Sync 10 DAGs
[2024-11-28T13:47:48.082-0600] {logging_mixin.py:190} INFO - [2024-11-28T13:47:48.081-0600] {dag.py:4180} INFO - Setting next_dagrun for conditional_dataset_and_time_based_timetable to 2024-11-27 01:00:00+00:00, run_after=2024-11-27 01:00:00+00:00
[2024-11-28T13:47:48.084-0600] {logging_mixin.py:190} INFO - [2024-11-28T13:47:48.084-0600] {dag.py:4180} INFO - Setting next_dagrun for consume_1_and_2_with_dataset_expressions to None, run_after=None
[2024-11-28T13:47:48.085-0600] {logging_mixin.py:190} INFO - [2024-11-28T13:47:48.085-0600] {dag.py:4180} INFO - Setting next_dagrun for consume_1_or_2_with_dataset_expressions to None, run_after=None
[2024-11-28T13:47:48.085-0600] {logging_mixin.py:190} INFO - [2024-11-28T13:47:48.085-0600] {dag.py:4180} INFO - Setting next_dagrun for consume_1_or_both_2_and_3_with_dataset_expressions to None, run_after=None
[2024-11-28T13:47:48.086-0600] {logging_mixin.py:190} INFO - [2024-11-28T13:47:48.086-0600] {dag.py:4180} INFO - Setting next_dagrun for dataset_consumes_1 to None, run_after=None
[2024-11-28T13:47:48.086-0600] {logging_mixin.py:190} INFO - [2024-11-28T13:47:48.086-0600] {dag.py:4180} INFO - Setting next_dagrun for dataset_consumes_1_and_2 to None, run_after=None
[2024-11-28T13:47:48.086-0600] {logging_mixin.py:190} INFO - [2024-11-28T13:47:48.086-0600] {dag.py:4180} INFO - Setting next_dagrun for dataset_consumes_1_never_scheduled to None, run_after=None
[2024-11-28T13:47:48.087-0600] {logging_mixin.py:190} INFO - [2024-11-28T13:47:48.087-0600] {dag.py:4180} INFO - Setting next_dagrun for dataset_consumes_unknown_never_scheduled to None, run_after=None
[2024-11-28T13:47:48.088-0600] {logging_mixin.py:190} INFO - [2024-11-28T13:47:48.088-0600] {dag.py:4180} INFO - Setting next_dagrun for dataset_produces_1 to 2024-11-27 00:00:00+00:00, run_after=2024-11-28 00:00:00+00:00
[2024-11-28T13:47:48.088-0600] {logging_mixin.py:190} INFO - [2024-11-28T13:47:48.088-0600] {dag.py:4180} INFO - Setting next_dagrun for dataset_produces_2 to None, run_after=None
[2024-11-28T13:47:48.110-0600] {processor.py:208} INFO - Processing /root/airflow_env/lib/python3.12/site-packages/airflow/example_dags/example_datasets.py took 0.079 seconds
