[2024-11-28T13:07:54.170-0600] {processor.py:186} INFO - Started process (PID=3217) to work on /root/airflow_env/lib/python3.12/site-packages/airflow/example_dags/example_task_group_decorator.py
[2024-11-28T13:07:54.171-0600] {processor.py:914} INFO - Processing file /root/airflow_env/lib/python3.12/site-packages/airflow/example_dags/example_task_group_decorator.py for tasks to queue
[2024-11-28T13:07:54.172-0600] {logging_mixin.py:190} INFO - [2024-11-28T13:07:54.172-0600] {dagbag.py:588} INFO - Filling up the DagBag from /root/airflow_env/lib/python3.12/site-packages/airflow/example_dags/example_task_group_decorator.py
[2024-11-28T13:07:54.182-0600] {processor.py:925} INFO - DAG(s) 'example_task_group_decorator' retrieved from /root/airflow_env/lib/python3.12/site-packages/airflow/example_dags/example_task_group_decorator.py
[2024-11-28T13:07:54.251-0600] {logging_mixin.py:190} INFO - [2024-11-28T13:07:54.250-0600] {override.py:1911} INFO - Created Permission View: can edit on DAG:example_task_group_decorator
[2024-11-28T13:07:54.260-0600] {logging_mixin.py:190} INFO - [2024-11-28T13:07:54.260-0600] {override.py:1911} INFO - Created Permission View: can delete on DAG:example_task_group_decorator
[2024-11-28T13:07:54.268-0600] {logging_mixin.py:190} INFO - [2024-11-28T13:07:54.268-0600] {override.py:1911} INFO - Created Permission View: can read on DAG:example_task_group_decorator
[2024-11-28T13:07:54.280-0600] {logging_mixin.py:190} INFO - [2024-11-28T13:07:54.280-0600] {override.py:1911} INFO - Created Permission View: can delete on DAG Run:example_task_group_decorator
[2024-11-28T13:07:54.286-0600] {logging_mixin.py:190} INFO - [2024-11-28T13:07:54.286-0600] {override.py:1911} INFO - Created Permission View: can create on DAG Run:example_task_group_decorator
[2024-11-28T13:07:54.293-0600] {logging_mixin.py:190} INFO - [2024-11-28T13:07:54.292-0600] {override.py:1911} INFO - Created Permission View: can read on DAG Run:example_task_group_decorator
[2024-11-28T13:07:54.299-0600] {logging_mixin.py:190} INFO - [2024-11-28T13:07:54.298-0600] {override.py:1911} INFO - Created Permission View: menu access on DAG Run:example_task_group_decorator
[2024-11-28T13:07:54.299-0600] {logging_mixin.py:190} INFO - [2024-11-28T13:07:54.299-0600] {dag.py:3239} INFO - Sync 1 DAGs
[2024-11-28T13:07:54.306-0600] {logging_mixin.py:190} INFO - [2024-11-28T13:07:54.306-0600] {dag.py:3262} INFO - Creating ORM DAG for example_task_group_decorator
[2024-11-28T13:07:54.307-0600] {logging_mixin.py:190} INFO - [2024-11-28T13:07:54.306-0600] {dag.py:4180} INFO - Setting next_dagrun for example_task_group_decorator to None, run_after=None
[2024-11-28T13:07:54.322-0600] {processor.py:208} INFO - Processing /root/airflow_env/lib/python3.12/site-packages/airflow/example_dags/example_task_group_decorator.py took 0.155 seconds
[2024-11-28T13:08:53.547-0600] {processor.py:186} INFO - Started process (PID=3284) to work on /root/airflow_env/lib/python3.12/site-packages/airflow/example_dags/example_task_group_decorator.py
[2024-11-28T13:08:53.550-0600] {processor.py:914} INFO - Processing file /root/airflow_env/lib/python3.12/site-packages/airflow/example_dags/example_task_group_decorator.py for tasks to queue
[2024-11-28T13:08:53.551-0600] {logging_mixin.py:190} INFO - [2024-11-28T13:08:53.551-0600] {dagbag.py:588} INFO - Filling up the DagBag from /root/airflow_env/lib/python3.12/site-packages/airflow/example_dags/example_task_group_decorator.py
[2024-11-28T13:08:53.565-0600] {processor.py:925} INFO - DAG(s) 'example_task_group_decorator' retrieved from /root/airflow_env/lib/python3.12/site-packages/airflow/example_dags/example_task_group_decorator.py
[2024-11-28T13:08:53.577-0600] {logging_mixin.py:190} INFO - [2024-11-28T13:08:53.577-0600] {dag.py:3239} INFO - Sync 1 DAGs
[2024-11-28T13:08:53.585-0600] {logging_mixin.py:190} INFO - [2024-11-28T13:08:53.585-0600] {dag.py:4180} INFO - Setting next_dagrun for example_task_group_decorator to None, run_after=None
[2024-11-28T13:08:53.603-0600] {processor.py:208} INFO - Processing /root/airflow_env/lib/python3.12/site-packages/airflow/example_dags/example_task_group_decorator.py took 0.060 seconds
[2024-11-28T13:09:47.797-0600] {processor.py:186} INFO - Started process (PID=3346) to work on /root/airflow_env/lib/python3.12/site-packages/airflow/example_dags/example_task_group_decorator.py
[2024-11-28T13:09:47.799-0600] {processor.py:914} INFO - Processing file /root/airflow_env/lib/python3.12/site-packages/airflow/example_dags/example_task_group_decorator.py for tasks to queue
[2024-11-28T13:09:47.800-0600] {logging_mixin.py:190} INFO - [2024-11-28T13:09:47.800-0600] {dagbag.py:588} INFO - Filling up the DagBag from /root/airflow_env/lib/python3.12/site-packages/airflow/example_dags/example_task_group_decorator.py
[2024-11-28T13:09:47.810-0600] {processor.py:925} INFO - DAG(s) 'example_task_group_decorator' retrieved from /root/airflow_env/lib/python3.12/site-packages/airflow/example_dags/example_task_group_decorator.py
[2024-11-28T13:09:47.822-0600] {logging_mixin.py:190} INFO - [2024-11-28T13:09:47.822-0600] {dag.py:3239} INFO - Sync 1 DAGs
[2024-11-28T13:09:47.831-0600] {logging_mixin.py:190} INFO - [2024-11-28T13:09:47.831-0600] {dag.py:4180} INFO - Setting next_dagrun for example_task_group_decorator to None, run_after=None
[2024-11-28T13:09:47.847-0600] {processor.py:208} INFO - Processing /root/airflow_env/lib/python3.12/site-packages/airflow/example_dags/example_task_group_decorator.py took 0.054 seconds
[2024-11-28T13:45:14.383-0600] {processor.py:186} INFO - Started process (PID=3677) to work on /root/airflow_env/lib/python3.12/site-packages/airflow/example_dags/example_task_group_decorator.py
[2024-11-28T13:45:14.385-0600] {processor.py:914} INFO - Processing file /root/airflow_env/lib/python3.12/site-packages/airflow/example_dags/example_task_group_decorator.py for tasks to queue
[2024-11-28T13:45:14.388-0600] {logging_mixin.py:190} INFO - [2024-11-28T13:45:14.388-0600] {dagbag.py:588} INFO - Filling up the DagBag from /root/airflow_env/lib/python3.12/site-packages/airflow/example_dags/example_task_group_decorator.py
[2024-11-28T13:45:14.412-0600] {processor.py:925} INFO - DAG(s) 'example_task_group_decorator' retrieved from /root/airflow_env/lib/python3.12/site-packages/airflow/example_dags/example_task_group_decorator.py
[2024-11-28T13:45:14.445-0600] {logging_mixin.py:190} INFO - [2024-11-28T13:45:14.445-0600] {dag.py:3239} INFO - Sync 1 DAGs
[2024-11-28T13:45:14.456-0600] {logging_mixin.py:190} INFO - [2024-11-28T13:45:14.456-0600] {dag.py:4180} INFO - Setting next_dagrun for example_task_group_decorator to None, run_after=None
[2024-11-28T13:45:14.473-0600] {processor.py:208} INFO - Processing /root/airflow_env/lib/python3.12/site-packages/airflow/example_dags/example_task_group_decorator.py took 0.097 seconds
[2024-11-28T13:46:10.985-0600] {processor.py:186} INFO - Started process (PID=3745) to work on /root/airflow_env/lib/python3.12/site-packages/airflow/example_dags/example_task_group_decorator.py
[2024-11-28T13:46:10.988-0600] {processor.py:914} INFO - Processing file /root/airflow_env/lib/python3.12/site-packages/airflow/example_dags/example_task_group_decorator.py for tasks to queue
[2024-11-28T13:46:10.989-0600] {logging_mixin.py:190} INFO - [2024-11-28T13:46:10.989-0600] {dagbag.py:588} INFO - Filling up the DagBag from /root/airflow_env/lib/python3.12/site-packages/airflow/example_dags/example_task_group_decorator.py
[2024-11-28T13:46:10.999-0600] {processor.py:925} INFO - DAG(s) 'example_task_group_decorator' retrieved from /root/airflow_env/lib/python3.12/site-packages/airflow/example_dags/example_task_group_decorator.py
[2024-11-28T13:46:11.011-0600] {logging_mixin.py:190} INFO - [2024-11-28T13:46:11.011-0600] {dag.py:3239} INFO - Sync 1 DAGs
[2024-11-28T13:46:11.019-0600] {logging_mixin.py:190} INFO - [2024-11-28T13:46:11.018-0600] {dag.py:4180} INFO - Setting next_dagrun for example_task_group_decorator to None, run_after=None
[2024-11-28T13:46:11.036-0600] {processor.py:208} INFO - Processing /root/airflow_env/lib/python3.12/site-packages/airflow/example_dags/example_task_group_decorator.py took 0.054 seconds
[2024-11-28T13:47:07.599-0600] {processor.py:186} INFO - Started process (PID=3813) to work on /root/airflow_env/lib/python3.12/site-packages/airflow/example_dags/example_task_group_decorator.py
[2024-11-28T13:47:07.602-0600] {processor.py:914} INFO - Processing file /root/airflow_env/lib/python3.12/site-packages/airflow/example_dags/example_task_group_decorator.py for tasks to queue
[2024-11-28T13:47:07.603-0600] {logging_mixin.py:190} INFO - [2024-11-28T13:47:07.603-0600] {dagbag.py:588} INFO - Filling up the DagBag from /root/airflow_env/lib/python3.12/site-packages/airflow/example_dags/example_task_group_decorator.py
[2024-11-28T13:47:07.614-0600] {processor.py:925} INFO - DAG(s) 'example_task_group_decorator' retrieved from /root/airflow_env/lib/python3.12/site-packages/airflow/example_dags/example_task_group_decorator.py
[2024-11-28T13:47:07.627-0600] {logging_mixin.py:190} INFO - [2024-11-28T13:47:07.627-0600] {dag.py:3239} INFO - Sync 1 DAGs
[2024-11-28T13:47:07.636-0600] {logging_mixin.py:190} INFO - [2024-11-28T13:47:07.636-0600] {dag.py:4180} INFO - Setting next_dagrun for example_task_group_decorator to None, run_after=None
[2024-11-28T13:47:07.655-0600] {processor.py:208} INFO - Processing /root/airflow_env/lib/python3.12/site-packages/airflow/example_dags/example_task_group_decorator.py took 0.060 seconds
