[2024-11-28T13:07:53.228-0600] {processor.py:186} INFO - Started process (PID=3216) to work on /root/airflow_env/lib/python3.12/site-packages/airflow/example_dags/example_outlet_event_extra.py
[2024-11-28T13:07:53.229-0600] {processor.py:914} INFO - Processing file /root/airflow_env/lib/python3.12/site-packages/airflow/example_dags/example_outlet_event_extra.py for tasks to queue
[2024-11-28T13:07:53.231-0600] {logging_mixin.py:190} INFO - [2024-11-28T13:07:53.231-0600] {dagbag.py:588} INFO - Filling up the DagBag from /root/airflow_env/lib/python3.12/site-packages/airflow/example_dags/example_outlet_event_extra.py
[2024-11-28T13:07:53.246-0600] {processor.py:925} INFO - DAG(s) 'dataset_with_extra_from_classic_operator', 'dataset_with_extra_by_context', 'dataset_with_extra_by_yield' retrieved from /root/airflow_env/lib/python3.12/site-packages/airflow/example_dags/example_outlet_event_extra.py
[2024-11-28T13:07:53.315-0600] {logging_mixin.py:190} INFO - [2024-11-28T13:07:53.315-0600] {override.py:1911} INFO - Created Permission View: can edit on DAG:dataset_with_extra_from_classic_operator
[2024-11-28T13:07:53.323-0600] {logging_mixin.py:190} INFO - [2024-11-28T13:07:53.323-0600] {override.py:1911} INFO - Created Permission View: can delete on DAG:dataset_with_extra_from_classic_operator
[2024-11-28T13:07:53.329-0600] {logging_mixin.py:190} INFO - [2024-11-28T13:07:53.329-0600] {override.py:1911} INFO - Created Permission View: can read on DAG:dataset_with_extra_from_classic_operator
[2024-11-28T13:07:53.338-0600] {logging_mixin.py:190} INFO - [2024-11-28T13:07:53.338-0600] {override.py:1911} INFO - Created Permission View: can delete on DAG Run:dataset_with_extra_from_classic_operator
[2024-11-28T13:07:53.344-0600] {logging_mixin.py:190} INFO - [2024-11-28T13:07:53.344-0600] {override.py:1911} INFO - Created Permission View: can create on DAG Run:dataset_with_extra_from_classic_operator
[2024-11-28T13:07:53.351-0600] {logging_mixin.py:190} INFO - [2024-11-28T13:07:53.350-0600] {override.py:1911} INFO - Created Permission View: can read on DAG Run:dataset_with_extra_from_classic_operator
[2024-11-28T13:07:53.357-0600] {logging_mixin.py:190} INFO - [2024-11-28T13:07:53.357-0600] {override.py:1911} INFO - Created Permission View: menu access on DAG Run:dataset_with_extra_from_classic_operator
[2024-11-28T13:07:53.372-0600] {logging_mixin.py:190} INFO - [2024-11-28T13:07:53.371-0600] {override.py:1911} INFO - Created Permission View: can edit on DAG:dataset_with_extra_by_context
[2024-11-28T13:07:53.382-0600] {logging_mixin.py:190} INFO - [2024-11-28T13:07:53.382-0600] {override.py:1911} INFO - Created Permission View: can delete on DAG:dataset_with_extra_by_context
[2024-11-28T13:07:53.390-0600] {logging_mixin.py:190} INFO - [2024-11-28T13:07:53.390-0600] {override.py:1911} INFO - Created Permission View: can read on DAG:dataset_with_extra_by_context
[2024-11-28T13:07:53.404-0600] {logging_mixin.py:190} INFO - [2024-11-28T13:07:53.404-0600] {override.py:1911} INFO - Created Permission View: can delete on DAG Run:dataset_with_extra_by_context
[2024-11-28T13:07:53.410-0600] {logging_mixin.py:190} INFO - [2024-11-28T13:07:53.410-0600] {override.py:1911} INFO - Created Permission View: can create on DAG Run:dataset_with_extra_by_context
[2024-11-28T13:07:53.416-0600] {logging_mixin.py:190} INFO - [2024-11-28T13:07:53.416-0600] {override.py:1911} INFO - Created Permission View: can read on DAG Run:dataset_with_extra_by_context
[2024-11-28T13:07:53.423-0600] {logging_mixin.py:190} INFO - [2024-11-28T13:07:53.423-0600] {override.py:1911} INFO - Created Permission View: menu access on DAG Run:dataset_with_extra_by_context
[2024-11-28T13:07:53.437-0600] {logging_mixin.py:190} INFO - [2024-11-28T13:07:53.437-0600] {override.py:1911} INFO - Created Permission View: can edit on DAG:dataset_with_extra_by_yield
[2024-11-28T13:07:53.442-0600] {logging_mixin.py:190} INFO - [2024-11-28T13:07:53.442-0600] {override.py:1911} INFO - Created Permission View: can delete on DAG:dataset_with_extra_by_yield
[2024-11-28T13:07:53.448-0600] {logging_mixin.py:190} INFO - [2024-11-28T13:07:53.448-0600] {override.py:1911} INFO - Created Permission View: can read on DAG:dataset_with_extra_by_yield
[2024-11-28T13:07:53.457-0600] {logging_mixin.py:190} INFO - [2024-11-28T13:07:53.457-0600] {override.py:1911} INFO - Created Permission View: can delete on DAG Run:dataset_with_extra_by_yield
[2024-11-28T13:07:53.463-0600] {logging_mixin.py:190} INFO - [2024-11-28T13:07:53.463-0600] {override.py:1911} INFO - Created Permission View: can create on DAG Run:dataset_with_extra_by_yield
[2024-11-28T13:07:53.469-0600] {logging_mixin.py:190} INFO - [2024-11-28T13:07:53.469-0600] {override.py:1911} INFO - Created Permission View: can read on DAG Run:dataset_with_extra_by_yield
[2024-11-28T13:07:53.475-0600] {logging_mixin.py:190} INFO - [2024-11-28T13:07:53.475-0600] {override.py:1911} INFO - Created Permission View: menu access on DAG Run:dataset_with_extra_by_yield
[2024-11-28T13:07:53.476-0600] {logging_mixin.py:190} INFO - [2024-11-28T13:07:53.476-0600] {dag.py:3239} INFO - Sync 3 DAGs
[2024-11-28T13:07:53.483-0600] {logging_mixin.py:190} INFO - [2024-11-28T13:07:53.483-0600] {dag.py:3262} INFO - Creating ORM DAG for dataset_with_extra_by_context
[2024-11-28T13:07:53.484-0600] {logging_mixin.py:190} INFO - [2024-11-28T13:07:53.483-0600] {dag.py:3262} INFO - Creating ORM DAG for dataset_with_extra_from_classic_operator
[2024-11-28T13:07:53.484-0600] {logging_mixin.py:190} INFO - [2024-11-28T13:07:53.484-0600] {dag.py:3262} INFO - Creating ORM DAG for dataset_with_extra_by_yield
[2024-11-28T13:07:53.490-0600] {logging_mixin.py:190} INFO - [2024-11-28T13:07:53.490-0600] {dag.py:4180} INFO - Setting next_dagrun for dataset_with_extra_by_context to 2024-11-27 00:00:00+00:00, run_after=2024-11-28 00:00:00+00:00
[2024-11-28T13:07:53.491-0600] {logging_mixin.py:190} INFO - [2024-11-28T13:07:53.491-0600] {dag.py:4180} INFO - Setting next_dagrun for dataset_with_extra_by_yield to 2024-11-27 00:00:00+00:00, run_after=2024-11-28 00:00:00+00:00
[2024-11-28T13:07:53.492-0600] {logging_mixin.py:190} INFO - [2024-11-28T13:07:53.492-0600] {dag.py:4180} INFO - Setting next_dagrun for dataset_with_extra_from_classic_operator to 2024-11-27 00:00:00+00:00, run_after=2024-11-28 00:00:00+00:00
[2024-11-28T13:07:53.512-0600] {processor.py:208} INFO - Processing /root/airflow_env/lib/python3.12/site-packages/airflow/example_dags/example_outlet_event_extra.py took 0.288 seconds
[2024-11-28T13:08:52.410-0600] {processor.py:186} INFO - Started process (PID=3283) to work on /root/airflow_env/lib/python3.12/site-packages/airflow/example_dags/example_outlet_event_extra.py
[2024-11-28T13:08:52.411-0600] {processor.py:914} INFO - Processing file /root/airflow_env/lib/python3.12/site-packages/airflow/example_dags/example_outlet_event_extra.py for tasks to queue
[2024-11-28T13:08:52.413-0600] {logging_mixin.py:190} INFO - [2024-11-28T13:08:52.412-0600] {dagbag.py:588} INFO - Filling up the DagBag from /root/airflow_env/lib/python3.12/site-packages/airflow/example_dags/example_outlet_event_extra.py
[2024-11-28T13:08:52.422-0600] {processor.py:925} INFO - DAG(s) 'dataset_with_extra_from_classic_operator', 'dataset_with_extra_by_yield', 'dataset_with_extra_by_context' retrieved from /root/airflow_env/lib/python3.12/site-packages/airflow/example_dags/example_outlet_event_extra.py
[2024-11-28T13:08:52.436-0600] {logging_mixin.py:190} INFO - [2024-11-28T13:08:52.436-0600] {dag.py:3239} INFO - Sync 3 DAGs
[2024-11-28T13:08:52.451-0600] {logging_mixin.py:190} INFO - [2024-11-28T13:08:52.451-0600] {dag.py:4180} INFO - Setting next_dagrun for dataset_with_extra_by_context to 2024-11-27 00:00:00+00:00, run_after=2024-11-28 00:00:00+00:00
[2024-11-28T13:08:52.454-0600] {logging_mixin.py:190} INFO - [2024-11-28T13:08:52.454-0600] {dag.py:4180} INFO - Setting next_dagrun for dataset_with_extra_by_yield to 2024-11-27 00:00:00+00:00, run_after=2024-11-28 00:00:00+00:00
[2024-11-28T13:08:52.455-0600] {logging_mixin.py:190} INFO - [2024-11-28T13:08:52.455-0600] {dag.py:4180} INFO - Setting next_dagrun for dataset_with_extra_from_classic_operator to 2024-11-27 00:00:00+00:00, run_after=2024-11-28 00:00:00+00:00
[2024-11-28T13:08:52.477-0600] {processor.py:208} INFO - Processing /root/airflow_env/lib/python3.12/site-packages/airflow/example_dags/example_outlet_event_extra.py took 0.072 seconds
[2024-11-28T13:09:46.279-0600] {processor.py:186} INFO - Started process (PID=3344) to work on /root/airflow_env/lib/python3.12/site-packages/airflow/example_dags/example_outlet_event_extra.py
[2024-11-28T13:09:46.281-0600] {processor.py:914} INFO - Processing file /root/airflow_env/lib/python3.12/site-packages/airflow/example_dags/example_outlet_event_extra.py for tasks to queue
[2024-11-28T13:09:46.283-0600] {logging_mixin.py:190} INFO - [2024-11-28T13:09:46.282-0600] {dagbag.py:588} INFO - Filling up the DagBag from /root/airflow_env/lib/python3.12/site-packages/airflow/example_dags/example_outlet_event_extra.py
[2024-11-28T13:09:46.292-0600] {processor.py:925} INFO - DAG(s) 'dataset_with_extra_by_yield', 'dataset_with_extra_from_classic_operator', 'dataset_with_extra_by_context' retrieved from /root/airflow_env/lib/python3.12/site-packages/airflow/example_dags/example_outlet_event_extra.py
[2024-11-28T13:09:46.306-0600] {logging_mixin.py:190} INFO - [2024-11-28T13:09:46.305-0600] {dag.py:3239} INFO - Sync 3 DAGs
[2024-11-28T13:09:46.320-0600] {logging_mixin.py:190} INFO - [2024-11-28T13:09:46.320-0600] {dag.py:4180} INFO - Setting next_dagrun for dataset_with_extra_by_context to 2024-11-27 00:00:00+00:00, run_after=2024-11-28 00:00:00+00:00
[2024-11-28T13:09:46.323-0600] {logging_mixin.py:190} INFO - [2024-11-28T13:09:46.322-0600] {dag.py:4180} INFO - Setting next_dagrun for dataset_with_extra_by_yield to 2024-11-27 00:00:00+00:00, run_after=2024-11-28 00:00:00+00:00
[2024-11-28T13:09:46.324-0600] {logging_mixin.py:190} INFO - [2024-11-28T13:09:46.324-0600] {dag.py:4180} INFO - Setting next_dagrun for dataset_with_extra_from_classic_operator to 2024-11-27 00:00:00+00:00, run_after=2024-11-28 00:00:00+00:00
[2024-11-28T13:09:46.343-0600] {processor.py:208} INFO - Processing /root/airflow_env/lib/python3.12/site-packages/airflow/example_dags/example_outlet_event_extra.py took 0.067 seconds
[2024-11-28T13:45:13.814-0600] {processor.py:186} INFO - Started process (PID=3676) to work on /root/airflow_env/lib/python3.12/site-packages/airflow/example_dags/example_outlet_event_extra.py
[2024-11-28T13:45:13.815-0600] {processor.py:914} INFO - Processing file /root/airflow_env/lib/python3.12/site-packages/airflow/example_dags/example_outlet_event_extra.py for tasks to queue
[2024-11-28T13:45:13.817-0600] {logging_mixin.py:190} INFO - [2024-11-28T13:45:13.817-0600] {dagbag.py:588} INFO - Filling up the DagBag from /root/airflow_env/lib/python3.12/site-packages/airflow/example_dags/example_outlet_event_extra.py
[2024-11-28T13:45:13.827-0600] {processor.py:925} INFO - DAG(s) 'dataset_with_extra_from_classic_operator', 'dataset_with_extra_by_yield', 'dataset_with_extra_by_context' retrieved from /root/airflow_env/lib/python3.12/site-packages/airflow/example_dags/example_outlet_event_extra.py
[2024-11-28T13:45:13.842-0600] {logging_mixin.py:190} INFO - [2024-11-28T13:45:13.841-0600] {dag.py:3239} INFO - Sync 3 DAGs
[2024-11-28T13:45:13.856-0600] {logging_mixin.py:190} INFO - [2024-11-28T13:45:13.856-0600] {dag.py:4180} INFO - Setting next_dagrun for dataset_with_extra_by_context to 2024-11-27 00:00:00+00:00, run_after=2024-11-28 00:00:00+00:00
[2024-11-28T13:45:13.859-0600] {logging_mixin.py:190} INFO - [2024-11-28T13:45:13.859-0600] {dag.py:4180} INFO - Setting next_dagrun for dataset_with_extra_by_yield to 2024-11-27 00:00:00+00:00, run_after=2024-11-28 00:00:00+00:00
[2024-11-28T13:45:13.861-0600] {logging_mixin.py:190} INFO - [2024-11-28T13:45:13.861-0600] {dag.py:4180} INFO - Setting next_dagrun for dataset_with_extra_from_classic_operator to 2024-11-27 00:00:00+00:00, run_after=2024-11-28 00:00:00+00:00
[2024-11-28T13:45:13.882-0600] {processor.py:208} INFO - Processing /root/airflow_env/lib/python3.12/site-packages/airflow/example_dags/example_outlet_event_extra.py took 0.076 seconds
[2024-11-28T13:46:10.677-0600] {processor.py:186} INFO - Started process (PID=3744) to work on /root/airflow_env/lib/python3.12/site-packages/airflow/example_dags/example_outlet_event_extra.py
[2024-11-28T13:46:10.679-0600] {processor.py:914} INFO - Processing file /root/airflow_env/lib/python3.12/site-packages/airflow/example_dags/example_outlet_event_extra.py for tasks to queue
[2024-11-28T13:46:10.681-0600] {logging_mixin.py:190} INFO - [2024-11-28T13:46:10.681-0600] {dagbag.py:588} INFO - Filling up the DagBag from /root/airflow_env/lib/python3.12/site-packages/airflow/example_dags/example_outlet_event_extra.py
[2024-11-28T13:46:10.690-0600] {processor.py:925} INFO - DAG(s) 'dataset_with_extra_by_yield', 'dataset_with_extra_from_classic_operator', 'dataset_with_extra_by_context' retrieved from /root/airflow_env/lib/python3.12/site-packages/airflow/example_dags/example_outlet_event_extra.py
[2024-11-28T13:46:10.702-0600] {logging_mixin.py:190} INFO - [2024-11-28T13:46:10.702-0600] {dag.py:3239} INFO - Sync 3 DAGs
[2024-11-28T13:46:10.715-0600] {logging_mixin.py:190} INFO - [2024-11-28T13:46:10.715-0600] {dag.py:4180} INFO - Setting next_dagrun for dataset_with_extra_by_context to 2024-11-27 00:00:00+00:00, run_after=2024-11-28 00:00:00+00:00
[2024-11-28T13:46:10.718-0600] {logging_mixin.py:190} INFO - [2024-11-28T13:46:10.718-0600] {dag.py:4180} INFO - Setting next_dagrun for dataset_with_extra_by_yield to 2024-11-27 00:00:00+00:00, run_after=2024-11-28 00:00:00+00:00
[2024-11-28T13:46:10.719-0600] {logging_mixin.py:190} INFO - [2024-11-28T13:46:10.719-0600] {dag.py:4180} INFO - Setting next_dagrun for dataset_with_extra_from_classic_operator to 2024-11-27 00:00:00+00:00, run_after=2024-11-28 00:00:00+00:00
[2024-11-28T13:46:10.736-0600] {processor.py:208} INFO - Processing /root/airflow_env/lib/python3.12/site-packages/airflow/example_dags/example_outlet_event_extra.py took 0.063 seconds
[2024-11-28T13:47:07.217-0600] {processor.py:186} INFO - Started process (PID=3812) to work on /root/airflow_env/lib/python3.12/site-packages/airflow/example_dags/example_outlet_event_extra.py
[2024-11-28T13:47:07.218-0600] {processor.py:914} INFO - Processing file /root/airflow_env/lib/python3.12/site-packages/airflow/example_dags/example_outlet_event_extra.py for tasks to queue
[2024-11-28T13:47:07.220-0600] {logging_mixin.py:190} INFO - [2024-11-28T13:47:07.220-0600] {dagbag.py:588} INFO - Filling up the DagBag from /root/airflow_env/lib/python3.12/site-packages/airflow/example_dags/example_outlet_event_extra.py
[2024-11-28T13:47:07.230-0600] {processor.py:925} INFO - DAG(s) 'dataset_with_extra_from_classic_operator', 'dataset_with_extra_by_context', 'dataset_with_extra_by_yield' retrieved from /root/airflow_env/lib/python3.12/site-packages/airflow/example_dags/example_outlet_event_extra.py
[2024-11-28T13:47:07.244-0600] {logging_mixin.py:190} INFO - [2024-11-28T13:47:07.244-0600] {dag.py:3239} INFO - Sync 3 DAGs
[2024-11-28T13:47:07.259-0600] {logging_mixin.py:190} INFO - [2024-11-28T13:47:07.259-0600] {dag.py:4180} INFO - Setting next_dagrun for dataset_with_extra_by_context to 2024-11-27 00:00:00+00:00, run_after=2024-11-28 00:00:00+00:00
[2024-11-28T13:47:07.261-0600] {logging_mixin.py:190} INFO - [2024-11-28T13:47:07.261-0600] {dag.py:4180} INFO - Setting next_dagrun for dataset_with_extra_by_yield to 2024-11-27 00:00:00+00:00, run_after=2024-11-28 00:00:00+00:00
[2024-11-28T13:47:07.263-0600] {logging_mixin.py:190} INFO - [2024-11-28T13:47:07.263-0600] {dag.py:4180} INFO - Setting next_dagrun for dataset_with_extra_from_classic_operator to 2024-11-27 00:00:00+00:00, run_after=2024-11-28 00:00:00+00:00
[2024-11-28T13:47:07.282-0600] {processor.py:208} INFO - Processing /root/airflow_env/lib/python3.12/site-packages/airflow/example_dags/example_outlet_event_extra.py took 0.069 seconds
