[2024-11-28T13:08:11.054-0600] {processor.py:186} INFO - Started process (PID=3238) to work on /root/airflow_env/lib/python3.12/site-packages/airflow/example_dags/example_dynamic_task_mapping.py
[2024-11-28T13:08:11.055-0600] {processor.py:914} INFO - Processing file /root/airflow_env/lib/python3.12/site-packages/airflow/example_dags/example_dynamic_task_mapping.py for tasks to queue
[2024-11-28T13:08:11.056-0600] {logging_mixin.py:190} INFO - [2024-11-28T13:08:11.056-0600] {dagbag.py:588} INFO - Filling up the DagBag from /root/airflow_env/lib/python3.12/site-packages/airflow/example_dags/example_dynamic_task_mapping.py
[2024-11-28T13:08:11.062-0600] {processor.py:925} INFO - DAG(s) 'example_dynamic_task_mapping' retrieved from /root/airflow_env/lib/python3.12/site-packages/airflow/example_dags/example_dynamic_task_mapping.py
[2024-11-28T13:08:11.131-0600] {logging_mixin.py:190} INFO - [2024-11-28T13:08:11.130-0600] {override.py:1911} INFO - Created Permission View: can edit on DAG:example_dynamic_task_mapping
[2024-11-28T13:08:11.140-0600] {logging_mixin.py:190} INFO - [2024-11-28T13:08:11.140-0600] {override.py:1911} INFO - Created Permission View: can delete on DAG:example_dynamic_task_mapping
[2024-11-28T13:08:11.147-0600] {logging_mixin.py:190} INFO - [2024-11-28T13:08:11.146-0600] {override.py:1911} INFO - Created Permission View: can read on DAG:example_dynamic_task_mapping
[2024-11-28T13:08:11.157-0600] {logging_mixin.py:190} INFO - [2024-11-28T13:08:11.157-0600] {override.py:1911} INFO - Created Permission View: can delete on DAG Run:example_dynamic_task_mapping
[2024-11-28T13:08:11.164-0600] {logging_mixin.py:190} INFO - [2024-11-28T13:08:11.164-0600] {override.py:1911} INFO - Created Permission View: can create on DAG Run:example_dynamic_task_mapping
[2024-11-28T13:08:11.170-0600] {logging_mixin.py:190} INFO - [2024-11-28T13:08:11.170-0600] {override.py:1911} INFO - Created Permission View: can read on DAG Run:example_dynamic_task_mapping
[2024-11-28T13:08:11.177-0600] {logging_mixin.py:190} INFO - [2024-11-28T13:08:11.177-0600] {override.py:1911} INFO - Created Permission View: menu access on DAG Run:example_dynamic_task_mapping
[2024-11-28T13:08:11.177-0600] {logging_mixin.py:190} INFO - [2024-11-28T13:08:11.177-0600] {dag.py:3239} INFO - Sync 1 DAGs
[2024-11-28T13:08:11.184-0600] {logging_mixin.py:190} INFO - [2024-11-28T13:08:11.184-0600] {dag.py:3262} INFO - Creating ORM DAG for example_dynamic_task_mapping
[2024-11-28T13:08:11.184-0600] {logging_mixin.py:190} INFO - [2024-11-28T13:08:11.184-0600] {dag.py:4180} INFO - Setting next_dagrun for example_dynamic_task_mapping to None, run_after=None
[2024-11-28T13:08:11.200-0600] {processor.py:208} INFO - Processing /root/airflow_env/lib/python3.12/site-packages/airflow/example_dags/example_dynamic_task_mapping.py took 0.149 seconds
[2024-11-28T13:09:07.841-0600] {processor.py:186} INFO - Started process (PID=3299) to work on /root/airflow_env/lib/python3.12/site-packages/airflow/example_dags/example_dynamic_task_mapping.py
[2024-11-28T13:09:07.843-0600] {processor.py:914} INFO - Processing file /root/airflow_env/lib/python3.12/site-packages/airflow/example_dags/example_dynamic_task_mapping.py for tasks to queue
[2024-11-28T13:09:07.845-0600] {logging_mixin.py:190} INFO - [2024-11-28T13:09:07.845-0600] {dagbag.py:588} INFO - Filling up the DagBag from /root/airflow_env/lib/python3.12/site-packages/airflow/example_dags/example_dynamic_task_mapping.py
[2024-11-28T13:09:07.850-0600] {processor.py:925} INFO - DAG(s) 'example_dynamic_task_mapping' retrieved from /root/airflow_env/lib/python3.12/site-packages/airflow/example_dags/example_dynamic_task_mapping.py
[2024-11-28T13:09:07.860-0600] {logging_mixin.py:190} INFO - [2024-11-28T13:09:07.860-0600] {dag.py:3239} INFO - Sync 1 DAGs
[2024-11-28T13:09:07.867-0600] {logging_mixin.py:190} INFO - [2024-11-28T13:09:07.867-0600] {dag.py:4180} INFO - Setting next_dagrun for example_dynamic_task_mapping to None, run_after=None
[2024-11-28T13:09:07.883-0600] {processor.py:208} INFO - Processing /root/airflow_env/lib/python3.12/site-packages/airflow/example_dags/example_dynamic_task_mapping.py took 0.046 seconds
[2024-11-28T13:45:29.923-0600] {processor.py:186} INFO - Started process (PID=3697) to work on /root/airflow_env/lib/python3.12/site-packages/airflow/example_dags/example_dynamic_task_mapping.py
[2024-11-28T13:45:29.926-0600] {processor.py:914} INFO - Processing file /root/airflow_env/lib/python3.12/site-packages/airflow/example_dags/example_dynamic_task_mapping.py for tasks to queue
[2024-11-28T13:45:29.928-0600] {logging_mixin.py:190} INFO - [2024-11-28T13:45:29.927-0600] {dagbag.py:588} INFO - Filling up the DagBag from /root/airflow_env/lib/python3.12/site-packages/airflow/example_dags/example_dynamic_task_mapping.py
[2024-11-28T13:45:29.934-0600] {processor.py:925} INFO - DAG(s) 'example_dynamic_task_mapping' retrieved from /root/airflow_env/lib/python3.12/site-packages/airflow/example_dags/example_dynamic_task_mapping.py
[2024-11-28T13:45:29.948-0600] {logging_mixin.py:190} INFO - [2024-11-28T13:45:29.947-0600] {dag.py:3239} INFO - Sync 1 DAGs
[2024-11-28T13:45:29.956-0600] {logging_mixin.py:190} INFO - [2024-11-28T13:45:29.955-0600] {dag.py:4180} INFO - Setting next_dagrun for example_dynamic_task_mapping to None, run_after=None
[2024-11-28T13:45:29.974-0600] {processor.py:208} INFO - Processing /root/airflow_env/lib/python3.12/site-packages/airflow/example_dags/example_dynamic_task_mapping.py took 0.055 seconds
[2024-11-28T13:46:25.849-0600] {processor.py:186} INFO - Started process (PID=3760) to work on /root/airflow_env/lib/python3.12/site-packages/airflow/example_dags/example_dynamic_task_mapping.py
[2024-11-28T13:46:25.851-0600] {processor.py:914} INFO - Processing file /root/airflow_env/lib/python3.12/site-packages/airflow/example_dags/example_dynamic_task_mapping.py for tasks to queue
[2024-11-28T13:46:25.852-0600] {logging_mixin.py:190} INFO - [2024-11-28T13:46:25.852-0600] {dagbag.py:588} INFO - Filling up the DagBag from /root/airflow_env/lib/python3.12/site-packages/airflow/example_dags/example_dynamic_task_mapping.py
[2024-11-28T13:46:25.858-0600] {processor.py:925} INFO - DAG(s) 'example_dynamic_task_mapping' retrieved from /root/airflow_env/lib/python3.12/site-packages/airflow/example_dags/example_dynamic_task_mapping.py
[2024-11-28T13:46:25.869-0600] {logging_mixin.py:190} INFO - [2024-11-28T13:46:25.868-0600] {dag.py:3239} INFO - Sync 1 DAGs
[2024-11-28T13:46:25.877-0600] {logging_mixin.py:190} INFO - [2024-11-28T13:46:25.877-0600] {dag.py:4180} INFO - Setting next_dagrun for example_dynamic_task_mapping to None, run_after=None
[2024-11-28T13:46:25.894-0600] {processor.py:208} INFO - Processing /root/airflow_env/lib/python3.12/site-packages/airflow/example_dags/example_dynamic_task_mapping.py took 0.049 seconds
[2024-11-28T13:47:22.880-0600] {processor.py:186} INFO - Started process (PID=3832) to work on /root/airflow_env/lib/python3.12/site-packages/airflow/example_dags/example_dynamic_task_mapping.py
[2024-11-28T13:47:22.881-0600] {processor.py:914} INFO - Processing file /root/airflow_env/lib/python3.12/site-packages/airflow/example_dags/example_dynamic_task_mapping.py for tasks to queue
[2024-11-28T13:47:22.883-0600] {logging_mixin.py:190} INFO - [2024-11-28T13:47:22.883-0600] {dagbag.py:588} INFO - Filling up the DagBag from /root/airflow_env/lib/python3.12/site-packages/airflow/example_dags/example_dynamic_task_mapping.py
[2024-11-28T13:47:22.888-0600] {processor.py:925} INFO - DAG(s) 'example_dynamic_task_mapping' retrieved from /root/airflow_env/lib/python3.12/site-packages/airflow/example_dags/example_dynamic_task_mapping.py
[2024-11-28T13:47:22.898-0600] {logging_mixin.py:190} INFO - [2024-11-28T13:47:22.898-0600] {dag.py:3239} INFO - Sync 1 DAGs
[2024-11-28T13:47:22.905-0600] {logging_mixin.py:190} INFO - [2024-11-28T13:47:22.905-0600] {dag.py:4180} INFO - Setting next_dagrun for example_dynamic_task_mapping to None, run_after=None
[2024-11-28T13:47:22.921-0600] {processor.py:208} INFO - Processing /root/airflow_env/lib/python3.12/site-packages/airflow/example_dags/example_dynamic_task_mapping.py took 0.044 seconds
