[2024-11-28T13:07:36.718-0600] {processor.py:186} INFO - Started process (PID=3185) to work on /root/airflow_env/lib/python3.12/site-packages/airflow/example_dags/example_branch_datetime_operator.py
[2024-11-28T13:07:36.719-0600] {processor.py:914} INFO - Processing file /root/airflow_env/lib/python3.12/site-packages/airflow/example_dags/example_branch_datetime_operator.py for tasks to queue
[2024-11-28T13:07:36.720-0600] {logging_mixin.py:190} INFO - [2024-11-28T13:07:36.720-0600] {dagbag.py:588} INFO - Filling up the DagBag from /root/airflow_env/lib/python3.12/site-packages/airflow/example_dags/example_branch_datetime_operator.py
[2024-11-28T13:07:36.727-0600] {processor.py:925} INFO - DAG(s) 'example_branch_datetime_operator', 'example_branch_datetime_operator_2', 'example_branch_datetime_operator_3' retrieved from /root/airflow_env/lib/python3.12/site-packages/airflow/example_dags/example_branch_datetime_operator.py
[2024-11-28T13:07:36.795-0600] {logging_mixin.py:190} INFO - [2024-11-28T13:07:36.794-0600] {override.py:1911} INFO - Created Permission View: can edit on DAG:example_branch_datetime_operator
[2024-11-28T13:07:36.805-0600] {logging_mixin.py:190} INFO - [2024-11-28T13:07:36.805-0600] {override.py:1911} INFO - Created Permission View: can delete on DAG:example_branch_datetime_operator
[2024-11-28T13:07:36.813-0600] {logging_mixin.py:190} INFO - [2024-11-28T13:07:36.813-0600] {override.py:1911} INFO - Created Permission View: can read on DAG:example_branch_datetime_operator
[2024-11-28T13:07:36.824-0600] {logging_mixin.py:190} INFO - [2024-11-28T13:07:36.823-0600] {override.py:1911} INFO - Created Permission View: can delete on DAG Run:example_branch_datetime_operator
[2024-11-28T13:07:36.830-0600] {logging_mixin.py:190} INFO - [2024-11-28T13:07:36.829-0600] {override.py:1911} INFO - Created Permission View: can create on DAG Run:example_branch_datetime_operator
[2024-11-28T13:07:36.835-0600] {logging_mixin.py:190} INFO - [2024-11-28T13:07:36.835-0600] {override.py:1911} INFO - Created Permission View: can read on DAG Run:example_branch_datetime_operator
[2024-11-28T13:07:36.841-0600] {logging_mixin.py:190} INFO - [2024-11-28T13:07:36.841-0600] {override.py:1911} INFO - Created Permission View: menu access on DAG Run:example_branch_datetime_operator
[2024-11-28T13:07:36.853-0600] {logging_mixin.py:190} INFO - [2024-11-28T13:07:36.853-0600] {override.py:1911} INFO - Created Permission View: can edit on DAG:example_branch_datetime_operator_2
[2024-11-28T13:07:36.858-0600] {logging_mixin.py:190} INFO - [2024-11-28T13:07:36.858-0600] {override.py:1911} INFO - Created Permission View: can delete on DAG:example_branch_datetime_operator_2
[2024-11-28T13:07:36.864-0600] {logging_mixin.py:190} INFO - [2024-11-28T13:07:36.864-0600] {override.py:1911} INFO - Created Permission View: can read on DAG:example_branch_datetime_operator_2
[2024-11-28T13:07:36.872-0600] {logging_mixin.py:190} INFO - [2024-11-28T13:07:36.872-0600] {override.py:1911} INFO - Created Permission View: can delete on DAG Run:example_branch_datetime_operator_2
[2024-11-28T13:07:36.878-0600] {logging_mixin.py:190} INFO - [2024-11-28T13:07:36.877-0600] {override.py:1911} INFO - Created Permission View: can create on DAG Run:example_branch_datetime_operator_2
[2024-11-28T13:07:36.884-0600] {logging_mixin.py:190} INFO - [2024-11-28T13:07:36.884-0600] {override.py:1911} INFO - Created Permission View: can read on DAG Run:example_branch_datetime_operator_2
[2024-11-28T13:07:36.889-0600] {logging_mixin.py:190} INFO - [2024-11-28T13:07:36.889-0600] {override.py:1911} INFO - Created Permission View: menu access on DAG Run:example_branch_datetime_operator_2
[2024-11-28T13:07:36.903-0600] {logging_mixin.py:190} INFO - [2024-11-28T13:07:36.903-0600] {override.py:1911} INFO - Created Permission View: can edit on DAG:example_branch_datetime_operator_3
[2024-11-28T13:07:36.908-0600] {logging_mixin.py:190} INFO - [2024-11-28T13:07:36.908-0600] {override.py:1911} INFO - Created Permission View: can delete on DAG:example_branch_datetime_operator_3
[2024-11-28T13:07:36.914-0600] {logging_mixin.py:190} INFO - [2024-11-28T13:07:36.913-0600] {override.py:1911} INFO - Created Permission View: can read on DAG:example_branch_datetime_operator_3
[2024-11-28T13:07:36.922-0600] {logging_mixin.py:190} INFO - [2024-11-28T13:07:36.922-0600] {override.py:1911} INFO - Created Permission View: can delete on DAG Run:example_branch_datetime_operator_3
[2024-11-28T13:07:36.928-0600] {logging_mixin.py:190} INFO - [2024-11-28T13:07:36.927-0600] {override.py:1911} INFO - Created Permission View: can create on DAG Run:example_branch_datetime_operator_3
[2024-11-28T13:07:36.933-0600] {logging_mixin.py:190} INFO - [2024-11-28T13:07:36.933-0600] {override.py:1911} INFO - Created Permission View: can read on DAG Run:example_branch_datetime_operator_3
[2024-11-28T13:07:36.939-0600] {logging_mixin.py:190} INFO - [2024-11-28T13:07:36.938-0600] {override.py:1911} INFO - Created Permission View: menu access on DAG Run:example_branch_datetime_operator_3
[2024-11-28T13:07:36.939-0600] {logging_mixin.py:190} INFO - [2024-11-28T13:07:36.939-0600] {dag.py:3239} INFO - Sync 3 DAGs
[2024-11-28T13:07:36.946-0600] {logging_mixin.py:190} INFO - [2024-11-28T13:07:36.946-0600] {dag.py:3262} INFO - Creating ORM DAG for example_branch_datetime_operator_3
[2024-11-28T13:07:36.947-0600] {logging_mixin.py:190} INFO - [2024-11-28T13:07:36.946-0600] {dag.py:3262} INFO - Creating ORM DAG for example_branch_datetime_operator_2
[2024-11-28T13:07:36.947-0600] {logging_mixin.py:190} INFO - [2024-11-28T13:07:36.947-0600] {dag.py:3262} INFO - Creating ORM DAG for example_branch_datetime_operator
[2024-11-28T13:07:36.953-0600] {logging_mixin.py:190} INFO - [2024-11-28T13:07:36.953-0600] {dag.py:4180} INFO - Setting next_dagrun for example_branch_datetime_operator to 2024-11-27 00:00:00+00:00, run_after=2024-11-28 00:00:00+00:00
[2024-11-28T13:07:36.954-0600] {logging_mixin.py:190} INFO - [2024-11-28T13:07:36.954-0600] {dag.py:4180} INFO - Setting next_dagrun for example_branch_datetime_operator_2 to 2024-11-27 00:00:00+00:00, run_after=2024-11-28 00:00:00+00:00
[2024-11-28T13:07:36.955-0600] {logging_mixin.py:190} INFO - [2024-11-28T13:07:36.954-0600] {dag.py:4180} INFO - Setting next_dagrun for example_branch_datetime_operator_3 to 2024-11-27 00:00:00+00:00, run_after=2024-11-28 00:00:00+00:00
[2024-11-28T13:07:36.970-0600] {processor.py:208} INFO - Processing /root/airflow_env/lib/python3.12/site-packages/airflow/example_dags/example_branch_datetime_operator.py took 0.255 seconds
[2024-11-28T13:08:36.977-0600] {processor.py:186} INFO - Started process (PID=3268) to work on /root/airflow_env/lib/python3.12/site-packages/airflow/example_dags/example_branch_datetime_operator.py
[2024-11-28T13:08:36.980-0600] {processor.py:914} INFO - Processing file /root/airflow_env/lib/python3.12/site-packages/airflow/example_dags/example_branch_datetime_operator.py for tasks to queue
[2024-11-28T13:08:36.981-0600] {logging_mixin.py:190} INFO - [2024-11-28T13:08:36.981-0600] {dagbag.py:588} INFO - Filling up the DagBag from /root/airflow_env/lib/python3.12/site-packages/airflow/example_dags/example_branch_datetime_operator.py
[2024-11-28T13:08:36.990-0600] {processor.py:925} INFO - DAG(s) 'example_branch_datetime_operator_2', 'example_branch_datetime_operator', 'example_branch_datetime_operator_3' retrieved from /root/airflow_env/lib/python3.12/site-packages/airflow/example_dags/example_branch_datetime_operator.py
[2024-11-28T13:08:37.004-0600] {logging_mixin.py:190} INFO - [2024-11-28T13:08:37.004-0600] {dag.py:3239} INFO - Sync 3 DAGs
[2024-11-28T13:08:37.019-0600] {logging_mixin.py:190} INFO - [2024-11-28T13:08:37.019-0600] {dag.py:4180} INFO - Setting next_dagrun for example_branch_datetime_operator to 2024-11-27 00:00:00+00:00, run_after=2024-11-28 00:00:00+00:00
[2024-11-28T13:08:37.021-0600] {logging_mixin.py:190} INFO - [2024-11-28T13:08:37.021-0600] {dag.py:4180} INFO - Setting next_dagrun for example_branch_datetime_operator_2 to 2024-11-27 00:00:00+00:00, run_after=2024-11-28 00:00:00+00:00
[2024-11-28T13:08:37.023-0600] {logging_mixin.py:190} INFO - [2024-11-28T13:08:37.023-0600] {dag.py:4180} INFO - Setting next_dagrun for example_branch_datetime_operator_3 to 2024-11-27 00:00:00+00:00, run_after=2024-11-28 00:00:00+00:00
[2024-11-28T13:08:37.039-0600] {processor.py:208} INFO - Processing /root/airflow_env/lib/python3.12/site-packages/airflow/example_dags/example_branch_datetime_operator.py took 0.065 seconds
[2024-11-28T13:09:32.437-0600] {processor.py:186} INFO - Started process (PID=3327) to work on /root/airflow_env/lib/python3.12/site-packages/airflow/example_dags/example_branch_datetime_operator.py
[2024-11-28T13:09:32.439-0600] {processor.py:914} INFO - Processing file /root/airflow_env/lib/python3.12/site-packages/airflow/example_dags/example_branch_datetime_operator.py for tasks to queue
[2024-11-28T13:09:32.440-0600] {logging_mixin.py:190} INFO - [2024-11-28T13:09:32.440-0600] {dagbag.py:588} INFO - Filling up the DagBag from /root/airflow_env/lib/python3.12/site-packages/airflow/example_dags/example_branch_datetime_operator.py
[2024-11-28T13:09:32.448-0600] {processor.py:925} INFO - DAG(s) 'example_branch_datetime_operator', 'example_branch_datetime_operator_2', 'example_branch_datetime_operator_3' retrieved from /root/airflow_env/lib/python3.12/site-packages/airflow/example_dags/example_branch_datetime_operator.py
[2024-11-28T13:09:32.461-0600] {logging_mixin.py:190} INFO - [2024-11-28T13:09:32.461-0600] {dag.py:3239} INFO - Sync 3 DAGs
[2024-11-28T13:09:32.474-0600] {logging_mixin.py:190} INFO - [2024-11-28T13:09:32.473-0600] {dag.py:4180} INFO - Setting next_dagrun for example_branch_datetime_operator to 2024-11-27 00:00:00+00:00, run_after=2024-11-28 00:00:00+00:00
[2024-11-28T13:09:32.476-0600] {logging_mixin.py:190} INFO - [2024-11-28T13:09:32.476-0600] {dag.py:4180} INFO - Setting next_dagrun for example_branch_datetime_operator_2 to 2024-11-27 00:00:00+00:00, run_after=2024-11-28 00:00:00+00:00
[2024-11-28T13:09:32.477-0600] {logging_mixin.py:190} INFO - [2024-11-28T13:09:32.477-0600] {dag.py:4180} INFO - Setting next_dagrun for example_branch_datetime_operator_3 to 2024-11-27 00:00:00+00:00, run_after=2024-11-28 00:00:00+00:00
[2024-11-28T13:09:32.493-0600] {processor.py:208} INFO - Processing /root/airflow_env/lib/python3.12/site-packages/airflow/example_dags/example_branch_datetime_operator.py took 0.060 seconds
[2024-11-28T13:44:59.989-0600] {processor.py:186} INFO - Started process (PID=3659) to work on /root/airflow_env/lib/python3.12/site-packages/airflow/example_dags/example_branch_datetime_operator.py
[2024-11-28T13:44:59.991-0600] {processor.py:914} INFO - Processing file /root/airflow_env/lib/python3.12/site-packages/airflow/example_dags/example_branch_datetime_operator.py for tasks to queue
[2024-11-28T13:44:59.992-0600] {logging_mixin.py:190} INFO - [2024-11-28T13:44:59.992-0600] {dagbag.py:588} INFO - Filling up the DagBag from /root/airflow_env/lib/python3.12/site-packages/airflow/example_dags/example_branch_datetime_operator.py
[2024-11-28T13:45:00.000-0600] {processor.py:925} INFO - DAG(s) 'example_branch_datetime_operator', 'example_branch_datetime_operator_3', 'example_branch_datetime_operator_2' retrieved from /root/airflow_env/lib/python3.12/site-packages/airflow/example_dags/example_branch_datetime_operator.py
[2024-11-28T13:45:00.016-0600] {logging_mixin.py:190} INFO - [2024-11-28T13:45:00.016-0600] {dag.py:3239} INFO - Sync 3 DAGs
[2024-11-28T13:45:00.029-0600] {logging_mixin.py:190} INFO - [2024-11-28T13:45:00.029-0600] {dag.py:4180} INFO - Setting next_dagrun for example_branch_datetime_operator to 2024-11-27 00:00:00+00:00, run_after=2024-11-28 00:00:00+00:00
[2024-11-28T13:45:00.032-0600] {logging_mixin.py:190} INFO - [2024-11-28T13:45:00.032-0600] {dag.py:4180} INFO - Setting next_dagrun for example_branch_datetime_operator_2 to 2024-11-27 00:00:00+00:00, run_after=2024-11-28 00:00:00+00:00
[2024-11-28T13:45:00.033-0600] {logging_mixin.py:190} INFO - [2024-11-28T13:45:00.033-0600] {dag.py:4180} INFO - Setting next_dagrun for example_branch_datetime_operator_3 to 2024-11-27 00:00:00+00:00, run_after=2024-11-28 00:00:00+00:00
[2024-11-28T13:45:00.048-0600] {processor.py:208} INFO - Processing /root/airflow_env/lib/python3.12/site-packages/airflow/example_dags/example_branch_datetime_operator.py took 0.062 seconds
[2024-11-28T13:45:57.822-0600] {processor.py:186} INFO - Started process (PID=3729) to work on /root/airflow_env/lib/python3.12/site-packages/airflow/example_dags/example_branch_datetime_operator.py
[2024-11-28T13:45:57.824-0600] {processor.py:914} INFO - Processing file /root/airflow_env/lib/python3.12/site-packages/airflow/example_dags/example_branch_datetime_operator.py for tasks to queue
[2024-11-28T13:45:57.825-0600] {logging_mixin.py:190} INFO - [2024-11-28T13:45:57.825-0600] {dagbag.py:588} INFO - Filling up the DagBag from /root/airflow_env/lib/python3.12/site-packages/airflow/example_dags/example_branch_datetime_operator.py
[2024-11-28T13:45:57.833-0600] {processor.py:925} INFO - DAG(s) 'example_branch_datetime_operator', 'example_branch_datetime_operator_2', 'example_branch_datetime_operator_3' retrieved from /root/airflow_env/lib/python3.12/site-packages/airflow/example_dags/example_branch_datetime_operator.py
[2024-11-28T13:45:57.846-0600] {logging_mixin.py:190} INFO - [2024-11-28T13:45:57.846-0600] {dag.py:3239} INFO - Sync 3 DAGs
[2024-11-28T13:45:57.859-0600] {logging_mixin.py:190} INFO - [2024-11-28T13:45:57.859-0600] {dag.py:4180} INFO - Setting next_dagrun for example_branch_datetime_operator to 2024-11-27 00:00:00+00:00, run_after=2024-11-28 00:00:00+00:00
[2024-11-28T13:45:57.861-0600] {logging_mixin.py:190} INFO - [2024-11-28T13:45:57.861-0600] {dag.py:4180} INFO - Setting next_dagrun for example_branch_datetime_operator_2 to 2024-11-27 00:00:00+00:00, run_after=2024-11-28 00:00:00+00:00
[2024-11-28T13:45:57.862-0600] {logging_mixin.py:190} INFO - [2024-11-28T13:45:57.862-0600] {dag.py:4180} INFO - Setting next_dagrun for example_branch_datetime_operator_3 to 2024-11-27 00:00:00+00:00, run_after=2024-11-28 00:00:00+00:00
[2024-11-28T13:45:57.878-0600] {processor.py:208} INFO - Processing /root/airflow_env/lib/python3.12/site-packages/airflow/example_dags/example_branch_datetime_operator.py took 0.060 seconds
[2024-11-28T13:46:49.809-0600] {processor.py:186} INFO - Started process (PID=3790) to work on /root/airflow_env/lib/python3.12/site-packages/airflow/example_dags/example_branch_datetime_operator.py
[2024-11-28T13:46:49.811-0600] {processor.py:914} INFO - Processing file /root/airflow_env/lib/python3.12/site-packages/airflow/example_dags/example_branch_datetime_operator.py for tasks to queue
[2024-11-28T13:46:49.812-0600] {logging_mixin.py:190} INFO - [2024-11-28T13:46:49.812-0600] {dagbag.py:588} INFO - Filling up the DagBag from /root/airflow_env/lib/python3.12/site-packages/airflow/example_dags/example_branch_datetime_operator.py
[2024-11-28T13:46:49.821-0600] {processor.py:925} INFO - DAG(s) 'example_branch_datetime_operator_2', 'example_branch_datetime_operator_3', 'example_branch_datetime_operator' retrieved from /root/airflow_env/lib/python3.12/site-packages/airflow/example_dags/example_branch_datetime_operator.py
[2024-11-28T13:46:49.834-0600] {logging_mixin.py:190} INFO - [2024-11-28T13:46:49.834-0600] {dag.py:3239} INFO - Sync 3 DAGs
[2024-11-28T13:46:49.848-0600] {logging_mixin.py:190} INFO - [2024-11-28T13:46:49.848-0600] {dag.py:4180} INFO - Setting next_dagrun for example_branch_datetime_operator to 2024-11-27 00:00:00+00:00, run_after=2024-11-28 00:00:00+00:00
[2024-11-28T13:46:49.851-0600] {logging_mixin.py:190} INFO - [2024-11-28T13:46:49.851-0600] {dag.py:4180} INFO - Setting next_dagrun for example_branch_datetime_operator_2 to 2024-11-27 00:00:00+00:00, run_after=2024-11-28 00:00:00+00:00
[2024-11-28T13:46:49.852-0600] {logging_mixin.py:190} INFO - [2024-11-28T13:46:49.852-0600] {dag.py:4180} INFO - Setting next_dagrun for example_branch_datetime_operator_3 to 2024-11-27 00:00:00+00:00, run_after=2024-11-28 00:00:00+00:00
[2024-11-28T13:46:49.868-0600] {processor.py:208} INFO - Processing /root/airflow_env/lib/python3.12/site-packages/airflow/example_dags/example_branch_datetime_operator.py took 0.062 seconds
[2024-11-28T13:47:43.152-0600] {processor.py:186} INFO - Started process (PID=3855) to work on /root/airflow_env/lib/python3.12/site-packages/airflow/example_dags/example_branch_datetime_operator.py
[2024-11-28T13:47:43.153-0600] {processor.py:914} INFO - Processing file /root/airflow_env/lib/python3.12/site-packages/airflow/example_dags/example_branch_datetime_operator.py for tasks to queue
[2024-11-28T13:47:43.155-0600] {logging_mixin.py:190} INFO - [2024-11-28T13:47:43.154-0600] {dagbag.py:588} INFO - Filling up the DagBag from /root/airflow_env/lib/python3.12/site-packages/airflow/example_dags/example_branch_datetime_operator.py
[2024-11-28T13:47:43.163-0600] {processor.py:925} INFO - DAG(s) 'example_branch_datetime_operator_3', 'example_branch_datetime_operator_2', 'example_branch_datetime_operator' retrieved from /root/airflow_env/lib/python3.12/site-packages/airflow/example_dags/example_branch_datetime_operator.py
[2024-11-28T13:47:43.184-0600] {logging_mixin.py:190} INFO - [2024-11-28T13:47:43.183-0600] {dag.py:3239} INFO - Sync 3 DAGs
[2024-11-28T13:47:43.201-0600] {logging_mixin.py:190} INFO - [2024-11-28T13:47:43.201-0600] {dag.py:4180} INFO - Setting next_dagrun for example_branch_datetime_operator to 2024-11-27 00:00:00+00:00, run_after=2024-11-28 00:00:00+00:00
[2024-11-28T13:47:43.205-0600] {logging_mixin.py:190} INFO - [2024-11-28T13:47:43.205-0600] {dag.py:4180} INFO - Setting next_dagrun for example_branch_datetime_operator_2 to 2024-11-27 00:00:00+00:00, run_after=2024-11-28 00:00:00+00:00
[2024-11-28T13:47:43.206-0600] {logging_mixin.py:190} INFO - [2024-11-28T13:47:43.206-0600] {dag.py:4180} INFO - Setting next_dagrun for example_branch_datetime_operator_3 to 2024-11-27 00:00:00+00:00, run_after=2024-11-28 00:00:00+00:00
[2024-11-28T13:47:43.225-0600] {processor.py:208} INFO - Processing /root/airflow_env/lib/python3.12/site-packages/airflow/example_dags/example_branch_datetime_operator.py took 0.078 seconds
