[2024-11-28T13:07:43.581-0600] {processor.py:186} INFO - Started process (PID=3203) to work on /root/airflow_env/lib/python3.12/site-packages/airflow/example_dags/example_params_ui_tutorial.py
[2024-11-28T13:07:43.582-0600] {processor.py:914} INFO - Processing file /root/airflow_env/lib/python3.12/site-packages/airflow/example_dags/example_params_ui_tutorial.py for tasks to queue
[2024-11-28T13:07:43.583-0600] {logging_mixin.py:190} INFO - [2024-11-28T13:07:43.583-0600] {dagbag.py:588} INFO - Filling up the DagBag from /root/airflow_env/lib/python3.12/site-packages/airflow/example_dags/example_params_ui_tutorial.py
[2024-11-28T13:07:43.590-0600] {processor.py:925} INFO - DAG(s) 'example_params_ui_tutorial' retrieved from /root/airflow_env/lib/python3.12/site-packages/airflow/example_dags/example_params_ui_tutorial.py
[2024-11-28T13:07:43.719-0600] {logging_mixin.py:190} INFO - [2024-11-28T13:07:43.718-0600] {override.py:1911} INFO - Created Permission View: can edit on DAG:example_params_ui_tutorial
[2024-11-28T13:07:43.728-0600] {logging_mixin.py:190} INFO - [2024-11-28T13:07:43.727-0600] {override.py:1911} INFO - Created Permission View: can delete on DAG:example_params_ui_tutorial
[2024-11-28T13:07:43.734-0600] {logging_mixin.py:190} INFO - [2024-11-28T13:07:43.734-0600] {override.py:1911} INFO - Created Permission View: can read on DAG:example_params_ui_tutorial
[2024-11-28T13:07:43.743-0600] {logging_mixin.py:190} INFO - [2024-11-28T13:07:43.743-0600] {override.py:1911} INFO - Created Permission View: can delete on DAG Run:example_params_ui_tutorial
[2024-11-28T13:07:43.749-0600] {logging_mixin.py:190} INFO - [2024-11-28T13:07:43.748-0600] {override.py:1911} INFO - Created Permission View: can create on DAG Run:example_params_ui_tutorial
[2024-11-28T13:07:43.754-0600] {logging_mixin.py:190} INFO - [2024-11-28T13:07:43.754-0600] {override.py:1911} INFO - Created Permission View: can read on DAG Run:example_params_ui_tutorial
[2024-11-28T13:07:43.760-0600] {logging_mixin.py:190} INFO - [2024-11-28T13:07:43.760-0600] {override.py:1911} INFO - Created Permission View: menu access on DAG Run:example_params_ui_tutorial
[2024-11-28T13:07:43.761-0600] {logging_mixin.py:190} INFO - [2024-11-28T13:07:43.760-0600] {dag.py:3239} INFO - Sync 1 DAGs
[2024-11-28T13:07:43.769-0600] {logging_mixin.py:190} INFO - [2024-11-28T13:07:43.769-0600] {dag.py:3262} INFO - Creating ORM DAG for example_params_ui_tutorial
[2024-11-28T13:07:43.769-0600] {logging_mixin.py:190} INFO - [2024-11-28T13:07:43.769-0600] {dag.py:4180} INFO - Setting next_dagrun for example_params_ui_tutorial to None, run_after=None
[2024-11-28T13:07:43.796-0600] {processor.py:208} INFO - Processing /root/airflow_env/lib/python3.12/site-packages/airflow/example_dags/example_params_ui_tutorial.py took 0.219 seconds
[2024-11-28T13:08:43.365-0600] {processor.py:186} INFO - Started process (PID=3274) to work on /root/airflow_env/lib/python3.12/site-packages/airflow/example_dags/example_params_ui_tutorial.py
[2024-11-28T13:08:43.367-0600] {processor.py:914} INFO - Processing file /root/airflow_env/lib/python3.12/site-packages/airflow/example_dags/example_params_ui_tutorial.py for tasks to queue
[2024-11-28T13:08:43.369-0600] {logging_mixin.py:190} INFO - [2024-11-28T13:08:43.368-0600] {dagbag.py:588} INFO - Filling up the DagBag from /root/airflow_env/lib/python3.12/site-packages/airflow/example_dags/example_params_ui_tutorial.py
[2024-11-28T13:08:43.374-0600] {processor.py:925} INFO - DAG(s) 'example_params_ui_tutorial' retrieved from /root/airflow_env/lib/python3.12/site-packages/airflow/example_dags/example_params_ui_tutorial.py
[2024-11-28T13:08:43.402-0600] {logging_mixin.py:190} INFO - [2024-11-28T13:08:43.401-0600] {dag.py:3239} INFO - Sync 1 DAGs
[2024-11-28T13:08:43.409-0600] {logging_mixin.py:190} INFO - [2024-11-28T13:08:43.409-0600] {dag.py:4180} INFO - Setting next_dagrun for example_params_ui_tutorial to None, run_after=None
[2024-11-28T13:08:43.430-0600] {processor.py:208} INFO - Processing /root/airflow_env/lib/python3.12/site-packages/airflow/example_dags/example_params_ui_tutorial.py took 0.071 seconds
[2024-11-28T13:09:37.582-0600] {processor.py:186} INFO - Started process (PID=3335) to work on /root/airflow_env/lib/python3.12/site-packages/airflow/example_dags/example_params_ui_tutorial.py
[2024-11-28T13:09:37.584-0600] {processor.py:914} INFO - Processing file /root/airflow_env/lib/python3.12/site-packages/airflow/example_dags/example_params_ui_tutorial.py for tasks to queue
[2024-11-28T13:09:37.586-0600] {logging_mixin.py:190} INFO - [2024-11-28T13:09:37.586-0600] {dagbag.py:588} INFO - Filling up the DagBag from /root/airflow_env/lib/python3.12/site-packages/airflow/example_dags/example_params_ui_tutorial.py
[2024-11-28T13:09:37.596-0600] {processor.py:925} INFO - DAG(s) 'example_params_ui_tutorial' retrieved from /root/airflow_env/lib/python3.12/site-packages/airflow/example_dags/example_params_ui_tutorial.py
[2024-11-28T13:09:37.626-0600] {logging_mixin.py:190} INFO - [2024-11-28T13:09:37.626-0600] {dag.py:3239} INFO - Sync 1 DAGs
[2024-11-28T13:09:37.640-0600] {logging_mixin.py:190} INFO - [2024-11-28T13:09:37.639-0600] {dag.py:4180} INFO - Setting next_dagrun for example_params_ui_tutorial to None, run_after=None
[2024-11-28T13:09:37.661-0600] {processor.py:208} INFO - Processing /root/airflow_env/lib/python3.12/site-packages/airflow/example_dags/example_params_ui_tutorial.py took 0.083 seconds
[2024-11-28T13:45:05.230-0600] {processor.py:186} INFO - Started process (PID=3665) to work on /root/airflow_env/lib/python3.12/site-packages/airflow/example_dags/example_params_ui_tutorial.py
[2024-11-28T13:45:05.233-0600] {processor.py:914} INFO - Processing file /root/airflow_env/lib/python3.12/site-packages/airflow/example_dags/example_params_ui_tutorial.py for tasks to queue
[2024-11-28T13:45:05.235-0600] {logging_mixin.py:190} INFO - [2024-11-28T13:45:05.234-0600] {dagbag.py:588} INFO - Filling up the DagBag from /root/airflow_env/lib/python3.12/site-packages/airflow/example_dags/example_params_ui_tutorial.py
[2024-11-28T13:45:05.241-0600] {processor.py:925} INFO - DAG(s) 'example_params_ui_tutorial' retrieved from /root/airflow_env/lib/python3.12/site-packages/airflow/example_dags/example_params_ui_tutorial.py
[2024-11-28T13:45:05.267-0600] {logging_mixin.py:190} INFO - [2024-11-28T13:45:05.267-0600] {dag.py:3239} INFO - Sync 1 DAGs
[2024-11-28T13:45:05.275-0600] {logging_mixin.py:190} INFO - [2024-11-28T13:45:05.275-0600] {dag.py:4180} INFO - Setting next_dagrun for example_params_ui_tutorial to None, run_after=None
[2024-11-28T13:45:05.293-0600] {processor.py:208} INFO - Processing /root/airflow_env/lib/python3.12/site-packages/airflow/example_dags/example_params_ui_tutorial.py took 0.066 seconds
[2024-11-28T13:46:02.968-0600] {processor.py:186} INFO - Started process (PID=3735) to work on /root/airflow_env/lib/python3.12/site-packages/airflow/example_dags/example_params_ui_tutorial.py
[2024-11-28T13:46:02.971-0600] {processor.py:914} INFO - Processing file /root/airflow_env/lib/python3.12/site-packages/airflow/example_dags/example_params_ui_tutorial.py for tasks to queue
[2024-11-28T13:46:02.972-0600] {logging_mixin.py:190} INFO - [2024-11-28T13:46:02.972-0600] {dagbag.py:588} INFO - Filling up the DagBag from /root/airflow_env/lib/python3.12/site-packages/airflow/example_dags/example_params_ui_tutorial.py
[2024-11-28T13:46:02.978-0600] {processor.py:925} INFO - DAG(s) 'example_params_ui_tutorial' retrieved from /root/airflow_env/lib/python3.12/site-packages/airflow/example_dags/example_params_ui_tutorial.py
[2024-11-28T13:46:03.001-0600] {logging_mixin.py:190} INFO - [2024-11-28T13:46:03.001-0600] {dag.py:3239} INFO - Sync 1 DAGs
[2024-11-28T13:46:03.009-0600] {logging_mixin.py:190} INFO - [2024-11-28T13:46:03.009-0600] {dag.py:4180} INFO - Setting next_dagrun for example_params_ui_tutorial to None, run_after=None
[2024-11-28T13:46:03.024-0600] {processor.py:208} INFO - Processing /root/airflow_env/lib/python3.12/site-packages/airflow/example_dags/example_params_ui_tutorial.py took 0.059 seconds
[2024-11-28T13:46:55.681-0600] {processor.py:186} INFO - Started process (PID=3796) to work on /root/airflow_env/lib/python3.12/site-packages/airflow/example_dags/example_params_ui_tutorial.py
[2024-11-28T13:46:55.682-0600] {processor.py:914} INFO - Processing file /root/airflow_env/lib/python3.12/site-packages/airflow/example_dags/example_params_ui_tutorial.py for tasks to queue
[2024-11-28T13:46:55.683-0600] {logging_mixin.py:190} INFO - [2024-11-28T13:46:55.683-0600] {dagbag.py:588} INFO - Filling up the DagBag from /root/airflow_env/lib/python3.12/site-packages/airflow/example_dags/example_params_ui_tutorial.py
[2024-11-28T13:46:55.689-0600] {processor.py:925} INFO - DAG(s) 'example_params_ui_tutorial' retrieved from /root/airflow_env/lib/python3.12/site-packages/airflow/example_dags/example_params_ui_tutorial.py
[2024-11-28T13:46:55.712-0600] {logging_mixin.py:190} INFO - [2024-11-28T13:46:55.712-0600] {dag.py:3239} INFO - Sync 1 DAGs
[2024-11-28T13:46:55.720-0600] {logging_mixin.py:190} INFO - [2024-11-28T13:46:55.720-0600] {dag.py:4180} INFO - Setting next_dagrun for example_params_ui_tutorial to None, run_after=None
[2024-11-28T13:46:55.737-0600] {processor.py:208} INFO - Processing /root/airflow_env/lib/python3.12/site-packages/airflow/example_dags/example_params_ui_tutorial.py took 0.059 seconds
