[2024-11-28T13:07:52.751-0600] {processor.py:186} INFO - Started process (PID=3215) to work on /root/airflow_env/lib/python3.12/site-packages/airflow/example_dags/tutorial_objectstorage.py
[2024-11-28T13:07:52.751-0600] {processor.py:914} INFO - Processing file /root/airflow_env/lib/python3.12/site-packages/airflow/example_dags/tutorial_objectstorage.py for tasks to queue
[2024-11-28T13:07:52.753-0600] {logging_mixin.py:190} INFO - [2024-11-28T13:07:52.752-0600] {dagbag.py:588} INFO - Filling up the DagBag from /root/airflow_env/lib/python3.12/site-packages/airflow/example_dags/tutorial_objectstorage.py
[2024-11-28T13:07:52.761-0600] {processor.py:925} INFO - DAG(s) 'tutorial_objectstorage' retrieved from /root/airflow_env/lib/python3.12/site-packages/airflow/example_dags/tutorial_objectstorage.py
[2024-11-28T13:07:52.835-0600] {logging_mixin.py:190} INFO - [2024-11-28T13:07:52.834-0600] {override.py:1911} INFO - Created Permission View: can edit on DAG:tutorial_objectstorage
[2024-11-28T13:07:52.843-0600] {logging_mixin.py:190} INFO - [2024-11-28T13:07:52.843-0600] {override.py:1911} INFO - Created Permission View: can delete on DAG:tutorial_objectstorage
[2024-11-28T13:07:52.850-0600] {logging_mixin.py:190} INFO - [2024-11-28T13:07:52.849-0600] {override.py:1911} INFO - Created Permission View: can read on DAG:tutorial_objectstorage
[2024-11-28T13:07:52.860-0600] {logging_mixin.py:190} INFO - [2024-11-28T13:07:52.860-0600] {override.py:1911} INFO - Created Permission View: can delete on DAG Run:tutorial_objectstorage
[2024-11-28T13:07:52.866-0600] {logging_mixin.py:190} INFO - [2024-11-28T13:07:52.866-0600] {override.py:1911} INFO - Created Permission View: can create on DAG Run:tutorial_objectstorage
[2024-11-28T13:07:52.876-0600] {logging_mixin.py:190} INFO - [2024-11-28T13:07:52.876-0600] {override.py:1911} INFO - Created Permission View: can read on DAG Run:tutorial_objectstorage
[2024-11-28T13:07:52.883-0600] {logging_mixin.py:190} INFO - [2024-11-28T13:07:52.883-0600] {override.py:1911} INFO - Created Permission View: menu access on DAG Run:tutorial_objectstorage
[2024-11-28T13:07:52.883-0600] {logging_mixin.py:190} INFO - [2024-11-28T13:07:52.883-0600] {dag.py:3239} INFO - Sync 1 DAGs
[2024-11-28T13:07:52.892-0600] {logging_mixin.py:190} INFO - [2024-11-28T13:07:52.892-0600] {dag.py:3262} INFO - Creating ORM DAG for tutorial_objectstorage
[2024-11-28T13:07:52.892-0600] {logging_mixin.py:190} INFO - [2024-11-28T13:07:52.892-0600] {dag.py:4180} INFO - Setting next_dagrun for tutorial_objectstorage to None, run_after=None
[2024-11-28T13:07:52.908-0600] {processor.py:208} INFO - Processing /root/airflow_env/lib/python3.12/site-packages/airflow/example_dags/tutorial_objectstorage.py took 0.161 seconds
[2024-11-28T13:08:51.265-0600] {processor.py:186} INFO - Started process (PID=3282) to work on /root/airflow_env/lib/python3.12/site-packages/airflow/example_dags/tutorial_objectstorage.py
[2024-11-28T13:08:51.267-0600] {processor.py:914} INFO - Processing file /root/airflow_env/lib/python3.12/site-packages/airflow/example_dags/tutorial_objectstorage.py for tasks to queue
[2024-11-28T13:08:51.268-0600] {logging_mixin.py:190} INFO - [2024-11-28T13:08:51.268-0600] {dagbag.py:588} INFO - Filling up the DagBag from /root/airflow_env/lib/python3.12/site-packages/airflow/example_dags/tutorial_objectstorage.py
[2024-11-28T13:08:51.276-0600] {processor.py:925} INFO - DAG(s) 'tutorial_objectstorage' retrieved from /root/airflow_env/lib/python3.12/site-packages/airflow/example_dags/tutorial_objectstorage.py
[2024-11-28T13:08:51.287-0600] {logging_mixin.py:190} INFO - [2024-11-28T13:08:51.287-0600] {dag.py:3239} INFO - Sync 1 DAGs
[2024-11-28T13:08:51.295-0600] {logging_mixin.py:190} INFO - [2024-11-28T13:08:51.295-0600] {dag.py:4180} INFO - Setting next_dagrun for tutorial_objectstorage to None, run_after=None
[2024-11-28T13:08:51.312-0600] {processor.py:208} INFO - Processing /root/airflow_env/lib/python3.12/site-packages/airflow/example_dags/tutorial_objectstorage.py took 0.051 seconds
[2024-11-28T13:09:45.139-0600] {processor.py:186} INFO - Started process (PID=3343) to work on /root/airflow_env/lib/python3.12/site-packages/airflow/example_dags/tutorial_objectstorage.py
[2024-11-28T13:09:45.141-0600] {processor.py:914} INFO - Processing file /root/airflow_env/lib/python3.12/site-packages/airflow/example_dags/tutorial_objectstorage.py for tasks to queue
[2024-11-28T13:09:45.143-0600] {logging_mixin.py:190} INFO - [2024-11-28T13:09:45.142-0600] {dagbag.py:588} INFO - Filling up the DagBag from /root/airflow_env/lib/python3.12/site-packages/airflow/example_dags/tutorial_objectstorage.py
[2024-11-28T13:09:45.150-0600] {processor.py:925} INFO - DAG(s) 'tutorial_objectstorage' retrieved from /root/airflow_env/lib/python3.12/site-packages/airflow/example_dags/tutorial_objectstorage.py
[2024-11-28T13:09:45.160-0600] {logging_mixin.py:190} INFO - [2024-11-28T13:09:45.160-0600] {dag.py:3239} INFO - Sync 1 DAGs
[2024-11-28T13:09:45.168-0600] {logging_mixin.py:190} INFO - [2024-11-28T13:09:45.168-0600] {dag.py:4180} INFO - Setting next_dagrun for tutorial_objectstorage to None, run_after=None
[2024-11-28T13:09:45.186-0600] {processor.py:208} INFO - Processing /root/airflow_env/lib/python3.12/site-packages/airflow/example_dags/tutorial_objectstorage.py took 0.050 seconds
[2024-11-28T13:45:12.670-0600] {processor.py:186} INFO - Started process (PID=3673) to work on /root/airflow_env/lib/python3.12/site-packages/airflow/example_dags/tutorial_objectstorage.py
[2024-11-28T13:45:12.671-0600] {processor.py:914} INFO - Processing file /root/airflow_env/lib/python3.12/site-packages/airflow/example_dags/tutorial_objectstorage.py for tasks to queue
[2024-11-28T13:45:12.673-0600] {logging_mixin.py:190} INFO - [2024-11-28T13:45:12.672-0600] {dagbag.py:588} INFO - Filling up the DagBag from /root/airflow_env/lib/python3.12/site-packages/airflow/example_dags/tutorial_objectstorage.py
[2024-11-28T13:45:12.682-0600] {processor.py:925} INFO - DAG(s) 'tutorial_objectstorage' retrieved from /root/airflow_env/lib/python3.12/site-packages/airflow/example_dags/tutorial_objectstorage.py
[2024-11-28T13:45:12.699-0600] {logging_mixin.py:190} INFO - [2024-11-28T13:45:12.698-0600] {dag.py:3239} INFO - Sync 1 DAGs
[2024-11-28T13:45:12.710-0600] {logging_mixin.py:190} INFO - [2024-11-28T13:45:12.710-0600] {dag.py:4180} INFO - Setting next_dagrun for tutorial_objectstorage to None, run_after=None
[2024-11-28T13:45:12.735-0600] {processor.py:208} INFO - Processing /root/airflow_env/lib/python3.12/site-packages/airflow/example_dags/tutorial_objectstorage.py took 0.071 seconds
[2024-11-28T13:46:09.537-0600] {processor.py:186} INFO - Started process (PID=3743) to work on /root/airflow_env/lib/python3.12/site-packages/airflow/example_dags/tutorial_objectstorage.py
[2024-11-28T13:46:09.539-0600] {processor.py:914} INFO - Processing file /root/airflow_env/lib/python3.12/site-packages/airflow/example_dags/tutorial_objectstorage.py for tasks to queue
[2024-11-28T13:46:09.541-0600] {logging_mixin.py:190} INFO - [2024-11-28T13:46:09.541-0600] {dagbag.py:588} INFO - Filling up the DagBag from /root/airflow_env/lib/python3.12/site-packages/airflow/example_dags/tutorial_objectstorage.py
[2024-11-28T13:46:09.547-0600] {processor.py:925} INFO - DAG(s) 'tutorial_objectstorage' retrieved from /root/airflow_env/lib/python3.12/site-packages/airflow/example_dags/tutorial_objectstorage.py
[2024-11-28T13:46:09.557-0600] {logging_mixin.py:190} INFO - [2024-11-28T13:46:09.557-0600] {dag.py:3239} INFO - Sync 1 DAGs
[2024-11-28T13:46:09.565-0600] {logging_mixin.py:190} INFO - [2024-11-28T13:46:09.565-0600] {dag.py:4180} INFO - Setting next_dagrun for tutorial_objectstorage to None, run_after=None
[2024-11-28T13:46:09.581-0600] {processor.py:208} INFO - Processing /root/airflow_env/lib/python3.12/site-packages/airflow/example_dags/tutorial_objectstorage.py took 0.048 seconds
[2024-11-28T13:47:06.084-0600] {processor.py:186} INFO - Started process (PID=3811) to work on /root/airflow_env/lib/python3.12/site-packages/airflow/example_dags/tutorial_objectstorage.py
[2024-11-28T13:47:06.086-0600] {processor.py:914} INFO - Processing file /root/airflow_env/lib/python3.12/site-packages/airflow/example_dags/tutorial_objectstorage.py for tasks to queue
[2024-11-28T13:47:06.088-0600] {logging_mixin.py:190} INFO - [2024-11-28T13:47:06.087-0600] {dagbag.py:588} INFO - Filling up the DagBag from /root/airflow_env/lib/python3.12/site-packages/airflow/example_dags/tutorial_objectstorage.py
[2024-11-28T13:47:06.095-0600] {processor.py:925} INFO - DAG(s) 'tutorial_objectstorage' retrieved from /root/airflow_env/lib/python3.12/site-packages/airflow/example_dags/tutorial_objectstorage.py
[2024-11-28T13:47:06.107-0600] {logging_mixin.py:190} INFO - [2024-11-28T13:47:06.106-0600] {dag.py:3239} INFO - Sync 1 DAGs
[2024-11-28T13:47:06.116-0600] {logging_mixin.py:190} INFO - [2024-11-28T13:47:06.116-0600] {dag.py:4180} INFO - Setting next_dagrun for tutorial_objectstorage to None, run_after=None
[2024-11-28T13:47:06.133-0600] {processor.py:208} INFO - Processing /root/airflow_env/lib/python3.12/site-packages/airflow/example_dags/tutorial_objectstorage.py took 0.053 seconds
