[2024-11-28T13:08:04.662-0600] {processor.py:186} INFO - Started process (PID=3233) to work on /root/airflow_env/lib/python3.12/site-packages/airflow/example_dags/tutorial_dag.py
[2024-11-28T13:08:04.663-0600] {processor.py:914} INFO - Processing file /root/airflow_env/lib/python3.12/site-packages/airflow/example_dags/tutorial_dag.py for tasks to queue
[2024-11-28T13:08:04.665-0600] {logging_mixin.py:190} INFO - [2024-11-28T13:08:04.665-0600] {dagbag.py:588} INFO - Filling up the DagBag from /root/airflow_env/lib/python3.12/site-packages/airflow/example_dags/tutorial_dag.py
[2024-11-28T13:08:04.672-0600] {processor.py:925} INFO - DAG(s) 'tutorial_dag' retrieved from /root/airflow_env/lib/python3.12/site-packages/airflow/example_dags/tutorial_dag.py
[2024-11-28T13:08:04.752-0600] {logging_mixin.py:190} INFO - [2024-11-28T13:08:04.751-0600] {override.py:1911} INFO - Created Permission View: can edit on DAG:tutorial_dag
[2024-11-28T13:08:04.763-0600] {logging_mixin.py:190} INFO - [2024-11-28T13:08:04.762-0600] {override.py:1911} INFO - Created Permission View: can delete on DAG:tutorial_dag
[2024-11-28T13:08:04.771-0600] {logging_mixin.py:190} INFO - [2024-11-28T13:08:04.771-0600] {override.py:1911} INFO - Created Permission View: can read on DAG:tutorial_dag
[2024-11-28T13:08:04.787-0600] {logging_mixin.py:190} INFO - [2024-11-28T13:08:04.786-0600] {override.py:1911} INFO - Created Permission View: can delete on DAG Run:tutorial_dag
[2024-11-28T13:08:04.795-0600] {logging_mixin.py:190} INFO - [2024-11-28T13:08:04.795-0600] {override.py:1911} INFO - Created Permission View: can create on DAG Run:tutorial_dag
[2024-11-28T13:08:04.804-0600] {logging_mixin.py:190} INFO - [2024-11-28T13:08:04.804-0600] {override.py:1911} INFO - Created Permission View: can read on DAG Run:tutorial_dag
[2024-11-28T13:08:04.812-0600] {logging_mixin.py:190} INFO - [2024-11-28T13:08:04.812-0600] {override.py:1911} INFO - Created Permission View: menu access on DAG Run:tutorial_dag
[2024-11-28T13:08:04.812-0600] {logging_mixin.py:190} INFO - [2024-11-28T13:08:04.812-0600] {dag.py:3239} INFO - Sync 1 DAGs
[2024-11-28T13:08:04.821-0600] {logging_mixin.py:190} INFO - [2024-11-28T13:08:04.821-0600] {dag.py:3262} INFO - Creating ORM DAG for tutorial_dag
[2024-11-28T13:08:04.821-0600] {logging_mixin.py:190} INFO - [2024-11-28T13:08:04.821-0600] {dag.py:4180} INFO - Setting next_dagrun for tutorial_dag to None, run_after=None
[2024-11-28T13:08:04.839-0600] {processor.py:208} INFO - Processing /root/airflow_env/lib/python3.12/site-packages/airflow/example_dags/tutorial_dag.py took 0.185 seconds
[2024-11-28T13:09:02.703-0600] {processor.py:186} INFO - Started process (PID=3294) to work on /root/airflow_env/lib/python3.12/site-packages/airflow/example_dags/tutorial_dag.py
[2024-11-28T13:09:02.705-0600] {processor.py:914} INFO - Processing file /root/airflow_env/lib/python3.12/site-packages/airflow/example_dags/tutorial_dag.py for tasks to queue
[2024-11-28T13:09:02.706-0600] {logging_mixin.py:190} INFO - [2024-11-28T13:09:02.706-0600] {dagbag.py:588} INFO - Filling up the DagBag from /root/airflow_env/lib/python3.12/site-packages/airflow/example_dags/tutorial_dag.py
[2024-11-28T13:09:02.715-0600] {processor.py:925} INFO - DAG(s) 'tutorial_dag' retrieved from /root/airflow_env/lib/python3.12/site-packages/airflow/example_dags/tutorial_dag.py
[2024-11-28T13:09:02.727-0600] {logging_mixin.py:190} INFO - [2024-11-28T13:09:02.727-0600] {dag.py:3239} INFO - Sync 1 DAGs
[2024-11-28T13:09:02.739-0600] {logging_mixin.py:190} INFO - [2024-11-28T13:09:02.739-0600] {dag.py:4180} INFO - Setting next_dagrun for tutorial_dag to None, run_after=None
[2024-11-28T13:09:02.758-0600] {processor.py:208} INFO - Processing /root/airflow_env/lib/python3.12/site-packages/airflow/example_dags/tutorial_dag.py took 0.059 seconds
[2024-11-28T13:45:24.787-0600] {processor.py:186} INFO - Started process (PID=3692) to work on /root/airflow_env/lib/python3.12/site-packages/airflow/example_dags/tutorial_dag.py
[2024-11-28T13:45:24.790-0600] {processor.py:914} INFO - Processing file /root/airflow_env/lib/python3.12/site-packages/airflow/example_dags/tutorial_dag.py for tasks to queue
[2024-11-28T13:45:24.791-0600] {logging_mixin.py:190} INFO - [2024-11-28T13:45:24.791-0600] {dagbag.py:588} INFO - Filling up the DagBag from /root/airflow_env/lib/python3.12/site-packages/airflow/example_dags/tutorial_dag.py
[2024-11-28T13:45:24.796-0600] {processor.py:925} INFO - DAG(s) 'tutorial_dag' retrieved from /root/airflow_env/lib/python3.12/site-packages/airflow/example_dags/tutorial_dag.py
[2024-11-28T13:45:24.807-0600] {logging_mixin.py:190} INFO - [2024-11-28T13:45:24.807-0600] {dag.py:3239} INFO - Sync 1 DAGs
[2024-11-28T13:45:24.814-0600] {logging_mixin.py:190} INFO - [2024-11-28T13:45:24.814-0600] {dag.py:4180} INFO - Setting next_dagrun for tutorial_dag to None, run_after=None
[2024-11-28T13:45:24.833-0600] {processor.py:208} INFO - Processing /root/airflow_env/lib/python3.12/site-packages/airflow/example_dags/tutorial_dag.py took 0.050 seconds
[2024-11-28T13:46:20.813-0600] {processor.py:186} INFO - Started process (PID=3755) to work on /root/airflow_env/lib/python3.12/site-packages/airflow/example_dags/tutorial_dag.py
[2024-11-28T13:46:20.816-0600] {processor.py:914} INFO - Processing file /root/airflow_env/lib/python3.12/site-packages/airflow/example_dags/tutorial_dag.py for tasks to queue
[2024-11-28T13:46:20.817-0600] {logging_mixin.py:190} INFO - [2024-11-28T13:46:20.817-0600] {dagbag.py:588} INFO - Filling up the DagBag from /root/airflow_env/lib/python3.12/site-packages/airflow/example_dags/tutorial_dag.py
[2024-11-28T13:46:20.822-0600] {processor.py:925} INFO - DAG(s) 'tutorial_dag' retrieved from /root/airflow_env/lib/python3.12/site-packages/airflow/example_dags/tutorial_dag.py
[2024-11-28T13:46:20.832-0600] {logging_mixin.py:190} INFO - [2024-11-28T13:46:20.832-0600] {dag.py:3239} INFO - Sync 1 DAGs
[2024-11-28T13:46:20.840-0600] {logging_mixin.py:190} INFO - [2024-11-28T13:46:20.839-0600] {dag.py:4180} INFO - Setting next_dagrun for tutorial_dag to None, run_after=None
[2024-11-28T13:46:20.855-0600] {processor.py:208} INFO - Processing /root/airflow_env/lib/python3.12/site-packages/airflow/example_dags/tutorial_dag.py took 0.045 seconds
[2024-11-28T13:47:17.878-0600] {processor.py:186} INFO - Started process (PID=3827) to work on /root/airflow_env/lib/python3.12/site-packages/airflow/example_dags/tutorial_dag.py
[2024-11-28T13:47:17.880-0600] {processor.py:914} INFO - Processing file /root/airflow_env/lib/python3.12/site-packages/airflow/example_dags/tutorial_dag.py for tasks to queue
[2024-11-28T13:47:17.881-0600] {logging_mixin.py:190} INFO - [2024-11-28T13:47:17.881-0600] {dagbag.py:588} INFO - Filling up the DagBag from /root/airflow_env/lib/python3.12/site-packages/airflow/example_dags/tutorial_dag.py
[2024-11-28T13:47:17.886-0600] {processor.py:925} INFO - DAG(s) 'tutorial_dag' retrieved from /root/airflow_env/lib/python3.12/site-packages/airflow/example_dags/tutorial_dag.py
[2024-11-28T13:47:17.897-0600] {logging_mixin.py:190} INFO - [2024-11-28T13:47:17.897-0600] {dag.py:3239} INFO - Sync 1 DAGs
[2024-11-28T13:47:17.906-0600] {logging_mixin.py:190} INFO - [2024-11-28T13:47:17.906-0600] {dag.py:4180} INFO - Setting next_dagrun for tutorial_dag to None, run_after=None
[2024-11-28T13:47:17.924-0600] {processor.py:208} INFO - Processing /root/airflow_env/lib/python3.12/site-packages/airflow/example_dags/tutorial_dag.py took 0.050 seconds
