[2024-11-28T13:07:48.922-0600] {processor.py:186} INFO - Started process (PID=3212) to work on /root/airflow_env/lib/python3.12/site-packages/airflow/example_dags/tutorial_taskflow_api.py
[2024-11-28T13:07:48.922-0600] {processor.py:914} INFO - Processing file /root/airflow_env/lib/python3.12/site-packages/airflow/example_dags/tutorial_taskflow_api.py for tasks to queue
[2024-11-28T13:07:48.924-0600] {logging_mixin.py:190} INFO - [2024-11-28T13:07:48.923-0600] {dagbag.py:588} INFO - Filling up the DagBag from /root/airflow_env/lib/python3.12/site-packages/airflow/example_dags/tutorial_taskflow_api.py
[2024-11-28T13:07:48.929-0600] {processor.py:925} INFO - DAG(s) 'tutorial_taskflow_api' retrieved from /root/airflow_env/lib/python3.12/site-packages/airflow/example_dags/tutorial_taskflow_api.py
[2024-11-28T13:07:48.997-0600] {logging_mixin.py:190} INFO - [2024-11-28T13:07:48.996-0600] {override.py:1911} INFO - Created Permission View: can edit on DAG:tutorial_taskflow_api
[2024-11-28T13:07:49.007-0600] {logging_mixin.py:190} INFO - [2024-11-28T13:07:49.007-0600] {override.py:1911} INFO - Created Permission View: can delete on DAG:tutorial_taskflow_api
[2024-11-28T13:07:49.014-0600] {logging_mixin.py:190} INFO - [2024-11-28T13:07:49.014-0600] {override.py:1911} INFO - Created Permission View: can read on DAG:tutorial_taskflow_api
[2024-11-28T13:07:49.023-0600] {logging_mixin.py:190} INFO - [2024-11-28T13:07:49.022-0600] {override.py:1911} INFO - Created Permission View: can delete on DAG Run:tutorial_taskflow_api
[2024-11-28T13:07:49.028-0600] {logging_mixin.py:190} INFO - [2024-11-28T13:07:49.028-0600] {override.py:1911} INFO - Created Permission View: can create on DAG Run:tutorial_taskflow_api
[2024-11-28T13:07:49.033-0600] {logging_mixin.py:190} INFO - [2024-11-28T13:07:49.033-0600] {override.py:1911} INFO - Created Permission View: can read on DAG Run:tutorial_taskflow_api
[2024-11-28T13:07:49.039-0600] {logging_mixin.py:190} INFO - [2024-11-28T13:07:49.039-0600] {override.py:1911} INFO - Created Permission View: menu access on DAG Run:tutorial_taskflow_api
[2024-11-28T13:07:49.039-0600] {logging_mixin.py:190} INFO - [2024-11-28T13:07:49.039-0600] {dag.py:3239} INFO - Sync 1 DAGs
[2024-11-28T13:07:49.046-0600] {logging_mixin.py:190} INFO - [2024-11-28T13:07:49.046-0600] {dag.py:3262} INFO - Creating ORM DAG for tutorial_taskflow_api
[2024-11-28T13:07:49.047-0600] {logging_mixin.py:190} INFO - [2024-11-28T13:07:49.046-0600] {dag.py:4180} INFO - Setting next_dagrun for tutorial_taskflow_api to None, run_after=None
[2024-11-28T13:07:49.062-0600] {processor.py:208} INFO - Processing /root/airflow_env/lib/python3.12/site-packages/airflow/example_dags/tutorial_taskflow_api.py took 0.143 seconds
[2024-11-28T13:08:48.425-0600] {processor.py:186} INFO - Started process (PID=3279) to work on /root/airflow_env/lib/python3.12/site-packages/airflow/example_dags/tutorial_taskflow_api.py
[2024-11-28T13:08:48.427-0600] {processor.py:914} INFO - Processing file /root/airflow_env/lib/python3.12/site-packages/airflow/example_dags/tutorial_taskflow_api.py for tasks to queue
[2024-11-28T13:08:48.428-0600] {logging_mixin.py:190} INFO - [2024-11-28T13:08:48.428-0600] {dagbag.py:588} INFO - Filling up the DagBag from /root/airflow_env/lib/python3.12/site-packages/airflow/example_dags/tutorial_taskflow_api.py
[2024-11-28T13:08:48.434-0600] {processor.py:925} INFO - DAG(s) 'tutorial_taskflow_api' retrieved from /root/airflow_env/lib/python3.12/site-packages/airflow/example_dags/tutorial_taskflow_api.py
[2024-11-28T13:08:48.444-0600] {logging_mixin.py:190} INFO - [2024-11-28T13:08:48.444-0600] {dag.py:3239} INFO - Sync 1 DAGs
[2024-11-28T13:08:48.452-0600] {logging_mixin.py:190} INFO - [2024-11-28T13:08:48.451-0600] {dag.py:4180} INFO - Setting next_dagrun for tutorial_taskflow_api to None, run_after=None
[2024-11-28T13:08:48.469-0600] {processor.py:208} INFO - Processing /root/airflow_env/lib/python3.12/site-packages/airflow/example_dags/tutorial_taskflow_api.py took 0.047 seconds
[2024-11-28T13:09:42.653-0600] {processor.py:186} INFO - Started process (PID=3340) to work on /root/airflow_env/lib/python3.12/site-packages/airflow/example_dags/tutorial_taskflow_api.py
[2024-11-28T13:09:42.656-0600] {processor.py:914} INFO - Processing file /root/airflow_env/lib/python3.12/site-packages/airflow/example_dags/tutorial_taskflow_api.py for tasks to queue
[2024-11-28T13:09:42.657-0600] {logging_mixin.py:190} INFO - [2024-11-28T13:09:42.657-0600] {dagbag.py:588} INFO - Filling up the DagBag from /root/airflow_env/lib/python3.12/site-packages/airflow/example_dags/tutorial_taskflow_api.py
[2024-11-28T13:09:42.663-0600] {processor.py:925} INFO - DAG(s) 'tutorial_taskflow_api' retrieved from /root/airflow_env/lib/python3.12/site-packages/airflow/example_dags/tutorial_taskflow_api.py
[2024-11-28T13:09:42.673-0600] {logging_mixin.py:190} INFO - [2024-11-28T13:09:42.673-0600] {dag.py:3239} INFO - Sync 1 DAGs
[2024-11-28T13:09:42.680-0600] {logging_mixin.py:190} INFO - [2024-11-28T13:09:42.680-0600] {dag.py:4180} INFO - Setting next_dagrun for tutorial_taskflow_api to None, run_after=None
[2024-11-28T13:09:42.698-0600] {processor.py:208} INFO - Processing /root/airflow_env/lib/python3.12/site-packages/airflow/example_dags/tutorial_taskflow_api.py took 0.049 seconds
[2024-11-28T13:45:09.226-0600] {processor.py:186} INFO - Started process (PID=3670) to work on /root/airflow_env/lib/python3.12/site-packages/airflow/example_dags/tutorial_taskflow_api.py
[2024-11-28T13:45:09.228-0600] {processor.py:914} INFO - Processing file /root/airflow_env/lib/python3.12/site-packages/airflow/example_dags/tutorial_taskflow_api.py for tasks to queue
[2024-11-28T13:45:09.229-0600] {logging_mixin.py:190} INFO - [2024-11-28T13:45:09.229-0600] {dagbag.py:588} INFO - Filling up the DagBag from /root/airflow_env/lib/python3.12/site-packages/airflow/example_dags/tutorial_taskflow_api.py
[2024-11-28T13:45:09.235-0600] {processor.py:925} INFO - DAG(s) 'tutorial_taskflow_api' retrieved from /root/airflow_env/lib/python3.12/site-packages/airflow/example_dags/tutorial_taskflow_api.py
[2024-11-28T13:45:09.247-0600] {logging_mixin.py:190} INFO - [2024-11-28T13:45:09.247-0600] {dag.py:3239} INFO - Sync 1 DAGs
[2024-11-28T13:45:09.255-0600] {logging_mixin.py:190} INFO - [2024-11-28T13:45:09.255-0600] {dag.py:4180} INFO - Setting next_dagrun for tutorial_taskflow_api to None, run_after=None
[2024-11-28T13:45:09.273-0600] {processor.py:208} INFO - Processing /root/airflow_env/lib/python3.12/site-packages/airflow/example_dags/tutorial_taskflow_api.py took 0.050 seconds
[2024-11-28T13:46:06.985-0600] {processor.py:186} INFO - Started process (PID=3740) to work on /root/airflow_env/lib/python3.12/site-packages/airflow/example_dags/tutorial_taskflow_api.py
[2024-11-28T13:46:06.987-0600] {processor.py:914} INFO - Processing file /root/airflow_env/lib/python3.12/site-packages/airflow/example_dags/tutorial_taskflow_api.py for tasks to queue
[2024-11-28T13:46:06.989-0600] {logging_mixin.py:190} INFO - [2024-11-28T13:46:06.988-0600] {dagbag.py:588} INFO - Filling up the DagBag from /root/airflow_env/lib/python3.12/site-packages/airflow/example_dags/tutorial_taskflow_api.py
[2024-11-28T13:46:06.994-0600] {processor.py:925} INFO - DAG(s) 'tutorial_taskflow_api' retrieved from /root/airflow_env/lib/python3.12/site-packages/airflow/example_dags/tutorial_taskflow_api.py
[2024-11-28T13:46:07.004-0600] {logging_mixin.py:190} INFO - [2024-11-28T13:46:07.004-0600] {dag.py:3239} INFO - Sync 1 DAGs
[2024-11-28T13:46:07.012-0600] {logging_mixin.py:190} INFO - [2024-11-28T13:46:07.011-0600] {dag.py:4180} INFO - Setting next_dagrun for tutorial_taskflow_api to None, run_after=None
[2024-11-28T13:46:07.028-0600] {processor.py:208} INFO - Processing /root/airflow_env/lib/python3.12/site-packages/airflow/example_dags/tutorial_taskflow_api.py took 0.047 seconds
[2024-11-28T13:47:00.324-0600] {processor.py:186} INFO - Started process (PID=3805) to work on /root/airflow_env/lib/python3.12/site-packages/airflow/example_dags/tutorial_taskflow_api.py
[2024-11-28T13:47:00.325-0600] {processor.py:914} INFO - Processing file /root/airflow_env/lib/python3.12/site-packages/airflow/example_dags/tutorial_taskflow_api.py for tasks to queue
[2024-11-28T13:47:00.326-0600] {logging_mixin.py:190} INFO - [2024-11-28T13:47:00.326-0600] {dagbag.py:588} INFO - Filling up the DagBag from /root/airflow_env/lib/python3.12/site-packages/airflow/example_dags/tutorial_taskflow_api.py
[2024-11-28T13:47:00.334-0600] {processor.py:925} INFO - DAG(s) 'tutorial_taskflow_api' retrieved from /root/airflow_env/lib/python3.12/site-packages/airflow/example_dags/tutorial_taskflow_api.py
[2024-11-28T13:47:00.344-0600] {logging_mixin.py:190} INFO - [2024-11-28T13:47:00.344-0600] {dag.py:3239} INFO - Sync 1 DAGs
[2024-11-28T13:47:00.353-0600] {logging_mixin.py:190} INFO - [2024-11-28T13:47:00.353-0600] {dag.py:4180} INFO - Setting next_dagrun for tutorial_taskflow_api to None, run_after=None
[2024-11-28T13:47:00.369-0600] {processor.py:208} INFO - Processing /root/airflow_env/lib/python3.12/site-packages/airflow/example_dags/tutorial_taskflow_api.py took 0.049 seconds
