[2024-12-10T17:00:38.081-0600] {processor.py:186} INFO - Started process (PID=735) to work on /root/airflow_env/lib/python3.12/site-packages/airflow/example_dags/subdags/subdag.py
[2024-12-10T17:00:38.082-0600] {processor.py:914} INFO - Processing file /root/airflow_env/lib/python3.12/site-packages/airflow/example_dags/subdags/subdag.py for tasks to queue
[2024-12-10T17:00:38.085-0600] {logging_mixin.py:190} INFO - [2024-12-10T17:00:38.084-0600] {dagbag.py:588} INFO - Filling up the DagBag from /root/airflow_env/lib/python3.12/site-packages/airflow/example_dags/subdags/subdag.py
[2024-12-10T17:00:38.088-0600] {processor.py:927} WARNING - No viable dags retrieved from /root/airflow_env/lib/python3.12/site-packages/airflow/example_dags/subdags/subdag.py
[2024-12-10T17:00:38.106-0600] {processor.py:208} INFO - Processing /root/airflow_env/lib/python3.12/site-packages/airflow/example_dags/subdags/subdag.py took 0.031 seconds
[2024-12-10T17:02:38.930-0600] {processor.py:186} INFO - Started process (PID=932) to work on /root/airflow_env/lib/python3.12/site-packages/airflow/example_dags/subdags/subdag.py
[2024-12-10T17:02:38.931-0600] {processor.py:914} INFO - Processing file /root/airflow_env/lib/python3.12/site-packages/airflow/example_dags/subdags/subdag.py for tasks to queue
[2024-12-10T17:02:38.933-0600] {logging_mixin.py:190} INFO - [2024-12-10T17:02:38.932-0600] {dagbag.py:588} INFO - Filling up the DagBag from /root/airflow_env/lib/python3.12/site-packages/airflow/example_dags/subdags/subdag.py
[2024-12-10T17:02:38.935-0600] {processor.py:927} WARNING - No viable dags retrieved from /root/airflow_env/lib/python3.12/site-packages/airflow/example_dags/subdags/subdag.py
[2024-12-10T17:02:38.950-0600] {processor.py:208} INFO - Processing /root/airflow_env/lib/python3.12/site-packages/airflow/example_dags/subdags/subdag.py took 0.027 seconds
[2024-12-10T17:03:57.560-0600] {processor.py:186} INFO - Started process (PID=1029) to work on /root/airflow_env/lib/python3.12/site-packages/airflow/example_dags/subdags/subdag.py
[2024-12-10T17:03:57.561-0600] {processor.py:914} INFO - Processing file /root/airflow_env/lib/python3.12/site-packages/airflow/example_dags/subdags/subdag.py for tasks to queue
[2024-12-10T17:03:57.562-0600] {logging_mixin.py:190} INFO - [2024-12-10T17:03:57.562-0600] {dagbag.py:588} INFO - Filling up the DagBag from /root/airflow_env/lib/python3.12/site-packages/airflow/example_dags/subdags/subdag.py
[2024-12-10T17:03:57.564-0600] {processor.py:927} WARNING - No viable dags retrieved from /root/airflow_env/lib/python3.12/site-packages/airflow/example_dags/subdags/subdag.py
[2024-12-10T17:03:57.573-0600] {processor.py:208} INFO - Processing /root/airflow_env/lib/python3.12/site-packages/airflow/example_dags/subdags/subdag.py took 0.018 seconds
[2024-12-10T17:05:20.557-0600] {processor.py:186} INFO - Started process (PID=1121) to work on /root/airflow_env/lib/python3.12/site-packages/airflow/example_dags/subdags/subdag.py
[2024-12-10T17:05:20.569-0600] {processor.py:914} INFO - Processing file /root/airflow_env/lib/python3.12/site-packages/airflow/example_dags/subdags/subdag.py for tasks to queue
[2024-12-10T17:05:20.571-0600] {logging_mixin.py:190} INFO - [2024-12-10T17:05:20.570-0600] {dagbag.py:588} INFO - Filling up the DagBag from /root/airflow_env/lib/python3.12/site-packages/airflow/example_dags/subdags/subdag.py
[2024-12-10T17:05:20.572-0600] {processor.py:927} WARNING - No viable dags retrieved from /root/airflow_env/lib/python3.12/site-packages/airflow/example_dags/subdags/subdag.py
[2024-12-10T17:05:20.580-0600] {processor.py:208} INFO - Processing /root/airflow_env/lib/python3.12/site-packages/airflow/example_dags/subdags/subdag.py took 0.027 seconds
[2024-12-10T17:06:39.910-0600] {processor.py:186} INFO - Started process (PID=1213) to work on /root/airflow_env/lib/python3.12/site-packages/airflow/example_dags/subdags/subdag.py
[2024-12-10T17:06:39.953-0600] {processor.py:914} INFO - Processing file /root/airflow_env/lib/python3.12/site-packages/airflow/example_dags/subdags/subdag.py for tasks to queue
[2024-12-10T17:06:39.956-0600] {logging_mixin.py:190} INFO - [2024-12-10T17:06:39.955-0600] {dagbag.py:588} INFO - Filling up the DagBag from /root/airflow_env/lib/python3.12/site-packages/airflow/example_dags/subdags/subdag.py
[2024-12-10T17:06:39.960-0600] {processor.py:927} WARNING - No viable dags retrieved from /root/airflow_env/lib/python3.12/site-packages/airflow/example_dags/subdags/subdag.py
[2024-12-10T17:06:39.972-0600] {processor.py:208} INFO - Processing /root/airflow_env/lib/python3.12/site-packages/airflow/example_dags/subdags/subdag.py took 0.065 seconds
[2024-12-10T17:08:00.470-0600] {processor.py:186} INFO - Started process (PID=1310) to work on /root/airflow_env/lib/python3.12/site-packages/airflow/example_dags/subdags/subdag.py
[2024-12-10T17:08:00.471-0600] {processor.py:914} INFO - Processing file /root/airflow_env/lib/python3.12/site-packages/airflow/example_dags/subdags/subdag.py for tasks to queue
[2024-12-10T17:08:00.473-0600] {logging_mixin.py:190} INFO - [2024-12-10T17:08:00.473-0600] {dagbag.py:588} INFO - Filling up the DagBag from /root/airflow_env/lib/python3.12/site-packages/airflow/example_dags/subdags/subdag.py
[2024-12-10T17:08:00.475-0600] {processor.py:927} WARNING - No viable dags retrieved from /root/airflow_env/lib/python3.12/site-packages/airflow/example_dags/subdags/subdag.py
[2024-12-10T17:08:00.482-0600] {processor.py:208} INFO - Processing /root/airflow_env/lib/python3.12/site-packages/airflow/example_dags/subdags/subdag.py took 0.017 seconds
[2024-12-10T17:09:14.268-0600] {processor.py:186} INFO - Started process (PID=1437) to work on /root/airflow_env/lib/python3.12/site-packages/airflow/example_dags/subdags/subdag.py
[2024-12-10T17:09:14.271-0600] {processor.py:914} INFO - Processing file /root/airflow_env/lib/python3.12/site-packages/airflow/example_dags/subdags/subdag.py for tasks to queue
[2024-12-10T17:09:14.272-0600] {logging_mixin.py:190} INFO - [2024-12-10T17:09:14.272-0600] {dagbag.py:588} INFO - Filling up the DagBag from /root/airflow_env/lib/python3.12/site-packages/airflow/example_dags/subdags/subdag.py
[2024-12-10T17:09:14.274-0600] {processor.py:927} WARNING - No viable dags retrieved from /root/airflow_env/lib/python3.12/site-packages/airflow/example_dags/subdags/subdag.py
[2024-12-10T17:09:14.282-0600] {processor.py:208} INFO - Processing /root/airflow_env/lib/python3.12/site-packages/airflow/example_dags/subdags/subdag.py took 0.018 seconds
[2024-12-10T17:10:32.578-0600] {processor.py:186} INFO - Started process (PID=1534) to work on /root/airflow_env/lib/python3.12/site-packages/airflow/example_dags/subdags/subdag.py
[2024-12-10T17:10:32.581-0600] {processor.py:914} INFO - Processing file /root/airflow_env/lib/python3.12/site-packages/airflow/example_dags/subdags/subdag.py for tasks to queue
[2024-12-10T17:10:32.583-0600] {logging_mixin.py:190} INFO - [2024-12-10T17:10:32.582-0600] {dagbag.py:588} INFO - Filling up the DagBag from /root/airflow_env/lib/python3.12/site-packages/airflow/example_dags/subdags/subdag.py
[2024-12-10T17:10:32.584-0600] {processor.py:927} WARNING - No viable dags retrieved from /root/airflow_env/lib/python3.12/site-packages/airflow/example_dags/subdags/subdag.py
[2024-12-10T17:10:32.591-0600] {processor.py:208} INFO - Processing /root/airflow_env/lib/python3.12/site-packages/airflow/example_dags/subdags/subdag.py took 0.017 seconds
[2024-12-10T17:11:46.407-0600] {processor.py:186} INFO - Started process (PID=1623) to work on /root/airflow_env/lib/python3.12/site-packages/airflow/example_dags/subdags/subdag.py
[2024-12-10T17:11:46.408-0600] {processor.py:914} INFO - Processing file /root/airflow_env/lib/python3.12/site-packages/airflow/example_dags/subdags/subdag.py for tasks to queue
[2024-12-10T17:11:46.410-0600] {logging_mixin.py:190} INFO - [2024-12-10T17:11:46.409-0600] {dagbag.py:588} INFO - Filling up the DagBag from /root/airflow_env/lib/python3.12/site-packages/airflow/example_dags/subdags/subdag.py
[2024-12-10T17:11:46.411-0600] {processor.py:927} WARNING - No viable dags retrieved from /root/airflow_env/lib/python3.12/site-packages/airflow/example_dags/subdags/subdag.py
[2024-12-10T17:11:46.421-0600] {processor.py:208} INFO - Processing /root/airflow_env/lib/python3.12/site-packages/airflow/example_dags/subdags/subdag.py took 0.018 seconds
[2024-12-10T17:13:04.649-0600] {processor.py:186} INFO - Started process (PID=1709) to work on /root/airflow_env/lib/python3.12/site-packages/airflow/example_dags/subdags/subdag.py
[2024-12-10T17:13:04.653-0600] {processor.py:914} INFO - Processing file /root/airflow_env/lib/python3.12/site-packages/airflow/example_dags/subdags/subdag.py for tasks to queue
[2024-12-10T17:13:04.656-0600] {logging_mixin.py:190} INFO - [2024-12-10T17:13:04.656-0600] {dagbag.py:588} INFO - Filling up the DagBag from /root/airflow_env/lib/python3.12/site-packages/airflow/example_dags/subdags/subdag.py
[2024-12-10T17:13:04.658-0600] {processor.py:927} WARNING - No viable dags retrieved from /root/airflow_env/lib/python3.12/site-packages/airflow/example_dags/subdags/subdag.py
[2024-12-10T17:13:04.666-0600] {processor.py:208} INFO - Processing /root/airflow_env/lib/python3.12/site-packages/airflow/example_dags/subdags/subdag.py took 0.026 seconds
[2024-12-10T17:14:20.578-0600] {processor.py:186} INFO - Started process (PID=1793) to work on /root/airflow_env/lib/python3.12/site-packages/airflow/example_dags/subdags/subdag.py
[2024-12-10T17:14:20.581-0600] {processor.py:914} INFO - Processing file /root/airflow_env/lib/python3.12/site-packages/airflow/example_dags/subdags/subdag.py for tasks to queue
[2024-12-10T17:14:20.583-0600] {logging_mixin.py:190} INFO - [2024-12-10T17:14:20.582-0600] {dagbag.py:588} INFO - Filling up the DagBag from /root/airflow_env/lib/python3.12/site-packages/airflow/example_dags/subdags/subdag.py
[2024-12-10T17:14:20.585-0600] {processor.py:927} WARNING - No viable dags retrieved from /root/airflow_env/lib/python3.12/site-packages/airflow/example_dags/subdags/subdag.py
[2024-12-10T17:14:20.593-0600] {processor.py:208} INFO - Processing /root/airflow_env/lib/python3.12/site-packages/airflow/example_dags/subdags/subdag.py took 0.019 seconds
[2024-12-10T17:15:40.385-0600] {processor.py:186} INFO - Started process (PID=1892) to work on /root/airflow_env/lib/python3.12/site-packages/airflow/example_dags/subdags/subdag.py
[2024-12-10T17:15:40.387-0600] {processor.py:914} INFO - Processing file /root/airflow_env/lib/python3.12/site-packages/airflow/example_dags/subdags/subdag.py for tasks to queue
[2024-12-10T17:15:40.389-0600] {logging_mixin.py:190} INFO - [2024-12-10T17:15:40.389-0600] {dagbag.py:588} INFO - Filling up the DagBag from /root/airflow_env/lib/python3.12/site-packages/airflow/example_dags/subdags/subdag.py
[2024-12-10T17:15:40.391-0600] {processor.py:927} WARNING - No viable dags retrieved from /root/airflow_env/lib/python3.12/site-packages/airflow/example_dags/subdags/subdag.py
[2024-12-10T17:15:40.399-0600] {processor.py:208} INFO - Processing /root/airflow_env/lib/python3.12/site-packages/airflow/example_dags/subdags/subdag.py took 0.019 seconds
[2024-12-10T17:16:57.514-0600] {processor.py:186} INFO - Started process (PID=1984) to work on /root/airflow_env/lib/python3.12/site-packages/airflow/example_dags/subdags/subdag.py
[2024-12-10T17:16:57.517-0600] {processor.py:914} INFO - Processing file /root/airflow_env/lib/python3.12/site-packages/airflow/example_dags/subdags/subdag.py for tasks to queue
[2024-12-10T17:16:57.518-0600] {logging_mixin.py:190} INFO - [2024-12-10T17:16:57.518-0600] {dagbag.py:588} INFO - Filling up the DagBag from /root/airflow_env/lib/python3.12/site-packages/airflow/example_dags/subdags/subdag.py
[2024-12-10T17:16:57.520-0600] {processor.py:927} WARNING - No viable dags retrieved from /root/airflow_env/lib/python3.12/site-packages/airflow/example_dags/subdags/subdag.py
[2024-12-10T17:16:57.528-0600] {processor.py:208} INFO - Processing /root/airflow_env/lib/python3.12/site-packages/airflow/example_dags/subdags/subdag.py took 0.018 seconds
[2024-12-10T17:18:14.623-0600] {processor.py:186} INFO - Started process (PID=2071) to work on /root/airflow_env/lib/python3.12/site-packages/airflow/example_dags/subdags/subdag.py
[2024-12-10T17:18:14.625-0600] {processor.py:914} INFO - Processing file /root/airflow_env/lib/python3.12/site-packages/airflow/example_dags/subdags/subdag.py for tasks to queue
[2024-12-10T17:18:14.627-0600] {logging_mixin.py:190} INFO - [2024-12-10T17:18:14.627-0600] {dagbag.py:588} INFO - Filling up the DagBag from /root/airflow_env/lib/python3.12/site-packages/airflow/example_dags/subdags/subdag.py
[2024-12-10T17:18:14.629-0600] {processor.py:927} WARNING - No viable dags retrieved from /root/airflow_env/lib/python3.12/site-packages/airflow/example_dags/subdags/subdag.py
[2024-12-10T17:18:14.636-0600] {processor.py:208} INFO - Processing /root/airflow_env/lib/python3.12/site-packages/airflow/example_dags/subdags/subdag.py took 0.017 seconds
[2024-12-10T17:19:35.675-0600] {processor.py:186} INFO - Started process (PID=2158) to work on /root/airflow_env/lib/python3.12/site-packages/airflow/example_dags/subdags/subdag.py
[2024-12-10T17:19:35.678-0600] {processor.py:914} INFO - Processing file /root/airflow_env/lib/python3.12/site-packages/airflow/example_dags/subdags/subdag.py for tasks to queue
[2024-12-10T17:19:35.680-0600] {logging_mixin.py:190} INFO - [2024-12-10T17:19:35.679-0600] {dagbag.py:588} INFO - Filling up the DagBag from /root/airflow_env/lib/python3.12/site-packages/airflow/example_dags/subdags/subdag.py
[2024-12-10T17:19:35.681-0600] {processor.py:927} WARNING - No viable dags retrieved from /root/airflow_env/lib/python3.12/site-packages/airflow/example_dags/subdags/subdag.py
[2024-12-10T17:19:35.688-0600] {processor.py:208} INFO - Processing /root/airflow_env/lib/python3.12/site-packages/airflow/example_dags/subdags/subdag.py took 0.017 seconds
[2024-12-10T17:20:52.237-0600] {processor.py:186} INFO - Started process (PID=2242) to work on /root/airflow_env/lib/python3.12/site-packages/airflow/example_dags/subdags/subdag.py
[2024-12-10T17:20:52.239-0600] {processor.py:914} INFO - Processing file /root/airflow_env/lib/python3.12/site-packages/airflow/example_dags/subdags/subdag.py for tasks to queue
[2024-12-10T17:20:52.241-0600] {logging_mixin.py:190} INFO - [2024-12-10T17:20:52.240-0600] {dagbag.py:588} INFO - Filling up the DagBag from /root/airflow_env/lib/python3.12/site-packages/airflow/example_dags/subdags/subdag.py
[2024-12-10T17:20:52.243-0600] {processor.py:927} WARNING - No viable dags retrieved from /root/airflow_env/lib/python3.12/site-packages/airflow/example_dags/subdags/subdag.py
[2024-12-10T17:20:52.250-0600] {processor.py:208} INFO - Processing /root/airflow_env/lib/python3.12/site-packages/airflow/example_dags/subdags/subdag.py took 0.017 seconds
[2024-12-10T17:22:12.467-0600] {processor.py:186} INFO - Started process (PID=2331) to work on /root/airflow_env/lib/python3.12/site-packages/airflow/example_dags/subdags/subdag.py
[2024-12-10T17:22:12.470-0600] {processor.py:914} INFO - Processing file /root/airflow_env/lib/python3.12/site-packages/airflow/example_dags/subdags/subdag.py for tasks to queue
[2024-12-10T17:22:12.471-0600] {logging_mixin.py:190} INFO - [2024-12-10T17:22:12.471-0600] {dagbag.py:588} INFO - Filling up the DagBag from /root/airflow_env/lib/python3.12/site-packages/airflow/example_dags/subdags/subdag.py
[2024-12-10T17:22:12.473-0600] {processor.py:927} WARNING - No viable dags retrieved from /root/airflow_env/lib/python3.12/site-packages/airflow/example_dags/subdags/subdag.py
[2024-12-10T17:22:12.481-0600] {processor.py:208} INFO - Processing /root/airflow_env/lib/python3.12/site-packages/airflow/example_dags/subdags/subdag.py took 0.017 seconds
[2024-12-10T17:23:36.679-0600] {processor.py:186} INFO - Started process (PID=2420) to work on /root/airflow_env/lib/python3.12/site-packages/airflow/example_dags/subdags/subdag.py
[2024-12-10T17:23:36.682-0600] {processor.py:914} INFO - Processing file /root/airflow_env/lib/python3.12/site-packages/airflow/example_dags/subdags/subdag.py for tasks to queue
[2024-12-10T17:23:36.683-0600] {logging_mixin.py:190} INFO - [2024-12-10T17:23:36.683-0600] {dagbag.py:588} INFO - Filling up the DagBag from /root/airflow_env/lib/python3.12/site-packages/airflow/example_dags/subdags/subdag.py
[2024-12-10T17:23:36.685-0600] {processor.py:927} WARNING - No viable dags retrieved from /root/airflow_env/lib/python3.12/site-packages/airflow/example_dags/subdags/subdag.py
[2024-12-10T17:23:36.693-0600] {processor.py:208} INFO - Processing /root/airflow_env/lib/python3.12/site-packages/airflow/example_dags/subdags/subdag.py took 0.018 seconds
[2024-12-10T17:24:53.776-0600] {processor.py:186} INFO - Started process (PID=2510) to work on /root/airflow_env/lib/python3.12/site-packages/airflow/example_dags/subdags/subdag.py
[2024-12-10T17:24:53.779-0600] {processor.py:914} INFO - Processing file /root/airflow_env/lib/python3.12/site-packages/airflow/example_dags/subdags/subdag.py for tasks to queue
[2024-12-10T17:24:53.780-0600] {logging_mixin.py:190} INFO - [2024-12-10T17:24:53.780-0600] {dagbag.py:588} INFO - Filling up the DagBag from /root/airflow_env/lib/python3.12/site-packages/airflow/example_dags/subdags/subdag.py
[2024-12-10T17:24:53.782-0600] {processor.py:927} WARNING - No viable dags retrieved from /root/airflow_env/lib/python3.12/site-packages/airflow/example_dags/subdags/subdag.py
[2024-12-10T17:24:53.790-0600] {processor.py:208} INFO - Processing /root/airflow_env/lib/python3.12/site-packages/airflow/example_dags/subdags/subdag.py took 0.018 seconds
[2024-12-10T17:26:12.684-0600] {processor.py:186} INFO - Started process (PID=2598) to work on /root/airflow_env/lib/python3.12/site-packages/airflow/example_dags/subdags/subdag.py
[2024-12-10T17:26:12.686-0600] {processor.py:914} INFO - Processing file /root/airflow_env/lib/python3.12/site-packages/airflow/example_dags/subdags/subdag.py for tasks to queue
[2024-12-10T17:26:12.688-0600] {logging_mixin.py:190} INFO - [2024-12-10T17:26:12.688-0600] {dagbag.py:588} INFO - Filling up the DagBag from /root/airflow_env/lib/python3.12/site-packages/airflow/example_dags/subdags/subdag.py
[2024-12-10T17:26:12.690-0600] {processor.py:927} WARNING - No viable dags retrieved from /root/airflow_env/lib/python3.12/site-packages/airflow/example_dags/subdags/subdag.py
[2024-12-10T17:26:12.697-0600] {processor.py:208} INFO - Processing /root/airflow_env/lib/python3.12/site-packages/airflow/example_dags/subdags/subdag.py took 0.017 seconds
[2024-12-10T17:27:33.763-0600] {processor.py:186} INFO - Started process (PID=2686) to work on /root/airflow_env/lib/python3.12/site-packages/airflow/example_dags/subdags/subdag.py
[2024-12-10T17:27:33.766-0600] {processor.py:914} INFO - Processing file /root/airflow_env/lib/python3.12/site-packages/airflow/example_dags/subdags/subdag.py for tasks to queue
[2024-12-10T17:27:33.767-0600] {logging_mixin.py:190} INFO - [2024-12-10T17:27:33.767-0600] {dagbag.py:588} INFO - Filling up the DagBag from /root/airflow_env/lib/python3.12/site-packages/airflow/example_dags/subdags/subdag.py
[2024-12-10T17:27:33.769-0600] {processor.py:927} WARNING - No viable dags retrieved from /root/airflow_env/lib/python3.12/site-packages/airflow/example_dags/subdags/subdag.py
[2024-12-10T17:27:33.776-0600] {processor.py:208} INFO - Processing /root/airflow_env/lib/python3.12/site-packages/airflow/example_dags/subdags/subdag.py took 0.017 seconds
[2024-12-10T17:28:52.046-0600] {processor.py:186} INFO - Started process (PID=2771) to work on /root/airflow_env/lib/python3.12/site-packages/airflow/example_dags/subdags/subdag.py
[2024-12-10T17:28:52.048-0600] {processor.py:914} INFO - Processing file /root/airflow_env/lib/python3.12/site-packages/airflow/example_dags/subdags/subdag.py for tasks to queue
[2024-12-10T17:28:52.050-0600] {logging_mixin.py:190} INFO - [2024-12-10T17:28:52.050-0600] {dagbag.py:588} INFO - Filling up the DagBag from /root/airflow_env/lib/python3.12/site-packages/airflow/example_dags/subdags/subdag.py
[2024-12-10T17:28:52.052-0600] {processor.py:927} WARNING - No viable dags retrieved from /root/airflow_env/lib/python3.12/site-packages/airflow/example_dags/subdags/subdag.py
[2024-12-10T17:28:52.059-0600] {processor.py:208} INFO - Processing /root/airflow_env/lib/python3.12/site-packages/airflow/example_dags/subdags/subdag.py took 0.017 seconds
[2024-12-10T17:30:09.277-0600] {processor.py:186} INFO - Started process (PID=2860) to work on /root/airflow_env/lib/python3.12/site-packages/airflow/example_dags/subdags/subdag.py
[2024-12-10T17:30:09.280-0600] {processor.py:914} INFO - Processing file /root/airflow_env/lib/python3.12/site-packages/airflow/example_dags/subdags/subdag.py for tasks to queue
[2024-12-10T17:30:09.282-0600] {logging_mixin.py:190} INFO - [2024-12-10T17:30:09.281-0600] {dagbag.py:588} INFO - Filling up the DagBag from /root/airflow_env/lib/python3.12/site-packages/airflow/example_dags/subdags/subdag.py
[2024-12-10T17:30:09.283-0600] {processor.py:927} WARNING - No viable dags retrieved from /root/airflow_env/lib/python3.12/site-packages/airflow/example_dags/subdags/subdag.py
[2024-12-10T17:30:09.291-0600] {processor.py:208} INFO - Processing /root/airflow_env/lib/python3.12/site-packages/airflow/example_dags/subdags/subdag.py took 0.017 seconds
[2024-12-10T17:31:24.959-0600] {processor.py:186} INFO - Started process (PID=2947) to work on /root/airflow_env/lib/python3.12/site-packages/airflow/example_dags/subdags/subdag.py
[2024-12-10T17:31:24.962-0600] {processor.py:914} INFO - Processing file /root/airflow_env/lib/python3.12/site-packages/airflow/example_dags/subdags/subdag.py for tasks to queue
[2024-12-10T17:31:24.964-0600] {logging_mixin.py:190} INFO - [2024-12-10T17:31:24.963-0600] {dagbag.py:588} INFO - Filling up the DagBag from /root/airflow_env/lib/python3.12/site-packages/airflow/example_dags/subdags/subdag.py
[2024-12-10T17:31:24.965-0600] {processor.py:927} WARNING - No viable dags retrieved from /root/airflow_env/lib/python3.12/site-packages/airflow/example_dags/subdags/subdag.py
[2024-12-10T17:31:24.972-0600] {processor.py:208} INFO - Processing /root/airflow_env/lib/python3.12/site-packages/airflow/example_dags/subdags/subdag.py took 0.017 seconds
[2024-12-10T17:32:47.616-0600] {processor.py:186} INFO - Started process (PID=3036) to work on /root/airflow_env/lib/python3.12/site-packages/airflow/example_dags/subdags/subdag.py
[2024-12-10T17:32:47.619-0600] {processor.py:914} INFO - Processing file /root/airflow_env/lib/python3.12/site-packages/airflow/example_dags/subdags/subdag.py for tasks to queue
[2024-12-10T17:32:47.620-0600] {logging_mixin.py:190} INFO - [2024-12-10T17:32:47.620-0600] {dagbag.py:588} INFO - Filling up the DagBag from /root/airflow_env/lib/python3.12/site-packages/airflow/example_dags/subdags/subdag.py
[2024-12-10T17:32:47.622-0600] {processor.py:927} WARNING - No viable dags retrieved from /root/airflow_env/lib/python3.12/site-packages/airflow/example_dags/subdags/subdag.py
[2024-12-10T17:32:47.629-0600] {processor.py:208} INFO - Processing /root/airflow_env/lib/python3.12/site-packages/airflow/example_dags/subdags/subdag.py took 0.017 seconds
[2024-12-10T17:34:06.948-0600] {processor.py:186} INFO - Started process (PID=3229) to work on /root/airflow_env/lib/python3.12/site-packages/airflow/example_dags/subdags/subdag.py
[2024-12-10T17:34:06.949-0600] {processor.py:914} INFO - Processing file /root/airflow_env/lib/python3.12/site-packages/airflow/example_dags/subdags/subdag.py for tasks to queue
[2024-12-10T17:34:06.950-0600] {logging_mixin.py:190} INFO - [2024-12-10T17:34:06.950-0600] {dagbag.py:588} INFO - Filling up the DagBag from /root/airflow_env/lib/python3.12/site-packages/airflow/example_dags/subdags/subdag.py
[2024-12-10T17:34:06.952-0600] {processor.py:927} WARNING - No viable dags retrieved from /root/airflow_env/lib/python3.12/site-packages/airflow/example_dags/subdags/subdag.py
[2024-12-10T17:34:06.959-0600] {processor.py:208} INFO - Processing /root/airflow_env/lib/python3.12/site-packages/airflow/example_dags/subdags/subdag.py took 0.016 seconds
[2024-12-10T17:35:24.499-0600] {processor.py:186} INFO - Started process (PID=3317) to work on /root/airflow_env/lib/python3.12/site-packages/airflow/example_dags/subdags/subdag.py
[2024-12-10T17:35:24.502-0600] {processor.py:914} INFO - Processing file /root/airflow_env/lib/python3.12/site-packages/airflow/example_dags/subdags/subdag.py for tasks to queue
[2024-12-10T17:35:24.503-0600] {logging_mixin.py:190} INFO - [2024-12-10T17:35:24.503-0600] {dagbag.py:588} INFO - Filling up the DagBag from /root/airflow_env/lib/python3.12/site-packages/airflow/example_dags/subdags/subdag.py
[2024-12-10T17:35:24.505-0600] {processor.py:927} WARNING - No viable dags retrieved from /root/airflow_env/lib/python3.12/site-packages/airflow/example_dags/subdags/subdag.py
[2024-12-10T17:35:24.512-0600] {processor.py:208} INFO - Processing /root/airflow_env/lib/python3.12/site-packages/airflow/example_dags/subdags/subdag.py took 0.016 seconds
[2024-12-10T17:36:39.136-0600] {processor.py:186} INFO - Started process (PID=3402) to work on /root/airflow_env/lib/python3.12/site-packages/airflow/example_dags/subdags/subdag.py
[2024-12-10T17:36:39.139-0600] {processor.py:914} INFO - Processing file /root/airflow_env/lib/python3.12/site-packages/airflow/example_dags/subdags/subdag.py for tasks to queue
[2024-12-10T17:36:39.141-0600] {logging_mixin.py:190} INFO - [2024-12-10T17:36:39.141-0600] {dagbag.py:588} INFO - Filling up the DagBag from /root/airflow_env/lib/python3.12/site-packages/airflow/example_dags/subdags/subdag.py
[2024-12-10T17:36:39.143-0600] {processor.py:927} WARNING - No viable dags retrieved from /root/airflow_env/lib/python3.12/site-packages/airflow/example_dags/subdags/subdag.py
[2024-12-10T17:36:39.158-0600] {processor.py:208} INFO - Processing /root/airflow_env/lib/python3.12/site-packages/airflow/example_dags/subdags/subdag.py took 0.029 seconds
[2024-12-10T17:37:55.670-0600] {processor.py:186} INFO - Started process (PID=3486) to work on /root/airflow_env/lib/python3.12/site-packages/airflow/example_dags/subdags/subdag.py
[2024-12-10T17:37:55.672-0600] {processor.py:914} INFO - Processing file /root/airflow_env/lib/python3.12/site-packages/airflow/example_dags/subdags/subdag.py for tasks to queue
[2024-12-10T17:37:55.674-0600] {logging_mixin.py:190} INFO - [2024-12-10T17:37:55.673-0600] {dagbag.py:588} INFO - Filling up the DagBag from /root/airflow_env/lib/python3.12/site-packages/airflow/example_dags/subdags/subdag.py
[2024-12-10T17:37:55.675-0600] {processor.py:927} WARNING - No viable dags retrieved from /root/airflow_env/lib/python3.12/site-packages/airflow/example_dags/subdags/subdag.py
[2024-12-10T17:37:55.683-0600] {processor.py:208} INFO - Processing /root/airflow_env/lib/python3.12/site-packages/airflow/example_dags/subdags/subdag.py took 0.017 seconds
[2024-12-10T17:39:13.534-0600] {processor.py:186} INFO - Started process (PID=3570) to work on /root/airflow_env/lib/python3.12/site-packages/airflow/example_dags/subdags/subdag.py
[2024-12-10T17:39:13.536-0600] {processor.py:914} INFO - Processing file /root/airflow_env/lib/python3.12/site-packages/airflow/example_dags/subdags/subdag.py for tasks to queue
[2024-12-10T17:39:13.537-0600] {logging_mixin.py:190} INFO - [2024-12-10T17:39:13.537-0600] {dagbag.py:588} INFO - Filling up the DagBag from /root/airflow_env/lib/python3.12/site-packages/airflow/example_dags/subdags/subdag.py
[2024-12-10T17:39:13.539-0600] {processor.py:927} WARNING - No viable dags retrieved from /root/airflow_env/lib/python3.12/site-packages/airflow/example_dags/subdags/subdag.py
[2024-12-10T17:39:13.546-0600] {processor.py:208} INFO - Processing /root/airflow_env/lib/python3.12/site-packages/airflow/example_dags/subdags/subdag.py took 0.016 seconds
[2024-12-10T17:40:34.176-0600] {processor.py:186} INFO - Started process (PID=3663) to work on /root/airflow_env/lib/python3.12/site-packages/airflow/example_dags/subdags/subdag.py
[2024-12-10T17:40:34.179-0600] {processor.py:914} INFO - Processing file /root/airflow_env/lib/python3.12/site-packages/airflow/example_dags/subdags/subdag.py for tasks to queue
[2024-12-10T17:40:34.180-0600] {logging_mixin.py:190} INFO - [2024-12-10T17:40:34.180-0600] {dagbag.py:588} INFO - Filling up the DagBag from /root/airflow_env/lib/python3.12/site-packages/airflow/example_dags/subdags/subdag.py
[2024-12-10T17:40:34.182-0600] {processor.py:927} WARNING - No viable dags retrieved from /root/airflow_env/lib/python3.12/site-packages/airflow/example_dags/subdags/subdag.py
[2024-12-10T17:40:34.190-0600] {processor.py:208} INFO - Processing /root/airflow_env/lib/python3.12/site-packages/airflow/example_dags/subdags/subdag.py took 0.018 seconds
[2024-12-10T17:41:55.326-0600] {processor.py:186} INFO - Started process (PID=3754) to work on /root/airflow_env/lib/python3.12/site-packages/airflow/example_dags/subdags/subdag.py
[2024-12-10T17:41:55.329-0600] {processor.py:914} INFO - Processing file /root/airflow_env/lib/python3.12/site-packages/airflow/example_dags/subdags/subdag.py for tasks to queue
[2024-12-10T17:41:55.330-0600] {logging_mixin.py:190} INFO - [2024-12-10T17:41:55.330-0600] {dagbag.py:588} INFO - Filling up the DagBag from /root/airflow_env/lib/python3.12/site-packages/airflow/example_dags/subdags/subdag.py
[2024-12-10T17:41:55.332-0600] {processor.py:927} WARNING - No viable dags retrieved from /root/airflow_env/lib/python3.12/site-packages/airflow/example_dags/subdags/subdag.py
[2024-12-10T17:41:55.339-0600] {processor.py:208} INFO - Processing /root/airflow_env/lib/python3.12/site-packages/airflow/example_dags/subdags/subdag.py took 0.017 seconds
[2024-12-10T17:43:15.216-0600] {processor.py:186} INFO - Started process (PID=3858) to work on /root/airflow_env/lib/python3.12/site-packages/airflow/example_dags/subdags/subdag.py
[2024-12-10T17:43:15.218-0600] {processor.py:914} INFO - Processing file /root/airflow_env/lib/python3.12/site-packages/airflow/example_dags/subdags/subdag.py for tasks to queue
[2024-12-10T17:43:15.220-0600] {logging_mixin.py:190} INFO - [2024-12-10T17:43:15.219-0600] {dagbag.py:588} INFO - Filling up the DagBag from /root/airflow_env/lib/python3.12/site-packages/airflow/example_dags/subdags/subdag.py
[2024-12-10T17:43:15.221-0600] {processor.py:927} WARNING - No viable dags retrieved from /root/airflow_env/lib/python3.12/site-packages/airflow/example_dags/subdags/subdag.py
[2024-12-10T17:43:15.230-0600] {processor.py:208} INFO - Processing /root/airflow_env/lib/python3.12/site-packages/airflow/example_dags/subdags/subdag.py took 0.020 seconds
[2024-12-10T17:44:31.043-0600] {processor.py:186} INFO - Started process (PID=3941) to work on /root/airflow_env/lib/python3.12/site-packages/airflow/example_dags/subdags/subdag.py
[2024-12-10T17:44:31.046-0600] {processor.py:914} INFO - Processing file /root/airflow_env/lib/python3.12/site-packages/airflow/example_dags/subdags/subdag.py for tasks to queue
[2024-12-10T17:44:31.047-0600] {logging_mixin.py:190} INFO - [2024-12-10T17:44:31.047-0600] {dagbag.py:588} INFO - Filling up the DagBag from /root/airflow_env/lib/python3.12/site-packages/airflow/example_dags/subdags/subdag.py
[2024-12-10T17:44:31.049-0600] {processor.py:927} WARNING - No viable dags retrieved from /root/airflow_env/lib/python3.12/site-packages/airflow/example_dags/subdags/subdag.py
[2024-12-10T17:44:31.056-0600] {processor.py:208} INFO - Processing /root/airflow_env/lib/python3.12/site-packages/airflow/example_dags/subdags/subdag.py took 0.017 seconds
[2024-12-10T17:45:51.955-0600] {processor.py:186} INFO - Started process (PID=4031) to work on /root/airflow_env/lib/python3.12/site-packages/airflow/example_dags/subdags/subdag.py
[2024-12-10T17:45:51.957-0600] {processor.py:914} INFO - Processing file /root/airflow_env/lib/python3.12/site-packages/airflow/example_dags/subdags/subdag.py for tasks to queue
[2024-12-10T17:45:51.959-0600] {logging_mixin.py:190} INFO - [2024-12-10T17:45:51.959-0600] {dagbag.py:588} INFO - Filling up the DagBag from /root/airflow_env/lib/python3.12/site-packages/airflow/example_dags/subdags/subdag.py
[2024-12-10T17:45:51.960-0600] {processor.py:927} WARNING - No viable dags retrieved from /root/airflow_env/lib/python3.12/site-packages/airflow/example_dags/subdags/subdag.py
[2024-12-10T17:45:51.968-0600] {processor.py:208} INFO - Processing /root/airflow_env/lib/python3.12/site-packages/airflow/example_dags/subdags/subdag.py took 0.016 seconds
[2024-12-10T17:46:52.088-0600] {processor.py:186} INFO - Started process (PID=4093) to work on /root/airflow_env/lib/python3.12/site-packages/airflow/example_dags/subdags/subdag.py
[2024-12-10T17:46:52.091-0600] {processor.py:914} INFO - Processing file /root/airflow_env/lib/python3.12/site-packages/airflow/example_dags/subdags/subdag.py for tasks to queue
[2024-12-10T17:46:52.093-0600] {logging_mixin.py:190} INFO - [2024-12-10T17:46:52.092-0600] {dagbag.py:588} INFO - Filling up the DagBag from /root/airflow_env/lib/python3.12/site-packages/airflow/example_dags/subdags/subdag.py
[2024-12-10T17:46:52.094-0600] {processor.py:927} WARNING - No viable dags retrieved from /root/airflow_env/lib/python3.12/site-packages/airflow/example_dags/subdags/subdag.py
[2024-12-10T17:46:52.101-0600] {processor.py:208} INFO - Processing /root/airflow_env/lib/python3.12/site-packages/airflow/example_dags/subdags/subdag.py took 0.017 seconds
[2024-12-10T17:47:51.086-0600] {processor.py:186} INFO - Started process (PID=4155) to work on /root/airflow_env/lib/python3.12/site-packages/airflow/example_dags/subdags/subdag.py
[2024-12-10T17:47:51.088-0600] {processor.py:914} INFO - Processing file /root/airflow_env/lib/python3.12/site-packages/airflow/example_dags/subdags/subdag.py for tasks to queue
[2024-12-10T17:47:51.090-0600] {logging_mixin.py:190} INFO - [2024-12-10T17:47:51.089-0600] {dagbag.py:588} INFO - Filling up the DagBag from /root/airflow_env/lib/python3.12/site-packages/airflow/example_dags/subdags/subdag.py
[2024-12-10T17:47:51.092-0600] {processor.py:927} WARNING - No viable dags retrieved from /root/airflow_env/lib/python3.12/site-packages/airflow/example_dags/subdags/subdag.py
[2024-12-10T17:47:51.100-0600] {processor.py:208} INFO - Processing /root/airflow_env/lib/python3.12/site-packages/airflow/example_dags/subdags/subdag.py took 0.018 seconds
[2024-12-10T17:49:13.650-0600] {processor.py:186} INFO - Started process (PID=4242) to work on /root/airflow_env/lib/python3.12/site-packages/airflow/example_dags/subdags/subdag.py
[2024-12-10T17:49:13.652-0600] {processor.py:914} INFO - Processing file /root/airflow_env/lib/python3.12/site-packages/airflow/example_dags/subdags/subdag.py for tasks to queue
[2024-12-10T17:49:13.653-0600] {logging_mixin.py:190} INFO - [2024-12-10T17:49:13.653-0600] {dagbag.py:588} INFO - Filling up the DagBag from /root/airflow_env/lib/python3.12/site-packages/airflow/example_dags/subdags/subdag.py
[2024-12-10T17:49:13.655-0600] {processor.py:927} WARNING - No viable dags retrieved from /root/airflow_env/lib/python3.12/site-packages/airflow/example_dags/subdags/subdag.py
[2024-12-10T17:49:13.663-0600] {processor.py:208} INFO - Processing /root/airflow_env/lib/python3.12/site-packages/airflow/example_dags/subdags/subdag.py took 0.017 seconds
[2024-12-10T17:50:33.349-0600] {processor.py:186} INFO - Started process (PID=4333) to work on /root/airflow_env/lib/python3.12/site-packages/airflow/example_dags/subdags/subdag.py
[2024-12-10T17:50:33.351-0600] {processor.py:914} INFO - Processing file /root/airflow_env/lib/python3.12/site-packages/airflow/example_dags/subdags/subdag.py for tasks to queue
[2024-12-10T17:50:33.353-0600] {logging_mixin.py:190} INFO - [2024-12-10T17:50:33.353-0600] {dagbag.py:588} INFO - Filling up the DagBag from /root/airflow_env/lib/python3.12/site-packages/airflow/example_dags/subdags/subdag.py
[2024-12-10T17:50:33.355-0600] {processor.py:927} WARNING - No viable dags retrieved from /root/airflow_env/lib/python3.12/site-packages/airflow/example_dags/subdags/subdag.py
[2024-12-10T17:50:33.365-0600] {processor.py:208} INFO - Processing /root/airflow_env/lib/python3.12/site-packages/airflow/example_dags/subdags/subdag.py took 0.019 seconds
[2024-12-10T17:55:52.642-0600] {processor.py:186} INFO - Started process (PID=4656) to work on /root/airflow_env/lib/python3.12/site-packages/airflow/example_dags/subdags/subdag.py
[2024-12-10T17:55:52.645-0600] {processor.py:914} INFO - Processing file /root/airflow_env/lib/python3.12/site-packages/airflow/example_dags/subdags/subdag.py for tasks to queue
[2024-12-10T17:55:52.646-0600] {logging_mixin.py:190} INFO - [2024-12-10T17:55:52.646-0600] {dagbag.py:588} INFO - Filling up the DagBag from /root/airflow_env/lib/python3.12/site-packages/airflow/example_dags/subdags/subdag.py
[2024-12-10T17:55:52.648-0600] {processor.py:927} WARNING - No viable dags retrieved from /root/airflow_env/lib/python3.12/site-packages/airflow/example_dags/subdags/subdag.py
[2024-12-10T17:55:52.656-0600] {processor.py:208} INFO - Processing /root/airflow_env/lib/python3.12/site-packages/airflow/example_dags/subdags/subdag.py took 0.018 seconds
[2024-12-10T17:57:16.387-0600] {processor.py:186} INFO - Started process (PID=4765) to work on /root/airflow_env/lib/python3.12/site-packages/airflow/example_dags/subdags/subdag.py
[2024-12-10T17:57:16.390-0600] {processor.py:914} INFO - Processing file /root/airflow_env/lib/python3.12/site-packages/airflow/example_dags/subdags/subdag.py for tasks to queue
[2024-12-10T17:57:16.392-0600] {logging_mixin.py:190} INFO - [2024-12-10T17:57:16.392-0600] {dagbag.py:588} INFO - Filling up the DagBag from /root/airflow_env/lib/python3.12/site-packages/airflow/example_dags/subdags/subdag.py
[2024-12-10T17:57:16.393-0600] {processor.py:927} WARNING - No viable dags retrieved from /root/airflow_env/lib/python3.12/site-packages/airflow/example_dags/subdags/subdag.py
[2024-12-10T17:57:16.401-0600] {processor.py:208} INFO - Processing /root/airflow_env/lib/python3.12/site-packages/airflow/example_dags/subdags/subdag.py took 0.017 seconds
[2024-12-10T17:58:38.728-0600] {processor.py:186} INFO - Started process (PID=4877) to work on /root/airflow_env/lib/python3.12/site-packages/airflow/example_dags/subdags/subdag.py
[2024-12-10T17:58:38.729-0600] {processor.py:914} INFO - Processing file /root/airflow_env/lib/python3.12/site-packages/airflow/example_dags/subdags/subdag.py for tasks to queue
[2024-12-10T17:58:38.731-0600] {logging_mixin.py:190} INFO - [2024-12-10T17:58:38.731-0600] {dagbag.py:588} INFO - Filling up the DagBag from /root/airflow_env/lib/python3.12/site-packages/airflow/example_dags/subdags/subdag.py
[2024-12-10T17:58:38.733-0600] {processor.py:927} WARNING - No viable dags retrieved from /root/airflow_env/lib/python3.12/site-packages/airflow/example_dags/subdags/subdag.py
[2024-12-10T17:58:38.742-0600] {processor.py:208} INFO - Processing /root/airflow_env/lib/python3.12/site-packages/airflow/example_dags/subdags/subdag.py took 0.018 seconds
[2024-12-10T17:59:53.921-0600] {processor.py:186} INFO - Started process (PID=4976) to work on /root/airflow_env/lib/python3.12/site-packages/airflow/example_dags/subdags/subdag.py
[2024-12-10T17:59:53.924-0600] {processor.py:914} INFO - Processing file /root/airflow_env/lib/python3.12/site-packages/airflow/example_dags/subdags/subdag.py for tasks to queue
[2024-12-10T17:59:53.925-0600] {logging_mixin.py:190} INFO - [2024-12-10T17:59:53.925-0600] {dagbag.py:588} INFO - Filling up the DagBag from /root/airflow_env/lib/python3.12/site-packages/airflow/example_dags/subdags/subdag.py
[2024-12-10T17:59:53.927-0600] {processor.py:927} WARNING - No viable dags retrieved from /root/airflow_env/lib/python3.12/site-packages/airflow/example_dags/subdags/subdag.py
[2024-12-10T17:59:53.934-0600] {processor.py:208} INFO - Processing /root/airflow_env/lib/python3.12/site-packages/airflow/example_dags/subdags/subdag.py took 0.017 seconds
