[2024-12-10T17:00:36.929-0600] {processor.py:186} INFO - Started process (PID=734) to work on /root/airflow_env/lib/python3.12/site-packages/airflow/example_dags/plugins/workday.py
[2024-12-10T17:00:36.930-0600] {processor.py:914} INFO - Processing file /root/airflow_env/lib/python3.12/site-packages/airflow/example_dags/plugins/workday.py for tasks to queue
[2024-12-10T17:00:36.932-0600] {logging_mixin.py:190} INFO - [2024-12-10T17:00:36.932-0600] {dagbag.py:588} INFO - Filling up the DagBag from /root/airflow_env/lib/python3.12/site-packages/airflow/example_dags/plugins/workday.py
[2024-12-10T17:00:36.935-0600] {processor.py:927} WARNING - No viable dags retrieved from /root/airflow_env/lib/python3.12/site-packages/airflow/example_dags/plugins/workday.py
[2024-12-10T17:00:36.946-0600] {processor.py:208} INFO - Processing /root/airflow_env/lib/python3.12/site-packages/airflow/example_dags/plugins/workday.py took 0.025 seconds
[2024-12-10T17:02:37.792-0600] {processor.py:186} INFO - Started process (PID=931) to work on /root/airflow_env/lib/python3.12/site-packages/airflow/example_dags/plugins/workday.py
[2024-12-10T17:02:37.794-0600] {processor.py:914} INFO - Processing file /root/airflow_env/lib/python3.12/site-packages/airflow/example_dags/plugins/workday.py for tasks to queue
[2024-12-10T17:02:37.795-0600] {logging_mixin.py:190} INFO - [2024-12-10T17:02:37.795-0600] {dagbag.py:588} INFO - Filling up the DagBag from /root/airflow_env/lib/python3.12/site-packages/airflow/example_dags/plugins/workday.py
[2024-12-10T17:02:37.797-0600] {processor.py:927} WARNING - No viable dags retrieved from /root/airflow_env/lib/python3.12/site-packages/airflow/example_dags/plugins/workday.py
[2024-12-10T17:02:37.805-0600] {processor.py:208} INFO - Processing /root/airflow_env/lib/python3.12/site-packages/airflow/example_dags/plugins/workday.py took 0.017 seconds
[2024-12-10T17:03:56.426-0600] {processor.py:186} INFO - Started process (PID=1028) to work on /root/airflow_env/lib/python3.12/site-packages/airflow/example_dags/plugins/workday.py
[2024-12-10T17:03:56.427-0600] {processor.py:914} INFO - Processing file /root/airflow_env/lib/python3.12/site-packages/airflow/example_dags/plugins/workday.py for tasks to queue
[2024-12-10T17:03:56.429-0600] {logging_mixin.py:190} INFO - [2024-12-10T17:03:56.429-0600] {dagbag.py:588} INFO - Filling up the DagBag from /root/airflow_env/lib/python3.12/site-packages/airflow/example_dags/plugins/workday.py
[2024-12-10T17:03:56.431-0600] {processor.py:927} WARNING - No viable dags retrieved from /root/airflow_env/lib/python3.12/site-packages/airflow/example_dags/plugins/workday.py
[2024-12-10T17:03:56.439-0600] {processor.py:208} INFO - Processing /root/airflow_env/lib/python3.12/site-packages/airflow/example_dags/plugins/workday.py took 0.016 seconds
[2024-12-10T17:05:19.417-0600] {processor.py:186} INFO - Started process (PID=1120) to work on /root/airflow_env/lib/python3.12/site-packages/airflow/example_dags/plugins/workday.py
[2024-12-10T17:05:19.418-0600] {processor.py:914} INFO - Processing file /root/airflow_env/lib/python3.12/site-packages/airflow/example_dags/plugins/workday.py for tasks to queue
[2024-12-10T17:05:19.420-0600] {logging_mixin.py:190} INFO - [2024-12-10T17:05:19.420-0600] {dagbag.py:588} INFO - Filling up the DagBag from /root/airflow_env/lib/python3.12/site-packages/airflow/example_dags/plugins/workday.py
[2024-12-10T17:05:19.422-0600] {processor.py:927} WARNING - No viable dags retrieved from /root/airflow_env/lib/python3.12/site-packages/airflow/example_dags/plugins/workday.py
[2024-12-10T17:05:19.429-0600] {processor.py:208} INFO - Processing /root/airflow_env/lib/python3.12/site-packages/airflow/example_dags/plugins/workday.py took 0.016 seconds
[2024-12-10T17:06:38.673-0600] {processor.py:186} INFO - Started process (PID=1212) to work on /root/airflow_env/lib/python3.12/site-packages/airflow/example_dags/plugins/workday.py
[2024-12-10T17:06:38.750-0600] {processor.py:914} INFO - Processing file /root/airflow_env/lib/python3.12/site-packages/airflow/example_dags/plugins/workday.py for tasks to queue
[2024-12-10T17:06:38.753-0600] {logging_mixin.py:190} INFO - [2024-12-10T17:06:38.753-0600] {dagbag.py:588} INFO - Filling up the DagBag from /root/airflow_env/lib/python3.12/site-packages/airflow/example_dags/plugins/workday.py
[2024-12-10T17:06:38.757-0600] {processor.py:927} WARNING - No viable dags retrieved from /root/airflow_env/lib/python3.12/site-packages/airflow/example_dags/plugins/workday.py
[2024-12-10T17:06:38.766-0600] {processor.py:208} INFO - Processing /root/airflow_env/lib/python3.12/site-packages/airflow/example_dags/plugins/workday.py took 0.098 seconds
[2024-12-10T17:07:34.656-0600] {processor.py:186} INFO - Started process (PID=1274) to work on /root/airflow_env/lib/python3.12/site-packages/airflow/example_dags/plugins/workday.py
[2024-12-10T17:07:34.659-0600] {processor.py:914} INFO - Processing file /root/airflow_env/lib/python3.12/site-packages/airflow/example_dags/plugins/workday.py for tasks to queue
[2024-12-10T17:07:34.660-0600] {logging_mixin.py:190} INFO - [2024-12-10T17:07:34.660-0600] {dagbag.py:588} INFO - Filling up the DagBag from /root/airflow_env/lib/python3.12/site-packages/airflow/example_dags/plugins/workday.py
[2024-12-10T17:07:34.662-0600] {processor.py:927} WARNING - No viable dags retrieved from /root/airflow_env/lib/python3.12/site-packages/airflow/example_dags/plugins/workday.py
[2024-12-10T17:07:34.670-0600] {processor.py:208} INFO - Processing /root/airflow_env/lib/python3.12/site-packages/airflow/example_dags/plugins/workday.py took 0.019 seconds
[2024-12-10T17:08:48.487-0600] {processor.py:186} INFO - Started process (PID=1405) to work on /root/airflow_env/lib/python3.12/site-packages/airflow/example_dags/plugins/workday.py
[2024-12-10T17:08:48.491-0600] {processor.py:914} INFO - Processing file /root/airflow_env/lib/python3.12/site-packages/airflow/example_dags/plugins/workday.py for tasks to queue
[2024-12-10T17:08:48.492-0600] {logging_mixin.py:190} INFO - [2024-12-10T17:08:48.492-0600] {dagbag.py:588} INFO - Filling up the DagBag from /root/airflow_env/lib/python3.12/site-packages/airflow/example_dags/plugins/workday.py
[2024-12-10T17:08:48.494-0600] {processor.py:927} WARNING - No viable dags retrieved from /root/airflow_env/lib/python3.12/site-packages/airflow/example_dags/plugins/workday.py
[2024-12-10T17:08:48.502-0600] {processor.py:208} INFO - Processing /root/airflow_env/lib/python3.12/site-packages/airflow/example_dags/plugins/workday.py took 0.018 seconds
[2024-12-10T17:10:07.191-0600] {processor.py:186} INFO - Started process (PID=1504) to work on /root/airflow_env/lib/python3.12/site-packages/airflow/example_dags/plugins/workday.py
[2024-12-10T17:10:07.193-0600] {processor.py:914} INFO - Processing file /root/airflow_env/lib/python3.12/site-packages/airflow/example_dags/plugins/workday.py for tasks to queue
[2024-12-10T17:10:07.194-0600] {logging_mixin.py:190} INFO - [2024-12-10T17:10:07.194-0600] {dagbag.py:588} INFO - Filling up the DagBag from /root/airflow_env/lib/python3.12/site-packages/airflow/example_dags/plugins/workday.py
[2024-12-10T17:10:07.196-0600] {processor.py:927} WARNING - No viable dags retrieved from /root/airflow_env/lib/python3.12/site-packages/airflow/example_dags/plugins/workday.py
[2024-12-10T17:10:07.204-0600] {processor.py:208} INFO - Processing /root/airflow_env/lib/python3.12/site-packages/airflow/example_dags/plugins/workday.py took 0.017 seconds
[2024-12-10T17:11:21.146-0600] {processor.py:186} INFO - Started process (PID=1594) to work on /root/airflow_env/lib/python3.12/site-packages/airflow/example_dags/plugins/workday.py
[2024-12-10T17:11:21.149-0600] {processor.py:914} INFO - Processing file /root/airflow_env/lib/python3.12/site-packages/airflow/example_dags/plugins/workday.py for tasks to queue
[2024-12-10T17:11:21.151-0600] {logging_mixin.py:190} INFO - [2024-12-10T17:11:21.150-0600] {dagbag.py:588} INFO - Filling up the DagBag from /root/airflow_env/lib/python3.12/site-packages/airflow/example_dags/plugins/workday.py
[2024-12-10T17:11:21.153-0600] {processor.py:927} WARNING - No viable dags retrieved from /root/airflow_env/lib/python3.12/site-packages/airflow/example_dags/plugins/workday.py
[2024-12-10T17:11:21.160-0600] {processor.py:208} INFO - Processing /root/airflow_env/lib/python3.12/site-packages/airflow/example_dags/plugins/workday.py took 0.017 seconds
[2024-12-10T17:12:38.578-0600] {processor.py:186} INFO - Started process (PID=1682) to work on /root/airflow_env/lib/python3.12/site-packages/airflow/example_dags/plugins/workday.py
[2024-12-10T17:12:38.579-0600] {processor.py:914} INFO - Processing file /root/airflow_env/lib/python3.12/site-packages/airflow/example_dags/plugins/workday.py for tasks to queue
[2024-12-10T17:12:38.581-0600] {logging_mixin.py:190} INFO - [2024-12-10T17:12:38.581-0600] {dagbag.py:588} INFO - Filling up the DagBag from /root/airflow_env/lib/python3.12/site-packages/airflow/example_dags/plugins/workday.py
[2024-12-10T17:12:38.583-0600] {processor.py:927} WARNING - No viable dags retrieved from /root/airflow_env/lib/python3.12/site-packages/airflow/example_dags/plugins/workday.py
[2024-12-10T17:12:38.590-0600] {processor.py:208} INFO - Processing /root/airflow_env/lib/python3.12/site-packages/airflow/example_dags/plugins/workday.py took 0.016 seconds
[2024-12-10T17:13:54.172-0600] {processor.py:186} INFO - Started process (PID=1766) to work on /root/airflow_env/lib/python3.12/site-packages/airflow/example_dags/plugins/workday.py
[2024-12-10T17:13:54.174-0600] {processor.py:914} INFO - Processing file /root/airflow_env/lib/python3.12/site-packages/airflow/example_dags/plugins/workday.py for tasks to queue
[2024-12-10T17:13:54.175-0600] {logging_mixin.py:190} INFO - [2024-12-10T17:13:54.175-0600] {dagbag.py:588} INFO - Filling up the DagBag from /root/airflow_env/lib/python3.12/site-packages/airflow/example_dags/plugins/workday.py
[2024-12-10T17:13:54.177-0600] {processor.py:927} WARNING - No viable dags retrieved from /root/airflow_env/lib/python3.12/site-packages/airflow/example_dags/plugins/workday.py
[2024-12-10T17:13:54.185-0600] {processor.py:208} INFO - Processing /root/airflow_env/lib/python3.12/site-packages/airflow/example_dags/plugins/workday.py took 0.017 seconds
[2024-12-10T17:15:14.638-0600] {processor.py:186} INFO - Started process (PID=1863) to work on /root/airflow_env/lib/python3.12/site-packages/airflow/example_dags/plugins/workday.py
[2024-12-10T17:15:14.640-0600] {processor.py:914} INFO - Processing file /root/airflow_env/lib/python3.12/site-packages/airflow/example_dags/plugins/workday.py for tasks to queue
[2024-12-10T17:15:14.642-0600] {logging_mixin.py:190} INFO - [2024-12-10T17:15:14.642-0600] {dagbag.py:588} INFO - Filling up the DagBag from /root/airflow_env/lib/python3.12/site-packages/airflow/example_dags/plugins/workday.py
[2024-12-10T17:15:14.645-0600] {processor.py:927} WARNING - No viable dags retrieved from /root/airflow_env/lib/python3.12/site-packages/airflow/example_dags/plugins/workday.py
[2024-12-10T17:15:14.653-0600] {processor.py:208} INFO - Processing /root/airflow_env/lib/python3.12/site-packages/airflow/example_dags/plugins/workday.py took 0.020 seconds
[2024-12-10T17:16:29.930-0600] {processor.py:186} INFO - Started process (PID=1954) to work on /root/airflow_env/lib/python3.12/site-packages/airflow/example_dags/plugins/workday.py
[2024-12-10T17:16:29.932-0600] {processor.py:914} INFO - Processing file /root/airflow_env/lib/python3.12/site-packages/airflow/example_dags/plugins/workday.py for tasks to queue
[2024-12-10T17:16:29.934-0600] {logging_mixin.py:190} INFO - [2024-12-10T17:16:29.934-0600] {dagbag.py:588} INFO - Filling up the DagBag from /root/airflow_env/lib/python3.12/site-packages/airflow/example_dags/plugins/workday.py
[2024-12-10T17:16:29.936-0600] {processor.py:927} WARNING - No viable dags retrieved from /root/airflow_env/lib/python3.12/site-packages/airflow/example_dags/plugins/workday.py
[2024-12-10T17:16:29.944-0600] {processor.py:208} INFO - Processing /root/airflow_env/lib/python3.12/site-packages/airflow/example_dags/plugins/workday.py took 0.018 seconds
[2024-12-10T17:17:48.903-0600] {processor.py:186} INFO - Started process (PID=2044) to work on /root/airflow_env/lib/python3.12/site-packages/airflow/example_dags/plugins/workday.py
[2024-12-10T17:17:48.906-0600] {processor.py:914} INFO - Processing file /root/airflow_env/lib/python3.12/site-packages/airflow/example_dags/plugins/workday.py for tasks to queue
[2024-12-10T17:17:48.907-0600] {logging_mixin.py:190} INFO - [2024-12-10T17:17:48.907-0600] {dagbag.py:588} INFO - Filling up the DagBag from /root/airflow_env/lib/python3.12/site-packages/airflow/example_dags/plugins/workday.py
[2024-12-10T17:17:48.910-0600] {processor.py:927} WARNING - No viable dags retrieved from /root/airflow_env/lib/python3.12/site-packages/airflow/example_dags/plugins/workday.py
[2024-12-10T17:17:48.918-0600] {processor.py:208} INFO - Processing /root/airflow_env/lib/python3.12/site-packages/airflow/example_dags/plugins/workday.py took 0.019 seconds
[2024-12-10T17:19:09.420-0600] {processor.py:186} INFO - Started process (PID=2129) to work on /root/airflow_env/lib/python3.12/site-packages/airflow/example_dags/plugins/workday.py
[2024-12-10T17:19:09.423-0600] {processor.py:914} INFO - Processing file /root/airflow_env/lib/python3.12/site-packages/airflow/example_dags/plugins/workday.py for tasks to queue
[2024-12-10T17:19:09.424-0600] {logging_mixin.py:190} INFO - [2024-12-10T17:19:09.424-0600] {dagbag.py:588} INFO - Filling up the DagBag from /root/airflow_env/lib/python3.12/site-packages/airflow/example_dags/plugins/workday.py
[2024-12-10T17:19:09.426-0600] {processor.py:927} WARNING - No viable dags retrieved from /root/airflow_env/lib/python3.12/site-packages/airflow/example_dags/plugins/workday.py
[2024-12-10T17:19:09.434-0600] {processor.py:208} INFO - Processing /root/airflow_env/lib/python3.12/site-packages/airflow/example_dags/plugins/workday.py took 0.017 seconds
[2024-12-10T17:20:25.356-0600] {processor.py:186} INFO - Started process (PID=2214) to work on /root/airflow_env/lib/python3.12/site-packages/airflow/example_dags/plugins/workday.py
[2024-12-10T17:20:25.358-0600] {processor.py:914} INFO - Processing file /root/airflow_env/lib/python3.12/site-packages/airflow/example_dags/plugins/workday.py for tasks to queue
[2024-12-10T17:20:25.360-0600] {logging_mixin.py:190} INFO - [2024-12-10T17:20:25.360-0600] {dagbag.py:588} INFO - Filling up the DagBag from /root/airflow_env/lib/python3.12/site-packages/airflow/example_dags/plugins/workday.py
[2024-12-10T17:20:25.362-0600] {processor.py:927} WARNING - No viable dags retrieved from /root/airflow_env/lib/python3.12/site-packages/airflow/example_dags/plugins/workday.py
[2024-12-10T17:20:25.369-0600] {processor.py:208} INFO - Processing /root/airflow_env/lib/python3.12/site-packages/airflow/example_dags/plugins/workday.py took 0.017 seconds
[2024-12-10T17:21:46.428-0600] {processor.py:186} INFO - Started process (PID=2302) to work on /root/airflow_env/lib/python3.12/site-packages/airflow/example_dags/plugins/workday.py
[2024-12-10T17:21:46.430-0600] {processor.py:914} INFO - Processing file /root/airflow_env/lib/python3.12/site-packages/airflow/example_dags/plugins/workday.py for tasks to queue
[2024-12-10T17:21:46.432-0600] {logging_mixin.py:190} INFO - [2024-12-10T17:21:46.431-0600] {dagbag.py:588} INFO - Filling up the DagBag from /root/airflow_env/lib/python3.12/site-packages/airflow/example_dags/plugins/workday.py
[2024-12-10T17:21:46.433-0600] {processor.py:927} WARNING - No viable dags retrieved from /root/airflow_env/lib/python3.12/site-packages/airflow/example_dags/plugins/workday.py
[2024-12-10T17:21:46.441-0600] {processor.py:208} INFO - Processing /root/airflow_env/lib/python3.12/site-packages/airflow/example_dags/plugins/workday.py took 0.016 seconds
[2024-12-10T17:23:08.679-0600] {processor.py:186} INFO - Started process (PID=2389) to work on /root/airflow_env/lib/python3.12/site-packages/airflow/example_dags/plugins/workday.py
[2024-12-10T17:23:08.681-0600] {processor.py:914} INFO - Processing file /root/airflow_env/lib/python3.12/site-packages/airflow/example_dags/plugins/workday.py for tasks to queue
[2024-12-10T17:23:08.682-0600] {logging_mixin.py:190} INFO - [2024-12-10T17:23:08.682-0600] {dagbag.py:588} INFO - Filling up the DagBag from /root/airflow_env/lib/python3.12/site-packages/airflow/example_dags/plugins/workday.py
[2024-12-10T17:23:08.684-0600] {processor.py:927} WARNING - No viable dags retrieved from /root/airflow_env/lib/python3.12/site-packages/airflow/example_dags/plugins/workday.py
[2024-12-10T17:23:08.692-0600] {processor.py:208} INFO - Processing /root/airflow_env/lib/python3.12/site-packages/airflow/example_dags/plugins/workday.py took 0.018 seconds
[2024-12-10T17:24:27.387-0600] {processor.py:186} INFO - Started process (PID=2476) to work on /root/airflow_env/lib/python3.12/site-packages/airflow/example_dags/plugins/workday.py
[2024-12-10T17:24:27.390-0600] {processor.py:914} INFO - Processing file /root/airflow_env/lib/python3.12/site-packages/airflow/example_dags/plugins/workday.py for tasks to queue
[2024-12-10T17:24:27.391-0600] {logging_mixin.py:190} INFO - [2024-12-10T17:24:27.391-0600] {dagbag.py:588} INFO - Filling up the DagBag from /root/airflow_env/lib/python3.12/site-packages/airflow/example_dags/plugins/workday.py
[2024-12-10T17:24:27.393-0600] {processor.py:927} WARNING - No viable dags retrieved from /root/airflow_env/lib/python3.12/site-packages/airflow/example_dags/plugins/workday.py
[2024-12-10T17:24:27.401-0600] {processor.py:208} INFO - Processing /root/airflow_env/lib/python3.12/site-packages/airflow/example_dags/plugins/workday.py took 0.017 seconds
[2024-12-10T17:25:45.803-0600] {processor.py:186} INFO - Started process (PID=2570) to work on /root/airflow_env/lib/python3.12/site-packages/airflow/example_dags/plugins/workday.py
[2024-12-10T17:25:45.806-0600] {processor.py:914} INFO - Processing file /root/airflow_env/lib/python3.12/site-packages/airflow/example_dags/plugins/workday.py for tasks to queue
[2024-12-10T17:25:45.807-0600] {logging_mixin.py:190} INFO - [2024-12-10T17:25:45.807-0600] {dagbag.py:588} INFO - Filling up the DagBag from /root/airflow_env/lib/python3.12/site-packages/airflow/example_dags/plugins/workday.py
[2024-12-10T17:25:45.809-0600] {processor.py:927} WARNING - No viable dags retrieved from /root/airflow_env/lib/python3.12/site-packages/airflow/example_dags/plugins/workday.py
[2024-12-10T17:25:45.817-0600] {processor.py:208} INFO - Processing /root/airflow_env/lib/python3.12/site-packages/airflow/example_dags/plugins/workday.py took 0.017 seconds
[2024-12-10T17:27:08.049-0600] {processor.py:186} INFO - Started process (PID=2658) to work on /root/airflow_env/lib/python3.12/site-packages/airflow/example_dags/plugins/workday.py
[2024-12-10T17:27:08.051-0600] {processor.py:914} INFO - Processing file /root/airflow_env/lib/python3.12/site-packages/airflow/example_dags/plugins/workday.py for tasks to queue
[2024-12-10T17:27:08.052-0600] {logging_mixin.py:190} INFO - [2024-12-10T17:27:08.052-0600] {dagbag.py:588} INFO - Filling up the DagBag from /root/airflow_env/lib/python3.12/site-packages/airflow/example_dags/plugins/workday.py
[2024-12-10T17:27:08.054-0600] {processor.py:927} WARNING - No viable dags retrieved from /root/airflow_env/lib/python3.12/site-packages/airflow/example_dags/plugins/workday.py
[2024-12-10T17:27:08.062-0600] {processor.py:208} INFO - Processing /root/airflow_env/lib/python3.12/site-packages/airflow/example_dags/plugins/workday.py took 0.017 seconds
[2024-12-10T17:28:24.614-0600] {processor.py:186} INFO - Started process (PID=2742) to work on /root/airflow_env/lib/python3.12/site-packages/airflow/example_dags/plugins/workday.py
[2024-12-10T17:28:24.616-0600] {processor.py:914} INFO - Processing file /root/airflow_env/lib/python3.12/site-packages/airflow/example_dags/plugins/workday.py for tasks to queue
[2024-12-10T17:28:24.618-0600] {logging_mixin.py:190} INFO - [2024-12-10T17:28:24.617-0600] {dagbag.py:588} INFO - Filling up the DagBag from /root/airflow_env/lib/python3.12/site-packages/airflow/example_dags/plugins/workday.py
[2024-12-10T17:28:24.619-0600] {processor.py:927} WARNING - No viable dags retrieved from /root/airflow_env/lib/python3.12/site-packages/airflow/example_dags/plugins/workday.py
[2024-12-10T17:28:24.628-0600] {processor.py:208} INFO - Processing /root/airflow_env/lib/python3.12/site-packages/airflow/example_dags/plugins/workday.py took 0.018 seconds
[2024-12-10T17:29:44.760-0600] {processor.py:186} INFO - Started process (PID=2830) to work on /root/airflow_env/lib/python3.12/site-packages/airflow/example_dags/plugins/workday.py
[2024-12-10T17:29:44.763-0600] {processor.py:914} INFO - Processing file /root/airflow_env/lib/python3.12/site-packages/airflow/example_dags/plugins/workday.py for tasks to queue
[2024-12-10T17:29:44.764-0600] {logging_mixin.py:190} INFO - [2024-12-10T17:29:44.764-0600] {dagbag.py:588} INFO - Filling up the DagBag from /root/airflow_env/lib/python3.12/site-packages/airflow/example_dags/plugins/workday.py
[2024-12-10T17:29:44.766-0600] {processor.py:927} WARNING - No viable dags retrieved from /root/airflow_env/lib/python3.12/site-packages/airflow/example_dags/plugins/workday.py
[2024-12-10T17:29:44.774-0600] {processor.py:208} INFO - Processing /root/airflow_env/lib/python3.12/site-packages/airflow/example_dags/plugins/workday.py took 0.017 seconds
[2024-12-10T17:30:59.593-0600] {processor.py:186} INFO - Started process (PID=2919) to work on /root/airflow_env/lib/python3.12/site-packages/airflow/example_dags/plugins/workday.py
[2024-12-10T17:30:59.596-0600] {processor.py:914} INFO - Processing file /root/airflow_env/lib/python3.12/site-packages/airflow/example_dags/plugins/workday.py for tasks to queue
[2024-12-10T17:30:59.597-0600] {logging_mixin.py:190} INFO - [2024-12-10T17:30:59.597-0600] {dagbag.py:588} INFO - Filling up the DagBag from /root/airflow_env/lib/python3.12/site-packages/airflow/example_dags/plugins/workday.py
[2024-12-10T17:30:59.599-0600] {processor.py:927} WARNING - No viable dags retrieved from /root/airflow_env/lib/python3.12/site-packages/airflow/example_dags/plugins/workday.py
[2024-12-10T17:30:59.606-0600] {processor.py:208} INFO - Processing /root/airflow_env/lib/python3.12/site-packages/airflow/example_dags/plugins/workday.py took 0.017 seconds
[2024-12-10T17:32:20.372-0600] {processor.py:186} INFO - Started process (PID=3006) to work on /root/airflow_env/lib/python3.12/site-packages/airflow/example_dags/plugins/workday.py
[2024-12-10T17:32:20.373-0600] {processor.py:914} INFO - Processing file /root/airflow_env/lib/python3.12/site-packages/airflow/example_dags/plugins/workday.py for tasks to queue
[2024-12-10T17:32:20.375-0600] {logging_mixin.py:190} INFO - [2024-12-10T17:32:20.374-0600] {dagbag.py:588} INFO - Filling up the DagBag from /root/airflow_env/lib/python3.12/site-packages/airflow/example_dags/plugins/workday.py
[2024-12-10T17:32:20.377-0600] {processor.py:927} WARNING - No viable dags retrieved from /root/airflow_env/lib/python3.12/site-packages/airflow/example_dags/plugins/workday.py
[2024-12-10T17:32:20.384-0600] {processor.py:208} INFO - Processing /root/airflow_env/lib/python3.12/site-packages/airflow/example_dags/plugins/workday.py took 0.017 seconds
[2024-12-10T17:33:40.091-0600] {processor.py:186} INFO - Started process (PID=3093) to work on /root/airflow_env/lib/python3.12/site-packages/airflow/example_dags/plugins/workday.py
[2024-12-10T17:33:40.093-0600] {processor.py:914} INFO - Processing file /root/airflow_env/lib/python3.12/site-packages/airflow/example_dags/plugins/workday.py for tasks to queue
[2024-12-10T17:33:40.095-0600] {logging_mixin.py:190} INFO - [2024-12-10T17:33:40.094-0600] {dagbag.py:588} INFO - Filling up the DagBag from /root/airflow_env/lib/python3.12/site-packages/airflow/example_dags/plugins/workday.py
[2024-12-10T17:33:40.097-0600] {processor.py:927} WARNING - No viable dags retrieved from /root/airflow_env/lib/python3.12/site-packages/airflow/example_dags/plugins/workday.py
[2024-12-10T17:33:40.104-0600] {processor.py:208} INFO - Processing /root/airflow_env/lib/python3.12/site-packages/airflow/example_dags/plugins/workday.py took 0.017 seconds
[2024-12-10T17:34:58.354-0600] {processor.py:186} INFO - Started process (PID=3286) to work on /root/airflow_env/lib/python3.12/site-packages/airflow/example_dags/plugins/workday.py
[2024-12-10T17:34:58.357-0600] {processor.py:914} INFO - Processing file /root/airflow_env/lib/python3.12/site-packages/airflow/example_dags/plugins/workday.py for tasks to queue
[2024-12-10T17:34:58.358-0600] {logging_mixin.py:190} INFO - [2024-12-10T17:34:58.358-0600] {dagbag.py:588} INFO - Filling up the DagBag from /root/airflow_env/lib/python3.12/site-packages/airflow/example_dags/plugins/workday.py
[2024-12-10T17:34:58.360-0600] {processor.py:927} WARNING - No viable dags retrieved from /root/airflow_env/lib/python3.12/site-packages/airflow/example_dags/plugins/workday.py
[2024-12-10T17:34:58.367-0600] {processor.py:208} INFO - Processing /root/airflow_env/lib/python3.12/site-packages/airflow/example_dags/plugins/workday.py took 0.017 seconds
[2024-12-10T17:36:14.414-0600] {processor.py:186} INFO - Started process (PID=3373) to work on /root/airflow_env/lib/python3.12/site-packages/airflow/example_dags/plugins/workday.py
[2024-12-10T17:36:14.416-0600] {processor.py:914} INFO - Processing file /root/airflow_env/lib/python3.12/site-packages/airflow/example_dags/plugins/workday.py for tasks to queue
[2024-12-10T17:36:14.418-0600] {logging_mixin.py:190} INFO - [2024-12-10T17:36:14.417-0600] {dagbag.py:588} INFO - Filling up the DagBag from /root/airflow_env/lib/python3.12/site-packages/airflow/example_dags/plugins/workday.py
[2024-12-10T17:36:14.419-0600] {processor.py:927} WARNING - No viable dags retrieved from /root/airflow_env/lib/python3.12/site-packages/airflow/example_dags/plugins/workday.py
[2024-12-10T17:36:14.427-0600] {processor.py:208} INFO - Processing /root/airflow_env/lib/python3.12/site-packages/airflow/example_dags/plugins/workday.py took 0.017 seconds
[2024-12-10T17:37:30.562-0600] {processor.py:186} INFO - Started process (PID=3457) to work on /root/airflow_env/lib/python3.12/site-packages/airflow/example_dags/plugins/workday.py
[2024-12-10T17:37:30.565-0600] {processor.py:914} INFO - Processing file /root/airflow_env/lib/python3.12/site-packages/airflow/example_dags/plugins/workday.py for tasks to queue
[2024-12-10T17:37:30.566-0600] {logging_mixin.py:190} INFO - [2024-12-10T17:37:30.566-0600] {dagbag.py:588} INFO - Filling up the DagBag from /root/airflow_env/lib/python3.12/site-packages/airflow/example_dags/plugins/workday.py
[2024-12-10T17:37:30.568-0600] {processor.py:927} WARNING - No viable dags retrieved from /root/airflow_env/lib/python3.12/site-packages/airflow/example_dags/plugins/workday.py
[2024-12-10T17:37:30.575-0600] {processor.py:208} INFO - Processing /root/airflow_env/lib/python3.12/site-packages/airflow/example_dags/plugins/workday.py took 0.016 seconds
[2024-12-10T17:38:46.955-0600] {processor.py:186} INFO - Started process (PID=3542) to work on /root/airflow_env/lib/python3.12/site-packages/airflow/example_dags/plugins/workday.py
[2024-12-10T17:38:46.958-0600] {processor.py:914} INFO - Processing file /root/airflow_env/lib/python3.12/site-packages/airflow/example_dags/plugins/workday.py for tasks to queue
[2024-12-10T17:38:46.960-0600] {logging_mixin.py:190} INFO - [2024-12-10T17:38:46.959-0600] {dagbag.py:588} INFO - Filling up the DagBag from /root/airflow_env/lib/python3.12/site-packages/airflow/example_dags/plugins/workday.py
[2024-12-10T17:38:46.962-0600] {processor.py:927} WARNING - No viable dags retrieved from /root/airflow_env/lib/python3.12/site-packages/airflow/example_dags/plugins/workday.py
[2024-12-10T17:38:46.969-0600] {processor.py:208} INFO - Processing /root/airflow_env/lib/python3.12/site-packages/airflow/example_dags/plugins/workday.py took 0.017 seconds
[2024-12-10T17:40:06.163-0600] {processor.py:186} INFO - Started process (PID=3631) to work on /root/airflow_env/lib/python3.12/site-packages/airflow/example_dags/plugins/workday.py
[2024-12-10T17:40:06.166-0600] {processor.py:914} INFO - Processing file /root/airflow_env/lib/python3.12/site-packages/airflow/example_dags/plugins/workday.py for tasks to queue
[2024-12-10T17:40:06.167-0600] {logging_mixin.py:190} INFO - [2024-12-10T17:40:06.167-0600] {dagbag.py:588} INFO - Filling up the DagBag from /root/airflow_env/lib/python3.12/site-packages/airflow/example_dags/plugins/workday.py
[2024-12-10T17:40:06.169-0600] {processor.py:927} WARNING - No viable dags retrieved from /root/airflow_env/lib/python3.12/site-packages/airflow/example_dags/plugins/workday.py
[2024-12-10T17:40:06.177-0600] {processor.py:208} INFO - Processing /root/airflow_env/lib/python3.12/site-packages/airflow/example_dags/plugins/workday.py took 0.017 seconds
[2024-12-10T17:41:29.278-0600] {processor.py:186} INFO - Started process (PID=3724) to work on /root/airflow_env/lib/python3.12/site-packages/airflow/example_dags/plugins/workday.py
[2024-12-10T17:41:29.281-0600] {processor.py:914} INFO - Processing file /root/airflow_env/lib/python3.12/site-packages/airflow/example_dags/plugins/workday.py for tasks to queue
[2024-12-10T17:41:29.282-0600] {logging_mixin.py:190} INFO - [2024-12-10T17:41:29.282-0600] {dagbag.py:588} INFO - Filling up the DagBag from /root/airflow_env/lib/python3.12/site-packages/airflow/example_dags/plugins/workday.py
[2024-12-10T17:41:29.284-0600] {processor.py:927} WARNING - No viable dags retrieved from /root/airflow_env/lib/python3.12/site-packages/airflow/example_dags/plugins/workday.py
[2024-12-10T17:41:29.292-0600] {processor.py:208} INFO - Processing /root/airflow_env/lib/python3.12/site-packages/airflow/example_dags/plugins/workday.py took 0.018 seconds
[2024-12-10T17:42:46.972-0600] {processor.py:186} INFO - Started process (PID=3822) to work on /root/airflow_env/lib/python3.12/site-packages/airflow/example_dags/plugins/workday.py
[2024-12-10T17:42:46.974-0600] {processor.py:914} INFO - Processing file /root/airflow_env/lib/python3.12/site-packages/airflow/example_dags/plugins/workday.py for tasks to queue
[2024-12-10T17:42:46.975-0600] {logging_mixin.py:190} INFO - [2024-12-10T17:42:46.975-0600] {dagbag.py:588} INFO - Filling up the DagBag from /root/airflow_env/lib/python3.12/site-packages/airflow/example_dags/plugins/workday.py
[2024-12-10T17:42:46.977-0600] {processor.py:927} WARNING - No viable dags retrieved from /root/airflow_env/lib/python3.12/site-packages/airflow/example_dags/plugins/workday.py
[2024-12-10T17:42:46.984-0600] {processor.py:208} INFO - Processing /root/airflow_env/lib/python3.12/site-packages/airflow/example_dags/plugins/workday.py took 0.016 seconds
[2024-12-10T17:44:05.207-0600] {processor.py:186} INFO - Started process (PID=3914) to work on /root/airflow_env/lib/python3.12/site-packages/airflow/example_dags/plugins/workday.py
[2024-12-10T17:44:05.208-0600] {processor.py:914} INFO - Processing file /root/airflow_env/lib/python3.12/site-packages/airflow/example_dags/plugins/workday.py for tasks to queue
[2024-12-10T17:44:05.211-0600] {logging_mixin.py:190} INFO - [2024-12-10T17:44:05.210-0600] {dagbag.py:588} INFO - Filling up the DagBag from /root/airflow_env/lib/python3.12/site-packages/airflow/example_dags/plugins/workday.py
[2024-12-10T17:44:05.213-0600] {processor.py:927} WARNING - No viable dags retrieved from /root/airflow_env/lib/python3.12/site-packages/airflow/example_dags/plugins/workday.py
[2024-12-10T17:44:05.224-0600] {processor.py:208} INFO - Processing /root/airflow_env/lib/python3.12/site-packages/airflow/example_dags/plugins/workday.py took 0.023 seconds
[2024-12-10T17:45:24.530-0600] {processor.py:186} INFO - Started process (PID=4003) to work on /root/airflow_env/lib/python3.12/site-packages/airflow/example_dags/plugins/workday.py
[2024-12-10T17:45:24.531-0600] {processor.py:914} INFO - Processing file /root/airflow_env/lib/python3.12/site-packages/airflow/example_dags/plugins/workday.py for tasks to queue
[2024-12-10T17:45:24.533-0600] {logging_mixin.py:190} INFO - [2024-12-10T17:45:24.533-0600] {dagbag.py:588} INFO - Filling up the DagBag from /root/airflow_env/lib/python3.12/site-packages/airflow/example_dags/plugins/workday.py
[2024-12-10T17:45:24.535-0600] {processor.py:927} WARNING - No viable dags retrieved from /root/airflow_env/lib/python3.12/site-packages/airflow/example_dags/plugins/workday.py
[2024-12-10T17:45:24.543-0600] {processor.py:208} INFO - Processing /root/airflow_env/lib/python3.12/site-packages/airflow/example_dags/plugins/workday.py took 0.017 seconds
[2024-12-10T17:46:50.950-0600] {processor.py:186} INFO - Started process (PID=4092) to work on /root/airflow_env/lib/python3.12/site-packages/airflow/example_dags/plugins/workday.py
[2024-12-10T17:46:50.953-0600] {processor.py:914} INFO - Processing file /root/airflow_env/lib/python3.12/site-packages/airflow/example_dags/plugins/workday.py for tasks to queue
[2024-12-10T17:46:50.954-0600] {logging_mixin.py:190} INFO - [2024-12-10T17:46:50.954-0600] {dagbag.py:588} INFO - Filling up the DagBag from /root/airflow_env/lib/python3.12/site-packages/airflow/example_dags/plugins/workday.py
[2024-12-10T17:46:50.956-0600] {processor.py:927} WARNING - No viable dags retrieved from /root/airflow_env/lib/python3.12/site-packages/airflow/example_dags/plugins/workday.py
[2024-12-10T17:46:50.964-0600] {processor.py:208} INFO - Processing /root/airflow_env/lib/python3.12/site-packages/airflow/example_dags/plugins/workday.py took 0.017 seconds
[2024-12-10T17:47:50.442-0600] {processor.py:186} INFO - Started process (PID=4154) to work on /root/airflow_env/lib/python3.12/site-packages/airflow/example_dags/plugins/workday.py
[2024-12-10T17:47:50.443-0600] {processor.py:914} INFO - Processing file /root/airflow_env/lib/python3.12/site-packages/airflow/example_dags/plugins/workday.py for tasks to queue
[2024-12-10T17:47:50.445-0600] {logging_mixin.py:190} INFO - [2024-12-10T17:47:50.445-0600] {dagbag.py:588} INFO - Filling up the DagBag from /root/airflow_env/lib/python3.12/site-packages/airflow/example_dags/plugins/workday.py
[2024-12-10T17:47:50.447-0600] {processor.py:927} WARNING - No viable dags retrieved from /root/airflow_env/lib/python3.12/site-packages/airflow/example_dags/plugins/workday.py
[2024-12-10T17:47:50.454-0600] {processor.py:208} INFO - Processing /root/airflow_env/lib/python3.12/site-packages/airflow/example_dags/plugins/workday.py took 0.017 seconds
[2024-12-10T17:49:12.507-0600] {processor.py:186} INFO - Started process (PID=4241) to work on /root/airflow_env/lib/python3.12/site-packages/airflow/example_dags/plugins/workday.py
[2024-12-10T17:49:12.509-0600] {processor.py:914} INFO - Processing file /root/airflow_env/lib/python3.12/site-packages/airflow/example_dags/plugins/workday.py for tasks to queue
[2024-12-10T17:49:12.511-0600] {logging_mixin.py:190} INFO - [2024-12-10T17:49:12.511-0600] {dagbag.py:588} INFO - Filling up the DagBag from /root/airflow_env/lib/python3.12/site-packages/airflow/example_dags/plugins/workday.py
[2024-12-10T17:49:12.513-0600] {processor.py:927} WARNING - No viable dags retrieved from /root/airflow_env/lib/python3.12/site-packages/airflow/example_dags/plugins/workday.py
[2024-12-10T17:49:12.520-0600] {processor.py:208} INFO - Processing /root/airflow_env/lib/python3.12/site-packages/airflow/example_dags/plugins/workday.py took 0.017 seconds
[2024-12-10T17:50:09.344-0600] {processor.py:186} INFO - Started process (PID=4302) to work on /root/airflow_env/lib/python3.12/site-packages/airflow/example_dags/plugins/workday.py
[2024-12-10T17:50:09.346-0600] {processor.py:914} INFO - Processing file /root/airflow_env/lib/python3.12/site-packages/airflow/example_dags/plugins/workday.py for tasks to queue
[2024-12-10T17:50:09.347-0600] {logging_mixin.py:190} INFO - [2024-12-10T17:50:09.347-0600] {dagbag.py:588} INFO - Filling up the DagBag from /root/airflow_env/lib/python3.12/site-packages/airflow/example_dags/plugins/workday.py
[2024-12-10T17:50:09.349-0600] {processor.py:927} WARNING - No viable dags retrieved from /root/airflow_env/lib/python3.12/site-packages/airflow/example_dags/plugins/workday.py
[2024-12-10T17:50:09.356-0600] {processor.py:208} INFO - Processing /root/airflow_env/lib/python3.12/site-packages/airflow/example_dags/plugins/workday.py took 0.016 seconds
[2024-12-10T17:55:52.094-0600] {processor.py:186} INFO - Started process (PID=4655) to work on /root/airflow_env/lib/python3.12/site-packages/airflow/example_dags/plugins/workday.py
[2024-12-10T17:55:52.097-0600] {processor.py:914} INFO - Processing file /root/airflow_env/lib/python3.12/site-packages/airflow/example_dags/plugins/workday.py for tasks to queue
[2024-12-10T17:55:52.098-0600] {logging_mixin.py:190} INFO - [2024-12-10T17:55:52.098-0600] {dagbag.py:588} INFO - Filling up the DagBag from /root/airflow_env/lib/python3.12/site-packages/airflow/example_dags/plugins/workday.py
[2024-12-10T17:55:52.100-0600] {processor.py:927} WARNING - No viable dags retrieved from /root/airflow_env/lib/python3.12/site-packages/airflow/example_dags/plugins/workday.py
[2024-12-10T17:55:52.108-0600] {processor.py:208} INFO - Processing /root/airflow_env/lib/python3.12/site-packages/airflow/example_dags/plugins/workday.py took 0.017 seconds
[2024-12-10T17:57:15.229-0600] {processor.py:186} INFO - Started process (PID=4764) to work on /root/airflow_env/lib/python3.12/site-packages/airflow/example_dags/plugins/workday.py
[2024-12-10T17:57:15.232-0600] {processor.py:914} INFO - Processing file /root/airflow_env/lib/python3.12/site-packages/airflow/example_dags/plugins/workday.py for tasks to queue
[2024-12-10T17:57:15.233-0600] {logging_mixin.py:190} INFO - [2024-12-10T17:57:15.233-0600] {dagbag.py:588} INFO - Filling up the DagBag from /root/airflow_env/lib/python3.12/site-packages/airflow/example_dags/plugins/workday.py
[2024-12-10T17:57:15.235-0600] {processor.py:927} WARNING - No viable dags retrieved from /root/airflow_env/lib/python3.12/site-packages/airflow/example_dags/plugins/workday.py
[2024-12-10T17:57:15.243-0600] {processor.py:208} INFO - Processing /root/airflow_env/lib/python3.12/site-packages/airflow/example_dags/plugins/workday.py took 0.017 seconds
[2024-12-10T17:58:37.556-0600] {processor.py:186} INFO - Started process (PID=4876) to work on /root/airflow_env/lib/python3.12/site-packages/airflow/example_dags/plugins/workday.py
[2024-12-10T17:58:37.558-0600] {processor.py:914} INFO - Processing file /root/airflow_env/lib/python3.12/site-packages/airflow/example_dags/plugins/workday.py for tasks to queue
[2024-12-10T17:58:37.560-0600] {logging_mixin.py:190} INFO - [2024-12-10T17:58:37.559-0600] {dagbag.py:588} INFO - Filling up the DagBag from /root/airflow_env/lib/python3.12/site-packages/airflow/example_dags/plugins/workday.py
[2024-12-10T17:58:37.561-0600] {processor.py:927} WARNING - No viable dags retrieved from /root/airflow_env/lib/python3.12/site-packages/airflow/example_dags/plugins/workday.py
[2024-12-10T17:58:37.570-0600] {processor.py:208} INFO - Processing /root/airflow_env/lib/python3.12/site-packages/airflow/example_dags/plugins/workday.py took 0.018 seconds
[2024-12-10T17:59:53.354-0600] {processor.py:186} INFO - Started process (PID=4975) to work on /root/airflow_env/lib/python3.12/site-packages/airflow/example_dags/plugins/workday.py
[2024-12-10T17:59:53.355-0600] {processor.py:914} INFO - Processing file /root/airflow_env/lib/python3.12/site-packages/airflow/example_dags/plugins/workday.py for tasks to queue
[2024-12-10T17:59:53.357-0600] {logging_mixin.py:190} INFO - [2024-12-10T17:59:53.356-0600] {dagbag.py:588} INFO - Filling up the DagBag from /root/airflow_env/lib/python3.12/site-packages/airflow/example_dags/plugins/workday.py
[2024-12-10T17:59:53.358-0600] {processor.py:927} WARNING - No viable dags retrieved from /root/airflow_env/lib/python3.12/site-packages/airflow/example_dags/plugins/workday.py
[2024-12-10T17:59:53.366-0600] {processor.py:208} INFO - Processing /root/airflow_env/lib/python3.12/site-packages/airflow/example_dags/plugins/workday.py took 0.016 seconds
